time = 0
tr_loss: 0.539998, tr_score: 0.750000
va_loss: 0.539988, va_score: 0.750000
te_loss: 0.565231, te_score: 0.690000

time = 0
tr_loss: 0.561959, tr_score: 0.716250
va_loss: 0.618608, va_score: 0.650000
te_loss: 0.640561, te_score: 0.620000

time = 0
tr_loss: 0.567854, tr_score: 0.716250
va_loss: 0.597892, va_score: 0.700000
te_loss: 0.653538, te_score: 0.630000

time = 0
tr_loss: 0.576954, tr_score: 0.716250
va_loss: 0.587280, va_score: 0.720000
te_loss: 0.562653, te_score: 0.710000

time = 0
tr_loss: 0.579654, tr_score: 0.695000
va_loss: 0.624559, va_score: 0.680000
te_loss: 0.539746, te_score: 0.780000

time = 0
tr_loss: 0.555145, tr_score: 0.728750
va_loss: 0.696546, va_score: 0.620000
te_loss: 0.690265, te_score: 0.600000

time = 0
tr_loss: 0.542119, tr_score: 0.732500
va_loss: 0.562258, va_score: 0.670000
te_loss: 0.460225, te_score: 0.830000

time = 0
tr_loss: 0.582068, tr_score: 0.705000
va_loss: 0.499862, va_score: 0.780000
te_loss: 0.602042, te_score: 0.690000

time = 0
tr_loss: 0.523952, tr_score: 0.748750
va_loss: 0.489207, va_score: 0.780000
te_loss: 0.553019, te_score: 0.740000

time = 0
tr_loss: 0.612659, tr_score: 0.678750
va_loss: 0.618801, va_score: 0.660000
te_loss: 0.540688, te_score: 0.730000

time = 0
tr_loss: 0.607803, tr_score: 0.713750
va_loss: 0.540138, va_score: 0.780000
te_loss: 0.695804, te_score: 0.620000

time = 0
tr_loss: 0.566749, tr_score: 0.721250
va_loss: 0.565229, va_score: 0.710000
te_loss: 0.719475, te_score: 0.570000

time = 0
tr_loss: 0.625321, tr_score: 0.703750
va_loss: 0.678794, va_score: 0.680000
te_loss: 0.679083, te_score: 0.660000

time = 0
tr_loss: 0.575849, tr_score: 0.725000
va_loss: 0.570648, va_score: 0.690000
te_loss: 0.672367, te_score: 0.620000

time = 0
tr_loss: 0.586343, tr_score: 0.707500
va_loss: 0.632771, va_score: 0.700000
te_loss: 0.616173, te_score: 0.710000

time = 0
tr_loss: 0.555995, tr_score: 0.720000
va_loss: 0.573360, va_score: 0.660000
te_loss: 0.556262, te_score: 0.720000

time = 0
tr_loss: 0.615341, tr_score: 0.698750
va_loss: 0.689317, va_score: 0.650000
te_loss: 0.609683, te_score: 0.710000

time = 0
tr_loss: 0.565014, tr_score: 0.732500
va_loss: 0.591380, va_score: 0.700000
te_loss: 0.585599, te_score: 0.710000

time = 0
tr_loss: 0.545632, tr_score: 0.721250
va_loss: 0.599503, va_score: 0.680000
te_loss: 0.651258, te_score: 0.610000

time = 0
tr_loss: 0.589996, tr_score: 0.706250
va_loss: 0.524802, va_score: 0.770000
te_loss: 0.646092, te_score: 0.650000

======================================================
0  Seed:  [ 140. 2411. 2238. 5068. 2300. 9812. 6334. 4380. 4021. 8554. 2226. 8534.
 4715. 7921. 4457. 6212.  255.  495. 8301.  932.]
tr_loss: 0.573820, tr_score: 0.716875
va_loss: 0.590047, va_score: 0.701500
te_loss: 0.611988, te_score: 0.680000
time = 1
tr_loss: 0.563944, tr_score: 0.711250
va_loss: 0.671599, va_score: 0.610000
te_loss: 0.609052, te_score: 0.700000

time = 1
tr_loss: 0.630908, tr_score: 0.703750
va_loss: 0.711056, va_score: 0.640000
te_loss: 0.579757, te_score: 0.730000

time = 1
tr_loss: 0.542135, tr_score: 0.713750
va_loss: 0.542836, va_score: 0.750000
te_loss: 0.495915, te_score: 0.770000

time = 1
tr_loss: 0.584425, tr_score: 0.705000
va_loss: 0.570021, va_score: 0.730000
te_loss: 0.634321, te_score: 0.640000

time = 1
tr_loss: 0.573384, tr_score: 0.708750
va_loss: 0.609499, va_score: 0.690000
te_loss: 0.562335, te_score: 0.710000

time = 1
tr_loss: 0.566167, tr_score: 0.697500
va_loss: 0.582942, va_score: 0.670000
te_loss: 0.533860, te_score: 0.750000

time = 1
tr_loss: 0.587749, tr_score: 0.713750
va_loss: 0.602557, va_score: 0.710000
te_loss: 0.576633, te_score: 0.690000

time = 1
tr_loss: 0.545859, tr_score: 0.728750
va_loss: 0.509113, va_score: 0.740000
te_loss: 0.489101, te_score: 0.740000

time = 1
tr_loss: 0.547238, tr_score: 0.725000
va_loss: 0.555898, va_score: 0.740000
te_loss: 0.517070, te_score: 0.760000

time = 1
tr_loss: 0.549597, tr_score: 0.743750
va_loss: 0.543773, va_score: 0.750000
te_loss: 0.617835, te_score: 0.700000

time = 1
tr_loss: 0.629619, tr_score: 0.651250
va_loss: 0.653009, va_score: 0.620000
te_loss: 0.590363, te_score: 0.670000

time = 1
tr_loss: 0.565441, tr_score: 0.715000
va_loss: 0.620971, va_score: 0.690000
te_loss: 0.614943, te_score: 0.700000

time = 1
tr_loss: 0.572033, tr_score: 0.712500
va_loss: 0.509970, va_score: 0.760000
te_loss: 0.594605, te_score: 0.700000

time = 1
tr_loss: 0.599343, tr_score: 0.697500
va_loss: 0.588449, va_score: 0.680000
te_loss: 0.596375, te_score: 0.740000

time = 1
tr_loss: 0.621335, tr_score: 0.712500
va_loss: 0.693368, va_score: 0.610000
te_loss: 0.605109, te_score: 0.720000

time = 1
tr_loss: 0.599417, tr_score: 0.697500
va_loss: 0.614226, va_score: 0.710000
te_loss: 0.599969, te_score: 0.710000

time = 1
tr_loss: 0.601345, tr_score: 0.707500
va_loss: 0.564348, va_score: 0.750000
te_loss: 0.642808, te_score: 0.630000

time = 1
tr_loss: 0.508501, tr_score: 0.757500
va_loss: 0.501476, va_score: 0.780000
te_loss: 0.450066, te_score: 0.770000

time = 1
tr_loss: 0.609147, tr_score: 0.707500
va_loss: 0.585059, va_score: 0.770000
te_loss: 0.687474, te_score: 0.690000

time = 1
tr_loss: 0.596578, tr_score: 0.695000
va_loss: 0.554407, va_score: 0.750000
te_loss: 0.538198, te_score: 0.740000

======================================================
1  Seed:  [8640.  888. 4066.  552. 1437. 6591. 8969.  824. 8811.  938.  550. 9822.
 6241. 3057. 1352. 8361. 5326. 3377. 2314. 8889.]
tr_loss: 0.579708, tr_score: 0.710250
va_loss: 0.589229, va_score: 0.707500
te_loss: 0.576789, te_score: 0.713000
time = 2
tr_loss: 0.590495, tr_score: 0.710000
va_loss: 0.623727, va_score: 0.700000
te_loss: 0.658967, te_score: 0.720000

time = 2
tr_loss: 0.579969, tr_score: 0.701250
va_loss: 0.498137, va_score: 0.800000
te_loss: 0.618085, te_score: 0.650000

time = 2
tr_loss: 0.526809, tr_score: 0.742500
va_loss: 0.527374, va_score: 0.740000
te_loss: 0.536686, te_score: 0.750000

time = 2
tr_loss: 0.566155, tr_score: 0.698750
va_loss: 0.606618, va_score: 0.700000
te_loss: 0.568367, te_score: 0.720000

time = 2
tr_loss: 0.576189, tr_score: 0.695000
va_loss: 0.569483, va_score: 0.720000
te_loss: 0.487237, te_score: 0.820000

time = 2
tr_loss: 0.602867, tr_score: 0.706250
va_loss: 0.644790, va_score: 0.690000
te_loss: 0.754871, te_score: 0.600000

time = 2
tr_loss: 0.522982, tr_score: 0.751250
va_loss: 0.637990, va_score: 0.640000
te_loss: 0.551407, te_score: 0.740000

time = 2
tr_loss: 0.573095, tr_score: 0.687500
va_loss: 0.550537, va_score: 0.790000
te_loss: 0.539908, te_score: 0.740000

time = 2
tr_loss: 0.592131, tr_score: 0.703750
va_loss: 0.573128, va_score: 0.730000
te_loss: 0.595632, te_score: 0.710000

time = 2
tr_loss: 0.605915, tr_score: 0.712500
va_loss: 0.605310, va_score: 0.750000
te_loss: 0.602015, te_score: 0.670000

time = 2
tr_loss: 0.553999, tr_score: 0.722500
va_loss: 0.562760, va_score: 0.680000
te_loss: 0.589749, te_score: 0.670000

time = 2
tr_loss: 0.586240, tr_score: 0.700000
va_loss: 0.581272, va_score: 0.750000
te_loss: 0.499732, te_score: 0.800000

time = 2
tr_loss: 0.599978, tr_score: 0.697500
va_loss: 0.580181, va_score: 0.730000
te_loss: 0.626937, te_score: 0.690000

time = 2
tr_loss: 0.575071, tr_score: 0.705000
va_loss: 0.533216, va_score: 0.770000
te_loss: 0.550300, te_score: 0.720000

time = 2
tr_loss: 0.548701, tr_score: 0.720000
va_loss: 0.581219, va_score: 0.660000
te_loss: 0.559790, te_score: 0.700000

time = 2
tr_loss: 0.577631, tr_score: 0.712500
va_loss: 0.526463, va_score: 0.770000
te_loss: 0.554276, te_score: 0.750000

time = 2
tr_loss: 0.561331, tr_score: 0.727500
va_loss: 0.582586, va_score: 0.750000
te_loss: 0.625302, te_score: 0.670000

time = 2
tr_loss: 0.545443, tr_score: 0.718750
va_loss: 0.594966, va_score: 0.680000
te_loss: 0.509209, te_score: 0.750000

time = 2
tr_loss: 0.526268, tr_score: 0.746250
va_loss: 0.515910, va_score: 0.760000
te_loss: 0.593245, te_score: 0.670000

time = 2
tr_loss: 0.572027, tr_score: 0.710000
va_loss: 0.561713, va_score: 0.770000
te_loss: 0.658119, te_score: 0.660000

======================================================
2  Seed:  [5478. 7027. 2150. 7559. 3662. 2043. 8598. 4158. 6442. 4398. 3939. 9768.
 5143. 2231.  162. 6860. 3496. 7749. 2530. 2730.]
tr_loss: 0.569165, tr_score: 0.713438
va_loss: 0.572869, va_score: 0.729000
te_loss: 0.583992, te_score: 0.710000
time = 3
tr_loss: 0.565425, tr_score: 0.717500
va_loss: 0.607325, va_score: 0.690000
te_loss: 0.554590, te_score: 0.740000

time = 3
tr_loss: 0.599282, tr_score: 0.712500
va_loss: 0.638049, va_score: 0.660000
te_loss: 0.591152, te_score: 0.710000

time = 3
tr_loss: 0.583333, tr_score: 0.710000
va_loss: 0.652026, va_score: 0.700000
te_loss: 0.627896, te_score: 0.690000

time = 3
tr_loss: 0.599309, tr_score: 0.701250
va_loss: 0.546679, va_score: 0.770000
te_loss: 0.617923, te_score: 0.660000

time = 3
tr_loss: 0.612693, tr_score: 0.707500
va_loss: 0.608132, va_score: 0.710000
te_loss: 0.633853, te_score: 0.670000

time = 3
tr_loss: 0.569305, tr_score: 0.701250
va_loss: 0.531892, va_score: 0.770000
te_loss: 0.591944, te_score: 0.660000

time = 3
tr_loss: 0.624408, tr_score: 0.723750
va_loss: 0.719403, va_score: 0.630000
te_loss: 0.659291, te_score: 0.710000

time = 3
tr_loss: 0.551250, tr_score: 0.730000
va_loss: 0.636597, va_score: 0.660000
te_loss: 0.640420, te_score: 0.670000

time = 3
tr_loss: 0.602393, tr_score: 0.707500
va_loss: 0.651781, va_score: 0.640000
te_loss: 0.609936, te_score: 0.700000

time = 3
tr_loss: 0.600289, tr_score: 0.710000
va_loss: 0.577464, va_score: 0.700000
te_loss: 0.579330, te_score: 0.730000

time = 3
tr_loss: 0.575392, tr_score: 0.717500
va_loss: 0.621841, va_score: 0.690000
te_loss: 0.550108, te_score: 0.770000

time = 3
tr_loss: 0.571938, tr_score: 0.712500
va_loss: 0.552915, va_score: 0.750000
te_loss: 0.605031, te_score: 0.710000

time = 3
tr_loss: 0.606676, tr_score: 0.700000
va_loss: 0.583154, va_score: 0.720000
te_loss: 0.598688, te_score: 0.710000

time = 3
tr_loss: 0.587784, tr_score: 0.707500
va_loss: 0.619193, va_score: 0.660000
te_loss: 0.522708, te_score: 0.770000

time = 3
tr_loss: 0.579174, tr_score: 0.718750
va_loss: 0.673497, va_score: 0.630000
te_loss: 0.606383, te_score: 0.710000

time = 3
tr_loss: 0.560247, tr_score: 0.722500
va_loss: 0.562335, va_score: 0.680000
te_loss: 0.583089, te_score: 0.700000

time = 3
tr_loss: 0.580972, tr_score: 0.721250
va_loss: 0.566034, va_score: 0.740000
te_loss: 0.620265, te_score: 0.680000

time = 3
tr_loss: 0.591326, tr_score: 0.721250
va_loss: 0.671066, va_score: 0.620000
te_loss: 0.585052, te_score: 0.730000

time = 3
tr_loss: 0.579381, tr_score: 0.721250
va_loss: 0.614724, va_score: 0.700000
te_loss: 0.622206, te_score: 0.680000

time = 3
tr_loss: 0.551606, tr_score: 0.735000
va_loss: 0.567722, va_score: 0.680000
te_loss: 0.520963, te_score: 0.740000

======================================================
3  Seed:  [6469. 3301. 7178. 4323. 9525.  454. 7215. 4562. 5178. 3971. 9338. 3960.
 2970. 9630. 2254.  396. 4264. 8949. 7913. 1289.]
tr_loss: 0.584609, tr_score: 0.714937
va_loss: 0.610091, va_score: 0.690000
te_loss: 0.596041, te_score: 0.707000
time = 4
tr_loss: 0.619763, tr_score: 0.691250
va_loss: 0.571878, va_score: 0.750000
te_loss: 0.600777, te_score: 0.730000

time = 4
tr_loss: 0.554500, tr_score: 0.717500
va_loss: 0.517507, va_score: 0.790000
te_loss: 0.554168, te_score: 0.740000

time = 4
tr_loss: 0.583722, tr_score: 0.711250
va_loss: 0.588960, va_score: 0.700000
te_loss: 0.568549, te_score: 0.720000

time = 4
tr_loss: 0.574797, tr_score: 0.713750
va_loss: 0.635169, va_score: 0.660000
te_loss: 0.616273, te_score: 0.640000

time = 4
tr_loss: 0.568947, tr_score: 0.715000
va_loss: 0.604258, va_score: 0.680000
te_loss: 0.554579, te_score: 0.720000

time = 4
tr_loss: 0.569890, tr_score: 0.712500
va_loss: 0.583077, va_score: 0.700000
te_loss: 0.559661, te_score: 0.740000

time = 4
tr_loss: 0.536685, tr_score: 0.731250
va_loss: 0.545961, va_score: 0.710000
te_loss: 0.533782, te_score: 0.700000

time = 4
tr_loss: 0.608644, tr_score: 0.715000
va_loss: 0.683529, va_score: 0.610000
te_loss: 0.559026, te_score: 0.770000

time = 4
tr_loss: 0.575797, tr_score: 0.718750
va_loss: 0.636588, va_score: 0.670000
te_loss: 0.540035, te_score: 0.740000

time = 4
tr_loss: 0.595773, tr_score: 0.700000
va_loss: 0.597242, va_score: 0.700000
te_loss: 0.603597, te_score: 0.700000

time = 4
tr_loss: 0.600021, tr_score: 0.707500
va_loss: 0.701133, va_score: 0.640000
te_loss: 0.621096, te_score: 0.710000

time = 4
tr_loss: 0.600320, tr_score: 0.702500
va_loss: 0.593756, va_score: 0.700000
te_loss: 0.602138, te_score: 0.680000

time = 4
tr_loss: 0.596959, tr_score: 0.697500
va_loss: 0.543084, va_score: 0.770000
te_loss: 0.616475, te_score: 0.670000

time = 4
tr_loss: 0.587898, tr_score: 0.696250
va_loss: 0.530197, va_score: 0.790000
te_loss: 0.508917, te_score: 0.760000

time = 4
tr_loss: 0.564899, tr_score: 0.726250
va_loss: 0.618566, va_score: 0.680000
te_loss: 0.650272, te_score: 0.660000

time = 4
tr_loss: 0.629557, tr_score: 0.683750
va_loss: 0.540390, va_score: 0.780000
te_loss: 0.623381, te_score: 0.720000

time = 4
tr_loss: 0.567679, tr_score: 0.715000
va_loss: 0.509126, va_score: 0.770000
te_loss: 0.608354, te_score: 0.670000

time = 4
tr_loss: 0.589596, tr_score: 0.706250
va_loss: 0.582507, va_score: 0.740000
te_loss: 0.598920, te_score: 0.690000

time = 4
tr_loss: 0.542782, tr_score: 0.737500
va_loss: 0.651587, va_score: 0.640000
te_loss: 0.542998, te_score: 0.750000

time = 4
tr_loss: 0.573136, tr_score: 0.728750
va_loss: 0.563331, va_score: 0.730000
te_loss: 0.546459, te_score: 0.720000

======================================================
4  Seed:  [8744.  130. 2730. 2289. 3436.   91. 5431.  214. 1996. 7906. 4318. 5189.
 9458. 5884. 7590. 9032. 7937. 3024. 1021. 9551.]
tr_loss: 0.582068, tr_score: 0.711375
va_loss: 0.589892, va_score: 0.710500
te_loss: 0.580473, te_score: 0.711500
time = 5
tr_loss: 0.592441, tr_score: 0.717500
va_loss: 0.626220, va_score: 0.640000
te_loss: 0.627288, te_score: 0.650000

time = 5
tr_loss: 0.645825, tr_score: 0.687500
va_loss: 0.607633, va_score: 0.720000
te_loss: 0.573514, te_score: 0.760000

time = 5
tr_loss: 0.583413, tr_score: 0.707500
va_loss: 0.610562, va_score: 0.680000
te_loss: 0.597552, te_score: 0.660000

time = 5
tr_loss: 0.539333, tr_score: 0.723750
va_loss: 0.559015, va_score: 0.690000
te_loss: 0.593538, te_score: 0.660000

time = 5
tr_loss: 0.540924, tr_score: 0.730000
va_loss: 0.583837, va_score: 0.710000
te_loss: 0.483407, te_score: 0.800000

time = 5
tr_loss: 0.578398, tr_score: 0.688750
va_loss: 0.536563, va_score: 0.730000
te_loss: 0.529473, te_score: 0.760000

time = 5
tr_loss: 0.590885, tr_score: 0.687500
va_loss: 0.518468, va_score: 0.770000
te_loss: 0.591563, te_score: 0.730000

time = 5
tr_loss: 0.608822, tr_score: 0.688750
va_loss: 0.606530, va_score: 0.700000
te_loss: 0.574843, te_score: 0.740000

time = 5
tr_loss: 0.563158, tr_score: 0.712500
va_loss: 0.564740, va_score: 0.720000
te_loss: 0.543223, te_score: 0.750000

time = 5
tr_loss: 0.590874, tr_score: 0.706250
va_loss: 0.590857, va_score: 0.740000
te_loss: 0.573336, te_score: 0.740000

time = 5
tr_loss: 0.678655, tr_score: 0.670000
va_loss: 0.802106, va_score: 0.610000
te_loss: 0.618957, te_score: 0.700000

time = 5
tr_loss: 0.591974, tr_score: 0.690000
va_loss: 0.491154, va_score: 0.790000
te_loss: 0.565801, te_score: 0.700000

time = 5
tr_loss: 0.597977, tr_score: 0.710000
va_loss: 0.586789, va_score: 0.720000
te_loss: 0.592968, te_score: 0.710000

time = 5
tr_loss: 0.564095, tr_score: 0.716250
va_loss: 0.550215, va_score: 0.710000
te_loss: 0.650092, te_score: 0.620000

time = 5
tr_loss: 0.579994, tr_score: 0.690000
va_loss: 0.600550, va_score: 0.670000
te_loss: 0.536552, te_score: 0.710000

time = 5
tr_loss: 0.511520, tr_score: 0.771250
va_loss: 0.446954, va_score: 0.830000
te_loss: 0.566527, te_score: 0.680000

time = 5
tr_loss: 0.504562, tr_score: 0.762500
va_loss: 0.589898, va_score: 0.720000
te_loss: 0.520963, te_score: 0.740000

time = 5
tr_loss: 0.564241, tr_score: 0.711250
va_loss: 0.477888, va_score: 0.770000
te_loss: 0.592324, te_score: 0.710000

time = 5
tr_loss: 0.572364, tr_score: 0.711250
va_loss: 0.507461, va_score: 0.800000
te_loss: 0.676654, te_score: 0.620000

time = 5
tr_loss: 0.572228, tr_score: 0.708750
va_loss: 0.672570, va_score: 0.690000
te_loss: 0.624894, te_score: 0.700000

======================================================
5  Seed:  [1237. 6412. 2121. 6405. 4525. 1302. 1340. 7513. 9914. 1173. 2339. 2687.
 5417. 1769. 4522. 4161. 3470. 2003. 6862. 6659.]
tr_loss: 0.578584, tr_score: 0.709562
va_loss: 0.576501, va_score: 0.720500
te_loss: 0.581673, te_score: 0.707000
time = 6
tr_loss: 0.570607, tr_score: 0.707500
va_loss: 0.544676, va_score: 0.740000
te_loss: 0.631715, te_score: 0.650000

time = 6
tr_loss: 0.574713, tr_score: 0.713750
va_loss: 0.697245, va_score: 0.660000
te_loss: 0.618606, te_score: 0.670000

time = 6
tr_loss: 0.562783, tr_score: 0.721250
va_loss: 0.561889, va_score: 0.710000
te_loss: 0.653727, te_score: 0.670000

time = 6
tr_loss: 0.544321, tr_score: 0.731250
va_loss: 0.549673, va_score: 0.740000
te_loss: 0.575575, te_score: 0.640000

time = 6
tr_loss: 0.564548, tr_score: 0.708750
va_loss: 0.588187, va_score: 0.690000
te_loss: 0.523747, te_score: 0.780000

time = 6
tr_loss: 0.538986, tr_score: 0.730000
va_loss: 0.620405, va_score: 0.710000
te_loss: 0.626671, te_score: 0.660000

time = 6
tr_loss: 0.566945, tr_score: 0.720000
va_loss: 0.635680, va_score: 0.660000
te_loss: 0.530699, te_score: 0.740000

time = 6
tr_loss: 0.584896, tr_score: 0.721250
va_loss: 0.645230, va_score: 0.630000
te_loss: 0.575902, te_score: 0.740000

time = 6
tr_loss: 0.595865, tr_score: 0.706250
va_loss: 0.557773, va_score: 0.800000
te_loss: 0.616328, te_score: 0.700000

time = 6
tr_loss: 0.568864, tr_score: 0.705000
va_loss: 0.569667, va_score: 0.720000
te_loss: 0.613610, te_score: 0.680000

time = 6
tr_loss: 0.602064, tr_score: 0.722500
va_loss: 0.606907, va_score: 0.690000
te_loss: 0.673189, te_score: 0.610000

time = 6
tr_loss: 0.569873, tr_score: 0.722500
va_loss: 0.586751, va_score: 0.730000
te_loss: 0.581857, te_score: 0.720000

time = 6
tr_loss: 0.551894, tr_score: 0.733750
va_loss: 0.541294, va_score: 0.760000
te_loss: 0.562961, te_score: 0.710000

time = 6
tr_loss: 0.584653, tr_score: 0.688750
va_loss: 0.612354, va_score: 0.650000
te_loss: 0.527254, te_score: 0.780000

time = 6
tr_loss: 0.556184, tr_score: 0.723750
va_loss: 0.546971, va_score: 0.720000
te_loss: 0.634957, te_score: 0.650000

time = 6
tr_loss: 0.571811, tr_score: 0.705000
va_loss: 0.619279, va_score: 0.690000
te_loss: 0.602986, te_score: 0.680000

time = 6
tr_loss: 0.575212, tr_score: 0.700000
va_loss: 0.568382, va_score: 0.720000
te_loss: 0.607600, te_score: 0.680000

time = 6
tr_loss: 0.573704, tr_score: 0.716250
va_loss: 0.544607, va_score: 0.730000
te_loss: 0.575434, te_score: 0.710000

time = 6
tr_loss: 0.508801, tr_score: 0.750000
va_loss: 0.531210, va_score: 0.750000
te_loss: 0.525084, te_score: 0.760000

time = 6
tr_loss: 0.580127, tr_score: 0.685000
va_loss: 0.615789, va_score: 0.660000
te_loss: 0.549879, te_score: 0.710000

======================================================
6  Seed:  [7694. 6294. 7622. 3529.   96. 7204. 5217. 3436.  887. 8110. 7803. 3805.
 1114. 2222. 9584. 2008. 1959. 4210.  576. 6097.]
tr_loss: 0.567343, tr_score: 0.715625
va_loss: 0.587198, va_score: 0.708000
te_loss: 0.590389, te_score: 0.697000
time = 7
tr_loss: 0.543154, tr_score: 0.717500
va_loss: 0.577765, va_score: 0.680000
te_loss: 0.512234, te_score: 0.770000

time = 7
tr_loss: 0.610842, tr_score: 0.708750
va_loss: 0.585275, va_score: 0.760000
te_loss: 0.562155, te_score: 0.750000

time = 7
tr_loss: 0.586007, tr_score: 0.696250
va_loss: 0.526939, va_score: 0.730000
te_loss: 0.560304, te_score: 0.730000

time = 7
tr_loss: 0.582916, tr_score: 0.695000
va_loss: 0.567981, va_score: 0.710000
te_loss: 0.573934, te_score: 0.740000

time = 7
tr_loss: 0.574495, tr_score: 0.717500
va_loss: 0.570987, va_score: 0.740000
te_loss: 0.576975, te_score: 0.760000

time = 7
tr_loss: 0.555985, tr_score: 0.725000
va_loss: 0.660074, va_score: 0.620000
te_loss: 0.556583, te_score: 0.730000

time = 7
tr_loss: 0.587727, tr_score: 0.702500
va_loss: 0.625706, va_score: 0.670000
te_loss: 0.509566, te_score: 0.730000

time = 7
tr_loss: 0.571866, tr_score: 0.717500
va_loss: 0.589367, va_score: 0.710000
te_loss: 0.602965, te_score: 0.690000

time = 7
tr_loss: 0.551994, tr_score: 0.718750
va_loss: 0.598845, va_score: 0.690000
te_loss: 0.556920, te_score: 0.710000

time = 7
tr_loss: 0.500339, tr_score: 0.745000
va_loss: 0.512122, va_score: 0.780000
te_loss: 0.526113, te_score: 0.740000

time = 7
tr_loss: 0.582115, tr_score: 0.708750
va_loss: 0.600734, va_score: 0.700000
te_loss: 0.606268, te_score: 0.680000

time = 7
tr_loss: 0.585875, tr_score: 0.711250
va_loss: 0.661981, va_score: 0.640000
te_loss: 0.513324, te_score: 0.780000

time = 7
tr_loss: 0.623707, tr_score: 0.722500
va_loss: 0.805852, va_score: 0.570000
te_loss: 0.682061, te_score: 0.650000

time = 7
tr_loss: 0.614062, tr_score: 0.711250
va_loss: 0.563533, va_score: 0.760000
te_loss: 0.658215, te_score: 0.680000

time = 7
tr_loss: 0.587503, tr_score: 0.711250
va_loss: 0.661477, va_score: 0.670000
te_loss: 0.686959, te_score: 0.640000

time = 7
tr_loss: 0.526867, tr_score: 0.726250
va_loss: 0.607364, va_score: 0.640000
te_loss: 0.536424, te_score: 0.740000

time = 7
tr_loss: 0.591018, tr_score: 0.705000
va_loss: 0.592745, va_score: 0.700000
te_loss: 0.654927, te_score: 0.650000

time = 7
tr_loss: 0.571003, tr_score: 0.727500
va_loss: 0.556881, va_score: 0.750000
te_loss: 0.686309, te_score: 0.620000

time = 7
tr_loss: 0.596223, tr_score: 0.697500
va_loss: 0.568033, va_score: 0.720000
te_loss: 0.561381, te_score: 0.720000

time = 7
tr_loss: 0.596731, tr_score: 0.693750
va_loss: 0.583759, va_score: 0.720000
te_loss: 0.591424, te_score: 0.730000

======================================================
7  Seed:  [ 667. 3641. 1333. 4721. 6871. 9519. 4778.  927. 8338.   13. 3683. 6570.
 1422. 3821. 5722.  599. 3527. 1784. 1921. 2070.]
tr_loss: 0.577021, tr_score: 0.712938
va_loss: 0.600871, va_score: 0.698000
te_loss: 0.585752, te_score: 0.712000
time = 8
tr_loss: 0.580504, tr_score: 0.712500
va_loss: 0.622979, va_score: 0.660000
te_loss: 0.509165, te_score: 0.810000

time = 8
tr_loss: 0.584090, tr_score: 0.706250
va_loss: 0.709884, va_score: 0.610000
te_loss: 0.593164, te_score: 0.760000

time = 8
tr_loss: 0.587109, tr_score: 0.686250
va_loss: 0.599833, va_score: 0.670000
te_loss: 0.579311, te_score: 0.680000

time = 8
tr_loss: 0.591205, tr_score: 0.700000
va_loss: 0.600208, va_score: 0.700000
te_loss: 0.554966, te_score: 0.740000

time = 8
tr_loss: 0.606588, tr_score: 0.695000
va_loss: 0.605489, va_score: 0.700000
te_loss: 0.587143, te_score: 0.740000

time = 8
tr_loss: 0.545745, tr_score: 0.752500
va_loss: 0.593619, va_score: 0.700000
te_loss: 0.582248, te_score: 0.680000

time = 8
tr_loss: 0.535259, tr_score: 0.727500
va_loss: 0.563333, va_score: 0.720000
te_loss: 0.618971, te_score: 0.660000

time = 8
tr_loss: 0.567042, tr_score: 0.700000
va_loss: 0.471953, va_score: 0.810000
te_loss: 0.536502, te_score: 0.730000

time = 8
tr_loss: 0.590893, tr_score: 0.697500
va_loss: 0.614272, va_score: 0.680000
te_loss: 0.514323, te_score: 0.800000

time = 8
tr_loss: 0.598963, tr_score: 0.723750
va_loss: 0.666731, va_score: 0.620000
te_loss: 0.607396, te_score: 0.700000

time = 8
tr_loss: 0.605277, tr_score: 0.696250
va_loss: 0.541460, va_score: 0.780000
te_loss: 0.534546, te_score: 0.780000

time = 8
tr_loss: 0.603212, tr_score: 0.688750
va_loss: 0.526178, va_score: 0.770000
te_loss: 0.649392, te_score: 0.630000

time = 8
tr_loss: 0.589015, tr_score: 0.721250
va_loss: 0.633702, va_score: 0.660000
te_loss: 0.624108, te_score: 0.670000

time = 8
tr_loss: 0.585361, tr_score: 0.692500
va_loss: 0.497674, va_score: 0.780000
te_loss: 0.619387, te_score: 0.680000

time = 8
tr_loss: 0.552116, tr_score: 0.717500
va_loss: 0.520692, va_score: 0.730000
te_loss: 0.522469, te_score: 0.710000

time = 8
tr_loss: 0.563248, tr_score: 0.716250
va_loss: 0.535079, va_score: 0.760000
te_loss: 0.687384, te_score: 0.600000

time = 8
tr_loss: 0.615558, tr_score: 0.717500
va_loss: 0.607456, va_score: 0.680000
te_loss: 0.635191, te_score: 0.680000

time = 8
tr_loss: 0.555619, tr_score: 0.720000
va_loss: 0.528667, va_score: 0.720000
te_loss: 0.572636, te_score: 0.690000

time = 8
tr_loss: 0.549181, tr_score: 0.713750
va_loss: 0.557045, va_score: 0.700000
te_loss: 0.598664, te_score: 0.730000

time = 8
tr_loss: 0.498174, tr_score: 0.760000
va_loss: 0.515508, va_score: 0.770000
te_loss: 0.623750, te_score: 0.690000

======================================================
8  Seed:  [4860. 8426. 6918. 8393. 2977. 1581. 7001.  814. 5947. 4477. 3311. 7270.
 5082. 4712. 7103. 6080. 5821. 8708. 4579. 2324.]
tr_loss: 0.575208, tr_score: 0.712250
va_loss: 0.575588, va_score: 0.711000
te_loss: 0.587536, te_score: 0.708000
time = 9
tr_loss: 0.574673, tr_score: 0.717500
va_loss: 0.551313, va_score: 0.740000
te_loss: 0.608380, te_score: 0.690000

time = 9
tr_loss: 0.550154, tr_score: 0.723750
va_loss: 0.621401, va_score: 0.630000
te_loss: 0.569091, te_score: 0.750000

time = 9
tr_loss: 0.524134, tr_score: 0.741250
va_loss: 0.559246, va_score: 0.730000
te_loss: 0.581850, te_score: 0.720000

time = 9
tr_loss: 0.566867, tr_score: 0.702500
va_loss: 0.585638, va_score: 0.770000
te_loss: 0.605439, te_score: 0.680000

time = 9
tr_loss: 0.574511, tr_score: 0.715000
va_loss: 0.531091, va_score: 0.770000
te_loss: 0.641569, te_score: 0.610000

time = 9
tr_loss: 0.570647, tr_score: 0.718750
va_loss: 0.563090, va_score: 0.700000
te_loss: 0.648782, te_score: 0.640000

time = 9
tr_loss: 0.592273, tr_score: 0.682500
va_loss: 0.547177, va_score: 0.680000
te_loss: 0.608357, te_score: 0.730000

time = 9
tr_loss: 0.570257, tr_score: 0.705000
va_loss: 0.566927, va_score: 0.710000
te_loss: 0.609564, te_score: 0.690000

time = 9
tr_loss: 0.589812, tr_score: 0.708750
va_loss: 0.535904, va_score: 0.770000
te_loss: 0.564278, te_score: 0.730000

time = 9
tr_loss: 0.563870, tr_score: 0.730000
va_loss: 0.610265, va_score: 0.670000
te_loss: 0.575098, te_score: 0.700000

time = 9
tr_loss: 0.561507, tr_score: 0.721250
va_loss: 0.549682, va_score: 0.750000
te_loss: 0.546872, te_score: 0.730000

time = 9
tr_loss: 0.603670, tr_score: 0.688750
va_loss: 0.548008, va_score: 0.750000
te_loss: 0.585107, te_score: 0.740000

time = 9
tr_loss: 0.595805, tr_score: 0.708750
va_loss: 0.598438, va_score: 0.690000
te_loss: 0.535209, te_score: 0.770000

time = 9
tr_loss: 0.591948, tr_score: 0.708750
va_loss: 0.590686, va_score: 0.710000
te_loss: 0.574467, te_score: 0.730000

time = 9
tr_loss: 0.614210, tr_score: 0.718750
va_loss: 0.709290, va_score: 0.610000
te_loss: 0.665029, te_score: 0.650000

time = 9
tr_loss: 0.592032, tr_score: 0.693750
va_loss: 0.574188, va_score: 0.690000
te_loss: 0.584126, te_score: 0.690000

time = 9
tr_loss: 0.576556, tr_score: 0.716250
va_loss: 0.611470, va_score: 0.720000
te_loss: 0.656096, te_score: 0.600000

time = 9
tr_loss: 0.591429, tr_score: 0.713750
va_loss: 0.674584, va_score: 0.630000
te_loss: 0.659252, te_score: 0.650000

time = 9
tr_loss: 0.596147, tr_score: 0.717500
va_loss: 0.606274, va_score: 0.700000
te_loss: 0.615451, te_score: 0.700000

time = 9
tr_loss: 0.562605, tr_score: 0.727500
va_loss: 0.554587, va_score: 0.730000
te_loss: 0.546426, te_score: 0.720000

======================================================
9  Seed:  [9948.  542.  232.  666. 5686. 1955. 6679. 1732. 8003. 9621. 2645. 4622.
 2831. 7236. 6932. 8781. 1798. 9886. 2715. 5559.]
tr_loss: 0.578155, tr_score: 0.713000
va_loss: 0.584463, va_score: 0.707500
te_loss: 0.599022, te_score: 0.696000
time = 10
tr_loss: 0.625462, tr_score: 0.668750
va_loss: 0.592201, va_score: 0.700000
te_loss: 0.636227, te_score: 0.680000

time = 10
tr_loss: 0.589666, tr_score: 0.697500
va_loss: 0.580513, va_score: 0.700000
te_loss: 0.562410, te_score: 0.720000

time = 10
tr_loss: 0.572875, tr_score: 0.713750
va_loss: 0.536826, va_score: 0.760000
te_loss: 0.636138, te_score: 0.660000

time = 10
tr_loss: 0.585613, tr_score: 0.715000
va_loss: 0.555489, va_score: 0.750000
te_loss: 0.556872, te_score: 0.750000

time = 10
tr_loss: 0.589701, tr_score: 0.705000
va_loss: 0.615519, va_score: 0.690000
te_loss: 0.574885, te_score: 0.730000

time = 10
tr_loss: 0.606803, tr_score: 0.706250
va_loss: 0.554411, va_score: 0.720000
te_loss: 0.572326, te_score: 0.730000

time = 10
tr_loss: 0.624919, tr_score: 0.688750
va_loss: 0.575195, va_score: 0.760000
te_loss: 0.606977, te_score: 0.730000

time = 10
tr_loss: 0.599756, tr_score: 0.681250
va_loss: 0.479676, va_score: 0.820000
te_loss: 0.554430, te_score: 0.740000

time = 10
tr_loss: 0.590064, tr_score: 0.711250
va_loss: 0.602413, va_score: 0.700000
te_loss: 0.614020, te_score: 0.700000

time = 10
tr_loss: 0.594300, tr_score: 0.692500
va_loss: 0.561735, va_score: 0.740000
te_loss: 0.577870, te_score: 0.720000

time = 10
tr_loss: 0.546699, tr_score: 0.725000
va_loss: 0.575636, va_score: 0.710000
te_loss: 0.546030, te_score: 0.740000

time = 10
tr_loss: 0.576175, tr_score: 0.713750
va_loss: 0.665861, va_score: 0.620000
te_loss: 0.600005, te_score: 0.690000

time = 10
tr_loss: 0.556688, tr_score: 0.711250
va_loss: 0.563845, va_score: 0.730000
te_loss: 0.573814, te_score: 0.720000

time = 10
tr_loss: 0.624842, tr_score: 0.683750
va_loss: 0.528951, va_score: 0.740000
te_loss: 0.536168, te_score: 0.790000

time = 10
tr_loss: 0.575835, tr_score: 0.715000
va_loss: 0.656952, va_score: 0.630000
te_loss: 0.629960, te_score: 0.660000

time = 10
tr_loss: 0.632661, tr_score: 0.686250
va_loss: 0.578053, va_score: 0.770000
te_loss: 0.608236, te_score: 0.740000

time = 10
tr_loss: 0.586410, tr_score: 0.697500
va_loss: 0.533398, va_score: 0.750000
te_loss: 0.627545, te_score: 0.700000

time = 10
tr_loss: 0.584385, tr_score: 0.702500
va_loss: 0.589000, va_score: 0.680000
te_loss: 0.560717, te_score: 0.760000

time = 10
tr_loss: 0.614785, tr_score: 0.696250
va_loss: 0.584933, va_score: 0.730000
te_loss: 0.612198, te_score: 0.700000

time = 10
tr_loss: 0.613145, tr_score: 0.703750
va_loss: 0.721942, va_score: 0.590000
te_loss: 0.559467, te_score: 0.750000

======================================================
10  Seed:  [9217. 8758. 9318. 9902. 9257. 5433. 4194. 5342. 6064. 1182. 7632. 9724.
 4507. 4141. 7028. 4431.  710. 9505. 6403. 3797.]
tr_loss: 0.594539, tr_score: 0.700750
va_loss: 0.582627, va_score: 0.714500
te_loss: 0.587315, te_score: 0.720500
time = 11
tr_loss: 0.721548, tr_score: 0.646250
va_loss: 0.557266, va_score: 0.780000
te_loss: 0.727220, te_score: 0.630000

time = 11
tr_loss: 0.584641, tr_score: 0.713750
va_loss: 0.632541, va_score: 0.690000
te_loss: 0.618116, te_score: 0.720000

time = 11
tr_loss: 0.590881, tr_score: 0.702500
va_loss: 0.621137, va_score: 0.690000
te_loss: 0.535416, te_score: 0.730000

time = 11
tr_loss: 0.595912, tr_score: 0.707500
va_loss: 0.632984, va_score: 0.680000
te_loss: 0.537984, te_score: 0.750000

time = 11
tr_loss: 0.545172, tr_score: 0.722500
va_loss: 0.594977, va_score: 0.710000
te_loss: 0.590891, te_score: 0.670000

time = 11
tr_loss: 0.542404, tr_score: 0.730000
va_loss: 0.541256, va_score: 0.710000
te_loss: 0.507168, te_score: 0.770000

time = 11
tr_loss: 0.587512, tr_score: 0.706250
va_loss: 0.602426, va_score: 0.680000
te_loss: 0.629975, te_score: 0.650000

time = 11
tr_loss: 0.547973, tr_score: 0.728750
va_loss: 0.443888, va_score: 0.820000
te_loss: 0.594102, te_score: 0.670000

time = 11
tr_loss: 0.560256, tr_score: 0.728750
va_loss: 0.606965, va_score: 0.670000
te_loss: 0.591961, te_score: 0.720000

time = 11
tr_loss: 0.579079, tr_score: 0.708750
va_loss: 0.632843, va_score: 0.680000
te_loss: 0.605644, te_score: 0.680000

time = 11
tr_loss: 0.561880, tr_score: 0.740000
va_loss: 0.598704, va_score: 0.710000
te_loss: 0.499575, te_score: 0.810000

time = 11
tr_loss: 0.563333, tr_score: 0.720000
va_loss: 0.643029, va_score: 0.670000
te_loss: 0.649754, te_score: 0.650000

time = 11
tr_loss: 0.568761, tr_score: 0.720000
va_loss: 0.593073, va_score: 0.690000
te_loss: 0.635548, te_score: 0.660000

time = 11
tr_loss: 0.590867, tr_score: 0.703750
va_loss: 0.577644, va_score: 0.720000
te_loss: 0.665333, te_score: 0.650000

time = 11
tr_loss: 0.579161, tr_score: 0.700000
va_loss: 0.544166, va_score: 0.750000
te_loss: 0.603395, te_score: 0.680000

time = 11
tr_loss: 0.604842, tr_score: 0.683750
va_loss: 0.668881, va_score: 0.620000
te_loss: 0.581323, te_score: 0.720000

time = 11
tr_loss: 0.539892, tr_score: 0.720000
va_loss: 0.548719, va_score: 0.740000
te_loss: 0.597441, te_score: 0.710000

time = 11
tr_loss: 0.597356, tr_score: 0.707500
va_loss: 0.582449, va_score: 0.710000
te_loss: 0.626507, te_score: 0.660000

time = 11
tr_loss: 0.598904, tr_score: 0.706250
va_loss: 0.600200, va_score: 0.730000
te_loss: 0.687977, te_score: 0.630000

time = 11
tr_loss: 0.562659, tr_score: 0.727500
va_loss: 0.512606, va_score: 0.750000
te_loss: 0.623895, te_score: 0.660000

======================================================
11  Seed:  [ 276. 7096. 7576. 7225. 8005. 7496. 1258. 6191. 8489. 5152. 4572. 4247.
 5941. 8136.  978. 3169. 6643. 4121. 8439. 9382.]
tr_loss: 0.581152, tr_score: 0.711188
va_loss: 0.586788, va_score: 0.710000
te_loss: 0.605461, te_score: 0.691000
time = 12
tr_loss: 0.585046, tr_score: 0.693750
va_loss: 0.603328, va_score: 0.700000
te_loss: 0.545799, te_score: 0.750000

time = 12
tr_loss: 0.600976, tr_score: 0.706250
va_loss: 0.639898, va_score: 0.660000
te_loss: 0.579480, te_score: 0.750000

time = 12
tr_loss: 0.544853, tr_score: 0.727500
va_loss: 0.562294, va_score: 0.710000
te_loss: 0.578451, te_score: 0.670000

time = 12
tr_loss: 0.577050, tr_score: 0.713750
va_loss: 0.597456, va_score: 0.710000
te_loss: 0.722805, te_score: 0.580000

time = 12
tr_loss: 0.595637, tr_score: 0.706250
va_loss: 0.626806, va_score: 0.690000
te_loss: 0.630713, te_score: 0.660000

time = 12
tr_loss: 0.599384, tr_score: 0.700000
va_loss: 0.605198, va_score: 0.700000
te_loss: 0.610255, te_score: 0.700000

time = 12
tr_loss: 0.600774, tr_score: 0.723750
va_loss: 0.693998, va_score: 0.590000
te_loss: 0.693013, te_score: 0.640000

time = 12
tr_loss: 0.565466, tr_score: 0.715000
va_loss: 0.605685, va_score: 0.670000
te_loss: 0.597485, te_score: 0.680000

time = 12
tr_loss: 0.583411, tr_score: 0.716250
va_loss: 0.590500, va_score: 0.700000
te_loss: 0.600864, te_score: 0.700000

time = 12
tr_loss: 0.536406, tr_score: 0.745000
va_loss: 0.571781, va_score: 0.680000
te_loss: 0.596572, te_score: 0.680000

time = 12
tr_loss: 0.603881, tr_score: 0.712500
va_loss: 0.585515, va_score: 0.700000
te_loss: 0.658320, te_score: 0.650000

time = 12
tr_loss: 0.589989, tr_score: 0.698750
va_loss: 0.557627, va_score: 0.750000
te_loss: 0.592350, te_score: 0.680000

time = 12
tr_loss: 0.546401, tr_score: 0.743750
va_loss: 0.603357, va_score: 0.710000
te_loss: 0.606815, te_score: 0.700000

time = 12
tr_loss: 0.565678, tr_score: 0.710000
va_loss: 0.532489, va_score: 0.720000
te_loss: 0.556709, te_score: 0.740000

time = 12
tr_loss: 0.574156, tr_score: 0.701250
va_loss: 0.579024, va_score: 0.750000
te_loss: 0.619940, te_score: 0.620000

time = 12
tr_loss: 0.570070, tr_score: 0.720000
va_loss: 0.618381, va_score: 0.640000
te_loss: 0.588688, te_score: 0.710000

time = 12
tr_loss: 0.579440, tr_score: 0.716250
va_loss: 0.619761, va_score: 0.650000
te_loss: 0.520244, te_score: 0.770000

time = 12
tr_loss: 0.583109, tr_score: 0.706250
va_loss: 0.623318, va_score: 0.690000
te_loss: 0.537782, te_score: 0.800000

time = 12
tr_loss: 0.590301, tr_score: 0.687500
va_loss: 0.620601, va_score: 0.700000
te_loss: 0.602382, te_score: 0.680000

time = 12
tr_loss: 0.562704, tr_score: 0.727500
va_loss: 0.630011, va_score: 0.630000
te_loss: 0.604244, te_score: 0.700000

======================================================
12  Seed:  [5995. 5359. 4959. 8841. 2084. 6283. 5803. 5547. 5856. 6466. 1029. 9406.
 1119. 6504. 6270.   89. 4601. 8528. 5236. 3309.]
tr_loss: 0.577737, tr_score: 0.713563
va_loss: 0.603351, va_score: 0.687500
te_loss: 0.602146, te_score: 0.693000
time = 13
tr_loss: 0.557736, tr_score: 0.725000
va_loss: 0.584518, va_score: 0.680000
te_loss: 0.588101, te_score: 0.710000

time = 13
tr_loss: 0.629423, tr_score: 0.690000
va_loss: 0.550795, va_score: 0.770000
te_loss: 0.619538, te_score: 0.710000

time = 13
tr_loss: 0.541147, tr_score: 0.742500
va_loss: 0.531879, va_score: 0.750000
te_loss: 0.741640, te_score: 0.580000

time = 13
tr_loss: 0.613235, tr_score: 0.708750
va_loss: 0.648446, va_score: 0.660000
te_loss: 0.584640, te_score: 0.750000

time = 13
tr_loss: 0.573302, tr_score: 0.728750
va_loss: 0.581631, va_score: 0.720000
te_loss: 0.560705, te_score: 0.720000

time = 13
tr_loss: 0.591493, tr_score: 0.721250
va_loss: 0.667088, va_score: 0.670000
te_loss: 0.614366, te_score: 0.710000

time = 13
tr_loss: 0.507650, tr_score: 0.748750
va_loss: 0.549930, va_score: 0.710000
te_loss: 0.556545, te_score: 0.740000

time = 13
tr_loss: 0.576489, tr_score: 0.707500
va_loss: 0.577779, va_score: 0.740000
te_loss: 0.570301, te_score: 0.720000

time = 13
tr_loss: 0.592842, tr_score: 0.705000
va_loss: 0.546236, va_score: 0.710000
te_loss: 0.532630, te_score: 0.770000

time = 13
tr_loss: 0.560900, tr_score: 0.705000
va_loss: 0.612014, va_score: 0.630000
te_loss: 0.529770, te_score: 0.770000

time = 13
tr_loss: 0.586821, tr_score: 0.730000
va_loss: 0.604203, va_score: 0.710000
te_loss: 0.741557, te_score: 0.590000

time = 13
tr_loss: 0.569805, tr_score: 0.702500
va_loss: 0.557706, va_score: 0.710000
te_loss: 0.604014, te_score: 0.680000

time = 13
tr_loss: 0.566262, tr_score: 0.726250
va_loss: 0.586286, va_score: 0.710000
te_loss: 0.534014, te_score: 0.750000

time = 13
tr_loss: 0.611321, tr_score: 0.692500
va_loss: 0.570793, va_score: 0.750000
te_loss: 0.596103, te_score: 0.710000

time = 13
tr_loss: 0.579109, tr_score: 0.688750
va_loss: 0.539947, va_score: 0.740000
te_loss: 0.547141, te_score: 0.760000

time = 13
tr_loss: 0.591269, tr_score: 0.702500
va_loss: 0.604392, va_score: 0.700000
te_loss: 0.620468, te_score: 0.690000

time = 13
tr_loss: 0.582593, tr_score: 0.711250
va_loss: 0.539507, va_score: 0.740000
te_loss: 0.649204, te_score: 0.620000

time = 13
tr_loss: 0.614767, tr_score: 0.683750
va_loss: 0.523969, va_score: 0.770000
te_loss: 0.599565, te_score: 0.710000

time = 13
tr_loss: 0.606100, tr_score: 0.700000
va_loss: 0.543953, va_score: 0.760000
te_loss: 0.666144, te_score: 0.620000

time = 13
tr_loss: 0.628731, tr_score: 0.680000
va_loss: 0.553529, va_score: 0.750000
te_loss: 0.556591, te_score: 0.760000

======================================================
13  Seed:  [3706. 3756. 2533. 6590. 1761. 5957. 4965. 8699. 1302.  214. 1426. 3422.
 9979.   35. 8073. 6183. 7853. 8174. 4923.  725.]
tr_loss: 0.584050, tr_score: 0.710000
va_loss: 0.573730, va_score: 0.719000
te_loss: 0.600652, te_score: 0.703500
time = 14
tr_loss: 0.545860, tr_score: 0.736250
va_loss: 0.566005, va_score: 0.680000
te_loss: 0.554238, te_score: 0.760000

time = 14
tr_loss: 0.559034, tr_score: 0.720000
va_loss: 0.610595, va_score: 0.670000
te_loss: 0.565886, te_score: 0.710000

time = 14
tr_loss: 0.559153, tr_score: 0.706250
va_loss: 0.548733, va_score: 0.740000
te_loss: 0.554431, te_score: 0.730000

time = 14
tr_loss: 0.578227, tr_score: 0.706250
va_loss: 0.619952, va_score: 0.690000
te_loss: 0.543218, te_score: 0.730000

time = 14
tr_loss: 0.550533, tr_score: 0.743750
va_loss: 0.607780, va_score: 0.710000
te_loss: 0.591498, te_score: 0.700000

time = 14
tr_loss: 0.589024, tr_score: 0.702500
va_loss: 0.601711, va_score: 0.680000
te_loss: 0.656551, te_score: 0.640000

time = 14
tr_loss: 0.597214, tr_score: 0.680000
va_loss: 0.536580, va_score: 0.710000
te_loss: 0.666690, te_score: 0.670000

time = 14
tr_loss: 0.543988, tr_score: 0.708750
va_loss: 0.574694, va_score: 0.670000
te_loss: 0.554661, te_score: 0.740000

time = 14
tr_loss: 0.578865, tr_score: 0.720000
va_loss: 0.602066, va_score: 0.710000
te_loss: 0.578444, te_score: 0.730000

time = 14
tr_loss: 0.575375, tr_score: 0.702500
va_loss: 0.528171, va_score: 0.780000
te_loss: 0.687953, te_score: 0.660000

time = 14
tr_loss: 0.585645, tr_score: 0.703750
va_loss: 0.511009, va_score: 0.760000
te_loss: 0.554660, te_score: 0.760000

time = 14
tr_loss: 0.521357, tr_score: 0.757500
va_loss: 0.514589, va_score: 0.760000
te_loss: 0.581039, te_score: 0.710000

time = 14
tr_loss: 0.580824, tr_score: 0.712500
va_loss: 0.544995, va_score: 0.750000
te_loss: 0.618236, te_score: 0.690000

time = 14
tr_loss: 0.578863, tr_score: 0.705000
va_loss: 0.573609, va_score: 0.730000
te_loss: 0.586562, te_score: 0.710000

time = 14
tr_loss: 0.621329, tr_score: 0.700000
va_loss: 0.660384, va_score: 0.670000
te_loss: 0.637995, te_score: 0.730000

time = 14
tr_loss: 0.593100, tr_score: 0.710000
va_loss: 0.587045, va_score: 0.700000
te_loss: 0.588938, te_score: 0.740000

time = 14
tr_loss: 0.585234, tr_score: 0.708750
va_loss: 0.532234, va_score: 0.770000
te_loss: 0.670790, te_score: 0.620000

time = 14
tr_loss: 0.596189, tr_score: 0.702500
va_loss: 0.617532, va_score: 0.680000
te_loss: 0.604985, te_score: 0.700000

time = 14
tr_loss: 0.582811, tr_score: 0.707500
va_loss: 0.602542, va_score: 0.700000
te_loss: 0.611267, te_score: 0.690000

time = 14
tr_loss: 0.580487, tr_score: 0.718750
va_loss: 0.598136, va_score: 0.680000
te_loss: 0.548658, te_score: 0.730000

======================================================
14  Seed:  [6736. 9332. 4026. 8791. 2185. 8095. 4925. 3877. 8332. 6847. 5871. 5004.
 2796. 4961. 1467. 7787. 3868. 5255. 9307. 9073.]
tr_loss: 0.575156, tr_score: 0.712625
va_loss: 0.576918, va_score: 0.712000
te_loss: 0.597835, te_score: 0.707500
time = 15
tr_loss: 0.545484, tr_score: 0.741250
va_loss: 0.545106, va_score: 0.720000
te_loss: 0.584123, te_score: 0.700000

time = 15
tr_loss: 0.587276, tr_score: 0.710000
va_loss: 0.572320, va_score: 0.720000
te_loss: 0.532814, te_score: 0.760000

time = 15
tr_loss: 0.567056, tr_score: 0.726250
va_loss: 0.607544, va_score: 0.670000
te_loss: 0.625976, te_score: 0.700000

time = 15
tr_loss: 0.584619, tr_score: 0.711250
va_loss: 0.504991, va_score: 0.790000
te_loss: 0.633248, te_score: 0.660000

time = 15
tr_loss: 0.611521, tr_score: 0.693750
va_loss: 0.655206, va_score: 0.670000
te_loss: 0.592264, te_score: 0.730000

time = 15
tr_loss: 0.584385, tr_score: 0.708750
va_loss: 0.620592, va_score: 0.670000
te_loss: 0.622872, te_score: 0.670000

time = 15
tr_loss: 0.512618, tr_score: 0.737500
va_loss: 0.498269, va_score: 0.760000
te_loss: 0.500660, te_score: 0.760000

time = 15
tr_loss: 0.579723, tr_score: 0.708750
va_loss: 0.591880, va_score: 0.710000
te_loss: 0.598126, te_score: 0.700000

time = 15
tr_loss: 0.618529, tr_score: 0.691250
va_loss: 0.590571, va_score: 0.730000
te_loss: 0.578630, te_score: 0.750000

time = 15
tr_loss: 0.581582, tr_score: 0.725000
va_loss: 0.621912, va_score: 0.650000
te_loss: 0.594818, te_score: 0.710000

time = 15
tr_loss: 0.588584, tr_score: 0.716250
va_loss: 0.553639, va_score: 0.750000
te_loss: 0.577819, te_score: 0.670000

time = 15
tr_loss: 0.566473, tr_score: 0.708750
va_loss: 0.587403, va_score: 0.720000
te_loss: 0.628776, te_score: 0.690000

time = 15
tr_loss: 0.623728, tr_score: 0.695000
va_loss: 0.573118, va_score: 0.750000
te_loss: 0.637673, te_score: 0.690000

time = 15
tr_loss: 0.590442, tr_score: 0.695000
va_loss: 0.598599, va_score: 0.690000
te_loss: 0.573200, te_score: 0.750000

time = 15
tr_loss: 0.586152, tr_score: 0.717500
va_loss: 0.626172, va_score: 0.690000
te_loss: 0.615204, te_score: 0.690000

time = 15
tr_loss: 0.591669, tr_score: 0.720000
va_loss: 0.642624, va_score: 0.640000
te_loss: 0.590336, te_score: 0.730000

time = 15
tr_loss: 0.597351, tr_score: 0.703750
va_loss: 0.548624, va_score: 0.770000
te_loss: 0.611214, te_score: 0.670000

time = 15
tr_loss: 0.544711, tr_score: 0.718750
va_loss: 0.609004, va_score: 0.690000
te_loss: 0.638675, te_score: 0.650000

time = 15
tr_loss: 0.610552, tr_score: 0.691250
va_loss: 0.571130, va_score: 0.720000
te_loss: 0.564435, te_score: 0.730000

time = 15
tr_loss: 0.594160, tr_score: 0.700000
va_loss: 0.553416, va_score: 0.700000
te_loss: 0.586955, te_score: 0.700000

======================================================
15  Seed:  [ 879. 4612.  287.  491. 3659. 8251. 7507. 1140. 3507. 4318. 9716. 8900.
 3870. 2555. 7340. 8792.  757. 6674. 3143.  691.]
tr_loss: 0.583331, tr_score: 0.711000
va_loss: 0.583606, va_score: 0.710500
te_loss: 0.594391, te_score: 0.705500
time = 16
tr_loss: 0.549886, tr_score: 0.717500
va_loss: 0.532831, va_score: 0.750000
te_loss: 0.587978, te_score: 0.680000

time = 16
tr_loss: 0.520169, tr_score: 0.743750
va_loss: 0.544511, va_score: 0.720000
te_loss: 0.640275, te_score: 0.670000

time = 16
tr_loss: 0.577321, tr_score: 0.706250
va_loss: 0.550222, va_score: 0.750000
te_loss: 0.619301, te_score: 0.690000

time = 16
tr_loss: 0.534141, tr_score: 0.716250
va_loss: 0.535715, va_score: 0.740000
te_loss: 0.533589, te_score: 0.740000

time = 16
tr_loss: 0.570005, tr_score: 0.705000
va_loss: 0.540377, va_score: 0.770000
te_loss: 0.570233, te_score: 0.710000

time = 16
tr_loss: 0.587527, tr_score: 0.708750
va_loss: 0.608610, va_score: 0.700000
te_loss: 0.638915, te_score: 0.650000

time = 16
tr_loss: 0.587825, tr_score: 0.706250
va_loss: 0.604544, va_score: 0.710000
te_loss: 0.554613, te_score: 0.720000

time = 16
tr_loss: 0.573447, tr_score: 0.721250
va_loss: 0.622787, va_score: 0.680000
te_loss: 0.613078, te_score: 0.680000

time = 16
tr_loss: 0.592259, tr_score: 0.700000
va_loss: 0.550928, va_score: 0.730000
te_loss: 0.580729, te_score: 0.710000

time = 16
tr_loss: 0.545354, tr_score: 0.720000
va_loss: 0.617731, va_score: 0.660000
te_loss: 0.590841, te_score: 0.680000

time = 16
tr_loss: 0.567324, tr_score: 0.702500
va_loss: 0.604730, va_score: 0.670000
te_loss: 0.583816, te_score: 0.680000

time = 16
tr_loss: 0.589568, tr_score: 0.712500
va_loss: 0.622398, va_score: 0.680000
te_loss: 0.614290, te_score: 0.670000

time = 16
tr_loss: 0.586096, tr_score: 0.720000
va_loss: 0.643149, va_score: 0.670000
te_loss: 0.600544, te_score: 0.720000

time = 16
tr_loss: 0.611852, tr_score: 0.692500
va_loss: 0.572398, va_score: 0.760000
te_loss: 0.600007, te_score: 0.700000

time = 16
tr_loss: 0.586582, tr_score: 0.697500
va_loss: 0.561590, va_score: 0.760000
te_loss: 0.578443, te_score: 0.740000

time = 16
tr_loss: 0.567105, tr_score: 0.706250
va_loss: 0.600962, va_score: 0.650000
te_loss: 0.581714, te_score: 0.710000

time = 16
tr_loss: 0.585387, tr_score: 0.701250
va_loss: 0.552451, va_score: 0.730000
te_loss: 0.579160, te_score: 0.720000

time = 16
tr_loss: 0.597020, tr_score: 0.722500
va_loss: 0.610496, va_score: 0.680000
te_loss: 0.642559, te_score: 0.710000

time = 16
tr_loss: 0.594177, tr_score: 0.695000
va_loss: 0.526840, va_score: 0.770000
te_loss: 0.593022, te_score: 0.730000

time = 16
tr_loss: 0.553837, tr_score: 0.727500
va_loss: 0.556853, va_score: 0.750000
te_loss: 0.509508, te_score: 0.810000

======================================================
16  Seed:  [9082. 6878.  978. 6918.   35. 3547.  812. 1562. 5243. 8191. 5330. 4602.
 2929. 4830.  303. 9956. 3156. 7475. 4637.  734.]
tr_loss: 0.573844, tr_score: 0.711125
va_loss: 0.578006, va_score: 0.716500
te_loss: 0.590631, te_score: 0.706000
time = 17
tr_loss: 0.609511, tr_score: 0.697500
va_loss: 0.592870, va_score: 0.720000
te_loss: 0.598388, te_score: 0.680000

time = 17
tr_loss: 0.590726, tr_score: 0.701250
va_loss: 0.627906, va_score: 0.670000
te_loss: 0.584219, te_score: 0.720000

time = 17
tr_loss: 0.580807, tr_score: 0.727500
va_loss: 0.647305, va_score: 0.650000
te_loss: 0.640301, te_score: 0.690000

time = 17
tr_loss: 0.605838, tr_score: 0.707500
va_loss: 0.662066, va_score: 0.640000
te_loss: 0.619699, te_score: 0.690000

time = 17
tr_loss: 0.566970, tr_score: 0.711250
va_loss: 0.525478, va_score: 0.770000
te_loss: 0.543001, te_score: 0.710000

time = 17
tr_loss: 0.569270, tr_score: 0.715000
va_loss: 0.591478, va_score: 0.700000
te_loss: 0.615056, te_score: 0.700000

time = 17
tr_loss: 0.585676, tr_score: 0.700000
va_loss: 0.684625, va_score: 0.610000
te_loss: 0.618793, te_score: 0.660000

time = 17
tr_loss: 0.519945, tr_score: 0.752500
va_loss: 0.542708, va_score: 0.720000
te_loss: 0.632057, te_score: 0.680000

time = 17
tr_loss: 0.577134, tr_score: 0.703750
va_loss: 0.566865, va_score: 0.720000
te_loss: 0.546474, te_score: 0.740000

time = 17
tr_loss: 0.585535, tr_score: 0.693750
va_loss: 0.648097, va_score: 0.690000
te_loss: 0.633203, te_score: 0.660000

time = 17
tr_loss: 0.571774, tr_score: 0.706250
va_loss: 0.639068, va_score: 0.690000
te_loss: 0.614874, te_score: 0.660000

time = 17
tr_loss: 0.584485, tr_score: 0.712500
va_loss: 0.610442, va_score: 0.690000
te_loss: 0.585683, te_score: 0.690000

time = 17
tr_loss: 0.532162, tr_score: 0.747500
va_loss: 0.546579, va_score: 0.710000
te_loss: 0.476568, te_score: 0.780000

time = 17
tr_loss: 0.589580, tr_score: 0.702500
va_loss: 0.545299, va_score: 0.780000
te_loss: 0.531521, te_score: 0.770000

time = 17
tr_loss: 0.590659, tr_score: 0.712500
va_loss: 0.704630, va_score: 0.640000
te_loss: 0.639563, te_score: 0.660000

time = 17
tr_loss: 0.550101, tr_score: 0.713750
va_loss: 0.517779, va_score: 0.720000
te_loss: 0.552451, te_score: 0.710000

time = 17
tr_loss: 0.586576, tr_score: 0.710000
va_loss: 0.685879, va_score: 0.610000
te_loss: 0.588205, te_score: 0.710000

time = 17
tr_loss: 0.578193, tr_score: 0.706250
va_loss: 0.591670, va_score: 0.690000
te_loss: 0.573925, te_score: 0.730000

time = 17
tr_loss: 0.586563, tr_score: 0.713750
va_loss: 0.566872, va_score: 0.740000
te_loss: 0.596521, te_score: 0.660000

time = 17
tr_loss: 0.577152, tr_score: 0.718750
va_loss: 0.577140, va_score: 0.720000
te_loss: 0.590295, te_score: 0.710000

======================================================
17  Seed:  [9997. 6891. 7283.  296. 4194.  627. 9187. 9699.  412. 3964. 5059. 1882.
 6859. 7098. 9012. 6459. 3018. 8410. 9321. 1260.]
tr_loss: 0.576933, tr_score: 0.712688
va_loss: 0.603738, va_score: 0.694000
te_loss: 0.589040, te_score: 0.700500
time = 18
tr_loss: 0.609768, tr_score: 0.710000
va_loss: 0.606622, va_score: 0.700000
te_loss: 0.595915, te_score: 0.720000

time = 18
tr_loss: 0.546875, tr_score: 0.728750
va_loss: 0.539237, va_score: 0.760000
te_loss: 0.502799, te_score: 0.760000

time = 18
tr_loss: 0.601773, tr_score: 0.702500
va_loss: 0.579699, va_score: 0.730000
te_loss: 0.622948, te_score: 0.670000

time = 18
tr_loss: 0.558300, tr_score: 0.738750
va_loss: 0.590715, va_score: 0.710000
te_loss: 0.545949, te_score: 0.750000

time = 18
tr_loss: 0.601839, tr_score: 0.690000
va_loss: 0.607182, va_score: 0.720000
te_loss: 0.538033, te_score: 0.760000

time = 18
tr_loss: 0.581012, tr_score: 0.712500
va_loss: 0.565443, va_score: 0.750000
te_loss: 0.577461, te_score: 0.760000

time = 18
tr_loss: 0.583795, tr_score: 0.701250
va_loss: 0.617665, va_score: 0.640000
te_loss: 0.530244, te_score: 0.750000

time = 18
tr_loss: 0.574422, tr_score: 0.715000
va_loss: 0.619195, va_score: 0.700000
te_loss: 0.695612, te_score: 0.580000

time = 18
tr_loss: 0.570450, tr_score: 0.718750
va_loss: 0.541958, va_score: 0.740000
te_loss: 0.589824, te_score: 0.640000

time = 18
tr_loss: 0.543107, tr_score: 0.711250
va_loss: 0.551153, va_score: 0.680000
te_loss: 0.580044, te_score: 0.670000

time = 18
tr_loss: 0.635112, tr_score: 0.695000
va_loss: 0.635800, va_score: 0.650000
te_loss: 0.650462, te_score: 0.750000

time = 18
tr_loss: 0.563682, tr_score: 0.728750
va_loss: 0.563886, va_score: 0.740000
te_loss: 0.579934, te_score: 0.710000

time = 18
tr_loss: 0.601937, tr_score: 0.708750
va_loss: 0.617393, va_score: 0.690000
te_loss: 0.598914, te_score: 0.690000

time = 18
tr_loss: 0.594544, tr_score: 0.701250
va_loss: 0.561203, va_score: 0.750000
te_loss: 0.559317, te_score: 0.720000

time = 18
tr_loss: 0.571323, tr_score: 0.706250
va_loss: 0.532584, va_score: 0.760000
te_loss: 0.528622, te_score: 0.700000

time = 18
tr_loss: 0.563094, tr_score: 0.703750
va_loss: 0.519318, va_score: 0.730000
te_loss: 0.476337, te_score: 0.730000

time = 18
tr_loss: 0.592253, tr_score: 0.698750
va_loss: 0.641627, va_score: 0.660000
te_loss: 0.559978, te_score: 0.750000

time = 18
tr_loss: 0.531294, tr_score: 0.723750
va_loss: 0.507054, va_score: 0.740000
te_loss: 0.568929, te_score: 0.690000

time = 18
tr_loss: 0.590549, tr_score: 0.698750
va_loss: 0.570206, va_score: 0.750000
te_loss: 0.621116, te_score: 0.670000

time = 18
tr_loss: 0.589267, tr_score: 0.701250
va_loss: 0.510089, va_score: 0.750000
te_loss: 0.626141, te_score: 0.680000

======================================================
18  Seed:  [ 873. 4207. 9606. 9170. 6333. 9407. 8590.  438. 6112. 2282. 5826. 4132.
 5788. 3773.  899. 1544. 7119. 3120. 1138. 3253.]
tr_loss: 0.580220, tr_score: 0.709750
va_loss: 0.573901, va_score: 0.717500
te_loss: 0.577429, te_score: 0.707500
time = 19
tr_loss: 0.582908, tr_score: 0.717500
va_loss: 0.640465, va_score: 0.660000
te_loss: 0.626525, te_score: 0.650000

time = 19
tr_loss: 0.602741, tr_score: 0.687500
va_loss: 0.650985, va_score: 0.660000
te_loss: 0.690914, te_score: 0.620000

time = 19
tr_loss: 0.558804, tr_score: 0.708750
va_loss: 0.488190, va_score: 0.780000
te_loss: 0.571764, te_score: 0.700000

time = 19
tr_loss: 0.568090, tr_score: 0.696250
va_loss: 0.562461, va_score: 0.670000
te_loss: 0.583604, te_score: 0.710000

time = 19
tr_loss: 0.621431, tr_score: 0.690000
va_loss: 0.605135, va_score: 0.720000
te_loss: 0.574086, te_score: 0.740000

time = 19
tr_loss: 0.612239, tr_score: 0.701250
va_loss: 0.594894, va_score: 0.720000
te_loss: 0.635820, te_score: 0.670000

time = 19
tr_loss: 0.626364, tr_score: 0.618750
va_loss: 0.553908, va_score: 0.690000
te_loss: 0.647453, te_score: 0.640000

time = 19
tr_loss: 0.554680, tr_score: 0.733750
va_loss: 0.583554, va_score: 0.740000
te_loss: 0.604568, te_score: 0.670000

time = 19
tr_loss: 0.581313, tr_score: 0.715000
va_loss: 0.607839, va_score: 0.730000
te_loss: 0.507139, te_score: 0.770000

time = 19
tr_loss: 0.554403, tr_score: 0.723750
va_loss: 0.606210, va_score: 0.670000
te_loss: 0.589164, te_score: 0.700000

time = 19
tr_loss: 0.597743, tr_score: 0.705000
va_loss: 0.649496, va_score: 0.700000
te_loss: 0.619799, te_score: 0.670000

time = 19
tr_loss: 0.598851, tr_score: 0.707500
va_loss: 0.635930, va_score: 0.710000
te_loss: 0.612662, te_score: 0.680000

time = 19
tr_loss: 0.602040, tr_score: 0.693750
va_loss: 0.653685, va_score: 0.670000
te_loss: 0.651051, te_score: 0.670000

time = 19
tr_loss: 0.573915, tr_score: 0.711250
va_loss: 0.579324, va_score: 0.720000
te_loss: 0.615065, te_score: 0.660000

time = 19
tr_loss: 0.562717, tr_score: 0.708750
va_loss: 0.593322, va_score: 0.710000
te_loss: 0.497133, te_score: 0.770000

time = 19
tr_loss: 0.577805, tr_score: 0.696250
va_loss: 0.533336, va_score: 0.760000
te_loss: 0.539052, te_score: 0.750000

time = 19
tr_loss: 0.555057, tr_score: 0.717500
va_loss: 0.587804, va_score: 0.690000
te_loss: 0.578502, te_score: 0.710000

time = 19
tr_loss: 0.595435, tr_score: 0.707500
va_loss: 0.628517, va_score: 0.680000
te_loss: 0.567287, te_score: 0.700000

time = 19
tr_loss: 0.593452, tr_score: 0.708750
va_loss: 0.560211, va_score: 0.730000
te_loss: 0.563136, te_score: 0.720000

time = 19
tr_loss: 0.572067, tr_score: 0.721250
va_loss: 0.641635, va_score: 0.640000
te_loss: 0.581004, te_score: 0.730000

======================================================
19  Seed:  [3709. 6253. 7969. 4492. 4878.  212. 2129. 7387.  610. 9877. 6936. 8416.
 1824. 6324. 9841. 5493. 7619. 7977.  518. 1963.]
tr_loss: 0.584603, tr_score: 0.703500
va_loss: 0.597845, va_score: 0.702500
te_loss: 0.592786, te_score: 0.696500
time = 20
tr_loss: 0.552119, tr_score: 0.715000
va_loss: 0.598927, va_score: 0.660000
te_loss: 0.561126, te_score: 0.710000

time = 20
tr_loss: 0.529173, tr_score: 0.740000
va_loss: 0.514369, va_score: 0.780000
te_loss: 0.488204, te_score: 0.740000

time = 20
tr_loss: 0.557048, tr_score: 0.707500
va_loss: 0.557347, va_score: 0.720000
te_loss: 0.628112, te_score: 0.630000

time = 20
tr_loss: 0.588412, tr_score: 0.701250
va_loss: 0.672939, va_score: 0.660000
te_loss: 0.546082, te_score: 0.770000

time = 20
tr_loss: 0.579141, tr_score: 0.716250
va_loss: 0.665028, va_score: 0.650000
te_loss: 0.603504, te_score: 0.690000

time = 20
tr_loss: 0.577670, tr_score: 0.705000
va_loss: 0.515263, va_score: 0.740000
te_loss: 0.567453, te_score: 0.700000

time = 20
tr_loss: 0.605870, tr_score: 0.692500
va_loss: 0.552554, va_score: 0.760000
te_loss: 0.636408, te_score: 0.700000

time = 20
tr_loss: 0.600754, tr_score: 0.712500
va_loss: 0.639051, va_score: 0.640000
te_loss: 0.541767, te_score: 0.760000

time = 20
tr_loss: 0.541621, tr_score: 0.733750
va_loss: 0.564008, va_score: 0.730000
te_loss: 0.517562, te_score: 0.800000

time = 20
tr_loss: 0.605896, tr_score: 0.687500
va_loss: 0.528448, va_score: 0.770000
te_loss: 0.568983, te_score: 0.720000

time = 20
tr_loss: 0.575224, tr_score: 0.718750
va_loss: 0.603890, va_score: 0.700000
te_loss: 0.557595, te_score: 0.760000

time = 20
tr_loss: 0.609975, tr_score: 0.701250
va_loss: 0.571755, va_score: 0.730000
te_loss: 0.571292, te_score: 0.730000

time = 20
tr_loss: 0.558372, tr_score: 0.722500
va_loss: 0.519024, va_score: 0.780000
te_loss: 0.625287, te_score: 0.670000

time = 20
tr_loss: 0.516062, tr_score: 0.736250
va_loss: 0.497617, va_score: 0.750000
te_loss: 0.553225, te_score: 0.710000

time = 20
tr_loss: 0.562216, tr_score: 0.710000
va_loss: 0.571442, va_score: 0.700000
te_loss: 0.626773, te_score: 0.680000

time = 20
tr_loss: 0.541607, tr_score: 0.746250
va_loss: 0.654035, va_score: 0.680000
te_loss: 0.590504, te_score: 0.690000

time = 20
tr_loss: 0.588741, tr_score: 0.697500
va_loss: 0.596328, va_score: 0.730000
te_loss: 0.578407, te_score: 0.730000

time = 20
tr_loss: 0.530457, tr_score: 0.722500
va_loss: 0.576320, va_score: 0.710000
te_loss: 0.589430, te_score: 0.710000

time = 20
tr_loss: 0.576740, tr_score: 0.716250
va_loss: 0.508827, va_score: 0.760000
te_loss: 0.575518, te_score: 0.720000

time = 20
tr_loss: 0.602362, tr_score: 0.731250
va_loss: 0.639526, va_score: 0.670000
te_loss: 0.626885, te_score: 0.720000

======================================================
20  Seed:  [8890. 5137. 6638. 5364. 3035. 4210. 5798. 9783. 7946.  146. 8127. 1556.
 1338. 7812. 5900. 6230. 6141. 6234. 5455. 7649.]
tr_loss: 0.569973, tr_score: 0.715687
va_loss: 0.577335, va_score: 0.716000
te_loss: 0.577706, te_score: 0.717000


mid seed:  [1237. 6412. 2121. 6405. 4525. 1302. 1340. 7513. 9914. 1173. 2339. 2687.
 5417. 1769. 4522. 4161. 3470. 2003. 6862. 6659.]
mid test scores 0.707
