time = 0
tr_loss: 0.551191, tr_score: 0.722500
va_loss: 0.589547, va_score: 0.700000
te_loss: 0.561888, te_score: 0.710000

time = 0
tr_loss: 0.571682, tr_score: 0.727500
va_loss: 0.644542, va_score: 0.670000
te_loss: 0.695605, te_score: 0.600000

time = 0
tr_loss: 0.504362, tr_score: 0.751250
va_loss: 0.554362, va_score: 0.710000
te_loss: 0.605465, te_score: 0.680000

time = 0
tr_loss: 0.614970, tr_score: 0.688750
va_loss: 0.591500, va_score: 0.720000
te_loss: 0.580337, te_score: 0.730000

time = 0
tr_loss: 0.532949, tr_score: 0.738750
va_loss: 0.602049, va_score: 0.630000
te_loss: 0.499181, te_score: 0.770000

time = 0
tr_loss: 0.579747, tr_score: 0.741250
va_loss: 0.647915, va_score: 0.610000
te_loss: 0.656911, te_score: 0.620000

time = 0
tr_loss: 0.604168, tr_score: 0.691250
va_loss: 0.626716, va_score: 0.660000
te_loss: 0.528348, te_score: 0.790000

time = 0
tr_loss: 0.557595, tr_score: 0.722500
va_loss: 0.509086, va_score: 0.780000
te_loss: 0.590403, te_score: 0.710000

time = 0
tr_loss: 0.570212, tr_score: 0.721250
va_loss: 0.520425, va_score: 0.740000
te_loss: 0.579944, te_score: 0.690000

time = 0
tr_loss: 0.614967, tr_score: 0.683750
va_loss: 0.617250, va_score: 0.660000
te_loss: 0.528231, te_score: 0.770000

time = 0
tr_loss: 0.561391, tr_score: 0.713750
va_loss: 0.517104, va_score: 0.740000
te_loss: 0.674019, te_score: 0.620000

time = 0
tr_loss: 0.539010, tr_score: 0.716250
va_loss: 0.598022, va_score: 0.700000
te_loss: 0.723689, te_score: 0.580000

time = 0
tr_loss: 0.568746, tr_score: 0.716250
va_loss: 0.602710, va_score: 0.670000
te_loss: 0.667952, te_score: 0.630000

time = 0
tr_loss: 0.590001, tr_score: 0.690000
va_loss: 0.571571, va_score: 0.730000
te_loss: 0.687801, te_score: 0.640000

time = 0
tr_loss: 0.579580, tr_score: 0.708750
va_loss: 0.578601, va_score: 0.690000
te_loss: 0.581501, te_score: 0.720000

time = 0
tr_loss: 0.597300, tr_score: 0.698750
va_loss: 0.647742, va_score: 0.660000
te_loss: 0.617163, te_score: 0.690000

time = 0
tr_loss: 0.601504, tr_score: 0.703750
va_loss: 0.638710, va_score: 0.650000
te_loss: 0.606952, te_score: 0.720000

time = 0
tr_loss: 0.593187, tr_score: 0.710000
va_loss: 0.569621, va_score: 0.750000
te_loss: 0.614070, te_score: 0.680000

time = 0
tr_loss: 0.582185, tr_score: 0.715000
va_loss: 0.629564, va_score: 0.670000
te_loss: 0.667673, te_score: 0.630000

time = 0
tr_loss: 0.580953, tr_score: 0.726250
va_loss: 0.541705, va_score: 0.750000
te_loss: 0.637135, te_score: 0.660000

======================================================
0  Seed:  [ 140. 2411. 2238. 5068. 2300. 9812. 6334. 4380. 4021. 8554. 2226. 8534.
 4715. 7921. 4457. 6212.  255.  495. 8301.  932.]
tr_loss: 0.574785, tr_score: 0.714375
va_loss: 0.589937, va_score: 0.694500
te_loss: 0.615213, te_score: 0.682000
time = 1
tr_loss: 0.575519, tr_score: 0.726250
va_loss: 0.673858, va_score: 0.630000
te_loss: 0.614962, te_score: 0.690000

time = 1
tr_loss: 0.596710, tr_score: 0.722500
va_loss: 0.665509, va_score: 0.650000
te_loss: 0.583194, te_score: 0.740000

time = 1
tr_loss: 0.534271, tr_score: 0.713750
va_loss: 0.551120, va_score: 0.760000
te_loss: 0.479563, te_score: 0.770000

time = 1
tr_loss: 0.557388, tr_score: 0.718750
va_loss: 0.549576, va_score: 0.750000
te_loss: 0.619049, te_score: 0.640000

time = 1
tr_loss: 0.568789, tr_score: 0.720000
va_loss: 0.634835, va_score: 0.690000
te_loss: 0.579758, te_score: 0.730000

time = 1
tr_loss: 0.511795, tr_score: 0.730000
va_loss: 0.474787, va_score: 0.770000
te_loss: 0.482489, te_score: 0.770000

time = 1
tr_loss: 0.592568, tr_score: 0.705000
va_loss: 0.598868, va_score: 0.710000
te_loss: 0.582957, te_score: 0.690000

time = 1
tr_loss: 0.627696, tr_score: 0.655000
va_loss: 0.551536, va_score: 0.770000
te_loss: 0.583082, te_score: 0.750000

time = 1
tr_loss: 0.525809, tr_score: 0.738750
va_loss: 0.539226, va_score: 0.710000
te_loss: 0.485755, te_score: 0.780000

time = 1
tr_loss: 0.553653, tr_score: 0.723750
va_loss: 0.568939, va_score: 0.730000
te_loss: 0.655270, te_score: 0.600000

time = 1
tr_loss: 0.598055, tr_score: 0.711250
va_loss: 0.646549, va_score: 0.660000
te_loss: 0.519582, te_score: 0.780000

time = 1
tr_loss: 0.614555, tr_score: 0.710000
va_loss: 0.626371, va_score: 0.670000
te_loss: 0.608727, te_score: 0.710000

time = 1
tr_loss: 0.576001, tr_score: 0.715000
va_loss: 0.536062, va_score: 0.780000
te_loss: 0.604575, te_score: 0.630000

time = 1
tr_loss: 0.590600, tr_score: 0.716250
va_loss: 0.543522, va_score: 0.720000
te_loss: 0.611731, te_score: 0.710000

time = 1
tr_loss: 0.576576, tr_score: 0.721250
va_loss: 0.623229, va_score: 0.680000
te_loss: 0.587956, te_score: 0.680000

time = 1
tr_loss: 0.616358, tr_score: 0.697500
va_loss: 0.643348, va_score: 0.690000
te_loss: 0.613071, te_score: 0.670000

time = 1
tr_loss: 0.588381, tr_score: 0.717500
va_loss: 0.528888, va_score: 0.810000
te_loss: 0.593494, te_score: 0.720000

time = 1
tr_loss: 0.560409, tr_score: 0.741250
va_loss: 0.626731, va_score: 0.640000
te_loss: 0.548319, te_score: 0.760000

time = 1
tr_loss: 0.605797, tr_score: 0.711250
va_loss: 0.556348, va_score: 0.800000
te_loss: 0.681484, te_score: 0.680000

time = 1
tr_loss: 0.611873, tr_score: 0.705000
va_loss: 0.577648, va_score: 0.740000
te_loss: 0.550885, te_score: 0.770000

======================================================
1  Seed:  [8640.  888. 4066.  552. 1437. 6591. 8969.  824. 8811.  938.  550. 9822.
 6241. 3057. 1352. 8361. 5326. 3377. 2314. 8889.]
tr_loss: 0.579140, tr_score: 0.715000
va_loss: 0.585848, va_score: 0.718000
te_loss: 0.579295, te_score: 0.713500
time = 2
tr_loss: 0.593337, tr_score: 0.710000
va_loss: 0.592395, va_score: 0.710000
te_loss: 0.583690, te_score: 0.720000

time = 2
tr_loss: 0.616518, tr_score: 0.656250
va_loss: 0.574385, va_score: 0.660000
te_loss: 0.651668, te_score: 0.650000

time = 2
tr_loss: 0.602778, tr_score: 0.708750
va_loss: 0.562847, va_score: 0.760000
te_loss: 0.603396, te_score: 0.730000

time = 2
tr_loss: 0.548644, tr_score: 0.733750
va_loss: 0.605211, va_score: 0.700000
te_loss: 0.585832, te_score: 0.720000

time = 2
tr_loss: 0.593957, tr_score: 0.702500
va_loss: 0.617304, va_score: 0.700000
te_loss: 0.511368, te_score: 0.780000

time = 2
tr_loss: 0.565559, tr_score: 0.716250
va_loss: 0.565800, va_score: 0.710000
te_loss: 0.635546, te_score: 0.650000

time = 2
tr_loss: 0.627563, tr_score: 0.657500
va_loss: 0.672066, va_score: 0.600000
te_loss: 0.637373, te_score: 0.640000

time = 2
tr_loss: 0.573277, tr_score: 0.698750
va_loss: 0.557976, va_score: 0.700000
te_loss: 0.529893, te_score: 0.710000

time = 2
tr_loss: 0.560440, tr_score: 0.706250
va_loss: 0.541311, va_score: 0.710000
te_loss: 0.640564, te_score: 0.650000

time = 2
tr_loss: 0.578574, tr_score: 0.713750
va_loss: 0.547387, va_score: 0.740000
te_loss: 0.564495, te_score: 0.730000

time = 2
tr_loss: 0.540512, tr_score: 0.713750
va_loss: 0.540240, va_score: 0.700000
te_loss: 0.605305, te_score: 0.650000

time = 2
tr_loss: 0.600680, tr_score: 0.695000
va_loss: 0.568351, va_score: 0.760000
te_loss: 0.550575, te_score: 0.740000

time = 2
tr_loss: 0.605011, tr_score: 0.695000
va_loss: 0.597416, va_score: 0.690000
te_loss: 0.562260, te_score: 0.680000

time = 2
tr_loss: 0.594327, tr_score: 0.715000
va_loss: 0.562146, va_score: 0.750000
te_loss: 0.592431, te_score: 0.690000

time = 2
tr_loss: 0.603765, tr_score: 0.695000
va_loss: 0.651345, va_score: 0.680000
te_loss: 0.595500, te_score: 0.720000

time = 2
tr_loss: 0.608927, tr_score: 0.691250
va_loss: 0.546568, va_score: 0.740000
te_loss: 0.549137, te_score: 0.770000

time = 2
tr_loss: 0.581598, tr_score: 0.713750
va_loss: 0.552471, va_score: 0.730000
te_loss: 0.601014, te_score: 0.710000

time = 2
tr_loss: 0.603556, tr_score: 0.685000
va_loss: 0.638152, va_score: 0.650000
te_loss: 0.550989, te_score: 0.750000

time = 2
tr_loss: 0.535885, tr_score: 0.738750
va_loss: 0.553830, va_score: 0.710000
te_loss: 0.543791, te_score: 0.730000

time = 2
tr_loss: 0.582581, tr_score: 0.705000
va_loss: 0.544550, va_score: 0.730000
te_loss: 0.660146, te_score: 0.680000

======================================================
2  Seed:  [5478. 7027. 2150. 7559. 3662. 2043. 8598. 4158. 6442. 4398. 3939. 9768.
 5143. 2231.  162. 6860. 3496. 7749. 2530. 2730.]
tr_loss: 0.585875, tr_score: 0.702562
va_loss: 0.579588, va_score: 0.706500
te_loss: 0.587749, te_score: 0.705000
time = 3
tr_loss: 0.589022, tr_score: 0.722500
va_loss: 0.649310, va_score: 0.710000
te_loss: 0.598521, te_score: 0.700000

time = 3
tr_loss: 0.534870, tr_score: 0.722500
va_loss: 0.563919, va_score: 0.680000
te_loss: 0.559945, te_score: 0.720000

time = 3
tr_loss: 0.539412, tr_score: 0.737500
va_loss: 0.614783, va_score: 0.700000
te_loss: 0.662549, te_score: 0.620000

time = 3
tr_loss: 0.590754, tr_score: 0.690000
va_loss: 0.532544, va_score: 0.780000
te_loss: 0.617623, te_score: 0.710000

time = 3
tr_loss: 0.557423, tr_score: 0.713750
va_loss: 0.522879, va_score: 0.750000
te_loss: 0.585709, te_score: 0.700000

time = 3
tr_loss: 0.576081, tr_score: 0.711250
va_loss: 0.524668, va_score: 0.770000
te_loss: 0.578474, te_score: 0.650000

time = 3
tr_loss: 0.617582, tr_score: 0.713750
va_loss: 0.688594, va_score: 0.630000
te_loss: 0.653603, te_score: 0.700000

time = 3
tr_loss: 0.537515, tr_score: 0.725000
va_loss: 0.632779, va_score: 0.640000
te_loss: 0.645833, te_score: 0.640000

time = 3
tr_loss: 0.613913, tr_score: 0.707500
va_loss: 0.675633, va_score: 0.640000
te_loss: 0.605177, te_score: 0.700000

time = 3
tr_loss: 0.588522, tr_score: 0.711250
va_loss: 0.587718, va_score: 0.710000
te_loss: 0.557337, te_score: 0.720000

time = 3
tr_loss: 0.601414, tr_score: 0.683750
va_loss: 0.628234, va_score: 0.680000
te_loss: 0.593101, te_score: 0.680000

time = 3
tr_loss: 0.600507, tr_score: 0.701250
va_loss: 0.566423, va_score: 0.740000
te_loss: 0.609204, te_score: 0.680000

time = 3
tr_loss: 0.584855, tr_score: 0.696250
va_loss: 0.580134, va_score: 0.720000
te_loss: 0.579177, te_score: 0.710000

time = 3
tr_loss: 0.636314, tr_score: 0.693750
va_loss: 0.668545, va_score: 0.680000
te_loss: 0.604105, te_score: 0.730000

time = 3
tr_loss: 0.580394, tr_score: 0.722500
va_loss: 0.701827, va_score: 0.630000
te_loss: 0.602414, te_score: 0.680000

time = 3
tr_loss: 0.588292, tr_score: 0.701250
va_loss: 0.614088, va_score: 0.680000
te_loss: 0.578765, te_score: 0.710000

time = 3
tr_loss: 0.549667, tr_score: 0.737500
va_loss: 0.546338, va_score: 0.730000
te_loss: 0.569478, te_score: 0.700000

time = 3
tr_loss: 0.616153, tr_score: 0.708750
va_loss: 0.691897, va_score: 0.630000
te_loss: 0.602466, te_score: 0.710000

time = 3
tr_loss: 0.596557, tr_score: 0.722500
va_loss: 0.649904, va_score: 0.690000
te_loss: 0.614140, te_score: 0.660000

time = 3
tr_loss: 0.608523, tr_score: 0.693750
va_loss: 0.620274, va_score: 0.680000
te_loss: 0.584429, te_score: 0.710000

======================================================
3  Seed:  [6469. 3301. 7178. 4323. 9525.  454. 7215. 4562. 5178. 3971. 9338. 3960.
 2970. 9630. 2254.  396. 4264. 8949. 7913. 1289.]
tr_loss: 0.585388, tr_score: 0.710813
va_loss: 0.613025, va_score: 0.693500
te_loss: 0.600103, te_score: 0.691500
time = 4
tr_loss: 0.566398, tr_score: 0.713750
va_loss: 0.554048, va_score: 0.760000
te_loss: 0.522793, te_score: 0.780000

time = 4
tr_loss: 0.593425, tr_score: 0.700000
va_loss: 0.528830, va_score: 0.800000
te_loss: 0.601254, te_score: 0.690000

time = 4
tr_loss: 0.499663, tr_score: 0.752500
va_loss: 0.499565, va_score: 0.770000
te_loss: 0.531782, te_score: 0.770000

time = 4
tr_loss: 0.560912, tr_score: 0.711250
va_loss: 0.530336, va_score: 0.770000
te_loss: 0.566166, te_score: 0.680000

time = 4
tr_loss: 0.527543, tr_score: 0.727500
va_loss: 0.572008, va_score: 0.660000
te_loss: 0.549795, te_score: 0.720000

time = 4
tr_loss: 0.568069, tr_score: 0.703750
va_loss: 0.561017, va_score: 0.710000
te_loss: 0.545226, te_score: 0.740000

time = 4
tr_loss: 0.594969, tr_score: 0.695000
va_loss: 0.575817, va_score: 0.720000
te_loss: 0.574410, te_score: 0.720000

time = 4
tr_loss: 0.596380, tr_score: 0.705000
va_loss: 0.715113, va_score: 0.610000
te_loss: 0.538090, te_score: 0.750000

time = 4
tr_loss: 0.576613, tr_score: 0.705000
va_loss: 0.631388, va_score: 0.650000
te_loss: 0.552647, te_score: 0.750000

time = 4
tr_loss: 0.550720, tr_score: 0.706250
va_loss: 0.542888, va_score: 0.710000
te_loss: 0.548780, te_score: 0.720000

time = 4
tr_loss: 0.649337, tr_score: 0.652500
va_loss: 0.658370, va_score: 0.660000
te_loss: 0.630163, te_score: 0.670000

time = 4
tr_loss: 0.591448, tr_score: 0.711250
va_loss: 0.585645, va_score: 0.720000
te_loss: 0.589166, te_score: 0.710000

time = 4
tr_loss: 0.594541, tr_score: 0.716250
va_loss: 0.529889, va_score: 0.780000
te_loss: 0.634360, te_score: 0.670000

time = 4
tr_loss: 0.570605, tr_score: 0.718750
va_loss: 0.534099, va_score: 0.760000
te_loss: 0.548150, te_score: 0.750000

time = 4
tr_loss: 0.590566, tr_score: 0.713750
va_loss: 0.598906, va_score: 0.710000
te_loss: 0.683269, te_score: 0.610000

time = 4
tr_loss: 0.548297, tr_score: 0.718750
va_loss: 0.522949, va_score: 0.790000
te_loss: 0.551278, te_score: 0.750000

time = 4
tr_loss: 0.604989, tr_score: 0.712500
va_loss: 0.547108, va_score: 0.760000
te_loss: 0.627970, te_score: 0.680000

time = 4
tr_loss: 0.583421, tr_score: 0.730000
va_loss: 0.565361, va_score: 0.750000
te_loss: 0.609438, te_score: 0.680000

time = 4
tr_loss: 0.599624, tr_score: 0.683750
va_loss: 0.676452, va_score: 0.650000
te_loss: 0.664125, te_score: 0.650000

time = 4
tr_loss: 0.603572, tr_score: 0.703750
va_loss: 0.608240, va_score: 0.660000
te_loss: 0.581452, te_score: 0.730000

======================================================
4  Seed:  [8744.  130. 2730. 2289. 3436.   91. 5431.  214. 1996. 7906. 4318. 5189.
 9458. 5884. 7590. 9032. 7937. 3024. 1021. 9551.]
tr_loss: 0.578555, tr_score: 0.709063
va_loss: 0.576901, va_score: 0.720000
te_loss: 0.582516, te_score: 0.711000
time = 5
tr_loss: 0.516922, tr_score: 0.748750
va_loss: 0.565600, va_score: 0.700000
te_loss: 0.565511, te_score: 0.750000

time = 5
tr_loss: 0.598702, tr_score: 0.712500
va_loss: 0.624031, va_score: 0.720000
te_loss: 0.541779, te_score: 0.770000

time = 5
tr_loss: 0.558744, tr_score: 0.725000
va_loss: 0.610115, va_score: 0.700000
te_loss: 0.579443, te_score: 0.720000

time = 5
tr_loss: 0.583155, tr_score: 0.707500
va_loss: 0.604684, va_score: 0.680000
te_loss: 0.596194, te_score: 0.700000

time = 5
tr_loss: 0.577970, tr_score: 0.711250
va_loss: 0.619045, va_score: 0.700000
te_loss: 0.534333, te_score: 0.770000

time = 5
tr_loss: 0.606603, tr_score: 0.673750
va_loss: 0.602042, va_score: 0.740000
te_loss: 0.580709, te_score: 0.760000

time = 5
tr_loss: 0.575431, tr_score: 0.711250
va_loss: 0.500099, va_score: 0.770000
te_loss: 0.573366, te_score: 0.720000

time = 5
tr_loss: 0.559187, tr_score: 0.697500
va_loss: 0.546983, va_score: 0.690000
te_loss: 0.534330, te_score: 0.700000

time = 5
tr_loss: 0.584603, tr_score: 0.707500
va_loss: 0.567271, va_score: 0.690000
te_loss: 0.568921, te_score: 0.730000

time = 5
tr_loss: 0.568268, tr_score: 0.718750
va_loss: 0.551487, va_score: 0.700000
te_loss: 0.578371, te_score: 0.720000

time = 5
tr_loss: 0.549115, tr_score: 0.713750
va_loss: 0.631896, va_score: 0.710000
te_loss: 0.552148, te_score: 0.740000

time = 5
tr_loss: 0.564443, tr_score: 0.703750
va_loss: 0.475907, va_score: 0.790000
te_loss: 0.536775, te_score: 0.760000

time = 5
tr_loss: 0.561042, tr_score: 0.716250
va_loss: 0.508379, va_score: 0.780000
te_loss: 0.527771, te_score: 0.720000

time = 5
tr_loss: 0.576898, tr_score: 0.716250
va_loss: 0.576066, va_score: 0.710000
te_loss: 0.661795, te_score: 0.640000

time = 5
tr_loss: 0.580893, tr_score: 0.703750
va_loss: 0.590235, va_score: 0.700000
te_loss: 0.588763, te_score: 0.670000

time = 5
tr_loss: 0.591635, tr_score: 0.710000
va_loss: 0.519341, va_score: 0.790000
te_loss: 0.672556, te_score: 0.650000

time = 5
tr_loss: 0.560917, tr_score: 0.731250
va_loss: 0.632736, va_score: 0.660000
te_loss: 0.580094, te_score: 0.710000

time = 5
tr_loss: 0.592965, tr_score: 0.687500
va_loss: 0.525282, va_score: 0.780000
te_loss: 0.609406, te_score: 0.680000

time = 5
tr_loss: 0.580728, tr_score: 0.705000
va_loss: 0.498763, va_score: 0.800000
te_loss: 0.695939, te_score: 0.580000

time = 5
tr_loss: 0.593168, tr_score: 0.701250
va_loss: 0.649231, va_score: 0.680000
te_loss: 0.600256, te_score: 0.710000

======================================================
5  Seed:  [1237. 6412. 2121. 6405. 4525. 1302. 1340. 7513. 9914. 1173. 2339. 2687.
 5417. 1769. 4522. 4161. 3470. 2003. 6862. 6659.]
tr_loss: 0.574070, tr_score: 0.710125
va_loss: 0.569960, va_score: 0.724500
te_loss: 0.583923, te_score: 0.710000
time = 6
tr_loss: 0.583184, tr_score: 0.710000
va_loss: 0.534507, va_score: 0.760000
te_loss: 0.599513, te_score: 0.680000

time = 6
tr_loss: 0.661923, tr_score: 0.710000
va_loss: 0.713878, va_score: 0.660000
te_loss: 0.742907, te_score: 0.660000

time = 6
tr_loss: 0.560893, tr_score: 0.708750
va_loss: 0.563114, va_score: 0.670000
te_loss: 0.630051, te_score: 0.670000

time = 6
tr_loss: 0.542894, tr_score: 0.723750
va_loss: 0.532336, va_score: 0.770000
te_loss: 0.592957, te_score: 0.650000

time = 6
tr_loss: 0.605098, tr_score: 0.690000
va_loss: 0.638443, va_score: 0.660000
te_loss: 0.556425, te_score: 0.740000

time = 6
tr_loss: 0.510038, tr_score: 0.735000
va_loss: 0.561250, va_score: 0.700000
te_loss: 0.608830, te_score: 0.640000

time = 6
tr_loss: 0.593878, tr_score: 0.708750
va_loss: 0.614139, va_score: 0.660000
te_loss: 0.588808, te_score: 0.710000

time = 6
tr_loss: 0.590373, tr_score: 0.706250
va_loss: 0.614895, va_score: 0.690000
te_loss: 0.570060, te_score: 0.710000

time = 6
tr_loss: 0.597040, tr_score: 0.706250
va_loss: 0.527935, va_score: 0.790000
te_loss: 0.626025, te_score: 0.710000

time = 6
tr_loss: 0.573067, tr_score: 0.701250
va_loss: 0.538933, va_score: 0.740000
te_loss: 0.612760, te_score: 0.660000

time = 6
tr_loss: 0.569578, tr_score: 0.726250
va_loss: 0.620969, va_score: 0.720000
te_loss: 0.651124, te_score: 0.620000

time = 6
tr_loss: 0.580113, tr_score: 0.697500
va_loss: 0.585752, va_score: 0.720000
te_loss: 0.579973, te_score: 0.690000

time = 6
tr_loss: 0.558658, tr_score: 0.717500
va_loss: 0.540731, va_score: 0.770000
te_loss: 0.588023, te_score: 0.710000

time = 6
tr_loss: 0.577283, tr_score: 0.695000
va_loss: 0.549161, va_score: 0.730000
te_loss: 0.559033, te_score: 0.740000

time = 6
tr_loss: 0.595087, tr_score: 0.717500
va_loss: 0.596693, va_score: 0.710000
te_loss: 0.663643, te_score: 0.640000

time = 6
tr_loss: 0.550409, tr_score: 0.723750
va_loss: 0.555744, va_score: 0.720000
te_loss: 0.546873, te_score: 0.730000

time = 6
tr_loss: 0.609709, tr_score: 0.701250
va_loss: 0.599994, va_score: 0.720000
te_loss: 0.634151, te_score: 0.690000

time = 6
tr_loss: 0.602958, tr_score: 0.703750
va_loss: 0.579645, va_score: 0.730000
te_loss: 0.595309, te_score: 0.720000

time = 6
tr_loss: 0.568266, tr_score: 0.722500
va_loss: 0.592312, va_score: 0.670000
te_loss: 0.550550, te_score: 0.710000

time = 6
tr_loss: 0.593126, tr_score: 0.712500
va_loss: 0.656097, va_score: 0.680000
te_loss: 0.586118, te_score: 0.710000

======================================================
6  Seed:  [7694. 6294. 7622. 3529.   96. 7204. 5217. 3436.  887. 8110. 7803. 3805.
 1114. 2222. 9584. 2008. 1959. 4210.  576. 6097.]
tr_loss: 0.581179, tr_score: 0.710875
va_loss: 0.585826, va_score: 0.713500
te_loss: 0.604157, te_score: 0.689500
time = 7
tr_loss: 0.571172, tr_score: 0.698750
va_loss: 0.586657, va_score: 0.690000
te_loss: 0.548888, te_score: 0.730000

time = 7
tr_loss: 0.583403, tr_score: 0.695000
va_loss: 0.515662, va_score: 0.770000
te_loss: 0.557388, te_score: 0.700000

time = 7
tr_loss: 0.544102, tr_score: 0.730000
va_loss: 0.462947, va_score: 0.810000
te_loss: 0.497134, te_score: 0.800000

time = 7
tr_loss: 0.597133, tr_score: 0.701250
va_loss: 0.620598, va_score: 0.670000
te_loss: 0.586301, te_score: 0.720000

time = 7
tr_loss: 0.595694, tr_score: 0.698750
va_loss: 0.572241, va_score: 0.720000
te_loss: 0.599132, te_score: 0.700000

time = 7
tr_loss: 0.548913, tr_score: 0.732500
va_loss: 0.640735, va_score: 0.620000
te_loss: 0.550374, te_score: 0.730000

time = 7
tr_loss: 0.546319, tr_score: 0.740000
va_loss: 0.557166, va_score: 0.690000
te_loss: 0.486914, te_score: 0.780000

time = 7
tr_loss: 0.563919, tr_score: 0.735000
va_loss: 0.592621, va_score: 0.710000
te_loss: 0.591508, te_score: 0.710000

time = 7
tr_loss: 0.608621, tr_score: 0.685000
va_loss: 0.603835, va_score: 0.690000
te_loss: 0.601271, te_score: 0.650000

time = 7
tr_loss: 0.568475, tr_score: 0.708750
va_loss: 0.579480, va_score: 0.720000
te_loss: 0.578758, te_score: 0.730000

time = 7
tr_loss: 0.543405, tr_score: 0.742500
va_loss: 0.569999, va_score: 0.710000
te_loss: 0.549849, te_score: 0.770000

time = 7
tr_loss: 0.568290, tr_score: 0.727500
va_loss: 0.664231, va_score: 0.600000
te_loss: 0.501743, te_score: 0.810000

time = 7
tr_loss: 0.564701, tr_score: 0.723750
va_loss: 0.745158, va_score: 0.570000
te_loss: 0.644366, te_score: 0.650000

time = 7
tr_loss: 0.655683, tr_score: 0.702500
va_loss: 0.600392, va_score: 0.720000
te_loss: 0.732914, te_score: 0.640000

time = 7
tr_loss: 0.578506, tr_score: 0.711250
va_loss: 0.631806, va_score: 0.670000
te_loss: 0.608050, te_score: 0.650000

time = 7
tr_loss: 0.561434, tr_score: 0.717500
va_loss: 0.611878, va_score: 0.660000
te_loss: 0.570926, te_score: 0.710000

time = 7
tr_loss: 0.575066, tr_score: 0.716250
va_loss: 0.601654, va_score: 0.700000
te_loss: 0.643684, te_score: 0.650000

time = 7
tr_loss: 0.565374, tr_score: 0.716250
va_loss: 0.521640, va_score: 0.720000
te_loss: 0.648965, te_score: 0.690000

time = 7
tr_loss: 0.596524, tr_score: 0.695000
va_loss: 0.589069, va_score: 0.710000
te_loss: 0.581665, te_score: 0.730000

time = 7
tr_loss: 0.578776, tr_score: 0.712500
va_loss: 0.561747, va_score: 0.750000
te_loss: 0.602947, te_score: 0.700000

======================================================
7  Seed:  [ 667. 3641. 1333. 4721. 6871. 9519. 4778.  927. 8338.   13. 3683. 6570.
 1422. 3821. 5722.  599. 3527. 1784. 1921. 2070.]
tr_loss: 0.575775, tr_score: 0.714500
va_loss: 0.591476, va_score: 0.695000
te_loss: 0.584139, te_score: 0.712500
time = 8
tr_loss: 0.607635, tr_score: 0.693750
va_loss: 0.618636, va_score: 0.690000
te_loss: 0.517806, te_score: 0.810000

time = 8
tr_loss: 0.611331, tr_score: 0.703750
va_loss: 0.675794, va_score: 0.590000
te_loss: 0.564558, te_score: 0.760000

time = 8
tr_loss: 0.584925, tr_score: 0.706250
va_loss: 0.573270, va_score: 0.700000
te_loss: 0.570085, te_score: 0.710000

time = 8
tr_loss: 0.622689, tr_score: 0.696250
va_loss: 0.609870, va_score: 0.700000
te_loss: 0.570912, te_score: 0.740000

time = 8
tr_loss: 0.572729, tr_score: 0.720000
va_loss: 0.572197, va_score: 0.720000
te_loss: 0.571874, te_score: 0.710000

time = 8
tr_loss: 0.573600, tr_score: 0.716250
va_loss: 0.610096, va_score: 0.690000
te_loss: 0.539023, te_score: 0.770000

time = 8
tr_loss: 0.596604, tr_score: 0.705000
va_loss: 0.598400, va_score: 0.710000
te_loss: 0.648325, te_score: 0.650000

time = 8
tr_loss: 0.608601, tr_score: 0.692500
va_loss: 0.517855, va_score: 0.790000
te_loss: 0.630389, te_score: 0.700000

time = 8
tr_loss: 0.599449, tr_score: 0.712500
va_loss: 0.619030, va_score: 0.700000
te_loss: 0.571631, te_score: 0.740000

time = 8
tr_loss: 0.584847, tr_score: 0.716250
va_loss: 0.684621, va_score: 0.610000
te_loss: 0.606075, te_score: 0.710000

time = 8
tr_loss: 0.597209, tr_score: 0.697500
va_loss: 0.506372, va_score: 0.770000
te_loss: 0.525080, te_score: 0.790000

time = 8
tr_loss: 0.619565, tr_score: 0.711250
va_loss: 0.526544, va_score: 0.760000
te_loss: 0.618221, te_score: 0.690000

time = 8
tr_loss: 0.576444, tr_score: 0.710000
va_loss: 0.591254, va_score: 0.680000
te_loss: 0.582242, te_score: 0.700000

time = 8
tr_loss: 0.642342, tr_score: 0.686250
va_loss: 0.535752, va_score: 0.800000
te_loss: 0.626030, te_score: 0.710000

time = 8
tr_loss: 0.531496, tr_score: 0.742500
va_loss: 0.502477, va_score: 0.710000
te_loss: 0.543004, te_score: 0.740000

time = 8
tr_loss: 0.575566, tr_score: 0.717500
va_loss: 0.560444, va_score: 0.720000
te_loss: 0.693814, te_score: 0.570000

time = 8
tr_loss: 0.605731, tr_score: 0.715000
va_loss: 0.646714, va_score: 0.710000
te_loss: 0.609331, te_score: 0.710000

time = 8
tr_loss: 0.565070, tr_score: 0.706250
va_loss: 0.533573, va_score: 0.750000
te_loss: 0.610245, te_score: 0.670000

time = 8
tr_loss: 0.543552, tr_score: 0.728750
va_loss: 0.548034, va_score: 0.740000
te_loss: 0.601090, te_score: 0.710000

time = 8
tr_loss: 0.581316, tr_score: 0.711250
va_loss: 0.602321, va_score: 0.720000
te_loss: 0.662420, te_score: 0.630000

======================================================
8  Seed:  [4860. 8426. 6918. 8393. 2977. 1581. 7001.  814. 5947. 4477. 3311. 7270.
 5082. 4712. 7103. 6080. 5821. 8708. 4579. 2324.]
tr_loss: 0.590035, tr_score: 0.709438
va_loss: 0.581663, va_score: 0.713000
te_loss: 0.593108, te_score: 0.711000
time = 9
tr_loss: 0.560746, tr_score: 0.727500
va_loss: 0.519742, va_score: 0.740000
te_loss: 0.569012, te_score: 0.730000

time = 9
tr_loss: 0.579998, tr_score: 0.656250
va_loss: 0.636690, va_score: 0.660000
te_loss: 0.664091, te_score: 0.560000

time = 9
tr_loss: 0.515112, tr_score: 0.716250
va_loss: 0.521508, va_score: 0.720000
te_loss: 0.565904, te_score: 0.650000

time = 9
tr_loss: 0.608258, tr_score: 0.697500
va_loss: 0.620966, va_score: 0.740000
te_loss: 0.659330, te_score: 0.690000

time = 9
tr_loss: 0.572818, tr_score: 0.718750
va_loss: 0.553337, va_score: 0.740000
te_loss: 0.692842, te_score: 0.620000

time = 9
tr_loss: 0.580860, tr_score: 0.706250
va_loss: 0.594424, va_score: 0.730000
te_loss: 0.632966, te_score: 0.680000

time = 9
tr_loss: 0.589167, tr_score: 0.708750
va_loss: 0.552446, va_score: 0.740000
te_loss: 0.562932, te_score: 0.760000

time = 9
tr_loss: 0.500607, tr_score: 0.757500
va_loss: 0.509992, va_score: 0.710000
te_loss: 0.581070, te_score: 0.710000

time = 9
tr_loss: 0.514796, tr_score: 0.758750
va_loss: 0.442373, va_score: 0.800000
te_loss: 0.489446, te_score: 0.780000

time = 9
tr_loss: 0.592827, tr_score: 0.702500
va_loss: 0.649784, va_score: 0.650000
te_loss: 0.568365, te_score: 0.730000

time = 9
tr_loss: 0.587073, tr_score: 0.710000
va_loss: 0.604950, va_score: 0.690000
te_loss: 0.593588, te_score: 0.700000

time = 9
tr_loss: 0.527855, tr_score: 0.746250
va_loss: 0.473564, va_score: 0.770000
te_loss: 0.511694, te_score: 0.820000

time = 9
tr_loss: 0.564095, tr_score: 0.722500
va_loss: 0.607202, va_score: 0.670000
te_loss: 0.511339, te_score: 0.740000

time = 9
tr_loss: 0.578787, tr_score: 0.710000
va_loss: 0.551240, va_score: 0.720000
te_loss: 0.554724, te_score: 0.700000

time = 9
tr_loss: 0.618926, tr_score: 0.715000
va_loss: 0.743493, va_score: 0.600000
te_loss: 0.692281, te_score: 0.680000

time = 9
tr_loss: 0.567543, tr_score: 0.713750
va_loss: 0.556929, va_score: 0.710000
te_loss: 0.547637, te_score: 0.750000

time = 9
tr_loss: 0.527470, tr_score: 0.722500
va_loss: 0.538121, va_score: 0.730000
te_loss: 0.612951, te_score: 0.610000

time = 9
tr_loss: 0.595725, tr_score: 0.706250
va_loss: 0.599347, va_score: 0.710000
te_loss: 0.646960, te_score: 0.680000

time = 9
tr_loss: 0.565019, tr_score: 0.707500
va_loss: 0.565000, va_score: 0.700000
te_loss: 0.597351, te_score: 0.670000

time = 9
tr_loss: 0.611331, tr_score: 0.688750
va_loss: 0.570208, va_score: 0.740000
te_loss: 0.611419, te_score: 0.690000

======================================================
9  Seed:  [9948.  542.  232.  666. 5686. 1955. 6679. 1732. 8003. 9621. 2645. 4622.
 2831. 7236. 6932. 8781. 1798. 9886. 2715. 5559.]
tr_loss: 0.567951, tr_score: 0.714625
va_loss: 0.570566, va_score: 0.713500
te_loss: 0.593295, te_score: 0.697500
time = 10
tr_loss: 0.565929, tr_score: 0.715000
va_loss: 0.535243, va_score: 0.710000
te_loss: 0.552936, te_score: 0.700000

time = 10
tr_loss: 0.601437, tr_score: 0.696250
va_loss: 0.616433, va_score: 0.700000
te_loss: 0.615456, te_score: 0.700000

time = 10
tr_loss: 0.566063, tr_score: 0.718750
va_loss: 0.559697, va_score: 0.730000
te_loss: 0.695870, te_score: 0.620000

time = 10
tr_loss: 0.614035, tr_score: 0.687500
va_loss: 0.548963, va_score: 0.770000
te_loss: 0.587099, te_score: 0.730000

time = 10
tr_loss: 0.545580, tr_score: 0.726250
va_loss: 0.524385, va_score: 0.710000
te_loss: 0.499223, te_score: 0.770000

time = 10
tr_loss: 0.574534, tr_score: 0.703750
va_loss: 0.578847, va_score: 0.730000
te_loss: 0.532932, te_score: 0.760000

time = 10
tr_loss: 0.602745, tr_score: 0.697500
va_loss: 0.536361, va_score: 0.780000
te_loss: 0.553660, te_score: 0.750000

time = 10
tr_loss: 0.565585, tr_score: 0.731250
va_loss: 0.444212, va_score: 0.840000
te_loss: 0.561715, te_score: 0.740000

time = 10
tr_loss: 0.598376, tr_score: 0.707500
va_loss: 0.612627, va_score: 0.690000
te_loss: 0.654889, te_score: 0.650000

time = 10
tr_loss: 0.609242, tr_score: 0.642500
va_loss: 0.602929, va_score: 0.630000
te_loss: 0.615590, te_score: 0.610000

time = 10
tr_loss: 0.580787, tr_score: 0.710000
va_loss: 0.633319, va_score: 0.700000
te_loss: 0.577015, te_score: 0.720000

time = 10
tr_loss: 0.556175, tr_score: 0.721250
va_loss: 0.679548, va_score: 0.630000
te_loss: 0.620974, te_score: 0.690000

time = 10
tr_loss: 0.586164, tr_score: 0.697500
va_loss: 0.587816, va_score: 0.710000
te_loss: 0.592161, te_score: 0.720000

time = 10
tr_loss: 0.584415, tr_score: 0.707500
va_loss: 0.518952, va_score: 0.760000
te_loss: 0.502474, te_score: 0.760000

time = 10
tr_loss: 0.604563, tr_score: 0.703750
va_loss: 0.657221, va_score: 0.610000
te_loss: 0.637485, te_score: 0.660000

time = 10
tr_loss: 0.625736, tr_score: 0.643750
va_loss: 0.597319, va_score: 0.690000
te_loss: 0.588969, te_score: 0.690000

time = 10
tr_loss: 0.624148, tr_score: 0.696250
va_loss: 0.583500, va_score: 0.760000
te_loss: 0.703487, te_score: 0.680000

time = 10
tr_loss: 0.577393, tr_score: 0.698750
va_loss: 0.584515, va_score: 0.690000
te_loss: 0.589653, te_score: 0.740000

time = 10
tr_loss: 0.560670, tr_score: 0.721250
va_loss: 0.503825, va_score: 0.770000
te_loss: 0.609237, te_score: 0.700000

time = 10
tr_loss: 0.550578, tr_score: 0.726250
va_loss: 0.660857, va_score: 0.570000
te_loss: 0.547129, te_score: 0.740000

======================================================
10  Seed:  [9217. 8758. 9318. 9902. 9257. 5433. 4194. 5342. 6064. 1182. 7632. 9724.
 4507. 4141. 7028. 4431.  710. 9505. 6403. 3797.]
tr_loss: 0.584708, tr_score: 0.702625
va_loss: 0.578328, va_score: 0.709000
te_loss: 0.591898, te_score: 0.706500
time = 11
tr_loss: 0.649412, tr_score: 0.696250
va_loss: 0.538860, va_score: 0.810000
te_loss: 0.648776, te_score: 0.630000

time = 11
tr_loss: 0.565839, tr_score: 0.703750
va_loss: 0.622733, va_score: 0.660000
te_loss: 0.703336, te_score: 0.560000

time = 11
tr_loss: 0.583606, tr_score: 0.712500
va_loss: 0.633118, va_score: 0.660000
te_loss: 0.579827, te_score: 0.750000

time = 11
tr_loss: 0.594423, tr_score: 0.701250
va_loss: 0.622845, va_score: 0.670000
te_loss: 0.554159, te_score: 0.730000

time = 11
tr_loss: 0.569868, tr_score: 0.732500
va_loss: 0.623137, va_score: 0.700000
te_loss: 0.587028, te_score: 0.700000

time = 11
tr_loss: 0.608922, tr_score: 0.708750
va_loss: 0.628808, va_score: 0.690000
te_loss: 0.551189, te_score: 0.770000

time = 11
tr_loss: 0.584945, tr_score: 0.713750
va_loss: 0.675094, va_score: 0.630000
te_loss: 0.646337, te_score: 0.640000

time = 11
tr_loss: 0.590538, tr_score: 0.718750
va_loss: 0.474845, va_score: 0.840000
te_loss: 0.644536, te_score: 0.650000

time = 11
tr_loss: 0.543423, tr_score: 0.742500
va_loss: 0.590231, va_score: 0.710000
te_loss: 0.526931, te_score: 0.730000

time = 11
tr_loss: 0.563244, tr_score: 0.727500
va_loss: 0.622717, va_score: 0.640000
te_loss: 0.613209, te_score: 0.700000

time = 11
tr_loss: 0.596858, tr_score: 0.712500
va_loss: 0.610732, va_score: 0.690000
te_loss: 0.559825, te_score: 0.770000

time = 11
tr_loss: 0.551703, tr_score: 0.735000
va_loss: 0.631489, va_score: 0.640000
te_loss: 0.656575, te_score: 0.580000

time = 11
tr_loss: 0.531042, tr_score: 0.736250
va_loss: 0.551705, va_score: 0.720000
te_loss: 0.588111, te_score: 0.690000

time = 11
tr_loss: 0.579912, tr_score: 0.717500
va_loss: 0.518612, va_score: 0.780000
te_loss: 0.642451, te_score: 0.630000

time = 11
tr_loss: 0.598900, tr_score: 0.678750
va_loss: 0.564908, va_score: 0.710000
te_loss: 0.613707, te_score: 0.680000

time = 11
tr_loss: 0.582002, tr_score: 0.708750
va_loss: 0.649126, va_score: 0.610000
te_loss: 0.572535, te_score: 0.720000

time = 11
tr_loss: 0.590304, tr_score: 0.703750
va_loss: 0.558920, va_score: 0.750000
te_loss: 0.647329, te_score: 0.630000

time = 11
tr_loss: 0.514601, tr_score: 0.746250
va_loss: 0.487382, va_score: 0.750000
te_loss: 0.598291, te_score: 0.680000

time = 11
tr_loss: 0.609619, tr_score: 0.711250
va_loss: 0.587790, va_score: 0.730000
te_loss: 0.678553, te_score: 0.640000

time = 11
tr_loss: 0.593229, tr_score: 0.695000
va_loss: 0.542163, va_score: 0.770000
te_loss: 0.618184, te_score: 0.670000

======================================================
11  Seed:  [ 276. 7096. 7576. 7225. 8005. 7496. 1258. 6191. 8489. 5152. 4572. 4247.
 5941. 8136.  978. 3169. 6643. 4121. 8439. 9382.]
tr_loss: 0.580120, tr_score: 0.715125
va_loss: 0.586761, va_score: 0.708000
te_loss: 0.611544, te_score: 0.677500
time = 12
tr_loss: 0.587050, tr_score: 0.715000
va_loss: 0.601881, va_score: 0.670000
te_loss: 0.577569, te_score: 0.740000

time = 12
tr_loss: 0.604698, tr_score: 0.700000
va_loss: 0.666591, va_score: 0.670000
te_loss: 0.579924, te_score: 0.750000

time = 12
tr_loss: 0.580955, tr_score: 0.731250
va_loss: 0.632659, va_score: 0.680000
te_loss: 0.675952, te_score: 0.620000

time = 12
tr_loss: 0.585283, tr_score: 0.715000
va_loss: 0.620061, va_score: 0.670000
te_loss: 0.717629, te_score: 0.610000

time = 12
tr_loss: 0.598125, tr_score: 0.710000
va_loss: 0.624056, va_score: 0.690000
te_loss: 0.636782, te_score: 0.660000

time = 12
tr_loss: 0.560887, tr_score: 0.728750
va_loss: 0.593307, va_score: 0.680000
te_loss: 0.596008, te_score: 0.740000

time = 12
tr_loss: 0.580749, tr_score: 0.720000
va_loss: 0.669457, va_score: 0.580000
te_loss: 0.632395, te_score: 0.640000

time = 12
tr_loss: 0.569704, tr_score: 0.716250
va_loss: 0.616287, va_score: 0.670000
te_loss: 0.615160, te_score: 0.670000

time = 12
tr_loss: 0.605414, tr_score: 0.700000
va_loss: 0.609423, va_score: 0.710000
te_loss: 0.653495, te_score: 0.660000

time = 12
tr_loss: 0.569436, tr_score: 0.731250
va_loss: 0.628828, va_score: 0.690000
te_loss: 0.596371, te_score: 0.730000

time = 12
tr_loss: 0.627008, tr_score: 0.701250
va_loss: 0.643052, va_score: 0.710000
te_loss: 0.676154, te_score: 0.660000

time = 12
tr_loss: 0.588492, tr_score: 0.707500
va_loss: 0.559535, va_score: 0.740000
te_loss: 0.590554, te_score: 0.720000

time = 12
tr_loss: 0.662132, tr_score: 0.690000
va_loss: 0.630115, va_score: 0.690000
te_loss: 0.694675, te_score: 0.640000

time = 12
tr_loss: 0.572833, tr_score: 0.715000
va_loss: 0.549248, va_score: 0.750000
te_loss: 0.556379, te_score: 0.750000

time = 12
tr_loss: 0.567539, tr_score: 0.731250
va_loss: 0.548128, va_score: 0.770000
te_loss: 0.585949, te_score: 0.720000

time = 12
tr_loss: 0.577319, tr_score: 0.725000
va_loss: 0.633391, va_score: 0.700000
te_loss: 0.590191, te_score: 0.690000

time = 12
tr_loss: 0.572141, tr_score: 0.722500
va_loss: 0.651853, va_score: 0.640000
te_loss: 0.536011, te_score: 0.750000

time = 12
tr_loss: 0.553348, tr_score: 0.711250
va_loss: 0.584217, va_score: 0.680000
te_loss: 0.507663, te_score: 0.750000

time = 12
tr_loss: 0.584798, tr_score: 0.712500
va_loss: 0.576871, va_score: 0.750000
te_loss: 0.595554, te_score: 0.660000

time = 12
tr_loss: 0.574629, tr_score: 0.721250
va_loss: 0.674609, va_score: 0.630000
te_loss: 0.605364, te_score: 0.670000

======================================================
12  Seed:  [5995. 5359. 4959. 8841. 2084. 6283. 5803. 5547. 5856. 6466. 1029. 9406.
 1119. 6504. 6270.   89. 4601. 8528. 5236. 3309.]
tr_loss: 0.586127, tr_score: 0.715250
va_loss: 0.615678, va_score: 0.688500
te_loss: 0.610989, te_score: 0.691500
time = 13
tr_loss: 0.609049, tr_score: 0.710000
va_loss: 0.610921, va_score: 0.690000
te_loss: 0.571866, te_score: 0.750000

time = 13
tr_loss: 0.622648, tr_score: 0.675000
va_loss: 0.559122, va_score: 0.700000
te_loss: 0.595973, te_score: 0.730000

time = 13
tr_loss: 0.493943, tr_score: 0.768750
va_loss: 0.469951, va_score: 0.780000
te_loss: 0.669481, te_score: 0.630000

time = 13
tr_loss: 0.592117, tr_score: 0.721250
va_loss: 0.651094, va_score: 0.680000
te_loss: 0.558149, te_score: 0.760000

time = 13
tr_loss: 0.560391, tr_score: 0.698750
va_loss: 0.604619, va_score: 0.700000
te_loss: 0.556986, te_score: 0.710000

time = 13
tr_loss: 0.575175, tr_score: 0.713750
va_loss: 0.632595, va_score: 0.680000
te_loss: 0.595825, te_score: 0.670000

time = 13
tr_loss: 0.599802, tr_score: 0.712500
va_loss: 0.620026, va_score: 0.700000
te_loss: 0.574122, te_score: 0.720000

time = 13
tr_loss: 0.588006, tr_score: 0.713750
va_loss: 0.569360, va_score: 0.720000
te_loss: 0.583110, te_score: 0.680000

time = 13
tr_loss: 0.636928, tr_score: 0.692500
va_loss: 0.615265, va_score: 0.720000
te_loss: 0.558171, te_score: 0.730000

time = 13
tr_loss: 0.588710, tr_score: 0.703750
va_loss: 0.640252, va_score: 0.610000
te_loss: 0.514387, te_score: 0.760000

time = 13
tr_loss: 0.573770, tr_score: 0.730000
va_loss: 0.615107, va_score: 0.690000
te_loss: 0.707525, te_score: 0.600000

time = 13
tr_loss: 0.569591, tr_score: 0.722500
va_loss: 0.605268, va_score: 0.650000
te_loss: 0.576652, te_score: 0.740000

time = 13
tr_loss: 0.590604, tr_score: 0.703750
va_loss: 0.625044, va_score: 0.680000
te_loss: 0.586548, te_score: 0.690000

time = 13
tr_loss: 0.591489, tr_score: 0.692500
va_loss: 0.551559, va_score: 0.750000
te_loss: 0.596500, te_score: 0.710000

time = 13
tr_loss: 0.582347, tr_score: 0.691250
va_loss: 0.545087, va_score: 0.750000
te_loss: 0.493352, te_score: 0.800000

time = 13
tr_loss: 0.590797, tr_score: 0.717500
va_loss: 0.603521, va_score: 0.700000
te_loss: 0.643737, te_score: 0.670000

time = 13
tr_loss: 0.582345, tr_score: 0.723750
va_loss: 0.610762, va_score: 0.700000
te_loss: 0.672126, te_score: 0.640000

time = 13
tr_loss: 0.547233, tr_score: 0.747500
va_loss: 0.469373, va_score: 0.810000
te_loss: 0.526091, te_score: 0.770000

time = 13
tr_loss: 0.574407, tr_score: 0.712500
va_loss: 0.536369, va_score: 0.750000
te_loss: 0.602537, te_score: 0.690000

time = 13
tr_loss: 0.622540, tr_score: 0.673750
va_loss: 0.627146, va_score: 0.700000
te_loss: 0.501524, te_score: 0.790000

======================================================
13  Seed:  [3706. 3756. 2533. 6590. 1761. 5957. 4965. 8699. 1302.  214. 1426. 3422.
 9979.   35. 8073. 6183. 7853. 8174. 4923.  725.]
tr_loss: 0.584595, tr_score: 0.711250
va_loss: 0.588122, va_score: 0.708000
te_loss: 0.584233, te_score: 0.712000
time = 14
tr_loss: 0.507248, tr_score: 0.777500
va_loss: 0.540897, va_score: 0.730000
te_loss: 0.536333, te_score: 0.730000

time = 14
tr_loss: 0.507826, tr_score: 0.766250
va_loss: 0.602416, va_score: 0.730000
te_loss: 0.500370, te_score: 0.780000

time = 14
tr_loss: 0.571213, tr_score: 0.711250
va_loss: 0.569239, va_score: 0.710000
te_loss: 0.582700, te_score: 0.710000

time = 14
tr_loss: 0.574400, tr_score: 0.690000
va_loss: 0.584890, va_score: 0.720000
te_loss: 0.518766, te_score: 0.720000

time = 14
tr_loss: 0.614814, tr_score: 0.703750
va_loss: 0.676815, va_score: 0.640000
te_loss: 0.610296, te_score: 0.710000

time = 14
tr_loss: 0.592467, tr_score: 0.706250
va_loss: 0.588649, va_score: 0.740000
te_loss: 0.642869, te_score: 0.650000

time = 14
tr_loss: 0.576795, tr_score: 0.697500
va_loss: 0.551116, va_score: 0.790000
te_loss: 0.627433, te_score: 0.700000

time = 14
tr_loss: 0.585508, tr_score: 0.717500
va_loss: 0.600899, va_score: 0.700000
te_loss: 0.583415, te_score: 0.720000

time = 14
tr_loss: 0.594666, tr_score: 0.713750
va_loss: 0.583408, va_score: 0.730000
te_loss: 0.588770, te_score: 0.710000

time = 14
tr_loss: 0.538160, tr_score: 0.722500
va_loss: 0.467789, va_score: 0.790000
te_loss: 0.594235, te_score: 0.680000

time = 14
tr_loss: 0.609132, tr_score: 0.683750
va_loss: 0.525234, va_score: 0.750000
te_loss: 0.559397, te_score: 0.730000

time = 14
tr_loss: 0.586976, tr_score: 0.710000
va_loss: 0.579807, va_score: 0.710000
te_loss: 0.578406, te_score: 0.720000

time = 14
tr_loss: 0.602771, tr_score: 0.710000
va_loss: 0.555168, va_score: 0.800000
te_loss: 0.625441, te_score: 0.680000

time = 14
tr_loss: 0.608509, tr_score: 0.695000
va_loss: 0.607609, va_score: 0.720000
te_loss: 0.599592, te_score: 0.720000

time = 14
tr_loss: 0.646062, tr_score: 0.698750
va_loss: 0.682534, va_score: 0.670000
te_loss: 0.641024, te_score: 0.710000

time = 14
tr_loss: 0.585049, tr_score: 0.690000
va_loss: 0.545702, va_score: 0.750000
te_loss: 0.560822, te_score: 0.730000

time = 14
tr_loss: 0.579435, tr_score: 0.711250
va_loss: 0.562605, va_score: 0.770000
te_loss: 0.651071, te_score: 0.610000

time = 14
tr_loss: 0.557253, tr_score: 0.708750
va_loss: 0.598555, va_score: 0.680000
te_loss: 0.601340, te_score: 0.690000

time = 14
tr_loss: 0.597449, tr_score: 0.686250
va_loss: 0.663146, va_score: 0.690000
te_loss: 0.650219, te_score: 0.700000

time = 14
tr_loss: 0.549642, tr_score: 0.715000
va_loss: 0.596979, va_score: 0.670000
te_loss: 0.523874, te_score: 0.770000

======================================================
14  Seed:  [6736. 9332. 4026. 8791. 2185. 8095. 4925. 3877. 8332. 6847. 5871. 5004.
 2796. 4961. 1467. 7787. 3868. 5255. 9307. 9073.]
tr_loss: 0.579269, tr_score: 0.710750
va_loss: 0.584173, va_score: 0.724500
te_loss: 0.588819, te_score: 0.708500
time = 15
tr_loss: 0.608600, tr_score: 0.707500
va_loss: 0.630275, va_score: 0.700000
te_loss: 0.606410, te_score: 0.690000

time = 15
tr_loss: 0.586115, tr_score: 0.703750
va_loss: 0.590877, va_score: 0.710000
te_loss: 0.521100, te_score: 0.780000

time = 15
tr_loss: 0.585873, tr_score: 0.710000
va_loss: 0.571509, va_score: 0.730000
te_loss: 0.611906, te_score: 0.700000

time = 15
tr_loss: 0.596155, tr_score: 0.693750
va_loss: 0.524508, va_score: 0.760000
te_loss: 0.645241, te_score: 0.650000

time = 15
tr_loss: 0.534756, tr_score: 0.745000
va_loss: 0.529891, va_score: 0.750000
te_loss: 0.549342, te_score: 0.750000

time = 15
tr_loss: 0.562824, tr_score: 0.713750
va_loss: 0.607538, va_score: 0.660000
te_loss: 0.564821, te_score: 0.730000

time = 15
tr_loss: 0.564662, tr_score: 0.707500
va_loss: 0.579773, va_score: 0.670000
te_loss: 0.538420, te_score: 0.740000

time = 15
tr_loss: 0.593119, tr_score: 0.705000
va_loss: 0.561763, va_score: 0.740000
te_loss: 0.562277, te_score: 0.730000

time = 15
tr_loss: 0.610126, tr_score: 0.692500
va_loss: 0.610470, va_score: 0.740000
te_loss: 0.636612, te_score: 0.720000

time = 15
tr_loss: 0.572804, tr_score: 0.706250
va_loss: 0.657933, va_score: 0.640000
te_loss: 0.569142, te_score: 0.710000

time = 15
tr_loss: 0.611205, tr_score: 0.695000
va_loss: 0.571107, va_score: 0.740000
te_loss: 0.568137, te_score: 0.710000

time = 15
tr_loss: 0.570034, tr_score: 0.707500
va_loss: 0.571707, va_score: 0.740000
te_loss: 0.608127, te_score: 0.680000

time = 15
tr_loss: 0.554621, tr_score: 0.726250
va_loss: 0.544840, va_score: 0.710000
te_loss: 0.617203, te_score: 0.670000

time = 15
tr_loss: 0.528878, tr_score: 0.723750
va_loss: 0.566750, va_score: 0.680000
te_loss: 0.511894, te_score: 0.800000

time = 15
tr_loss: 0.580966, tr_score: 0.717500
va_loss: 0.594013, va_score: 0.720000
te_loss: 0.613728, te_score: 0.690000

time = 15
tr_loss: 0.573908, tr_score: 0.713750
va_loss: 0.669763, va_score: 0.620000
te_loss: 0.628448, te_score: 0.630000

time = 15
tr_loss: 0.587285, tr_score: 0.690000
va_loss: 0.594023, va_score: 0.700000
te_loss: 0.601201, te_score: 0.730000

time = 15
tr_loss: 0.554812, tr_score: 0.735000
va_loss: 0.631634, va_score: 0.680000
te_loss: 0.622767, te_score: 0.680000

time = 15
tr_loss: 0.570228, tr_score: 0.695000
va_loss: 0.573661, va_score: 0.710000
te_loss: 0.592417, te_score: 0.730000

time = 15
tr_loss: 0.608273, tr_score: 0.700000
va_loss: 0.572954, va_score: 0.700000
te_loss: 0.570370, te_score: 0.700000

======================================================
15  Seed:  [ 879. 4612.  287.  491. 3659. 8251. 7507. 1140. 3507. 4318. 9716. 8900.
 3870. 2555. 7340. 8792.  757. 6674. 3143.  691.]
tr_loss: 0.577762, tr_score: 0.709437
va_loss: 0.587749, va_score: 0.705000
te_loss: 0.586978, te_score: 0.711000
time = 16
tr_loss: 0.588921, tr_score: 0.703750
va_loss: 0.616286, va_score: 0.680000
te_loss: 0.601132, te_score: 0.740000

time = 16
tr_loss: 0.513511, tr_score: 0.762500
va_loss: 0.524470, va_score: 0.800000
te_loss: 0.597457, te_score: 0.670000

time = 16
tr_loss: 0.587591, tr_score: 0.710000
va_loss: 0.542258, va_score: 0.740000
te_loss: 0.622947, te_score: 0.670000

time = 16
tr_loss: 0.590737, tr_score: 0.701250
va_loss: 0.610344, va_score: 0.660000
te_loss: 0.570325, te_score: 0.740000

time = 16
tr_loss: 0.632768, tr_score: 0.692500
va_loss: 0.595649, va_score: 0.750000
te_loss: 0.607409, te_score: 0.710000

time = 16
tr_loss: 0.620937, tr_score: 0.711250
va_loss: 0.642193, va_score: 0.720000
te_loss: 0.658416, te_score: 0.680000

time = 16
tr_loss: 0.555005, tr_score: 0.728750
va_loss: 0.593525, va_score: 0.720000
te_loss: 0.482505, te_score: 0.810000

time = 16
tr_loss: 0.601542, tr_score: 0.716250
va_loss: 0.609605, va_score: 0.720000
te_loss: 0.663080, te_score: 0.660000

time = 16
tr_loss: 0.591429, tr_score: 0.691250
va_loss: 0.582748, va_score: 0.710000
te_loss: 0.578313, te_score: 0.700000

time = 16
tr_loss: 0.559190, tr_score: 0.712500
va_loss: 0.644444, va_score: 0.660000
te_loss: 0.629781, te_score: 0.670000

time = 16
tr_loss: 0.534963, tr_score: 0.718750
va_loss: 0.569444, va_score: 0.720000
te_loss: 0.547681, te_score: 0.680000

time = 16
tr_loss: 0.559971, tr_score: 0.708750
va_loss: 0.605996, va_score: 0.680000
te_loss: 0.607585, te_score: 0.660000

time = 16
tr_loss: 0.590245, tr_score: 0.712500
va_loss: 0.658709, va_score: 0.660000
te_loss: 0.586930, te_score: 0.700000

time = 16
tr_loss: 0.571817, tr_score: 0.697500
va_loss: 0.520040, va_score: 0.780000
te_loss: 0.543586, te_score: 0.730000

time = 16
tr_loss: 0.506951, tr_score: 0.762500
va_loss: 0.424280, va_score: 0.820000
te_loss: 0.502864, te_score: 0.750000

time = 16
tr_loss: 0.643397, tr_score: 0.652500
va_loss: 0.695560, va_score: 0.580000
te_loss: 0.664849, te_score: 0.620000

time = 16
tr_loss: 0.551044, tr_score: 0.735000
va_loss: 0.539808, va_score: 0.720000
te_loss: 0.583801, te_score: 0.700000

time = 16
tr_loss: 0.581224, tr_score: 0.702500
va_loss: 0.662289, va_score: 0.610000
te_loss: 0.556903, te_score: 0.730000

time = 16
tr_loss: 0.591170, tr_score: 0.703750
va_loss: 0.524276, va_score: 0.760000
te_loss: 0.600735, te_score: 0.670000

time = 16
tr_loss: 0.589029, tr_score: 0.700000
va_loss: 0.603382, va_score: 0.670000
te_loss: 0.588352, te_score: 0.730000

======================================================
16  Seed:  [9082. 6878.  978. 6918.   35. 3547.  812. 1562. 5243. 8191. 5330. 4602.
 2929. 4830.  303. 9956. 3156. 7475. 4637.  734.]
tr_loss: 0.578072, tr_score: 0.711187
va_loss: 0.588265, va_score: 0.708000
te_loss: 0.589732, te_score: 0.701000
time = 17
tr_loss: 0.628400, tr_score: 0.687500
va_loss: 0.609393, va_score: 0.700000
te_loss: 0.654481, te_score: 0.660000

time = 17
tr_loss: 0.584990, tr_score: 0.718750
va_loss: 0.625822, va_score: 0.640000
te_loss: 0.582590, te_score: 0.740000

time = 17
tr_loss: 0.564147, tr_score: 0.713750
va_loss: 0.639989, va_score: 0.670000
te_loss: 0.573736, te_score: 0.660000

time = 17
tr_loss: 0.593428, tr_score: 0.712500
va_loss: 0.644458, va_score: 0.650000
te_loss: 0.586760, te_score: 0.700000

time = 17
tr_loss: 0.613320, tr_score: 0.701250
va_loss: 0.555954, va_score: 0.780000
te_loss: 0.584503, te_score: 0.750000

time = 17
tr_loss: 0.571253, tr_score: 0.717500
va_loss: 0.553699, va_score: 0.700000
te_loss: 0.651325, te_score: 0.650000

time = 17
tr_loss: 0.601983, tr_score: 0.711250
va_loss: 0.681957, va_score: 0.660000
te_loss: 0.676242, te_score: 0.660000

time = 17
tr_loss: 0.523423, tr_score: 0.752500
va_loss: 0.568428, va_score: 0.720000
te_loss: 0.646965, te_score: 0.630000

time = 17
tr_loss: 0.571178, tr_score: 0.707500
va_loss: 0.543700, va_score: 0.720000
te_loss: 0.549676, te_score: 0.750000

time = 17
tr_loss: 0.574766, tr_score: 0.717500
va_loss: 0.613816, va_score: 0.710000
te_loss: 0.695038, te_score: 0.610000

time = 17
tr_loss: 0.546755, tr_score: 0.720000
va_loss: 0.616380, va_score: 0.700000
te_loss: 0.603696, te_score: 0.630000

time = 17
tr_loss: 0.579741, tr_score: 0.708750
va_loss: 0.586506, va_score: 0.700000
te_loss: 0.592755, te_score: 0.680000

time = 17
tr_loss: 0.569553, tr_score: 0.708750
va_loss: 0.539727, va_score: 0.700000
te_loss: 0.549671, te_score: 0.720000

time = 17
tr_loss: 0.583718, tr_score: 0.702500
va_loss: 0.547951, va_score: 0.760000
te_loss: 0.564007, te_score: 0.770000

time = 17
tr_loss: 0.594097, tr_score: 0.727500
va_loss: 0.677883, va_score: 0.630000
te_loss: 0.613661, te_score: 0.690000

time = 17
tr_loss: 0.570109, tr_score: 0.720000
va_loss: 0.491634, va_score: 0.750000
te_loss: 0.547952, te_score: 0.700000

time = 17
tr_loss: 0.574069, tr_score: 0.720000
va_loss: 0.635588, va_score: 0.640000
te_loss: 0.532497, te_score: 0.750000

time = 17
tr_loss: 0.565442, tr_score: 0.708750
va_loss: 0.548979, va_score: 0.720000
te_loss: 0.550759, te_score: 0.720000

time = 17
tr_loss: 0.577522, tr_score: 0.708750
va_loss: 0.565278, va_score: 0.730000
te_loss: 0.612241, te_score: 0.670000

time = 17
tr_loss: 0.547835, tr_score: 0.723750
va_loss: 0.555974, va_score: 0.720000
te_loss: 0.573862, te_score: 0.700000

======================================================
17  Seed:  [9997. 6891. 7283.  296. 4194.  627. 9187. 9699.  412. 3964. 5059. 1882.
 6859. 7098. 9012. 6459. 3018. 8410. 9321. 1260.]
tr_loss: 0.576786, tr_score: 0.714438
va_loss: 0.590156, va_score: 0.700000
te_loss: 0.597121, te_score: 0.692000
time = 18
tr_loss: 0.604775, tr_score: 0.698750
va_loss: 0.609456, va_score: 0.700000
te_loss: 0.578231, te_score: 0.710000

time = 18
tr_loss: 0.595739, tr_score: 0.702500
va_loss: 0.597948, va_score: 0.710000
te_loss: 0.594754, te_score: 0.700000

time = 18
tr_loss: 0.527364, tr_score: 0.745000
va_loss: 0.499199, va_score: 0.780000
te_loss: 0.602193, te_score: 0.660000

time = 18
tr_loss: 0.514862, tr_score: 0.765000
va_loss: 0.571017, va_score: 0.710000
te_loss: 0.488134, te_score: 0.770000

time = 18
tr_loss: 0.568721, tr_score: 0.690000
va_loss: 0.609591, va_score: 0.720000
te_loss: 0.489068, te_score: 0.770000

time = 18
tr_loss: 0.574442, tr_score: 0.722500
va_loss: 0.550623, va_score: 0.710000
te_loss: 0.550118, te_score: 0.760000

time = 18
tr_loss: 0.631940, tr_score: 0.700000
va_loss: 0.679367, va_score: 0.640000
te_loss: 0.585344, te_score: 0.750000

time = 18
tr_loss: 0.579727, tr_score: 0.721250
va_loss: 0.610543, va_score: 0.710000
te_loss: 0.695508, te_score: 0.570000

time = 18
tr_loss: 0.557588, tr_score: 0.705000
va_loss: 0.540553, va_score: 0.740000
te_loss: 0.601408, te_score: 0.650000

time = 18
tr_loss: 0.553350, tr_score: 0.725000
va_loss: 0.571636, va_score: 0.670000
te_loss: 0.591704, te_score: 0.670000

time = 18
tr_loss: 0.602053, tr_score: 0.708750
va_loss: 0.709571, va_score: 0.640000
te_loss: 0.564516, te_score: 0.730000

time = 18
tr_loss: 0.544604, tr_score: 0.727500
va_loss: 0.614321, va_score: 0.690000
te_loss: 0.545444, te_score: 0.710000

time = 18
tr_loss: 0.586155, tr_score: 0.722500
va_loss: 0.619666, va_score: 0.690000
te_loss: 0.591936, te_score: 0.720000

time = 18
tr_loss: 0.565390, tr_score: 0.713750
va_loss: 0.559252, va_score: 0.730000
te_loss: 0.580073, te_score: 0.730000

time = 18
tr_loss: 0.556624, tr_score: 0.725000
va_loss: 0.548665, va_score: 0.730000
te_loss: 0.517326, te_score: 0.750000

time = 18
tr_loss: 0.579255, tr_score: 0.697500
va_loss: 0.522326, va_score: 0.760000
te_loss: 0.487576, te_score: 0.800000

time = 18
tr_loss: 0.616868, tr_score: 0.720000
va_loss: 0.645271, va_score: 0.660000
te_loss: 0.593032, te_score: 0.730000

time = 18
tr_loss: 0.582725, tr_score: 0.708750
va_loss: 0.552805, va_score: 0.760000
te_loss: 0.648500, te_score: 0.680000

time = 18
tr_loss: 0.582667, tr_score: 0.708750
va_loss: 0.595540, va_score: 0.700000
te_loss: 0.623680, te_score: 0.680000

time = 18
tr_loss: 0.557859, tr_score: 0.712500
va_loss: 0.524010, va_score: 0.750000
te_loss: 0.611741, te_score: 0.690000

======================================================
18  Seed:  [ 873. 4207. 9606. 9170. 6333. 9407. 8590.  438. 6112. 2282. 5826. 4132.
 5788. 3773.  899. 1544. 7119. 3120. 1138. 3253.]
tr_loss: 0.574135, tr_score: 0.716000
va_loss: 0.586568, va_score: 0.710000
te_loss: 0.577014, te_score: 0.711500
time = 19
tr_loss: 0.590068, tr_score: 0.711250
va_loss: 0.618341, va_score: 0.660000
te_loss: 0.659238, te_score: 0.650000

time = 19
tr_loss: 0.575313, tr_score: 0.713750
va_loss: 0.582229, va_score: 0.690000
te_loss: 0.654468, te_score: 0.620000

time = 19
tr_loss: 0.595593, tr_score: 0.693750
va_loss: 0.551279, va_score: 0.760000
te_loss: 0.615909, te_score: 0.690000

time = 19
tr_loss: 0.582305, tr_score: 0.716250
va_loss: 0.630586, va_score: 0.670000
te_loss: 0.588197, te_score: 0.720000

time = 19
tr_loss: 0.603725, tr_score: 0.705000
va_loss: 0.585375, va_score: 0.720000
te_loss: 0.533447, te_score: 0.770000

time = 19
tr_loss: 0.587339, tr_score: 0.702500
va_loss: 0.578566, va_score: 0.710000
te_loss: 0.608587, te_score: 0.690000

time = 19
tr_loss: 0.604136, tr_score: 0.712500
va_loss: 0.566446, va_score: 0.730000
te_loss: 0.629110, te_score: 0.700000

time = 19
tr_loss: 0.600014, tr_score: 0.708750
va_loss: 0.628535, va_score: 0.660000
te_loss: 0.633765, te_score: 0.670000

time = 19
tr_loss: 0.594889, tr_score: 0.701250
va_loss: 0.640887, va_score: 0.650000
te_loss: 0.554325, te_score: 0.750000

time = 19
tr_loss: 0.507206, tr_score: 0.748750
va_loss: 0.535513, va_score: 0.710000
te_loss: 0.554184, te_score: 0.700000

time = 19
tr_loss: 0.553278, tr_score: 0.715000
va_loss: 0.591116, va_score: 0.680000
te_loss: 0.587176, te_score: 0.700000

time = 19
tr_loss: 0.578529, tr_score: 0.715000
va_loss: 0.585184, va_score: 0.710000
te_loss: 0.625480, te_score: 0.690000

time = 19
tr_loss: 0.575091, tr_score: 0.710000
va_loss: 0.609389, va_score: 0.670000
te_loss: 0.635571, te_score: 0.670000

time = 19
tr_loss: 0.579046, tr_score: 0.695000
va_loss: 0.572803, va_score: 0.710000
te_loss: 0.622688, te_score: 0.690000

time = 19
tr_loss: 0.580492, tr_score: 0.696250
va_loss: 0.593613, va_score: 0.690000
te_loss: 0.515149, te_score: 0.770000

time = 19
tr_loss: 0.614320, tr_score: 0.695000
va_loss: 0.557597, va_score: 0.780000
te_loss: 0.568614, te_score: 0.750000

time = 19
tr_loss: 0.571390, tr_score: 0.713750
va_loss: 0.577782, va_score: 0.720000
te_loss: 0.610564, te_score: 0.670000

time = 19
tr_loss: 0.584128, tr_score: 0.708750
va_loss: 0.606740, va_score: 0.690000
te_loss: 0.549591, te_score: 0.700000

time = 19
tr_loss: 0.555787, tr_score: 0.702500
va_loss: 0.545539, va_score: 0.720000
te_loss: 0.562199, te_score: 0.690000

time = 19
tr_loss: 0.549799, tr_score: 0.731250
va_loss: 0.570287, va_score: 0.660000
te_loss: 0.511262, te_score: 0.760000

======================================================
19  Seed:  [3709. 6253. 7969. 4492. 4878.  212. 2129. 7387.  610. 9877. 6936. 8416.
 1824. 6324. 9841. 5493. 7619. 7977.  518. 1963.]
tr_loss: 0.579122, tr_score: 0.709812
va_loss: 0.586390, va_score: 0.699500
te_loss: 0.590976, te_score: 0.702500
time = 20
tr_loss: 0.556383, tr_score: 0.715000
va_loss: 0.559403, va_score: 0.710000
te_loss: 0.597055, te_score: 0.680000

time = 20
tr_loss: 0.590099, tr_score: 0.702500
va_loss: 0.560029, va_score: 0.770000
te_loss: 0.560449, te_score: 0.710000

time = 20
tr_loss: 0.585102, tr_score: 0.682500
va_loss: 0.595773, va_score: 0.690000
te_loss: 0.668290, te_score: 0.620000

time = 20
tr_loss: 0.591475, tr_score: 0.693750
va_loss: 0.658584, va_score: 0.650000
te_loss: 0.549364, te_score: 0.800000

time = 20
tr_loss: 0.549563, tr_score: 0.721250
va_loss: 0.605094, va_score: 0.680000
te_loss: 0.533030, te_score: 0.720000

time = 20
tr_loss: 0.619683, tr_score: 0.620000
va_loss: 0.541727, va_score: 0.710000
te_loss: 0.558975, te_score: 0.710000

time = 20
tr_loss: 0.621409, tr_score: 0.688750
va_loss: 0.575004, va_score: 0.740000
te_loss: 0.640170, te_score: 0.700000

time = 20
tr_loss: 0.552498, tr_score: 0.731250
va_loss: 0.602319, va_score: 0.660000
te_loss: 0.512478, te_score: 0.760000

time = 20
tr_loss: 0.523263, tr_score: 0.737500
va_loss: 0.551455, va_score: 0.690000
te_loss: 0.501900, te_score: 0.750000

time = 20
tr_loss: 0.597838, tr_score: 0.702500
va_loss: 0.516459, va_score: 0.790000
te_loss: 0.553208, te_score: 0.750000

time = 20
tr_loss: 0.562011, tr_score: 0.722500
va_loss: 0.568892, va_score: 0.710000
te_loss: 0.548535, te_score: 0.750000

time = 20
tr_loss: 0.571042, tr_score: 0.701250
va_loss: 0.576311, va_score: 0.750000
te_loss: 0.528238, te_score: 0.770000

time = 20
tr_loss: 0.577198, tr_score: 0.710000
va_loss: 0.550074, va_score: 0.720000
te_loss: 0.600679, te_score: 0.680000

time = 20
tr_loss: 0.605536, tr_score: 0.700000
va_loss: 0.612708, va_score: 0.660000
te_loss: 0.571943, te_score: 0.750000

time = 20
tr_loss: 0.529377, tr_score: 0.741250
va_loss: 0.526621, va_score: 0.730000
te_loss: 0.560915, te_score: 0.720000

time = 20
tr_loss: 0.672031, tr_score: 0.713750
va_loss: 0.774169, va_score: 0.610000
te_loss: 0.769169, te_score: 0.680000

time = 20
tr_loss: 0.592595, tr_score: 0.708750
va_loss: 0.586028, va_score: 0.730000
te_loss: 0.578864, te_score: 0.740000

time = 20
tr_loss: 0.603012, tr_score: 0.703750
va_loss: 0.576460, va_score: 0.720000
te_loss: 0.585196, te_score: 0.730000

time = 20
tr_loss: 0.561688, tr_score: 0.723750
va_loss: 0.498963, va_score: 0.760000
te_loss: 0.556481, te_score: 0.720000

time = 20
tr_loss: 0.553774, tr_score: 0.746250
va_loss: 0.620224, va_score: 0.630000
te_loss: 0.519448, te_score: 0.760000

======================================================
20  Seed:  [8890. 5137. 6638. 5364. 3035. 4210. 5798. 9783. 7946.  146. 8127. 1556.
 1338. 7812. 5900. 6230. 6141. 6234. 5455. 7649.]
tr_loss: 0.580779, tr_score: 0.708313
va_loss: 0.582815, va_score: 0.705500
te_loss: 0.574719, te_score: 0.725000


mid seed:  [9217. 8758. 9318. 9902. 9257. 5433. 4194. 5342. 6064. 1182. 7632. 9724.
 4507. 4141. 7028. 4431.  710. 9505. 6403. 3797.]
mid test scores 0.7064999999999999
