time = 0
tr_loss: 0.563034, tr_score: 0.730000
va_loss: 0.598384, va_score: 0.720000
te_loss: 0.569822, te_score: 0.710000

time = 0
tr_loss: 0.565003, tr_score: 0.733750
va_loss: 0.640233, va_score: 0.670000
te_loss: 0.696478, te_score: 0.600000

time = 0
tr_loss: 0.554713, tr_score: 0.726250
va_loss: 0.601186, va_score: 0.710000
te_loss: 0.655263, te_score: 0.630000

time = 0
tr_loss: 0.615305, tr_score: 0.698750
va_loss: 0.586420, va_score: 0.740000
te_loss: 0.651386, te_score: 0.670000

time = 0
tr_loss: 0.595992, tr_score: 0.692500
va_loss: 0.653305, va_score: 0.680000
te_loss: 0.520461, te_score: 0.780000

time = 0
tr_loss: 0.588434, tr_score: 0.721250
va_loss: 0.680497, va_score: 0.610000
te_loss: 0.688331, te_score: 0.630000

time = 0
tr_loss: 0.612915, tr_score: 0.691250
va_loss: 0.625302, va_score: 0.670000
te_loss: 0.527190, te_score: 0.800000

time = 0
tr_loss: 0.550290, tr_score: 0.732500
va_loss: 0.517329, va_score: 0.780000
te_loss: 0.594941, te_score: 0.680000

time = 0
tr_loss: 0.557406, tr_score: 0.711250
va_loss: 0.526437, va_score: 0.750000
te_loss: 0.579506, te_score: 0.710000

time = 0
tr_loss: 0.572625, tr_score: 0.705000
va_loss: 0.652391, va_score: 0.650000
te_loss: 0.507318, te_score: 0.800000

time = 0
tr_loss: 0.559343, tr_score: 0.710000
va_loss: 0.509946, va_score: 0.770000
te_loss: 0.654978, te_score: 0.660000

time = 0
tr_loss: 0.551773, tr_score: 0.725000
va_loss: 0.582955, va_score: 0.710000
te_loss: 0.738555, te_score: 0.570000

time = 0
tr_loss: 0.577970, tr_score: 0.722500
va_loss: 0.611807, va_score: 0.650000
te_loss: 0.683758, te_score: 0.640000

time = 0
tr_loss: 0.556885, tr_score: 0.721250
va_loss: 0.532919, va_score: 0.740000
te_loss: 0.647783, te_score: 0.620000

time = 0
tr_loss: 0.577978, tr_score: 0.716250
va_loss: 0.627764, va_score: 0.690000
te_loss: 0.603047, te_score: 0.700000

time = 0
tr_loss: 0.605651, tr_score: 0.722500
va_loss: 0.694456, va_score: 0.640000
te_loss: 0.604044, te_score: 0.730000

time = 0
tr_loss: 0.569298, tr_score: 0.737500
va_loss: 0.628022, va_score: 0.670000
te_loss: 0.574417, te_score: 0.740000

time = 0
tr_loss: 0.630025, tr_score: 0.680000
va_loss: 0.582435, va_score: 0.760000
te_loss: 0.642913, te_score: 0.680000

time = 0
tr_loss: 0.527199, tr_score: 0.735000
va_loss: 0.560566, va_score: 0.730000
te_loss: 0.646256, te_score: 0.630000

time = 0
tr_loss: 0.569283, tr_score: 0.710000
va_loss: 0.564498, va_score: 0.750000
te_loss: 0.615856, te_score: 0.650000

======================================================
0  Seed:  [ 140. 2411. 2238. 5068. 2300. 9812. 6334. 4380. 4021. 8554. 2226. 8534.
 4715. 7921. 4457. 6212.  255.  495. 8301.  932.]
tr_loss: 0.575056, tr_score: 0.716125
va_loss: 0.598843, va_score: 0.704500
te_loss: 0.620115, te_score: 0.681500
time = 1
tr_loss: 0.572016, tr_score: 0.720000
va_loss: 0.671771, va_score: 0.670000
te_loss: 0.614337, te_score: 0.680000

time = 1
tr_loss: 0.610041, tr_score: 0.687500
va_loss: 0.634406, va_score: 0.650000
te_loss: 0.591949, te_score: 0.720000

time = 1
tr_loss: 0.600538, tr_score: 0.697500
va_loss: 0.618588, va_score: 0.690000
te_loss: 0.556657, te_score: 0.750000

time = 1
tr_loss: 0.549972, tr_score: 0.725000
va_loss: 0.513072, va_score: 0.780000
te_loss: 0.603231, te_score: 0.670000

time = 1
tr_loss: 0.559745, tr_score: 0.737500
va_loss: 0.637036, va_score: 0.650000
te_loss: 0.596962, te_score: 0.690000

time = 1
tr_loss: 0.500355, tr_score: 0.750000
va_loss: 0.472410, va_score: 0.800000
te_loss: 0.495370, te_score: 0.770000

time = 1
tr_loss: 0.588399, tr_score: 0.712500
va_loss: 0.574952, va_score: 0.720000
te_loss: 0.598415, te_score: 0.700000

time = 1
tr_loss: 0.583575, tr_score: 0.716250
va_loss: 0.600959, va_score: 0.660000
te_loss: 0.542638, te_score: 0.770000

time = 1
tr_loss: 0.629400, tr_score: 0.692500
va_loss: 0.656075, va_score: 0.640000
te_loss: 0.600097, te_score: 0.710000

time = 1
tr_loss: 0.567791, tr_score: 0.721250
va_loss: 0.552937, va_score: 0.750000
te_loss: 0.643075, te_score: 0.660000

time = 1
tr_loss: 0.585574, tr_score: 0.711250
va_loss: 0.608121, va_score: 0.640000
te_loss: 0.505502, te_score: 0.740000

time = 1
tr_loss: 0.547401, tr_score: 0.725000
va_loss: 0.558226, va_score: 0.730000
te_loss: 0.578478, te_score: 0.760000

time = 1
tr_loss: 0.636200, tr_score: 0.673750
va_loss: 0.527638, va_score: 0.800000
te_loss: 0.718014, te_score: 0.610000

time = 1
tr_loss: 0.593470, tr_score: 0.705000
va_loss: 0.570389, va_score: 0.730000
te_loss: 0.573087, te_score: 0.720000

time = 1
tr_loss: 0.584049, tr_score: 0.706250
va_loss: 0.655650, va_score: 0.650000
te_loss: 0.597861, te_score: 0.700000

time = 1
tr_loss: 0.591949, tr_score: 0.697500
va_loss: 0.594213, va_score: 0.700000
te_loss: 0.605193, te_score: 0.690000

time = 1
tr_loss: 0.570223, tr_score: 0.718750
va_loss: 0.521488, va_score: 0.760000
te_loss: 0.617104, te_score: 0.670000

time = 1
tr_loss: 0.584292, tr_score: 0.732500
va_loss: 0.597090, va_score: 0.700000
te_loss: 0.584641, te_score: 0.700000

time = 1
tr_loss: 0.507760, tr_score: 0.736250
va_loss: 0.498888, va_score: 0.780000
te_loss: 0.524238, te_score: 0.740000

time = 1
tr_loss: 0.571642, tr_score: 0.730000
va_loss: 0.564465, va_score: 0.720000
te_loss: 0.551309, te_score: 0.730000

======================================================
1  Seed:  [8640.  888. 4066.  552. 1437. 6591. 8969.  824. 8811.  938.  550. 9822.
 6241. 3057. 1352. 8361. 5326. 3377. 2314. 8889.]
tr_loss: 0.576720, tr_score: 0.714813
va_loss: 0.581419, va_score: 0.711000
te_loss: 0.584908, te_score: 0.709000
time = 2
tr_loss: 0.594101, tr_score: 0.698750
va_loss: 0.584884, va_score: 0.700000
te_loss: 0.594085, te_score: 0.710000

time = 2
tr_loss: 0.609840, tr_score: 0.703750
va_loss: 0.555537, va_score: 0.780000
te_loss: 0.654161, te_score: 0.700000

time = 2
tr_loss: 0.570137, tr_score: 0.683750
va_loss: 0.546041, va_score: 0.730000
te_loss: 0.566223, te_score: 0.740000

time = 2
tr_loss: 0.552394, tr_score: 0.726250
va_loss: 0.601996, va_score: 0.710000
te_loss: 0.552731, te_score: 0.740000

time = 2
tr_loss: 0.586021, tr_score: 0.700000
va_loss: 0.598511, va_score: 0.700000
te_loss: 0.510389, te_score: 0.780000

time = 2
tr_loss: 0.546186, tr_score: 0.713750
va_loss: 0.581828, va_score: 0.720000
te_loss: 0.647801, te_score: 0.630000

time = 2
tr_loss: 0.575900, tr_score: 0.728750
va_loss: 0.660513, va_score: 0.620000
te_loss: 0.608845, te_score: 0.670000

time = 2
tr_loss: 0.592961, tr_score: 0.697500
va_loss: 0.512701, va_score: 0.780000
te_loss: 0.554865, te_score: 0.740000

time = 2
tr_loss: 0.558994, tr_score: 0.722500
va_loss: 0.540157, va_score: 0.720000
te_loss: 0.599961, te_score: 0.680000

time = 2
tr_loss: 0.598186, tr_score: 0.707500
va_loss: 0.579532, va_score: 0.750000
te_loss: 0.599540, te_score: 0.700000

time = 2
tr_loss: 0.504049, tr_score: 0.767500
va_loss: 0.523114, va_score: 0.770000
te_loss: 0.581060, te_score: 0.680000

time = 2
tr_loss: 0.617789, tr_score: 0.688750
va_loss: 0.584938, va_score: 0.730000
te_loss: 0.546943, te_score: 0.760000

time = 2
tr_loss: 0.602299, tr_score: 0.697500
va_loss: 0.559536, va_score: 0.730000
te_loss: 0.602684, te_score: 0.690000

time = 2
tr_loss: 0.595228, tr_score: 0.710000
va_loss: 0.532721, va_score: 0.780000
te_loss: 0.583287, te_score: 0.720000

time = 2
tr_loss: 0.535034, tr_score: 0.730000
va_loss: 0.545617, va_score: 0.720000
te_loss: 0.560211, te_score: 0.700000

time = 2
tr_loss: 0.563775, tr_score: 0.716250
va_loss: 0.525964, va_score: 0.780000
te_loss: 0.540197, te_score: 0.770000

time = 2
tr_loss: 0.571147, tr_score: 0.713750
va_loss: 0.573016, va_score: 0.720000
te_loss: 0.619959, te_score: 0.710000

time = 2
tr_loss: 0.610707, tr_score: 0.652500
va_loss: 0.679191, va_score: 0.600000
te_loss: 0.585411, te_score: 0.720000

time = 2
tr_loss: 0.534652, tr_score: 0.711250
va_loss: 0.538534, va_score: 0.680000
te_loss: 0.538236, te_score: 0.710000

time = 2
tr_loss: 0.603767, tr_score: 0.701250
va_loss: 0.562382, va_score: 0.730000
te_loss: 0.613246, te_score: 0.690000

======================================================
2  Seed:  [5478. 7027. 2150. 7559. 3662. 2043. 8598. 4158. 6442. 4398. 3939. 9768.
 5143. 2231.  162. 6860. 3496. 7749. 2530. 2730.]
tr_loss: 0.576158, tr_score: 0.708562
va_loss: 0.569336, va_score: 0.722500
te_loss: 0.582992, te_score: 0.712000
time = 3
tr_loss: 0.604393, tr_score: 0.702500
va_loss: 0.627854, va_score: 0.680000
te_loss: 0.611101, te_score: 0.710000

time = 3
tr_loss: 0.530340, tr_score: 0.746250
va_loss: 0.549432, va_score: 0.740000
te_loss: 0.550044, te_score: 0.730000

time = 3
tr_loss: 0.591244, tr_score: 0.705000
va_loss: 0.626194, va_score: 0.670000
te_loss: 0.656554, te_score: 0.690000

time = 3
tr_loss: 0.574587, tr_score: 0.706250
va_loss: 0.547103, va_score: 0.750000
te_loss: 0.565430, te_score: 0.760000

time = 3
tr_loss: 0.562891, tr_score: 0.732500
va_loss: 0.566905, va_score: 0.710000
te_loss: 0.617220, te_score: 0.690000

time = 3
tr_loss: 0.588135, tr_score: 0.697500
va_loss: 0.559303, va_score: 0.760000
te_loss: 0.601014, te_score: 0.630000

time = 3
tr_loss: 0.600017, tr_score: 0.711250
va_loss: 0.684172, va_score: 0.610000
te_loss: 0.620042, te_score: 0.680000

time = 3
tr_loss: 0.580732, tr_score: 0.723750
va_loss: 0.629422, va_score: 0.690000
te_loss: 0.627780, te_score: 0.660000

time = 3
tr_loss: 0.582754, tr_score: 0.721250
va_loss: 0.658720, va_score: 0.660000
te_loss: 0.595946, te_score: 0.710000

time = 3
tr_loss: 0.561865, tr_score: 0.722500
va_loss: 0.560755, va_score: 0.720000
te_loss: 0.596939, te_score: 0.720000

time = 3
tr_loss: 0.570047, tr_score: 0.707500
va_loss: 0.621980, va_score: 0.680000
te_loss: 0.562715, te_score: 0.720000

time = 3
tr_loss: 0.599199, tr_score: 0.696250
va_loss: 0.583069, va_score: 0.750000
te_loss: 0.622977, te_score: 0.700000

time = 3
tr_loss: 0.558284, tr_score: 0.707500
va_loss: 0.524196, va_score: 0.760000
te_loss: 0.600964, te_score: 0.690000

time = 3
tr_loss: 0.596786, tr_score: 0.708750
va_loss: 0.645187, va_score: 0.670000
te_loss: 0.558447, te_score: 0.760000

time = 3
tr_loss: 0.593508, tr_score: 0.713750
va_loss: 0.660926, va_score: 0.640000
te_loss: 0.605464, te_score: 0.720000

time = 3
tr_loss: 0.599342, tr_score: 0.705000
va_loss: 0.598170, va_score: 0.720000
te_loss: 0.604848, te_score: 0.690000

time = 3
tr_loss: 0.611014, tr_score: 0.706250
va_loss: 0.642174, va_score: 0.690000
te_loss: 0.653994, te_score: 0.660000

time = 3
tr_loss: 0.618195, tr_score: 0.711250
va_loss: 0.731770, va_score: 0.580000
te_loss: 0.611607, te_score: 0.730000

time = 3
tr_loss: 0.590788, tr_score: 0.705000
va_loss: 0.614023, va_score: 0.680000
te_loss: 0.563615, te_score: 0.750000

time = 3
tr_loss: 0.566614, tr_score: 0.715000
va_loss: 0.588442, va_score: 0.710000
te_loss: 0.581524, te_score: 0.720000

======================================================
3  Seed:  [6469. 3301. 7178. 4323. 9525.  454. 7215. 4562. 5178. 3971. 9338. 3960.
 2970. 9630. 2254.  396. 4264. 8949. 7913. 1289.]
tr_loss: 0.584037, tr_score: 0.712250
va_loss: 0.610990, va_score: 0.693500
te_loss: 0.600411, te_score: 0.706000
time = 4
tr_loss: 0.596782, tr_score: 0.701250
va_loss: 0.524154, va_score: 0.800000
te_loss: 0.588843, te_score: 0.720000

time = 4
tr_loss: 0.530284, tr_score: 0.750000
va_loss: 0.459300, va_score: 0.790000
te_loss: 0.518443, te_score: 0.750000

time = 4
tr_loss: 0.540703, tr_score: 0.718750
va_loss: 0.542546, va_score: 0.700000
te_loss: 0.546596, te_score: 0.720000

time = 4
tr_loss: 0.585330, tr_score: 0.728750
va_loss: 0.574956, va_score: 0.750000
te_loss: 0.609784, te_score: 0.700000

time = 4
tr_loss: 0.579491, tr_score: 0.705000
va_loss: 0.621915, va_score: 0.620000
te_loss: 0.572206, te_score: 0.740000

time = 4
tr_loss: 0.617309, tr_score: 0.698750
va_loss: 0.623097, va_score: 0.690000
te_loss: 0.556112, te_score: 0.750000

time = 4
tr_loss: 0.597345, tr_score: 0.665000
va_loss: 0.598645, va_score: 0.680000
te_loss: 0.567624, te_score: 0.700000

time = 4
tr_loss: 0.569110, tr_score: 0.717500
va_loss: 0.661745, va_score: 0.630000
te_loss: 0.538874, te_score: 0.780000

time = 4
tr_loss: 0.568238, tr_score: 0.721250
va_loss: 0.608300, va_score: 0.660000
te_loss: 0.539103, te_score: 0.750000

time = 4
tr_loss: 0.551749, tr_score: 0.712500
va_loss: 0.540244, va_score: 0.720000
te_loss: 0.571444, te_score: 0.720000

time = 4
tr_loss: 0.581411, tr_score: 0.710000
va_loss: 0.644503, va_score: 0.660000
te_loss: 0.575163, te_score: 0.720000

time = 4
tr_loss: 0.559427, tr_score: 0.736250
va_loss: 0.538698, va_score: 0.770000
te_loss: 0.627887, te_score: 0.680000

time = 4
tr_loss: 0.570390, tr_score: 0.711250
va_loss: 0.526197, va_score: 0.790000
te_loss: 0.611436, te_score: 0.690000

time = 4
tr_loss: 0.571022, tr_score: 0.727500
va_loss: 0.524263, va_score: 0.780000
te_loss: 0.545702, te_score: 0.740000

time = 4
tr_loss: 0.583526, tr_score: 0.720000
va_loss: 0.620343, va_score: 0.690000
te_loss: 0.675488, te_score: 0.650000

time = 4
tr_loss: 0.589450, tr_score: 0.701250
va_loss: 0.525372, va_score: 0.800000
te_loss: 0.606972, te_score: 0.730000

time = 4
tr_loss: 0.529856, tr_score: 0.746250
va_loss: 0.509919, va_score: 0.760000
te_loss: 0.511002, te_score: 0.720000

time = 4
tr_loss: 0.589625, tr_score: 0.696250
va_loss: 0.576282, va_score: 0.710000
te_loss: 0.582883, te_score: 0.690000

time = 4
tr_loss: 0.570743, tr_score: 0.717500
va_loss: 0.656561, va_score: 0.630000
te_loss: 0.596833, te_score: 0.720000

time = 4
tr_loss: 0.600038, tr_score: 0.696250
va_loss: 0.586501, va_score: 0.720000
te_loss: 0.582907, te_score: 0.740000

======================================================
4  Seed:  [8744.  130. 2730. 2289. 3436.   91. 5431.  214. 1996. 7906. 4318. 5189.
 9458. 5884. 7590. 9032. 7937. 3024. 1021. 9551.]
tr_loss: 0.574091, tr_score: 0.714063
va_loss: 0.573177, va_score: 0.717500
te_loss: 0.576265, te_score: 0.720500
time = 5
tr_loss: 0.614131, tr_score: 0.678750
va_loss: 0.647639, va_score: 0.650000
te_loss: 0.661767, te_score: 0.630000

time = 5
tr_loss: 0.553913, tr_score: 0.713750
va_loss: 0.619078, va_score: 0.710000
te_loss: 0.509037, te_score: 0.770000

time = 5
tr_loss: 0.619138, tr_score: 0.707500
va_loss: 0.647232, va_score: 0.680000
te_loss: 0.671957, te_score: 0.660000

time = 5
tr_loss: 0.583214, tr_score: 0.700000
va_loss: 0.594391, va_score: 0.680000
te_loss: 0.594119, te_score: 0.700000

time = 5
tr_loss: 0.612470, tr_score: 0.696250
va_loss: 0.635198, va_score: 0.670000
te_loss: 0.562232, te_score: 0.760000

time = 5
tr_loss: 0.583175, tr_score: 0.698750
va_loss: 0.566477, va_score: 0.680000
te_loss: 0.527995, te_score: 0.760000

time = 5
tr_loss: 0.565250, tr_score: 0.730000
va_loss: 0.512234, va_score: 0.790000
te_loss: 0.580009, te_score: 0.680000

time = 5
tr_loss: 0.572653, tr_score: 0.701250
va_loss: 0.542475, va_score: 0.720000
te_loss: 0.534869, te_score: 0.730000

time = 5
tr_loss: 0.543174, tr_score: 0.733750
va_loss: 0.570280, va_score: 0.720000
te_loss: 0.534666, te_score: 0.750000

time = 5
tr_loss: 0.591674, tr_score: 0.706250
va_loss: 0.584896, va_score: 0.710000
te_loss: 0.579192, te_score: 0.750000

time = 5
tr_loss: 0.683711, tr_score: 0.623750
va_loss: 0.886789, va_score: 0.450000
te_loss: 0.667922, te_score: 0.660000

time = 5
tr_loss: 0.606918, tr_score: 0.686250
va_loss: 0.524753, va_score: 0.780000
te_loss: 0.572167, te_score: 0.730000

time = 5
tr_loss: 0.587490, tr_score: 0.707500
va_loss: 0.577443, va_score: 0.710000
te_loss: 0.592111, te_score: 0.720000

time = 5
tr_loss: 0.579476, tr_score: 0.715000
va_loss: 0.563642, va_score: 0.730000
te_loss: 0.622677, te_score: 0.650000

time = 5
tr_loss: 0.569784, tr_score: 0.705000
va_loss: 0.581496, va_score: 0.730000
te_loss: 0.514982, te_score: 0.730000

time = 5
tr_loss: 0.567414, tr_score: 0.726250
va_loss: 0.499557, va_score: 0.770000
te_loss: 0.613439, te_score: 0.680000

time = 5
tr_loss: 0.577196, tr_score: 0.711250
va_loss: 0.631387, va_score: 0.690000
te_loss: 0.575564, te_score: 0.730000

time = 5
tr_loss: 0.570381, tr_score: 0.717500
va_loss: 0.499792, va_score: 0.770000
te_loss: 0.598317, te_score: 0.710000

time = 5
tr_loss: 0.604942, tr_score: 0.701250
va_loss: 0.517833, va_score: 0.810000
te_loss: 0.706696, te_score: 0.580000

time = 5
tr_loss: 0.615080, tr_score: 0.701250
va_loss: 0.625939, va_score: 0.680000
te_loss: 0.603023, te_score: 0.710000

======================================================
5  Seed:  [1237. 6412. 2121. 6405. 4525. 1302. 1340. 7513. 9914. 1173. 2339. 2687.
 5417. 1769. 4522. 4161. 3470. 2003. 6862. 6659.]
tr_loss: 0.590059, tr_score: 0.703062
va_loss: 0.591426, va_score: 0.706500
te_loss: 0.591137, te_score: 0.704500
time = 6
tr_loss: 0.578023, tr_score: 0.720000
va_loss: 0.544199, va_score: 0.760000
te_loss: 0.567777, te_score: 0.750000

time = 6
tr_loss: 0.577735, tr_score: 0.713750
va_loss: 0.635968, va_score: 0.670000
te_loss: 0.627314, te_score: 0.670000

time = 6
tr_loss: 0.575904, tr_score: 0.720000
va_loss: 0.593640, va_score: 0.690000
te_loss: 0.642360, te_score: 0.670000

time = 6
tr_loss: 0.595745, tr_score: 0.695000
va_loss: 0.585636, va_score: 0.700000
te_loss: 0.600864, te_score: 0.690000

time = 6
tr_loss: 0.593403, tr_score: 0.706250
va_loss: 0.594595, va_score: 0.680000
te_loss: 0.510124, te_score: 0.770000

time = 6
tr_loss: 0.503134, tr_score: 0.745000
va_loss: 0.564113, va_score: 0.710000
te_loss: 0.561589, te_score: 0.750000

time = 6
tr_loss: 0.566335, tr_score: 0.725000
va_loss: 0.637836, va_score: 0.650000
te_loss: 0.564064, te_score: 0.730000

time = 6
tr_loss: 0.576637, tr_score: 0.705000
va_loss: 0.615573, va_score: 0.670000
te_loss: 0.597167, te_score: 0.690000

time = 6
tr_loss: 0.610698, tr_score: 0.686250
va_loss: 0.547297, va_score: 0.760000
te_loss: 0.568112, te_score: 0.750000

time = 6
tr_loss: 0.580829, tr_score: 0.712500
va_loss: 0.546652, va_score: 0.750000
te_loss: 0.620698, te_score: 0.640000

time = 6
tr_loss: 0.545180, tr_score: 0.742500
va_loss: 0.574590, va_score: 0.720000
te_loss: 0.629163, te_score: 0.690000

time = 6
tr_loss: 0.567752, tr_score: 0.705000
va_loss: 0.584678, va_score: 0.690000
te_loss: 0.577844, te_score: 0.690000

time = 6
tr_loss: 0.549597, tr_score: 0.732500
va_loss: 0.541926, va_score: 0.750000
te_loss: 0.617999, te_score: 0.650000

time = 6
tr_loss: 0.595094, tr_score: 0.702500
va_loss: 0.568108, va_score: 0.730000
te_loss: 0.563718, te_score: 0.740000

time = 6
tr_loss: 0.570763, tr_score: 0.708750
va_loss: 0.556562, va_score: 0.710000
te_loss: 0.617962, te_score: 0.630000

time = 6
tr_loss: 0.588788, tr_score: 0.705000
va_loss: 0.615048, va_score: 0.690000
te_loss: 0.617136, te_score: 0.680000

time = 6
tr_loss: 0.565729, tr_score: 0.716250
va_loss: 0.540165, va_score: 0.720000
te_loss: 0.591617, te_score: 0.690000

time = 6
tr_loss: 0.567265, tr_score: 0.733750
va_loss: 0.534854, va_score: 0.740000
te_loss: 0.572914, te_score: 0.700000

time = 6
tr_loss: 0.600731, tr_score: 0.698750
va_loss: 0.607134, va_score: 0.680000
te_loss: 0.609349, te_score: 0.700000

time = 6
tr_loss: 0.512049, tr_score: 0.751250
va_loss: 0.568945, va_score: 0.690000
te_loss: 0.517647, te_score: 0.750000

======================================================
6  Seed:  [7694. 6294. 7622. 3529.   96. 7204. 5217. 3436.  887. 8110. 7803. 3805.
 1114. 2222. 9584. 2008. 1959. 4210.  576. 6097.]
tr_loss: 0.571070, tr_score: 0.716250
va_loss: 0.577876, va_score: 0.708000
te_loss: 0.588771, te_score: 0.701500
time = 7
tr_loss: 0.561051, tr_score: 0.726250
va_loss: 0.556832, va_score: 0.710000
te_loss: 0.519801, te_score: 0.770000

time = 7
tr_loss: 0.587005, tr_score: 0.708750
va_loss: 0.539613, va_score: 0.750000
te_loss: 0.544513, te_score: 0.720000

time = 7
tr_loss: 0.544402, tr_score: 0.725000
va_loss: 0.480934, va_score: 0.770000
te_loss: 0.518698, te_score: 0.760000

time = 7
tr_loss: 0.612596, tr_score: 0.696250
va_loss: 0.578514, va_score: 0.690000
te_loss: 0.569452, te_score: 0.690000

time = 7
tr_loss: 0.603275, tr_score: 0.696250
va_loss: 0.568965, va_score: 0.720000
te_loss: 0.599649, te_score: 0.740000

time = 7
tr_loss: 0.551283, tr_score: 0.732500
va_loss: 0.619973, va_score: 0.680000
te_loss: 0.548061, te_score: 0.730000

time = 7
tr_loss: 0.595214, tr_score: 0.705000
va_loss: 0.611602, va_score: 0.720000
te_loss: 0.536690, te_score: 0.730000

time = 7
tr_loss: 0.603017, tr_score: 0.708750
va_loss: 0.619726, va_score: 0.690000
te_loss: 0.623333, te_score: 0.690000

time = 7
tr_loss: 0.607236, tr_score: 0.715000
va_loss: 0.641558, va_score: 0.700000
te_loss: 0.630720, te_score: 0.700000

time = 7
tr_loss: 0.588118, tr_score: 0.707500
va_loss: 0.588678, va_score: 0.690000
te_loss: 0.574170, te_score: 0.710000

time = 7
tr_loss: 0.542414, tr_score: 0.728750
va_loss: 0.566696, va_score: 0.730000
te_loss: 0.630411, te_score: 0.650000

time = 7
tr_loss: 0.593391, tr_score: 0.711250
va_loss: 0.643962, va_score: 0.620000
te_loss: 0.550503, te_score: 0.790000

time = 7
tr_loss: 0.571998, tr_score: 0.723750
va_loss: 0.676943, va_score: 0.590000
te_loss: 0.620458, te_score: 0.650000

time = 7
tr_loss: 0.567558, tr_score: 0.715000
va_loss: 0.551249, va_score: 0.780000
te_loss: 0.600206, te_score: 0.720000

time = 7
tr_loss: 0.563468, tr_score: 0.716250
va_loss: 0.605039, va_score: 0.660000
te_loss: 0.605341, te_score: 0.640000

time = 7
tr_loss: 0.581655, tr_score: 0.716250
va_loss: 0.653166, va_score: 0.670000
te_loss: 0.587557, te_score: 0.720000

time = 7
tr_loss: 0.576841, tr_score: 0.718750
va_loss: 0.546009, va_score: 0.710000
te_loss: 0.690028, te_score: 0.660000

time = 7
tr_loss: 0.576503, tr_score: 0.707500
va_loss: 0.511924, va_score: 0.770000
te_loss: 0.664650, te_score: 0.650000

time = 7
tr_loss: 0.590163, tr_score: 0.698750
va_loss: 0.569107, va_score: 0.710000
te_loss: 0.598733, te_score: 0.740000

time = 7
tr_loss: 0.521778, tr_score: 0.746250
va_loss: 0.494266, va_score: 0.810000
te_loss: 0.564657, te_score: 0.720000

======================================================
7  Seed:  [ 667. 3641. 1333. 4721. 6871. 9519. 4778.  927. 8338.   13. 3683. 6570.
 1422. 3821. 5722.  599. 3527. 1784. 1921. 2070.]
tr_loss: 0.576948, tr_score: 0.715188
va_loss: 0.581238, va_score: 0.708500
te_loss: 0.588882, te_score: 0.709000
time = 8
tr_loss: 0.569304, tr_score: 0.701250
va_loss: 0.597072, va_score: 0.690000
te_loss: 0.484901, te_score: 0.740000

time = 8
tr_loss: 0.596882, tr_score: 0.662500
va_loss: 0.731422, va_score: 0.540000
te_loss: 0.544118, te_score: 0.720000

time = 8
tr_loss: 0.538769, tr_score: 0.731250
va_loss: 0.561729, va_score: 0.700000
te_loss: 0.518108, te_score: 0.760000

time = 8
tr_loss: 0.539632, tr_score: 0.711250
va_loss: 0.555054, va_score: 0.690000
te_loss: 0.564671, te_score: 0.730000

time = 8
tr_loss: 0.581853, tr_score: 0.717500
va_loss: 0.586216, va_score: 0.700000
te_loss: 0.578123, te_score: 0.700000

time = 8
tr_loss: 0.576203, tr_score: 0.706250
va_loss: 0.618005, va_score: 0.670000
te_loss: 0.585205, te_score: 0.690000

time = 8
tr_loss: 0.591930, tr_score: 0.710000
va_loss: 0.596704, va_score: 0.720000
te_loss: 0.667225, te_score: 0.650000

time = 8
tr_loss: 0.633301, tr_score: 0.690000
va_loss: 0.541776, va_score: 0.770000
te_loss: 0.619643, te_score: 0.710000

time = 8
tr_loss: 0.580053, tr_score: 0.693750
va_loss: 0.609341, va_score: 0.650000
te_loss: 0.567282, te_score: 0.700000

time = 8
tr_loss: 0.584990, tr_score: 0.707500
va_loss: 0.647249, va_score: 0.640000
te_loss: 0.611097, te_score: 0.680000

time = 8
tr_loss: 0.636997, tr_score: 0.686250
va_loss: 0.561248, va_score: 0.780000
te_loss: 0.561238, te_score: 0.760000

time = 8
tr_loss: 0.586635, tr_score: 0.702500
va_loss: 0.527165, va_score: 0.760000
te_loss: 0.622912, te_score: 0.680000

time = 8
tr_loss: 0.565310, tr_score: 0.711250
va_loss: 0.570846, va_score: 0.680000
te_loss: 0.563626, te_score: 0.680000

time = 8
tr_loss: 0.627298, tr_score: 0.686250
va_loss: 0.535142, va_score: 0.800000
te_loss: 0.607647, te_score: 0.710000

time = 8
tr_loss: 0.615587, tr_score: 0.687500
va_loss: 0.557512, va_score: 0.710000
te_loss: 0.637819, te_score: 0.710000

time = 8
tr_loss: 0.592274, tr_score: 0.727500
va_loss: 0.538930, va_score: 0.790000
te_loss: 0.740173, te_score: 0.570000

time = 8
tr_loss: 0.588838, tr_score: 0.706250
va_loss: 0.605791, va_score: 0.680000
te_loss: 0.619034, te_score: 0.660000

time = 8
tr_loss: 0.544093, tr_score: 0.723750
va_loss: 0.527443, va_score: 0.740000
te_loss: 0.549012, te_score: 0.730000

time = 8
tr_loss: 0.557622, tr_score: 0.720000
va_loss: 0.569432, va_score: 0.720000
te_loss: 0.567205, te_score: 0.740000

time = 8
tr_loss: 0.580853, tr_score: 0.722500
va_loss: 0.577726, va_score: 0.730000
te_loss: 0.641129, te_score: 0.640000

======================================================
8  Seed:  [4860. 8426. 6918. 8393. 2977. 1581. 7001.  814. 5947. 4477. 3311. 7270.
 5082. 4712. 7103. 6080. 5821. 8708. 4579. 2324.]
tr_loss: 0.584421, tr_score: 0.705250
va_loss: 0.580790, va_score: 0.708000
te_loss: 0.592508, te_score: 0.698000
time = 9
tr_loss: 0.507368, tr_score: 0.745000
va_loss: 0.474172, va_score: 0.760000
te_loss: 0.495351, te_score: 0.770000

time = 9
tr_loss: 0.600700, tr_score: 0.708750
va_loss: 0.694725, va_score: 0.610000
te_loss: 0.559357, te_score: 0.720000

time = 9
tr_loss: 0.586326, tr_score: 0.720000
va_loss: 0.568534, va_score: 0.720000
te_loss: 0.659401, te_score: 0.660000

time = 9
tr_loss: 0.557554, tr_score: 0.735000
va_loss: 0.598817, va_score: 0.700000
te_loss: 0.597881, te_score: 0.730000

time = 9
tr_loss: 0.564116, tr_score: 0.716250
va_loss: 0.554852, va_score: 0.760000
te_loss: 0.717140, te_score: 0.600000

time = 9
tr_loss: 0.551179, tr_score: 0.727500
va_loss: 0.534473, va_score: 0.740000
te_loss: 0.606367, te_score: 0.690000

time = 9
tr_loss: 0.599060, tr_score: 0.705000
va_loss: 0.568679, va_score: 0.730000
te_loss: 0.578434, te_score: 0.720000

time = 9
tr_loss: 0.540052, tr_score: 0.732500
va_loss: 0.573616, va_score: 0.720000
te_loss: 0.600958, te_score: 0.730000

time = 9
tr_loss: 0.585278, tr_score: 0.688750
va_loss: 0.585597, va_score: 0.720000
te_loss: 0.523070, te_score: 0.750000

time = 9
tr_loss: 0.587696, tr_score: 0.702500
va_loss: 0.635802, va_score: 0.650000
te_loss: 0.587527, te_score: 0.730000

time = 9
tr_loss: 0.615981, tr_score: 0.697500
va_loss: 0.612867, va_score: 0.720000
te_loss: 0.608239, te_score: 0.700000

time = 9
tr_loss: 0.585777, tr_score: 0.695000
va_loss: 0.559420, va_score: 0.750000
te_loss: 0.555347, te_score: 0.760000

time = 9
tr_loss: 0.619962, tr_score: 0.698750
va_loss: 0.633128, va_score: 0.670000
te_loss: 0.564145, te_score: 0.720000

time = 9
tr_loss: 0.601017, tr_score: 0.700000
va_loss: 0.586031, va_score: 0.700000
te_loss: 0.578579, te_score: 0.700000

time = 9
tr_loss: 0.566892, tr_score: 0.725000
va_loss: 0.657499, va_score: 0.620000
te_loss: 0.585543, te_score: 0.640000

time = 9
tr_loss: 0.544484, tr_score: 0.695000
va_loss: 0.543738, va_score: 0.720000
te_loss: 0.508602, te_score: 0.720000

time = 9
tr_loss: 0.588069, tr_score: 0.705000
va_loss: 0.576054, va_score: 0.720000
te_loss: 0.592043, te_score: 0.720000

time = 9
tr_loss: 0.532143, tr_score: 0.733750
va_loss: 0.535414, va_score: 0.710000
te_loss: 0.586308, te_score: 0.650000

time = 9
tr_loss: 0.559867, tr_score: 0.718750
va_loss: 0.553563, va_score: 0.700000
te_loss: 0.598626, te_score: 0.680000

time = 9
tr_loss: 0.594795, tr_score: 0.690000
va_loss: 0.545379, va_score: 0.760000
te_loss: 0.594211, te_score: 0.720000

======================================================
9  Seed:  [9948.  542.  232.  666. 5686. 1955. 6679. 1732. 8003. 9621. 2645. 4622.
 2831. 7236. 6932. 8781. 1798. 9886. 2715. 5559.]
tr_loss: 0.574416, tr_score: 0.712000
va_loss: 0.579618, va_score: 0.709000
te_loss: 0.584856, te_score: 0.705500
time = 10
tr_loss: 0.501200, tr_score: 0.766250
va_loss: 0.478676, va_score: 0.770000
te_loss: 0.480848, te_score: 0.780000

time = 10
tr_loss: 0.584179, tr_score: 0.701250
va_loss: 0.554161, va_score: 0.710000
te_loss: 0.545882, te_score: 0.720000

time = 10
tr_loss: 0.541887, tr_score: 0.730000
va_loss: 0.534713, va_score: 0.740000
te_loss: 0.674713, te_score: 0.640000

time = 10
tr_loss: 0.579321, tr_score: 0.707500
va_loss: 0.527771, va_score: 0.770000
te_loss: 0.546516, te_score: 0.700000

time = 10
tr_loss: 0.605426, tr_score: 0.693750
va_loss: 0.669002, va_score: 0.640000
te_loss: 0.587643, te_score: 0.730000

time = 10
tr_loss: 0.594212, tr_score: 0.706250
va_loss: 0.566692, va_score: 0.730000
te_loss: 0.602539, te_score: 0.710000

time = 10
tr_loss: 0.579762, tr_score: 0.716250
va_loss: 0.535243, va_score: 0.780000
te_loss: 0.546837, te_score: 0.750000

time = 10
tr_loss: 0.603021, tr_score: 0.683750
va_loss: 0.475276, va_score: 0.820000
te_loss: 0.573726, te_score: 0.730000

time = 10
tr_loss: 0.589241, tr_score: 0.702500
va_loss: 0.584077, va_score: 0.710000
te_loss: 0.593045, te_score: 0.680000

time = 10
tr_loss: 0.615604, tr_score: 0.692500
va_loss: 0.579890, va_score: 0.740000
te_loss: 0.585770, te_score: 0.720000

time = 10
tr_loss: 0.556247, tr_score: 0.723750
va_loss: 0.551525, va_score: 0.710000
te_loss: 0.534332, te_score: 0.780000

time = 10
tr_loss: 0.587365, tr_score: 0.711250
va_loss: 0.660706, va_score: 0.620000
te_loss: 0.625126, te_score: 0.690000

time = 10
tr_loss: 0.582616, tr_score: 0.696250
va_loss: 0.605700, va_score: 0.710000
te_loss: 0.601250, te_score: 0.720000

time = 10
tr_loss: 0.623573, tr_score: 0.683750
va_loss: 0.586593, va_score: 0.740000
te_loss: 0.547044, te_score: 0.780000

time = 10
tr_loss: 0.575885, tr_score: 0.723750
va_loss: 0.671896, va_score: 0.610000
te_loss: 0.613484, te_score: 0.690000

time = 10
tr_loss: 0.574137, tr_score: 0.700000
va_loss: 0.549080, va_score: 0.770000
te_loss: 0.542266, te_score: 0.760000

time = 10
tr_loss: 0.604673, tr_score: 0.695000
va_loss: 0.540090, va_score: 0.770000
te_loss: 0.611937, te_score: 0.680000

time = 10
tr_loss: 0.553424, tr_score: 0.731250
va_loss: 0.563322, va_score: 0.700000
te_loss: 0.535459, te_score: 0.760000

time = 10
tr_loss: 0.569458, tr_score: 0.700000
va_loss: 0.551818, va_score: 0.720000
te_loss: 0.559602, te_score: 0.730000

time = 10
tr_loss: 0.607985, tr_score: 0.707500
va_loss: 0.681575, va_score: 0.590000
te_loss: 0.570535, te_score: 0.750000

======================================================
10  Seed:  [9217. 8758. 9318. 9902. 9257. 5433. 4194. 5342. 6064. 1182. 7632. 9724.
 4507. 4141. 7028. 4431.  710. 9505. 6403. 3797.]
tr_loss: 0.581461, tr_score: 0.708625
va_loss: 0.573390, va_score: 0.717500
te_loss: 0.573928, te_score: 0.725000
time = 11
tr_loss: 0.614576, tr_score: 0.688750
va_loss: 0.498628, va_score: 0.820000
te_loss: 0.659255, te_score: 0.640000

time = 11
tr_loss: 0.604336, tr_score: 0.702500
va_loss: 0.619639, va_score: 0.680000
te_loss: 0.629809, te_score: 0.680000

time = 11
tr_loss: 0.592491, tr_score: 0.698750
va_loss: 0.616496, va_score: 0.680000
te_loss: 0.571299, te_score: 0.730000

time = 11
tr_loss: 0.582276, tr_score: 0.708750
va_loss: 0.608105, va_score: 0.690000
te_loss: 0.518981, te_score: 0.760000

time = 11
tr_loss: 0.592338, tr_score: 0.712500
va_loss: 0.693302, va_score: 0.650000
te_loss: 0.552909, te_score: 0.670000

time = 11
tr_loss: 0.582665, tr_score: 0.711250
va_loss: 0.649619, va_score: 0.600000
te_loss: 0.547285, te_score: 0.710000

time = 11
tr_loss: 0.582231, tr_score: 0.725000
va_loss: 0.647650, va_score: 0.660000
te_loss: 0.624481, te_score: 0.690000

time = 11
tr_loss: 0.590746, tr_score: 0.707500
va_loss: 0.502441, va_score: 0.810000
te_loss: 0.575160, te_score: 0.690000

time = 11
tr_loss: 0.562545, tr_score: 0.706250
va_loss: 0.605105, va_score: 0.700000
te_loss: 0.592484, te_score: 0.680000

time = 11
tr_loss: 0.576167, tr_score: 0.720000
va_loss: 0.630237, va_score: 0.660000
te_loss: 0.608433, te_score: 0.690000

time = 11
tr_loss: 0.572092, tr_score: 0.725000
va_loss: 0.587240, va_score: 0.720000
te_loss: 0.532580, te_score: 0.770000

time = 11
tr_loss: 0.542310, tr_score: 0.733750
va_loss: 0.636683, va_score: 0.670000
te_loss: 0.643352, te_score: 0.600000

time = 11
tr_loss: 0.562798, tr_score: 0.730000
va_loss: 0.576927, va_score: 0.740000
te_loss: 0.628479, te_score: 0.640000

time = 11
tr_loss: 0.574487, tr_score: 0.717500
va_loss: 0.530316, va_score: 0.750000
te_loss: 0.643946, te_score: 0.660000

time = 11
tr_loss: 0.580014, tr_score: 0.726250
va_loss: 0.546700, va_score: 0.760000
te_loss: 0.615037, te_score: 0.660000

time = 11
tr_loss: 0.597675, tr_score: 0.712500
va_loss: 0.668748, va_score: 0.650000
te_loss: 0.577612, te_score: 0.730000

time = 11
tr_loss: 0.592940, tr_score: 0.685000
va_loss: 0.576679, va_score: 0.730000
te_loss: 0.625715, te_score: 0.610000

time = 11
tr_loss: 0.573372, tr_score: 0.708750
va_loss: 0.557953, va_score: 0.740000
te_loss: 0.633998, te_score: 0.680000

time = 11
tr_loss: 0.583685, tr_score: 0.710000
va_loss: 0.552267, va_score: 0.740000
te_loss: 0.660973, te_score: 0.640000

time = 11
tr_loss: 0.615214, tr_score: 0.695000
va_loss: 0.546283, va_score: 0.770000
te_loss: 0.638487, te_score: 0.670000

======================================================
11  Seed:  [ 276. 7096. 7576. 7225. 8005. 7496. 1258. 6191. 8489. 5152. 4572. 4247.
 5941. 8136.  978. 3169. 6643. 4121. 8439. 9382.]
tr_loss: 0.583748, tr_score: 0.711250
va_loss: 0.592551, va_score: 0.711000
te_loss: 0.604014, te_score: 0.680000
time = 12
tr_loss: 0.604700, tr_score: 0.708750
va_loss: 0.664214, va_score: 0.660000
te_loss: 0.602582, te_score: 0.720000

time = 12
tr_loss: 0.592457, tr_score: 0.698750
va_loss: 0.670471, va_score: 0.660000
te_loss: 0.556871, te_score: 0.750000

time = 12
tr_loss: 0.558584, tr_score: 0.731250
va_loss: 0.606952, va_score: 0.670000
te_loss: 0.579180, te_score: 0.710000

time = 12
tr_loss: 0.551100, tr_score: 0.731250
va_loss: 0.612803, va_score: 0.690000
te_loss: 0.659079, te_score: 0.630000

time = 12
tr_loss: 0.566352, tr_score: 0.728750
va_loss: 0.571360, va_score: 0.730000
te_loss: 0.598382, te_score: 0.670000

time = 12
tr_loss: 0.565071, tr_score: 0.716250
va_loss: 0.560369, va_score: 0.670000
te_loss: 0.617483, te_score: 0.700000

time = 12
tr_loss: 0.585037, tr_score: 0.700000
va_loss: 0.621869, va_score: 0.710000
te_loss: 0.663543, te_score: 0.630000

time = 12
tr_loss: 0.511586, tr_score: 0.763750
va_loss: 0.508818, va_score: 0.800000
te_loss: 0.535155, te_score: 0.720000

time = 12
tr_loss: 0.515781, tr_score: 0.766250
va_loss: 0.537282, va_score: 0.760000
te_loss: 0.589443, te_score: 0.710000

time = 12
tr_loss: 0.597925, tr_score: 0.708750
va_loss: 0.657900, va_score: 0.670000
te_loss: 0.645376, te_score: 0.660000

time = 12
tr_loss: 0.582846, tr_score: 0.725000
va_loss: 0.588815, va_score: 0.700000
te_loss: 0.617974, te_score: 0.660000

time = 12
tr_loss: 0.539975, tr_score: 0.736250
va_loss: 0.513203, va_score: 0.730000
te_loss: 0.569650, te_score: 0.730000

time = 12
tr_loss: 0.580362, tr_score: 0.702500
va_loss: 0.604308, va_score: 0.710000
te_loss: 0.650344, te_score: 0.630000

time = 12
tr_loss: 0.512352, tr_score: 0.751250
va_loss: 0.519663, va_score: 0.750000
te_loss: 0.532345, te_score: 0.720000

time = 12
tr_loss: 0.657049, tr_score: 0.698750
va_loss: 0.637048, va_score: 0.760000
te_loss: 0.697765, te_score: 0.650000

time = 12
tr_loss: 0.568122, tr_score: 0.720000
va_loss: 0.612905, va_score: 0.670000
te_loss: 0.577025, te_score: 0.720000

time = 12
tr_loss: 0.593772, tr_score: 0.711250
va_loss: 0.632607, va_score: 0.680000
te_loss: 0.545612, te_score: 0.760000

time = 12
tr_loss: 0.632777, tr_score: 0.625000
va_loss: 0.622851, va_score: 0.640000
te_loss: 0.627461, te_score: 0.590000

time = 12
tr_loss: 0.580771, tr_score: 0.716250
va_loss: 0.632829, va_score: 0.690000
te_loss: 0.601152, te_score: 0.670000

time = 12
tr_loss: 0.564979, tr_score: 0.717500
va_loss: 0.632923, va_score: 0.650000
te_loss: 0.597413, te_score: 0.700000

======================================================
12  Seed:  [5995. 5359. 4959. 8841. 2084. 6283. 5803. 5547. 5856. 6466. 1029. 9406.
 1119. 6504. 6270.   89. 4601. 8528. 5236. 3309.]
tr_loss: 0.573080, tr_score: 0.717875
va_loss: 0.600460, va_score: 0.700000
te_loss: 0.603192, te_score: 0.686500
time = 13
tr_loss: 0.571733, tr_score: 0.698750
va_loss: 0.609348, va_score: 0.680000
te_loss: 0.584645, te_score: 0.730000

time = 13
tr_loss: 0.555092, tr_score: 0.733750
va_loss: 0.498720, va_score: 0.810000
te_loss: 0.543990, te_score: 0.750000

time = 13
tr_loss: 0.537769, tr_score: 0.730000
va_loss: 0.509883, va_score: 0.740000
te_loss: 0.708347, te_score: 0.580000

time = 13
tr_loss: 0.572360, tr_score: 0.701250
va_loss: 0.638742, va_score: 0.660000
te_loss: 0.509595, te_score: 0.750000

time = 13
tr_loss: 0.571799, tr_score: 0.712500
va_loss: 0.577778, va_score: 0.740000
te_loss: 0.574762, te_score: 0.720000

time = 13
tr_loss: 0.545729, tr_score: 0.730000
va_loss: 0.604407, va_score: 0.680000
te_loss: 0.557205, te_score: 0.700000

time = 13
tr_loss: 0.520023, tr_score: 0.753750
va_loss: 0.555452, va_score: 0.720000
te_loss: 0.536535, te_score: 0.740000

time = 13
tr_loss: 0.548384, tr_score: 0.717500
va_loss: 0.516022, va_score: 0.760000
te_loss: 0.552774, te_score: 0.690000

time = 13
tr_loss: 0.585254, tr_score: 0.702500
va_loss: 0.584584, va_score: 0.720000
te_loss: 0.503774, te_score: 0.780000

time = 13
tr_loss: 0.561603, tr_score: 0.731250
va_loss: 0.632791, va_score: 0.590000
te_loss: 0.511628, te_score: 0.780000

time = 13
tr_loss: 0.549104, tr_score: 0.725000
va_loss: 0.587180, va_score: 0.690000
te_loss: 0.695850, te_score: 0.610000

time = 13
tr_loss: 0.549433, tr_score: 0.723750
va_loss: 0.560558, va_score: 0.720000
te_loss: 0.566804, te_score: 0.690000

time = 13
tr_loss: 0.613992, tr_score: 0.696250
va_loss: 0.653997, va_score: 0.650000
te_loss: 0.651795, te_score: 0.640000

time = 13
tr_loss: 0.590633, tr_score: 0.703750
va_loss: 0.556552, va_score: 0.750000
te_loss: 0.578398, te_score: 0.740000

time = 13
tr_loss: 0.595264, tr_score: 0.703750
va_loss: 0.552603, va_score: 0.750000
te_loss: 0.526647, te_score: 0.770000

time = 13
tr_loss: 0.556494, tr_score: 0.718750
va_loss: 0.574797, va_score: 0.720000
te_loss: 0.608723, te_score: 0.690000

time = 13
tr_loss: 0.643979, tr_score: 0.687500
va_loss: 0.605825, va_score: 0.720000
te_loss: 0.708086, te_score: 0.640000

time = 13
tr_loss: 0.656043, tr_score: 0.692500
va_loss: 0.565957, va_score: 0.740000
te_loss: 0.599754, te_score: 0.710000

time = 13
tr_loss: 0.647781, tr_score: 0.696250
va_loss: 0.551451, va_score: 0.780000
te_loss: 0.756950, te_score: 0.650000

time = 13
tr_loss: 0.563965, tr_score: 0.717500
va_loss: 0.547484, va_score: 0.760000
te_loss: 0.527236, te_score: 0.760000

======================================================
13  Seed:  [3706. 3756. 2533. 6590. 1761. 5957. 4965. 8699. 1302.  214. 1426. 3422.
 9979.   35. 8073. 6183. 7853. 8174. 4923.  725.]
tr_loss: 0.576822, tr_score: 0.713812
va_loss: 0.574207, va_score: 0.719000
te_loss: 0.590175, te_score: 0.706000
time = 14
tr_loss: 0.558852, tr_score: 0.722500
va_loss: 0.598781, va_score: 0.680000
te_loss: 0.551882, te_score: 0.740000

time = 14
tr_loss: 0.584255, tr_score: 0.715000
va_loss: 0.613639, va_score: 0.690000
te_loss: 0.563664, te_score: 0.740000

time = 14
tr_loss: 0.584834, tr_score: 0.706250
va_loss: 0.535036, va_score: 0.760000
te_loss: 0.581279, te_score: 0.740000

time = 14
tr_loss: 0.585879, tr_score: 0.703750
va_loss: 0.616508, va_score: 0.690000
te_loss: 0.546178, te_score: 0.750000

time = 14
tr_loss: 0.585538, tr_score: 0.710000
va_loss: 0.622596, va_score: 0.670000
te_loss: 0.583191, te_score: 0.720000

time = 14
tr_loss: 0.555239, tr_score: 0.731250
va_loss: 0.553153, va_score: 0.710000
te_loss: 0.591189, te_score: 0.650000

time = 14
tr_loss: 0.615135, tr_score: 0.691250
va_loss: 0.525102, va_score: 0.800000
te_loss: 0.662859, te_score: 0.670000

time = 14
tr_loss: 0.584654, tr_score: 0.683750
va_loss: 0.653904, va_score: 0.660000
te_loss: 0.617160, te_score: 0.670000

time = 14
tr_loss: 0.592818, tr_score: 0.700000
va_loss: 0.566377, va_score: 0.720000
te_loss: 0.574629, te_score: 0.720000

time = 14
tr_loss: 0.524029, tr_score: 0.736250
va_loss: 0.420633, va_score: 0.820000
te_loss: 0.615026, te_score: 0.690000

time = 14
tr_loss: 0.586344, tr_score: 0.703750
va_loss: 0.498660, va_score: 0.780000
te_loss: 0.523833, te_score: 0.760000

time = 14
tr_loss: 0.564399, tr_score: 0.716250
va_loss: 0.584991, va_score: 0.710000
te_loss: 0.600510, te_score: 0.730000

time = 14
tr_loss: 0.599520, tr_score: 0.697500
va_loss: 0.569616, va_score: 0.760000
te_loss: 0.641209, te_score: 0.640000

time = 14
tr_loss: 0.569225, tr_score: 0.703750
va_loss: 0.559988, va_score: 0.710000
te_loss: 0.579897, te_score: 0.710000

time = 14
tr_loss: 0.598346, tr_score: 0.701250
va_loss: 0.629539, va_score: 0.670000
te_loss: 0.603632, te_score: 0.730000

time = 14
tr_loss: 0.583307, tr_score: 0.707500
va_loss: 0.569640, va_score: 0.750000
te_loss: 0.564086, te_score: 0.720000

time = 14
tr_loss: 0.506577, tr_score: 0.758750
va_loss: 0.430843, va_score: 0.820000
te_loss: 0.633627, te_score: 0.690000

time = 14
tr_loss: 0.614115, tr_score: 0.678750
va_loss: 0.633653, va_score: 0.640000
te_loss: 0.621392, te_score: 0.710000

time = 14
tr_loss: 0.568683, tr_score: 0.717500
va_loss: 0.603112, va_score: 0.700000
te_loss: 0.652534, te_score: 0.680000

time = 14
tr_loss: 0.589972, tr_score: 0.700000
va_loss: 0.622716, va_score: 0.680000
te_loss: 0.556436, te_score: 0.750000

======================================================
14  Seed:  [6736. 9332. 4026. 8791. 2185. 8095. 4925. 3877. 8332. 6847. 5871. 5004.
 2796. 4961. 1467. 7787. 3868. 5255. 9307. 9073.]
tr_loss: 0.577586, tr_score: 0.709250
va_loss: 0.570424, va_score: 0.721000
te_loss: 0.593211, te_score: 0.710500
time = 15
tr_loss: 0.603013, tr_score: 0.701250
va_loss: 0.606288, va_score: 0.700000
te_loss: 0.614984, te_score: 0.700000

time = 15
tr_loss: 0.636435, tr_score: 0.688750
va_loss: 0.604600, va_score: 0.730000
te_loss: 0.598709, te_score: 0.760000

time = 15
tr_loss: 0.612232, tr_score: 0.682500
va_loss: 0.598597, va_score: 0.700000
te_loss: 0.637876, te_score: 0.670000

time = 15
tr_loss: 0.545920, tr_score: 0.718750
va_loss: 0.451688, va_score: 0.800000
te_loss: 0.590649, te_score: 0.660000

time = 15
tr_loss: 0.557421, tr_score: 0.716250
va_loss: 0.565617, va_score: 0.730000
te_loss: 0.557488, te_score: 0.700000

time = 15
tr_loss: 0.550758, tr_score: 0.722500
va_loss: 0.601165, va_score: 0.690000
te_loss: 0.598205, te_score: 0.680000

time = 15
tr_loss: 0.521611, tr_score: 0.747500
va_loss: 0.504469, va_score: 0.740000
te_loss: 0.487550, te_score: 0.770000

time = 15
tr_loss: 0.603930, tr_score: 0.696250
va_loss: 0.629109, va_score: 0.710000
te_loss: 0.627713, te_score: 0.710000

time = 15
tr_loss: 0.587650, tr_score: 0.691250
va_loss: 0.553622, va_score: 0.740000
te_loss: 0.575845, te_score: 0.730000

time = 15
tr_loss: 0.586288, tr_score: 0.700000
va_loss: 0.642900, va_score: 0.650000
te_loss: 0.556554, te_score: 0.720000

time = 15
tr_loss: 0.606839, tr_score: 0.678750
va_loss: 0.590928, va_score: 0.740000
te_loss: 0.589472, te_score: 0.690000

time = 15
tr_loss: 0.554773, tr_score: 0.725000
va_loss: 0.612243, va_score: 0.680000
te_loss: 0.583332, te_score: 0.690000

time = 15
tr_loss: 0.602280, tr_score: 0.695000
va_loss: 0.561065, va_score: 0.750000
te_loss: 0.621664, te_score: 0.690000

time = 15
tr_loss: 0.547776, tr_score: 0.708750
va_loss: 0.582442, va_score: 0.730000
te_loss: 0.605703, te_score: 0.650000

time = 15
tr_loss: 0.545200, tr_score: 0.727500
va_loss: 0.540633, va_score: 0.710000
te_loss: 0.561601, te_score: 0.720000

time = 15
tr_loss: 0.538710, tr_score: 0.733750
va_loss: 0.634387, va_score: 0.650000
te_loss: 0.625725, te_score: 0.660000

time = 15
tr_loss: 0.599340, tr_score: 0.676250
va_loss: 0.539320, va_score: 0.720000
te_loss: 0.645295, te_score: 0.650000

time = 15
tr_loss: 0.558796, tr_score: 0.715000
va_loss: 0.590454, va_score: 0.680000
te_loss: 0.666075, te_score: 0.640000

time = 15
tr_loss: 0.592548, tr_score: 0.706250
va_loss: 0.567540, va_score: 0.730000
te_loss: 0.561561, te_score: 0.750000

time = 15
tr_loss: 0.601650, tr_score: 0.700000
va_loss: 0.545935, va_score: 0.700000
te_loss: 0.592477, te_score: 0.700000

======================================================
15  Seed:  [ 879. 4612.  287.  491. 3659. 8251. 7507. 1140. 3507. 4318. 9716. 8900.
 3870. 2555. 7340. 8792.  757. 6674. 3143.  691.]
tr_loss: 0.577659, tr_score: 0.706562
va_loss: 0.576150, va_score: 0.714000
te_loss: 0.594924, te_score: 0.697000
time = 16
tr_loss: 0.545060, tr_score: 0.728750
va_loss: 0.553080, va_score: 0.740000
te_loss: 0.567742, te_score: 0.750000

time = 16
tr_loss: 0.500823, tr_score: 0.751250
va_loss: 0.475770, va_score: 0.750000
te_loss: 0.565471, te_score: 0.720000

time = 16
tr_loss: 0.601822, tr_score: 0.701250
va_loss: 0.558077, va_score: 0.750000
te_loss: 0.627995, te_score: 0.670000

time = 16
tr_loss: 0.588143, tr_score: 0.705000
va_loss: 0.595790, va_score: 0.710000
te_loss: 0.557444, te_score: 0.760000

time = 16
tr_loss: 0.553824, tr_score: 0.730000
va_loss: 0.541131, va_score: 0.750000
te_loss: 0.572925, te_score: 0.730000

time = 16
tr_loss: 0.485059, tr_score: 0.778750
va_loss: 0.489007, va_score: 0.760000
te_loss: 0.629616, te_score: 0.640000

time = 16
tr_loss: 0.597777, tr_score: 0.698750
va_loss: 0.607934, va_score: 0.690000
te_loss: 0.552098, te_score: 0.740000

time = 16
tr_loss: 0.618651, tr_score: 0.707500
va_loss: 0.639648, va_score: 0.680000
te_loss: 0.638121, te_score: 0.680000

time = 16
tr_loss: 0.503392, tr_score: 0.768750
va_loss: 0.504523, va_score: 0.760000
te_loss: 0.506434, te_score: 0.750000

time = 16
tr_loss: 0.584674, tr_score: 0.712500
va_loss: 0.634219, va_score: 0.660000
te_loss: 0.625764, te_score: 0.660000

time = 16
tr_loss: 0.600884, tr_score: 0.710000
va_loss: 0.621884, va_score: 0.700000
te_loss: 0.616487, te_score: 0.690000

time = 16
tr_loss: 0.574546, tr_score: 0.718750
va_loss: 0.598975, va_score: 0.710000
te_loss: 0.593620, te_score: 0.710000

time = 16
tr_loss: 0.580499, tr_score: 0.720000
va_loss: 0.694311, va_score: 0.650000
te_loss: 0.615347, te_score: 0.680000

time = 16
tr_loss: 0.616786, tr_score: 0.687500
va_loss: 0.530706, va_score: 0.770000
te_loss: 0.530748, te_score: 0.800000

time = 16
tr_loss: 0.579226, tr_score: 0.695000
va_loss: 0.534474, va_score: 0.770000
te_loss: 0.554105, te_score: 0.730000

time = 16
tr_loss: 0.559682, tr_score: 0.726250
va_loss: 0.589192, va_score: 0.680000
te_loss: 0.547957, te_score: 0.720000

time = 16
tr_loss: 0.581619, tr_score: 0.705000
va_loss: 0.548766, va_score: 0.730000
te_loss: 0.602511, te_score: 0.690000

time = 16
tr_loss: 0.567190, tr_score: 0.717500
va_loss: 0.614712, va_score: 0.710000
te_loss: 0.578304, te_score: 0.690000

time = 16
tr_loss: 0.590195, tr_score: 0.698750
va_loss: 0.531096, va_score: 0.750000
te_loss: 0.608643, te_score: 0.730000

time = 16
tr_loss: 0.578984, tr_score: 0.713750
va_loss: 0.602140, va_score: 0.670000
te_loss: 0.559549, te_score: 0.740000

======================================================
16  Seed:  [9082. 6878.  978. 6918.   35. 3547.  812. 1562. 5243. 8191. 5330. 4602.
 2929. 4830.  303. 9956. 3156. 7475. 4637.  734.]
tr_loss: 0.570442, tr_score: 0.718750
va_loss: 0.573272, va_score: 0.719500
te_loss: 0.582544, te_score: 0.714000
time = 17
tr_loss: 0.584102, tr_score: 0.707500
va_loss: 0.629169, va_score: 0.650000
te_loss: 0.575701, te_score: 0.710000

time = 17
tr_loss: 0.595428, tr_score: 0.711250
va_loss: 0.626517, va_score: 0.680000
te_loss: 0.582425, te_score: 0.730000

time = 17
tr_loss: 0.617495, tr_score: 0.710000
va_loss: 0.688935, va_score: 0.670000
te_loss: 0.678289, te_score: 0.660000

time = 17
tr_loss: 0.576202, tr_score: 0.717500
va_loss: 0.645885, va_score: 0.640000
te_loss: 0.593317, te_score: 0.690000

time = 17
tr_loss: 0.603975, tr_score: 0.700000
va_loss: 0.555211, va_score: 0.770000
te_loss: 0.580020, te_score: 0.750000

time = 17
tr_loss: 0.592476, tr_score: 0.702500
va_loss: 0.607292, va_score: 0.690000
te_loss: 0.654598, te_score: 0.670000

time = 17
tr_loss: 0.531838, tr_score: 0.737500
va_loss: 0.658717, va_score: 0.620000
te_loss: 0.578268, te_score: 0.690000

time = 17
tr_loss: 0.562929, tr_score: 0.731250
va_loss: 0.615513, va_score: 0.700000
te_loss: 0.671955, te_score: 0.640000

time = 17
tr_loss: 0.558678, tr_score: 0.728750
va_loss: 0.557228, va_score: 0.700000
te_loss: 0.550772, te_score: 0.730000

time = 17
tr_loss: 0.565408, tr_score: 0.707500
va_loss: 0.631548, va_score: 0.690000
te_loss: 0.641054, te_score: 0.690000

time = 17
tr_loss: 0.579210, tr_score: 0.716250
va_loss: 0.615413, va_score: 0.690000
te_loss: 0.627039, te_score: 0.640000

time = 17
tr_loss: 0.575421, tr_score: 0.710000
va_loss: 0.605887, va_score: 0.640000
te_loss: 0.568250, te_score: 0.700000

time = 17
tr_loss: 0.583001, tr_score: 0.712500
va_loss: 0.557453, va_score: 0.730000
te_loss: 0.573508, te_score: 0.720000

time = 17
tr_loss: 0.608646, tr_score: 0.683750
va_loss: 0.571132, va_score: 0.720000
te_loss: 0.581342, te_score: 0.730000

time = 17
tr_loss: 0.570350, tr_score: 0.725000
va_loss: 0.676574, va_score: 0.620000
te_loss: 0.608093, te_score: 0.700000

time = 17
tr_loss: 0.599926, tr_score: 0.711250
va_loss: 0.540396, va_score: 0.720000
te_loss: 0.554783, te_score: 0.740000

time = 17
tr_loss: 0.588263, tr_score: 0.721250
va_loss: 0.662388, va_score: 0.630000
te_loss: 0.588681, te_score: 0.730000

time = 17
tr_loss: 0.592479, tr_score: 0.706250
va_loss: 0.526642, va_score: 0.780000
te_loss: 0.572941, te_score: 0.730000

time = 17
tr_loss: 0.602219, tr_score: 0.711250
va_loss: 0.541473, va_score: 0.730000
te_loss: 0.632811, te_score: 0.660000

time = 17
tr_loss: 0.553608, tr_score: 0.715000
va_loss: 0.579040, va_score: 0.680000
te_loss: 0.572903, te_score: 0.700000

======================================================
17  Seed:  [9997. 6891. 7283.  296. 4194.  627. 9187. 9699.  412. 3964. 5059. 1882.
 6859. 7098. 9012. 6459. 3018. 8410. 9321. 1260.]
tr_loss: 0.582083, tr_score: 0.713313
va_loss: 0.604621, va_score: 0.687500
te_loss: 0.599338, te_score: 0.700500
time = 18
tr_loss: 0.581291, tr_score: 0.708750
va_loss: 0.569669, va_score: 0.690000
te_loss: 0.607840, te_score: 0.700000

time = 18
tr_loss: 0.567326, tr_score: 0.715000
va_loss: 0.569229, va_score: 0.700000
te_loss: 0.526559, te_score: 0.730000

time = 18
tr_loss: 0.486734, tr_score: 0.786250
va_loss: 0.442551, va_score: 0.790000
te_loss: 0.574319, te_score: 0.720000

time = 18
tr_loss: 0.561308, tr_score: 0.722500
va_loss: 0.565277, va_score: 0.710000
te_loss: 0.521538, te_score: 0.720000

time = 18
tr_loss: 0.612858, tr_score: 0.683750
va_loss: 0.571341, va_score: 0.720000
te_loss: 0.547190, te_score: 0.770000

time = 18
tr_loss: 0.557947, tr_score: 0.730000
va_loss: 0.559034, va_score: 0.720000
te_loss: 0.517713, te_score: 0.800000

time = 18
tr_loss: 0.598013, tr_score: 0.707500
va_loss: 0.637349, va_score: 0.670000
te_loss: 0.557975, te_score: 0.760000

time = 18
tr_loss: 0.572853, tr_score: 0.717500
va_loss: 0.643864, va_score: 0.720000
te_loss: 0.668076, te_score: 0.570000

time = 18
tr_loss: 0.617392, tr_score: 0.687500
va_loss: 0.584517, va_score: 0.720000
te_loss: 0.614451, te_score: 0.700000

time = 18
tr_loss: 0.559973, tr_score: 0.735000
va_loss: 0.584254, va_score: 0.690000
te_loss: 0.635964, te_score: 0.630000

time = 18
tr_loss: 0.597346, tr_score: 0.713750
va_loss: 0.659384, va_score: 0.640000
te_loss: 0.554693, te_score: 0.760000

time = 18
tr_loss: 0.552478, tr_score: 0.718750
va_loss: 0.604799, va_score: 0.700000
te_loss: 0.537477, te_score: 0.740000

time = 18
tr_loss: 0.562191, tr_score: 0.725000
va_loss: 0.644290, va_score: 0.680000
te_loss: 0.602277, te_score: 0.680000

time = 18
tr_loss: 0.592112, tr_score: 0.703750
va_loss: 0.591783, va_score: 0.710000
te_loss: 0.573698, te_score: 0.750000

time = 18
tr_loss: 0.590577, tr_score: 0.701250
va_loss: 0.573907, va_score: 0.720000
te_loss: 0.555224, te_score: 0.730000

time = 18
tr_loss: 0.600393, tr_score: 0.705000
va_loss: 0.531005, va_score: 0.740000
te_loss: 0.537256, te_score: 0.780000

time = 18
tr_loss: 0.567544, tr_score: 0.731250
va_loss: 0.589882, va_score: 0.690000
te_loss: 0.531592, te_score: 0.720000

time = 18
tr_loss: 0.573214, tr_score: 0.711250
va_loss: 0.577155, va_score: 0.750000
te_loss: 0.625579, te_score: 0.670000

time = 18
tr_loss: 0.567354, tr_score: 0.710000
va_loss: 0.561553, va_score: 0.740000
te_loss: 0.569968, te_score: 0.710000

time = 18
tr_loss: 0.541391, tr_score: 0.703750
va_loss: 0.512270, va_score: 0.750000
te_loss: 0.584165, te_score: 0.680000

======================================================
18  Seed:  [ 873. 4207. 9606. 9170. 6333. 9407. 8590.  438. 6112. 2282. 5826. 4132.
 5788. 3773.  899. 1544. 7119. 3120. 1138. 3253.]
tr_loss: 0.573015, tr_score: 0.715875
va_loss: 0.578656, va_score: 0.712500
te_loss: 0.572178, te_score: 0.716000
time = 19
tr_loss: 0.551142, tr_score: 0.730000
va_loss: 0.585246, va_score: 0.700000
te_loss: 0.586023, te_score: 0.670000

time = 19
tr_loss: 0.535741, tr_score: 0.730000
va_loss: 0.550534, va_score: 0.750000
te_loss: 0.610932, te_score: 0.630000

time = 19
tr_loss: 0.537223, tr_score: 0.745000
va_loss: 0.530696, va_score: 0.780000
te_loss: 0.582311, te_score: 0.740000

time = 19
tr_loss: 0.521785, tr_score: 0.761250
va_loss: 0.533343, va_score: 0.720000
te_loss: 0.568852, te_score: 0.710000

time = 19
tr_loss: 0.588714, tr_score: 0.703750
va_loss: 0.560300, va_score: 0.750000
te_loss: 0.529501, te_score: 0.760000

time = 19
tr_loss: 0.545589, tr_score: 0.725000
va_loss: 0.565926, va_score: 0.720000
te_loss: 0.580284, te_score: 0.720000

time = 19
tr_loss: 0.588207, tr_score: 0.702500
va_loss: 0.583137, va_score: 0.720000
te_loss: 0.608930, te_score: 0.670000

time = 19
tr_loss: 0.543781, tr_score: 0.726250
va_loss: 0.570559, va_score: 0.730000
te_loss: 0.576045, te_score: 0.690000

time = 19
tr_loss: 0.604251, tr_score: 0.705000
va_loss: 0.613042, va_score: 0.700000
te_loss: 0.543529, te_score: 0.790000

time = 19
tr_loss: 0.583369, tr_score: 0.717500
va_loss: 0.607844, va_score: 0.670000
te_loss: 0.623314, te_score: 0.680000

time = 19
tr_loss: 0.607156, tr_score: 0.713750
va_loss: 0.644273, va_score: 0.700000
te_loss: 0.606218, te_score: 0.680000

time = 19
tr_loss: 0.578072, tr_score: 0.720000
va_loss: 0.629814, va_score: 0.700000
te_loss: 0.610724, te_score: 0.680000

time = 19
tr_loss: 0.525143, tr_score: 0.747500
va_loss: 0.536083, va_score: 0.710000
te_loss: 0.589499, te_score: 0.730000

time = 19
tr_loss: 0.524117, tr_score: 0.757500
va_loss: 0.502677, va_score: 0.770000
te_loss: 0.543139, te_score: 0.750000

time = 19
tr_loss: 0.582813, tr_score: 0.717500
va_loss: 0.613100, va_score: 0.690000
te_loss: 0.569221, te_score: 0.750000

time = 19
tr_loss: 0.582987, tr_score: 0.718750
va_loss: 0.497613, va_score: 0.820000
te_loss: 0.572090, te_score: 0.740000

time = 19
tr_loss: 0.571036, tr_score: 0.715000
va_loss: 0.598395, va_score: 0.680000
te_loss: 0.568781, te_score: 0.710000

time = 19
tr_loss: 0.623865, tr_score: 0.702500
va_loss: 0.676611, va_score: 0.670000
te_loss: 0.593386, te_score: 0.730000

time = 19
tr_loss: 0.597361, tr_score: 0.708750
va_loss: 0.602205, va_score: 0.710000
te_loss: 0.588087, te_score: 0.710000

time = 19
tr_loss: 0.517439, tr_score: 0.730000
va_loss: 0.583586, va_score: 0.650000
te_loss: 0.508466, te_score: 0.770000

======================================================
19  Seed:  [3709. 6253. 7969. 4492. 4878.  212. 2129. 7387.  610. 9877. 6936. 8416.
 1824. 6324. 9841. 5493. 7619. 7977.  518. 1963.]
tr_loss: 0.565490, tr_score: 0.723875
va_loss: 0.579249, va_score: 0.717000
te_loss: 0.577967, te_score: 0.715500
time = 20
tr_loss: 0.540816, tr_score: 0.731250
va_loss: 0.572378, va_score: 0.720000
te_loss: 0.535379, te_score: 0.700000

time = 20
tr_loss: 0.582149, tr_score: 0.716250
va_loss: 0.571843, va_score: 0.740000
te_loss: 0.572050, te_score: 0.750000

time = 20
tr_loss: 0.564786, tr_score: 0.723750
va_loss: 0.561632, va_score: 0.740000
te_loss: 0.619353, te_score: 0.670000

time = 20
tr_loss: 0.611751, tr_score: 0.693750
va_loss: 0.641338, va_score: 0.660000
te_loss: 0.545292, te_score: 0.790000

time = 20
tr_loss: 0.578297, tr_score: 0.715000
va_loss: 0.612870, va_score: 0.660000
te_loss: 0.534507, te_score: 0.740000

time = 20
tr_loss: 0.596154, tr_score: 0.695000
va_loss: 0.544969, va_score: 0.740000
te_loss: 0.576004, te_score: 0.700000

time = 20
tr_loss: 0.644404, tr_score: 0.683750
va_loss: 0.591775, va_score: 0.730000
te_loss: 0.653688, te_score: 0.700000

time = 20
tr_loss: 0.584049, tr_score: 0.701250
va_loss: 0.623159, va_score: 0.650000
te_loss: 0.555400, te_score: 0.740000

time = 20
tr_loss: 0.575776, tr_score: 0.707500
va_loss: 0.596060, va_score: 0.680000
te_loss: 0.521382, te_score: 0.790000

time = 20
tr_loss: 0.579615, tr_score: 0.705000
va_loss: 0.529688, va_score: 0.780000
te_loss: 0.575525, te_score: 0.700000

time = 20
tr_loss: 0.536622, tr_score: 0.731250
va_loss: 0.552060, va_score: 0.730000
te_loss: 0.540608, te_score: 0.740000

time = 20
tr_loss: 0.582533, tr_score: 0.723750
va_loss: 0.582028, va_score: 0.740000
te_loss: 0.566082, te_score: 0.750000

time = 20
tr_loss: 0.577487, tr_score: 0.720000
va_loss: 0.566098, va_score: 0.750000
te_loss: 0.616696, te_score: 0.650000

time = 20
tr_loss: 0.571315, tr_score: 0.713750
va_loss: 0.597876, va_score: 0.700000
te_loss: 0.574213, te_score: 0.760000

time = 20
tr_loss: 0.503377, tr_score: 0.745000
va_loss: 0.516379, va_score: 0.730000
te_loss: 0.570909, te_score: 0.680000

time = 20
tr_loss: 0.613150, tr_score: 0.711250
va_loss: 0.694625, va_score: 0.620000
te_loss: 0.638990, te_score: 0.680000

time = 20
tr_loss: 0.610194, tr_score: 0.663750
va_loss: 0.585419, va_score: 0.680000
te_loss: 0.581300, te_score: 0.700000

time = 20
tr_loss: 0.613151, tr_score: 0.708750
va_loss: 0.617766, va_score: 0.730000
te_loss: 0.619568, te_score: 0.730000

time = 20
tr_loss: 0.580503, tr_score: 0.723750
va_loss: 0.541249, va_score: 0.760000
te_loss: 0.576341, te_score: 0.740000

time = 20
tr_loss: 0.587233, tr_score: 0.712500
va_loss: 0.605043, va_score: 0.680000
te_loss: 0.566760, te_score: 0.710000

======================================================
20  Seed:  [8890. 5137. 6638. 5364. 3035. 4210. 5798. 9783. 7946.  146. 8127. 1556.
 1338. 7812. 5900. 6230. 6141. 6234. 5455. 7649.]
tr_loss: 0.581668, tr_score: 0.711313
va_loss: 0.585213, va_score: 0.711000
te_loss: 0.577002, te_score: 0.721000


mid seed:  [3706. 3756. 2533. 6590. 1761. 5957. 4965. 8699. 1302.  214. 1426. 3422.
 9979.   35. 8073. 6183. 7853. 8174. 4923.  725.]
mid test scores 0.7060000000000001
