time = 0
tr_loss: 0.525998, tr_score: 0.741250
va_loss: 0.505775, va_score: 0.780000
te_loss: 0.536569, te_score: 0.740000

time = 0
tr_loss: 0.571363, tr_score: 0.716250
va_loss: 0.627737, va_score: 0.650000
te_loss: 0.691850, te_score: 0.620000

time = 0
tr_loss: 0.586479, tr_score: 0.700000
va_loss: 0.638998, va_score: 0.650000
te_loss: 0.635195, te_score: 0.640000

time = 0
tr_loss: 0.583797, tr_score: 0.706250
va_loss: 0.576901, va_score: 0.720000
te_loss: 0.550080, te_score: 0.720000

time = 0
tr_loss: 0.570427, tr_score: 0.706250
va_loss: 0.623590, va_score: 0.700000
te_loss: 0.536861, te_score: 0.810000

time = 0
tr_loss: 0.569771, tr_score: 0.721250
va_loss: 0.615956, va_score: 0.670000
te_loss: 0.698011, te_score: 0.620000

time = 0
tr_loss: 0.611740, tr_score: 0.705000
va_loss: 0.665460, va_score: 0.650000
te_loss: 0.529312, te_score: 0.800000

time = 0
tr_loss: 0.590254, tr_score: 0.721250
va_loss: 0.492996, va_score: 0.790000
te_loss: 0.658311, te_score: 0.670000

time = 0
tr_loss: 0.560228, tr_score: 0.730000
va_loss: 0.534989, va_score: 0.750000
te_loss: 0.546357, te_score: 0.720000

time = 0
tr_loss: 0.604785, tr_score: 0.697500
va_loss: 0.643458, va_score: 0.650000
te_loss: 0.536601, te_score: 0.790000

time = 0
tr_loss: 0.569472, tr_score: 0.715000
va_loss: 0.606957, va_score: 0.690000
te_loss: 0.654966, te_score: 0.620000

time = 0
tr_loss: 0.594564, tr_score: 0.716250
va_loss: 0.615359, va_score: 0.710000
te_loss: 0.742870, te_score: 0.560000

time = 0
tr_loss: 0.533904, tr_score: 0.737500
va_loss: 0.540396, va_score: 0.720000
te_loss: 0.596593, te_score: 0.640000

time = 0
tr_loss: 0.576834, tr_score: 0.693750
va_loss: 0.625385, va_score: 0.680000
te_loss: 0.627219, te_score: 0.680000

time = 0
tr_loss: 0.599507, tr_score: 0.706250
va_loss: 0.659248, va_score: 0.670000
te_loss: 0.610545, te_score: 0.710000

time = 0
tr_loss: 0.554683, tr_score: 0.713750
va_loss: 0.579646, va_score: 0.710000
te_loss: 0.586500, te_score: 0.710000

time = 0
tr_loss: 0.577167, tr_score: 0.705000
va_loss: 0.631755, va_score: 0.660000
te_loss: 0.596494, te_score: 0.720000

time = 0
tr_loss: 0.597321, tr_score: 0.717500
va_loss: 0.632619, va_score: 0.650000
te_loss: 0.621566, te_score: 0.660000

time = 0
tr_loss: 0.616766, tr_score: 0.708750
va_loss: 0.678875, va_score: 0.660000
te_loss: 0.729813, te_score: 0.620000

time = 0
tr_loss: 0.635912, tr_score: 0.697500
va_loss: 0.530375, va_score: 0.780000
te_loss: 0.710556, te_score: 0.640000

======================================================
0  Seed:  [ 140. 2411. 2238. 5068. 2300. 9812. 6334. 4380. 4021. 8554. 2226. 8534.
 4715. 7921. 4457. 6212.  255.  495. 8301.  932.]
tr_loss: 0.581549, tr_score: 0.712812
va_loss: 0.601324, va_score: 0.697000
te_loss: 0.619813, te_score: 0.684500
time = 1
tr_loss: 0.600667, tr_score: 0.710000
va_loss: 0.662058, va_score: 0.620000
te_loss: 0.624142, te_score: 0.710000

time = 1
tr_loss: 0.573798, tr_score: 0.716250
va_loss: 0.626046, va_score: 0.640000
te_loss: 0.551412, te_score: 0.760000

time = 1
tr_loss: 0.594942, tr_score: 0.710000
va_loss: 0.596039, va_score: 0.690000
te_loss: 0.573741, te_score: 0.750000

time = 1
tr_loss: 0.563449, tr_score: 0.716250
va_loss: 0.548688, va_score: 0.730000
te_loss: 0.585401, te_score: 0.650000

time = 1
tr_loss: 0.597995, tr_score: 0.702500
va_loss: 0.681503, va_score: 0.650000
te_loss: 0.611009, te_score: 0.730000

time = 1
tr_loss: 0.522247, tr_score: 0.736250
va_loss: 0.494367, va_score: 0.760000
te_loss: 0.482811, te_score: 0.800000

time = 1
tr_loss: 0.578516, tr_score: 0.717500
va_loss: 0.591015, va_score: 0.710000
te_loss: 0.555430, te_score: 0.740000

time = 1
tr_loss: 0.621324, tr_score: 0.688750
va_loss: 0.554205, va_score: 0.750000
te_loss: 0.533114, te_score: 0.780000

time = 1
tr_loss: 0.580680, tr_score: 0.702500
va_loss: 0.625005, va_score: 0.660000
te_loss: 0.538464, te_score: 0.730000

time = 1
tr_loss: 0.533277, tr_score: 0.725000
va_loss: 0.543536, va_score: 0.730000
te_loss: 0.607502, te_score: 0.620000

time = 1
tr_loss: 0.558944, tr_score: 0.728750
va_loss: 0.602856, va_score: 0.680000
te_loss: 0.523161, te_score: 0.750000

time = 1
tr_loss: 0.545547, tr_score: 0.743750
va_loss: 0.573166, va_score: 0.700000
te_loss: 0.570185, te_score: 0.730000

time = 1
tr_loss: 0.587879, tr_score: 0.703750
va_loss: 0.478084, va_score: 0.790000
te_loss: 0.592815, te_score: 0.650000

time = 1
tr_loss: 0.591428, tr_score: 0.702500
va_loss: 0.544409, va_score: 0.690000
te_loss: 0.547601, te_score: 0.710000

time = 1
tr_loss: 0.547818, tr_score: 0.731250
va_loss: 0.604054, va_score: 0.710000
te_loss: 0.594600, te_score: 0.670000

time = 1
tr_loss: 0.588557, tr_score: 0.718750
va_loss: 0.637082, va_score: 0.700000
te_loss: 0.623923, te_score: 0.710000

time = 1
tr_loss: 0.583082, tr_score: 0.707500
va_loss: 0.541935, va_score: 0.760000
te_loss: 0.619498, te_score: 0.650000

time = 1
tr_loss: 0.537686, tr_score: 0.728750
va_loss: 0.600034, va_score: 0.690000
te_loss: 0.490398, te_score: 0.760000

time = 1
tr_loss: 0.582665, tr_score: 0.693750
va_loss: 0.570605, va_score: 0.740000
te_loss: 0.623345, te_score: 0.670000

time = 1
tr_loss: 0.617935, tr_score: 0.687500
va_loss: 0.569960, va_score: 0.740000
te_loss: 0.557884, te_score: 0.730000

======================================================
1  Seed:  [8640.  888. 4066.  552. 1437. 6591. 8969.  824. 8811.  938.  550. 9822.
 6241. 3057. 1352. 8361. 5326. 3377. 2314. 8889.]
tr_loss: 0.575422, tr_score: 0.713562
va_loss: 0.582232, va_score: 0.707000
te_loss: 0.570322, te_score: 0.715000
time = 2
tr_loss: 0.552308, tr_score: 0.716250
va_loss: 0.523174, va_score: 0.770000
te_loss: 0.614285, te_score: 0.680000

time = 2
tr_loss: 0.556082, tr_score: 0.721250
va_loss: 0.500948, va_score: 0.790000
te_loss: 0.583676, te_score: 0.700000

time = 2
tr_loss: 0.602266, tr_score: 0.710000
va_loss: 0.588822, va_score: 0.740000
te_loss: 0.633431, te_score: 0.700000

time = 2
tr_loss: 0.600886, tr_score: 0.698750
va_loss: 0.599358, va_score: 0.720000
te_loss: 0.548555, te_score: 0.760000

time = 2
tr_loss: 0.579092, tr_score: 0.721250
va_loss: 0.566091, va_score: 0.710000
te_loss: 0.453412, te_score: 0.790000

time = 2
tr_loss: 0.557924, tr_score: 0.737500
va_loss: 0.586078, va_score: 0.720000
te_loss: 0.665722, te_score: 0.620000

time = 2
tr_loss: 0.562088, tr_score: 0.726250
va_loss: 0.626424, va_score: 0.650000
te_loss: 0.582726, te_score: 0.700000

time = 2
tr_loss: 0.589610, tr_score: 0.681250
va_loss: 0.547867, va_score: 0.760000
te_loss: 0.573384, te_score: 0.750000

time = 2
tr_loss: 0.554878, tr_score: 0.733750
va_loss: 0.535541, va_score: 0.710000
te_loss: 0.607480, te_score: 0.680000

time = 2
tr_loss: 0.600972, tr_score: 0.706250
va_loss: 0.571619, va_score: 0.730000
te_loss: 0.612586, te_score: 0.700000

time = 2
tr_loss: 0.601791, tr_score: 0.697500
va_loss: 0.625986, va_score: 0.690000
te_loss: 0.647218, te_score: 0.650000

time = 2
tr_loss: 0.620078, tr_score: 0.688750
va_loss: 0.605944, va_score: 0.700000
te_loss: 0.561842, te_score: 0.760000

time = 2
tr_loss: 0.562929, tr_score: 0.705000
va_loss: 0.537236, va_score: 0.750000
te_loss: 0.566301, te_score: 0.740000

time = 2
tr_loss: 0.589151, tr_score: 0.701250
va_loss: 0.591929, va_score: 0.740000
te_loss: 0.588435, te_score: 0.700000

time = 2
tr_loss: 0.590641, tr_score: 0.696250
va_loss: 0.593012, va_score: 0.670000
te_loss: 0.555240, te_score: 0.740000

time = 2
tr_loss: 0.610972, tr_score: 0.692500
va_loss: 0.548309, va_score: 0.740000
te_loss: 0.551023, te_score: 0.760000

time = 2
tr_loss: 0.634271, tr_score: 0.712500
va_loss: 0.675364, va_score: 0.660000
te_loss: 0.681599, te_score: 0.690000

time = 2
tr_loss: 0.577588, tr_score: 0.708750
va_loss: 0.564928, va_score: 0.700000
te_loss: 0.513912, te_score: 0.740000

time = 2
tr_loss: 0.587372, tr_score: 0.708750
va_loss: 0.604120, va_score: 0.680000
te_loss: 0.602669, te_score: 0.710000

time = 2
tr_loss: 0.575049, tr_score: 0.716250
va_loss: 0.590590, va_score: 0.700000
te_loss: 0.588234, te_score: 0.710000

======================================================
2  Seed:  [5478. 7027. 2150. 7559. 3662. 2043. 8598. 4158. 6442. 4398. 3939. 9768.
 5143. 2231.  162. 6860. 3496. 7749. 2530. 2730.]
tr_loss: 0.585297, tr_score: 0.709000
va_loss: 0.579167, va_score: 0.716500
te_loss: 0.586586, te_score: 0.714000
time = 3
tr_loss: 0.577979, tr_score: 0.708750
va_loss: 0.628014, va_score: 0.650000
te_loss: 0.629484, te_score: 0.690000

time = 3
tr_loss: 0.551958, tr_score: 0.711250
va_loss: 0.580424, va_score: 0.670000
te_loss: 0.587205, te_score: 0.700000

time = 3
tr_loss: 0.595729, tr_score: 0.701250
va_loss: 0.617673, va_score: 0.690000
te_loss: 0.683978, te_score: 0.600000

time = 3
tr_loss: 0.618990, tr_score: 0.690000
va_loss: 0.560042, va_score: 0.770000
te_loss: 0.599820, te_score: 0.710000

time = 3
tr_loss: 0.599657, tr_score: 0.705000
va_loss: 0.546958, va_score: 0.720000
te_loss: 0.632561, te_score: 0.710000

time = 3
tr_loss: 0.619740, tr_score: 0.710000
va_loss: 0.591365, va_score: 0.760000
te_loss: 0.725981, te_score: 0.630000

time = 3
tr_loss: 0.556008, tr_score: 0.718750
va_loss: 0.669750, va_score: 0.620000
te_loss: 0.563390, te_score: 0.700000

time = 3
tr_loss: 0.539289, tr_score: 0.728750
va_loss: 0.659876, va_score: 0.600000
te_loss: 0.660717, te_score: 0.630000

time = 3
tr_loss: 0.596860, tr_score: 0.695000
va_loss: 0.691521, va_score: 0.640000
te_loss: 0.602447, te_score: 0.710000

time = 3
tr_loss: 0.564401, tr_score: 0.720000
va_loss: 0.531773, va_score: 0.720000
te_loss: 0.578775, te_score: 0.720000

time = 3
tr_loss: 0.514324, tr_score: 0.736250
va_loss: 0.566333, va_score: 0.690000
te_loss: 0.504797, te_score: 0.770000

time = 3
tr_loss: 0.578632, tr_score: 0.708750
va_loss: 0.577092, va_score: 0.700000
te_loss: 0.618070, te_score: 0.670000

time = 3
tr_loss: 0.600558, tr_score: 0.702500
va_loss: 0.563636, va_score: 0.720000
te_loss: 0.610580, te_score: 0.710000

time = 3
tr_loss: 0.608982, tr_score: 0.702500
va_loss: 0.658786, va_score: 0.670000
te_loss: 0.568090, te_score: 0.760000

time = 3
tr_loss: 0.579704, tr_score: 0.717500
va_loss: 0.644998, va_score: 0.660000
te_loss: 0.584284, te_score: 0.720000

time = 3
tr_loss: 0.567724, tr_score: 0.712500
va_loss: 0.600111, va_score: 0.690000
te_loss: 0.585535, te_score: 0.750000

time = 3
tr_loss: 0.588558, tr_score: 0.703750
va_loss: 0.625330, va_score: 0.710000
te_loss: 0.649254, te_score: 0.640000

time = 3
tr_loss: 0.581580, tr_score: 0.701250
va_loss: 0.675184, va_score: 0.630000
te_loss: 0.582740, te_score: 0.720000

time = 3
tr_loss: 0.547772, tr_score: 0.743750
va_loss: 0.566698, va_score: 0.690000
te_loss: 0.564629, te_score: 0.680000

time = 3
tr_loss: 0.636053, tr_score: 0.707500
va_loss: 0.626072, va_score: 0.690000
te_loss: 0.554217, te_score: 0.750000

======================================================
3  Seed:  [6469. 3301. 7178. 4323. 9525.  454. 7215. 4562. 5178. 3971. 9338. 3960.
 2970. 9630. 2254.  396. 4264. 8949. 7913. 1289.]
tr_loss: 0.581225, tr_score: 0.711250
va_loss: 0.609082, va_score: 0.684500
te_loss: 0.604328, te_score: 0.698500
time = 4
tr_loss: 0.592958, tr_score: 0.700000
va_loss: 0.534034, va_score: 0.800000
te_loss: 0.595858, te_score: 0.700000

time = 4
tr_loss: 0.578911, tr_score: 0.725000
va_loss: 0.523393, va_score: 0.740000
te_loss: 0.622224, te_score: 0.650000

time = 4
tr_loss: 0.600835, tr_score: 0.707500
va_loss: 0.600610, va_score: 0.740000
te_loss: 0.629216, te_score: 0.690000

time = 4
tr_loss: 0.574499, tr_score: 0.708750
va_loss: 0.544822, va_score: 0.750000
te_loss: 0.612740, te_score: 0.670000

time = 4
tr_loss: 0.581329, tr_score: 0.713750
va_loss: 0.637987, va_score: 0.640000
te_loss: 0.555364, te_score: 0.750000

time = 4
tr_loss: 0.593770, tr_score: 0.686250
va_loss: 0.570896, va_score: 0.700000
te_loss: 0.571197, te_score: 0.700000

time = 4
tr_loss: 0.591841, tr_score: 0.695000
va_loss: 0.578980, va_score: 0.720000
te_loss: 0.563063, te_score: 0.720000

time = 4
tr_loss: 0.567685, tr_score: 0.721250
va_loss: 0.621673, va_score: 0.650000
te_loss: 0.546727, te_score: 0.770000

time = 4
tr_loss: 0.625400, tr_score: 0.701250
va_loss: 0.625512, va_score: 0.650000
te_loss: 0.560061, te_score: 0.760000

time = 4
tr_loss: 0.537067, tr_score: 0.723750
va_loss: 0.565043, va_score: 0.740000
te_loss: 0.528708, te_score: 0.730000

time = 4
tr_loss: 0.536002, tr_score: 0.741250
va_loss: 0.623096, va_score: 0.640000
te_loss: 0.533347, te_score: 0.690000

time = 4
tr_loss: 0.574959, tr_score: 0.715000
va_loss: 0.530360, va_score: 0.750000
te_loss: 0.609641, te_score: 0.670000

time = 4
tr_loss: 0.529355, tr_score: 0.738750
va_loss: 0.472271, va_score: 0.780000
te_loss: 0.592700, te_score: 0.700000

time = 4
tr_loss: 0.597317, tr_score: 0.710000
va_loss: 0.552051, va_score: 0.760000
te_loss: 0.548155, te_score: 0.760000

time = 4
tr_loss: 0.574489, tr_score: 0.711250
va_loss: 0.619827, va_score: 0.690000
te_loss: 0.659160, te_score: 0.650000

time = 4
tr_loss: 0.604135, tr_score: 0.685000
va_loss: 0.594518, va_score: 0.710000
te_loss: 0.594352, te_score: 0.650000

time = 4
tr_loss: 0.587707, tr_score: 0.710000
va_loss: 0.533729, va_score: 0.770000
te_loss: 0.588640, te_score: 0.700000

time = 4
tr_loss: 0.606933, tr_score: 0.673750
va_loss: 0.579218, va_score: 0.700000
te_loss: 0.602645, te_score: 0.660000

time = 4
tr_loss: 0.607994, tr_score: 0.683750
va_loss: 0.692026, va_score: 0.600000
te_loss: 0.624323, te_score: 0.660000

time = 4
tr_loss: 0.593077, tr_score: 0.715000
va_loss: 0.595058, va_score: 0.720000
te_loss: 0.572618, te_score: 0.770000

======================================================
4  Seed:  [8744.  130. 2730. 2289. 3436.   91. 5431.  214. 1996. 7906. 4318. 5189.
 9458. 5884. 7590. 9032. 7937. 3024. 1021. 9551.]
tr_loss: 0.582813, tr_score: 0.708313
va_loss: 0.579755, va_score: 0.712500
te_loss: 0.585537, te_score: 0.702500
time = 5
tr_loss: 0.586478, tr_score: 0.718750
va_loss: 0.608660, va_score: 0.710000
te_loss: 0.643239, te_score: 0.660000

time = 5
tr_loss: 0.610788, tr_score: 0.687500
va_loss: 0.606136, va_score: 0.700000
te_loss: 0.561002, te_score: 0.730000

time = 5
tr_loss: 0.597402, tr_score: 0.707500
va_loss: 0.639216, va_score: 0.680000
te_loss: 0.631049, te_score: 0.660000

time = 5
tr_loss: 0.552558, tr_score: 0.711250
va_loss: 0.586455, va_score: 0.680000
te_loss: 0.578405, te_score: 0.700000

time = 5
tr_loss: 0.590901, tr_score: 0.703750
va_loss: 0.608187, va_score: 0.670000
te_loss: 0.534929, te_score: 0.760000

time = 5
tr_loss: 0.564874, tr_score: 0.713750
va_loss: 0.581433, va_score: 0.700000
te_loss: 0.506481, te_score: 0.780000

time = 5
tr_loss: 0.587506, tr_score: 0.702500
va_loss: 0.525584, va_score: 0.760000
te_loss: 0.590358, te_score: 0.710000

time = 5
tr_loss: 0.545463, tr_score: 0.725000
va_loss: 0.554414, va_score: 0.720000
te_loss: 0.545521, te_score: 0.720000

time = 5
tr_loss: 0.638602, tr_score: 0.697500
va_loss: 0.601502, va_score: 0.720000
te_loss: 0.598435, te_score: 0.740000

time = 5
tr_loss: 0.572375, tr_score: 0.718750
va_loss: 0.572556, va_score: 0.720000
te_loss: 0.579078, te_score: 0.700000

time = 5
tr_loss: 0.625031, tr_score: 0.706250
va_loss: 0.747463, va_score: 0.610000
te_loss: 0.594454, te_score: 0.740000

time = 5
tr_loss: 0.582523, tr_score: 0.697500
va_loss: 0.511929, va_score: 0.800000
te_loss: 0.575300, te_score: 0.720000

time = 5
tr_loss: 0.552909, tr_score: 0.713750
va_loss: 0.511730, va_score: 0.780000
te_loss: 0.544211, te_score: 0.720000

time = 5
tr_loss: 0.520331, tr_score: 0.737500
va_loss: 0.547296, va_score: 0.760000
te_loss: 0.625340, te_score: 0.710000

time = 5
tr_loss: 0.561815, tr_score: 0.723750
va_loss: 0.611400, va_score: 0.680000
te_loss: 0.540163, te_score: 0.710000

time = 5
tr_loss: 0.565275, tr_score: 0.706250
va_loss: 0.483605, va_score: 0.790000
te_loss: 0.635131, te_score: 0.650000

time = 5
tr_loss: 0.572752, tr_score: 0.705000
va_loss: 0.611411, va_score: 0.670000
te_loss: 0.566951, te_score: 0.720000

time = 5
tr_loss: 0.609325, tr_score: 0.706250
va_loss: 0.547637, va_score: 0.780000
te_loss: 0.622479, te_score: 0.690000

time = 5
tr_loss: 0.602150, tr_score: 0.701250
va_loss: 0.510636, va_score: 0.810000
te_loss: 0.700365, te_score: 0.580000

time = 5
tr_loss: 0.596310, tr_score: 0.701250
va_loss: 0.658793, va_score: 0.680000
te_loss: 0.620838, te_score: 0.710000

======================================================
5  Seed:  [1237. 6412. 2121. 6405. 4525. 1302. 1340. 7513. 9914. 1173. 2339. 2687.
 5417. 1769. 4522. 4161. 3470. 2003. 6862. 6659.]
tr_loss: 0.581768, tr_score: 0.709250
va_loss: 0.581302, va_score: 0.721000
te_loss: 0.589686, te_score: 0.705500
time = 6
tr_loss: 0.575084, tr_score: 0.705000
va_loss: 0.534727, va_score: 0.740000
te_loss: 0.580491, te_score: 0.700000

time = 6
tr_loss: 0.638123, tr_score: 0.710000
va_loss: 0.692495, va_score: 0.660000
te_loss: 0.671888, te_score: 0.660000

time = 6
tr_loss: 0.557386, tr_score: 0.731250
va_loss: 0.584234, va_score: 0.710000
te_loss: 0.601932, te_score: 0.710000

time = 6
tr_loss: 0.550666, tr_score: 0.728750
va_loss: 0.548896, va_score: 0.760000
te_loss: 0.575389, te_score: 0.700000

time = 6
tr_loss: 0.606754, tr_score: 0.695000
va_loss: 0.634837, va_score: 0.670000
te_loss: 0.552975, te_score: 0.770000

time = 6
tr_loss: 0.560021, tr_score: 0.728750
va_loss: 0.612017, va_score: 0.690000
te_loss: 0.658331, te_score: 0.610000

time = 6
tr_loss: 0.596846, tr_score: 0.696250
va_loss: 0.650881, va_score: 0.650000
te_loss: 0.572674, te_score: 0.750000

time = 6
tr_loss: 0.591854, tr_score: 0.701250
va_loss: 0.649788, va_score: 0.670000
te_loss: 0.609330, te_score: 0.710000

time = 6
tr_loss: 0.597327, tr_score: 0.693750
va_loss: 0.521773, va_score: 0.770000
te_loss: 0.616262, te_score: 0.690000

time = 6
tr_loss: 0.506380, tr_score: 0.742500
va_loss: 0.542804, va_score: 0.740000
te_loss: 0.575185, te_score: 0.660000

time = 6
tr_loss: 0.568382, tr_score: 0.722500
va_loss: 0.612978, va_score: 0.720000
te_loss: 0.667465, te_score: 0.610000

time = 6
tr_loss: 0.547383, tr_score: 0.730000
va_loss: 0.533924, va_score: 0.730000
te_loss: 0.585207, te_score: 0.670000

time = 6
tr_loss: 0.556800, tr_score: 0.727500
va_loss: 0.573565, va_score: 0.700000
te_loss: 0.614391, te_score: 0.660000

time = 6
tr_loss: 0.577333, tr_score: 0.695000
va_loss: 0.566580, va_score: 0.720000
te_loss: 0.537842, te_score: 0.740000

time = 6
tr_loss: 0.593954, tr_score: 0.717500
va_loss: 0.603066, va_score: 0.700000
te_loss: 0.667955, te_score: 0.650000

time = 6
tr_loss: 0.596052, tr_score: 0.706250
va_loss: 0.608646, va_score: 0.690000
te_loss: 0.589762, te_score: 0.690000

time = 6
tr_loss: 0.569987, tr_score: 0.700000
va_loss: 0.558593, va_score: 0.710000
te_loss: 0.591765, te_score: 0.660000

time = 6
tr_loss: 0.575573, tr_score: 0.712500
va_loss: 0.558566, va_score: 0.760000
te_loss: 0.588445, te_score: 0.740000

time = 6
tr_loss: 0.523602, tr_score: 0.733750
va_loss: 0.536921, va_score: 0.720000
te_loss: 0.535136, te_score: 0.760000

time = 6
tr_loss: 0.570983, tr_score: 0.721250
va_loss: 0.615771, va_score: 0.660000
te_loss: 0.581060, te_score: 0.690000

======================================================
6  Seed:  [7694. 6294. 7622. 3529.   96. 7204. 5217. 3436.  887. 8110. 7803. 3805.
 1114. 2222. 9584. 2008. 1959. 4210.  576. 6097.]
tr_loss: 0.573024, tr_score: 0.714938
va_loss: 0.587053, va_score: 0.708500
te_loss: 0.598674, te_score: 0.691500
time = 7
tr_loss: 0.577077, tr_score: 0.720000
va_loss: 0.609705, va_score: 0.720000
te_loss: 0.553397, te_score: 0.740000

time = 7
tr_loss: 0.582900, tr_score: 0.708750
va_loss: 0.567136, va_score: 0.720000
te_loss: 0.530543, te_score: 0.760000

time = 7
tr_loss: 0.556789, tr_score: 0.718750
va_loss: 0.492556, va_score: 0.810000
te_loss: 0.530425, te_score: 0.800000

time = 7
tr_loss: 0.601813, tr_score: 0.692500
va_loss: 0.573067, va_score: 0.720000
te_loss: 0.558321, te_score: 0.730000

time = 7
tr_loss: 0.582427, tr_score: 0.703750
va_loss: 0.531592, va_score: 0.740000
te_loss: 0.557279, te_score: 0.750000

time = 7
tr_loss: 0.547582, tr_score: 0.726250
va_loss: 0.639770, va_score: 0.640000
te_loss: 0.552573, te_score: 0.730000

time = 7
tr_loss: 0.557086, tr_score: 0.713750
va_loss: 0.572924, va_score: 0.680000
te_loss: 0.475594, te_score: 0.770000

time = 7
tr_loss: 0.578689, tr_score: 0.712500
va_loss: 0.585625, va_score: 0.710000
te_loss: 0.590569, te_score: 0.690000

time = 7
tr_loss: 0.595316, tr_score: 0.705000
va_loss: 0.632723, va_score: 0.690000
te_loss: 0.632768, te_score: 0.670000

time = 7
tr_loss: 0.551036, tr_score: 0.707500
va_loss: 0.563527, va_score: 0.700000
te_loss: 0.565634, te_score: 0.640000

time = 7
tr_loss: 0.561974, tr_score: 0.732500
va_loss: 0.566256, va_score: 0.680000
te_loss: 0.578069, te_score: 0.740000

time = 7
tr_loss: 0.604960, tr_score: 0.715000
va_loss: 0.666377, va_score: 0.660000
te_loss: 0.540694, te_score: 0.810000

time = 7
tr_loss: 0.622291, tr_score: 0.711250
va_loss: 0.769198, va_score: 0.570000
te_loss: 0.694428, te_score: 0.650000

time = 7
tr_loss: 0.579436, tr_score: 0.697500
va_loss: 0.559635, va_score: 0.760000
te_loss: 0.602203, te_score: 0.670000

time = 7
tr_loss: 0.584250, tr_score: 0.730000
va_loss: 0.628701, va_score: 0.680000
te_loss: 0.616510, te_score: 0.690000

time = 7
tr_loss: 0.533506, tr_score: 0.732500
va_loss: 0.598092, va_score: 0.690000
te_loss: 0.528719, te_score: 0.730000

time = 7
tr_loss: 0.574707, tr_score: 0.723750
va_loss: 0.574467, va_score: 0.720000
te_loss: 0.609124, te_score: 0.660000

time = 7
tr_loss: 0.579864, tr_score: 0.705000
va_loss: 0.546393, va_score: 0.740000
te_loss: 0.705315, te_score: 0.640000

time = 7
tr_loss: 0.572630, tr_score: 0.716250
va_loss: 0.577535, va_score: 0.710000
te_loss: 0.592799, te_score: 0.670000

time = 7
tr_loss: 0.571281, tr_score: 0.713750
va_loss: 0.542659, va_score: 0.700000
te_loss: 0.574594, te_score: 0.710000

======================================================
7  Seed:  [ 667. 3641. 1333. 4721. 6871. 9519. 4778.  927. 8338.   13. 3683. 6570.
 1422. 3821. 5722.  599. 3527. 1784. 1921. 2070.]
tr_loss: 0.575781, tr_score: 0.714312
va_loss: 0.589897, va_score: 0.702000
te_loss: 0.579478, te_score: 0.712500
time = 8
tr_loss: 0.560860, tr_score: 0.722500
va_loss: 0.602365, va_score: 0.700000
te_loss: 0.487827, te_score: 0.780000

time = 8
tr_loss: 0.580189, tr_score: 0.718750
va_loss: 0.689361, va_score: 0.600000
te_loss: 0.538840, te_score: 0.750000

time = 8
tr_loss: 0.538474, tr_score: 0.748750
va_loss: 0.568472, va_score: 0.730000
te_loss: 0.518425, te_score: 0.770000

time = 8
tr_loss: 0.520139, tr_score: 0.735000
va_loss: 0.527150, va_score: 0.730000
te_loss: 0.552594, te_score: 0.730000

time = 8
tr_loss: 0.550638, tr_score: 0.726250
va_loss: 0.532350, va_score: 0.740000
te_loss: 0.534285, te_score: 0.700000

time = 8
tr_loss: 0.575951, tr_score: 0.713750
va_loss: 0.576614, va_score: 0.670000
te_loss: 0.594805, te_score: 0.680000

time = 8
tr_loss: 0.560044, tr_score: 0.720000
va_loss: 0.542210, va_score: 0.730000
te_loss: 0.597048, te_score: 0.660000

time = 8
tr_loss: 0.587776, tr_score: 0.686250
va_loss: 0.514215, va_score: 0.770000
te_loss: 0.548240, te_score: 0.720000

time = 8
tr_loss: 0.561297, tr_score: 0.712500
va_loss: 0.584106, va_score: 0.720000
te_loss: 0.524957, te_score: 0.750000

time = 8
tr_loss: 0.588591, tr_score: 0.721250
va_loss: 0.667519, va_score: 0.620000
te_loss: 0.616356, te_score: 0.720000

time = 8
tr_loss: 0.607623, tr_score: 0.711250
va_loss: 0.537912, va_score: 0.760000
te_loss: 0.554619, te_score: 0.780000

time = 8
tr_loss: 0.616222, tr_score: 0.695000
va_loss: 0.583430, va_score: 0.740000
te_loss: 0.708054, te_score: 0.610000

time = 8
tr_loss: 0.612237, tr_score: 0.705000
va_loss: 0.622455, va_score: 0.680000
te_loss: 0.631565, te_score: 0.680000

time = 8
tr_loss: 0.598019, tr_score: 0.703750
va_loss: 0.495806, va_score: 0.810000
te_loss: 0.593831, te_score: 0.660000

time = 8
tr_loss: 0.618029, tr_score: 0.667500
va_loss: 0.597487, va_score: 0.680000
te_loss: 0.563516, te_score: 0.740000

time = 8
tr_loss: 0.587814, tr_score: 0.721250
va_loss: 0.548358, va_score: 0.740000
te_loss: 0.722029, te_score: 0.620000

time = 8
tr_loss: 0.558563, tr_score: 0.717500
va_loss: 0.585012, va_score: 0.680000
te_loss: 0.594419, te_score: 0.670000

time = 8
tr_loss: 0.622064, tr_score: 0.696250
va_loss: 0.595458, va_score: 0.730000
te_loss: 0.602829, te_score: 0.700000

time = 8
tr_loss: 0.566547, tr_score: 0.698750
va_loss: 0.580182, va_score: 0.690000
te_loss: 0.572612, te_score: 0.720000

time = 8
tr_loss: 0.589228, tr_score: 0.707500
va_loss: 0.586045, va_score: 0.710000
te_loss: 0.663787, te_score: 0.640000

======================================================
8  Seed:  [4860. 8426. 6918. 8393. 2977. 1581. 7001.  814. 5947. 4477. 3311. 7270.
 5082. 4712. 7103. 6080. 5821. 8708. 4579. 2324.]
tr_loss: 0.580015, tr_score: 0.711437
va_loss: 0.576825, va_score: 0.711500
te_loss: 0.586032, te_score: 0.704000
time = 9
tr_loss: 0.561537, tr_score: 0.713750
va_loss: 0.545338, va_score: 0.750000
te_loss: 0.554464, te_score: 0.700000

time = 9
tr_loss: 0.541040, tr_score: 0.737500
va_loss: 0.593088, va_score: 0.650000
te_loss: 0.499557, te_score: 0.770000

time = 9
tr_loss: 0.583976, tr_score: 0.720000
va_loss: 0.573829, va_score: 0.700000
te_loss: 0.652878, te_score: 0.680000

time = 9
tr_loss: 0.600169, tr_score: 0.696250
va_loss: 0.558368, va_score: 0.740000
te_loss: 0.620740, te_score: 0.700000

time = 9
tr_loss: 0.597454, tr_score: 0.716250
va_loss: 0.560616, va_score: 0.760000
te_loss: 0.684086, te_score: 0.630000

time = 9
tr_loss: 0.552517, tr_score: 0.740000
va_loss: 0.525865, va_score: 0.770000
te_loss: 0.610116, te_score: 0.670000

time = 9
tr_loss: 0.599862, tr_score: 0.692500
va_loss: 0.584615, va_score: 0.730000
te_loss: 0.590221, te_score: 0.720000

time = 9
tr_loss: 0.574249, tr_score: 0.711250
va_loss: 0.572899, va_score: 0.710000
te_loss: 0.631273, te_score: 0.700000

time = 9
tr_loss: 0.612810, tr_score: 0.693750
va_loss: 0.584713, va_score: 0.720000
te_loss: 0.593125, te_score: 0.740000

time = 9
tr_loss: 0.609870, tr_score: 0.701250
va_loss: 0.654077, va_score: 0.650000
te_loss: 0.619936, te_score: 0.730000

time = 9
tr_loss: 0.548398, tr_score: 0.718750
va_loss: 0.545787, va_score: 0.740000
te_loss: 0.543768, te_score: 0.710000

time = 9
tr_loss: 0.590923, tr_score: 0.696250
va_loss: 0.570730, va_score: 0.700000
te_loss: 0.587873, te_score: 0.730000

time = 9
tr_loss: 0.585599, tr_score: 0.697500
va_loss: 0.601038, va_score: 0.690000
te_loss: 0.531727, te_score: 0.730000

time = 9
tr_loss: 0.584079, tr_score: 0.711250
va_loss: 0.583796, va_score: 0.700000
te_loss: 0.555470, te_score: 0.740000

time = 9
tr_loss: 0.577959, tr_score: 0.731250
va_loss: 0.689025, va_score: 0.620000
te_loss: 0.577637, te_score: 0.650000

time = 9
tr_loss: 0.554709, tr_score: 0.710000
va_loss: 0.562901, va_score: 0.730000
te_loss: 0.557543, te_score: 0.680000

time = 9
tr_loss: 0.562986, tr_score: 0.708750
va_loss: 0.609137, va_score: 0.710000
te_loss: 0.601200, te_score: 0.700000

time = 9
tr_loss: 0.604067, tr_score: 0.695000
va_loss: 0.662885, va_score: 0.600000
te_loss: 0.666925, te_score: 0.650000

time = 9
tr_loss: 0.487784, tr_score: 0.785000
va_loss: 0.480403, va_score: 0.740000
te_loss: 0.544970, te_score: 0.720000

time = 9
tr_loss: 0.596569, tr_score: 0.701250
va_loss: 0.569089, va_score: 0.710000
te_loss: 0.602008, te_score: 0.690000

======================================================
9  Seed:  [9948.  542.  232.  666. 5686. 1955. 6679. 1732. 8003. 9621. 2645. 4622.
 2831. 7236. 6932. 8781. 1798. 9886. 2715. 5559.]
tr_loss: 0.576328, tr_score: 0.713875
va_loss: 0.581410, va_score: 0.706000
te_loss: 0.591276, te_score: 0.702000
time = 10
tr_loss: 0.540563, tr_score: 0.738750
va_loss: 0.530529, va_score: 0.700000
te_loss: 0.513782, te_score: 0.730000

time = 10
tr_loss: 0.590604, tr_score: 0.716250
va_loss: 0.587741, va_score: 0.730000
te_loss: 0.546599, te_score: 0.750000

time = 10
tr_loss: 0.592373, tr_score: 0.712500
va_loss: 0.577264, va_score: 0.710000
te_loss: 0.708546, te_score: 0.600000

time = 10
tr_loss: 0.555980, tr_score: 0.715000
va_loss: 0.536713, va_score: 0.760000
te_loss: 0.524670, te_score: 0.780000

time = 10
tr_loss: 0.616034, tr_score: 0.696250
va_loss: 0.597351, va_score: 0.710000
te_loss: 0.551782, te_score: 0.760000

time = 10
tr_loss: 0.556802, tr_score: 0.718750
va_loss: 0.517547, va_score: 0.770000
te_loss: 0.563879, te_score: 0.710000

time = 10
tr_loss: 0.568394, tr_score: 0.701250
va_loss: 0.510923, va_score: 0.790000
te_loss: 0.537321, te_score: 0.760000

time = 10
tr_loss: 0.634172, tr_score: 0.681250
va_loss: 0.494690, va_score: 0.820000
te_loss: 0.580993, te_score: 0.730000

time = 10
tr_loss: 0.567077, tr_score: 0.712500
va_loss: 0.577856, va_score: 0.710000
te_loss: 0.617928, te_score: 0.650000

time = 10
tr_loss: 0.587656, tr_score: 0.698750
va_loss: 0.565675, va_score: 0.720000
te_loss: 0.567961, te_score: 0.710000

time = 10
tr_loss: 0.565109, tr_score: 0.725000
va_loss: 0.598447, va_score: 0.680000
te_loss: 0.536452, te_score: 0.760000

time = 10
tr_loss: 0.594543, tr_score: 0.713750
va_loss: 0.687115, va_score: 0.620000
te_loss: 0.678146, te_score: 0.690000

time = 10
tr_loss: 0.590681, tr_score: 0.701250
va_loss: 0.593988, va_score: 0.750000
te_loss: 0.597570, te_score: 0.700000

time = 10
tr_loss: 0.544334, tr_score: 0.728750
va_loss: 0.492001, va_score: 0.760000
te_loss: 0.507106, te_score: 0.770000

time = 10
tr_loss: 0.569330, tr_score: 0.716250
va_loss: 0.630652, va_score: 0.640000
te_loss: 0.617960, te_score: 0.640000

time = 10
tr_loss: 0.615780, tr_score: 0.690000
va_loss: 0.564460, va_score: 0.770000
te_loss: 0.578019, te_score: 0.740000

time = 10
tr_loss: 0.578687, tr_score: 0.708750
va_loss: 0.512111, va_score: 0.760000
te_loss: 0.620499, te_score: 0.690000

time = 10
tr_loss: 0.602445, tr_score: 0.706250
va_loss: 0.645597, va_score: 0.680000
te_loss: 0.619018, te_score: 0.730000

time = 10
tr_loss: 0.595017, tr_score: 0.693750
va_loss: 0.532358, va_score: 0.740000
te_loss: 0.622990, te_score: 0.700000

time = 10
tr_loss: 0.582106, tr_score: 0.722500
va_loss: 0.687309, va_score: 0.610000
te_loss: 0.554547, te_score: 0.750000

======================================================
10  Seed:  [9217. 8758. 9318. 9902. 9257. 5433. 4194. 5342. 6064. 1182. 7632. 9724.
 4507. 4141. 7028. 4431.  710. 9505. 6403. 3797.]
tr_loss: 0.582384, tr_score: 0.709875
va_loss: 0.572016, va_score: 0.721500
te_loss: 0.582288, te_score: 0.717500
time = 11
tr_loss: 0.623588, tr_score: 0.693750
va_loss: 0.500820, va_score: 0.820000
te_loss: 0.681148, te_score: 0.620000

time = 11
tr_loss: 0.563071, tr_score: 0.722500
va_loss: 0.603029, va_score: 0.740000
te_loss: 0.624053, te_score: 0.670000

time = 11
tr_loss: 0.586657, tr_score: 0.697500
va_loss: 0.619183, va_score: 0.680000
te_loss: 0.538676, te_score: 0.740000

time = 11
tr_loss: 0.570420, tr_score: 0.721250
va_loss: 0.588270, va_score: 0.690000
te_loss: 0.518043, te_score: 0.780000

time = 11
tr_loss: 0.593581, tr_score: 0.716250
va_loss: 0.656280, va_score: 0.670000
te_loss: 0.641661, te_score: 0.690000

time = 11
tr_loss: 0.580985, tr_score: 0.713750
va_loss: 0.625049, va_score: 0.680000
te_loss: 0.529874, te_score: 0.770000

time = 11
tr_loss: 0.546045, tr_score: 0.728750
va_loss: 0.610516, va_score: 0.700000
te_loss: 0.604666, te_score: 0.690000

time = 11
tr_loss: 0.564705, tr_score: 0.702500
va_loss: 0.473739, va_score: 0.790000
te_loss: 0.617776, te_score: 0.700000

time = 11
tr_loss: 0.588746, tr_score: 0.706250
va_loss: 0.629542, va_score: 0.680000
te_loss: 0.594618, te_score: 0.680000

time = 11
tr_loss: 0.559586, tr_score: 0.710000
va_loss: 0.606292, va_score: 0.680000
te_loss: 0.633403, te_score: 0.670000

time = 11
tr_loss: 0.602141, tr_score: 0.700000
va_loss: 0.611986, va_score: 0.650000
te_loss: 0.505972, te_score: 0.810000

time = 11
tr_loss: 0.568852, tr_score: 0.728750
va_loss: 0.649436, va_score: 0.670000
te_loss: 0.640722, te_score: 0.620000

time = 11
tr_loss: 0.603166, tr_score: 0.688750
va_loss: 0.620530, va_score: 0.670000
te_loss: 0.658912, te_score: 0.660000

time = 11
tr_loss: 0.586726, tr_score: 0.698750
va_loss: 0.595387, va_score: 0.690000
te_loss: 0.639653, te_score: 0.700000

time = 11
tr_loss: 0.599095, tr_score: 0.700000
va_loss: 0.566852, va_score: 0.750000
te_loss: 0.608655, te_score: 0.690000

time = 11
tr_loss: 0.613039, tr_score: 0.707500
va_loss: 0.695687, va_score: 0.680000
te_loss: 0.603742, te_score: 0.730000

time = 11
tr_loss: 0.591428, tr_score: 0.697500
va_loss: 0.560094, va_score: 0.730000
te_loss: 0.666400, te_score: 0.630000

time = 11
tr_loss: 0.600174, tr_score: 0.705000
va_loss: 0.591116, va_score: 0.710000
te_loss: 0.647845, te_score: 0.650000

time = 11
tr_loss: 0.527878, tr_score: 0.738750
va_loss: 0.572395, va_score: 0.700000
te_loss: 0.596505, te_score: 0.670000

time = 11
tr_loss: 0.580478, tr_score: 0.713750
va_loss: 0.547838, va_score: 0.770000
te_loss: 0.631120, te_score: 0.660000

======================================================
11  Seed:  [ 276. 7096. 7576. 7225. 8005. 7496. 1258. 6191. 8489. 5152. 4572. 4247.
 5941. 8136.  978. 3169. 6643. 4121. 8439. 9382.]
tr_loss: 0.582518, tr_score: 0.709562
va_loss: 0.596202, va_score: 0.707500
te_loss: 0.609172, te_score: 0.691500
time = 12
tr_loss: 0.535748, tr_score: 0.735000
va_loss: 0.576399, va_score: 0.680000
te_loss: 0.529095, te_score: 0.750000

time = 12
tr_loss: 0.585497, tr_score: 0.702500
va_loss: 0.689036, va_score: 0.630000
te_loss: 0.559497, te_score: 0.730000

time = 12
tr_loss: 0.560100, tr_score: 0.736250
va_loss: 0.603907, va_score: 0.700000
te_loss: 0.643690, te_score: 0.650000

time = 12
tr_loss: 0.570865, tr_score: 0.716250
va_loss: 0.629551, va_score: 0.670000
te_loss: 0.698116, te_score: 0.620000

time = 12
tr_loss: 0.483878, tr_score: 0.766250
va_loss: 0.520957, va_score: 0.770000
te_loss: 0.531638, te_score: 0.740000

time = 12
tr_loss: 0.611206, tr_score: 0.708750
va_loss: 0.600685, va_score: 0.700000
te_loss: 0.619260, te_score: 0.700000

time = 12
tr_loss: 0.602408, tr_score: 0.693750
va_loss: 0.637990, va_score: 0.640000
te_loss: 0.668398, te_score: 0.610000

time = 12
tr_loss: 0.579038, tr_score: 0.706250
va_loss: 0.621738, va_score: 0.640000
te_loss: 0.605851, te_score: 0.660000

time = 12
tr_loss: 0.579692, tr_score: 0.718750
va_loss: 0.585555, va_score: 0.730000
te_loss: 0.605362, te_score: 0.700000

time = 12
tr_loss: 0.565724, tr_score: 0.718750
va_loss: 0.603151, va_score: 0.670000
te_loss: 0.623575, te_score: 0.670000

time = 12
tr_loss: 0.567912, tr_score: 0.720000
va_loss: 0.546523, va_score: 0.740000
te_loss: 0.635314, te_score: 0.660000

time = 12
tr_loss: 0.573050, tr_score: 0.705000
va_loss: 0.537483, va_score: 0.740000
te_loss: 0.591841, te_score: 0.720000

time = 12
tr_loss: 0.631149, tr_score: 0.705000
va_loss: 0.638363, va_score: 0.700000
te_loss: 0.670726, te_score: 0.660000

time = 12
tr_loss: 0.579918, tr_score: 0.705000
va_loss: 0.545862, va_score: 0.750000
te_loss: 0.568978, te_score: 0.710000

time = 12
tr_loss: 0.624205, tr_score: 0.663750
va_loss: 0.578842, va_score: 0.680000
te_loss: 0.640602, te_score: 0.710000

time = 12
tr_loss: 0.571841, tr_score: 0.725000
va_loss: 0.608636, va_score: 0.730000
te_loss: 0.602143, te_score: 0.690000

time = 12
tr_loss: 0.598635, tr_score: 0.708750
va_loss: 0.648065, va_score: 0.640000
te_loss: 0.579791, te_score: 0.740000

time = 12
tr_loss: 0.592874, tr_score: 0.692500
va_loss: 0.596221, va_score: 0.710000
te_loss: 0.544652, te_score: 0.750000

time = 12
tr_loss: 0.587096, tr_score: 0.668750
va_loss: 0.644205, va_score: 0.620000
te_loss: 0.602710, te_score: 0.670000

time = 12
tr_loss: 0.520590, tr_score: 0.755000
va_loss: 0.579865, va_score: 0.690000
te_loss: 0.531479, te_score: 0.740000

======================================================
12  Seed:  [5995. 5359. 4959. 8841. 2084. 6283. 5803. 5547. 5856. 6466. 1029. 9406.
 1119. 6504. 6270.   89. 4601. 8528. 5236. 3309.]
tr_loss: 0.576071, tr_score: 0.712562
va_loss: 0.599652, va_score: 0.691500
te_loss: 0.602636, te_score: 0.694000
time = 13
tr_loss: 0.579847, tr_score: 0.710000
va_loss: 0.601766, va_score: 0.700000
te_loss: 0.566866, te_score: 0.760000

time = 13
tr_loss: 0.577215, tr_score: 0.717500
va_loss: 0.549933, va_score: 0.740000
te_loss: 0.566558, te_score: 0.720000

time = 13
tr_loss: 0.553904, tr_score: 0.713750
va_loss: 0.541358, va_score: 0.750000
te_loss: 0.696734, te_score: 0.590000

time = 13
tr_loss: 0.584546, tr_score: 0.725000
va_loss: 0.663642, va_score: 0.630000
te_loss: 0.533059, te_score: 0.770000

time = 13
tr_loss: 0.538400, tr_score: 0.723750
va_loss: 0.603500, va_score: 0.710000
te_loss: 0.546534, te_score: 0.750000

time = 13
tr_loss: 0.574752, tr_score: 0.730000
va_loss: 0.643103, va_score: 0.680000
te_loss: 0.627481, te_score: 0.690000

time = 13
tr_loss: 0.524196, tr_score: 0.740000
va_loss: 0.551931, va_score: 0.700000
te_loss: 0.557167, te_score: 0.700000

time = 13
tr_loss: 0.573418, tr_score: 0.707500
va_loss: 0.526055, va_score: 0.710000
te_loss: 0.556722, te_score: 0.720000

time = 13
tr_loss: 0.574844, tr_score: 0.690000
va_loss: 0.547774, va_score: 0.720000
te_loss: 0.527126, te_score: 0.760000

time = 13
tr_loss: 0.601172, tr_score: 0.711250
va_loss: 0.660480, va_score: 0.650000
te_loss: 0.564346, te_score: 0.750000

time = 13
tr_loss: 0.572930, tr_score: 0.725000
va_loss: 0.595376, va_score: 0.730000
te_loss: 0.720685, te_score: 0.570000

time = 13
tr_loss: 0.580243, tr_score: 0.708750
va_loss: 0.579705, va_score: 0.740000
te_loss: 0.579471, te_score: 0.730000

time = 13
tr_loss: 0.592140, tr_score: 0.703750
va_loss: 0.624154, va_score: 0.680000
te_loss: 0.601739, te_score: 0.670000

time = 13
tr_loss: 0.560049, tr_score: 0.700000
va_loss: 0.531527, va_score: 0.750000
te_loss: 0.578354, te_score: 0.690000

time = 13
tr_loss: 0.538340, tr_score: 0.732500
va_loss: 0.513373, va_score: 0.810000
te_loss: 0.496095, te_score: 0.830000

time = 13
tr_loss: 0.633037, tr_score: 0.700000
va_loss: 0.618169, va_score: 0.700000
te_loss: 0.639445, te_score: 0.680000

time = 13
tr_loss: 0.553184, tr_score: 0.725000
va_loss: 0.559441, va_score: 0.680000
te_loss: 0.637576, te_score: 0.640000

time = 13
tr_loss: 0.568217, tr_score: 0.707500
va_loss: 0.491502, va_score: 0.810000
te_loss: 0.543686, te_score: 0.720000

time = 13
tr_loss: 0.621000, tr_score: 0.663750
va_loss: 0.531306, va_score: 0.750000
te_loss: 0.657682, te_score: 0.600000

time = 13
tr_loss: 0.583881, tr_score: 0.701250
va_loss: 0.547982, va_score: 0.740000
te_loss: 0.528561, te_score: 0.780000

======================================================
13  Seed:  [3706. 3756. 2533. 6590. 1761. 5957. 4965. 8699. 1302.  214. 1426. 3422.
 9979.   35. 8073. 6183. 7853. 8174. 4923.  725.]
tr_loss: 0.574266, tr_score: 0.711812
va_loss: 0.574104, va_score: 0.719000
te_loss: 0.586294, te_score: 0.706000
time = 14
tr_loss: 0.583771, tr_score: 0.715000
va_loss: 0.600116, va_score: 0.690000
te_loss: 0.575103, te_score: 0.730000

time = 14
tr_loss: 0.505330, tr_score: 0.736250
va_loss: 0.619679, va_score: 0.680000
te_loss: 0.514475, te_score: 0.720000

time = 14
tr_loss: 0.555255, tr_score: 0.722500
va_loss: 0.569354, va_score: 0.740000
te_loss: 0.583021, te_score: 0.700000

time = 14
tr_loss: 0.608068, tr_score: 0.696250
va_loss: 0.632342, va_score: 0.680000
te_loss: 0.573151, te_score: 0.750000

time = 14
tr_loss: 0.557670, tr_score: 0.721250
va_loss: 0.581522, va_score: 0.680000
te_loss: 0.544136, te_score: 0.710000

time = 14
tr_loss: 0.573635, tr_score: 0.710000
va_loss: 0.560408, va_score: 0.730000
te_loss: 0.635481, te_score: 0.660000

time = 14
tr_loss: 0.552105, tr_score: 0.722500
va_loss: 0.489288, va_score: 0.780000
te_loss: 0.584934, te_score: 0.690000

time = 14
tr_loss: 0.602657, tr_score: 0.698750
va_loss: 0.680118, va_score: 0.670000
te_loss: 0.561279, te_score: 0.720000

time = 14
tr_loss: 0.600107, tr_score: 0.703750
va_loss: 0.584355, va_score: 0.700000
te_loss: 0.618465, te_score: 0.710000

time = 14
tr_loss: 0.650769, tr_score: 0.697500
va_loss: 0.587739, va_score: 0.780000
te_loss: 0.697541, te_score: 0.640000

time = 14
tr_loss: 0.583749, tr_score: 0.703750
va_loss: 0.497926, va_score: 0.750000
te_loss: 0.546519, te_score: 0.760000

time = 14
tr_loss: 0.617203, tr_score: 0.697500
va_loss: 0.597990, va_score: 0.700000
te_loss: 0.597953, te_score: 0.700000

time = 14
tr_loss: 0.569295, tr_score: 0.710000
va_loss: 0.554958, va_score: 0.760000
te_loss: 0.595705, te_score: 0.630000

time = 14
tr_loss: 0.588979, tr_score: 0.710000
va_loss: 0.578995, va_score: 0.720000
te_loss: 0.604279, te_score: 0.710000

time = 14
tr_loss: 0.607317, tr_score: 0.711250
va_loss: 0.637375, va_score: 0.670000
te_loss: 0.616736, te_score: 0.730000

time = 14
tr_loss: 0.572392, tr_score: 0.720000
va_loss: 0.537088, va_score: 0.750000
te_loss: 0.555475, te_score: 0.760000

time = 14
tr_loss: 0.594460, tr_score: 0.703750
va_loss: 0.548484, va_score: 0.760000
te_loss: 0.674964, te_score: 0.620000

time = 14
tr_loss: 0.585488, tr_score: 0.702500
va_loss: 0.617259, va_score: 0.680000
te_loss: 0.580273, te_score: 0.710000

time = 14
tr_loss: 0.566130, tr_score: 0.715000
va_loss: 0.627358, va_score: 0.690000
te_loss: 0.618075, te_score: 0.690000

time = 14
tr_loss: 0.578590, tr_score: 0.702500
va_loss: 0.619322, va_score: 0.700000
te_loss: 0.527900, te_score: 0.760000

======================================================
14  Seed:  [6736. 9332. 4026. 8791. 2185. 8095. 4925. 3877. 8332. 6847. 5871. 5004.
 2796. 4961. 1467. 7787. 3868. 5255. 9307. 9073.]
tr_loss: 0.582649, tr_score: 0.710000
va_loss: 0.586084, va_score: 0.715500
te_loss: 0.590273, te_score: 0.705000
time = 15
tr_loss: 0.582462, tr_score: 0.713750
va_loss: 0.577046, va_score: 0.700000
te_loss: 0.605656, te_score: 0.710000

time = 15
tr_loss: 0.603393, tr_score: 0.698750
va_loss: 0.595415, va_score: 0.720000
te_loss: 0.519422, te_score: 0.770000

time = 15
tr_loss: 0.566410, tr_score: 0.711250
va_loss: 0.602865, va_score: 0.740000
te_loss: 0.598345, te_score: 0.700000

time = 15
tr_loss: 0.606428, tr_score: 0.667500
va_loss: 0.552796, va_score: 0.740000
te_loss: 0.677287, te_score: 0.640000

time = 15
tr_loss: 0.598069, tr_score: 0.708750
va_loss: 0.560859, va_score: 0.730000
te_loss: 0.618820, te_score: 0.630000

time = 15
tr_loss: 0.575744, tr_score: 0.706250
va_loss: 0.620948, va_score: 0.660000
te_loss: 0.595615, te_score: 0.690000

time = 15
tr_loss: 0.586147, tr_score: 0.705000
va_loss: 0.614306, va_score: 0.700000
te_loss: 0.574819, te_score: 0.720000

time = 15
tr_loss: 0.581908, tr_score: 0.710000
va_loss: 0.567764, va_score: 0.740000
te_loss: 0.577299, te_score: 0.720000

time = 15
tr_loss: 0.582551, tr_score: 0.687500
va_loss: 0.583714, va_score: 0.750000
te_loss: 0.551458, te_score: 0.720000

time = 15
tr_loss: 0.561118, tr_score: 0.735000
va_loss: 0.635376, va_score: 0.650000
te_loss: 0.584590, te_score: 0.710000

time = 15
tr_loss: 0.597100, tr_score: 0.710000
va_loss: 0.546439, va_score: 0.750000
te_loss: 0.561194, te_score: 0.760000

time = 15
tr_loss: 0.598432, tr_score: 0.716250
va_loss: 0.631669, va_score: 0.730000
te_loss: 0.639652, te_score: 0.660000

time = 15
tr_loss: 0.601886, tr_score: 0.700000
va_loss: 0.571714, va_score: 0.750000
te_loss: 0.629567, te_score: 0.690000

time = 15
tr_loss: 0.529552, tr_score: 0.733750
va_loss: 0.539075, va_score: 0.710000
te_loss: 0.573936, te_score: 0.700000

time = 15
tr_loss: 0.518295, tr_score: 0.748750
va_loss: 0.523880, va_score: 0.750000
te_loss: 0.567688, te_score: 0.700000

time = 15
tr_loss: 0.570064, tr_score: 0.715000
va_loss: 0.626780, va_score: 0.700000
te_loss: 0.602977, te_score: 0.680000

time = 15
tr_loss: 0.585569, tr_score: 0.696250
va_loss: 0.538024, va_score: 0.760000
te_loss: 0.615552, te_score: 0.670000

time = 15
tr_loss: 0.531659, tr_score: 0.728750
va_loss: 0.597780, va_score: 0.700000
te_loss: 0.608493, te_score: 0.620000

time = 15
tr_loss: 0.573093, tr_score: 0.705000
va_loss: 0.557087, va_score: 0.750000
te_loss: 0.582169, te_score: 0.720000

time = 15
tr_loss: 0.585393, tr_score: 0.710000
va_loss: 0.567068, va_score: 0.740000
te_loss: 0.574372, te_score: 0.720000

======================================================
15  Seed:  [ 879. 4612.  287.  491. 3659. 8251. 7507. 1140. 3507. 4318. 9716. 8900.
 3870. 2555. 7340. 8792.  757. 6674. 3143.  691.]
tr_loss: 0.576764, tr_score: 0.710375
va_loss: 0.580530, va_score: 0.723500
te_loss: 0.592946, te_score: 0.696500
time = 16
tr_loss: 0.613573, tr_score: 0.703750
va_loss: 0.606427, va_score: 0.680000
te_loss: 0.620475, te_score: 0.690000

time = 16
tr_loss: 0.583489, tr_score: 0.718750
va_loss: 0.606144, va_score: 0.690000
te_loss: 0.628160, te_score: 0.640000

time = 16
tr_loss: 0.608710, tr_score: 0.711250
va_loss: 0.583112, va_score: 0.750000
te_loss: 0.628345, te_score: 0.690000

time = 16
tr_loss: 0.528158, tr_score: 0.726250
va_loss: 0.542761, va_score: 0.720000
te_loss: 0.510509, te_score: 0.760000

time = 16
tr_loss: 0.579499, tr_score: 0.696250
va_loss: 0.544153, va_score: 0.740000
te_loss: 0.538171, te_score: 0.720000

time = 16
tr_loss: 0.532590, tr_score: 0.723750
va_loss: 0.556273, va_score: 0.710000
te_loss: 0.621049, te_score: 0.670000

time = 16
tr_loss: 0.600257, tr_score: 0.707500
va_loss: 0.594179, va_score: 0.720000
te_loss: 0.529389, te_score: 0.770000

time = 16
tr_loss: 0.601688, tr_score: 0.713750
va_loss: 0.627836, va_score: 0.660000
te_loss: 0.621807, te_score: 0.670000

time = 16
tr_loss: 0.560087, tr_score: 0.728750
va_loss: 0.536542, va_score: 0.750000
te_loss: 0.548783, te_score: 0.740000

time = 16
tr_loss: 0.587336, tr_score: 0.708750
va_loss: 0.643715, va_score: 0.660000
te_loss: 0.636749, te_score: 0.670000

time = 16
tr_loss: 0.618197, tr_score: 0.703750
va_loss: 0.587375, va_score: 0.690000
te_loss: 0.660046, te_score: 0.680000

time = 16
tr_loss: 0.601631, tr_score: 0.707500
va_loss: 0.619456, va_score: 0.700000
te_loss: 0.605181, te_score: 0.690000

time = 16
tr_loss: 0.546200, tr_score: 0.742500
va_loss: 0.619510, va_score: 0.720000
te_loss: 0.545860, te_score: 0.720000

time = 16
tr_loss: 0.634859, tr_score: 0.677500
va_loss: 0.553128, va_score: 0.760000
te_loss: 0.553986, te_score: 0.780000

time = 16
tr_loss: 0.627708, tr_score: 0.698750
va_loss: 0.561673, va_score: 0.770000
te_loss: 0.564516, te_score: 0.750000

time = 16
tr_loss: 0.571160, tr_score: 0.707500
va_loss: 0.629598, va_score: 0.660000
te_loss: 0.582947, te_score: 0.710000

time = 16
tr_loss: 0.564551, tr_score: 0.721250
va_loss: 0.536441, va_score: 0.780000
te_loss: 0.604765, te_score: 0.670000

time = 16
tr_loss: 0.595748, tr_score: 0.718750
va_loss: 0.691724, va_score: 0.630000
te_loss: 0.591998, te_score: 0.700000

time = 16
tr_loss: 0.611268, tr_score: 0.688750
va_loss: 0.532334, va_score: 0.780000
te_loss: 0.609815, te_score: 0.710000

time = 16
tr_loss: 0.519857, tr_score: 0.746250
va_loss: 0.553963, va_score: 0.750000
te_loss: 0.533998, te_score: 0.800000

======================================================
16  Seed:  [9082. 6878.  978. 6918.   35. 3547.  812. 1562. 5243. 8191. 5330. 4602.
 2929. 4830.  303. 9956. 3156. 7475. 4637.  734.]
tr_loss: 0.584328, tr_score: 0.712562
va_loss: 0.586317, va_score: 0.716000
te_loss: 0.586827, te_score: 0.711500
time = 17
tr_loss: 0.547272, tr_score: 0.717500
va_loss: 0.565399, va_score: 0.720000
te_loss: 0.540488, te_score: 0.700000

time = 17
tr_loss: 0.589269, tr_score: 0.703750
va_loss: 0.608404, va_score: 0.670000
te_loss: 0.603535, te_score: 0.700000

time = 17
tr_loss: 0.599692, tr_score: 0.706250
va_loss: 0.675538, va_score: 0.630000
te_loss: 0.609889, te_score: 0.710000

time = 17
tr_loss: 0.572645, tr_score: 0.722500
va_loss: 0.630111, va_score: 0.670000
te_loss: 0.557654, te_score: 0.730000

time = 17
tr_loss: 0.573522, tr_score: 0.713750
va_loss: 0.518918, va_score: 0.720000
te_loss: 0.543711, te_score: 0.760000

time = 17
tr_loss: 0.552994, tr_score: 0.732500
va_loss: 0.533466, va_score: 0.780000
te_loss: 0.607366, te_score: 0.680000

time = 17
tr_loss: 0.592675, tr_score: 0.718750
va_loss: 0.685202, va_score: 0.640000
te_loss: 0.611906, te_score: 0.680000

time = 17
tr_loss: 0.569114, tr_score: 0.726250
va_loss: 0.628729, va_score: 0.660000
te_loss: 0.684389, te_score: 0.610000

time = 17
tr_loss: 0.606299, tr_score: 0.698750
va_loss: 0.609460, va_score: 0.700000
te_loss: 0.567753, te_score: 0.730000

time = 17
tr_loss: 0.554282, tr_score: 0.717500
va_loss: 0.605239, va_score: 0.700000
te_loss: 0.630339, te_score: 0.660000

time = 17
tr_loss: 0.561715, tr_score: 0.727500
va_loss: 0.664852, va_score: 0.680000
te_loss: 0.608307, te_score: 0.710000

time = 17
tr_loss: 0.593029, tr_score: 0.708750
va_loss: 0.607489, va_score: 0.680000
te_loss: 0.625291, te_score: 0.710000

time = 17
tr_loss: 0.605690, tr_score: 0.690000
va_loss: 0.585692, va_score: 0.680000
te_loss: 0.579714, te_score: 0.740000

time = 17
tr_loss: 0.522308, tr_score: 0.741250
va_loss: 0.488085, va_score: 0.740000
te_loss: 0.521430, te_score: 0.780000

time = 17
tr_loss: 0.554534, tr_score: 0.721250
va_loss: 0.631186, va_score: 0.630000
te_loss: 0.646203, te_score: 0.670000

time = 17
tr_loss: 0.562741, tr_score: 0.721250
va_loss: 0.496226, va_score: 0.790000
te_loss: 0.538560, te_score: 0.720000

time = 17
tr_loss: 0.590880, tr_score: 0.710000
va_loss: 0.676095, va_score: 0.610000
te_loss: 0.605469, te_score: 0.710000

time = 17
tr_loss: 0.537264, tr_score: 0.736250
va_loss: 0.514862, va_score: 0.760000
te_loss: 0.520516, te_score: 0.760000

time = 17
tr_loss: 0.560096, tr_score: 0.703750
va_loss: 0.539049, va_score: 0.730000
te_loss: 0.580853, te_score: 0.710000

time = 17
tr_loss: 0.601303, tr_score: 0.702500
va_loss: 0.613443, va_score: 0.700000
te_loss: 0.632466, te_score: 0.680000

======================================================
17  Seed:  [9997. 6891. 7283.  296. 4194.  627. 9187. 9699.  412. 3964. 5059. 1882.
 6859. 7098. 9012. 6459. 3018. 8410. 9321. 1260.]
tr_loss: 0.572366, tr_score: 0.716000
va_loss: 0.593872, va_score: 0.694500
te_loss: 0.590792, te_score: 0.707500
time = 18
tr_loss: 0.609743, tr_score: 0.712500
va_loss: 0.589330, va_score: 0.690000
te_loss: 0.562374, te_score: 0.750000

time = 18
tr_loss: 0.504553, tr_score: 0.766250
va_loss: 0.481525, va_score: 0.780000
te_loss: 0.468919, te_score: 0.780000

time = 18
tr_loss: 0.552648, tr_score: 0.721250
va_loss: 0.532653, va_score: 0.730000
te_loss: 0.592371, te_score: 0.680000

time = 18
tr_loss: 0.579296, tr_score: 0.707500
va_loss: 0.556264, va_score: 0.740000
te_loss: 0.589829, te_score: 0.700000

time = 18
tr_loss: 0.605777, tr_score: 0.678750
va_loss: 0.568770, va_score: 0.720000
te_loss: 0.513993, te_score: 0.760000

time = 18
tr_loss: 0.582855, tr_score: 0.718750
va_loss: 0.584302, va_score: 0.730000
te_loss: 0.557021, te_score: 0.770000

time = 18
tr_loss: 0.585084, tr_score: 0.720000
va_loss: 0.637972, va_score: 0.690000
te_loss: 0.551935, te_score: 0.760000

time = 18
tr_loss: 0.548078, tr_score: 0.720000
va_loss: 0.598561, va_score: 0.710000
te_loss: 0.669789, te_score: 0.600000

time = 18
tr_loss: 0.575392, tr_score: 0.733750
va_loss: 0.561854, va_score: 0.740000
te_loss: 0.570770, te_score: 0.720000

time = 18
tr_loss: 0.563582, tr_score: 0.727500
va_loss: 0.591063, va_score: 0.700000
te_loss: 0.608751, te_score: 0.660000

time = 18
tr_loss: 0.578169, tr_score: 0.716250
va_loss: 0.639154, va_score: 0.680000
te_loss: 0.549398, te_score: 0.730000

time = 18
tr_loss: 0.531772, tr_score: 0.738750
va_loss: 0.549043, va_score: 0.720000
te_loss: 0.563495, te_score: 0.710000

time = 18
tr_loss: 0.576746, tr_score: 0.702500
va_loss: 0.595708, va_score: 0.700000
te_loss: 0.572370, te_score: 0.730000

time = 18
tr_loss: 0.542990, tr_score: 0.723750
va_loss: 0.542535, va_score: 0.740000
te_loss: 0.526995, te_score: 0.760000

time = 18
tr_loss: 0.533560, tr_score: 0.735000
va_loss: 0.518295, va_score: 0.780000
te_loss: 0.489199, te_score: 0.780000

time = 18
tr_loss: 0.550483, tr_score: 0.723750
va_loss: 0.509670, va_score: 0.780000
te_loss: 0.479973, te_score: 0.780000

time = 18
tr_loss: 0.562797, tr_score: 0.713750
va_loss: 0.610758, va_score: 0.680000
te_loss: 0.545098, te_score: 0.710000

time = 18
tr_loss: 0.575217, tr_score: 0.715000
va_loss: 0.583141, va_score: 0.700000
te_loss: 0.655147, te_score: 0.660000

time = 18
tr_loss: 0.575202, tr_score: 0.715000
va_loss: 0.564006, va_score: 0.760000
te_loss: 0.630321, te_score: 0.650000

time = 18
tr_loss: 0.560596, tr_score: 0.721250
va_loss: 0.507523, va_score: 0.770000
te_loss: 0.626277, te_score: 0.660000

======================================================
18  Seed:  [ 873. 4207. 9606. 9170. 6333. 9407. 8590.  438. 6112. 2282. 5826. 4132.
 5788. 3773.  899. 1544. 7119. 3120. 1138. 3253.]
tr_loss: 0.564727, tr_score: 0.720562
va_loss: 0.566106, va_score: 0.727000
te_loss: 0.566201, te_score: 0.717500
time = 19
tr_loss: 0.550497, tr_score: 0.726250
va_loss: 0.631515, va_score: 0.650000
te_loss: 0.593502, te_score: 0.700000

time = 19
tr_loss: 0.564532, tr_score: 0.721250
va_loss: 0.608327, va_score: 0.720000
te_loss: 0.612034, te_score: 0.650000

time = 19
tr_loss: 0.623792, tr_score: 0.677500
va_loss: 0.548208, va_score: 0.760000
te_loss: 0.664109, te_score: 0.690000

time = 19
tr_loss: 0.522189, tr_score: 0.760000
va_loss: 0.576765, va_score: 0.720000
te_loss: 0.597961, te_score: 0.730000

time = 19
tr_loss: 0.551818, tr_score: 0.732500
va_loss: 0.571755, va_score: 0.680000
te_loss: 0.477720, te_score: 0.810000

time = 19
tr_loss: 0.564416, tr_score: 0.723750
va_loss: 0.579629, va_score: 0.680000
te_loss: 0.578001, te_score: 0.710000

time = 19
tr_loss: 0.586660, tr_score: 0.702500
va_loss: 0.568844, va_score: 0.720000
te_loss: 0.612546, te_score: 0.660000

time = 19
tr_loss: 0.587815, tr_score: 0.708750
va_loss: 0.631081, va_score: 0.670000
te_loss: 0.636616, te_score: 0.670000

time = 19
tr_loss: 0.588705, tr_score: 0.706250
va_loss: 0.598185, va_score: 0.720000
te_loss: 0.547076, te_score: 0.760000

time = 19
tr_loss: 0.568959, tr_score: 0.693750
va_loss: 0.565031, va_score: 0.740000
te_loss: 0.655571, te_score: 0.700000

time = 19
tr_loss: 0.575582, tr_score: 0.716250
va_loss: 0.630522, va_score: 0.690000
te_loss: 0.620988, te_score: 0.680000

time = 19
tr_loss: 0.602829, tr_score: 0.700000
va_loss: 0.572970, va_score: 0.710000
te_loss: 0.601695, te_score: 0.680000

time = 19
tr_loss: 0.565282, tr_score: 0.720000
va_loss: 0.626296, va_score: 0.690000
te_loss: 0.649910, te_score: 0.680000

time = 19
tr_loss: 0.571607, tr_score: 0.708750
va_loss: 0.522011, va_score: 0.740000
te_loss: 0.575411, te_score: 0.750000

time = 19
tr_loss: 0.605809, tr_score: 0.693750
va_loss: 0.623640, va_score: 0.690000
te_loss: 0.553446, te_score: 0.760000

time = 19
tr_loss: 0.579366, tr_score: 0.691250
va_loss: 0.530975, va_score: 0.750000
te_loss: 0.556004, te_score: 0.740000

time = 19
tr_loss: 0.548766, tr_score: 0.733750
va_loss: 0.556123, va_score: 0.730000
te_loss: 0.605050, te_score: 0.710000

time = 19
tr_loss: 0.594534, tr_score: 0.676250
va_loss: 0.556974, va_score: 0.720000
te_loss: 0.544765, te_score: 0.740000

time = 19
tr_loss: 0.587110, tr_score: 0.662500
va_loss: 0.586446, va_score: 0.730000
te_loss: 0.584096, te_score: 0.710000

time = 19
tr_loss: 0.566454, tr_score: 0.722500
va_loss: 0.601002, va_score: 0.700000
te_loss: 0.521615, te_score: 0.760000

======================================================
19  Seed:  [3709. 6253. 7969. 4492. 4878.  212. 2129. 7387.  610. 9877. 6936. 8416.
 1824. 6324. 9841. 5493. 7619. 7977.  518. 1963.]
tr_loss: 0.575336, tr_score: 0.708875
va_loss: 0.584315, va_score: 0.710500
te_loss: 0.589406, te_score: 0.714500
time = 20
tr_loss: 0.598903, tr_score: 0.721250
va_loss: 0.594882, va_score: 0.700000
te_loss: 0.597136, te_score: 0.710000

time = 20
tr_loss: 0.589347, tr_score: 0.720000
va_loss: 0.558337, va_score: 0.740000
te_loss: 0.559470, te_score: 0.730000

time = 20
tr_loss: 0.558990, tr_score: 0.720000
va_loss: 0.555650, va_score: 0.730000
te_loss: 0.607805, te_score: 0.680000

time = 20
tr_loss: 0.589058, tr_score: 0.706250
va_loss: 0.639875, va_score: 0.680000
te_loss: 0.532790, te_score: 0.790000

time = 20
tr_loss: 0.562757, tr_score: 0.713750
va_loss: 0.660998, va_score: 0.630000
te_loss: 0.553969, te_score: 0.690000

time = 20
tr_loss: 0.611578, tr_score: 0.701250
va_loss: 0.551423, va_score: 0.760000
te_loss: 0.576860, te_score: 0.710000

time = 20
tr_loss: 0.581518, tr_score: 0.707500
va_loss: 0.540796, va_score: 0.740000
te_loss: 0.606290, te_score: 0.710000

time = 20
tr_loss: 0.586576, tr_score: 0.710000
va_loss: 0.642413, va_score: 0.630000
te_loss: 0.584966, te_score: 0.710000

time = 20
tr_loss: 0.609993, tr_score: 0.691250
va_loss: 0.573441, va_score: 0.690000
te_loss: 0.588084, te_score: 0.680000

time = 20
tr_loss: 0.608946, tr_score: 0.687500
va_loss: 0.530918, va_score: 0.780000
te_loss: 0.568618, te_score: 0.730000

time = 20
tr_loss: 0.578871, tr_score: 0.716250
va_loss: 0.617704, va_score: 0.680000
te_loss: 0.589101, te_score: 0.720000

time = 20
tr_loss: 0.592828, tr_score: 0.713750
va_loss: 0.578208, va_score: 0.740000
te_loss: 0.574142, te_score: 0.760000

time = 20
tr_loss: 0.603719, tr_score: 0.703750
va_loss: 0.582183, va_score: 0.730000
te_loss: 0.624430, te_score: 0.690000

time = 20
tr_loss: 0.580986, tr_score: 0.711250
va_loss: 0.632642, va_score: 0.660000
te_loss: 0.549924, te_score: 0.730000

time = 20
tr_loss: 0.606659, tr_score: 0.701250
va_loss: 0.608089, va_score: 0.710000
te_loss: 0.623970, te_score: 0.680000

time = 20
tr_loss: 0.606817, tr_score: 0.702500
va_loss: 0.663930, va_score: 0.630000
te_loss: 0.610690, te_score: 0.710000

time = 20
tr_loss: 0.570858, tr_score: 0.703750
va_loss: 0.553623, va_score: 0.730000
te_loss: 0.544825, te_score: 0.740000

time = 20
tr_loss: 0.570420, tr_score: 0.721250
va_loss: 0.574407, va_score: 0.710000
te_loss: 0.574436, te_score: 0.700000

time = 20
tr_loss: 0.543328, tr_score: 0.721250
va_loss: 0.527802, va_score: 0.740000
te_loss: 0.535019, te_score: 0.710000

time = 20
tr_loss: 0.595812, tr_score: 0.705000
va_loss: 0.624916, va_score: 0.670000
te_loss: 0.626308, te_score: 0.680000

======================================================
20  Seed:  [8890. 5137. 6638. 5364. 3035. 4210. 5798. 9783. 7946.  146. 8127. 1556.
 1338. 7812. 5900. 6230. 6141. 6234. 5455. 7649.]
tr_loss: 0.587398, tr_score: 0.708937
va_loss: 0.590612, va_score: 0.704000
te_loss: 0.581442, te_score: 0.713000


mid seed:  [1237. 6412. 2121. 6405. 4525. 1302. 1340. 7513. 9914. 1173. 2339. 2687.
 5417. 1769. 4522. 4161. 3470. 2003. 6862. 6659.]
mid test scores 0.7055
