time = 0
tr_loss: 0.542411, tr_score: 0.728750
va_loss: 0.561596, va_score: 0.760000
te_loss: 0.549356, te_score: 0.710000

time = 0
tr_loss: 0.550234, tr_score: 0.726250
va_loss: 0.631994, va_score: 0.660000
te_loss: 0.628374, te_score: 0.610000

time = 0
tr_loss: 0.549753, tr_score: 0.723750
va_loss: 0.613656, va_score: 0.680000
te_loss: 0.612585, te_score: 0.650000

time = 0
tr_loss: 0.581918, tr_score: 0.722500
va_loss: 0.580231, va_score: 0.720000
te_loss: 0.554845, te_score: 0.730000

time = 0
tr_loss: 0.609161, tr_score: 0.701250
va_loss: 0.661105, va_score: 0.680000
te_loss: 0.537779, te_score: 0.750000

time = 0
tr_loss: 0.591221, tr_score: 0.678750
va_loss: 0.641509, va_score: 0.650000
te_loss: 0.676100, te_score: 0.590000

time = 0
tr_loss: 0.591160, tr_score: 0.691250
va_loss: 0.598548, va_score: 0.670000
te_loss: 0.492810, te_score: 0.800000

time = 0
tr_loss: 0.600575, tr_score: 0.695000
va_loss: 0.542356, va_score: 0.750000
te_loss: 0.602410, te_score: 0.710000

time = 0
tr_loss: 0.571345, tr_score: 0.691250
va_loss: 0.549276, va_score: 0.750000
te_loss: 0.600588, te_score: 0.680000

time = 0
tr_loss: 0.550106, tr_score: 0.721250
va_loss: 0.581191, va_score: 0.700000
te_loss: 0.479607, te_score: 0.810000

time = 0
tr_loss: 0.576774, tr_score: 0.716250
va_loss: 0.564404, va_score: 0.730000
te_loss: 0.657597, te_score: 0.620000

time = 0
tr_loss: 0.582772, tr_score: 0.707500
va_loss: 0.639359, va_score: 0.650000
te_loss: 0.741044, te_score: 0.540000

time = 0
tr_loss: 0.603290, tr_score: 0.712500
va_loss: 0.601237, va_score: 0.680000
te_loss: 0.683537, te_score: 0.630000

time = 0
tr_loss: 0.581359, tr_score: 0.708750
va_loss: 0.597187, va_score: 0.680000
te_loss: 0.672704, te_score: 0.630000

time = 0
tr_loss: 0.576991, tr_score: 0.670000
va_loss: 0.623551, va_score: 0.640000
te_loss: 0.588272, te_score: 0.670000

time = 0
tr_loss: 0.536981, tr_score: 0.750000
va_loss: 0.561406, va_score: 0.730000
te_loss: 0.562726, te_score: 0.710000

time = 0
tr_loss: 0.568655, tr_score: 0.701250
va_loss: 0.640086, va_score: 0.670000
te_loss: 0.591782, te_score: 0.710000

time = 0
tr_loss: 0.532483, tr_score: 0.728750
va_loss: 0.565190, va_score: 0.670000
te_loss: 0.550238, te_score: 0.720000

time = 0
tr_loss: 0.565614, tr_score: 0.725000
va_loss: 0.598129, va_score: 0.680000
te_loss: 0.667907, te_score: 0.640000

time = 0
tr_loss: 0.594555, tr_score: 0.697500
va_loss: 0.538230, va_score: 0.780000
te_loss: 0.651279, te_score: 0.640000

======================================================
0  Seed:  [ 140. 2411. 2238. 5068. 2300. 9812. 6334. 4380. 4021. 8554. 2226. 8534.
 4715. 7921. 4457. 6212.  255.  495. 8301.  932.]
tr_loss: 0.572868, tr_score: 0.709875
va_loss: 0.594512, va_score: 0.696500
te_loss: 0.605077, te_score: 0.677500
time = 1
tr_loss: 0.560437, tr_score: 0.717500
va_loss: 0.637070, va_score: 0.650000
te_loss: 0.562543, te_score: 0.750000

time = 1
tr_loss: 0.591150, tr_score: 0.710000
va_loss: 0.590345, va_score: 0.710000
te_loss: 0.564789, te_score: 0.740000

time = 1
tr_loss: 0.541820, tr_score: 0.715000
va_loss: 0.553016, va_score: 0.710000
te_loss: 0.521442, te_score: 0.750000

time = 1
tr_loss: 0.557694, tr_score: 0.705000
va_loss: 0.571995, va_score: 0.720000
te_loss: 0.585025, te_score: 0.640000

time = 1
tr_loss: 0.621064, tr_score: 0.715000
va_loss: 0.726645, va_score: 0.660000
te_loss: 0.663896, te_score: 0.710000

time = 1
tr_loss: 0.592485, tr_score: 0.703750
va_loss: 0.575237, va_score: 0.730000
te_loss: 0.548210, te_score: 0.740000

time = 1
tr_loss: 0.595190, tr_score: 0.707500
va_loss: 0.589835, va_score: 0.730000
te_loss: 0.569264, te_score: 0.720000

time = 1
tr_loss: 0.558893, tr_score: 0.706250
va_loss: 0.511739, va_score: 0.750000
te_loss: 0.473142, te_score: 0.800000

time = 1
tr_loss: 0.550679, tr_score: 0.740000
va_loss: 0.588126, va_score: 0.680000
te_loss: 0.494609, te_score: 0.770000

time = 1
tr_loss: 0.607724, tr_score: 0.707500
va_loss: 0.585320, va_score: 0.730000
te_loss: 0.696340, te_score: 0.610000

time = 1
tr_loss: 0.575078, tr_score: 0.716250
va_loss: 0.604931, va_score: 0.690000
te_loss: 0.543880, te_score: 0.770000

time = 1
tr_loss: 0.572476, tr_score: 0.698750
va_loss: 0.593725, va_score: 0.690000
te_loss: 0.598718, te_score: 0.720000

time = 1
tr_loss: 0.594353, tr_score: 0.702500
va_loss: 0.525390, va_score: 0.760000
te_loss: 0.642360, te_score: 0.660000

time = 1
tr_loss: 0.597960, tr_score: 0.701250
va_loss: 0.569928, va_score: 0.710000
te_loss: 0.588446, te_score: 0.740000

time = 1
tr_loss: 0.581009, tr_score: 0.727500
va_loss: 0.653088, va_score: 0.620000
te_loss: 0.590869, te_score: 0.730000

time = 1
tr_loss: 0.566715, tr_score: 0.715000
va_loss: 0.590947, va_score: 0.710000
te_loss: 0.581393, te_score: 0.720000

time = 1
tr_loss: 0.589460, tr_score: 0.715000
va_loss: 0.568497, va_score: 0.750000
te_loss: 0.599710, te_score: 0.680000

time = 1
tr_loss: 0.574801, tr_score: 0.707500
va_loss: 0.571480, va_score: 0.700000
te_loss: 0.552866, te_score: 0.720000

time = 1
tr_loss: 0.592025, tr_score: 0.698750
va_loss: 0.558207, va_score: 0.760000
te_loss: 0.633656, te_score: 0.650000

time = 1
tr_loss: 0.611254, tr_score: 0.682500
va_loss: 0.569857, va_score: 0.750000
te_loss: 0.543169, te_score: 0.790000

======================================================
1  Seed:  [8640.  888. 4066.  552. 1437. 6591. 8969.  824. 8811.  938.  550. 9822.
 6241. 3057. 1352. 8361. 5326. 3377. 2314. 8889.]
tr_loss: 0.581613, tr_score: 0.709625
va_loss: 0.586769, va_score: 0.710500
te_loss: 0.577716, te_score: 0.720500
time = 2
tr_loss: 0.564402, tr_score: 0.703750
va_loss: 0.548973, va_score: 0.700000
te_loss: 0.644666, te_score: 0.730000

time = 2
tr_loss: 0.596802, tr_score: 0.715000
va_loss: 0.538086, va_score: 0.790000
te_loss: 0.625491, te_score: 0.710000

time = 2
tr_loss: 0.576024, tr_score: 0.706250
va_loss: 0.535668, va_score: 0.740000
te_loss: 0.561056, te_score: 0.740000

time = 2
tr_loss: 0.614327, tr_score: 0.692500
va_loss: 0.613998, va_score: 0.690000
te_loss: 0.586948, te_score: 0.700000

time = 2
tr_loss: 0.565315, tr_score: 0.722500
va_loss: 0.578128, va_score: 0.720000
te_loss: 0.527067, te_score: 0.760000

time = 2
tr_loss: 0.605639, tr_score: 0.682500
va_loss: 0.598612, va_score: 0.680000
te_loss: 0.654600, te_score: 0.670000

time = 2
tr_loss: 0.546202, tr_score: 0.733750
va_loss: 0.663524, va_score: 0.610000
te_loss: 0.584240, te_score: 0.700000

time = 2
tr_loss: 0.602560, tr_score: 0.696250
va_loss: 0.543550, va_score: 0.760000
te_loss: 0.569629, te_score: 0.700000

time = 2
tr_loss: 0.583087, tr_score: 0.721250
va_loss: 0.590311, va_score: 0.730000
te_loss: 0.641275, te_score: 0.680000

time = 2
tr_loss: 0.605421, tr_score: 0.695000
va_loss: 0.561785, va_score: 0.750000
te_loss: 0.612215, te_score: 0.690000

time = 2
tr_loss: 0.570140, tr_score: 0.717500
va_loss: 0.559345, va_score: 0.690000
te_loss: 0.630159, te_score: 0.640000

time = 2
tr_loss: 0.612820, tr_score: 0.697500
va_loss: 0.593460, va_score: 0.730000
te_loss: 0.580136, te_score: 0.750000

time = 2
tr_loss: 0.579215, tr_score: 0.708750
va_loss: 0.547999, va_score: 0.750000
te_loss: 0.621795, te_score: 0.670000

time = 2
tr_loss: 0.568380, tr_score: 0.730000
va_loss: 0.544393, va_score: 0.740000
te_loss: 0.536484, te_score: 0.770000

time = 2
tr_loss: 0.582687, tr_score: 0.708750
va_loss: 0.595299, va_score: 0.670000
te_loss: 0.569377, te_score: 0.720000

time = 2
tr_loss: 0.682408, tr_score: 0.655000
va_loss: 0.576855, va_score: 0.740000
te_loss: 0.633323, te_score: 0.670000

time = 2
tr_loss: 0.590414, tr_score: 0.701250
va_loss: 0.607443, va_score: 0.690000
te_loss: 0.606120, te_score: 0.680000

time = 2
tr_loss: 0.573573, tr_score: 0.701250
va_loss: 0.602097, va_score: 0.670000
te_loss: 0.529240, te_score: 0.750000

time = 2
tr_loss: 0.584700, tr_score: 0.705000
va_loss: 0.553588, va_score: 0.740000
te_loss: 0.606792, te_score: 0.670000

time = 2
tr_loss: 0.580119, tr_score: 0.720000
va_loss: 0.608087, va_score: 0.700000
te_loss: 0.622496, te_score: 0.730000

======================================================
2  Seed:  [5478. 7027. 2150. 7559. 3662. 2043. 8598. 4158. 6442. 4398. 3939. 9768.
 5143. 2231.  162. 6860. 3496. 7749. 2530. 2730.]
tr_loss: 0.589212, tr_score: 0.705688
va_loss: 0.578060, va_score: 0.714500
te_loss: 0.597155, te_score: 0.706500
time = 3
tr_loss: 0.598497, tr_score: 0.662500
va_loss: 0.618845, va_score: 0.680000
te_loss: 0.534722, te_score: 0.730000

time = 3
tr_loss: 0.600878, tr_score: 0.706250
va_loss: 0.638917, va_score: 0.630000
te_loss: 0.613068, te_score: 0.710000

time = 3
tr_loss: 0.595587, tr_score: 0.723750
va_loss: 0.646811, va_score: 0.700000
te_loss: 0.597236, te_score: 0.670000

time = 3
tr_loss: 0.569904, tr_score: 0.712500
va_loss: 0.552092, va_score: 0.740000
te_loss: 0.568875, te_score: 0.690000

time = 3
tr_loss: 0.567323, tr_score: 0.711250
va_loss: 0.547388, va_score: 0.720000
te_loss: 0.590298, te_score: 0.730000

time = 3
tr_loss: 0.565970, tr_score: 0.701250
va_loss: 0.529324, va_score: 0.760000
te_loss: 0.600198, te_score: 0.620000

time = 3
tr_loss: 0.565094, tr_score: 0.715000
va_loss: 0.659664, va_score: 0.630000
te_loss: 0.567997, te_score: 0.680000

time = 3
tr_loss: 0.573534, tr_score: 0.726250
va_loss: 0.674477, va_score: 0.640000
te_loss: 0.673846, te_score: 0.650000

time = 3
tr_loss: 0.528720, tr_score: 0.733750
va_loss: 0.613872, va_score: 0.650000
te_loss: 0.552026, te_score: 0.700000

time = 3
tr_loss: 0.538959, tr_score: 0.727500
va_loss: 0.535388, va_score: 0.760000
te_loss: 0.559436, te_score: 0.730000

time = 3
tr_loss: 0.568566, tr_score: 0.717500
va_loss: 0.575432, va_score: 0.700000
te_loss: 0.572136, te_score: 0.720000

time = 3
tr_loss: 0.566424, tr_score: 0.717500
va_loss: 0.571505, va_score: 0.720000
te_loss: 0.604368, te_score: 0.700000

time = 3
tr_loss: 0.515137, tr_score: 0.766250
va_loss: 0.463972, va_score: 0.780000
te_loss: 0.565995, te_score: 0.710000

time = 3
tr_loss: 0.605035, tr_score: 0.696250
va_loss: 0.658585, va_score: 0.680000
te_loss: 0.508093, te_score: 0.770000

time = 3
tr_loss: 0.574704, tr_score: 0.708750
va_loss: 0.656844, va_score: 0.620000
te_loss: 0.614551, te_score: 0.680000

time = 3
tr_loss: 0.578097, tr_score: 0.715000
va_loss: 0.569104, va_score: 0.690000
te_loss: 0.584223, te_score: 0.700000

time = 3
tr_loss: 0.675538, tr_score: 0.702500
va_loss: 0.700507, va_score: 0.700000
te_loss: 0.730169, te_score: 0.660000

time = 3
tr_loss: 0.579274, tr_score: 0.727500
va_loss: 0.693933, va_score: 0.570000
te_loss: 0.578230, te_score: 0.750000

time = 3
tr_loss: 0.580887, tr_score: 0.715000
va_loss: 0.655590, va_score: 0.670000
te_loss: 0.630038, te_score: 0.640000

time = 3
tr_loss: 0.589931, tr_score: 0.706250
va_loss: 0.579864, va_score: 0.720000
te_loss: 0.596386, te_score: 0.710000

======================================================
3  Seed:  [6469. 3301. 7178. 4323. 9525.  454. 7215. 4562. 5178. 3971. 9338. 3960.
 2970. 9630. 2254.  396. 4264. 8949. 7913. 1289.]
tr_loss: 0.576903, tr_score: 0.714625
va_loss: 0.607106, va_score: 0.688000
te_loss: 0.592095, te_score: 0.697500
time = 4
tr_loss: 0.539140, tr_score: 0.740000
va_loss: 0.532259, va_score: 0.770000
te_loss: 0.499319, te_score: 0.810000

time = 4
tr_loss: 0.622140, tr_score: 0.687500
va_loss: 0.581895, va_score: 0.710000
te_loss: 0.586425, te_score: 0.710000

time = 4
tr_loss: 0.603768, tr_score: 0.702500
va_loss: 0.606495, va_score: 0.700000
te_loss: 0.599005, te_score: 0.730000

time = 4
tr_loss: 0.581698, tr_score: 0.693750
va_loss: 0.575501, va_score: 0.750000
te_loss: 0.597722, te_score: 0.670000

time = 4
tr_loss: 0.597820, tr_score: 0.705000
va_loss: 0.645203, va_score: 0.670000
te_loss: 0.604965, te_score: 0.700000

time = 4
tr_loss: 0.583557, tr_score: 0.701250
va_loss: 0.567306, va_score: 0.700000
te_loss: 0.572545, te_score: 0.700000

time = 4
tr_loss: 0.593172, tr_score: 0.680000
va_loss: 0.587031, va_score: 0.690000
te_loss: 0.573926, te_score: 0.710000

time = 4
tr_loss: 0.591397, tr_score: 0.717500
va_loss: 0.653776, va_score: 0.610000
te_loss: 0.558073, te_score: 0.770000

time = 4
tr_loss: 0.575104, tr_score: 0.707500
va_loss: 0.637794, va_score: 0.650000
te_loss: 0.521367, te_score: 0.740000

time = 4
tr_loss: 0.529814, tr_score: 0.736250
va_loss: 0.540957, va_score: 0.760000
te_loss: 0.547757, te_score: 0.690000

time = 4
tr_loss: 0.591403, tr_score: 0.711250
va_loss: 0.639173, va_score: 0.640000
te_loss: 0.602559, te_score: 0.710000

time = 4
tr_loss: 0.593226, tr_score: 0.703750
va_loss: 0.580524, va_score: 0.700000
te_loss: 0.576442, te_score: 0.680000

time = 4
tr_loss: 0.613979, tr_score: 0.697500
va_loss: 0.578679, va_score: 0.770000
te_loss: 0.677546, te_score: 0.660000

time = 4
tr_loss: 0.577565, tr_score: 0.700000
va_loss: 0.536320, va_score: 0.770000
te_loss: 0.534145, te_score: 0.760000

time = 4
tr_loss: 0.567204, tr_score: 0.720000
va_loss: 0.586411, va_score: 0.720000
te_loss: 0.651337, te_score: 0.630000

time = 4
tr_loss: 0.554597, tr_score: 0.721250
va_loss: 0.499177, va_score: 0.790000
te_loss: 0.545178, te_score: 0.740000

time = 4
tr_loss: 0.601865, tr_score: 0.706250
va_loss: 0.576563, va_score: 0.740000
te_loss: 0.612742, te_score: 0.630000

time = 4
tr_loss: 0.573118, tr_score: 0.723750
va_loss: 0.548286, va_score: 0.780000
te_loss: 0.597080, te_score: 0.680000

time = 4
tr_loss: 0.595425, tr_score: 0.660000
va_loss: 0.666978, va_score: 0.620000
te_loss: 0.643510, te_score: 0.640000

time = 4
tr_loss: 0.587205, tr_score: 0.697500
va_loss: 0.587085, va_score: 0.710000
te_loss: 0.576219, te_score: 0.750000

======================================================
4  Seed:  [8744.  130. 2730. 2289. 3436.   91. 5431.  214. 1996. 7906. 4318. 5189.
 9458. 5884. 7590. 9032. 7937. 3024. 1021. 9551.]
tr_loss: 0.583660, tr_score: 0.705625
va_loss: 0.586371, va_score: 0.712500
te_loss: 0.583893, te_score: 0.705500
time = 5
tr_loss: 0.604234, tr_score: 0.712500
va_loss: 0.643684, va_score: 0.660000
te_loss: 0.667344, te_score: 0.650000

time = 5
tr_loss: 0.617568, tr_score: 0.696250
va_loss: 0.626021, va_score: 0.700000
te_loss: 0.544843, te_score: 0.760000

time = 5
tr_loss: 0.575621, tr_score: 0.722500
va_loss: 0.608662, va_score: 0.690000
te_loss: 0.602535, te_score: 0.710000

time = 5
tr_loss: 0.540368, tr_score: 0.720000
va_loss: 0.580625, va_score: 0.710000
te_loss: 0.543859, te_score: 0.730000

time = 5
tr_loss: 0.587386, tr_score: 0.665000
va_loss: 0.624029, va_score: 0.610000
te_loss: 0.532750, te_score: 0.760000

time = 5
tr_loss: 0.599752, tr_score: 0.697500
va_loss: 0.600290, va_score: 0.730000
te_loss: 0.538684, te_score: 0.740000

time = 5
tr_loss: 0.589883, tr_score: 0.688750
va_loss: 0.524699, va_score: 0.770000
te_loss: 0.600696, te_score: 0.720000

time = 5
tr_loss: 0.542953, tr_score: 0.716250
va_loss: 0.571326, va_score: 0.680000
te_loss: 0.539968, te_score: 0.710000

time = 5
tr_loss: 0.502950, tr_score: 0.757500
va_loss: 0.497747, va_score: 0.730000
te_loss: 0.537748, te_score: 0.720000

time = 5
tr_loss: 0.543802, tr_score: 0.707500
va_loss: 0.543779, va_score: 0.720000
te_loss: 0.525605, te_score: 0.750000

time = 5
tr_loss: 0.603635, tr_score: 0.705000
va_loss: 0.699025, va_score: 0.610000
te_loss: 0.585752, te_score: 0.740000

time = 5
tr_loss: 0.576401, tr_score: 0.732500
va_loss: 0.497492, va_score: 0.800000
te_loss: 0.557414, te_score: 0.780000

time = 5
tr_loss: 0.573482, tr_score: 0.717500
va_loss: 0.509136, va_score: 0.750000
te_loss: 0.573278, te_score: 0.690000

time = 5
tr_loss: 0.588275, tr_score: 0.705000
va_loss: 0.568247, va_score: 0.760000
te_loss: 0.646564, te_score: 0.660000

time = 5
tr_loss: 0.568709, tr_score: 0.715000
va_loss: 0.570558, va_score: 0.730000
te_loss: 0.552879, te_score: 0.700000

time = 5
tr_loss: 0.556710, tr_score: 0.710000
va_loss: 0.490487, va_score: 0.780000
te_loss: 0.627853, te_score: 0.640000

time = 5
tr_loss: 0.598913, tr_score: 0.700000
va_loss: 0.625072, va_score: 0.690000
te_loss: 0.596467, te_score: 0.710000

time = 5
tr_loss: 0.608506, tr_score: 0.692500
va_loss: 0.527086, va_score: 0.780000
te_loss: 0.623011, te_score: 0.680000

time = 5
tr_loss: 0.591088, tr_score: 0.717500
va_loss: 0.584943, va_score: 0.750000
te_loss: 0.683809, te_score: 0.570000

time = 5
tr_loss: 0.579751, tr_score: 0.715000
va_loss: 0.625408, va_score: 0.710000
te_loss: 0.579366, te_score: 0.700000

======================================================
5  Seed:  [1237. 6412. 2121. 6405. 4525. 1302. 1340. 7513. 9914. 1173. 2339. 2687.
 5417. 1769. 4522. 4161. 3470. 2003. 6862. 6659.]
tr_loss: 0.577499, tr_score: 0.709688
va_loss: 0.575916, va_score: 0.718000
te_loss: 0.583021, te_score: 0.706000
time = 6
tr_loss: 0.584464, tr_score: 0.698750
va_loss: 0.586047, va_score: 0.740000
te_loss: 0.561384, te_score: 0.730000

time = 6
tr_loss: 0.601410, tr_score: 0.710000
va_loss: 0.695259, va_score: 0.660000
te_loss: 0.652867, te_score: 0.660000

time = 6
tr_loss: 0.610758, tr_score: 0.701250
va_loss: 0.579690, va_score: 0.720000
te_loss: 0.617206, te_score: 0.680000

time = 6
tr_loss: 0.563042, tr_score: 0.715000
va_loss: 0.574536, va_score: 0.730000
te_loss: 0.583599, te_score: 0.700000

time = 6
tr_loss: 0.558250, tr_score: 0.731250
va_loss: 0.571138, va_score: 0.760000
te_loss: 0.489081, te_score: 0.820000

time = 6
tr_loss: 0.584910, tr_score: 0.726250
va_loss: 0.659937, va_score: 0.660000
te_loss: 0.724765, te_score: 0.620000

time = 6
tr_loss: 0.588125, tr_score: 0.717500
va_loss: 0.612139, va_score: 0.640000
te_loss: 0.507815, te_score: 0.750000

time = 6
tr_loss: 0.570795, tr_score: 0.711250
va_loss: 0.634259, va_score: 0.640000
te_loss: 0.604586, te_score: 0.740000

time = 6
tr_loss: 0.612127, tr_score: 0.703750
va_loss: 0.581776, va_score: 0.760000
te_loss: 0.606745, te_score: 0.710000

time = 6
tr_loss: 0.609311, tr_score: 0.682500
va_loss: 0.614029, va_score: 0.690000
te_loss: 0.660094, te_score: 0.690000

time = 6
tr_loss: 0.597032, tr_score: 0.713750
va_loss: 0.616894, va_score: 0.680000
te_loss: 0.699074, te_score: 0.610000

time = 6
tr_loss: 0.592280, tr_score: 0.706250
va_loss: 0.597283, va_score: 0.690000
te_loss: 0.571836, te_score: 0.680000

time = 6
tr_loss: 0.606892, tr_score: 0.706250
va_loss: 0.561619, va_score: 0.780000
te_loss: 0.618482, te_score: 0.700000

time = 6
tr_loss: 0.571364, tr_score: 0.707500
va_loss: 0.550041, va_score: 0.750000
te_loss: 0.534641, te_score: 0.720000

time = 6
tr_loss: 0.557554, tr_score: 0.713750
va_loss: 0.615736, va_score: 0.680000
te_loss: 0.568985, te_score: 0.680000

time = 6
tr_loss: 0.594057, tr_score: 0.713750
va_loss: 0.630540, va_score: 0.670000
te_loss: 0.591026, te_score: 0.710000

time = 6
tr_loss: 0.595306, tr_score: 0.701250
va_loss: 0.578770, va_score: 0.700000
te_loss: 0.599611, te_score: 0.690000

time = 6
tr_loss: 0.550109, tr_score: 0.726250
va_loss: 0.535261, va_score: 0.790000
te_loss: 0.530799, te_score: 0.740000

time = 6
tr_loss: 0.539382, tr_score: 0.726250
va_loss: 0.557667, va_score: 0.710000
te_loss: 0.558014, te_score: 0.730000

time = 6
tr_loss: 0.567870, tr_score: 0.715000
va_loss: 0.600245, va_score: 0.700000
te_loss: 0.567578, te_score: 0.720000

======================================================
6  Seed:  [7694. 6294. 7622. 3529.   96. 7204. 5217. 3436.  887. 8110. 7803. 3805.
 1114. 2222. 9584. 2008. 1959. 4210.  576. 6097.]
tr_loss: 0.582752, tr_score: 0.711375
va_loss: 0.597643, va_score: 0.707500
te_loss: 0.592409, te_score: 0.704000
time = 7
tr_loss: 0.587136, tr_score: 0.702500
va_loss: 0.591254, va_score: 0.720000
te_loss: 0.535907, te_score: 0.740000

time = 7
tr_loss: 0.594035, tr_score: 0.695000
va_loss: 0.555311, va_score: 0.720000
te_loss: 0.577719, te_score: 0.710000

time = 7
tr_loss: 0.569066, tr_score: 0.698750
va_loss: 0.528003, va_score: 0.730000
te_loss: 0.569561, te_score: 0.750000

time = 7
tr_loss: 0.578434, tr_score: 0.706250
va_loss: 0.569090, va_score: 0.730000
te_loss: 0.560642, te_score: 0.740000

time = 7
tr_loss: 0.582480, tr_score: 0.702500
va_loss: 0.572428, va_score: 0.720000
te_loss: 0.579104, te_score: 0.730000

time = 7
tr_loss: 0.563264, tr_score: 0.738750
va_loss: 0.664196, va_score: 0.620000
te_loss: 0.577488, te_score: 0.720000

time = 7
tr_loss: 0.582258, tr_score: 0.700000
va_loss: 0.634492, va_score: 0.650000
te_loss: 0.550105, te_score: 0.750000

time = 7
tr_loss: 0.571065, tr_score: 0.720000
va_loss: 0.614055, va_score: 0.700000
te_loss: 0.653552, te_score: 0.670000

time = 7
tr_loss: 0.587425, tr_score: 0.717500
va_loss: 0.641426, va_score: 0.710000
te_loss: 0.599684, te_score: 0.650000

time = 7
tr_loss: 0.603623, tr_score: 0.695000
va_loss: 0.606167, va_score: 0.690000
te_loss: 0.586915, te_score: 0.680000

time = 7
tr_loss: 0.618757, tr_score: 0.705000
va_loss: 0.609649, va_score: 0.710000
te_loss: 0.633944, te_score: 0.690000

time = 7
tr_loss: 0.558396, tr_score: 0.718750
va_loss: 0.642165, va_score: 0.650000
te_loss: 0.498644, te_score: 0.750000

time = 7
tr_loss: 0.620711, tr_score: 0.726250
va_loss: 0.680035, va_score: 0.580000
te_loss: 0.642949, te_score: 0.670000

time = 7
tr_loss: 0.596612, tr_score: 0.700000
va_loss: 0.576035, va_score: 0.750000
te_loss: 0.634962, te_score: 0.660000

time = 7
tr_loss: 0.561011, tr_score: 0.708750
va_loss: 0.605376, va_score: 0.720000
te_loss: 0.636633, te_score: 0.670000

time = 7
tr_loss: 0.585980, tr_score: 0.711250
va_loss: 0.658829, va_score: 0.690000
te_loss: 0.545031, te_score: 0.750000

time = 7
tr_loss: 0.556942, tr_score: 0.713750
va_loss: 0.576678, va_score: 0.720000
te_loss: 0.621466, te_score: 0.650000

time = 7
tr_loss: 0.593123, tr_score: 0.721250
va_loss: 0.556832, va_score: 0.770000
te_loss: 0.676252, te_score: 0.640000

time = 7
tr_loss: 0.577068, tr_score: 0.717500
va_loss: 0.587625, va_score: 0.710000
te_loss: 0.582621, te_score: 0.750000

time = 7
tr_loss: 0.627450, tr_score: 0.696250
va_loss: 0.586133, va_score: 0.730000
te_loss: 0.595933, te_score: 0.730000

======================================================
7  Seed:  [ 667. 3641. 1333. 4721. 6871. 9519. 4778.  927. 8338.   13. 3683. 6570.
 1422. 3821. 5722.  599. 3527. 1784. 1921. 2070.]
tr_loss: 0.585742, tr_score: 0.709750
va_loss: 0.602789, va_score: 0.701000
te_loss: 0.592955, te_score: 0.705000
time = 8
tr_loss: 0.581339, tr_score: 0.713750
va_loss: 0.598758, va_score: 0.700000
te_loss: 0.471379, te_score: 0.830000

time = 8
tr_loss: 0.602275, tr_score: 0.730000
va_loss: 0.668002, va_score: 0.620000
te_loss: 0.517943, te_score: 0.780000

time = 8
tr_loss: 0.581756, tr_score: 0.717500
va_loss: 0.612391, va_score: 0.690000
te_loss: 0.540575, te_score: 0.740000

time = 8
tr_loss: 0.533300, tr_score: 0.717500
va_loss: 0.563506, va_score: 0.710000
te_loss: 0.542082, te_score: 0.770000

time = 8
tr_loss: 0.590621, tr_score: 0.687500
va_loss: 0.565153, va_score: 0.730000
te_loss: 0.542281, te_score: 0.740000

time = 8
tr_loss: 0.591591, tr_score: 0.718750
va_loss: 0.641747, va_score: 0.660000
te_loss: 0.612214, te_score: 0.700000

time = 8
tr_loss: 0.560704, tr_score: 0.721250
va_loss: 0.571670, va_score: 0.710000
te_loss: 0.625584, te_score: 0.660000

time = 8
tr_loss: 0.599548, tr_score: 0.692500
va_loss: 0.530209, va_score: 0.770000
te_loss: 0.583106, te_score: 0.710000

time = 8
tr_loss: 0.562417, tr_score: 0.708750
va_loss: 0.596731, va_score: 0.700000
te_loss: 0.509149, te_score: 0.810000

time = 8
tr_loss: 0.558409, tr_score: 0.711250
va_loss: 0.638640, va_score: 0.630000
te_loss: 0.565467, te_score: 0.720000

time = 8
tr_loss: 0.597362, tr_score: 0.652500
va_loss: 0.545212, va_score: 0.720000
te_loss: 0.545012, te_score: 0.680000

time = 8
tr_loss: 0.593024, tr_score: 0.703750
va_loss: 0.566177, va_score: 0.730000
te_loss: 0.646466, te_score: 0.670000

time = 8
tr_loss: 0.592396, tr_score: 0.705000
va_loss: 0.613198, va_score: 0.680000
te_loss: 0.613154, te_score: 0.680000

time = 8
tr_loss: 0.606594, tr_score: 0.697500
va_loss: 0.522829, va_score: 0.800000
te_loss: 0.591133, te_score: 0.720000

time = 8
tr_loss: 0.585128, tr_score: 0.706250
va_loss: 0.544071, va_score: 0.710000
te_loss: 0.557158, te_score: 0.730000

time = 8
tr_loss: 0.573152, tr_score: 0.723750
va_loss: 0.543809, va_score: 0.740000
te_loss: 0.708251, te_score: 0.580000

time = 8
tr_loss: 0.571040, tr_score: 0.711250
va_loss: 0.592473, va_score: 0.670000
te_loss: 0.596580, te_score: 0.680000

time = 8
tr_loss: 0.575140, tr_score: 0.697500
va_loss: 0.544266, va_score: 0.730000
te_loss: 0.572664, te_score: 0.690000

time = 8
tr_loss: 0.572519, tr_score: 0.710000
va_loss: 0.605069, va_score: 0.700000
te_loss: 0.599286, te_score: 0.710000

time = 8
tr_loss: 0.644713, tr_score: 0.645000
va_loss: 0.680202, va_score: 0.600000
te_loss: 0.736090, te_score: 0.550000

======================================================
8  Seed:  [4860. 8426. 6918. 8393. 2977. 1581. 7001.  814. 5947. 4477. 3311. 7270.
 5082. 4712. 7103. 6080. 5821. 8708. 4579. 2324.]
tr_loss: 0.583651, tr_score: 0.703562
va_loss: 0.587206, va_score: 0.700000
te_loss: 0.583779, te_score: 0.707500
time = 9
tr_loss: 0.567680, tr_score: 0.721250
va_loss: 0.546515, va_score: 0.750000
te_loss: 0.576294, te_score: 0.710000

time = 9
tr_loss: 0.595673, tr_score: 0.691250
va_loss: 0.667363, va_score: 0.650000
te_loss: 0.577812, te_score: 0.720000

time = 9
tr_loss: 0.577088, tr_score: 0.731250
va_loss: 0.607125, va_score: 0.720000
te_loss: 0.650244, te_score: 0.670000

time = 9
tr_loss: 0.560909, tr_score: 0.750000
va_loss: 0.612968, va_score: 0.690000
te_loss: 0.632886, te_score: 0.650000

time = 9
tr_loss: 0.569025, tr_score: 0.728750
va_loss: 0.544671, va_score: 0.760000
te_loss: 0.646462, te_score: 0.630000

time = 9
tr_loss: 0.550262, tr_score: 0.726250
va_loss: 0.496732, va_score: 0.760000
te_loss: 0.598414, te_score: 0.660000

time = 9
tr_loss: 0.607146, tr_score: 0.698750
va_loss: 0.572868, va_score: 0.730000
te_loss: 0.573259, te_score: 0.720000

time = 9
tr_loss: 0.588547, tr_score: 0.703750
va_loss: 0.590302, va_score: 0.720000
te_loss: 0.611602, te_score: 0.690000

time = 9
tr_loss: 0.593994, tr_score: 0.693750
va_loss: 0.580641, va_score: 0.720000
te_loss: 0.533300, te_score: 0.730000

time = 9
tr_loss: 0.625009, tr_score: 0.695000
va_loss: 0.652585, va_score: 0.650000
te_loss: 0.605078, te_score: 0.710000

time = 9
tr_loss: 0.570630, tr_score: 0.725000
va_loss: 0.533528, va_score: 0.770000
te_loss: 0.605267, te_score: 0.690000

time = 9
tr_loss: 0.601156, tr_score: 0.691250
va_loss: 0.547462, va_score: 0.760000
te_loss: 0.582878, te_score: 0.740000

time = 9
tr_loss: 0.549095, tr_score: 0.705000
va_loss: 0.587586, va_score: 0.680000
te_loss: 0.516410, te_score: 0.730000

time = 9
tr_loss: 0.585639, tr_score: 0.715000
va_loss: 0.628235, va_score: 0.730000
te_loss: 0.571391, te_score: 0.720000

time = 9
tr_loss: 0.629110, tr_score: 0.716250
va_loss: 0.738373, va_score: 0.620000
te_loss: 0.710795, te_score: 0.680000

time = 9
tr_loss: 0.595255, tr_score: 0.703750
va_loss: 0.559221, va_score: 0.740000
te_loss: 0.562045, te_score: 0.750000

time = 9
tr_loss: 0.580588, tr_score: 0.707500
va_loss: 0.590674, va_score: 0.710000
te_loss: 0.637533, te_score: 0.640000

time = 9
tr_loss: 0.575007, tr_score: 0.716250
va_loss: 0.577939, va_score: 0.680000
te_loss: 0.601034, te_score: 0.670000

time = 9
tr_loss: 0.576103, tr_score: 0.708750
va_loss: 0.586697, va_score: 0.680000
te_loss: 0.572345, te_score: 0.700000

time = 9
tr_loss: 0.585028, tr_score: 0.706250
va_loss: 0.583515, va_score: 0.680000
te_loss: 0.587833, te_score: 0.680000

======================================================
9  Seed:  [9948.  542.  232.  666. 5686. 1955. 6679. 1732. 8003. 9621. 2645. 4622.
 2831. 7236. 6932. 8781. 1798. 9886. 2715. 5559.]
tr_loss: 0.584147, tr_score: 0.711750
va_loss: 0.590250, va_score: 0.710000
te_loss: 0.597644, te_score: 0.694500
time = 10
tr_loss: 0.581425, tr_score: 0.706250
va_loss: 0.572274, va_score: 0.720000
te_loss: 0.547900, te_score: 0.720000

time = 10
tr_loss: 0.601326, tr_score: 0.711250
va_loss: 0.597742, va_score: 0.720000
te_loss: 0.577988, te_score: 0.740000

time = 10
tr_loss: 0.588416, tr_score: 0.700000
va_loss: 0.570733, va_score: 0.740000
te_loss: 0.709752, te_score: 0.610000

time = 10
tr_loss: 0.573507, tr_score: 0.713750
va_loss: 0.539859, va_score: 0.720000
te_loss: 0.552507, te_score: 0.730000

time = 10
tr_loss: 0.581461, tr_score: 0.696250
va_loss: 0.569512, va_score: 0.710000
te_loss: 0.545427, te_score: 0.750000

time = 10
tr_loss: 0.538262, tr_score: 0.730000
va_loss: 0.509234, va_score: 0.750000
te_loss: 0.542659, te_score: 0.740000

time = 10
tr_loss: 0.586493, tr_score: 0.696250
va_loss: 0.541650, va_score: 0.770000
te_loss: 0.542076, te_score: 0.750000

time = 10
tr_loss: 0.699463, tr_score: 0.681250
va_loss: 0.524172, va_score: 0.820000
te_loss: 0.631560, te_score: 0.730000

time = 10
tr_loss: 0.569466, tr_score: 0.722500
va_loss: 0.590232, va_score: 0.700000
te_loss: 0.612184, te_score: 0.680000

time = 10
tr_loss: 0.571784, tr_score: 0.713750
va_loss: 0.548567, va_score: 0.720000
te_loss: 0.555122, te_score: 0.730000

time = 10
tr_loss: 0.511522, tr_score: 0.766250
va_loss: 0.549206, va_score: 0.710000
te_loss: 0.501734, te_score: 0.750000

time = 10
tr_loss: 0.535894, tr_score: 0.725000
va_loss: 0.645657, va_score: 0.680000
te_loss: 0.577965, te_score: 0.730000

time = 10
tr_loss: 0.545343, tr_score: 0.706250
va_loss: 0.558251, va_score: 0.710000
te_loss: 0.577022, te_score: 0.720000

time = 10
tr_loss: 0.591700, tr_score: 0.697500
va_loss: 0.514654, va_score: 0.780000
te_loss: 0.515762, te_score: 0.770000

time = 10
tr_loss: 0.542488, tr_score: 0.730000
va_loss: 0.609373, va_score: 0.650000
te_loss: 0.621574, te_score: 0.670000

time = 10
tr_loss: 0.591042, tr_score: 0.702500
va_loss: 0.571292, va_score: 0.770000
te_loss: 0.545324, te_score: 0.750000

time = 10
tr_loss: 0.587708, tr_score: 0.706250
va_loss: 0.513790, va_score: 0.780000
te_loss: 0.612434, te_score: 0.700000

time = 10
tr_loss: 0.584685, tr_score: 0.710000
va_loss: 0.607985, va_score: 0.660000
te_loss: 0.630007, te_score: 0.700000

time = 10
tr_loss: 0.533973, tr_score: 0.745000
va_loss: 0.538893, va_score: 0.760000
te_loss: 0.575919, te_score: 0.710000

time = 10
tr_loss: 0.596910, tr_score: 0.717500
va_loss: 0.691956, va_score: 0.580000
te_loss: 0.624378, te_score: 0.660000

======================================================
10  Seed:  [9217. 8758. 9318. 9902. 9257. 5433. 4194. 5342. 6064. 1182. 7632. 9724.
 4507. 4141. 7028. 4431.  710. 9505. 6403. 3797.]
tr_loss: 0.575643, tr_score: 0.713875
va_loss: 0.568252, va_score: 0.722500
te_loss: 0.579965, te_score: 0.717000
time = 11
tr_loss: 0.586256, tr_score: 0.713750
va_loss: 0.469379, va_score: 0.830000
te_loss: 0.615925, te_score: 0.670000

time = 11
tr_loss: 0.570277, tr_score: 0.723750
va_loss: 0.614869, va_score: 0.730000
te_loss: 0.638178, te_score: 0.670000

time = 11
tr_loss: 0.585060, tr_score: 0.703750
va_loss: 0.576860, va_score: 0.730000
te_loss: 0.563209, te_score: 0.710000

time = 11
tr_loss: 0.596946, tr_score: 0.711250
va_loss: 0.591564, va_score: 0.710000
te_loss: 0.538404, te_score: 0.740000

time = 11
tr_loss: 0.567363, tr_score: 0.707500
va_loss: 0.643316, va_score: 0.680000
te_loss: 0.583568, te_score: 0.660000

time = 11
tr_loss: 0.556954, tr_score: 0.730000
va_loss: 0.565658, va_score: 0.680000
te_loss: 0.540891, te_score: 0.700000

time = 11
tr_loss: 0.559553, tr_score: 0.722500
va_loss: 0.628677, va_score: 0.650000
te_loss: 0.647782, te_score: 0.660000

time = 11
tr_loss: 0.613725, tr_score: 0.697500
va_loss: 0.523757, va_score: 0.780000
te_loss: 0.618209, te_score: 0.690000

time = 11
tr_loss: 0.574711, tr_score: 0.707500
va_loss: 0.611652, va_score: 0.680000
te_loss: 0.599334, te_score: 0.680000

time = 11
tr_loss: 0.550139, tr_score: 0.733750
va_loss: 0.615954, va_score: 0.650000
te_loss: 0.581236, te_score: 0.700000

time = 11
tr_loss: 0.561424, tr_score: 0.708750
va_loss: 0.574458, va_score: 0.690000
te_loss: 0.509032, te_score: 0.780000

time = 11
tr_loss: 0.590359, tr_score: 0.721250
va_loss: 0.652143, va_score: 0.650000
te_loss: 0.710720, te_score: 0.580000

time = 11
tr_loss: 0.550007, tr_score: 0.728750
va_loss: 0.572654, va_score: 0.720000
te_loss: 0.604255, te_score: 0.700000

time = 11
tr_loss: 0.570798, tr_score: 0.705000
va_loss: 0.516986, va_score: 0.710000
te_loss: 0.643432, te_score: 0.620000

time = 11
tr_loss: 0.575405, tr_score: 0.703750
va_loss: 0.579388, va_score: 0.700000
te_loss: 0.620055, te_score: 0.670000

time = 11
tr_loss: 0.516287, tr_score: 0.735000
va_loss: 0.584987, va_score: 0.650000
te_loss: 0.523564, te_score: 0.760000

time = 11
tr_loss: 0.599646, tr_score: 0.702500
va_loss: 0.555017, va_score: 0.750000
te_loss: 0.639130, te_score: 0.680000

time = 11
tr_loss: 0.559569, tr_score: 0.706250
va_loss: 0.565804, va_score: 0.710000
te_loss: 0.625597, te_score: 0.650000

time = 11
tr_loss: 0.610923, tr_score: 0.706250
va_loss: 0.592759, va_score: 0.730000
te_loss: 0.685210, te_score: 0.630000

time = 11
tr_loss: 0.588418, tr_score: 0.715000
va_loss: 0.550452, va_score: 0.780000
te_loss: 0.643182, te_score: 0.660000

======================================================
11  Seed:  [ 276. 7096. 7576. 7225. 8005. 7496. 1258. 6191. 8489. 5152. 4572. 4247.
 5941. 8136.  978. 3169. 6643. 4121. 8439. 9382.]
tr_loss: 0.574191, tr_score: 0.714188
va_loss: 0.579317, va_score: 0.710500
te_loss: 0.606546, te_score: 0.680500
time = 12
tr_loss: 0.570045, tr_score: 0.705000
va_loss: 0.576810, va_score: 0.730000
te_loss: 0.530471, te_score: 0.760000

time = 12
tr_loss: 0.601624, tr_score: 0.703750
va_loss: 0.647949, va_score: 0.660000
te_loss: 0.574126, te_score: 0.750000

time = 12
tr_loss: 0.522266, tr_score: 0.758750
va_loss: 0.572990, va_score: 0.680000
te_loss: 0.590635, te_score: 0.700000

time = 12
tr_loss: 0.569460, tr_score: 0.732500
va_loss: 0.624940, va_score: 0.690000
te_loss: 0.746565, te_score: 0.600000

time = 12
tr_loss: 0.515214, tr_score: 0.745000
va_loss: 0.569318, va_score: 0.710000
te_loss: 0.607305, te_score: 0.680000

time = 12
tr_loss: 0.561585, tr_score: 0.708750
va_loss: 0.617432, va_score: 0.700000
te_loss: 0.585747, te_score: 0.710000

time = 12
tr_loss: 0.575340, tr_score: 0.730000
va_loss: 0.667700, va_score: 0.630000
te_loss: 0.663455, te_score: 0.640000

time = 12
tr_loss: 0.566019, tr_score: 0.715000
va_loss: 0.601015, va_score: 0.690000
te_loss: 0.584823, te_score: 0.680000

time = 12
tr_loss: 0.536958, tr_score: 0.730000
va_loss: 0.547729, va_score: 0.710000
te_loss: 0.587591, te_score: 0.700000

time = 12
tr_loss: 0.579844, tr_score: 0.711250
va_loss: 0.661071, va_score: 0.660000
te_loss: 0.623279, te_score: 0.660000

time = 12
tr_loss: 0.592549, tr_score: 0.722500
va_loss: 0.589921, va_score: 0.730000
te_loss: 0.649293, te_score: 0.640000

time = 12
tr_loss: 0.580191, tr_score: 0.697500
va_loss: 0.525330, va_score: 0.750000
te_loss: 0.574554, te_score: 0.680000

time = 12
tr_loss: 0.526517, tr_score: 0.738750
va_loss: 0.577488, va_score: 0.660000
te_loss: 0.585038, te_score: 0.710000

time = 12
tr_loss: 0.602899, tr_score: 0.690000
va_loss: 0.573709, va_score: 0.740000
te_loss: 0.569065, te_score: 0.740000

time = 12
tr_loss: 0.582990, tr_score: 0.725000
va_loss: 0.576096, va_score: 0.720000
te_loss: 0.608234, te_score: 0.710000

time = 12
tr_loss: 0.543650, tr_score: 0.732500
va_loss: 0.600769, va_score: 0.720000
te_loss: 0.590696, te_score: 0.710000

time = 12
tr_loss: 0.571553, tr_score: 0.711250
va_loss: 0.677736, va_score: 0.640000
te_loss: 0.513863, te_score: 0.770000

time = 12
tr_loss: 0.594277, tr_score: 0.711250
va_loss: 0.596996, va_score: 0.710000
te_loss: 0.575542, te_score: 0.720000

time = 12
tr_loss: 0.553626, tr_score: 0.716250
va_loss: 0.598494, va_score: 0.720000
te_loss: 0.587420, te_score: 0.740000

time = 12
tr_loss: 0.551667, tr_score: 0.721250
va_loss: 0.650838, va_score: 0.640000
te_loss: 0.582897, te_score: 0.670000

======================================================
12  Seed:  [5995. 5359. 4959. 8841. 2084. 6283. 5803. 5547. 5856. 6466. 1029. 9406.
 1119. 6504. 6270.   89. 4601. 8528. 5236. 3309.]
tr_loss: 0.564914, tr_score: 0.720313
va_loss: 0.602717, va_score: 0.694500
te_loss: 0.596530, te_score: 0.698500
time = 13
tr_loss: 0.614580, tr_score: 0.697500
va_loss: 0.632315, va_score: 0.690000
te_loss: 0.586594, te_score: 0.730000

time = 13
tr_loss: 0.540536, tr_score: 0.731250
va_loss: 0.492900, va_score: 0.760000
te_loss: 0.516760, te_score: 0.760000

time = 13
tr_loss: 0.538941, tr_score: 0.746250
va_loss: 0.534749, va_score: 0.750000
te_loss: 0.757003, te_score: 0.560000

time = 13
tr_loss: 0.582719, tr_score: 0.703750
va_loss: 0.644413, va_score: 0.660000
te_loss: 0.563653, te_score: 0.750000

time = 13
tr_loss: 0.583927, tr_score: 0.707500
va_loss: 0.579455, va_score: 0.730000
te_loss: 0.603480, te_score: 0.690000

time = 13
tr_loss: 0.567456, tr_score: 0.707500
va_loss: 0.638784, va_score: 0.660000
te_loss: 0.612189, te_score: 0.680000

time = 13
tr_loss: 0.481473, tr_score: 0.771250
va_loss: 0.526252, va_score: 0.750000
te_loss: 0.535859, te_score: 0.730000

time = 13
tr_loss: 0.600794, tr_score: 0.708750
va_loss: 0.608448, va_score: 0.710000
te_loss: 0.613496, te_score: 0.710000

time = 13
tr_loss: 0.525547, tr_score: 0.745000
va_loss: 0.521668, va_score: 0.730000
te_loss: 0.490474, te_score: 0.770000

time = 13
tr_loss: 0.570842, tr_score: 0.721250
va_loss: 0.681775, va_score: 0.610000
te_loss: 0.529960, te_score: 0.780000

time = 13
tr_loss: 0.533334, tr_score: 0.736250
va_loss: 0.619746, va_score: 0.690000
te_loss: 0.660614, te_score: 0.620000

time = 13
tr_loss: 0.583864, tr_score: 0.702500
va_loss: 0.592648, va_score: 0.700000
te_loss: 0.597329, te_score: 0.690000

time = 13
tr_loss: 0.588875, tr_score: 0.707500
va_loss: 0.605061, va_score: 0.680000
te_loss: 0.564682, te_score: 0.690000

time = 13
tr_loss: 0.526598, tr_score: 0.718750
va_loss: 0.501897, va_score: 0.790000
te_loss: 0.547723, te_score: 0.730000

time = 13
tr_loss: 0.568961, tr_score: 0.700000
va_loss: 0.525285, va_score: 0.750000
te_loss: 0.511568, te_score: 0.780000

time = 13
tr_loss: 0.586941, tr_score: 0.718750
va_loss: 0.594693, va_score: 0.700000
te_loss: 0.609664, te_score: 0.690000

time = 13
tr_loss: 0.582543, tr_score: 0.717500
va_loss: 0.563050, va_score: 0.730000
te_loss: 0.688333, te_score: 0.620000

time = 13
tr_loss: 0.592973, tr_score: 0.701250
va_loss: 0.536774, va_score: 0.760000
te_loss: 0.559564, te_score: 0.730000

time = 13
tr_loss: 0.590609, tr_score: 0.703750
va_loss: 0.507875, va_score: 0.790000
te_loss: 0.616166, te_score: 0.680000

time = 13
tr_loss: 0.577412, tr_score: 0.705000
va_loss: 0.570900, va_score: 0.720000
te_loss: 0.528002, te_score: 0.770000

======================================================
13  Seed:  [3706. 3756. 2533. 6590. 1761. 5957. 4965. 8699. 1302.  214. 1426. 3422.
 9979.   35. 8073. 6183. 7853. 8174. 4923.  725.]
tr_loss: 0.566946, tr_score: 0.717562
va_loss: 0.573934, va_score: 0.718000
te_loss: 0.584656, te_score: 0.708000
time = 14
tr_loss: 0.548665, tr_score: 0.713750
va_loss: 0.603060, va_score: 0.690000
te_loss: 0.557841, te_score: 0.700000

time = 14
tr_loss: 0.587551, tr_score: 0.711250
va_loss: 0.613161, va_score: 0.700000
te_loss: 0.620519, te_score: 0.670000

time = 14
tr_loss: 0.568896, tr_score: 0.716250
va_loss: 0.544580, va_score: 0.730000
te_loss: 0.570109, te_score: 0.710000

time = 14
tr_loss: 0.532943, tr_score: 0.726250
va_loss: 0.530636, va_score: 0.740000
te_loss: 0.511773, te_score: 0.770000

time = 14
tr_loss: 0.581221, tr_score: 0.725000
va_loss: 0.616881, va_score: 0.680000
te_loss: 0.627961, te_score: 0.700000

time = 14
tr_loss: 0.564841, tr_score: 0.705000
va_loss: 0.525097, va_score: 0.760000
te_loss: 0.649901, te_score: 0.640000

time = 14
tr_loss: 0.605468, tr_score: 0.692500
va_loss: 0.523924, va_score: 0.800000
te_loss: 0.636715, te_score: 0.670000

time = 14
tr_loss: 0.552555, tr_score: 0.712500
va_loss: 0.592450, va_score: 0.640000
te_loss: 0.560687, te_score: 0.740000

time = 14
tr_loss: 0.583761, tr_score: 0.700000
va_loss: 0.561742, va_score: 0.740000
te_loss: 0.570813, te_score: 0.710000

time = 14
tr_loss: 0.616846, tr_score: 0.696250
va_loss: 0.529604, va_score: 0.770000
te_loss: 0.725395, te_score: 0.630000

time = 14
tr_loss: 0.587514, tr_score: 0.697500
va_loss: 0.498662, va_score: 0.770000
te_loss: 0.535325, te_score: 0.760000

time = 14
tr_loss: 0.600032, tr_score: 0.711250
va_loss: 0.578776, va_score: 0.720000
te_loss: 0.614259, te_score: 0.710000

time = 14
tr_loss: 0.598190, tr_score: 0.688750
va_loss: 0.547121, va_score: 0.750000
te_loss: 0.604948, te_score: 0.690000

time = 14
tr_loss: 0.605898, tr_score: 0.707500
va_loss: 0.590377, va_score: 0.720000
te_loss: 0.606494, te_score: 0.710000

time = 14
tr_loss: 0.589337, tr_score: 0.702500
va_loss: 0.645466, va_score: 0.640000
te_loss: 0.638409, te_score: 0.620000

time = 14
tr_loss: 0.585247, tr_score: 0.701250
va_loss: 0.544964, va_score: 0.740000
te_loss: 0.568423, te_score: 0.700000

time = 14
tr_loss: 0.567006, tr_score: 0.703750
va_loss: 0.526482, va_score: 0.750000
te_loss: 0.617937, te_score: 0.650000

time = 14
tr_loss: 0.602380, tr_score: 0.707500
va_loss: 0.615261, va_score: 0.680000
te_loss: 0.603414, te_score: 0.700000

time = 14
tr_loss: 0.556821, tr_score: 0.721250
va_loss: 0.600975, va_score: 0.710000
te_loss: 0.610299, te_score: 0.690000

time = 14
tr_loss: 0.553437, tr_score: 0.721250
va_loss: 0.583002, va_score: 0.660000
te_loss: 0.504889, te_score: 0.730000

======================================================
14  Seed:  [6736. 9332. 4026. 8791. 2185. 8095. 4925. 3877. 8332. 6847. 5871. 5004.
 2796. 4961. 1467. 7787. 3868. 5255. 9307. 9073.]
tr_loss: 0.579430, tr_score: 0.708062
va_loss: 0.568611, va_score: 0.719500
te_loss: 0.596806, te_score: 0.695000
time = 15
tr_loss: 0.501481, tr_score: 0.765000
va_loss: 0.503719, va_score: 0.760000
te_loss: 0.519219, te_score: 0.750000

time = 15
tr_loss: 0.570210, tr_score: 0.711250
va_loss: 0.567764, va_score: 0.760000
te_loss: 0.532570, te_score: 0.760000

time = 15
tr_loss: 0.571957, tr_score: 0.731250
va_loss: 0.600688, va_score: 0.700000
te_loss: 0.589738, te_score: 0.710000

time = 15
tr_loss: 0.569510, tr_score: 0.720000
va_loss: 0.487366, va_score: 0.760000
te_loss: 0.594261, te_score: 0.640000

time = 15
tr_loss: 0.560586, tr_score: 0.721250
va_loss: 0.534832, va_score: 0.730000
te_loss: 0.560723, te_score: 0.690000

time = 15
tr_loss: 0.587334, tr_score: 0.711250
va_loss: 0.644070, va_score: 0.660000
te_loss: 0.614745, te_score: 0.690000

time = 15
tr_loss: 0.599799, tr_score: 0.702500
va_loss: 0.623079, va_score: 0.660000
te_loss: 0.571009, te_score: 0.750000

time = 15
tr_loss: 0.576850, tr_score: 0.715000
va_loss: 0.552678, va_score: 0.740000
te_loss: 0.592458, te_score: 0.670000

time = 15
tr_loss: 0.582107, tr_score: 0.721250
va_loss: 0.552786, va_score: 0.750000
te_loss: 0.508499, te_score: 0.780000

time = 15
tr_loss: 0.563187, tr_score: 0.735000
va_loss: 0.621370, va_score: 0.680000
te_loss: 0.557786, te_score: 0.710000

time = 15
tr_loss: 0.568930, tr_score: 0.696250
va_loss: 0.536100, va_score: 0.750000
te_loss: 0.549700, te_score: 0.720000

time = 15
tr_loss: 0.603484, tr_score: 0.702500
va_loss: 0.600389, va_score: 0.700000
te_loss: 0.685243, te_score: 0.680000

time = 15
tr_loss: 0.541796, tr_score: 0.707500
va_loss: 0.520795, va_score: 0.740000
te_loss: 0.579442, te_score: 0.690000

time = 15
tr_loss: 0.572571, tr_score: 0.710000
va_loss: 0.600838, va_score: 0.650000
te_loss: 0.556148, te_score: 0.690000

time = 15
tr_loss: 0.550519, tr_score: 0.730000
va_loss: 0.559243, va_score: 0.730000
te_loss: 0.588831, te_score: 0.700000

time = 15
tr_loss: 0.557103, tr_score: 0.722500
va_loss: 0.663458, va_score: 0.670000
te_loss: 0.625848, te_score: 0.670000

time = 15
tr_loss: 0.577831, tr_score: 0.696250
va_loss: 0.552436, va_score: 0.760000
te_loss: 0.621597, te_score: 0.670000

time = 15
tr_loss: 0.499045, tr_score: 0.775000
va_loss: 0.583014, va_score: 0.690000
te_loss: 0.548569, te_score: 0.730000

time = 15
tr_loss: 0.536409, tr_score: 0.720000
va_loss: 0.505719, va_score: 0.780000
te_loss: 0.556295, te_score: 0.730000

time = 15
tr_loss: 0.514794, tr_score: 0.751250
va_loss: 0.518537, va_score: 0.740000
te_loss: 0.521212, te_score: 0.770000

======================================================
15  Seed:  [ 879. 4612.  287.  491. 3659. 8251. 7507. 1140. 3507. 4318. 9716. 8900.
 3870. 2555. 7340. 8792.  757. 6674. 3143.  691.]
tr_loss: 0.560275, tr_score: 0.722250
va_loss: 0.566444, va_score: 0.720500
te_loss: 0.573695, te_score: 0.710000
time = 16
tr_loss: 0.644232, tr_score: 0.696250
va_loss: 0.585675, va_score: 0.740000
te_loss: 0.634941, te_score: 0.700000

time = 16
tr_loss: 0.551855, tr_score: 0.730000
va_loss: 0.519376, va_score: 0.770000
te_loss: 0.705679, te_score: 0.580000

time = 16
tr_loss: 0.557695, tr_score: 0.713750
va_loss: 0.564156, va_score: 0.730000
te_loss: 0.607048, te_score: 0.730000

time = 16
tr_loss: 0.581153, tr_score: 0.698750
va_loss: 0.586817, va_score: 0.680000
te_loss: 0.564608, te_score: 0.730000

time = 16
tr_loss: 0.578858, tr_score: 0.705000
va_loss: 0.538982, va_score: 0.750000
te_loss: 0.584391, te_score: 0.710000

time = 16
tr_loss: 0.588262, tr_score: 0.706250
va_loss: 0.593559, va_score: 0.700000
te_loss: 0.642847, te_score: 0.660000

time = 16
tr_loss: 0.561769, tr_score: 0.711250
va_loss: 0.558614, va_score: 0.720000
te_loss: 0.531969, te_score: 0.730000

time = 16
tr_loss: 0.585928, tr_score: 0.718750
va_loss: 0.609688, va_score: 0.700000
te_loss: 0.627353, te_score: 0.680000

time = 16
tr_loss: 0.588198, tr_score: 0.695000
va_loss: 0.576469, va_score: 0.740000
te_loss: 0.547287, te_score: 0.770000

time = 16
tr_loss: 0.588412, tr_score: 0.721250
va_loss: 0.671592, va_score: 0.650000
te_loss: 0.681893, te_score: 0.630000

time = 16
tr_loss: 0.572410, tr_score: 0.718750
va_loss: 0.581231, va_score: 0.720000
te_loss: 0.585220, te_score: 0.690000

time = 16
tr_loss: 0.552109, tr_score: 0.707500
va_loss: 0.601425, va_score: 0.680000
te_loss: 0.613497, te_score: 0.660000

time = 16
tr_loss: 0.585800, tr_score: 0.703750
va_loss: 0.668311, va_score: 0.660000
te_loss: 0.568761, te_score: 0.720000

time = 16
tr_loss: 0.602765, tr_score: 0.687500
va_loss: 0.553705, va_score: 0.760000
te_loss: 0.551080, te_score: 0.750000

time = 16
tr_loss: 0.542052, tr_score: 0.725000
va_loss: 0.495646, va_score: 0.790000
te_loss: 0.532133, te_score: 0.770000

time = 16
tr_loss: 0.593827, tr_score: 0.712500
va_loss: 0.661232, va_score: 0.640000
te_loss: 0.594003, te_score: 0.710000

time = 16
tr_loss: 0.611349, tr_score: 0.697500
va_loss: 0.592086, va_score: 0.730000
te_loss: 0.623430, te_score: 0.670000

time = 16
tr_loss: 0.590087, tr_score: 0.702500
va_loss: 0.689534, va_score: 0.640000
te_loss: 0.584908, te_score: 0.710000

time = 16
tr_loss: 0.592891, tr_score: 0.702500
va_loss: 0.501827, va_score: 0.800000
te_loss: 0.636138, te_score: 0.650000

time = 16
tr_loss: 0.598744, tr_score: 0.701250
va_loss: 0.648612, va_score: 0.690000
te_loss: 0.585026, te_score: 0.750000

======================================================
16  Seed:  [9082. 6878.  978. 6918.   35. 3547.  812. 1562. 5243. 8191. 5330. 4602.
 2929. 4830.  303. 9956. 3156. 7475. 4637.  734.]
tr_loss: 0.583420, tr_score: 0.707750
va_loss: 0.589927, va_score: 0.714500
te_loss: 0.600111, te_score: 0.700000
time = 17
tr_loss: 0.604158, tr_score: 0.716250
va_loss: 0.657074, va_score: 0.680000
te_loss: 0.624202, te_score: 0.700000

time = 17
tr_loss: 0.590103, tr_score: 0.715000
va_loss: 0.611577, va_score: 0.660000
te_loss: 0.583553, te_score: 0.740000

time = 17
tr_loss: 0.573513, tr_score: 0.722500
va_loss: 0.642968, va_score: 0.660000
te_loss: 0.609538, te_score: 0.670000

time = 17
tr_loss: 0.580327, tr_score: 0.727500
va_loss: 0.639887, va_score: 0.700000
te_loss: 0.598534, te_score: 0.720000

time = 17
tr_loss: 0.582130, tr_score: 0.702500
va_loss: 0.528641, va_score: 0.770000
te_loss: 0.545203, te_score: 0.720000

time = 17
tr_loss: 0.555696, tr_score: 0.712500
va_loss: 0.577805, va_score: 0.700000
te_loss: 0.600225, te_score: 0.660000

time = 17
tr_loss: 0.564727, tr_score: 0.722500
va_loss: 0.624688, va_score: 0.630000
te_loss: 0.595536, te_score: 0.690000

time = 17
tr_loss: 0.575775, tr_score: 0.715000
va_loss: 0.631811, va_score: 0.670000
te_loss: 0.698398, te_score: 0.610000

time = 17
tr_loss: 0.564312, tr_score: 0.703750
va_loss: 0.588547, va_score: 0.700000
te_loss: 0.517034, te_score: 0.750000

time = 17
tr_loss: 0.538798, tr_score: 0.731250
va_loss: 0.568357, va_score: 0.740000
te_loss: 0.617036, te_score: 0.650000

time = 17
tr_loss: 0.589196, tr_score: 0.706250
va_loss: 0.627888, va_score: 0.690000
te_loss: 0.633297, te_score: 0.670000

time = 17
tr_loss: 0.595950, tr_score: 0.715000
va_loss: 0.601677, va_score: 0.710000
te_loss: 0.616663, te_score: 0.690000

time = 17
tr_loss: 0.573555, tr_score: 0.723750
va_loss: 0.565601, va_score: 0.730000
te_loss: 0.560381, te_score: 0.740000

time = 17
tr_loss: 0.620133, tr_score: 0.682500
va_loss: 0.571087, va_score: 0.750000
te_loss: 0.542802, te_score: 0.760000

time = 17
tr_loss: 0.553635, tr_score: 0.727500
va_loss: 0.646544, va_score: 0.630000
te_loss: 0.586532, te_score: 0.690000

time = 17
tr_loss: 0.591516, tr_score: 0.716250
va_loss: 0.570760, va_score: 0.740000
te_loss: 0.605310, te_score: 0.670000

time = 17
tr_loss: 0.573836, tr_score: 0.717500
va_loss: 0.702063, va_score: 0.600000
te_loss: 0.561557, te_score: 0.730000

time = 17
tr_loss: 0.606407, tr_score: 0.695000
va_loss: 0.588922, va_score: 0.670000
te_loss: 0.596028, te_score: 0.680000

time = 17
tr_loss: 0.562418, tr_score: 0.713750
va_loss: 0.528618, va_score: 0.740000
te_loss: 0.594625, te_score: 0.670000

time = 17
tr_loss: 0.596461, tr_score: 0.702500
va_loss: 0.556527, va_score: 0.710000
te_loss: 0.624456, te_score: 0.680000

======================================================
17  Seed:  [9997. 6891. 7283.  296. 4194.  627. 9187. 9699.  412. 3964. 5059. 1882.
 6859. 7098. 9012. 6459. 3018. 8410. 9321. 1260.]
tr_loss: 0.579632, tr_score: 0.713438
va_loss: 0.601552, va_score: 0.694000
te_loss: 0.595546, te_score: 0.694500
time = 18
tr_loss: 0.590496, tr_score: 0.708750
va_loss: 0.617902, va_score: 0.680000
te_loss: 0.571827, te_score: 0.730000

time = 18
tr_loss: 0.561385, tr_score: 0.712500
va_loss: 0.539838, va_score: 0.720000
te_loss: 0.523158, te_score: 0.770000

time = 18
tr_loss: 0.558417, tr_score: 0.718750
va_loss: 0.531091, va_score: 0.770000
te_loss: 0.623735, te_score: 0.610000

time = 18
tr_loss: 0.597062, tr_score: 0.710000
va_loss: 0.577810, va_score: 0.750000
te_loss: 0.562047, te_score: 0.740000

time = 18
tr_loss: 0.621042, tr_score: 0.702500
va_loss: 0.602526, va_score: 0.670000
te_loss: 0.536992, te_score: 0.760000

time = 18
tr_loss: 0.591337, tr_score: 0.695000
va_loss: 0.577626, va_score: 0.710000
te_loss: 0.566013, te_score: 0.740000

time = 18
tr_loss: 0.608251, tr_score: 0.702500
va_loss: 0.658067, va_score: 0.640000
te_loss: 0.573993, te_score: 0.750000

time = 18
tr_loss: 0.569187, tr_score: 0.715000
va_loss: 0.603275, va_score: 0.700000
te_loss: 0.685214, te_score: 0.580000

time = 18
tr_loss: 0.563059, tr_score: 0.711250
va_loss: 0.536228, va_score: 0.740000
te_loss: 0.567315, te_score: 0.720000

time = 18
tr_loss: 0.580256, tr_score: 0.711250
va_loss: 0.577244, va_score: 0.690000
te_loss: 0.621501, te_score: 0.680000

time = 18
tr_loss: 0.579807, tr_score: 0.720000
va_loss: 0.674783, va_score: 0.660000
te_loss: 0.534148, te_score: 0.750000

time = 18
tr_loss: 0.591495, tr_score: 0.717500
va_loss: 0.589071, va_score: 0.720000
te_loss: 0.605716, te_score: 0.710000

time = 18
tr_loss: 0.599980, tr_score: 0.710000
va_loss: 0.644076, va_score: 0.690000
te_loss: 0.601402, te_score: 0.720000

time = 18
tr_loss: 0.573221, tr_score: 0.710000
va_loss: 0.576033, va_score: 0.730000
te_loss: 0.548847, te_score: 0.730000

time = 18
tr_loss: 0.541807, tr_score: 0.696250
va_loss: 0.545406, va_score: 0.700000
te_loss: 0.527524, te_score: 0.720000

time = 18
tr_loss: 0.591136, tr_score: 0.657500
va_loss: 0.531419, va_score: 0.730000
te_loss: 0.502261, te_score: 0.780000

time = 18
tr_loss: 0.532736, tr_score: 0.755000
va_loss: 0.568774, va_score: 0.710000
te_loss: 0.520611, te_score: 0.750000

time = 18
tr_loss: 0.578641, tr_score: 0.713750
va_loss: 0.570637, va_score: 0.720000
te_loss: 0.662450, te_score: 0.650000

time = 18
tr_loss: 0.592491, tr_score: 0.698750
va_loss: 0.559980, va_score: 0.760000
te_loss: 0.621867, te_score: 0.650000

time = 18
tr_loss: 0.597572, tr_score: 0.713750
va_loss: 0.595909, va_score: 0.720000
te_loss: 0.622403, te_score: 0.650000

======================================================
18  Seed:  [ 873. 4207. 9606. 9170. 6333. 9407. 8590.  438. 6112. 2282. 5826. 4132.
 5788. 3773.  899. 1544. 7119. 3120. 1138. 3253.]
tr_loss: 0.580969, tr_score: 0.709000
va_loss: 0.583885, va_score: 0.710500
te_loss: 0.578951, te_score: 0.709500
time = 19
tr_loss: 0.546777, tr_score: 0.726250
va_loss: 0.644449, va_score: 0.670000
te_loss: 0.620868, te_score: 0.660000

time = 19
tr_loss: 0.543707, tr_score: 0.736250
va_loss: 0.557322, va_score: 0.700000
te_loss: 0.593057, te_score: 0.690000

time = 19
tr_loss: 0.575439, tr_score: 0.698750
va_loss: 0.507885, va_score: 0.800000
te_loss: 0.587697, te_score: 0.740000

time = 19
tr_loss: 0.516909, tr_score: 0.753750
va_loss: 0.534676, va_score: 0.730000
te_loss: 0.587735, te_score: 0.720000

time = 19
tr_loss: 0.600024, tr_score: 0.671250
va_loss: 0.582104, va_score: 0.670000
te_loss: 0.533139, te_score: 0.730000

time = 19
tr_loss: 0.550295, tr_score: 0.715000
va_loss: 0.597243, va_score: 0.680000
te_loss: 0.615990, te_score: 0.690000

time = 19
tr_loss: 0.603832, tr_score: 0.707500
va_loss: 0.583466, va_score: 0.720000
te_loss: 0.586721, te_score: 0.690000

time = 19
tr_loss: 0.548096, tr_score: 0.727500
va_loss: 0.617215, va_score: 0.700000
te_loss: 0.614380, te_score: 0.700000

time = 19
tr_loss: 0.565872, tr_score: 0.696250
va_loss: 0.604706, va_score: 0.690000
te_loss: 0.561037, te_score: 0.740000

time = 19
tr_loss: 0.581309, tr_score: 0.707500
va_loss: 0.620568, va_score: 0.680000
te_loss: 0.620570, te_score: 0.700000

time = 19
tr_loss: 0.589121, tr_score: 0.703750
va_loss: 0.610069, va_score: 0.700000
te_loss: 0.621384, te_score: 0.670000

time = 19
tr_loss: 0.587125, tr_score: 0.697500
va_loss: 0.602607, va_score: 0.680000
te_loss: 0.589524, te_score: 0.690000

time = 19
tr_loss: 0.556478, tr_score: 0.712500
va_loss: 0.600908, va_score: 0.670000
te_loss: 0.648183, te_score: 0.660000

time = 19
tr_loss: 0.581613, tr_score: 0.701250
va_loss: 0.562912, va_score: 0.710000
te_loss: 0.642328, te_score: 0.650000

time = 19
tr_loss: 0.588062, tr_score: 0.695000
va_loss: 0.582641, va_score: 0.680000
te_loss: 0.520924, te_score: 0.730000

time = 19
tr_loss: 0.574943, tr_score: 0.722500
va_loss: 0.546657, va_score: 0.750000
te_loss: 0.557814, te_score: 0.720000

time = 19
tr_loss: 0.524310, tr_score: 0.731250
va_loss: 0.552910, va_score: 0.710000
te_loss: 0.585705, te_score: 0.700000

time = 19
tr_loss: 0.564164, tr_score: 0.721250
va_loss: 0.610818, va_score: 0.660000
te_loss: 0.520280, te_score: 0.750000

time = 19
tr_loss: 0.543643, tr_score: 0.708750
va_loss: 0.511554, va_score: 0.740000
te_loss: 0.558597, te_score: 0.730000

time = 19
tr_loss: 0.580581, tr_score: 0.707500
va_loss: 0.645842, va_score: 0.630000
te_loss: 0.521453, te_score: 0.750000

======================================================
19  Seed:  [3709. 6253. 7969. 4492. 4878.  212. 2129. 7387.  610. 9877. 6936. 8416.
 1824. 6324. 9841. 5493. 7619. 7977.  518. 1963.]
tr_loss: 0.566115, tr_score: 0.712062
va_loss: 0.583828, va_score: 0.698500
te_loss: 0.584369, te_score: 0.705500
time = 20
tr_loss: 0.592632, tr_score: 0.708750
va_loss: 0.585399, va_score: 0.690000
te_loss: 0.601523, te_score: 0.730000

time = 20
tr_loss: 0.619248, tr_score: 0.692500
va_loss: 0.571995, va_score: 0.750000
te_loss: 0.604541, te_score: 0.710000

time = 20
tr_loss: 0.578746, tr_score: 0.703750
va_loss: 0.598682, va_score: 0.700000
te_loss: 0.618893, te_score: 0.690000

time = 20
tr_loss: 0.570498, tr_score: 0.712500
va_loss: 0.634445, va_score: 0.660000
te_loss: 0.505991, te_score: 0.800000

time = 20
tr_loss: 0.585645, tr_score: 0.720000
va_loss: 0.674599, va_score: 0.620000
te_loss: 0.595213, te_score: 0.700000

time = 20
tr_loss: 0.572001, tr_score: 0.716250
va_loss: 0.542833, va_score: 0.740000
te_loss: 0.590707, te_score: 0.710000

time = 20
tr_loss: 0.557846, tr_score: 0.725000
va_loss: 0.526543, va_score: 0.760000
te_loss: 0.564415, te_score: 0.730000

time = 20
tr_loss: 0.594160, tr_score: 0.697500
va_loss: 0.655512, va_score: 0.640000
te_loss: 0.568598, te_score: 0.730000

time = 20
tr_loss: 0.554372, tr_score: 0.711250
va_loss: 0.585229, va_score: 0.720000
te_loss: 0.514953, te_score: 0.770000

time = 20
tr_loss: 0.593455, tr_score: 0.701250
va_loss: 0.520577, va_score: 0.780000
te_loss: 0.551854, te_score: 0.740000

time = 20
tr_loss: 0.590258, tr_score: 0.713750
va_loss: 0.620604, va_score: 0.710000
te_loss: 0.552476, te_score: 0.730000

time = 20
tr_loss: 0.576643, tr_score: 0.715000
va_loss: 0.574346, va_score: 0.740000
te_loss: 0.557951, te_score: 0.760000

time = 20
tr_loss: 0.605729, tr_score: 0.696250
va_loss: 0.539530, va_score: 0.760000
te_loss: 0.644827, te_score: 0.680000

time = 20
tr_loss: 0.545999, tr_score: 0.717500
va_loss: 0.590235, va_score: 0.680000
te_loss: 0.555425, te_score: 0.700000

time = 20
tr_loss: 0.578056, tr_score: 0.703750
va_loss: 0.568103, va_score: 0.710000
te_loss: 0.610922, te_score: 0.680000

time = 20
tr_loss: 0.577207, tr_score: 0.715000
va_loss: 0.645074, va_score: 0.650000
te_loss: 0.609270, te_score: 0.690000

time = 20
tr_loss: 0.569488, tr_score: 0.698750
va_loss: 0.569428, va_score: 0.700000
te_loss: 0.566524, te_score: 0.730000

time = 20
tr_loss: 0.591754, tr_score: 0.702500
va_loss: 0.600568, va_score: 0.710000
te_loss: 0.608023, te_score: 0.680000

time = 20
tr_loss: 0.601683, tr_score: 0.695000
va_loss: 0.545640, va_score: 0.750000
te_loss: 0.584637, te_score: 0.720000

time = 20
tr_loss: 0.580135, tr_score: 0.725000
va_loss: 0.598054, va_score: 0.680000
te_loss: 0.567275, te_score: 0.700000

======================================================
20  Seed:  [8890. 5137. 6638. 5364. 3035. 4210. 5798. 9783. 7946.  146. 8127. 1556.
 1338. 7812. 5900. 6230. 6141. 6234. 5455. 7649.]
tr_loss: 0.581778, tr_score: 0.708562
va_loss: 0.587370, va_score: 0.707500
te_loss: 0.578701, te_score: 0.719000


mid seed:  [8744.  130. 2730. 2289. 3436.   91. 5431.  214. 1996. 7906. 4318. 5189.
 9458. 5884. 7590. 9032. 7937. 3024. 1021. 9551.]
mid test scores 0.7055
