time = 0
tr_loss: 0.565890, tr_score: 0.727500
va_loss: 0.578719, va_score: 0.720000
te_loss: 0.587955, te_score: 0.680000

time = 0
tr_loss: 0.566535, tr_score: 0.727500
va_loss: 0.642552, va_score: 0.650000
te_loss: 0.684835, te_score: 0.630000

time = 0
tr_loss: 0.563295, tr_score: 0.737500
va_loss: 0.639681, va_score: 0.680000
te_loss: 0.674605, te_score: 0.680000

time = 0
tr_loss: 0.586391, tr_score: 0.708750
va_loss: 0.560935, va_score: 0.730000
te_loss: 0.590464, te_score: 0.670000

time = 0
tr_loss: 0.610004, tr_score: 0.673750
va_loss: 0.641153, va_score: 0.660000
te_loss: 0.567071, te_score: 0.740000

time = 0
tr_loss: 0.574532, tr_score: 0.725000
va_loss: 0.682440, va_score: 0.580000
te_loss: 0.665592, te_score: 0.670000

time = 0
tr_loss: 0.601886, tr_score: 0.705000
va_loss: 0.565582, va_score: 0.730000
te_loss: 0.511300, te_score: 0.750000

time = 0
tr_loss: 0.576801, tr_score: 0.706250
va_loss: 0.531900, va_score: 0.760000
te_loss: 0.613158, te_score: 0.710000

time = 0
tr_loss: 0.583100, tr_score: 0.696250
va_loss: 0.530809, va_score: 0.770000
te_loss: 0.569382, te_score: 0.710000

time = 0
tr_loss: 0.566395, tr_score: 0.721250
va_loss: 0.592489, va_score: 0.700000
te_loss: 0.486945, te_score: 0.830000

time = 0
tr_loss: 0.588847, tr_score: 0.703750
va_loss: 0.523273, va_score: 0.780000
te_loss: 0.648401, te_score: 0.630000

time = 0
tr_loss: 0.555548, tr_score: 0.736250
va_loss: 0.601284, va_score: 0.700000
te_loss: 0.748312, te_score: 0.560000

time = 0
tr_loss: 0.560739, tr_score: 0.717500
va_loss: 0.630577, va_score: 0.650000
te_loss: 0.643128, te_score: 0.630000

time = 0
tr_loss: 0.556907, tr_score: 0.715000
va_loss: 0.572471, va_score: 0.700000
te_loss: 0.632342, te_score: 0.660000

time = 0
tr_loss: 0.587628, tr_score: 0.708750
va_loss: 0.642349, va_score: 0.650000
te_loss: 0.584687, te_score: 0.730000

time = 0
tr_loss: 0.577589, tr_score: 0.718750
va_loss: 0.608575, va_score: 0.690000
te_loss: 0.601995, te_score: 0.690000

time = 0
tr_loss: 0.582885, tr_score: 0.723750
va_loss: 0.701383, va_score: 0.690000
te_loss: 0.585054, te_score: 0.750000

time = 0
tr_loss: 0.597738, tr_score: 0.715000
va_loss: 0.575214, va_score: 0.680000
te_loss: 0.664790, te_score: 0.660000

time = 0
tr_loss: 0.575708, tr_score: 0.727500
va_loss: 0.609034, va_score: 0.720000
te_loss: 0.699284, te_score: 0.630000

time = 0
tr_loss: 0.593361, tr_score: 0.698750
va_loss: 0.556492, va_score: 0.780000
te_loss: 0.683874, te_score: 0.640000

======================================================
0  Seed:  [ 140. 2411. 2238. 5068. 2300. 9812. 6334. 4380. 4021. 8554. 2226. 8534.
 4715. 7921. 4457. 6212.  255.  495. 8301.  932.]
tr_loss: 0.578589, tr_score: 0.714688
va_loss: 0.599346, va_score: 0.701000
te_loss: 0.622159, te_score: 0.682500
time = 1
tr_loss: 0.546534, tr_score: 0.727500
va_loss: 0.653508, va_score: 0.650000
te_loss: 0.582355, te_score: 0.680000

time = 1
tr_loss: 0.586334, tr_score: 0.703750
va_loss: 0.603136, va_score: 0.640000
te_loss: 0.565555, te_score: 0.730000

time = 1
tr_loss: 0.582335, tr_score: 0.701250
va_loss: 0.587767, va_score: 0.680000
te_loss: 0.547906, te_score: 0.750000

time = 1
tr_loss: 0.578799, tr_score: 0.715000
va_loss: 0.568866, va_score: 0.760000
te_loss: 0.611712, te_score: 0.660000

time = 1
tr_loss: 0.591375, tr_score: 0.712500
va_loss: 0.594259, va_score: 0.720000
te_loss: 0.566253, te_score: 0.780000

time = 1
tr_loss: 0.587515, tr_score: 0.698750
va_loss: 0.572885, va_score: 0.670000
te_loss: 0.546396, te_score: 0.750000

time = 1
tr_loss: 0.576477, tr_score: 0.732500
va_loss: 0.577015, va_score: 0.710000
te_loss: 0.588809, te_score: 0.710000

time = 1
tr_loss: 0.612481, tr_score: 0.703750
va_loss: 0.564378, va_score: 0.740000
te_loss: 0.552446, te_score: 0.740000

time = 1
tr_loss: 0.570427, tr_score: 0.710000
va_loss: 0.604302, va_score: 0.660000
te_loss: 0.515656, te_score: 0.760000

time = 1
tr_loss: 0.557321, tr_score: 0.720000
va_loss: 0.560045, va_score: 0.740000
te_loss: 0.671700, te_score: 0.620000

time = 1
tr_loss: 0.571398, tr_score: 0.703750
va_loss: 0.592675, va_score: 0.690000
te_loss: 0.496544, te_score: 0.780000

time = 1
tr_loss: 0.562342, tr_score: 0.717500
va_loss: 0.605585, va_score: 0.700000
te_loss: 0.581902, te_score: 0.720000

time = 1
tr_loss: 0.584576, tr_score: 0.727500
va_loss: 0.566156, va_score: 0.710000
te_loss: 0.585152, te_score: 0.710000

time = 1
tr_loss: 0.584316, tr_score: 0.717500
va_loss: 0.540190, va_score: 0.760000
te_loss: 0.584217, te_score: 0.720000

time = 1
tr_loss: 0.553888, tr_score: 0.718750
va_loss: 0.606134, va_score: 0.660000
te_loss: 0.561610, te_score: 0.710000

time = 1
tr_loss: 0.574123, tr_score: 0.722500
va_loss: 0.627191, va_score: 0.680000
te_loss: 0.558805, te_score: 0.750000

time = 1
tr_loss: 0.593086, tr_score: 0.707500
va_loss: 0.542497, va_score: 0.720000
te_loss: 0.600743, te_score: 0.670000

time = 1
tr_loss: 0.564263, tr_score: 0.713750
va_loss: 0.611156, va_score: 0.670000
te_loss: 0.583994, te_score: 0.690000

time = 1
tr_loss: 0.652229, tr_score: 0.697500
va_loss: 0.631311, va_score: 0.710000
te_loss: 0.725252, te_score: 0.680000

time = 1
tr_loss: 0.601785, tr_score: 0.703750
va_loss: 0.575255, va_score: 0.750000
te_loss: 0.540299, te_score: 0.770000

======================================================
1  Seed:  [8640.  888. 4066.  552. 1437. 6591. 8969.  824. 8811.  938.  550. 9822.
 6241. 3057. 1352. 8361. 5326. 3377. 2314. 8889.]
tr_loss: 0.581580, tr_score: 0.712750
va_loss: 0.589216, va_score: 0.701000
te_loss: 0.578365, te_score: 0.719000
time = 2
tr_loss: 0.533523, tr_score: 0.736250
va_loss: 0.522712, va_score: 0.780000
te_loss: 0.607810, te_score: 0.660000

time = 2
tr_loss: 0.530878, tr_score: 0.742500
va_loss: 0.478874, va_score: 0.800000
te_loss: 0.569517, te_score: 0.710000

time = 2
tr_loss: 0.593233, tr_score: 0.715000
va_loss: 0.619828, va_score: 0.680000
te_loss: 0.606484, te_score: 0.710000

time = 2
tr_loss: 0.558358, tr_score: 0.723750
va_loss: 0.633173, va_score: 0.650000
te_loss: 0.581499, te_score: 0.730000

time = 2
tr_loss: 0.576729, tr_score: 0.727500
va_loss: 0.569153, va_score: 0.740000
te_loss: 0.565778, te_score: 0.740000

time = 2
tr_loss: 0.559853, tr_score: 0.720000
va_loss: 0.579662, va_score: 0.710000
te_loss: 0.712683, te_score: 0.640000

time = 2
tr_loss: 0.584095, tr_score: 0.721250
va_loss: 0.692982, va_score: 0.630000
te_loss: 0.610859, te_score: 0.700000

time = 2
tr_loss: 0.602538, tr_score: 0.706250
va_loss: 0.537420, va_score: 0.780000
te_loss: 0.565737, te_score: 0.740000

time = 2
tr_loss: 0.559367, tr_score: 0.718750
va_loss: 0.524501, va_score: 0.710000
te_loss: 0.587600, te_score: 0.660000

time = 2
tr_loss: 0.545370, tr_score: 0.723750
va_loss: 0.552964, va_score: 0.740000
te_loss: 0.527972, te_score: 0.730000

time = 2
tr_loss: 0.562468, tr_score: 0.718750
va_loss: 0.544689, va_score: 0.730000
te_loss: 0.625072, te_score: 0.620000

time = 2
tr_loss: 0.619444, tr_score: 0.695000
va_loss: 0.590268, va_score: 0.730000
te_loss: 0.578026, te_score: 0.760000

time = 2
tr_loss: 0.566348, tr_score: 0.697500
va_loss: 0.555643, va_score: 0.730000
te_loss: 0.571389, te_score: 0.690000

time = 2
tr_loss: 0.594199, tr_score: 0.690000
va_loss: 0.548785, va_score: 0.750000
te_loss: 0.542269, te_score: 0.740000

time = 2
tr_loss: 0.588793, tr_score: 0.712500
va_loss: 0.626425, va_score: 0.700000
te_loss: 0.579545, te_score: 0.750000

time = 2
tr_loss: 0.575920, tr_score: 0.701250
va_loss: 0.532052, va_score: 0.770000
te_loss: 0.534971, te_score: 0.780000

time = 2
tr_loss: 0.561116, tr_score: 0.706250
va_loss: 0.592981, va_score: 0.710000
te_loss: 0.610352, te_score: 0.680000

time = 2
tr_loss: 0.606988, tr_score: 0.701250
va_loss: 0.635993, va_score: 0.670000
te_loss: 0.551575, te_score: 0.740000

time = 2
tr_loss: 0.543798, tr_score: 0.728750
va_loss: 0.510475, va_score: 0.760000
te_loss: 0.558161, te_score: 0.710000

time = 2
tr_loss: 0.598901, tr_score: 0.716250
va_loss: 0.585608, va_score: 0.750000
te_loss: 0.610687, te_score: 0.680000

======================================================
2  Seed:  [5478. 7027. 2150. 7559. 3662. 2043. 8598. 4158. 6442. 4398. 3939. 9768.
 5143. 2231.  162. 6860. 3496. 7749. 2530. 2730.]
tr_loss: 0.573096, tr_score: 0.715125
va_loss: 0.571710, va_score: 0.726000
te_loss: 0.584899, te_score: 0.708500
time = 3
tr_loss: 0.591719, tr_score: 0.703750
va_loss: 0.619464, va_score: 0.670000
te_loss: 0.604384, te_score: 0.700000

time = 3
tr_loss: 0.558229, tr_score: 0.716250
va_loss: 0.592113, va_score: 0.660000
te_loss: 0.555930, te_score: 0.710000

time = 3
tr_loss: 0.563129, tr_score: 0.727500
va_loss: 0.631378, va_score: 0.660000
te_loss: 0.632237, te_score: 0.620000

time = 3
tr_loss: 0.587507, tr_score: 0.711250
va_loss: 0.536799, va_score: 0.780000
te_loss: 0.597424, te_score: 0.720000

time = 3
tr_loss: 0.584478, tr_score: 0.698750
va_loss: 0.568051, va_score: 0.720000
te_loss: 0.607195, te_score: 0.690000

time = 3
tr_loss: 0.551547, tr_score: 0.713750
va_loss: 0.496135, va_score: 0.790000
te_loss: 0.589329, te_score: 0.610000

time = 3
tr_loss: 0.602492, tr_score: 0.712500
va_loss: 0.702672, va_score: 0.660000
te_loss: 0.669860, te_score: 0.670000

time = 3
tr_loss: 0.562056, tr_score: 0.730000
va_loss: 0.611494, va_score: 0.650000
te_loss: 0.655876, te_score: 0.680000

time = 3
tr_loss: 0.616615, tr_score: 0.622500
va_loss: 0.672328, va_score: 0.650000
te_loss: 0.598884, te_score: 0.640000

time = 3
tr_loss: 0.581780, tr_score: 0.717500
va_loss: 0.597078, va_score: 0.690000
te_loss: 0.602641, te_score: 0.700000

time = 3
tr_loss: 0.571698, tr_score: 0.715000
va_loss: 0.659329, va_score: 0.670000
te_loss: 0.572238, te_score: 0.690000

time = 3
tr_loss: 0.602803, tr_score: 0.700000
va_loss: 0.578223, va_score: 0.730000
te_loss: 0.623164, te_score: 0.710000

time = 3
tr_loss: 0.566799, tr_score: 0.703750
va_loss: 0.520797, va_score: 0.760000
te_loss: 0.625926, te_score: 0.650000

time = 3
tr_loss: 0.589006, tr_score: 0.712500
va_loss: 0.649867, va_score: 0.680000
te_loss: 0.520725, te_score: 0.770000

time = 3
tr_loss: 0.574532, tr_score: 0.715000
va_loss: 0.657253, va_score: 0.640000
te_loss: 0.599271, te_score: 0.710000

time = 3
tr_loss: 0.608016, tr_score: 0.707500
va_loss: 0.618636, va_score: 0.670000
te_loss: 0.585842, te_score: 0.710000

time = 3
tr_loss: 0.581826, tr_score: 0.705000
va_loss: 0.570455, va_score: 0.700000
te_loss: 0.612608, te_score: 0.660000

time = 3
tr_loss: 0.573311, tr_score: 0.712500
va_loss: 0.726863, va_score: 0.580000
te_loss: 0.601817, te_score: 0.720000

time = 3
tr_loss: 0.597869, tr_score: 0.706250
va_loss: 0.635857, va_score: 0.680000
te_loss: 0.625802, te_score: 0.690000

time = 3
tr_loss: 0.569788, tr_score: 0.723750
va_loss: 0.603003, va_score: 0.700000
te_loss: 0.573292, te_score: 0.700000

======================================================
3  Seed:  [6469. 3301. 7178. 4323. 9525.  454. 7215. 4562. 5178. 3971. 9338. 3960.
 2970. 9630. 2254.  396. 4264. 8949. 7913. 1289.]
tr_loss: 0.581760, tr_score: 0.707750
va_loss: 0.612390, va_score: 0.687000
te_loss: 0.602722, te_score: 0.687500
time = 4
tr_loss: 0.597635, tr_score: 0.693750
va_loss: 0.554700, va_score: 0.750000
te_loss: 0.572178, te_score: 0.740000

time = 4
tr_loss: 0.526185, tr_score: 0.755000
va_loss: 0.472137, va_score: 0.780000
te_loss: 0.527706, te_score: 0.730000

time = 4
tr_loss: 0.641663, tr_score: 0.681250
va_loss: 0.658284, va_score: 0.680000
te_loss: 0.632827, te_score: 0.670000

time = 4
tr_loss: 0.580057, tr_score: 0.701250
va_loss: 0.556119, va_score: 0.750000
te_loss: 0.607905, te_score: 0.660000

time = 4
tr_loss: 0.502722, tr_score: 0.770000
va_loss: 0.581254, va_score: 0.700000
te_loss: 0.517747, te_score: 0.750000

time = 4
tr_loss: 0.608476, tr_score: 0.692500
va_loss: 0.592316, va_score: 0.700000
te_loss: 0.520794, te_score: 0.750000

time = 4
tr_loss: 0.592134, tr_score: 0.725000
va_loss: 0.578673, va_score: 0.760000
te_loss: 0.547086, te_score: 0.710000

time = 4
tr_loss: 0.585217, tr_score: 0.713750
va_loss: 0.631348, va_score: 0.680000
te_loss: 0.531036, te_score: 0.780000

time = 4
tr_loss: 0.582312, tr_score: 0.700000
va_loss: 0.604687, va_score: 0.690000
te_loss: 0.515833, te_score: 0.790000

time = 4
tr_loss: 0.563604, tr_score: 0.710000
va_loss: 0.562119, va_score: 0.720000
te_loss: 0.553166, te_score: 0.710000

time = 4
tr_loss: 0.604363, tr_score: 0.706250
va_loss: 0.658144, va_score: 0.640000
te_loss: 0.581452, te_score: 0.710000

time = 4
tr_loss: 0.540792, tr_score: 0.715000
va_loss: 0.525776, va_score: 0.720000
te_loss: 0.554766, te_score: 0.670000

time = 4
tr_loss: 0.564273, tr_score: 0.717500
va_loss: 0.521352, va_score: 0.770000
te_loss: 0.606460, te_score: 0.680000

time = 4
tr_loss: 0.590940, tr_score: 0.698750
va_loss: 0.540294, va_score: 0.760000
te_loss: 0.546514, te_score: 0.740000

time = 4
tr_loss: 0.582424, tr_score: 0.716250
va_loss: 0.640607, va_score: 0.710000
te_loss: 0.694447, te_score: 0.610000

time = 4
tr_loss: 0.543657, tr_score: 0.726250
va_loss: 0.489590, va_score: 0.780000
te_loss: 0.534182, te_score: 0.740000

time = 4
tr_loss: 0.580748, tr_score: 0.707500
va_loss: 0.510674, va_score: 0.760000
te_loss: 0.556917, te_score: 0.720000

time = 4
tr_loss: 0.574385, tr_score: 0.713750
va_loss: 0.567424, va_score: 0.670000
te_loss: 0.595000, te_score: 0.680000

time = 4
tr_loss: 0.584389, tr_score: 0.703750
va_loss: 0.647406, va_score: 0.640000
te_loss: 0.596959, te_score: 0.720000

time = 4
tr_loss: 0.589994, tr_score: 0.710000
va_loss: 0.578573, va_score: 0.710000
te_loss: 0.568171, te_score: 0.740000

======================================================
4  Seed:  [8744.  130. 2730. 2289. 3436.   91. 5431.  214. 1996. 7906. 4318. 5189.
 9458. 5884. 7590. 9032. 7937. 3024. 1021. 9551.]
tr_loss: 0.576799, tr_score: 0.712875
va_loss: 0.573574, va_score: 0.718500
te_loss: 0.568057, te_score: 0.715000
time = 5
tr_loss: 0.581182, tr_score: 0.712500
va_loss: 0.629529, va_score: 0.660000
te_loss: 0.629121, te_score: 0.680000

time = 5
tr_loss: 0.591890, tr_score: 0.693750
va_loss: 0.596266, va_score: 0.720000
te_loss: 0.527276, te_score: 0.770000

time = 5
tr_loss: 0.577367, tr_score: 0.705000
va_loss: 0.598721, va_score: 0.700000
te_loss: 0.599330, te_score: 0.720000

time = 5
tr_loss: 0.585446, tr_score: 0.706250
va_loss: 0.591033, va_score: 0.700000
te_loss: 0.579526, te_score: 0.730000

time = 5
tr_loss: 0.568457, tr_score: 0.718750
va_loss: 0.599216, va_score: 0.730000
te_loss: 0.519183, te_score: 0.770000

time = 5
tr_loss: 0.593116, tr_score: 0.698750
va_loss: 0.549083, va_score: 0.730000
te_loss: 0.535273, te_score: 0.740000

time = 5
tr_loss: 0.541230, tr_score: 0.742500
va_loss: 0.490612, va_score: 0.780000
te_loss: 0.581139, te_score: 0.720000

time = 5
tr_loss: 0.573345, tr_score: 0.712500
va_loss: 0.548476, va_score: 0.760000
te_loss: 0.569533, te_score: 0.700000

time = 5
tr_loss: 0.572660, tr_score: 0.718750
va_loss: 0.549304, va_score: 0.770000
te_loss: 0.534532, te_score: 0.760000

time = 5
tr_loss: 0.608931, tr_score: 0.686250
va_loss: 0.636811, va_score: 0.650000
te_loss: 0.572422, te_score: 0.730000

time = 5
tr_loss: 0.604773, tr_score: 0.713750
va_loss: 0.775860, va_score: 0.600000
te_loss: 0.604776, te_score: 0.730000

time = 5
tr_loss: 0.594547, tr_score: 0.702500
va_loss: 0.527638, va_score: 0.790000
te_loss: 0.545550, te_score: 0.760000

time = 5
tr_loss: 0.606836, tr_score: 0.705000
va_loss: 0.574812, va_score: 0.720000
te_loss: 0.590515, te_score: 0.720000

time = 5
tr_loss: 0.594136, tr_score: 0.700000
va_loss: 0.556723, va_score: 0.760000
te_loss: 0.631039, te_score: 0.640000

time = 5
tr_loss: 0.591273, tr_score: 0.708750
va_loss: 0.606670, va_score: 0.700000
te_loss: 0.629068, te_score: 0.670000

time = 5
tr_loss: 0.586664, tr_score: 0.710000
va_loss: 0.510443, va_score: 0.780000
te_loss: 0.626360, te_score: 0.690000

time = 5
tr_loss: 0.579125, tr_score: 0.707500
va_loss: 0.602167, va_score: 0.710000
te_loss: 0.582205, te_score: 0.720000

time = 5
tr_loss: 0.591012, tr_score: 0.706250
va_loss: 0.516022, va_score: 0.760000
te_loss: 0.617135, te_score: 0.710000

time = 5
tr_loss: 0.609340, tr_score: 0.711250
va_loss: 0.539450, va_score: 0.790000
te_loss: 0.701752, te_score: 0.600000

time = 5
tr_loss: 0.580946, tr_score: 0.712500
va_loss: 0.608897, va_score: 0.690000
te_loss: 0.590749, te_score: 0.700000

======================================================
5  Seed:  [1237. 6412. 2121. 6405. 4525. 1302. 1340. 7513. 9914. 1173. 2339. 2687.
 5417. 1769. 4522. 4161. 3470. 2003. 6862. 6659.]
tr_loss: 0.586614, tr_score: 0.708625
va_loss: 0.580387, va_score: 0.725000
te_loss: 0.588324, te_score: 0.713000
time = 6
tr_loss: 0.595525, tr_score: 0.703750
va_loss: 0.541145, va_score: 0.780000
te_loss: 0.629615, te_score: 0.670000

time = 6
tr_loss: 0.581666, tr_score: 0.723750
va_loss: 0.637562, va_score: 0.680000
te_loss: 0.645048, te_score: 0.660000

time = 6
tr_loss: 0.588954, tr_score: 0.713750
va_loss: 0.579567, va_score: 0.700000
te_loss: 0.642041, te_score: 0.690000

time = 6
tr_loss: 0.571577, tr_score: 0.708750
va_loss: 0.550157, va_score: 0.720000
te_loss: 0.598965, te_score: 0.640000

time = 6
tr_loss: 0.605980, tr_score: 0.706250
va_loss: 0.633133, va_score: 0.670000
te_loss: 0.565589, te_score: 0.740000

time = 6
tr_loss: 0.493065, tr_score: 0.765000
va_loss: 0.585505, va_score: 0.700000
te_loss: 0.576550, te_score: 0.670000

time = 6
tr_loss: 0.575301, tr_score: 0.710000
va_loss: 0.652989, va_score: 0.630000
te_loss: 0.546535, te_score: 0.740000

time = 6
tr_loss: 0.527045, tr_score: 0.705000
va_loss: 0.564107, va_score: 0.670000
te_loss: 0.548218, te_score: 0.700000

time = 6
tr_loss: 0.617454, tr_score: 0.677500
va_loss: 0.538107, va_score: 0.750000
te_loss: 0.595511, te_score: 0.750000

time = 6
tr_loss: 0.573834, tr_score: 0.701250
va_loss: 0.584801, va_score: 0.720000
te_loss: 0.590778, te_score: 0.670000

time = 6
tr_loss: 0.546394, tr_score: 0.733750
va_loss: 0.559799, va_score: 0.700000
te_loss: 0.640905, te_score: 0.640000

time = 6
tr_loss: 0.565869, tr_score: 0.716250
va_loss: 0.573900, va_score: 0.720000
te_loss: 0.561989, te_score: 0.690000

time = 6
tr_loss: 0.568838, tr_score: 0.716250
va_loss: 0.549811, va_score: 0.750000
te_loss: 0.622113, te_score: 0.660000

time = 6
tr_loss: 0.605649, tr_score: 0.693750
va_loss: 0.565809, va_score: 0.740000
te_loss: 0.584551, te_score: 0.730000

time = 6
tr_loss: 0.589757, tr_score: 0.723750
va_loss: 0.600198, va_score: 0.700000
te_loss: 0.627687, te_score: 0.660000

time = 6
tr_loss: 0.573700, tr_score: 0.717500
va_loss: 0.618521, va_score: 0.680000
te_loss: 0.614222, te_score: 0.690000

time = 6
tr_loss: 0.500129, tr_score: 0.763750
va_loss: 0.494172, va_score: 0.750000
te_loss: 0.543250, te_score: 0.770000

time = 6
tr_loss: 0.554503, tr_score: 0.725000
va_loss: 0.517158, va_score: 0.790000
te_loss: 0.561900, te_score: 0.750000

time = 6
tr_loss: 0.571690, tr_score: 0.716250
va_loss: 0.609161, va_score: 0.680000
te_loss: 0.579799, te_score: 0.690000

time = 6
tr_loss: 0.588746, tr_score: 0.700000
va_loss: 0.627152, va_score: 0.680000
te_loss: 0.567619, te_score: 0.740000

======================================================
6  Seed:  [7694. 6294. 7622. 3529.   96. 7204. 5217. 3436.  887. 8110. 7803. 3805.
 1114. 2222. 9584. 2008. 1959. 4210.  576. 6097.]
tr_loss: 0.569784, tr_score: 0.716063
va_loss: 0.579138, va_score: 0.710500
te_loss: 0.592144, te_score: 0.697500
time = 7
tr_loss: 0.559408, tr_score: 0.720000
va_loss: 0.563231, va_score: 0.690000
te_loss: 0.535439, te_score: 0.750000

time = 7
tr_loss: 0.581680, tr_score: 0.700000
va_loss: 0.548325, va_score: 0.690000
te_loss: 0.585200, te_score: 0.700000

time = 7
tr_loss: 0.595100, tr_score: 0.702500
va_loss: 0.519775, va_score: 0.760000
te_loss: 0.594402, te_score: 0.720000

time = 7
tr_loss: 0.511368, tr_score: 0.741250
va_loss: 0.507894, va_score: 0.730000
te_loss: 0.526155, te_score: 0.750000

time = 7
tr_loss: 0.583019, tr_score: 0.716250
va_loss: 0.550680, va_score: 0.750000
te_loss: 0.572179, te_score: 0.720000

time = 7
tr_loss: 0.599930, tr_score: 0.695000
va_loss: 0.643983, va_score: 0.630000
te_loss: 0.611001, te_score: 0.720000

time = 7
tr_loss: 0.561923, tr_score: 0.703750
va_loss: 0.605525, va_score: 0.650000
te_loss: 0.482080, te_score: 0.750000

time = 7
tr_loss: 0.523242, tr_score: 0.751250
va_loss: 0.572530, va_score: 0.730000
te_loss: 0.567994, te_score: 0.700000

time = 7
tr_loss: 0.602432, tr_score: 0.687500
va_loss: 0.654496, va_score: 0.610000
te_loss: 0.629590, te_score: 0.640000

time = 7
tr_loss: 0.554834, tr_score: 0.710000
va_loss: 0.563316, va_score: 0.740000
te_loss: 0.575159, te_score: 0.710000

time = 7
tr_loss: 0.594523, tr_score: 0.705000
va_loss: 0.614112, va_score: 0.710000
te_loss: 0.692489, te_score: 0.690000

time = 7
tr_loss: 0.565163, tr_score: 0.723750
va_loss: 0.619864, va_score: 0.660000
te_loss: 0.505574, te_score: 0.740000

time = 7
tr_loss: 0.579614, tr_score: 0.705000
va_loss: 0.684233, va_score: 0.610000
te_loss: 0.676561, te_score: 0.670000

time = 7
tr_loss: 0.600102, tr_score: 0.698750
va_loss: 0.568874, va_score: 0.750000
te_loss: 0.621283, te_score: 0.660000

time = 7
tr_loss: 0.565604, tr_score: 0.731250
va_loss: 0.607169, va_score: 0.710000
te_loss: 0.635086, te_score: 0.670000

time = 7
tr_loss: 0.601028, tr_score: 0.703750
va_loss: 0.621812, va_score: 0.640000
te_loss: 0.565684, te_score: 0.730000

time = 7
tr_loss: 0.560283, tr_score: 0.716250
va_loss: 0.555777, va_score: 0.710000
te_loss: 0.627611, te_score: 0.650000

time = 7
tr_loss: 0.548385, tr_score: 0.721250
va_loss: 0.524225, va_score: 0.760000
te_loss: 0.633386, te_score: 0.660000

time = 7
tr_loss: 0.575432, tr_score: 0.706250
va_loss: 0.564961, va_score: 0.720000
te_loss: 0.582175, te_score: 0.690000

time = 7
tr_loss: 0.594905, tr_score: 0.693750
va_loss: 0.581498, va_score: 0.720000
te_loss: 0.582790, te_score: 0.730000

======================================================
7  Seed:  [ 667. 3641. 1333. 4721. 6871. 9519. 4778.  927. 8338.   13. 3683. 6570.
 1422. 3821. 5722.  599. 3527. 1784. 1921. 2070.]
tr_loss: 0.572899, tr_score: 0.711625
va_loss: 0.583614, va_score: 0.698500
te_loss: 0.590092, te_score: 0.702500
time = 8
tr_loss: 0.605414, tr_score: 0.702500
va_loss: 0.607888, va_score: 0.690000
te_loss: 0.506286, te_score: 0.800000

time = 8
tr_loss: 0.600363, tr_score: 0.706250
va_loss: 0.660144, va_score: 0.590000
te_loss: 0.546073, te_score: 0.770000

time = 8
tr_loss: 0.574497, tr_score: 0.716250
va_loss: 0.587515, va_score: 0.720000
te_loss: 0.541819, te_score: 0.740000

time = 8
tr_loss: 0.619368, tr_score: 0.700000
va_loss: 0.645118, va_score: 0.680000
te_loss: 0.554702, te_score: 0.740000

time = 8
tr_loss: 0.576410, tr_score: 0.712500
va_loss: 0.563358, va_score: 0.720000
te_loss: 0.548166, te_score: 0.750000

time = 8
tr_loss: 0.575697, tr_score: 0.716250
va_loss: 0.638827, va_score: 0.690000
te_loss: 0.578448, te_score: 0.730000

time = 8
tr_loss: 0.562407, tr_score: 0.721250
va_loss: 0.567045, va_score: 0.730000
te_loss: 0.587063, te_score: 0.680000

time = 8
tr_loss: 0.619852, tr_score: 0.695000
va_loss: 0.548668, va_score: 0.780000
te_loss: 0.623555, te_score: 0.690000

time = 8
tr_loss: 0.595561, tr_score: 0.706250
va_loss: 0.652554, va_score: 0.690000
te_loss: 0.534238, te_score: 0.770000

time = 8
tr_loss: 0.588339, tr_score: 0.720000
va_loss: 0.677011, va_score: 0.630000
te_loss: 0.595876, te_score: 0.710000

time = 8
tr_loss: 0.621382, tr_score: 0.685000
va_loss: 0.556603, va_score: 0.760000
te_loss: 0.559353, te_score: 0.780000

time = 8
tr_loss: 0.589693, tr_score: 0.707500
va_loss: 0.563002, va_score: 0.760000
te_loss: 0.646939, te_score: 0.660000

time = 8
tr_loss: 0.578687, tr_score: 0.706250
va_loss: 0.611224, va_score: 0.690000
te_loss: 0.593541, te_score: 0.680000

time = 8
tr_loss: 0.617494, tr_score: 0.696250
va_loss: 0.546385, va_score: 0.810000
te_loss: 0.593864, te_score: 0.720000

time = 8
tr_loss: 0.591587, tr_score: 0.688750
va_loss: 0.564830, va_score: 0.750000
te_loss: 0.573269, te_score: 0.750000

time = 8
tr_loss: 0.585707, tr_score: 0.712500
va_loss: 0.543642, va_score: 0.770000
te_loss: 0.707916, te_score: 0.580000

time = 8
tr_loss: 0.546632, tr_score: 0.733750
va_loss: 0.579010, va_score: 0.720000
te_loss: 0.589642, te_score: 0.700000

time = 8
tr_loss: 0.605240, tr_score: 0.700000
va_loss: 0.582100, va_score: 0.730000
te_loss: 0.588778, te_score: 0.720000

time = 8
tr_loss: 0.581552, tr_score: 0.715000
va_loss: 0.568357, va_score: 0.740000
te_loss: 0.555997, te_score: 0.760000

time = 8
tr_loss: 0.607299, tr_score: 0.706250
va_loss: 0.612111, va_score: 0.710000
te_loss: 0.681646, te_score: 0.640000

======================================================
8  Seed:  [4860. 8426. 6918. 8393. 2977. 1581. 7001.  814. 5947. 4477. 3311. 7270.
 5082. 4712. 7103. 6080. 5821. 8708. 4579. 2324.]
tr_loss: 0.592159, tr_score: 0.707375
va_loss: 0.593770, va_score: 0.718000
te_loss: 0.585358, te_score: 0.718500
time = 9
tr_loss: 0.602362, tr_score: 0.698750
va_loss: 0.562793, va_score: 0.740000
te_loss: 0.619307, te_score: 0.650000

time = 9
tr_loss: 0.571863, tr_score: 0.718750
va_loss: 0.648580, va_score: 0.630000
te_loss: 0.559098, te_score: 0.730000

time = 9
tr_loss: 0.610215, tr_score: 0.705000
va_loss: 0.620802, va_score: 0.700000
te_loss: 0.624908, te_score: 0.670000

time = 9
tr_loss: 0.560209, tr_score: 0.702500
va_loss: 0.538779, va_score: 0.740000
te_loss: 0.609308, te_score: 0.690000

time = 9
tr_loss: 0.600989, tr_score: 0.705000
va_loss: 0.554895, va_score: 0.760000
te_loss: 0.698686, te_score: 0.590000

time = 9
tr_loss: 0.592899, tr_score: 0.708750
va_loss: 0.576620, va_score: 0.700000
te_loss: 0.647628, te_score: 0.630000

time = 9
tr_loss: 0.582076, tr_score: 0.712500
va_loss: 0.525601, va_score: 0.760000
te_loss: 0.586905, te_score: 0.700000

time = 9
tr_loss: 0.539793, tr_score: 0.731250
va_loss: 0.535883, va_score: 0.770000
te_loss: 0.591679, te_score: 0.700000

time = 9
tr_loss: 0.612964, tr_score: 0.693750
va_loss: 0.576329, va_score: 0.730000
te_loss: 0.587054, te_score: 0.730000

time = 9
tr_loss: 0.610596, tr_score: 0.702500
va_loss: 0.670359, va_score: 0.650000
te_loss: 0.588723, te_score: 0.730000

time = 9
tr_loss: 0.615910, tr_score: 0.697500
va_loss: 0.606064, va_score: 0.720000
te_loss: 0.614598, te_score: 0.700000

time = 9
tr_loss: 0.588527, tr_score: 0.696250
va_loss: 0.527754, va_score: 0.770000
te_loss: 0.565936, te_score: 0.760000

time = 9
tr_loss: 0.610109, tr_score: 0.713750
va_loss: 0.675468, va_score: 0.670000
te_loss: 0.573615, te_score: 0.760000

time = 9
tr_loss: 0.597974, tr_score: 0.715000
va_loss: 0.555766, va_score: 0.720000
te_loss: 0.554271, te_score: 0.750000

time = 9
tr_loss: 0.550554, tr_score: 0.730000
va_loss: 0.651581, va_score: 0.620000
te_loss: 0.607351, te_score: 0.680000

time = 9
tr_loss: 0.572325, tr_score: 0.696250
va_loss: 0.560314, va_score: 0.720000
te_loss: 0.582474, te_score: 0.720000

time = 9
tr_loss: 0.597207, tr_score: 0.712500
va_loss: 0.615298, va_score: 0.700000
te_loss: 0.655348, te_score: 0.650000

time = 9
tr_loss: 0.597537, tr_score: 0.705000
va_loss: 0.590026, va_score: 0.720000
te_loss: 0.650129, te_score: 0.620000

time = 9
tr_loss: 0.567816, tr_score: 0.705000
va_loss: 0.562920, va_score: 0.700000
te_loss: 0.601117, te_score: 0.700000

time = 9
tr_loss: 0.589623, tr_score: 0.713750
va_loss: 0.565937, va_score: 0.730000
te_loss: 0.592491, te_score: 0.710000

======================================================
9  Seed:  [9948.  542.  232.  666. 5686. 1955. 6679. 1732. 8003. 9621. 2645. 4622.
 2831. 7236. 6932. 8781. 1798. 9886. 2715. 5559.]
tr_loss: 0.588577, tr_score: 0.708187
va_loss: 0.586089, va_score: 0.712500
te_loss: 0.605531, te_score: 0.693500
time = 10
tr_loss: 0.578627, tr_score: 0.703750
va_loss: 0.550887, va_score: 0.720000
te_loss: 0.551143, te_score: 0.740000

time = 10
tr_loss: 0.581753, tr_score: 0.715000
va_loss: 0.588487, va_score: 0.720000
te_loss: 0.534797, te_score: 0.770000

time = 10
tr_loss: 0.550007, tr_score: 0.732500
va_loss: 0.560440, va_score: 0.710000
te_loss: 0.698340, te_score: 0.620000

time = 10
tr_loss: 0.619892, tr_score: 0.685000
va_loss: 0.551420, va_score: 0.770000
te_loss: 0.583593, te_score: 0.720000

time = 10
tr_loss: 0.569382, tr_score: 0.707500
va_loss: 0.562386, va_score: 0.720000
te_loss: 0.513613, te_score: 0.760000

time = 10
tr_loss: 0.574733, tr_score: 0.696250
va_loss: 0.574600, va_score: 0.710000
te_loss: 0.540669, te_score: 0.760000

time = 10
tr_loss: 0.587696, tr_score: 0.700000
va_loss: 0.531169, va_score: 0.770000
te_loss: 0.544823, te_score: 0.730000

time = 10
tr_loss: 0.602337, tr_score: 0.676250
va_loss: 0.477742, va_score: 0.820000
te_loss: 0.579460, te_score: 0.730000

time = 10
tr_loss: 0.600603, tr_score: 0.698750
va_loss: 0.591366, va_score: 0.710000
te_loss: 0.659947, te_score: 0.660000

time = 10
tr_loss: 0.581918, tr_score: 0.710000
va_loss: 0.562535, va_score: 0.740000
te_loss: 0.567626, te_score: 0.720000

time = 10
tr_loss: 0.553550, tr_score: 0.728750
va_loss: 0.552403, va_score: 0.740000
te_loss: 0.528009, te_score: 0.740000

time = 10
tr_loss: 0.570733, tr_score: 0.707500
va_loss: 0.678938, va_score: 0.650000
te_loss: 0.573198, te_score: 0.670000

time = 10
tr_loss: 0.606071, tr_score: 0.683750
va_loss: 0.625508, va_score: 0.720000
te_loss: 0.601795, te_score: 0.670000

time = 10
tr_loss: 0.565143, tr_score: 0.716250
va_loss: 0.534370, va_score: 0.740000
te_loss: 0.515463, te_score: 0.770000

time = 10
tr_loss: 0.613067, tr_score: 0.658750
va_loss: 0.681552, va_score: 0.560000
te_loss: 0.676458, te_score: 0.570000

time = 10
tr_loss: 0.615233, tr_score: 0.681250
va_loss: 0.618249, va_score: 0.760000
te_loss: 0.591828, te_score: 0.740000

time = 10
tr_loss: 0.586101, tr_score: 0.707500
va_loss: 0.503423, va_score: 0.780000
te_loss: 0.594399, te_score: 0.690000

time = 10
tr_loss: 0.601423, tr_score: 0.697500
va_loss: 0.623041, va_score: 0.690000
te_loss: 0.563970, te_score: 0.730000

time = 10
tr_loss: 0.580201, tr_score: 0.707500
va_loss: 0.522964, va_score: 0.790000
te_loss: 0.600071, te_score: 0.700000

time = 10
tr_loss: 0.583859, tr_score: 0.727500
va_loss: 0.691247, va_score: 0.590000
te_loss: 0.582399, te_score: 0.740000

======================================================
10  Seed:  [9217. 8758. 9318. 9902. 9257. 5433. 4194. 5342. 6064. 1182. 7632. 9724.
 4507. 4141. 7028. 4431.  710. 9505. 6403. 3797.]
tr_loss: 0.586116, tr_score: 0.702062
va_loss: 0.579136, va_score: 0.720500
te_loss: 0.580080, te_score: 0.711500
time = 11
tr_loss: 0.578053, tr_score: 0.706250
va_loss: 0.475555, va_score: 0.820000
te_loss: 0.613276, te_score: 0.660000

time = 11
tr_loss: 0.535885, tr_score: 0.732500
va_loss: 0.560558, va_score: 0.720000
te_loss: 0.647965, te_score: 0.660000

time = 11
tr_loss: 0.610046, tr_score: 0.697500
va_loss: 0.637105, va_score: 0.700000
te_loss: 0.574055, te_score: 0.720000

time = 11
tr_loss: 0.595135, tr_score: 0.703750
va_loss: 0.616539, va_score: 0.710000
te_loss: 0.526188, te_score: 0.760000

time = 11
tr_loss: 0.565181, tr_score: 0.723750
va_loss: 0.616546, va_score: 0.670000
te_loss: 0.588960, te_score: 0.690000

time = 11
tr_loss: 0.546663, tr_score: 0.715000
va_loss: 0.561057, va_score: 0.740000
te_loss: 0.530802, te_score: 0.760000

time = 11
tr_loss: 0.584196, tr_score: 0.706250
va_loss: 0.740011, va_score: 0.610000
te_loss: 0.651337, te_score: 0.640000

time = 11
tr_loss: 0.543717, tr_score: 0.735000
va_loss: 0.439295, va_score: 0.830000
te_loss: 0.609886, te_score: 0.710000

time = 11
tr_loss: 0.572857, tr_score: 0.718750
va_loss: 0.613505, va_score: 0.680000
te_loss: 0.573899, te_score: 0.700000

time = 11
tr_loss: 0.572648, tr_score: 0.707500
va_loss: 0.588530, va_score: 0.690000
te_loss: 0.592783, te_score: 0.660000

time = 11
tr_loss: 0.548409, tr_score: 0.726250
va_loss: 0.574041, va_score: 0.680000
te_loss: 0.488338, te_score: 0.730000

time = 11
tr_loss: 0.589902, tr_score: 0.725000
va_loss: 0.632682, va_score: 0.670000
te_loss: 0.643927, te_score: 0.620000

time = 11
tr_loss: 0.611942, tr_score: 0.710000
va_loss: 0.653320, va_score: 0.680000
te_loss: 0.683986, te_score: 0.640000

time = 11
tr_loss: 0.549282, tr_score: 0.730000
va_loss: 0.553904, va_score: 0.690000
te_loss: 0.580537, te_score: 0.680000

time = 11
tr_loss: 0.609420, tr_score: 0.695000
va_loss: 0.554263, va_score: 0.750000
te_loss: 0.629714, te_score: 0.690000

time = 11
tr_loss: 0.602254, tr_score: 0.688750
va_loss: 0.682284, va_score: 0.640000
te_loss: 0.582830, te_score: 0.690000

time = 11
tr_loss: 0.605983, tr_score: 0.710000
va_loss: 0.544076, va_score: 0.760000
te_loss: 0.667901, te_score: 0.650000

time = 11
tr_loss: 0.555113, tr_score: 0.717500
va_loss: 0.558312, va_score: 0.730000
te_loss: 0.585146, te_score: 0.730000

time = 11
tr_loss: 0.540244, tr_score: 0.736250
va_loss: 0.549876, va_score: 0.720000
te_loss: 0.605068, te_score: 0.650000

time = 11
tr_loss: 0.599282, tr_score: 0.698750
va_loss: 0.533242, va_score: 0.760000
te_loss: 0.624818, te_score: 0.670000

======================================================
11  Seed:  [ 276. 7096. 7576. 7225. 8005. 7496. 1258. 6191. 8489. 5152. 4572. 4247.
 5941. 8136.  978. 3169. 6643. 4121. 8439. 9382.]
tr_loss: 0.575811, tr_score: 0.714188
va_loss: 0.584235, va_score: 0.712500
te_loss: 0.600071, te_score: 0.685500
time = 12
tr_loss: 0.555852, tr_score: 0.717500
va_loss: 0.595837, va_score: 0.700000
te_loss: 0.539305, te_score: 0.750000

time = 12
tr_loss: 0.595891, tr_score: 0.685000
va_loss: 0.613262, va_score: 0.640000
te_loss: 0.574074, te_score: 0.770000

time = 12
tr_loss: 0.573254, tr_score: 0.713750
va_loss: 0.628950, va_score: 0.670000
te_loss: 0.656017, te_score: 0.620000

time = 12
tr_loss: 0.598728, tr_score: 0.715000
va_loss: 0.652815, va_score: 0.670000
te_loss: 0.710009, te_score: 0.610000

time = 12
tr_loss: 0.562246, tr_score: 0.731250
va_loss: 0.602399, va_score: 0.700000
te_loss: 0.627381, te_score: 0.640000

time = 12
tr_loss: 0.476993, tr_score: 0.785000
va_loss: 0.483452, va_score: 0.760000
te_loss: 0.515256, te_score: 0.760000

time = 12
tr_loss: 0.529505, tr_score: 0.737500
va_loss: 0.634211, va_score: 0.610000
te_loss: 0.622966, te_score: 0.660000

time = 12
tr_loss: 0.557098, tr_score: 0.735000
va_loss: 0.590993, va_score: 0.710000
te_loss: 0.600327, te_score: 0.690000

time = 12
tr_loss: 0.578660, tr_score: 0.715000
va_loss: 0.561419, va_score: 0.720000
te_loss: 0.612591, te_score: 0.680000

time = 12
tr_loss: 0.587966, tr_score: 0.708750
va_loss: 0.609924, va_score: 0.670000
te_loss: 0.659310, te_score: 0.660000

time = 12
tr_loss: 0.612947, tr_score: 0.695000
va_loss: 0.600555, va_score: 0.710000
te_loss: 0.735060, te_score: 0.600000

time = 12
tr_loss: 0.575349, tr_score: 0.703750
va_loss: 0.524355, va_score: 0.780000
te_loss: 0.612394, te_score: 0.700000

time = 12
tr_loss: 0.600537, tr_score: 0.717500
va_loss: 0.618807, va_score: 0.670000
te_loss: 0.628777, te_score: 0.680000

time = 12
tr_loss: 0.571273, tr_score: 0.710000
va_loss: 0.555088, va_score: 0.750000
te_loss: 0.548641, te_score: 0.730000

time = 12
tr_loss: 0.566166, tr_score: 0.723750
va_loss: 0.546090, va_score: 0.760000
te_loss: 0.570858, te_score: 0.680000

time = 12
tr_loss: 0.587327, tr_score: 0.715000
va_loss: 0.623102, va_score: 0.680000
te_loss: 0.594906, te_score: 0.690000

time = 12
tr_loss: 0.610327, tr_score: 0.686250
va_loss: 0.648898, va_score: 0.660000
te_loss: 0.560811, te_score: 0.740000

time = 12
tr_loss: 0.575282, tr_score: 0.717500
va_loss: 0.584739, va_score: 0.690000
te_loss: 0.529107, te_score: 0.780000

time = 12
tr_loss: 0.595115, tr_score: 0.700000
va_loss: 0.611825, va_score: 0.690000
te_loss: 0.614651, te_score: 0.700000

time = 12
tr_loss: 0.584248, tr_score: 0.711250
va_loss: 0.614646, va_score: 0.680000
te_loss: 0.619818, te_score: 0.670000

======================================================
12  Seed:  [5995. 5359. 4959. 8841. 2084. 6283. 5803. 5547. 5856. 6466. 1029. 9406.
 1119. 6504. 6270.   89. 4601. 8528. 5236. 3309.]
tr_loss: 0.574738, tr_score: 0.716187
va_loss: 0.595068, va_score: 0.696000
te_loss: 0.606613, te_score: 0.690500
time = 13
tr_loss: 0.601426, tr_score: 0.681250
va_loss: 0.618519, va_score: 0.690000
te_loss: 0.561087, te_score: 0.720000

time = 13
tr_loss: 0.566138, tr_score: 0.718750
va_loss: 0.518822, va_score: 0.760000
te_loss: 0.552073, te_score: 0.720000

time = 13
tr_loss: 0.535209, tr_score: 0.750000
va_loss: 0.507657, va_score: 0.750000
te_loss: 0.688914, te_score: 0.590000

time = 13
tr_loss: 0.594659, tr_score: 0.713750
va_loss: 0.655846, va_score: 0.640000
te_loss: 0.559113, te_score: 0.730000

time = 13
tr_loss: 0.562365, tr_score: 0.718750
va_loss: 0.584531, va_score: 0.730000
te_loss: 0.582444, te_score: 0.720000

time = 13
tr_loss: 0.579958, tr_score: 0.727500
va_loss: 0.671953, va_score: 0.650000
te_loss: 0.599661, te_score: 0.720000

time = 13
tr_loss: 0.575491, tr_score: 0.737500
va_loss: 0.607621, va_score: 0.680000
te_loss: 0.601781, te_score: 0.690000

time = 13
tr_loss: 0.526572, tr_score: 0.753750
va_loss: 0.515493, va_score: 0.800000
te_loss: 0.495817, te_score: 0.770000

time = 13
tr_loss: 0.523959, tr_score: 0.740000
va_loss: 0.507544, va_score: 0.750000
te_loss: 0.477816, te_score: 0.780000

time = 13
tr_loss: 0.567611, tr_score: 0.735000
va_loss: 0.655058, va_score: 0.610000
te_loss: 0.536934, te_score: 0.770000

time = 13
tr_loss: 0.567384, tr_score: 0.716250
va_loss: 0.608976, va_score: 0.720000
te_loss: 0.728197, te_score: 0.580000

time = 13
tr_loss: 0.565949, tr_score: 0.716250
va_loss: 0.585611, va_score: 0.710000
te_loss: 0.574124, te_score: 0.730000

time = 13
tr_loss: 0.559331, tr_score: 0.720000
va_loss: 0.587623, va_score: 0.690000
te_loss: 0.542166, te_score: 0.670000

time = 13
tr_loss: 0.607516, tr_score: 0.708750
va_loss: 0.580734, va_score: 0.740000
te_loss: 0.601434, te_score: 0.710000

time = 13
tr_loss: 0.567675, tr_score: 0.703750
va_loss: 0.526329, va_score: 0.760000
te_loss: 0.523950, te_score: 0.780000

time = 13
tr_loss: 0.582021, tr_score: 0.713750
va_loss: 0.627138, va_score: 0.670000
te_loss: 0.650597, te_score: 0.660000

time = 13
tr_loss: 0.504062, tr_score: 0.763750
va_loss: 0.461666, va_score: 0.800000
te_loss: 0.577839, te_score: 0.650000

time = 13
tr_loss: 0.594213, tr_score: 0.707500
va_loss: 0.531652, va_score: 0.780000
te_loss: 0.595888, te_score: 0.730000

time = 13
tr_loss: 0.597584, tr_score: 0.700000
va_loss: 0.558020, va_score: 0.780000
te_loss: 0.618393, te_score: 0.650000

time = 13
tr_loss: 0.578851, tr_score: 0.696250
va_loss: 0.519232, va_score: 0.740000
te_loss: 0.492088, te_score: 0.780000

======================================================
13  Seed:  [3706. 3756. 2533. 6590. 1761. 5957. 4965. 8699. 1302.  214. 1426. 3422.
 9979.   35. 8073. 6183. 7853. 8174. 4923.  725.]
tr_loss: 0.567899, tr_score: 0.721125
va_loss: 0.571501, va_score: 0.722500
te_loss: 0.578016, te_score: 0.707500
time = 14
tr_loss: 0.586016, tr_score: 0.711250
va_loss: 0.654940, va_score: 0.640000
te_loss: 0.619304, te_score: 0.670000

time = 14
tr_loss: 0.608031, tr_score: 0.701250
va_loss: 0.640421, va_score: 0.680000
te_loss: 0.619602, te_score: 0.680000

time = 14
tr_loss: 0.568683, tr_score: 0.711250
va_loss: 0.561382, va_score: 0.700000
te_loss: 0.561175, te_score: 0.720000

time = 14
tr_loss: 0.594593, tr_score: 0.716250
va_loss: 0.612542, va_score: 0.690000
te_loss: 0.545541, te_score: 0.770000

time = 14
tr_loss: 0.586507, tr_score: 0.717500
va_loss: 0.566909, va_score: 0.700000
te_loss: 0.626557, te_score: 0.690000

time = 14
tr_loss: 0.540271, tr_score: 0.737500
va_loss: 0.541378, va_score: 0.740000
te_loss: 0.606574, te_score: 0.670000

time = 14
tr_loss: 0.639636, tr_score: 0.700000
va_loss: 0.550636, va_score: 0.780000
te_loss: 0.705653, te_score: 0.660000

time = 14
tr_loss: 0.567063, tr_score: 0.721250
va_loss: 0.622591, va_score: 0.690000
te_loss: 0.594015, te_score: 0.700000

time = 14
tr_loss: 0.588901, tr_score: 0.701250
va_loss: 0.571147, va_score: 0.710000
te_loss: 0.578590, te_score: 0.700000

time = 14
tr_loss: 0.588324, tr_score: 0.698750
va_loss: 0.535642, va_score: 0.780000
te_loss: 0.637108, te_score: 0.640000

time = 14
tr_loss: 0.587955, tr_score: 0.690000
va_loss: 0.538884, va_score: 0.760000
te_loss: 0.572619, te_score: 0.730000

time = 14
tr_loss: 0.572500, tr_score: 0.711250
va_loss: 0.542906, va_score: 0.720000
te_loss: 0.557996, te_score: 0.750000

time = 14
tr_loss: 0.568494, tr_score: 0.712500
va_loss: 0.540998, va_score: 0.770000
te_loss: 0.591708, te_score: 0.720000

time = 14
tr_loss: 0.580797, tr_score: 0.715000
va_loss: 0.568267, va_score: 0.710000
te_loss: 0.594884, te_score: 0.700000

time = 14
tr_loss: 0.556169, tr_score: 0.731250
va_loss: 0.603501, va_score: 0.710000
te_loss: 0.588856, te_score: 0.710000

time = 14
tr_loss: 0.578513, tr_score: 0.697500
va_loss: 0.547046, va_score: 0.720000
te_loss: 0.535494, te_score: 0.710000

time = 14
tr_loss: 0.582855, tr_score: 0.697500
va_loss: 0.546534, va_score: 0.750000
te_loss: 0.630687, te_score: 0.620000

time = 14
tr_loss: 0.584107, tr_score: 0.710000
va_loss: 0.636487, va_score: 0.700000
te_loss: 0.606945, te_score: 0.730000

time = 14
tr_loss: 0.578272, tr_score: 0.726250
va_loss: 0.604892, va_score: 0.700000
te_loss: 0.645516, te_score: 0.670000

time = 14
tr_loss: 0.607388, tr_score: 0.705000
va_loss: 0.650137, va_score: 0.670000
te_loss: 0.592618, te_score: 0.750000

======================================================
14  Seed:  [6736. 9332. 4026. 8791. 2185. 8095. 4925. 3877. 8332. 6847. 5871. 5004.
 2796. 4961. 1467. 7787. 3868. 5255. 9307. 9073.]
tr_loss: 0.583254, tr_score: 0.710625
va_loss: 0.581862, va_score: 0.716000
te_loss: 0.600572, te_score: 0.699500
time = 15
tr_loss: 0.555601, tr_score: 0.725000
va_loss: 0.525016, va_score: 0.730000
te_loss: 0.601282, te_score: 0.670000

time = 15
tr_loss: 0.617576, tr_score: 0.691250
va_loss: 0.589050, va_score: 0.720000
te_loss: 0.576165, te_score: 0.770000

time = 15
tr_loss: 0.570230, tr_score: 0.738750
va_loss: 0.607458, va_score: 0.670000
te_loss: 0.623817, te_score: 0.680000

time = 15
tr_loss: 0.570669, tr_score: 0.697500
va_loss: 0.461884, va_score: 0.810000
te_loss: 0.605064, te_score: 0.640000

time = 15
tr_loss: 0.576478, tr_score: 0.706250
va_loss: 0.585216, va_score: 0.670000
te_loss: 0.565923, te_score: 0.680000

time = 15
tr_loss: 0.580708, tr_score: 0.706250
va_loss: 0.640984, va_score: 0.660000
te_loss: 0.618191, te_score: 0.690000

time = 15
tr_loss: 0.591164, tr_score: 0.705000
va_loss: 0.592621, va_score: 0.670000
te_loss: 0.541696, te_score: 0.760000

time = 15
tr_loss: 0.557973, tr_score: 0.716250
va_loss: 0.547455, va_score: 0.730000
te_loss: 0.544456, te_score: 0.730000

time = 15
tr_loss: 0.582721, tr_score: 0.705000
va_loss: 0.562013, va_score: 0.720000
te_loss: 0.557910, te_score: 0.750000

time = 15
tr_loss: 0.556236, tr_score: 0.731250
va_loss: 0.624293, va_score: 0.630000
te_loss: 0.613854, te_score: 0.650000

time = 15
tr_loss: 0.607243, tr_score: 0.695000
va_loss: 0.565028, va_score: 0.740000
te_loss: 0.581564, te_score: 0.710000

time = 15
tr_loss: 0.578637, tr_score: 0.706250
va_loss: 0.594151, va_score: 0.700000
te_loss: 0.621970, te_score: 0.680000

time = 15
tr_loss: 0.574502, tr_score: 0.712500
va_loss: 0.555803, va_score: 0.750000
te_loss: 0.629636, te_score: 0.690000

time = 15
tr_loss: 0.562459, tr_score: 0.725000
va_loss: 0.593083, va_score: 0.660000
te_loss: 0.580838, te_score: 0.720000

time = 15
tr_loss: 0.525928, tr_score: 0.742500
va_loss: 0.538016, va_score: 0.740000
te_loss: 0.548093, te_score: 0.740000

time = 15
tr_loss: 0.558846, tr_score: 0.717500
va_loss: 0.624264, va_score: 0.670000
te_loss: 0.568855, te_score: 0.680000

time = 15
tr_loss: 0.560128, tr_score: 0.718750
va_loss: 0.519517, va_score: 0.780000
te_loss: 0.638183, te_score: 0.640000

time = 15
tr_loss: 0.555509, tr_score: 0.722500
va_loss: 0.599828, va_score: 0.670000
te_loss: 0.625358, te_score: 0.640000

time = 15
tr_loss: 0.579675, tr_score: 0.730000
va_loss: 0.556052, va_score: 0.750000
te_loss: 0.586407, te_score: 0.720000

time = 15
tr_loss: 0.523963, tr_score: 0.732500
va_loss: 0.500620, va_score: 0.750000
te_loss: 0.532864, te_score: 0.720000

======================================================
15  Seed:  [ 879. 4612.  287.  491. 3659. 8251. 7507. 1140. 3507. 4318. 9716. 8900.
 3870. 2555. 7340. 8792.  757. 6674. 3143.  691.]
tr_loss: 0.569312, tr_score: 0.716250
va_loss: 0.569118, va_score: 0.711000
te_loss: 0.588106, te_score: 0.698000
time = 16
tr_loss: 0.531069, tr_score: 0.728750
va_loss: 0.524179, va_score: 0.740000
te_loss: 0.535353, te_score: 0.700000

time = 16
tr_loss: 0.590442, tr_score: 0.707500
va_loss: 0.607149, va_score: 0.700000
te_loss: 0.633536, te_score: 0.650000

time = 16
tr_loss: 0.588950, tr_score: 0.683750
va_loss: 0.552685, va_score: 0.710000
te_loss: 0.618923, te_score: 0.650000

time = 16
tr_loss: 0.599316, tr_score: 0.691250
va_loss: 0.624019, va_score: 0.680000
te_loss: 0.589778, te_score: 0.720000

time = 16
tr_loss: 0.591030, tr_score: 0.716250
va_loss: 0.548518, va_score: 0.780000
te_loss: 0.608004, te_score: 0.690000

time = 16
tr_loss: 0.531048, tr_score: 0.746250
va_loss: 0.557586, va_score: 0.710000
te_loss: 0.687265, te_score: 0.590000

time = 16
tr_loss: 0.595383, tr_score: 0.693750
va_loss: 0.593912, va_score: 0.690000
te_loss: 0.553376, te_score: 0.730000

time = 16
tr_loss: 0.588058, tr_score: 0.708750
va_loss: 0.622551, va_score: 0.640000
te_loss: 0.633538, te_score: 0.670000

time = 16
tr_loss: 0.577660, tr_score: 0.698750
va_loss: 0.577725, va_score: 0.720000
te_loss: 0.551663, te_score: 0.740000

time = 16
tr_loss: 0.516282, tr_score: 0.752500
va_loss: 0.602736, va_score: 0.700000
te_loss: 0.613241, te_score: 0.650000

time = 16
tr_loss: 0.568666, tr_score: 0.721250
va_loss: 0.572163, va_score: 0.690000
te_loss: 0.588319, te_score: 0.670000

time = 16
tr_loss: 0.528562, tr_score: 0.716250
va_loss: 0.579126, va_score: 0.680000
te_loss: 0.577005, te_score: 0.670000

time = 16
tr_loss: 0.612861, tr_score: 0.698750
va_loss: 0.661780, va_score: 0.660000
te_loss: 0.580739, te_score: 0.720000

time = 16
tr_loss: 0.572722, tr_score: 0.715000
va_loss: 0.550698, va_score: 0.750000
te_loss: 0.511335, te_score: 0.750000

time = 16
tr_loss: 0.527109, tr_score: 0.747500
va_loss: 0.459304, va_score: 0.840000
te_loss: 0.505431, te_score: 0.750000

time = 16
tr_loss: 0.569215, tr_score: 0.706250
va_loss: 0.638660, va_score: 0.640000
te_loss: 0.588699, te_score: 0.710000

time = 16
tr_loss: 0.565793, tr_score: 0.696250
va_loss: 0.545503, va_score: 0.730000
te_loss: 0.594279, te_score: 0.680000

time = 16
tr_loss: 0.546315, tr_score: 0.721250
va_loss: 0.626272, va_score: 0.670000
te_loss: 0.533530, te_score: 0.720000

time = 16
tr_loss: 0.584916, tr_score: 0.688750
va_loss: 0.508768, va_score: 0.780000
te_loss: 0.602280, te_score: 0.720000

time = 16
tr_loss: 0.575385, tr_score: 0.712500
va_loss: 0.539208, va_score: 0.720000
te_loss: 0.524162, te_score: 0.770000

======================================================
16  Seed:  [9082. 6878.  978. 6918.   35. 3547.  812. 1562. 5243. 8191. 5330. 4602.
 2929. 4830.  303. 9956. 3156. 7475. 4637.  734.]
tr_loss: 0.568039, tr_score: 0.712562
va_loss: 0.574627, va_score: 0.711500
te_loss: 0.581523, te_score: 0.697500
time = 17
tr_loss: 0.578630, tr_score: 0.715000
va_loss: 0.602635, va_score: 0.680000
te_loss: 0.599420, te_score: 0.700000

time = 17
tr_loss: 0.585925, tr_score: 0.708750
va_loss: 0.601366, va_score: 0.670000
te_loss: 0.586309, te_score: 0.720000

time = 17
tr_loss: 0.559503, tr_score: 0.726250
va_loss: 0.662464, va_score: 0.660000
te_loss: 0.599672, te_score: 0.660000

time = 17
tr_loss: 0.593900, tr_score: 0.708750
va_loss: 0.654472, va_score: 0.640000
te_loss: 0.600288, te_score: 0.690000

time = 17
tr_loss: 0.609023, tr_score: 0.680000
va_loss: 0.564123, va_score: 0.750000
te_loss: 0.579162, te_score: 0.730000

time = 17
tr_loss: 0.568790, tr_score: 0.736250
va_loss: 0.571551, va_score: 0.740000
te_loss: 0.623188, te_score: 0.690000

time = 17
tr_loss: 0.568162, tr_score: 0.728750
va_loss: 0.643016, va_score: 0.650000
te_loss: 0.581686, te_score: 0.720000

time = 17
tr_loss: 0.590575, tr_score: 0.700000
va_loss: 0.647761, va_score: 0.640000
te_loss: 0.699765, te_score: 0.590000

time = 17
tr_loss: 0.563664, tr_score: 0.713750
va_loss: 0.522945, va_score: 0.710000
te_loss: 0.528569, te_score: 0.730000

time = 17
tr_loss: 0.612353, tr_score: 0.711250
va_loss: 0.634415, va_score: 0.660000
te_loss: 0.654013, te_score: 0.660000

time = 17
tr_loss: 0.561349, tr_score: 0.728750
va_loss: 0.602966, va_score: 0.710000
te_loss: 0.596542, te_score: 0.690000

time = 17
tr_loss: 0.661128, tr_score: 0.653750
va_loss: 0.605569, va_score: 0.690000
te_loss: 0.712165, te_score: 0.670000

time = 17
tr_loss: 0.580671, tr_score: 0.701250
va_loss: 0.610803, va_score: 0.670000
te_loss: 0.540823, te_score: 0.740000

time = 17
tr_loss: 0.576568, tr_score: 0.715000
va_loss: 0.537602, va_score: 0.730000
te_loss: 0.512822, te_score: 0.770000

time = 17
tr_loss: 0.564662, tr_score: 0.732500
va_loss: 0.632456, va_score: 0.680000
te_loss: 0.631890, te_score: 0.680000

time = 17
tr_loss: 0.604806, tr_score: 0.700000
va_loss: 0.566950, va_score: 0.720000
te_loss: 0.623255, te_score: 0.670000

time = 17
tr_loss: 0.571138, tr_score: 0.718750
va_loss: 0.640758, va_score: 0.630000
te_loss: 0.542153, te_score: 0.760000

time = 17
tr_loss: 0.618689, tr_score: 0.695000
va_loss: 0.565511, va_score: 0.700000
te_loss: 0.599687, te_score: 0.720000

time = 17
tr_loss: 0.587007, tr_score: 0.705000
va_loss: 0.589728, va_score: 0.710000
te_loss: 0.623067, te_score: 0.670000

time = 17
tr_loss: 0.593064, tr_score: 0.702500
va_loss: 0.567734, va_score: 0.700000
te_loss: 0.619321, te_score: 0.680000

======================================================
17  Seed:  [9997. 6891. 7283.  296. 4194.  627. 9187. 9699.  412. 3964. 5059. 1882.
 6859. 7098. 9012. 6459. 3018. 8410. 9321. 1260.]
tr_loss: 0.587480, tr_score: 0.709063
va_loss: 0.601241, va_score: 0.687000
te_loss: 0.602690, te_score: 0.697000
time = 18
tr_loss: 0.591264, tr_score: 0.706250
va_loss: 0.579408, va_score: 0.730000
te_loss: 0.579353, te_score: 0.740000

time = 18
tr_loss: 0.574831, tr_score: 0.710000
va_loss: 0.600994, va_score: 0.700000
te_loss: 0.539510, te_score: 0.750000

time = 18
tr_loss: 0.600570, tr_score: 0.701250
va_loss: 0.574705, va_score: 0.730000
te_loss: 0.600707, te_score: 0.660000

time = 18
tr_loss: 0.593853, tr_score: 0.696250
va_loss: 0.595231, va_score: 0.710000
te_loss: 0.548666, te_score: 0.720000

time = 18
tr_loss: 0.590041, tr_score: 0.692500
va_loss: 0.598622, va_score: 0.700000
te_loss: 0.496935, te_score: 0.770000

time = 18
tr_loss: 0.587165, tr_score: 0.712500
va_loss: 0.603500, va_score: 0.680000
te_loss: 0.577822, te_score: 0.740000

time = 18
tr_loss: 0.597888, tr_score: 0.712500
va_loss: 0.656581, va_score: 0.640000
te_loss: 0.572118, te_score: 0.740000

time = 18
tr_loss: 0.557411, tr_score: 0.720000
va_loss: 0.599281, va_score: 0.690000
te_loss: 0.681184, te_score: 0.590000

time = 18
tr_loss: 0.574205, tr_score: 0.710000
va_loss: 0.554639, va_score: 0.720000
te_loss: 0.609508, te_score: 0.650000

time = 18
tr_loss: 0.566753, tr_score: 0.713750
va_loss: 0.560351, va_score: 0.710000
te_loss: 0.592193, te_score: 0.700000

time = 18
tr_loss: 0.568531, tr_score: 0.717500
va_loss: 0.631954, va_score: 0.670000
te_loss: 0.533795, te_score: 0.770000

time = 18
tr_loss: 0.560709, tr_score: 0.730000
va_loss: 0.578085, va_score: 0.680000
te_loss: 0.562000, te_score: 0.740000

time = 18
tr_loss: 0.584621, tr_score: 0.715000
va_loss: 0.621910, va_score: 0.660000
te_loss: 0.601417, te_score: 0.660000

time = 18
tr_loss: 0.579058, tr_score: 0.703750
va_loss: 0.564782, va_score: 0.710000
te_loss: 0.546167, te_score: 0.730000

time = 18
tr_loss: 0.561363, tr_score: 0.726250
va_loss: 0.542896, va_score: 0.740000
te_loss: 0.526361, te_score: 0.770000

time = 18
tr_loss: 0.597856, tr_score: 0.700000
va_loss: 0.546897, va_score: 0.740000
te_loss: 0.579072, te_score: 0.710000

time = 18
tr_loss: 0.599515, tr_score: 0.715000
va_loss: 0.639412, va_score: 0.660000
te_loss: 0.522359, te_score: 0.790000

time = 18
tr_loss: 0.576419, tr_score: 0.708750
va_loss: 0.556588, va_score: 0.730000
te_loss: 0.599045, te_score: 0.660000

time = 18
tr_loss: 0.582104, tr_score: 0.701250
va_loss: 0.549395, va_score: 0.760000
te_loss: 0.595241, te_score: 0.660000

time = 18
tr_loss: 0.562394, tr_score: 0.720000
va_loss: 0.538223, va_score: 0.760000
te_loss: 0.596983, te_score: 0.700000

======================================================
18  Seed:  [ 873. 4207. 9606. 9170. 6333. 9407. 8590.  438. 6112. 2282. 5826. 4132.
 5788. 3773.  899. 1544. 7119. 3120. 1138. 3253.]
tr_loss: 0.580328, tr_score: 0.710625
va_loss: 0.584673, va_score: 0.706000
te_loss: 0.573022, te_score: 0.712500
time = 19
tr_loss: 0.564804, tr_score: 0.731250
va_loss: 0.649807, va_score: 0.640000
te_loss: 0.637533, te_score: 0.660000

time = 19
tr_loss: 0.542695, tr_score: 0.726250
va_loss: 0.560820, va_score: 0.740000
te_loss: 0.610116, te_score: 0.640000

time = 19
tr_loss: 0.583762, tr_score: 0.703750
va_loss: 0.551347, va_score: 0.740000
te_loss: 0.611923, te_score: 0.660000

time = 19
tr_loss: 0.546561, tr_score: 0.720000
va_loss: 0.553840, va_score: 0.690000
te_loss: 0.561889, te_score: 0.710000

time = 19
tr_loss: 0.609894, tr_score: 0.691250
va_loss: 0.572707, va_score: 0.700000
te_loss: 0.570802, te_score: 0.750000

time = 19
tr_loss: 0.563775, tr_score: 0.721250
va_loss: 0.586584, va_score: 0.670000
te_loss: 0.573920, te_score: 0.710000

time = 19
tr_loss: 0.567320, tr_score: 0.716250
va_loss: 0.529181, va_score: 0.750000
te_loss: 0.580047, te_score: 0.690000

time = 19
tr_loss: 0.570366, tr_score: 0.716250
va_loss: 0.615031, va_score: 0.650000
te_loss: 0.611350, te_score: 0.690000

time = 19
tr_loss: 0.589032, tr_score: 0.695000
va_loss: 0.604940, va_score: 0.690000
te_loss: 0.548646, te_score: 0.740000

time = 19
tr_loss: 0.588234, tr_score: 0.705000
va_loss: 0.646852, va_score: 0.670000
te_loss: 0.625616, te_score: 0.690000

time = 19
tr_loss: 0.613269, tr_score: 0.696250
va_loss: 0.602002, va_score: 0.690000
te_loss: 0.694062, te_score: 0.660000

time = 19
tr_loss: 0.588739, tr_score: 0.718750
va_loss: 0.601241, va_score: 0.700000
te_loss: 0.614882, te_score: 0.690000

time = 19
tr_loss: 0.567107, tr_score: 0.727500
va_loss: 0.602769, va_score: 0.700000
te_loss: 0.635198, te_score: 0.650000

time = 19
tr_loss: 0.584387, tr_score: 0.703750
va_loss: 0.608109, va_score: 0.710000
te_loss: 0.603807, te_score: 0.650000

time = 19
tr_loss: 0.588781, tr_score: 0.697500
va_loss: 0.591896, va_score: 0.700000
te_loss: 0.539852, te_score: 0.750000

time = 19
tr_loss: 0.587891, tr_score: 0.712500
va_loss: 0.536001, va_score: 0.760000
te_loss: 0.597119, te_score: 0.710000

time = 19
tr_loss: 0.570712, tr_score: 0.713750
va_loss: 0.565496, va_score: 0.700000
te_loss: 0.627042, te_score: 0.670000

time = 19
tr_loss: 0.551604, tr_score: 0.717500
va_loss: 0.534676, va_score: 0.770000
te_loss: 0.509251, te_score: 0.760000

time = 19
tr_loss: 0.639710, tr_score: 0.687500
va_loss: 0.639558, va_score: 0.730000
te_loss: 0.576835, te_score: 0.710000

time = 19
tr_loss: 0.590519, tr_score: 0.700000
va_loss: 0.634000, va_score: 0.640000
te_loss: 0.542880, te_score: 0.770000

======================================================
19  Seed:  [3709. 6253. 7969. 4492. 4878.  212. 2129. 7387.  610. 9877. 6936. 8416.
 1824. 6324. 9841. 5493. 7619. 7977.  518. 1963.]
tr_loss: 0.580458, tr_score: 0.710062
va_loss: 0.589343, va_score: 0.702000
te_loss: 0.593638, te_score: 0.698000
time = 20
tr_loss: 0.585776, tr_score: 0.673750
va_loss: 0.549359, va_score: 0.730000
te_loss: 0.575722, te_score: 0.750000

time = 20
tr_loss: 0.579552, tr_score: 0.700000
va_loss: 0.548574, va_score: 0.750000
te_loss: 0.562947, te_score: 0.710000

time = 20
tr_loss: 0.577468, tr_score: 0.703750
va_loss: 0.608460, va_score: 0.700000
te_loss: 0.653089, te_score: 0.680000

time = 20
tr_loss: 0.574527, tr_score: 0.696250
va_loss: 0.627845, va_score: 0.640000
te_loss: 0.516221, te_score: 0.780000

time = 20
tr_loss: 0.593795, tr_score: 0.722500
va_loss: 0.642814, va_score: 0.640000
te_loss: 0.570780, te_score: 0.690000

time = 20
tr_loss: 0.597851, tr_score: 0.710000
va_loss: 0.567929, va_score: 0.760000
te_loss: 0.595579, te_score: 0.720000

time = 20
tr_loss: 0.596594, tr_score: 0.690000
va_loss: 0.546814, va_score: 0.760000
te_loss: 0.593480, te_score: 0.700000

time = 20
tr_loss: 0.601579, tr_score: 0.701250
va_loss: 0.652577, va_score: 0.650000
te_loss: 0.565686, te_score: 0.740000

time = 20
tr_loss: 0.583220, tr_score: 0.721250
va_loss: 0.603670, va_score: 0.660000
te_loss: 0.540166, te_score: 0.780000

time = 20
tr_loss: 0.595871, tr_score: 0.688750
va_loss: 0.526641, va_score: 0.800000
te_loss: 0.553085, te_score: 0.690000

time = 20
tr_loss: 0.579751, tr_score: 0.715000
va_loss: 0.610142, va_score: 0.710000
te_loss: 0.576642, te_score: 0.720000

time = 20
tr_loss: 0.587307, tr_score: 0.703750
va_loss: 0.601843, va_score: 0.700000
te_loss: 0.553302, te_score: 0.750000

time = 20
tr_loss: 0.547297, tr_score: 0.710000
va_loss: 0.536603, va_score: 0.740000
te_loss: 0.569446, te_score: 0.700000

time = 20
tr_loss: 0.580503, tr_score: 0.703750
va_loss: 0.577424, va_score: 0.700000
te_loss: 0.575646, te_score: 0.710000

time = 20
tr_loss: 0.584580, tr_score: 0.710000
va_loss: 0.588015, va_score: 0.710000
te_loss: 0.591848, te_score: 0.710000

time = 20
tr_loss: 0.575912, tr_score: 0.723750
va_loss: 0.657526, va_score: 0.650000
te_loss: 0.599795, te_score: 0.680000

time = 20
tr_loss: 0.573407, tr_score: 0.721250
va_loss: 0.600945, va_score: 0.710000
te_loss: 0.593092, te_score: 0.720000

time = 20
tr_loss: 0.505799, tr_score: 0.748750
va_loss: 0.548793, va_score: 0.730000
te_loss: 0.618282, te_score: 0.710000

time = 20
tr_loss: 0.567847, tr_score: 0.711250
va_loss: 0.512483, va_score: 0.750000
te_loss: 0.573620, te_score: 0.730000

time = 20
tr_loss: 0.618482, tr_score: 0.700000
va_loss: 0.635296, va_score: 0.700000
te_loss: 0.632460, te_score: 0.720000

======================================================
20  Seed:  [8890. 5137. 6638. 5364. 3035. 4210. 5798. 9783. 7946.  146. 8127. 1556.
 1338. 7812. 5900. 6230. 6141. 6234. 5455. 7649.]
tr_loss: 0.580356, tr_score: 0.707750
va_loss: 0.587188, va_score: 0.709500
te_loss: 0.580544, te_score: 0.719500


mid seed:  [6736. 9332. 4026. 8791. 2185. 8095. 4925. 3877. 8332. 6847. 5871. 5004.
 2796. 4961. 1467. 7787. 3868. 5255. 9307. 9073.]
mid test scores 0.6995
