time = 0
tr_loss: 0.565873, tr_score: 0.711250
va_loss: 0.565783, va_score: 0.700000
te_loss: 0.555231, te_score: 0.730000

time = 0
tr_loss: 0.576165, tr_score: 0.732500
va_loss: 0.662951, va_score: 0.670000
te_loss: 0.718002, te_score: 0.600000

time = 0
tr_loss: 0.578270, tr_score: 0.713750
va_loss: 0.627627, va_score: 0.670000
te_loss: 0.673550, te_score: 0.630000

time = 0
tr_loss: 0.561886, tr_score: 0.703750
va_loss: 0.566749, va_score: 0.750000
te_loss: 0.567963, te_score: 0.680000

time = 0
tr_loss: 0.581007, tr_score: 0.708750
va_loss: 0.598132, va_score: 0.730000
te_loss: 0.569133, te_score: 0.750000

time = 0
tr_loss: 0.588039, tr_score: 0.723750
va_loss: 0.672359, va_score: 0.630000
te_loss: 0.677993, te_score: 0.620000

time = 0
tr_loss: 0.599057, tr_score: 0.688750
va_loss: 0.542697, va_score: 0.710000
te_loss: 0.487734, te_score: 0.770000

time = 0
tr_loss: 0.592359, tr_score: 0.687500
va_loss: 0.524050, va_score: 0.750000
te_loss: 0.589001, te_score: 0.710000

time = 0
tr_loss: 0.551876, tr_score: 0.735000
va_loss: 0.504583, va_score: 0.770000
te_loss: 0.547468, te_score: 0.750000

time = 0
tr_loss: 0.594999, tr_score: 0.692500
va_loss: 0.633352, va_score: 0.660000
te_loss: 0.521772, te_score: 0.800000

time = 0
tr_loss: 0.632091, tr_score: 0.678750
va_loss: 0.578285, va_score: 0.730000
te_loss: 0.691231, te_score: 0.610000

time = 0
tr_loss: 0.560799, tr_score: 0.740000
va_loss: 0.602124, va_score: 0.710000
te_loss: 0.708918, te_score: 0.580000

time = 0
tr_loss: 0.547041, tr_score: 0.723750
va_loss: 0.573922, va_score: 0.690000
te_loss: 0.623349, te_score: 0.630000

time = 0
tr_loss: 0.587580, tr_score: 0.707500
va_loss: 0.543321, va_score: 0.750000
te_loss: 0.678296, te_score: 0.620000

time = 0
tr_loss: 0.543061, tr_score: 0.720000
va_loss: 0.619624, va_score: 0.670000
te_loss: 0.585933, te_score: 0.720000

time = 0
tr_loss: 0.596054, tr_score: 0.697500
va_loss: 0.649079, va_score: 0.630000
te_loss: 0.578592, te_score: 0.730000

time = 0
tr_loss: 0.538760, tr_score: 0.731250
va_loss: 0.614276, va_score: 0.650000
te_loss: 0.539422, te_score: 0.770000

time = 0
tr_loss: 0.608238, tr_score: 0.707500
va_loss: 0.647032, va_score: 0.700000
te_loss: 0.623947, te_score: 0.670000

time = 0
tr_loss: 0.605554, tr_score: 0.720000
va_loss: 0.649468, va_score: 0.660000
te_loss: 0.671938, te_score: 0.630000

time = 0
tr_loss: 0.589286, tr_score: 0.697500
va_loss: 0.540789, va_score: 0.780000
te_loss: 0.662145, te_score: 0.640000

======================================================
0  Seed:  [ 140. 2411. 2238. 5068. 2300. 9812. 6334. 4380. 4021. 8554. 2226. 8534.
 4715. 7921. 4457. 6212.  255.  495. 8301.  932.]
tr_loss: 0.579900, tr_score: 0.711062
va_loss: 0.595810, va_score: 0.700500
te_loss: 0.613581, te_score: 0.682000
time = 1
tr_loss: 0.550458, tr_score: 0.711250
va_loss: 0.650211, va_score: 0.610000
te_loss: 0.580541, te_score: 0.700000

time = 1
tr_loss: 0.587937, tr_score: 0.722500
va_loss: 0.664477, va_score: 0.710000
te_loss: 0.574856, te_score: 0.750000

time = 1
tr_loss: 0.574909, tr_score: 0.713750
va_loss: 0.568483, va_score: 0.710000
te_loss: 0.547262, te_score: 0.750000

time = 1
tr_loss: 0.578109, tr_score: 0.718750
va_loss: 0.549932, va_score: 0.760000
te_loss: 0.641644, te_score: 0.650000

time = 1
tr_loss: 0.602922, tr_score: 0.721250
va_loss: 0.657505, va_score: 0.660000
te_loss: 0.605398, te_score: 0.720000

time = 1
tr_loss: 0.592535, tr_score: 0.698750
va_loss: 0.621225, va_score: 0.670000
te_loss: 0.536633, te_score: 0.750000

time = 1
tr_loss: 0.589209, tr_score: 0.695000
va_loss: 0.557228, va_score: 0.700000
te_loss: 0.606657, te_score: 0.660000

time = 1
tr_loss: 0.596488, tr_score: 0.697500
va_loss: 0.551732, va_score: 0.750000
te_loss: 0.544363, te_score: 0.750000

time = 1
tr_loss: 0.571790, tr_score: 0.707500
va_loss: 0.589332, va_score: 0.660000
te_loss: 0.546414, te_score: 0.750000

time = 1
tr_loss: 0.559337, tr_score: 0.718750
va_loss: 0.557993, va_score: 0.760000
te_loss: 0.629994, te_score: 0.660000

time = 1
tr_loss: 0.573035, tr_score: 0.731250
va_loss: 0.597915, va_score: 0.670000
te_loss: 0.517718, te_score: 0.810000

time = 1
tr_loss: 0.575696, tr_score: 0.718750
va_loss: 0.609701, va_score: 0.690000
te_loss: 0.607089, te_score: 0.700000

time = 1
tr_loss: 0.600143, tr_score: 0.706250
va_loss: 0.517491, va_score: 0.770000
te_loss: 0.669786, te_score: 0.630000

time = 1
tr_loss: 0.537582, tr_score: 0.743750
va_loss: 0.518422, va_score: 0.730000
te_loss: 0.550332, te_score: 0.700000

time = 1
tr_loss: 0.586663, tr_score: 0.681250
va_loss: 0.676446, va_score: 0.610000
te_loss: 0.645669, te_score: 0.600000

time = 1
tr_loss: 0.576530, tr_score: 0.731250
va_loss: 0.619532, va_score: 0.700000
te_loss: 0.577540, te_score: 0.690000

time = 1
tr_loss: 0.598950, tr_score: 0.706250
va_loss: 0.551332, va_score: 0.740000
te_loss: 0.619723, te_score: 0.680000

time = 1
tr_loss: 0.582942, tr_score: 0.730000
va_loss: 0.583803, va_score: 0.700000
te_loss: 0.555098, te_score: 0.720000

time = 1
tr_loss: 0.588752, tr_score: 0.710000
va_loss: 0.549642, va_score: 0.770000
te_loss: 0.634665, te_score: 0.690000

time = 1
tr_loss: 0.593280, tr_score: 0.693750
va_loss: 0.556570, va_score: 0.760000
te_loss: 0.526516, te_score: 0.770000

======================================================
1  Seed:  [8640.  888. 4066.  552. 1437. 6591. 8969.  824. 8811.  938.  550. 9822.
 6241. 3057. 1352. 8361. 5326. 3377. 2314. 8889.]
tr_loss: 0.580863, tr_score: 0.712875
va_loss: 0.587449, va_score: 0.706500
te_loss: 0.585895, te_score: 0.706500
time = 2
tr_loss: 0.599160, tr_score: 0.697500
va_loss: 0.573720, va_score: 0.720000
te_loss: 0.613772, te_score: 0.710000

time = 2
tr_loss: 0.573441, tr_score: 0.716250
va_loss: 0.518759, va_score: 0.770000
te_loss: 0.591044, te_score: 0.670000

time = 2
tr_loss: 0.549244, tr_score: 0.711250
va_loss: 0.470905, va_score: 0.830000
te_loss: 0.535648, te_score: 0.750000

time = 2
tr_loss: 0.610785, tr_score: 0.725000
va_loss: 0.606727, va_score: 0.700000
te_loss: 0.572436, te_score: 0.720000

time = 2
tr_loss: 0.557692, tr_score: 0.725000
va_loss: 0.529798, va_score: 0.750000
te_loss: 0.474039, te_score: 0.800000

time = 2
tr_loss: 0.541195, tr_score: 0.718750
va_loss: 0.566186, va_score: 0.710000
te_loss: 0.612039, te_score: 0.640000

time = 2
tr_loss: 0.545001, tr_score: 0.728750
va_loss: 0.585573, va_score: 0.690000
te_loss: 0.574965, te_score: 0.710000

time = 2
tr_loss: 0.611245, tr_score: 0.667500
va_loss: 0.586839, va_score: 0.690000
te_loss: 0.583418, te_score: 0.690000

time = 2
tr_loss: 0.595397, tr_score: 0.711250
va_loss: 0.605616, va_score: 0.720000
te_loss: 0.638588, te_score: 0.650000

time = 2
tr_loss: 0.521641, tr_score: 0.721250
va_loss: 0.530892, va_score: 0.750000
te_loss: 0.522951, te_score: 0.740000

time = 2
tr_loss: 0.584807, tr_score: 0.703750
va_loss: 0.565373, va_score: 0.730000
te_loss: 0.623128, te_score: 0.660000

time = 2
tr_loss: 0.551106, tr_score: 0.721250
va_loss: 0.560345, va_score: 0.730000
te_loss: 0.493239, te_score: 0.790000

time = 2
tr_loss: 0.599284, tr_score: 0.697500
va_loss: 0.576387, va_score: 0.730000
te_loss: 0.607379, te_score: 0.690000

time = 2
tr_loss: 0.590995, tr_score: 0.692500
va_loss: 0.528979, va_score: 0.760000
te_loss: 0.555839, te_score: 0.710000

time = 2
tr_loss: 0.581774, tr_score: 0.703750
va_loss: 0.589622, va_score: 0.670000
te_loss: 0.599660, te_score: 0.720000

time = 2
tr_loss: 0.600002, tr_score: 0.686250
va_loss: 0.585052, va_score: 0.690000
te_loss: 0.571148, te_score: 0.760000

time = 2
tr_loss: 0.574662, tr_score: 0.726250
va_loss: 0.583495, va_score: 0.730000
te_loss: 0.600599, te_score: 0.670000

time = 2
tr_loss: 0.544857, tr_score: 0.720000
va_loss: 0.583597, va_score: 0.690000
te_loss: 0.524505, te_score: 0.750000

time = 2
tr_loss: 0.485686, tr_score: 0.772500
va_loss: 0.491894, va_score: 0.750000
te_loss: 0.546489, te_score: 0.680000

time = 2
tr_loss: 0.577735, tr_score: 0.706250
va_loss: 0.567946, va_score: 0.720000
te_loss: 0.591710, te_score: 0.700000

======================================================
2  Seed:  [5478. 7027. 2150. 7559. 3662. 2043. 8598. 4158. 6442. 4398. 3939. 9768.
 5143. 2231.  162. 6860. 3496. 7749. 2530. 2730.]
tr_loss: 0.569785, tr_score: 0.712625
va_loss: 0.560385, va_score: 0.726500
te_loss: 0.571630, te_score: 0.710500
time = 3
tr_loss: 0.609078, tr_score: 0.670000
va_loss: 0.673715, va_score: 0.670000
te_loss: 0.603511, te_score: 0.700000

time = 3
tr_loss: 0.580312, tr_score: 0.698750
va_loss: 0.609084, va_score: 0.680000
te_loss: 0.601470, te_score: 0.680000

time = 3
tr_loss: 0.582376, tr_score: 0.715000
va_loss: 0.619009, va_score: 0.650000
te_loss: 0.623406, te_score: 0.660000

time = 3
tr_loss: 0.646516, tr_score: 0.686250
va_loss: 0.565543, va_score: 0.770000
te_loss: 0.666923, te_score: 0.700000

time = 3
tr_loss: 0.582407, tr_score: 0.715000
va_loss: 0.571427, va_score: 0.700000
te_loss: 0.608364, te_score: 0.690000

time = 3
tr_loss: 0.575100, tr_score: 0.700000
va_loss: 0.513650, va_score: 0.740000
te_loss: 0.569537, te_score: 0.700000

time = 3
tr_loss: 0.630229, tr_score: 0.698750
va_loss: 0.756432, va_score: 0.590000
te_loss: 0.663923, te_score: 0.710000

time = 3
tr_loss: 0.567992, tr_score: 0.727500
va_loss: 0.655486, va_score: 0.630000
te_loss: 0.648900, te_score: 0.620000

time = 3
tr_loss: 0.570381, tr_score: 0.718750
va_loss: 0.621651, va_score: 0.680000
te_loss: 0.568668, te_score: 0.720000

time = 3
tr_loss: 0.558944, tr_score: 0.712500
va_loss: 0.560052, va_score: 0.700000
te_loss: 0.579103, te_score: 0.710000

time = 3
tr_loss: 0.572414, tr_score: 0.705000
va_loss: 0.607703, va_score: 0.710000
te_loss: 0.607469, te_score: 0.680000

time = 3
tr_loss: 0.585445, tr_score: 0.698750
va_loss: 0.544129, va_score: 0.750000
te_loss: 0.592842, te_score: 0.710000

time = 3
tr_loss: 0.582362, tr_score: 0.698750
va_loss: 0.556994, va_score: 0.720000
te_loss: 0.595329, te_score: 0.700000

time = 3
tr_loss: 0.577580, tr_score: 0.717500
va_loss: 0.637362, va_score: 0.650000
te_loss: 0.526345, te_score: 0.750000

time = 3
tr_loss: 0.566854, tr_score: 0.730000
va_loss: 0.658762, va_score: 0.660000
te_loss: 0.593253, te_score: 0.710000

time = 3
tr_loss: 0.583233, tr_score: 0.710000
va_loss: 0.615817, va_score: 0.680000
te_loss: 0.618323, te_score: 0.690000

time = 3
tr_loss: 0.557024, tr_score: 0.718750
va_loss: 0.564861, va_score: 0.710000
te_loss: 0.592113, te_score: 0.680000

time = 3
tr_loss: 0.577925, tr_score: 0.723750
va_loss: 0.682194, va_score: 0.620000
te_loss: 0.615287, te_score: 0.680000

time = 3
tr_loss: 0.600187, tr_score: 0.712500
va_loss: 0.637697, va_score: 0.660000
te_loss: 0.603871, te_score: 0.660000

time = 3
tr_loss: 0.597893, tr_score: 0.697500
va_loss: 0.602353, va_score: 0.700000
te_loss: 0.564699, te_score: 0.740000

======================================================
3  Seed:  [6469. 3301. 7178. 4323. 9525.  454. 7215. 4562. 5178. 3971. 9338. 3960.
 2970. 9630. 2254.  396. 4264. 8949. 7913. 1289.]
tr_loss: 0.585213, tr_score: 0.707750
va_loss: 0.612696, va_score: 0.683500
te_loss: 0.602167, te_score: 0.694500
time = 4
tr_loss: 0.613153, tr_score: 0.685000
va_loss: 0.621129, va_score: 0.680000
te_loss: 0.545342, te_score: 0.720000

time = 4
tr_loss: 0.607167, tr_score: 0.690000
va_loss: 0.514684, va_score: 0.730000
te_loss: 0.587964, te_score: 0.730000

time = 4
tr_loss: 0.496789, tr_score: 0.768750
va_loss: 0.487746, va_score: 0.750000
te_loss: 0.567539, te_score: 0.690000

time = 4
tr_loss: 0.570901, tr_score: 0.712500
va_loss: 0.581106, va_score: 0.740000
te_loss: 0.597500, te_score: 0.700000

time = 4
tr_loss: 0.534842, tr_score: 0.721250
va_loss: 0.610756, va_score: 0.670000
te_loss: 0.544952, te_score: 0.760000

time = 4
tr_loss: 0.580891, tr_score: 0.705000
va_loss: 0.589327, va_score: 0.710000
te_loss: 0.584868, te_score: 0.680000

time = 4
tr_loss: 0.615024, tr_score: 0.695000
va_loss: 0.604972, va_score: 0.690000
te_loss: 0.618178, te_score: 0.680000

time = 4
tr_loss: 0.587646, tr_score: 0.711250
va_loss: 0.631093, va_score: 0.680000
te_loss: 0.540617, te_score: 0.770000

time = 4
tr_loss: 0.622146, tr_score: 0.692500
va_loss: 0.615210, va_score: 0.680000
te_loss: 0.585211, te_score: 0.720000

time = 4
tr_loss: 0.573139, tr_score: 0.702500
va_loss: 0.599721, va_score: 0.690000
te_loss: 0.554541, te_score: 0.690000

time = 4
tr_loss: 0.575911, tr_score: 0.716250
va_loss: 0.627014, va_score: 0.660000
te_loss: 0.636965, te_score: 0.670000

time = 4
tr_loss: 0.542021, tr_score: 0.710000
va_loss: 0.526644, va_score: 0.720000
te_loss: 0.551905, te_score: 0.690000

time = 4
tr_loss: 0.557751, tr_score: 0.707500
va_loss: 0.516844, va_score: 0.770000
te_loss: 0.585648, te_score: 0.700000

time = 4
tr_loss: 0.605062, tr_score: 0.688750
va_loss: 0.584491, va_score: 0.750000
te_loss: 0.518317, te_score: 0.780000

time = 4
tr_loss: 0.553181, tr_score: 0.725000
va_loss: 0.575401, va_score: 0.690000
te_loss: 0.658714, te_score: 0.610000

time = 4
tr_loss: 0.588809, tr_score: 0.692500
va_loss: 0.548009, va_score: 0.760000
te_loss: 0.559310, te_score: 0.750000

time = 4
tr_loss: 0.593568, tr_score: 0.697500
va_loss: 0.524719, va_score: 0.770000
te_loss: 0.608955, te_score: 0.660000

time = 4
tr_loss: 0.570989, tr_score: 0.698750
va_loss: 0.575625, va_score: 0.720000
te_loss: 0.590935, te_score: 0.690000

time = 4
tr_loss: 0.613457, tr_score: 0.643750
va_loss: 0.653983, va_score: 0.640000
te_loss: 0.660013, te_score: 0.600000

time = 4
tr_loss: 0.569404, tr_score: 0.710000
va_loss: 0.577212, va_score: 0.700000
te_loss: 0.539090, te_score: 0.760000

======================================================
4  Seed:  [8744.  130. 2730. 2289. 3436.   91. 5431.  214. 1996. 7906. 4318. 5189.
 9458. 5884. 7590. 9032. 7937. 3024. 1021. 9551.]
tr_loss: 0.578593, tr_score: 0.703688
va_loss: 0.578284, va_score: 0.710000
te_loss: 0.581828, te_score: 0.702500
time = 5
tr_loss: 0.490929, tr_score: 0.777500
va_loss: 0.522441, va_score: 0.730000
te_loss: 0.552985, te_score: 0.750000

time = 5
tr_loss: 0.615770, tr_score: 0.708750
va_loss: 0.643961, va_score: 0.680000
te_loss: 0.574985, te_score: 0.750000

time = 5
tr_loss: 0.566784, tr_score: 0.726250
va_loss: 0.586455, va_score: 0.720000
te_loss: 0.600100, te_score: 0.740000

time = 5
tr_loss: 0.586470, tr_score: 0.712500
va_loss: 0.573732, va_score: 0.750000
te_loss: 0.573701, te_score: 0.710000

time = 5
tr_loss: 0.549302, tr_score: 0.728750
va_loss: 0.589892, va_score: 0.720000
te_loss: 0.489545, te_score: 0.780000

time = 5
tr_loss: 0.609530, tr_score: 0.696250
va_loss: 0.594525, va_score: 0.710000
te_loss: 0.561559, te_score: 0.760000

time = 5
tr_loss: 0.568059, tr_score: 0.710000
va_loss: 0.520817, va_score: 0.760000
te_loss: 0.602796, te_score: 0.710000

time = 5
tr_loss: 0.562047, tr_score: 0.721250
va_loss: 0.551637, va_score: 0.750000
te_loss: 0.553394, te_score: 0.720000

time = 5
tr_loss: 0.559631, tr_score: 0.718750
va_loss: 0.545171, va_score: 0.720000
te_loss: 0.562100, te_score: 0.730000

time = 5
tr_loss: 0.609731, tr_score: 0.692500
va_loss: 0.580940, va_score: 0.720000
te_loss: 0.581125, te_score: 0.740000

time = 5
tr_loss: 0.615278, tr_score: 0.692500
va_loss: 0.678797, va_score: 0.630000
te_loss: 0.595420, te_score: 0.720000

time = 5
tr_loss: 0.583702, tr_score: 0.705000
va_loss: 0.489794, va_score: 0.800000
te_loss: 0.586143, te_score: 0.720000

time = 5
tr_loss: 0.513415, tr_score: 0.732500
va_loss: 0.512962, va_score: 0.720000
te_loss: 0.533300, te_score: 0.740000

time = 5
tr_loss: 0.583578, tr_score: 0.711250
va_loss: 0.601006, va_score: 0.680000
te_loss: 0.633939, te_score: 0.650000

time = 5
tr_loss: 0.587402, tr_score: 0.706250
va_loss: 0.592968, va_score: 0.690000
te_loss: 0.600801, te_score: 0.690000

time = 5
tr_loss: 0.612825, tr_score: 0.697500
va_loss: 0.560701, va_score: 0.770000
te_loss: 0.689154, te_score: 0.600000

time = 5
tr_loss: 0.593807, tr_score: 0.698750
va_loss: 0.630313, va_score: 0.650000
te_loss: 0.598849, te_score: 0.700000

time = 5
tr_loss: 0.584944, tr_score: 0.690000
va_loss: 0.518935, va_score: 0.770000
te_loss: 0.589440, te_score: 0.680000

time = 5
tr_loss: 0.611650, tr_score: 0.710000
va_loss: 0.485643, va_score: 0.820000
te_loss: 0.736966, te_score: 0.600000

time = 5
tr_loss: 0.574728, tr_score: 0.721250
va_loss: 0.647633, va_score: 0.670000
te_loss: 0.633517, te_score: 0.670000

======================================================
5  Seed:  [1237. 6412. 2121. 6405. 4525. 1302. 1340. 7513. 9914. 1173. 2339. 2687.
 5417. 1769. 4522. 4161. 3470. 2003. 6862. 6659.]
tr_loss: 0.578979, tr_score: 0.712875
va_loss: 0.571416, va_score: 0.723000
te_loss: 0.592491, te_score: 0.708000
time = 6
tr_loss: 0.541290, tr_score: 0.731250
va_loss: 0.529553, va_score: 0.760000
te_loss: 0.589403, te_score: 0.710000

time = 6
tr_loss: 0.594538, tr_score: 0.721250
va_loss: 0.659392, va_score: 0.660000
te_loss: 0.644108, te_score: 0.650000

time = 6
tr_loss: 0.585245, tr_score: 0.686250
va_loss: 0.552631, va_score: 0.710000
te_loss: 0.661342, te_score: 0.640000

time = 6
tr_loss: 0.547743, tr_score: 0.736250
va_loss: 0.578683, va_score: 0.690000
te_loss: 0.575993, te_score: 0.690000

time = 6
tr_loss: 0.546940, tr_score: 0.708750
va_loss: 0.535655, va_score: 0.720000
te_loss: 0.480073, te_score: 0.800000

time = 6
tr_loss: 0.620959, tr_score: 0.716250
va_loss: 0.690559, va_score: 0.670000
te_loss: 0.721219, te_score: 0.600000

time = 6
tr_loss: 0.623083, tr_score: 0.675000
va_loss: 0.623400, va_score: 0.700000
te_loss: 0.594950, te_score: 0.750000

time = 6
tr_loss: 0.581838, tr_score: 0.703750
va_loss: 0.660895, va_score: 0.650000
te_loss: 0.581806, te_score: 0.700000

time = 6
tr_loss: 0.566412, tr_score: 0.711250
va_loss: 0.497911, va_score: 0.750000
te_loss: 0.520617, te_score: 0.710000

time = 6
tr_loss: 0.599084, tr_score: 0.701250
va_loss: 0.593201, va_score: 0.720000
te_loss: 0.628330, te_score: 0.670000

time = 6
tr_loss: 0.604740, tr_score: 0.686250
va_loss: 0.651576, va_score: 0.660000
te_loss: 0.709932, te_score: 0.610000

time = 6
tr_loss: 0.523850, tr_score: 0.743750
va_loss: 0.508114, va_score: 0.750000
te_loss: 0.580917, te_score: 0.700000

time = 6
tr_loss: 0.613414, tr_score: 0.695000
va_loss: 0.588916, va_score: 0.740000
te_loss: 0.618629, te_score: 0.670000

time = 6
tr_loss: 0.584187, tr_score: 0.711250
va_loss: 0.596271, va_score: 0.700000
te_loss: 0.556416, te_score: 0.740000

time = 6
tr_loss: 0.575025, tr_score: 0.721250
va_loss: 0.617110, va_score: 0.710000
te_loss: 0.582605, te_score: 0.710000

time = 6
tr_loss: 0.592803, tr_score: 0.712500
va_loss: 0.614051, va_score: 0.680000
te_loss: 0.584252, te_score: 0.720000

time = 6
tr_loss: 0.565656, tr_score: 0.722500
va_loss: 0.528352, va_score: 0.750000
te_loss: 0.571445, te_score: 0.700000

time = 6
tr_loss: 0.583682, tr_score: 0.697500
va_loss: 0.523535, va_score: 0.760000
te_loss: 0.579594, te_score: 0.700000

time = 6
tr_loss: 0.609839, tr_score: 0.718750
va_loss: 0.620042, va_score: 0.700000
te_loss: 0.621625, te_score: 0.680000

time = 6
tr_loss: 0.549496, tr_score: 0.703750
va_loss: 0.555041, va_score: 0.700000
te_loss: 0.560848, te_score: 0.750000

======================================================
6  Seed:  [7694. 6294. 7622. 3529.   96. 7204. 5217. 3436.  887. 8110. 7803. 3805.
 1114. 2222. 9584. 2008. 1959. 4210.  576. 6097.]
tr_loss: 0.580491, tr_score: 0.710187
va_loss: 0.586244, va_score: 0.709000
te_loss: 0.598205, te_score: 0.695000
time = 7
tr_loss: 0.579375, tr_score: 0.708750
va_loss: 0.569737, va_score: 0.680000
te_loss: 0.542804, te_score: 0.750000

time = 7
tr_loss: 0.612170, tr_score: 0.691250
va_loss: 0.555051, va_score: 0.760000
te_loss: 0.598851, te_score: 0.710000

time = 7
tr_loss: 0.581792, tr_score: 0.703750
va_loss: 0.506526, va_score: 0.740000
te_loss: 0.550727, te_score: 0.760000

time = 7
tr_loss: 0.576003, tr_score: 0.701250
va_loss: 0.581206, va_score: 0.690000
te_loss: 0.533333, te_score: 0.740000

time = 7
tr_loss: 0.588594, tr_score: 0.698750
va_loss: 0.586481, va_score: 0.720000
te_loss: 0.588975, te_score: 0.700000

time = 7
tr_loss: 0.571751, tr_score: 0.718750
va_loss: 0.638837, va_score: 0.630000
te_loss: 0.569712, te_score: 0.730000

time = 7
tr_loss: 0.586417, tr_score: 0.707500
va_loss: 0.613280, va_score: 0.670000
te_loss: 0.546220, te_score: 0.730000

time = 7
tr_loss: 0.562816, tr_score: 0.726250
va_loss: 0.608401, va_score: 0.680000
te_loss: 0.636573, te_score: 0.680000

time = 7
tr_loss: 0.582314, tr_score: 0.703750
va_loss: 0.628245, va_score: 0.680000
te_loss: 0.584268, te_score: 0.730000

time = 7
tr_loss: 0.564520, tr_score: 0.716250
va_loss: 0.595733, va_score: 0.700000
te_loss: 0.564899, te_score: 0.750000

time = 7
tr_loss: 0.550599, tr_score: 0.706250
va_loss: 0.568811, va_score: 0.710000
te_loss: 0.566733, te_score: 0.690000

time = 7
tr_loss: 0.591597, tr_score: 0.697500
va_loss: 0.669559, va_score: 0.630000
te_loss: 0.534005, te_score: 0.780000

time = 7
tr_loss: 0.592631, tr_score: 0.692500
va_loss: 0.736009, va_score: 0.550000
te_loss: 0.671268, te_score: 0.600000

time = 7
tr_loss: 0.584438, tr_score: 0.711250
va_loss: 0.572375, va_score: 0.760000
te_loss: 0.606686, te_score: 0.680000

time = 7
tr_loss: 0.575592, tr_score: 0.720000
va_loss: 0.602552, va_score: 0.710000
te_loss: 0.612967, te_score: 0.660000

time = 7
tr_loss: 0.563041, tr_score: 0.720000
va_loss: 0.610190, va_score: 0.670000
te_loss: 0.549187, te_score: 0.740000

time = 7
tr_loss: 0.593885, tr_score: 0.727500
va_loss: 0.571226, va_score: 0.730000
te_loss: 0.662704, te_score: 0.630000

time = 7
tr_loss: 0.567350, tr_score: 0.702500
va_loss: 0.536588, va_score: 0.750000
te_loss: 0.679120, te_score: 0.610000

time = 7
tr_loss: 0.573793, tr_score: 0.701250
va_loss: 0.587968, va_score: 0.710000
te_loss: 0.555215, te_score: 0.730000

time = 7
tr_loss: 0.559978, tr_score: 0.722500
va_loss: 0.514098, va_score: 0.710000
te_loss: 0.615404, te_score: 0.630000

======================================================
7  Seed:  [ 667. 3641. 1333. 4721. 6871. 9519. 4778.  927. 8338.   13. 3683. 6570.
 1422. 3821. 5722.  599. 3527. 1784. 1921. 2070.]
tr_loss: 0.577933, tr_score: 0.708875
va_loss: 0.592644, va_score: 0.694000
te_loss: 0.588483, te_score: 0.701500
time = 8
tr_loss: 0.570309, tr_score: 0.710000
va_loss: 0.647227, va_score: 0.650000
te_loss: 0.514937, te_score: 0.740000

time = 8
tr_loss: 0.570160, tr_score: 0.702500
va_loss: 0.730404, va_score: 0.590000
te_loss: 0.533215, te_score: 0.710000

time = 8
tr_loss: 0.555858, tr_score: 0.717500
va_loss: 0.574871, va_score: 0.690000
te_loss: 0.537273, te_score: 0.710000

time = 8
tr_loss: 0.588668, tr_score: 0.707500
va_loss: 0.581157, va_score: 0.710000
te_loss: 0.576529, te_score: 0.710000

time = 8
tr_loss: 0.602562, tr_score: 0.700000
va_loss: 0.593688, va_score: 0.700000
te_loss: 0.582363, te_score: 0.730000

time = 8
tr_loss: 0.552350, tr_score: 0.720000
va_loss: 0.576711, va_score: 0.700000
te_loss: 0.549262, te_score: 0.720000

time = 8
tr_loss: 0.494903, tr_score: 0.755000
va_loss: 0.430154, va_score: 0.830000
te_loss: 0.554639, te_score: 0.760000

time = 8
tr_loss: 0.591745, tr_score: 0.706250
va_loss: 0.543403, va_score: 0.790000
te_loss: 0.587700, te_score: 0.710000

time = 8
tr_loss: 0.565890, tr_score: 0.703750
va_loss: 0.628233, va_score: 0.700000
te_loss: 0.532617, te_score: 0.760000

time = 8
tr_loss: 0.580972, tr_score: 0.712500
va_loss: 0.647134, va_score: 0.630000
te_loss: 0.585980, te_score: 0.690000

time = 8
tr_loss: 0.539017, tr_score: 0.753750
va_loss: 0.467373, va_score: 0.800000
te_loss: 0.471568, te_score: 0.810000

time = 8
tr_loss: 0.610005, tr_score: 0.698750
va_loss: 0.564105, va_score: 0.760000
te_loss: 0.675732, te_score: 0.650000

time = 8
tr_loss: 0.562133, tr_score: 0.716250
va_loss: 0.564180, va_score: 0.700000
te_loss: 0.574554, te_score: 0.680000

time = 8
tr_loss: 0.575180, tr_score: 0.707500
va_loss: 0.484757, va_score: 0.810000
te_loss: 0.567492, te_score: 0.720000

time = 8
tr_loss: 0.511670, tr_score: 0.766250
va_loss: 0.457691, va_score: 0.840000
te_loss: 0.461284, te_score: 0.770000

time = 8
tr_loss: 0.581902, tr_score: 0.721250
va_loss: 0.536405, va_score: 0.690000
te_loss: 0.703718, te_score: 0.610000

time = 8
tr_loss: 0.564232, tr_score: 0.708750
va_loss: 0.585788, va_score: 0.700000
te_loss: 0.581868, te_score: 0.680000

time = 8
tr_loss: 0.531680, tr_score: 0.747500
va_loss: 0.516693, va_score: 0.750000
te_loss: 0.556541, te_score: 0.720000

time = 8
tr_loss: 0.565604, tr_score: 0.711250
va_loss: 0.572502, va_score: 0.700000
te_loss: 0.594649, te_score: 0.730000

time = 8
tr_loss: 0.573770, tr_score: 0.710000
va_loss: 0.596325, va_score: 0.740000
te_loss: 0.659477, te_score: 0.640000

======================================================
8  Seed:  [4860. 8426. 6918. 8393. 2977. 1581. 7001.  814. 5947. 4477. 3311. 7270.
 5082. 4712. 7103. 6080. 5821. 8708. 4579. 2324.]
tr_loss: 0.564431, tr_score: 0.718813
va_loss: 0.564940, va_score: 0.724000
te_loss: 0.570070, te_score: 0.712500
time = 9
tr_loss: 0.592447, tr_score: 0.717500
va_loss: 0.594916, va_score: 0.730000
te_loss: 0.620582, te_score: 0.690000

time = 9
tr_loss: 0.601183, tr_score: 0.718750
va_loss: 0.676237, va_score: 0.640000
te_loss: 0.591601, te_score: 0.730000

time = 9
tr_loss: 0.575524, tr_score: 0.721250
va_loss: 0.568322, va_score: 0.710000
te_loss: 0.611391, te_score: 0.680000

time = 9
tr_loss: 0.567423, tr_score: 0.706250
va_loss: 0.605515, va_score: 0.730000
te_loss: 0.606910, te_score: 0.730000

time = 9
tr_loss: 0.630011, tr_score: 0.710000
va_loss: 0.591687, va_score: 0.720000
te_loss: 0.691741, te_score: 0.590000

time = 9
tr_loss: 0.510564, tr_score: 0.757500
va_loss: 0.469188, va_score: 0.780000
te_loss: 0.557366, te_score: 0.700000

time = 9
tr_loss: 0.596553, tr_score: 0.703750
va_loss: 0.563271, va_score: 0.760000
te_loss: 0.553908, te_score: 0.740000

time = 9
tr_loss: 0.625240, tr_score: 0.702500
va_loss: 0.637803, va_score: 0.700000
te_loss: 0.662162, te_score: 0.680000

time = 9
tr_loss: 0.517096, tr_score: 0.735000
va_loss: 0.472675, va_score: 0.780000
te_loss: 0.484519, te_score: 0.720000

time = 9
tr_loss: 0.590150, tr_score: 0.718750
va_loss: 0.647625, va_score: 0.640000
te_loss: 0.588904, te_score: 0.720000

time = 9
tr_loss: 0.580927, tr_score: 0.737500
va_loss: 0.580374, va_score: 0.720000
te_loss: 0.599872, te_score: 0.710000

time = 9
tr_loss: 0.587114, tr_score: 0.688750
va_loss: 0.543050, va_score: 0.710000
te_loss: 0.575614, te_score: 0.740000

time = 9
tr_loss: 0.554190, tr_score: 0.723750
va_loss: 0.595238, va_score: 0.690000
te_loss: 0.542450, te_score: 0.710000

time = 9
tr_loss: 0.585574, tr_score: 0.700000
va_loss: 0.573741, va_score: 0.700000
te_loss: 0.577024, te_score: 0.700000

time = 9
tr_loss: 0.597225, tr_score: 0.668750
va_loss: 0.666410, va_score: 0.650000
te_loss: 0.578251, te_score: 0.650000

time = 9
tr_loss: 0.586676, tr_score: 0.706250
va_loss: 0.536891, va_score: 0.750000
te_loss: 0.569582, te_score: 0.740000

time = 9
tr_loss: 0.581780, tr_score: 0.706250
va_loss: 0.603599, va_score: 0.720000
te_loss: 0.620495, te_score: 0.660000

time = 9
tr_loss: 0.582164, tr_score: 0.718750
va_loss: 0.561077, va_score: 0.760000
te_loss: 0.620645, te_score: 0.670000

time = 9
tr_loss: 0.549854, tr_score: 0.718750
va_loss: 0.555344, va_score: 0.700000
te_loss: 0.584856, te_score: 0.690000

time = 9
tr_loss: 0.587049, tr_score: 0.712500
va_loss: 0.574549, va_score: 0.710000
te_loss: 0.586627, te_score: 0.710000

======================================================
9  Seed:  [9948.  542.  232.  666. 5686. 1955. 6679. 1732. 8003. 9621. 2645. 4622.
 2831. 7236. 6932. 8781. 1798. 9886. 2715. 5559.]
tr_loss: 0.579937, tr_score: 0.713625
va_loss: 0.580876, va_score: 0.715000
te_loss: 0.591225, te_score: 0.698000
time = 10
tr_loss: 0.539861, tr_score: 0.726250
va_loss: 0.539390, va_score: 0.740000
te_loss: 0.538652, te_score: 0.770000

time = 10
tr_loss: 0.590975, tr_score: 0.700000
va_loss: 0.589782, va_score: 0.700000
te_loss: 0.567615, te_score: 0.710000

time = 10
tr_loss: 0.566684, tr_score: 0.715000
va_loss: 0.530949, va_score: 0.750000
te_loss: 0.663944, te_score: 0.640000

time = 10
tr_loss: 0.598942, tr_score: 0.695000
va_loss: 0.517866, va_score: 0.750000
te_loss: 0.532690, te_score: 0.750000

time = 10
tr_loss: 0.579573, tr_score: 0.701250
va_loss: 0.598403, va_score: 0.700000
te_loss: 0.542822, te_score: 0.710000

time = 10
tr_loss: 0.518570, tr_score: 0.763750
va_loss: 0.499116, va_score: 0.720000
te_loss: 0.519764, te_score: 0.760000

time = 10
tr_loss: 0.590009, tr_score: 0.707500
va_loss: 0.540409, va_score: 0.740000
te_loss: 0.581278, te_score: 0.730000

time = 10
tr_loss: 0.583169, tr_score: 0.705000
va_loss: 0.485554, va_score: 0.840000
te_loss: 0.552958, te_score: 0.740000

time = 10
tr_loss: 0.589595, tr_score: 0.707500
va_loss: 0.595636, va_score: 0.690000
te_loss: 0.640842, te_score: 0.650000

time = 10
tr_loss: 0.540294, tr_score: 0.721250
va_loss: 0.539838, va_score: 0.750000
te_loss: 0.534540, te_score: 0.780000

time = 10
tr_loss: 0.583532, tr_score: 0.705000
va_loss: 0.586627, va_score: 0.660000
te_loss: 0.584095, te_score: 0.720000

time = 10
tr_loss: 0.589240, tr_score: 0.713750
va_loss: 0.677752, va_score: 0.620000
te_loss: 0.598547, te_score: 0.690000

time = 10
tr_loss: 0.602166, tr_score: 0.691250
va_loss: 0.602775, va_score: 0.720000
te_loss: 0.590587, te_score: 0.720000

time = 10
tr_loss: 0.601946, tr_score: 0.683750
va_loss: 0.572540, va_score: 0.750000
te_loss: 0.554629, te_score: 0.800000

time = 10
tr_loss: 0.535396, tr_score: 0.737500
va_loss: 0.608396, va_score: 0.640000
te_loss: 0.591990, te_score: 0.690000

time = 10
tr_loss: 0.597332, tr_score: 0.700000
va_loss: 0.553538, va_score: 0.750000
te_loss: 0.566156, te_score: 0.730000

time = 10
tr_loss: 0.599874, tr_score: 0.696250
va_loss: 0.516730, va_score: 0.760000
te_loss: 0.599429, te_score: 0.680000

time = 10
tr_loss: 0.572761, tr_score: 0.700000
va_loss: 0.583061, va_score: 0.710000
te_loss: 0.527756, te_score: 0.740000

time = 10
tr_loss: 0.499479, tr_score: 0.743750
va_loss: 0.494532, va_score: 0.720000
te_loss: 0.521649, te_score: 0.730000

time = 10
tr_loss: 0.626896, tr_score: 0.707500
va_loss: 0.713291, va_score: 0.590000
te_loss: 0.571834, te_score: 0.750000

======================================================
10  Seed:  [9217. 8758. 9318. 9902. 9257. 5433. 4194. 5342. 6064. 1182. 7632. 9724.
 4507. 4141. 7028. 4431.  710. 9505. 6403. 3797.]
tr_loss: 0.575315, tr_score: 0.711062
va_loss: 0.567309, va_score: 0.715000
te_loss: 0.569089, te_score: 0.724500
time = 11
tr_loss: 0.595306, tr_score: 0.685000
va_loss: 0.468751, va_score: 0.820000
te_loss: 0.631452, te_score: 0.660000

time = 11
tr_loss: 0.569833, tr_score: 0.708750
va_loss: 0.620281, va_score: 0.670000
te_loss: 0.685589, te_score: 0.660000

time = 11
tr_loss: 0.508013, tr_score: 0.756250
va_loss: 0.565200, va_score: 0.700000
te_loss: 0.486296, te_score: 0.800000

time = 11
tr_loss: 0.609633, tr_score: 0.701250
va_loss: 0.632043, va_score: 0.670000
te_loss: 0.584599, te_score: 0.730000

time = 11
tr_loss: 0.560759, tr_score: 0.722500
va_loss: 0.613388, va_score: 0.720000
te_loss: 0.542139, te_score: 0.680000

time = 11
tr_loss: 0.585785, tr_score: 0.698750
va_loss: 0.648585, va_score: 0.660000
te_loss: 0.568421, te_score: 0.740000

time = 11
tr_loss: 0.583949, tr_score: 0.713750
va_loss: 0.638821, va_score: 0.680000
te_loss: 0.618500, te_score: 0.670000

time = 11
tr_loss: 0.596270, tr_score: 0.688750
va_loss: 0.453607, va_score: 0.790000
te_loss: 0.653951, te_score: 0.660000

time = 11
tr_loss: 0.575710, tr_score: 0.705000
va_loss: 0.651914, va_score: 0.670000
te_loss: 0.573549, te_score: 0.730000

time = 11
tr_loss: 0.628155, tr_score: 0.716250
va_loss: 0.681306, va_score: 0.650000
te_loss: 0.641772, te_score: 0.670000

time = 11
tr_loss: 0.542500, tr_score: 0.715000
va_loss: 0.571052, va_score: 0.670000
te_loss: 0.495958, te_score: 0.770000

time = 11
tr_loss: 0.577016, tr_score: 0.731250
va_loss: 0.641439, va_score: 0.640000
te_loss: 0.633573, te_score: 0.590000

time = 11
tr_loss: 0.580954, tr_score: 0.713750
va_loss: 0.621156, va_score: 0.720000
te_loss: 0.676894, te_score: 0.660000

time = 11
tr_loss: 0.583270, tr_score: 0.708750
va_loss: 0.544443, va_score: 0.710000
te_loss: 0.679585, te_score: 0.640000

time = 11
tr_loss: 0.554955, tr_score: 0.730000
va_loss: 0.522410, va_score: 0.740000
te_loss: 0.608790, te_score: 0.710000

time = 11
tr_loss: 0.607700, tr_score: 0.683750
va_loss: 0.656844, va_score: 0.650000
te_loss: 0.591039, te_score: 0.680000

time = 11
tr_loss: 0.595567, tr_score: 0.707500
va_loss: 0.559726, va_score: 0.760000
te_loss: 0.602151, te_score: 0.730000

time = 11
tr_loss: 0.579494, tr_score: 0.708750
va_loss: 0.600616, va_score: 0.700000
te_loss: 0.637990, te_score: 0.680000

time = 11
tr_loss: 0.574142, tr_score: 0.725000
va_loss: 0.596398, va_score: 0.720000
te_loss: 0.627370, te_score: 0.680000

time = 11
tr_loss: 0.586988, tr_score: 0.676250
va_loss: 0.556401, va_score: 0.730000
te_loss: 0.663490, te_score: 0.610000

======================================================
11  Seed:  [ 276. 7096. 7576. 7225. 8005. 7496. 1258. 6191. 8489. 5152. 4572. 4247.
 5941. 8136.  978. 3169. 6643. 4121. 8439. 9382.]
tr_loss: 0.579800, tr_score: 0.709812
va_loss: 0.592219, va_score: 0.703500
te_loss: 0.610155, te_score: 0.687500
time = 12
tr_loss: 0.560989, tr_score: 0.700000
va_loss: 0.587618, va_score: 0.700000
te_loss: 0.526568, te_score: 0.750000

time = 12
tr_loss: 0.582965, tr_score: 0.711250
va_loss: 0.605066, va_score: 0.700000
te_loss: 0.529635, te_score: 0.790000

time = 12
tr_loss: 0.542023, tr_score: 0.747500
va_loss: 0.584919, va_score: 0.710000
te_loss: 0.589469, te_score: 0.730000

time = 12
tr_loss: 0.579215, tr_score: 0.713750
va_loss: 0.643778, va_score: 0.670000
te_loss: 0.701136, te_score: 0.610000

time = 12
tr_loss: 0.539018, tr_score: 0.736250
va_loss: 0.582956, va_score: 0.680000
te_loss: 0.589050, te_score: 0.700000

time = 12
tr_loss: 0.517806, tr_score: 0.745000
va_loss: 0.536830, va_score: 0.700000
te_loss: 0.539508, te_score: 0.770000

time = 12
tr_loss: 0.585515, tr_score: 0.728750
va_loss: 0.696282, va_score: 0.640000
te_loss: 0.690459, te_score: 0.650000

time = 12
tr_loss: 0.593737, tr_score: 0.718750
va_loss: 0.662452, va_score: 0.670000
te_loss: 0.620537, te_score: 0.670000

time = 12
tr_loss: 0.583280, tr_score: 0.703750
va_loss: 0.582468, va_score: 0.710000
te_loss: 0.600510, te_score: 0.680000

time = 12
tr_loss: 0.587687, tr_score: 0.721250
va_loss: 0.648270, va_score: 0.670000
te_loss: 0.586594, te_score: 0.700000

time = 12
tr_loss: 0.588034, tr_score: 0.705000
va_loss: 0.539075, va_score: 0.720000
te_loss: 0.596367, te_score: 0.640000

time = 12
tr_loss: 0.545587, tr_score: 0.721250
va_loss: 0.498306, va_score: 0.770000
te_loss: 0.554653, te_score: 0.700000

time = 12
tr_loss: 0.555500, tr_score: 0.735000
va_loss: 0.596070, va_score: 0.710000
te_loss: 0.608377, te_score: 0.670000

time = 12
tr_loss: 0.591796, tr_score: 0.705000
va_loss: 0.562257, va_score: 0.740000
te_loss: 0.573148, te_score: 0.730000

time = 12
tr_loss: 0.606412, tr_score: 0.698750
va_loss: 0.589162, va_score: 0.760000
te_loss: 0.638502, te_score: 0.650000

time = 12
tr_loss: 0.595702, tr_score: 0.706250
va_loss: 0.654571, va_score: 0.640000
te_loss: 0.601854, te_score: 0.710000

time = 12
tr_loss: 0.602279, tr_score: 0.712500
va_loss: 0.676827, va_score: 0.640000
te_loss: 0.589049, te_score: 0.740000

time = 12
tr_loss: 0.578417, tr_score: 0.705000
va_loss: 0.573912, va_score: 0.690000
te_loss: 0.542296, te_score: 0.740000

time = 12
tr_loss: 0.565440, tr_score: 0.713750
va_loss: 0.630054, va_score: 0.700000
te_loss: 0.554363, te_score: 0.700000

time = 12
tr_loss: 0.547720, tr_score: 0.726250
va_loss: 0.603102, va_score: 0.630000
te_loss: 0.545506, te_score: 0.710000

======================================================
12  Seed:  [5995. 5359. 4959. 8841. 2084. 6283. 5803. 5547. 5856. 6466. 1029. 9406.
 1119. 6504. 6270.   89. 4601. 8528. 5236. 3309.]
tr_loss: 0.572456, tr_score: 0.717750
va_loss: 0.602699, va_score: 0.692500
te_loss: 0.588879, te_score: 0.702000
time = 13
tr_loss: 0.594196, tr_score: 0.712500
va_loss: 0.608477, va_score: 0.670000
te_loss: 0.568100, te_score: 0.730000

time = 13
tr_loss: 0.572099, tr_score: 0.707500
va_loss: 0.523496, va_score: 0.770000
te_loss: 0.560471, te_score: 0.730000

time = 13
tr_loss: 0.547467, tr_score: 0.732500
va_loss: 0.545789, va_score: 0.710000
te_loss: 0.708987, te_score: 0.580000

time = 13
tr_loss: 0.586334, tr_score: 0.705000
va_loss: 0.642976, va_score: 0.680000
te_loss: 0.507267, te_score: 0.780000

time = 13
tr_loss: 0.542452, tr_score: 0.721250
va_loss: 0.584999, va_score: 0.720000
te_loss: 0.540468, te_score: 0.730000

time = 13
tr_loss: 0.581039, tr_score: 0.721250
va_loss: 0.639313, va_score: 0.640000
te_loss: 0.632417, te_score: 0.700000

time = 13
tr_loss: 0.558655, tr_score: 0.727500
va_loss: 0.598598, va_score: 0.680000
te_loss: 0.555384, te_score: 0.710000

time = 13
tr_loss: 0.580916, tr_score: 0.721250
va_loss: 0.574325, va_score: 0.730000
te_loss: 0.578956, te_score: 0.710000

time = 13
tr_loss: 0.578144, tr_score: 0.696250
va_loss: 0.561033, va_score: 0.700000
te_loss: 0.536416, te_score: 0.780000

time = 13
tr_loss: 0.635495, tr_score: 0.700000
va_loss: 0.759721, va_score: 0.620000
te_loss: 0.547798, te_score: 0.770000

time = 13
tr_loss: 0.594345, tr_score: 0.715000
va_loss: 0.620923, va_score: 0.690000
te_loss: 0.708818, te_score: 0.590000

time = 13
tr_loss: 0.564399, tr_score: 0.681250
va_loss: 0.589747, va_score: 0.660000
te_loss: 0.619164, te_score: 0.680000

time = 13
tr_loss: 0.534116, tr_score: 0.730000
va_loss: 0.617061, va_score: 0.660000
te_loss: 0.529572, te_score: 0.690000

time = 13
tr_loss: 0.590532, tr_score: 0.700000
va_loss: 0.563264, va_score: 0.740000
te_loss: 0.618767, te_score: 0.700000

time = 13
tr_loss: 0.644981, tr_score: 0.683750
va_loss: 0.589256, va_score: 0.710000
te_loss: 0.612759, te_score: 0.730000

time = 13
tr_loss: 0.577240, tr_score: 0.713750
va_loss: 0.607543, va_score: 0.700000
te_loss: 0.642433, te_score: 0.670000

time = 13
tr_loss: 0.535945, tr_score: 0.747500
va_loss: 0.513400, va_score: 0.760000
te_loss: 0.635694, te_score: 0.680000

time = 13
tr_loss: 0.602634, tr_score: 0.690000
va_loss: 0.533594, va_score: 0.780000
te_loss: 0.573294, te_score: 0.710000

time = 13
tr_loss: 0.571261, tr_score: 0.708750
va_loss: 0.518502, va_score: 0.790000
te_loss: 0.577141, te_score: 0.690000

time = 13
tr_loss: 0.555733, tr_score: 0.732500
va_loss: 0.528580, va_score: 0.760000
te_loss: 0.494356, te_score: 0.770000

======================================================
13  Seed:  [3706. 3756. 2533. 6590. 1761. 5957. 4965. 8699. 1302.  214. 1426. 3422.
 9979.   35. 8073. 6183. 7853. 8174. 4923.  725.]
tr_loss: 0.577399, tr_score: 0.712375
va_loss: 0.586030, va_score: 0.708500
te_loss: 0.587413, te_score: 0.706500
time = 14
tr_loss: 0.598257, tr_score: 0.707500
va_loss: 0.619941, va_score: 0.670000
te_loss: 0.589282, te_score: 0.720000

time = 14
tr_loss: 0.596281, tr_score: 0.703750
va_loss: 0.606472, va_score: 0.680000
te_loss: 0.603812, te_score: 0.690000

time = 14
tr_loss: 0.534749, tr_score: 0.737500
va_loss: 0.513119, va_score: 0.740000
te_loss: 0.537146, te_score: 0.790000

time = 14
tr_loss: 0.570425, tr_score: 0.716250
va_loss: 0.597452, va_score: 0.690000
te_loss: 0.545941, te_score: 0.730000

time = 14
tr_loss: 0.556453, tr_score: 0.712500
va_loss: 0.589144, va_score: 0.670000
te_loss: 0.592600, te_score: 0.690000

time = 14
tr_loss: 0.598524, tr_score: 0.703750
va_loss: 0.588643, va_score: 0.730000
te_loss: 0.663897, te_score: 0.640000

time = 14
tr_loss: 0.615681, tr_score: 0.691250
va_loss: 0.516956, va_score: 0.800000
te_loss: 0.632922, te_score: 0.670000

time = 14
tr_loss: 0.579016, tr_score: 0.712500
va_loss: 0.620347, va_score: 0.690000
te_loss: 0.560225, te_score: 0.740000

time = 14
tr_loss: 0.558409, tr_score: 0.725000
va_loss: 0.545571, va_score: 0.730000
te_loss: 0.573721, te_score: 0.730000

time = 14
tr_loss: 0.592510, tr_score: 0.713750
va_loss: 0.528909, va_score: 0.810000
te_loss: 0.675465, te_score: 0.650000

time = 14
tr_loss: 0.591721, tr_score: 0.702500
va_loss: 0.515677, va_score: 0.770000
te_loss: 0.569240, te_score: 0.750000

time = 14
tr_loss: 0.583357, tr_score: 0.711250
va_loss: 0.575133, va_score: 0.720000
te_loss: 0.615796, te_score: 0.730000

time = 14
tr_loss: 0.587471, tr_score: 0.698750
va_loss: 0.548656, va_score: 0.760000
te_loss: 0.599246, te_score: 0.690000

time = 14
tr_loss: 0.598750, tr_score: 0.702500
va_loss: 0.583635, va_score: 0.720000
te_loss: 0.594794, te_score: 0.710000

time = 14
tr_loss: 0.548682, tr_score: 0.717500
va_loss: 0.642368, va_score: 0.630000
te_loss: 0.619334, te_score: 0.710000

time = 14
tr_loss: 0.595119, tr_score: 0.701250
va_loss: 0.594204, va_score: 0.710000
te_loss: 0.560458, te_score: 0.760000

time = 14
tr_loss: 0.590915, tr_score: 0.716250
va_loss: 0.537929, va_score: 0.790000
te_loss: 0.655555, te_score: 0.640000

time = 14
tr_loss: 0.569183, tr_score: 0.696250
va_loss: 0.634903, va_score: 0.630000
te_loss: 0.606032, te_score: 0.680000

time = 14
tr_loss: 0.554404, tr_score: 0.735000
va_loss: 0.593040, va_score: 0.690000
te_loss: 0.596494, te_score: 0.720000

time = 14
tr_loss: 0.604562, tr_score: 0.705000
va_loss: 0.634992, va_score: 0.670000
te_loss: 0.567557, te_score: 0.740000

======================================================
14  Seed:  [6736. 9332. 4026. 8791. 2185. 8095. 4925. 3877. 8332. 6847. 5871. 5004.
 2796. 4961. 1467. 7787. 3868. 5255. 9307. 9073.]
tr_loss: 0.581223, tr_score: 0.710500
va_loss: 0.579355, va_score: 0.715000
te_loss: 0.597976, te_score: 0.709000
time = 15
tr_loss: 0.521299, tr_score: 0.743750
va_loss: 0.484057, va_score: 0.770000
te_loss: 0.557734, te_score: 0.720000

time = 15
tr_loss: 0.599162, tr_score: 0.700000
va_loss: 0.582611, va_score: 0.710000
te_loss: 0.490739, te_score: 0.780000

time = 15
tr_loss: 0.612658, tr_score: 0.708750
va_loss: 0.622989, va_score: 0.700000
te_loss: 0.649278, te_score: 0.660000

time = 15
tr_loss: 0.564698, tr_score: 0.718750
va_loss: 0.484247, va_score: 0.800000
te_loss: 0.609242, te_score: 0.690000

time = 15
tr_loss: 0.548379, tr_score: 0.728750
va_loss: 0.535477, va_score: 0.760000
te_loss: 0.542094, te_score: 0.740000

time = 15
tr_loss: 0.601321, tr_score: 0.688750
va_loss: 0.647339, va_score: 0.670000
te_loss: 0.647304, te_score: 0.630000

time = 15
tr_loss: 0.587793, tr_score: 0.668750
va_loss: 0.603239, va_score: 0.650000
te_loss: 0.573553, te_score: 0.650000

time = 15
tr_loss: 0.610120, tr_score: 0.697500
va_loss: 0.605832, va_score: 0.710000
te_loss: 0.608991, te_score: 0.710000

time = 15
tr_loss: 0.586301, tr_score: 0.701250
va_loss: 0.553376, va_score: 0.740000
te_loss: 0.566363, te_score: 0.750000

time = 15
tr_loss: 0.604868, tr_score: 0.690000
va_loss: 0.660962, va_score: 0.630000
te_loss: 0.599093, te_score: 0.670000

time = 15
tr_loss: 0.616098, tr_score: 0.693750
va_loss: 0.557658, va_score: 0.740000
te_loss: 0.574684, te_score: 0.710000

time = 15
tr_loss: 0.575555, tr_score: 0.711250
va_loss: 0.593981, va_score: 0.700000
te_loss: 0.590140, te_score: 0.690000

time = 15
tr_loss: 0.582333, tr_score: 0.710000
va_loss: 0.542440, va_score: 0.740000
te_loss: 0.650216, te_score: 0.650000

time = 15
tr_loss: 0.568974, tr_score: 0.718750
va_loss: 0.589791, va_score: 0.710000
te_loss: 0.554841, te_score: 0.740000

time = 15
tr_loss: 0.590547, tr_score: 0.705000
va_loss: 0.593941, va_score: 0.710000
te_loss: 0.623850, te_score: 0.660000

time = 15
tr_loss: 0.571166, tr_score: 0.716250
va_loss: 0.608615, va_score: 0.680000
te_loss: 0.559283, te_score: 0.690000

time = 15
tr_loss: 0.572491, tr_score: 0.713750
va_loss: 0.519126, va_score: 0.780000
te_loss: 0.560124, te_score: 0.710000

time = 15
tr_loss: 0.555891, tr_score: 0.720000
va_loss: 0.588002, va_score: 0.720000
te_loss: 0.646884, te_score: 0.700000

time = 15
tr_loss: 0.612584, tr_score: 0.696250
va_loss: 0.647918, va_score: 0.720000
te_loss: 0.600037, te_score: 0.730000

time = 15
tr_loss: 0.587952, tr_score: 0.715000
va_loss: 0.585823, va_score: 0.720000
te_loss: 0.576028, te_score: 0.730000

======================================================
15  Seed:  [ 879. 4612.  287.  491. 3659. 8251. 7507. 1140. 3507. 4318. 9716. 8900.
 3870. 2555. 7340. 8792.  757. 6674. 3143.  691.]
tr_loss: 0.583509, tr_score: 0.707312
va_loss: 0.580371, va_score: 0.718000
te_loss: 0.589024, te_score: 0.700500
time = 16
tr_loss: 0.574590, tr_score: 0.706250
va_loss: 0.541027, va_score: 0.740000
te_loss: 0.574867, te_score: 0.710000

time = 16
tr_loss: 0.557511, tr_score: 0.725000
va_loss: 0.547723, va_score: 0.700000
te_loss: 0.639344, te_score: 0.650000

time = 16
tr_loss: 0.604233, tr_score: 0.693750
va_loss: 0.543466, va_score: 0.750000
te_loss: 0.611882, te_score: 0.690000

time = 16
tr_loss: 0.616274, tr_score: 0.671250
va_loss: 0.610452, va_score: 0.670000
te_loss: 0.605059, te_score: 0.660000

time = 16
tr_loss: 0.588537, tr_score: 0.692500
va_loss: 0.539403, va_score: 0.750000
te_loss: 0.568437, te_score: 0.710000

time = 16
tr_loss: 0.560162, tr_score: 0.713750
va_loss: 0.575292, va_score: 0.710000
te_loss: 0.630378, te_score: 0.640000

time = 16
tr_loss: 0.584562, tr_score: 0.690000
va_loss: 0.615842, va_score: 0.660000
te_loss: 0.531670, te_score: 0.780000

time = 16
tr_loss: 0.572294, tr_score: 0.722500
va_loss: 0.618518, va_score: 0.670000
te_loss: 0.622425, te_score: 0.680000

time = 16
tr_loss: 0.598440, tr_score: 0.692500
va_loss: 0.577261, va_score: 0.720000
te_loss: 0.564040, te_score: 0.760000

time = 16
tr_loss: 0.553990, tr_score: 0.721250
va_loss: 0.644954, va_score: 0.650000
te_loss: 0.585628, te_score: 0.690000

time = 16
tr_loss: 0.589895, tr_score: 0.706250
va_loss: 0.602019, va_score: 0.680000
te_loss: 0.617842, te_score: 0.670000

time = 16
tr_loss: 0.606100, tr_score: 0.712500
va_loss: 0.633046, va_score: 0.690000
te_loss: 0.665858, te_score: 0.660000

time = 16
tr_loss: 0.593468, tr_score: 0.717500
va_loss: 0.638693, va_score: 0.670000
te_loss: 0.572634, te_score: 0.710000

time = 16
tr_loss: 0.651122, tr_score: 0.656250
va_loss: 0.548267, va_score: 0.750000
te_loss: 0.517135, te_score: 0.780000

time = 16
tr_loss: 0.595185, tr_score: 0.708750
va_loss: 0.536915, va_score: 0.740000
te_loss: 0.540298, te_score: 0.760000

time = 16
tr_loss: 0.580786, tr_score: 0.713750
va_loss: 0.662715, va_score: 0.660000
te_loss: 0.613073, te_score: 0.730000

time = 16
tr_loss: 0.557450, tr_score: 0.705000
va_loss: 0.546861, va_score: 0.750000
te_loss: 0.604706, te_score: 0.670000

time = 16
tr_loss: 0.511879, tr_score: 0.755000
va_loss: 0.594900, va_score: 0.630000
te_loss: 0.526144, te_score: 0.720000

time = 16
tr_loss: 0.591050, tr_score: 0.688750
va_loss: 0.524835, va_score: 0.800000
te_loss: 0.612063, te_score: 0.690000

time = 16
tr_loss: 0.545797, tr_score: 0.730000
va_loss: 0.587627, va_score: 0.670000
te_loss: 0.516687, te_score: 0.810000

======================================================
16  Seed:  [9082. 6878.  978. 6918.   35. 3547.  812. 1562. 5243. 8191. 5330. 4602.
 2929. 4830.  303. 9956. 3156. 7475. 4637.  734.]
tr_loss: 0.581666, tr_score: 0.706125
va_loss: 0.584491, va_score: 0.703000
te_loss: 0.586009, te_score: 0.708500
time = 17
tr_loss: 0.533159, tr_score: 0.741250
va_loss: 0.554193, va_score: 0.750000
te_loss: 0.532029, te_score: 0.750000

time = 17
tr_loss: 0.595028, tr_score: 0.716250
va_loss: 0.641737, va_score: 0.700000
te_loss: 0.610979, te_score: 0.690000

time = 17
tr_loss: 0.622041, tr_score: 0.702500
va_loss: 0.705111, va_score: 0.650000
te_loss: 0.622192, te_score: 0.660000

time = 17
tr_loss: 0.613923, tr_score: 0.633750
va_loss: 0.622519, va_score: 0.660000
te_loss: 0.563698, te_score: 0.710000

time = 17
tr_loss: 0.603040, tr_score: 0.688750
va_loss: 0.569685, va_score: 0.760000
te_loss: 0.576429, te_score: 0.730000

time = 17
tr_loss: 0.558281, tr_score: 0.720000
va_loss: 0.557579, va_score: 0.720000
te_loss: 0.614944, te_score: 0.680000

time = 17
tr_loss: 0.591569, tr_score: 0.712500
va_loss: 0.703252, va_score: 0.630000
te_loss: 0.642404, te_score: 0.680000

time = 17
tr_loss: 0.559404, tr_score: 0.738750
va_loss: 0.598498, va_score: 0.700000
te_loss: 0.687467, te_score: 0.630000

time = 17
tr_loss: 0.550494, tr_score: 0.700000
va_loss: 0.520981, va_score: 0.720000
te_loss: 0.548293, te_score: 0.740000

time = 17
tr_loss: 0.573373, tr_score: 0.721250
va_loss: 0.616771, va_score: 0.710000
te_loss: 0.593905, te_score: 0.660000

time = 17
tr_loss: 0.554068, tr_score: 0.721250
va_loss: 0.625075, va_score: 0.700000
te_loss: 0.621219, te_score: 0.660000

time = 17
tr_loss: 0.585503, tr_score: 0.703750
va_loss: 0.610951, va_score: 0.690000
te_loss: 0.556747, te_score: 0.700000

time = 17
tr_loss: 0.561064, tr_score: 0.712500
va_loss: 0.549615, va_score: 0.720000
te_loss: 0.544370, te_score: 0.730000

time = 17
tr_loss: 0.598695, tr_score: 0.692500
va_loss: 0.575023, va_score: 0.740000
te_loss: 0.559157, te_score: 0.760000

time = 17
tr_loss: 0.567136, tr_score: 0.713750
va_loss: 0.614067, va_score: 0.660000
te_loss: 0.603899, te_score: 0.660000

time = 17
tr_loss: 0.606917, tr_score: 0.696250
va_loss: 0.500530, va_score: 0.800000
te_loss: 0.567471, te_score: 0.740000

time = 17
tr_loss: 0.585668, tr_score: 0.710000
va_loss: 0.657601, va_score: 0.610000
te_loss: 0.591801, te_score: 0.710000

time = 17
tr_loss: 0.557551, tr_score: 0.720000
va_loss: 0.534108, va_score: 0.740000
te_loss: 0.542770, te_score: 0.720000

time = 17
tr_loss: 0.575488, tr_score: 0.706250
va_loss: 0.536822, va_score: 0.740000
te_loss: 0.584196, te_score: 0.670000

time = 17
tr_loss: 0.595967, tr_score: 0.717500
va_loss: 0.607971, va_score: 0.700000
te_loss: 0.628424, te_score: 0.670000

======================================================
17  Seed:  [9997. 6891. 7283.  296. 4194.  627. 9187. 9699.  412. 3964. 5059. 1882.
 6859. 7098. 9012. 6459. 3018. 8410. 9321. 1260.]
tr_loss: 0.579418, tr_score: 0.708438
va_loss: 0.595104, va_score: 0.705000
te_loss: 0.589620, te_score: 0.697500
time = 18
tr_loss: 0.600333, tr_score: 0.710000
va_loss: 0.646141, va_score: 0.670000
te_loss: 0.594454, te_score: 0.720000

time = 18
tr_loss: 0.614693, tr_score: 0.700000
va_loss: 0.617883, va_score: 0.710000
te_loss: 0.603202, te_score: 0.720000

time = 18
tr_loss: 0.608719, tr_score: 0.693750
va_loss: 0.615011, va_score: 0.720000
te_loss: 0.647363, te_score: 0.670000

time = 18
tr_loss: 0.567147, tr_score: 0.705000
va_loss: 0.550491, va_score: 0.730000
te_loss: 0.545376, te_score: 0.760000

time = 18
tr_loss: 0.629935, tr_score: 0.691250
va_loss: 0.596770, va_score: 0.720000
te_loss: 0.594614, te_score: 0.760000

time = 18
tr_loss: 0.590953, tr_score: 0.690000
va_loss: 0.559859, va_score: 0.720000
te_loss: 0.554465, te_score: 0.740000

time = 18
tr_loss: 0.599601, tr_score: 0.683750
va_loss: 0.651644, va_score: 0.640000
te_loss: 0.571202, te_score: 0.720000

time = 18
tr_loss: 0.542386, tr_score: 0.743750
va_loss: 0.584587, va_score: 0.720000
te_loss: 0.639842, te_score: 0.630000

time = 18
tr_loss: 0.594047, tr_score: 0.725000
va_loss: 0.580049, va_score: 0.720000
te_loss: 0.665814, te_score: 0.680000

time = 18
tr_loss: 0.552817, tr_score: 0.706250
va_loss: 0.545911, va_score: 0.680000
te_loss: 0.592917, te_score: 0.680000

time = 18
tr_loss: 0.602128, tr_score: 0.701250
va_loss: 0.676381, va_score: 0.650000
te_loss: 0.578891, te_score: 0.740000

time = 18
tr_loss: 0.583160, tr_score: 0.702500
va_loss: 0.613911, va_score: 0.690000
te_loss: 0.572107, te_score: 0.720000

time = 18
tr_loss: 0.590849, tr_score: 0.711250
va_loss: 0.601229, va_score: 0.700000
te_loss: 0.588884, te_score: 0.730000

time = 18
tr_loss: 0.575719, tr_score: 0.711250
va_loss: 0.564309, va_score: 0.730000
te_loss: 0.545545, te_score: 0.750000

time = 18
tr_loss: 0.600367, tr_score: 0.690000
va_loss: 0.558135, va_score: 0.750000
te_loss: 0.538343, te_score: 0.760000

time = 18
tr_loss: 0.585923, tr_score: 0.701250
va_loss: 0.532680, va_score: 0.770000
te_loss: 0.520686, te_score: 0.760000

time = 18
tr_loss: 0.611372, tr_score: 0.695000
va_loss: 0.634764, va_score: 0.630000
te_loss: 0.509595, te_score: 0.790000

time = 18
tr_loss: 0.590987, tr_score: 0.701250
va_loss: 0.566054, va_score: 0.730000
te_loss: 0.633625, te_score: 0.660000

time = 18
tr_loss: 0.552793, tr_score: 0.735000
va_loss: 0.543276, va_score: 0.740000
te_loss: 0.593799, te_score: 0.680000

time = 18
tr_loss: 0.561675, tr_score: 0.720000
va_loss: 0.569009, va_score: 0.740000
te_loss: 0.597067, te_score: 0.710000

======================================================
18  Seed:  [ 873. 4207. 9606. 9170. 6333. 9407. 8590.  438. 6112. 2282. 5826. 4132.
 5788. 3773.  899. 1544. 7119. 3120. 1138. 3253.]
tr_loss: 0.587780, tr_score: 0.705875
va_loss: 0.590405, va_score: 0.708000
te_loss: 0.584389, te_score: 0.719000
time = 19
tr_loss: 0.573135, tr_score: 0.726250
va_loss: 0.649314, va_score: 0.630000
te_loss: 0.603594, te_score: 0.670000

time = 19
tr_loss: 0.578933, tr_score: 0.723750
va_loss: 0.582323, va_score: 0.700000
te_loss: 0.625240, te_score: 0.640000

time = 19
tr_loss: 0.586195, tr_score: 0.707500
va_loss: 0.514886, va_score: 0.760000
te_loss: 0.616771, te_score: 0.660000

time = 19
tr_loss: 0.573278, tr_score: 0.703750
va_loss: 0.587097, va_score: 0.700000
te_loss: 0.590102, te_score: 0.720000

time = 19
tr_loss: 0.584805, tr_score: 0.701250
va_loss: 0.584700, va_score: 0.720000
te_loss: 0.527892, te_score: 0.750000

time = 19
tr_loss: 0.537650, tr_score: 0.726250
va_loss: 0.571258, va_score: 0.690000
te_loss: 0.591468, te_score: 0.720000

time = 19
tr_loss: 0.577436, tr_score: 0.695000
va_loss: 0.573148, va_score: 0.740000
te_loss: 0.588768, te_score: 0.690000

time = 19
tr_loss: 0.576246, tr_score: 0.707500
va_loss: 0.619990, va_score: 0.670000
te_loss: 0.601109, te_score: 0.670000

time = 19
tr_loss: 0.591843, tr_score: 0.707500
va_loss: 0.599014, va_score: 0.690000
te_loss: 0.574016, te_score: 0.750000

time = 19
tr_loss: 0.578770, tr_score: 0.711250
va_loss: 0.599545, va_score: 0.700000
te_loss: 0.605099, te_score: 0.700000

time = 19
tr_loss: 0.563275, tr_score: 0.721250
va_loss: 0.604637, va_score: 0.700000
te_loss: 0.586740, te_score: 0.710000

time = 19
tr_loss: 0.615388, tr_score: 0.673750
va_loss: 0.611749, va_score: 0.670000
te_loss: 0.615852, te_score: 0.670000

time = 19
tr_loss: 0.597937, tr_score: 0.715000
va_loss: 0.652861, va_score: 0.650000
te_loss: 0.658900, te_score: 0.650000

time = 19
tr_loss: 0.539783, tr_score: 0.732500
va_loss: 0.521030, va_score: 0.760000
te_loss: 0.583617, te_score: 0.700000

time = 19
tr_loss: 0.518037, tr_score: 0.760000
va_loss: 0.525267, va_score: 0.740000
te_loss: 0.476273, te_score: 0.790000

time = 19
tr_loss: 0.605822, tr_score: 0.696250
va_loss: 0.535450, va_score: 0.780000
te_loss: 0.564320, te_score: 0.750000

time = 19
tr_loss: 0.597081, tr_score: 0.703750
va_loss: 0.614028, va_score: 0.700000
te_loss: 0.631043, te_score: 0.670000

time = 19
tr_loss: 0.564020, tr_score: 0.721250
va_loss: 0.608284, va_score: 0.690000
te_loss: 0.533121, te_score: 0.740000

time = 19
tr_loss: 0.598681, tr_score: 0.698750
va_loss: 0.556952, va_score: 0.730000
te_loss: 0.652724, te_score: 0.710000

time = 19
tr_loss: 0.583185, tr_score: 0.726250
va_loss: 0.620557, va_score: 0.690000
te_loss: 0.543253, te_score: 0.770000

======================================================
19  Seed:  [3709. 6253. 7969. 4492. 4878.  212. 2129. 7387.  610. 9877. 6936. 8416.
 1824. 6324. 9841. 5493. 7619. 7977.  518. 1963.]
tr_loss: 0.577075, tr_score: 0.712938
va_loss: 0.586604, va_score: 0.705500
te_loss: 0.588495, te_score: 0.706500
time = 20
tr_loss: 0.588002, tr_score: 0.708750
va_loss: 0.588137, va_score: 0.680000
te_loss: 0.600415, te_score: 0.690000

time = 20
tr_loss: 0.614736, tr_score: 0.692500
va_loss: 0.569525, va_score: 0.750000
te_loss: 0.598307, te_score: 0.710000

time = 20
tr_loss: 0.558748, tr_score: 0.732500
va_loss: 0.551042, va_score: 0.720000
te_loss: 0.586623, te_score: 0.710000

time = 20
tr_loss: 0.595858, tr_score: 0.702500
va_loss: 0.669179, va_score: 0.660000
te_loss: 0.549796, te_score: 0.760000

time = 20
tr_loss: 0.630907, tr_score: 0.707500
va_loss: 0.664397, va_score: 0.650000
te_loss: 0.652172, te_score: 0.690000

time = 20
tr_loss: 0.567537, tr_score: 0.711250
va_loss: 0.512670, va_score: 0.780000
te_loss: 0.560383, te_score: 0.730000

time = 20
tr_loss: 0.557270, tr_score: 0.723750
va_loss: 0.537656, va_score: 0.750000
te_loss: 0.548363, te_score: 0.720000

time = 20
tr_loss: 0.561062, tr_score: 0.728750
va_loss: 0.641789, va_score: 0.640000
te_loss: 0.577063, te_score: 0.730000

time = 20
tr_loss: 0.596963, tr_score: 0.692500
va_loss: 0.575028, va_score: 0.710000
te_loss: 0.565811, te_score: 0.750000

time = 20
tr_loss: 0.541565, tr_score: 0.718750
va_loss: 0.490889, va_score: 0.790000
te_loss: 0.518261, te_score: 0.820000

time = 20
tr_loss: 0.585758, tr_score: 0.707500
va_loss: 0.607126, va_score: 0.700000
te_loss: 0.593481, te_score: 0.720000

time = 20
tr_loss: 0.588052, tr_score: 0.711250
va_loss: 0.581682, va_score: 0.720000
te_loss: 0.571717, te_score: 0.720000

time = 20
tr_loss: 0.599459, tr_score: 0.696250
va_loss: 0.575582, va_score: 0.730000
te_loss: 0.675875, te_score: 0.640000

time = 20
tr_loss: 0.562722, tr_score: 0.723750
va_loss: 0.615603, va_score: 0.700000
te_loss: 0.564028, te_score: 0.700000

time = 20
tr_loss: 0.584385, tr_score: 0.690000
va_loss: 0.588624, va_score: 0.660000
te_loss: 0.584387, te_score: 0.710000

time = 20
tr_loss: 0.537580, tr_score: 0.732500
va_loss: 0.611461, va_score: 0.630000
te_loss: 0.533999, te_score: 0.700000

time = 20
tr_loss: 0.567578, tr_score: 0.726250
va_loss: 0.579340, va_score: 0.700000
te_loss: 0.582022, te_score: 0.710000

time = 20
tr_loss: 0.583322, tr_score: 0.706250
va_loss: 0.603681, va_score: 0.690000
te_loss: 0.596141, te_score: 0.700000

time = 20
tr_loss: 0.581350, tr_score: 0.707500
va_loss: 0.555198, va_score: 0.740000
te_loss: 0.596606, te_score: 0.710000

time = 20
tr_loss: 0.582960, tr_score: 0.710000
va_loss: 0.598070, va_score: 0.690000
te_loss: 0.584871, te_score: 0.720000

======================================================
20  Seed:  [8890. 5137. 6638. 5364. 3035. 4210. 5798. 9783. 7946.  146. 8127. 1556.
 1338. 7812. 5900. 6230. 6141. 6234. 5455. 7649.]
tr_loss: 0.579291, tr_score: 0.711500
va_loss: 0.585834, va_score: 0.704500
te_loss: 0.582016, te_score: 0.717000


mid seed:  [3709. 6253. 7969. 4492. 4878.  212. 2129. 7387.  610. 9877. 6936. 8416.
 1824. 6324. 9841. 5493. 7619. 7977.  518. 1963.]
mid test scores 0.7064999999999999
