time = 0
tr_loss: 0.596356, tr_score: 0.711250
va_loss: 0.608579, va_score: 0.700000
te_loss: 0.579780, te_score: 0.740000

time = 0
tr_loss: 0.566215, tr_score: 0.745000
va_loss: 0.643548, va_score: 0.660000
te_loss: 0.675108, te_score: 0.600000

time = 0
tr_loss: 0.589448, tr_score: 0.703750
va_loss: 0.616517, va_score: 0.660000
te_loss: 0.680223, te_score: 0.640000

time = 0
tr_loss: 0.538678, tr_score: 0.731250
va_loss: 0.594014, va_score: 0.670000
te_loss: 0.558656, te_score: 0.710000

time = 0
tr_loss: 0.557787, tr_score: 0.720000
va_loss: 0.595320, va_score: 0.670000
te_loss: 0.515542, te_score: 0.790000

time = 0
tr_loss: 0.577337, tr_score: 0.727500
va_loss: 0.628661, va_score: 0.650000
te_loss: 0.677648, te_score: 0.630000

time = 0
tr_loss: 0.571184, tr_score: 0.725000
va_loss: 0.578072, va_score: 0.670000
te_loss: 0.472530, te_score: 0.840000

time = 0
tr_loss: 0.581032, tr_score: 0.710000
va_loss: 0.539391, va_score: 0.770000
te_loss: 0.603495, te_score: 0.660000

time = 0
tr_loss: 0.592541, tr_score: 0.712500
va_loss: 0.577375, va_score: 0.760000
te_loss: 0.598293, te_score: 0.720000

time = 0
tr_loss: 0.566201, tr_score: 0.708750
va_loss: 0.597729, va_score: 0.670000
te_loss: 0.479612, te_score: 0.800000

time = 0
tr_loss: 0.614990, tr_score: 0.697500
va_loss: 0.540273, va_score: 0.780000
te_loss: 0.689857, te_score: 0.630000

time = 0
tr_loss: 0.543215, tr_score: 0.738750
va_loss: 0.575161, va_score: 0.720000
te_loss: 0.721987, te_score: 0.550000

time = 0
tr_loss: 0.563912, tr_score: 0.720000
va_loss: 0.588048, va_score: 0.660000
te_loss: 0.616344, te_score: 0.650000

time = 0
tr_loss: 0.569672, tr_score: 0.725000
va_loss: 0.562501, va_score: 0.710000
te_loss: 0.661281, te_score: 0.630000

time = 0
tr_loss: 0.584124, tr_score: 0.725000
va_loss: 0.649474, va_score: 0.680000
te_loss: 0.603676, te_score: 0.720000

time = 0
tr_loss: 0.603990, tr_score: 0.708750
va_loss: 0.567820, va_score: 0.690000
te_loss: 0.572391, te_score: 0.710000

time = 0
tr_loss: 0.601741, tr_score: 0.695000
va_loss: 0.660605, va_score: 0.640000
te_loss: 0.620479, te_score: 0.700000

time = 0
tr_loss: 0.582711, tr_score: 0.722500
va_loss: 0.648937, va_score: 0.670000
te_loss: 0.653931, te_score: 0.650000

time = 0
tr_loss: 0.562280, tr_score: 0.713750
va_loss: 0.590613, va_score: 0.670000
te_loss: 0.668236, te_score: 0.620000

time = 0
tr_loss: 0.583568, tr_score: 0.705000
va_loss: 0.520746, va_score: 0.780000
te_loss: 0.617624, te_score: 0.670000

======================================================
0  Seed:  [ 140. 2411. 2238. 5068. 2300. 9812. 6334. 4380. 4021. 8554. 2226. 8534.
 4715. 7921. 4457. 6212.  255.  495. 8301.  932.]
tr_loss: 0.577349, tr_score: 0.717313
va_loss: 0.594169, va_score: 0.694000
te_loss: 0.613335, te_score: 0.683000
time = 1
tr_loss: 0.571020, tr_score: 0.718750
va_loss: 0.667980, va_score: 0.620000
te_loss: 0.618174, te_score: 0.700000

time = 1
tr_loss: 0.585871, tr_score: 0.707500
va_loss: 0.644682, va_score: 0.640000
te_loss: 0.581151, te_score: 0.740000

time = 1
tr_loss: 0.588933, tr_score: 0.710000
va_loss: 0.594165, va_score: 0.720000
te_loss: 0.542833, te_score: 0.770000

time = 1
tr_loss: 0.567950, tr_score: 0.708750
va_loss: 0.553191, va_score: 0.730000
te_loss: 0.626845, te_score: 0.650000

time = 1
tr_loss: 0.624589, tr_score: 0.686250
va_loss: 0.637351, va_score: 0.660000
te_loss: 0.584661, te_score: 0.710000

time = 1
tr_loss: 0.560345, tr_score: 0.705000
va_loss: 0.544989, va_score: 0.660000
te_loss: 0.550681, te_score: 0.720000

time = 1
tr_loss: 0.564707, tr_score: 0.715000
va_loss: 0.559129, va_score: 0.730000
te_loss: 0.561584, te_score: 0.670000

time = 1
tr_loss: 0.573548, tr_score: 0.706250
va_loss: 0.568730, va_score: 0.720000
te_loss: 0.552740, te_score: 0.720000

time = 1
tr_loss: 0.598150, tr_score: 0.710000
va_loss: 0.633049, va_score: 0.680000
te_loss: 0.558020, te_score: 0.740000

time = 1
tr_loss: 0.549635, tr_score: 0.733750
va_loss: 0.537764, va_score: 0.760000
te_loss: 0.612583, te_score: 0.690000

time = 1
tr_loss: 0.585972, tr_score: 0.705000
va_loss: 0.611799, va_score: 0.680000
te_loss: 0.515641, te_score: 0.790000

time = 1
tr_loss: 0.561575, tr_score: 0.726250
va_loss: 0.585179, va_score: 0.690000
te_loss: 0.591216, te_score: 0.690000

time = 1
tr_loss: 0.597027, tr_score: 0.708750
va_loss: 0.505165, va_score: 0.810000
te_loss: 0.656071, te_score: 0.620000

time = 1
tr_loss: 0.617387, tr_score: 0.692500
va_loss: 0.547437, va_score: 0.710000
te_loss: 0.566916, te_score: 0.730000

time = 1
tr_loss: 0.577667, tr_score: 0.723750
va_loss: 0.648832, va_score: 0.630000
te_loss: 0.602204, te_score: 0.710000

time = 1
tr_loss: 0.589083, tr_score: 0.697500
va_loss: 0.574336, va_score: 0.710000
te_loss: 0.591446, te_score: 0.710000

time = 1
tr_loss: 0.553382, tr_score: 0.730000
va_loss: 0.509916, va_score: 0.750000
te_loss: 0.575241, te_score: 0.700000

time = 1
tr_loss: 0.583449, tr_score: 0.718750
va_loss: 0.570530, va_score: 0.780000
te_loss: 0.549074, te_score: 0.740000

time = 1
tr_loss: 0.593078, tr_score: 0.702500
va_loss: 0.587304, va_score: 0.750000
te_loss: 0.661571, te_score: 0.620000

time = 1
tr_loss: 0.667504, tr_score: 0.640000
va_loss: 0.611769, va_score: 0.690000
te_loss: 0.565382, te_score: 0.730000

======================================================
1  Seed:  [8640.  888. 4066.  552. 1437. 6591. 8969.  824. 8811.  938.  550. 9822.
 6241. 3057. 1352. 8361. 5326. 3377. 2314. 8889.]
tr_loss: 0.585544, tr_score: 0.707313
va_loss: 0.584665, va_score: 0.706000
te_loss: 0.583202, te_score: 0.707500
time = 2
tr_loss: 0.546826, tr_score: 0.731250
va_loss: 0.537094, va_score: 0.690000
te_loss: 0.617750, te_score: 0.700000

time = 2
tr_loss: 0.596481, tr_score: 0.701250
va_loss: 0.559160, va_score: 0.760000
te_loss: 0.608859, te_score: 0.690000

time = 2
tr_loss: 0.600357, tr_score: 0.695000
va_loss: 0.537617, va_score: 0.740000
te_loss: 0.597227, te_score: 0.700000

time = 2
tr_loss: 0.583224, tr_score: 0.702500
va_loss: 0.635087, va_score: 0.650000
te_loss: 0.607896, te_score: 0.720000

time = 2
tr_loss: 0.588378, tr_score: 0.701250
va_loss: 0.599188, va_score: 0.690000
te_loss: 0.552881, te_score: 0.780000

time = 2
tr_loss: 0.553413, tr_score: 0.711250
va_loss: 0.562843, va_score: 0.720000
te_loss: 0.672706, te_score: 0.630000

time = 2
tr_loss: 0.558796, tr_score: 0.725000
va_loss: 0.668810, va_score: 0.660000
te_loss: 0.595532, te_score: 0.710000

time = 2
tr_loss: 0.588032, tr_score: 0.696250
va_loss: 0.553006, va_score: 0.780000
te_loss: 0.569612, te_score: 0.740000

time = 2
tr_loss: 0.549458, tr_score: 0.738750
va_loss: 0.519015, va_score: 0.730000
te_loss: 0.597363, te_score: 0.700000

time = 2
tr_loss: 0.599486, tr_score: 0.692500
va_loss: 0.567240, va_score: 0.720000
te_loss: 0.621212, te_score: 0.690000

time = 2
tr_loss: 0.575667, tr_score: 0.710000
va_loss: 0.582488, va_score: 0.690000
te_loss: 0.606560, te_score: 0.670000

time = 2
tr_loss: 0.572431, tr_score: 0.721250
va_loss: 0.583910, va_score: 0.660000
te_loss: 0.553294, te_score: 0.760000

time = 2
tr_loss: 0.562015, tr_score: 0.713750
va_loss: 0.553466, va_score: 0.720000
te_loss: 0.602853, te_score: 0.720000

time = 2
tr_loss: 0.570491, tr_score: 0.707500
va_loss: 0.543680, va_score: 0.800000
te_loss: 0.574344, te_score: 0.710000

time = 2
tr_loss: 0.542570, tr_score: 0.735000
va_loss: 0.519618, va_score: 0.760000
te_loss: 0.580793, te_score: 0.700000

time = 2
tr_loss: 0.611785, tr_score: 0.691250
va_loss: 0.570676, va_score: 0.730000
te_loss: 0.580496, te_score: 0.770000

time = 2
tr_loss: 0.585318, tr_score: 0.710000
va_loss: 0.579888, va_score: 0.700000
te_loss: 0.613339, te_score: 0.660000

time = 2
tr_loss: 0.538239, tr_score: 0.722500
va_loss: 0.568498, va_score: 0.690000
te_loss: 0.495521, te_score: 0.790000

time = 2
tr_loss: 0.566635, tr_score: 0.710000
va_loss: 0.556736, va_score: 0.710000
te_loss: 0.596432, te_score: 0.680000

time = 2
tr_loss: 0.600925, tr_score: 0.706250
va_loss: 0.589854, va_score: 0.700000
te_loss: 0.589769, te_score: 0.730000

======================================================
2  Seed:  [5478. 7027. 2150. 7559. 3662. 2043. 8598. 4158. 6442. 4398. 3939. 9768.
 5143. 2231.  162. 6860. 3496. 7749. 2530. 2730.]
tr_loss: 0.574526, tr_score: 0.711125
va_loss: 0.569394, va_score: 0.715000
te_loss: 0.591722, te_score: 0.712500
time = 3
tr_loss: 0.589153, tr_score: 0.703750
va_loss: 0.623666, va_score: 0.680000
te_loss: 0.583841, te_score: 0.690000

time = 3
tr_loss: 0.554233, tr_score: 0.726250
va_loss: 0.564585, va_score: 0.730000
te_loss: 0.566563, te_score: 0.730000

time = 3
tr_loss: 0.516923, tr_score: 0.731250
va_loss: 0.630505, va_score: 0.660000
te_loss: 0.599893, te_score: 0.680000

time = 3
tr_loss: 0.611319, tr_score: 0.697500
va_loss: 0.577435, va_score: 0.740000
te_loss: 0.639777, te_score: 0.740000

time = 3
tr_loss: 0.562509, tr_score: 0.706250
va_loss: 0.533431, va_score: 0.700000
te_loss: 0.578690, te_score: 0.700000

time = 3
tr_loss: 0.578466, tr_score: 0.721250
va_loss: 0.514690, va_score: 0.790000
te_loss: 0.602935, te_score: 0.700000

time = 3
tr_loss: 0.561055, tr_score: 0.731250
va_loss: 0.674657, va_score: 0.630000
te_loss: 0.539006, te_score: 0.730000

time = 3
tr_loss: 0.526298, tr_score: 0.763750
va_loss: 0.598721, va_score: 0.670000
te_loss: 0.656893, te_score: 0.630000

time = 3
tr_loss: 0.566097, tr_score: 0.713750
va_loss: 0.647852, va_score: 0.610000
te_loss: 0.560304, te_score: 0.710000

time = 3
tr_loss: 0.578846, tr_score: 0.711250
va_loss: 0.566806, va_score: 0.740000
te_loss: 0.576417, te_score: 0.720000

time = 3
tr_loss: 0.573539, tr_score: 0.703750
va_loss: 0.584636, va_score: 0.700000
te_loss: 0.568158, te_score: 0.720000

time = 3
tr_loss: 0.578069, tr_score: 0.706250
va_loss: 0.563186, va_score: 0.730000
te_loss: 0.609842, te_score: 0.670000

time = 3
tr_loss: 0.590945, tr_score: 0.695000
va_loss: 0.559067, va_score: 0.720000
te_loss: 0.606307, te_score: 0.710000

time = 3
tr_loss: 0.571894, tr_score: 0.713750
va_loss: 0.609597, va_score: 0.660000
te_loss: 0.497450, te_score: 0.770000

time = 3
tr_loss: 0.547836, tr_score: 0.728750
va_loss: 0.629602, va_score: 0.660000
te_loss: 0.592707, te_score: 0.690000

time = 3
tr_loss: 0.571978, tr_score: 0.703750
va_loss: 0.607015, va_score: 0.690000
te_loss: 0.578651, te_score: 0.700000

time = 3
tr_loss: 0.579848, tr_score: 0.725000
va_loss: 0.567461, va_score: 0.730000
te_loss: 0.643993, te_score: 0.680000

time = 3
tr_loss: 0.548342, tr_score: 0.720000
va_loss: 0.680952, va_score: 0.600000
te_loss: 0.578952, te_score: 0.720000

time = 3
tr_loss: 0.604247, tr_score: 0.647500
va_loss: 0.611900, va_score: 0.610000
te_loss: 0.557980, te_score: 0.730000

time = 3
tr_loss: 0.597744, tr_score: 0.672500
va_loss: 0.624568, va_score: 0.640000
te_loss: 0.611612, te_score: 0.640000

======================================================
3  Seed:  [6469. 3301. 7178. 4323. 9525.  454. 7215. 4562. 5178. 3971. 9338. 3960.
 2970. 9630. 2254.  396. 4264. 8949. 7913. 1289.]
tr_loss: 0.570467, tr_score: 0.711125
va_loss: 0.598517, va_score: 0.684500
te_loss: 0.587498, te_score: 0.703000
time = 4
tr_loss: 0.553317, tr_score: 0.720000
va_loss: 0.550538, va_score: 0.770000
te_loss: 0.502567, te_score: 0.770000

time = 4
tr_loss: 0.565780, tr_score: 0.723750
va_loss: 0.502817, va_score: 0.800000
te_loss: 0.591311, te_score: 0.700000

time = 4
tr_loss: 0.513866, tr_score: 0.746250
va_loss: 0.515021, va_score: 0.740000
te_loss: 0.542826, te_score: 0.750000

time = 4
tr_loss: 0.592705, tr_score: 0.695000
va_loss: 0.577966, va_score: 0.720000
te_loss: 0.637319, te_score: 0.660000

time = 4
tr_loss: 0.589704, tr_score: 0.717500
va_loss: 0.662572, va_score: 0.660000
te_loss: 0.579673, te_score: 0.720000

time = 4
tr_loss: 0.568196, tr_score: 0.702500
va_loss: 0.578368, va_score: 0.680000
te_loss: 0.519429, te_score: 0.730000

time = 4
tr_loss: 0.625945, tr_score: 0.687500
va_loss: 0.600024, va_score: 0.710000
te_loss: 0.660384, te_score: 0.690000

time = 4
tr_loss: 0.615944, tr_score: 0.697500
va_loss: 0.676309, va_score: 0.610000
te_loss: 0.568705, te_score: 0.760000

time = 4
tr_loss: 0.585555, tr_score: 0.703750
va_loss: 0.634881, va_score: 0.660000
te_loss: 0.531965, te_score: 0.760000

time = 4
tr_loss: 0.553782, tr_score: 0.726250
va_loss: 0.560809, va_score: 0.730000
te_loss: 0.562310, te_score: 0.730000

time = 4
tr_loss: 0.599815, tr_score: 0.711250
va_loss: 0.625815, va_score: 0.680000
te_loss: 0.569983, te_score: 0.730000

time = 4
tr_loss: 0.525836, tr_score: 0.747500
va_loss: 0.547970, va_score: 0.710000
te_loss: 0.525059, te_score: 0.760000

time = 4
tr_loss: 0.569640, tr_score: 0.703750
va_loss: 0.520039, va_score: 0.780000
te_loss: 0.589416, te_score: 0.670000

time = 4
tr_loss: 0.607657, tr_score: 0.696250
va_loss: 0.529680, va_score: 0.760000
te_loss: 0.545000, te_score: 0.730000

time = 4
tr_loss: 0.585532, tr_score: 0.728750
va_loss: 0.624160, va_score: 0.690000
te_loss: 0.688671, te_score: 0.630000

time = 4
tr_loss: 0.654541, tr_score: 0.618750
va_loss: 0.566408, va_score: 0.760000
te_loss: 0.600673, te_score: 0.710000

time = 4
tr_loss: 0.565306, tr_score: 0.733750
va_loss: 0.505817, va_score: 0.790000
te_loss: 0.566673, te_score: 0.710000

time = 4
tr_loss: 0.595226, tr_score: 0.701250
va_loss: 0.585972, va_score: 0.720000
te_loss: 0.625678, te_score: 0.660000

time = 4
tr_loss: 0.566607, tr_score: 0.720000
va_loss: 0.652592, va_score: 0.620000
te_loss: 0.575904, te_score: 0.730000

time = 4
tr_loss: 0.562741, tr_score: 0.725000
va_loss: 0.581745, va_score: 0.670000
te_loss: 0.536928, te_score: 0.740000

======================================================
4  Seed:  [8744.  130. 2730. 2289. 3436.   91. 5431.  214. 1996. 7906. 4318. 5189.
 9458. 5884. 7590. 9032. 7937. 3024. 1021. 9551.]
tr_loss: 0.579885, tr_score: 0.710313
va_loss: 0.579975, va_score: 0.713000
te_loss: 0.576024, te_score: 0.717000
time = 5
tr_loss: 0.575817, tr_score: 0.716250
va_loss: 0.609313, va_score: 0.680000
te_loss: 0.602260, te_score: 0.660000

time = 5
tr_loss: 0.571346, tr_score: 0.727500
va_loss: 0.645460, va_score: 0.670000
te_loss: 0.547973, te_score: 0.720000

time = 5
tr_loss: 0.555784, tr_score: 0.712500
va_loss: 0.599863, va_score: 0.680000
te_loss: 0.608025, te_score: 0.660000

time = 5
tr_loss: 0.531389, tr_score: 0.747500
va_loss: 0.579588, va_score: 0.710000
te_loss: 0.554589, te_score: 0.710000

time = 5
tr_loss: 0.590600, tr_score: 0.708750
va_loss: 0.611433, va_score: 0.670000
te_loss: 0.531203, te_score: 0.770000

time = 5
tr_loss: 0.543422, tr_score: 0.727500
va_loss: 0.525976, va_score: 0.770000
te_loss: 0.511935, te_score: 0.760000

time = 5
tr_loss: 0.610418, tr_score: 0.677500
va_loss: 0.528620, va_score: 0.740000
te_loss: 0.557211, te_score: 0.730000

time = 5
tr_loss: 0.588828, tr_score: 0.715000
va_loss: 0.569527, va_score: 0.740000
te_loss: 0.596789, te_score: 0.700000

time = 5
tr_loss: 0.567347, tr_score: 0.706250
va_loss: 0.575478, va_score: 0.700000
te_loss: 0.567525, te_score: 0.770000

time = 5
tr_loss: 0.558955, tr_score: 0.718750
va_loss: 0.559915, va_score: 0.730000
te_loss: 0.581072, te_score: 0.740000

time = 5
tr_loss: 0.576028, tr_score: 0.715000
va_loss: 0.698408, va_score: 0.590000
te_loss: 0.571988, te_score: 0.740000

time = 5
tr_loss: 0.589250, tr_score: 0.695000
va_loss: 0.505047, va_score: 0.790000
te_loss: 0.559595, te_score: 0.720000

time = 5
tr_loss: 0.565737, tr_score: 0.710000
va_loss: 0.530000, va_score: 0.750000
te_loss: 0.576456, te_score: 0.720000

time = 5
tr_loss: 0.552056, tr_score: 0.716250
va_loss: 0.575135, va_score: 0.720000
te_loss: 0.624276, te_score: 0.680000

time = 5
tr_loss: 0.567626, tr_score: 0.711250
va_loss: 0.606512, va_score: 0.700000
te_loss: 0.559074, te_score: 0.670000

time = 5
tr_loss: 0.601617, tr_score: 0.696250
va_loss: 0.534417, va_score: 0.780000
te_loss: 0.670705, te_score: 0.630000

time = 5
tr_loss: 0.561719, tr_score: 0.721250
va_loss: 0.639166, va_score: 0.660000
te_loss: 0.571531, te_score: 0.700000

time = 5
tr_loss: 0.590770, tr_score: 0.703750
va_loss: 0.507440, va_score: 0.830000
te_loss: 0.589210, te_score: 0.680000

time = 5
tr_loss: 0.574793, tr_score: 0.701250
va_loss: 0.485432, va_score: 0.800000
te_loss: 0.670233, te_score: 0.560000

time = 5
tr_loss: 0.578111, tr_score: 0.703750
va_loss: 0.637370, va_score: 0.690000
te_loss: 0.600878, te_score: 0.710000

======================================================
5  Seed:  [1237. 6412. 2121. 6405. 4525. 1302. 1340. 7513. 9914. 1173. 2339. 2687.
 5417. 1769. 4522. 4161. 3470. 2003. 6862. 6659.]
tr_loss: 0.572581, tr_score: 0.711562
va_loss: 0.576205, va_score: 0.720000
te_loss: 0.582626, te_score: 0.701500
time = 6
tr_loss: 0.594045, tr_score: 0.695000
va_loss: 0.553227, va_score: 0.750000
te_loss: 0.623050, te_score: 0.640000

time = 6
tr_loss: 0.608594, tr_score: 0.703750
va_loss: 0.650479, va_score: 0.660000
te_loss: 0.653469, te_score: 0.660000

time = 6
tr_loss: 0.579162, tr_score: 0.723750
va_loss: 0.569940, va_score: 0.760000
te_loss: 0.634116, te_score: 0.660000

time = 6
tr_loss: 0.565507, tr_score: 0.725000
va_loss: 0.570890, va_score: 0.740000
te_loss: 0.610207, te_score: 0.650000

time = 6
tr_loss: 0.583541, tr_score: 0.710000
va_loss: 0.585374, va_score: 0.680000
te_loss: 0.500933, te_score: 0.770000

time = 6
tr_loss: 0.568689, tr_score: 0.711250
va_loss: 0.645076, va_score: 0.640000
te_loss: 0.623287, te_score: 0.620000

time = 6
tr_loss: 0.579644, tr_score: 0.710000
va_loss: 0.639038, va_score: 0.640000
te_loss: 0.542047, te_score: 0.730000

time = 6
tr_loss: 0.590410, tr_score: 0.720000
va_loss: 0.629912, va_score: 0.670000
te_loss: 0.570444, te_score: 0.740000

time = 6
tr_loss: 0.561560, tr_score: 0.721250
va_loss: 0.494760, va_score: 0.780000
te_loss: 0.550174, te_score: 0.770000

time = 6
tr_loss: 0.583482, tr_score: 0.721250
va_loss: 0.583014, va_score: 0.740000
te_loss: 0.660167, te_score: 0.650000

time = 6
tr_loss: 0.590690, tr_score: 0.722500
va_loss: 0.636736, va_score: 0.720000
te_loss: 0.690568, te_score: 0.610000

time = 6
tr_loss: 0.595578, tr_score: 0.717500
va_loss: 0.587337, va_score: 0.700000
te_loss: 0.620848, te_score: 0.690000

time = 6
tr_loss: 0.598294, tr_score: 0.693750
va_loss: 0.552470, va_score: 0.750000
te_loss: 0.609929, te_score: 0.680000

time = 6
tr_loss: 0.596769, tr_score: 0.698750
va_loss: 0.597322, va_score: 0.690000
te_loss: 0.556242, te_score: 0.750000

time = 6
tr_loss: 0.574296, tr_score: 0.717500
va_loss: 0.586531, va_score: 0.740000
te_loss: 0.616965, te_score: 0.640000

time = 6
tr_loss: 0.530829, tr_score: 0.736250
va_loss: 0.549825, va_score: 0.650000
te_loss: 0.526577, te_score: 0.770000

time = 6
tr_loss: 0.506406, tr_score: 0.762500
va_loss: 0.515648, va_score: 0.770000
te_loss: 0.542489, te_score: 0.740000

time = 6
tr_loss: 0.610916, tr_score: 0.675000
va_loss: 0.517904, va_score: 0.730000
te_loss: 0.583965, te_score: 0.700000

time = 6
tr_loss: 0.607507, tr_score: 0.705000
va_loss: 0.614294, va_score: 0.670000
te_loss: 0.617778, te_score: 0.700000

time = 6
tr_loss: 0.555399, tr_score: 0.710000
va_loss: 0.586819, va_score: 0.700000
te_loss: 0.542878, te_score: 0.740000

======================================================
6  Seed:  [7694. 6294. 7622. 3529.   96. 7204. 5217. 3436.  887. 8110. 7803. 3805.
 1114. 2222. 9584. 2008. 1959. 4210.  576. 6097.]
tr_loss: 0.579066, tr_score: 0.714000
va_loss: 0.583330, va_score: 0.709000
te_loss: 0.593807, te_score: 0.695500
time = 7
tr_loss: 0.605076, tr_score: 0.702500
va_loss: 0.616433, va_score: 0.690000
te_loss: 0.584558, te_score: 0.740000

time = 7
tr_loss: 0.609210, tr_score: 0.691250
va_loss: 0.558951, va_score: 0.760000
te_loss: 0.583903, te_score: 0.710000

time = 7
tr_loss: 0.617386, tr_score: 0.655000
va_loss: 0.545929, va_score: 0.710000
te_loss: 0.609434, te_score: 0.660000

time = 7
tr_loss: 0.582120, tr_score: 0.706250
va_loss: 0.604815, va_score: 0.650000
te_loss: 0.555083, te_score: 0.740000

time = 7
tr_loss: 0.581993, tr_score: 0.702500
va_loss: 0.558137, va_score: 0.710000
te_loss: 0.589750, te_score: 0.710000

time = 7
tr_loss: 0.577307, tr_score: 0.725000
va_loss: 0.640554, va_score: 0.630000
te_loss: 0.582088, te_score: 0.710000

time = 7
tr_loss: 0.588484, tr_score: 0.705000
va_loss: 0.617092, va_score: 0.670000
te_loss: 0.540068, te_score: 0.740000

time = 7
tr_loss: 0.546815, tr_score: 0.730000
va_loss: 0.571585, va_score: 0.700000
te_loss: 0.614697, te_score: 0.700000

time = 7
tr_loss: 0.598652, tr_score: 0.705000
va_loss: 0.657229, va_score: 0.690000
te_loss: 0.596553, te_score: 0.670000

time = 7
tr_loss: 0.599527, tr_score: 0.708750
va_loss: 0.615885, va_score: 0.720000
te_loss: 0.587708, te_score: 0.700000

time = 7
tr_loss: 0.556890, tr_score: 0.712500
va_loss: 0.583170, va_score: 0.690000
te_loss: 0.613139, te_score: 0.690000

time = 7
tr_loss: 0.605109, tr_score: 0.692500
va_loss: 0.693357, va_score: 0.650000
te_loss: 0.478095, te_score: 0.790000

time = 7
tr_loss: 0.581761, tr_score: 0.725000
va_loss: 0.663627, va_score: 0.640000
te_loss: 0.641514, te_score: 0.650000

time = 7
tr_loss: 0.591428, tr_score: 0.713750
va_loss: 0.549536, va_score: 0.760000
te_loss: 0.625401, te_score: 0.680000

time = 7
tr_loss: 0.575133, tr_score: 0.721250
va_loss: 0.597409, va_score: 0.700000
te_loss: 0.611765, te_score: 0.650000

time = 7
tr_loss: 0.577614, tr_score: 0.702500
va_loss: 0.643404, va_score: 0.690000
te_loss: 0.574205, te_score: 0.700000

time = 7
tr_loss: 0.566273, tr_score: 0.716250
va_loss: 0.569469, va_score: 0.700000
te_loss: 0.652068, te_score: 0.650000

time = 7
tr_loss: 0.575438, tr_score: 0.718750
va_loss: 0.536169, va_score: 0.760000
te_loss: 0.645807, te_score: 0.630000

time = 7
tr_loss: 0.558071, tr_score: 0.695000
va_loss: 0.563335, va_score: 0.710000
te_loss: 0.549822, te_score: 0.730000

time = 7
tr_loss: 0.567250, tr_score: 0.725000
va_loss: 0.532678, va_score: 0.750000
te_loss: 0.601274, te_score: 0.690000

======================================================
7  Seed:  [ 667. 3641. 1333. 4721. 6871. 9519. 4778.  927. 8338.   13. 3683. 6570.
 1422. 3821. 5722.  599. 3527. 1784. 1921. 2070.]
tr_loss: 0.583077, tr_score: 0.707688
va_loss: 0.595938, va_score: 0.699000
te_loss: 0.591847, te_score: 0.697000
time = 8
tr_loss: 0.613259, tr_score: 0.700000
va_loss: 0.618433, va_score: 0.690000
te_loss: 0.523078, te_score: 0.810000

time = 8
tr_loss: 0.617329, tr_score: 0.673750
va_loss: 0.696356, va_score: 0.590000
te_loss: 0.564515, te_score: 0.740000

time = 8
tr_loss: 0.527299, tr_score: 0.738750
va_loss: 0.565653, va_score: 0.710000
te_loss: 0.513338, te_score: 0.760000

time = 8
tr_loss: 0.602080, tr_score: 0.696250
va_loss: 0.614326, va_score: 0.700000
te_loss: 0.581763, te_score: 0.740000

time = 8
tr_loss: 0.585973, tr_score: 0.707500
va_loss: 0.587209, va_score: 0.720000
te_loss: 0.573103, te_score: 0.710000

time = 8
tr_loss: 0.620489, tr_score: 0.710000
va_loss: 0.629284, va_score: 0.670000
te_loss: 0.633144, te_score: 0.690000

time = 8
tr_loss: 0.608202, tr_score: 0.705000
va_loss: 0.602178, va_score: 0.710000
te_loss: 0.654970, te_score: 0.650000

time = 8
tr_loss: 0.568684, tr_score: 0.710000
va_loss: 0.501339, va_score: 0.780000
te_loss: 0.563966, te_score: 0.690000

time = 8
tr_loss: 0.582852, tr_score: 0.722500
va_loss: 0.621259, va_score: 0.650000
te_loss: 0.549975, te_score: 0.770000

time = 8
tr_loss: 0.595026, tr_score: 0.702500
va_loss: 0.644534, va_score: 0.640000
te_loss: 0.617115, te_score: 0.700000

time = 8
tr_loss: 0.579022, tr_score: 0.722500
va_loss: 0.485132, va_score: 0.780000
te_loss: 0.518377, te_score: 0.800000

time = 8
tr_loss: 0.595271, tr_score: 0.706250
va_loss: 0.539917, va_score: 0.770000
te_loss: 0.640355, te_score: 0.670000

time = 8
tr_loss: 0.587031, tr_score: 0.725000
va_loss: 0.619814, va_score: 0.680000
te_loss: 0.643374, te_score: 0.650000

time = 8
tr_loss: 0.615912, tr_score: 0.696250
va_loss: 0.509564, va_score: 0.820000
te_loss: 0.600565, te_score: 0.700000

time = 8
tr_loss: 0.562204, tr_score: 0.701250
va_loss: 0.537093, va_score: 0.690000
te_loss: 0.554167, te_score: 0.710000

time = 8
tr_loss: 0.569181, tr_score: 0.702500
va_loss: 0.523293, va_score: 0.740000
te_loss: 0.702569, te_score: 0.570000

time = 8
tr_loss: 0.617777, tr_score: 0.705000
va_loss: 0.666731, va_score: 0.680000
te_loss: 0.653955, te_score: 0.670000

time = 8
tr_loss: 0.579274, tr_score: 0.713750
va_loss: 0.558660, va_score: 0.690000
te_loss: 0.582006, te_score: 0.650000

time = 8
tr_loss: 0.580327, tr_score: 0.710000
va_loss: 0.590153, va_score: 0.700000
te_loss: 0.560722, te_score: 0.720000

time = 8
tr_loss: 0.594783, tr_score: 0.703750
va_loss: 0.613667, va_score: 0.720000
te_loss: 0.682599, te_score: 0.640000

======================================================
8  Seed:  [4860. 8426. 6918. 8393. 2977. 1581. 7001.  814. 5947. 4477. 3311. 7270.
 5082. 4712. 7103. 6080. 5821. 8708. 4579. 2324.]
tr_loss: 0.590099, tr_score: 0.707625
va_loss: 0.586230, va_score: 0.706500
te_loss: 0.595683, te_score: 0.702000
time = 9
tr_loss: 0.574067, tr_score: 0.701250
va_loss: 0.502387, va_score: 0.730000
te_loss: 0.567082, te_score: 0.680000

time = 9
tr_loss: 0.588806, tr_score: 0.711250
va_loss: 0.659963, va_score: 0.610000
te_loss: 0.593564, te_score: 0.700000

time = 9
tr_loss: 0.565575, tr_score: 0.713750
va_loss: 0.558485, va_score: 0.700000
te_loss: 0.599889, te_score: 0.670000

time = 9
tr_loss: 0.586851, tr_score: 0.701250
va_loss: 0.610483, va_score: 0.740000
te_loss: 0.660579, te_score: 0.670000

time = 9
tr_loss: 0.572812, tr_score: 0.718750
va_loss: 0.538941, va_score: 0.780000
te_loss: 0.674635, te_score: 0.610000

time = 9
tr_loss: 0.545843, tr_score: 0.720000
va_loss: 0.514116, va_score: 0.760000
te_loss: 0.571341, te_score: 0.670000

time = 9
tr_loss: 0.530842, tr_score: 0.745000
va_loss: 0.513790, va_score: 0.760000
te_loss: 0.507884, te_score: 0.720000

time = 9
tr_loss: 0.589734, tr_score: 0.706250
va_loss: 0.619722, va_score: 0.680000
te_loss: 0.613846, te_score: 0.690000

time = 9
tr_loss: 0.614633, tr_score: 0.692500
va_loss: 0.593399, va_score: 0.720000
te_loss: 0.578890, te_score: 0.740000

time = 9
tr_loss: 0.557495, tr_score: 0.725000
va_loss: 0.622483, va_score: 0.650000
te_loss: 0.570144, te_score: 0.750000

time = 9
tr_loss: 0.636277, tr_score: 0.695000
va_loss: 0.640424, va_score: 0.680000
te_loss: 0.629722, te_score: 0.710000

time = 9
tr_loss: 0.558811, tr_score: 0.723750
va_loss: 0.516901, va_score: 0.720000
te_loss: 0.561578, te_score: 0.750000

time = 9
tr_loss: 0.520405, tr_score: 0.731250
va_loss: 0.551141, va_score: 0.710000
te_loss: 0.496608, te_score: 0.720000

time = 9
tr_loss: 0.575657, tr_score: 0.691250
va_loss: 0.547526, va_score: 0.730000
te_loss: 0.575821, te_score: 0.740000

time = 9
tr_loss: 0.616338, tr_score: 0.721250
va_loss: 0.695905, va_score: 0.600000
te_loss: 0.596158, te_score: 0.700000

time = 9
tr_loss: 0.548541, tr_score: 0.751250
va_loss: 0.553276, va_score: 0.720000
te_loss: 0.546300, te_score: 0.710000

time = 9
tr_loss: 0.551114, tr_score: 0.716250
va_loss: 0.581512, va_score: 0.700000
te_loss: 0.569019, te_score: 0.710000

time = 9
tr_loss: 0.589147, tr_score: 0.716250
va_loss: 0.584981, va_score: 0.690000
te_loss: 0.644170, te_score: 0.660000

time = 9
tr_loss: 0.584125, tr_score: 0.703750
va_loss: 0.565218, va_score: 0.690000
te_loss: 0.599647, te_score: 0.680000

time = 9
tr_loss: 0.578026, tr_score: 0.717500
va_loss: 0.574699, va_score: 0.730000
te_loss: 0.562784, te_score: 0.730000

======================================================
9  Seed:  [9948.  542.  232.  666. 5686. 1955. 6679. 1732. 8003. 9621. 2645. 4622.
 2831. 7236. 6932. 8781. 1798. 9886. 2715. 5559.]
tr_loss: 0.574255, tr_score: 0.715125
va_loss: 0.577268, va_score: 0.705000
te_loss: 0.585983, te_score: 0.700500
time = 10
tr_loss: 0.527803, tr_score: 0.753750
va_loss: 0.525257, va_score: 0.740000
te_loss: 0.506144, te_score: 0.790000

time = 10
tr_loss: 0.637670, tr_score: 0.683750
va_loss: 0.667047, va_score: 0.630000
te_loss: 0.590811, te_score: 0.690000

time = 10
tr_loss: 0.570925, tr_score: 0.708750
va_loss: 0.568685, va_score: 0.750000
te_loss: 0.698792, te_score: 0.650000

time = 10
tr_loss: 0.581818, tr_score: 0.686250
va_loss: 0.524636, va_score: 0.770000
te_loss: 0.560022, te_score: 0.740000

time = 10
tr_loss: 0.578145, tr_score: 0.700000
va_loss: 0.614707, va_score: 0.680000
te_loss: 0.555882, te_score: 0.740000

time = 10
tr_loss: 0.604203, tr_score: 0.707500
va_loss: 0.575015, va_score: 0.720000
te_loss: 0.613461, te_score: 0.720000

time = 10
tr_loss: 0.618347, tr_score: 0.691250
va_loss: 0.566281, va_score: 0.760000
te_loss: 0.595612, te_score: 0.730000

time = 10
tr_loss: 0.614908, tr_score: 0.688750
va_loss: 0.492967, va_score: 0.820000
te_loss: 0.577444, te_score: 0.720000

time = 10
tr_loss: 0.544108, tr_score: 0.737500
va_loss: 0.558388, va_score: 0.740000
te_loss: 0.582378, te_score: 0.640000

time = 10
tr_loss: 0.565845, tr_score: 0.722500
va_loss: 0.569790, va_score: 0.700000
te_loss: 0.594072, te_score: 0.650000

time = 10
tr_loss: 0.574078, tr_score: 0.706250
va_loss: 0.622567, va_score: 0.650000
te_loss: 0.561845, te_score: 0.720000

time = 10
tr_loss: 0.567513, tr_score: 0.716250
va_loss: 0.658166, va_score: 0.630000
te_loss: 0.605999, te_score: 0.700000

time = 10
tr_loss: 0.586058, tr_score: 0.716250
va_loss: 0.617583, va_score: 0.730000
te_loss: 0.562255, te_score: 0.740000

time = 10
tr_loss: 0.612456, tr_score: 0.685000
va_loss: 0.559261, va_score: 0.740000
te_loss: 0.527571, te_score: 0.790000

time = 10
tr_loss: 0.614032, tr_score: 0.713750
va_loss: 0.661437, va_score: 0.630000
te_loss: 0.698161, te_score: 0.660000

time = 10
tr_loss: 0.578828, tr_score: 0.710000
va_loss: 0.556560, va_score: 0.790000
te_loss: 0.568576, te_score: 0.740000

time = 10
tr_loss: 0.593941, tr_score: 0.702500
va_loss: 0.532414, va_score: 0.770000
te_loss: 0.593305, te_score: 0.680000

time = 10
tr_loss: 0.616108, tr_score: 0.698750
va_loss: 0.637849, va_score: 0.680000
te_loss: 0.586075, te_score: 0.740000

time = 10
tr_loss: 0.566417, tr_score: 0.710000
va_loss: 0.552114, va_score: 0.720000
te_loss: 0.567087, te_score: 0.700000

time = 10
tr_loss: 0.561056, tr_score: 0.711250
va_loss: 0.663181, va_score: 0.580000
te_loss: 0.566102, te_score: 0.750000

======================================================
10  Seed:  [9217. 8758. 9318. 9902. 9257. 5433. 4194. 5342. 6064. 1182. 7632. 9724.
 4507. 4141. 7028. 4431.  710. 9505. 6403. 3797.]
tr_loss: 0.585713, tr_score: 0.707500
va_loss: 0.586195, va_score: 0.711500
te_loss: 0.585580, te_score: 0.714500
time = 11
tr_loss: 0.591906, tr_score: 0.692500
va_loss: 0.464699, va_score: 0.820000
te_loss: 0.646230, te_score: 0.660000

time = 11
tr_loss: 0.631336, tr_score: 0.710000
va_loss: 0.699288, va_score: 0.670000
te_loss: 0.650490, te_score: 0.660000

time = 11
tr_loss: 0.608448, tr_score: 0.703750
va_loss: 0.598012, va_score: 0.700000
te_loss: 0.632745, te_score: 0.710000

time = 11
tr_loss: 0.601251, tr_score: 0.697500
va_loss: 0.608984, va_score: 0.690000
te_loss: 0.536291, te_score: 0.780000

time = 11
tr_loss: 0.550593, tr_score: 0.732500
va_loss: 0.598214, va_score: 0.680000
te_loss: 0.576677, te_score: 0.720000

time = 11
tr_loss: 0.598283, tr_score: 0.707500
va_loss: 0.610106, va_score: 0.710000
te_loss: 0.554272, te_score: 0.770000

time = 11
tr_loss: 0.539408, tr_score: 0.727500
va_loss: 0.613915, va_score: 0.670000
te_loss: 0.607888, te_score: 0.680000

time = 11
tr_loss: 0.572414, tr_score: 0.708750
va_loss: 0.461827, va_score: 0.850000
te_loss: 0.596238, te_score: 0.680000

time = 11
tr_loss: 0.598284, tr_score: 0.713750
va_loss: 0.630591, va_score: 0.710000
te_loss: 0.583045, te_score: 0.730000

time = 11
tr_loss: 0.575154, tr_score: 0.738750
va_loss: 0.662410, va_score: 0.650000
te_loss: 0.619783, te_score: 0.700000

time = 11
tr_loss: 0.536922, tr_score: 0.725000
va_loss: 0.564898, va_score: 0.740000
te_loss: 0.491609, te_score: 0.760000

time = 11
tr_loss: 0.630253, tr_score: 0.720000
va_loss: 0.678712, va_score: 0.650000
te_loss: 0.762074, te_score: 0.570000

time = 11
tr_loss: 0.550148, tr_score: 0.730000
va_loss: 0.597793, va_score: 0.670000
te_loss: 0.661225, te_score: 0.680000

time = 11
tr_loss: 0.491364, tr_score: 0.756250
va_loss: 0.447943, va_score: 0.770000
te_loss: 0.543570, te_score: 0.760000

time = 11
tr_loss: 0.574327, tr_score: 0.732500
va_loss: 0.529402, va_score: 0.770000
te_loss: 0.627546, te_score: 0.680000

time = 11
tr_loss: 0.593034, tr_score: 0.708750
va_loss: 0.656796, va_score: 0.640000
te_loss: 0.557541, te_score: 0.740000

time = 11
tr_loss: 0.563038, tr_score: 0.723750
va_loss: 0.528315, va_score: 0.780000
te_loss: 0.578352, te_score: 0.710000

time = 11
tr_loss: 0.535619, tr_score: 0.733750
va_loss: 0.503140, va_score: 0.750000
te_loss: 0.610861, te_score: 0.690000

time = 11
tr_loss: 0.579105, tr_score: 0.705000
va_loss: 0.562226, va_score: 0.790000
te_loss: 0.631196, te_score: 0.640000

time = 11
tr_loss: 0.576991, tr_score: 0.712500
va_loss: 0.512127, va_score: 0.800000
te_loss: 0.625933, te_score: 0.670000

======================================================
11  Seed:  [ 276. 7096. 7576. 7225. 8005. 7496. 1258. 6191. 8489. 5152. 4572. 4247.
 5941. 8136.  978. 3169. 6643. 4121. 8439. 9382.]
tr_loss: 0.574894, tr_score: 0.719000
va_loss: 0.576470, va_score: 0.725500
te_loss: 0.604678, te_score: 0.699500
time = 12
tr_loss: 0.526665, tr_score: 0.747500
va_loss: 0.548728, va_score: 0.720000
te_loss: 0.484937, te_score: 0.790000

time = 12
tr_loss: 0.544030, tr_score: 0.708750
va_loss: 0.598958, va_score: 0.660000
te_loss: 0.528321, te_score: 0.760000

time = 12
tr_loss: 0.565201, tr_score: 0.728750
va_loss: 0.597769, va_score: 0.680000
te_loss: 0.640018, te_score: 0.620000

time = 12
tr_loss: 0.581249, tr_score: 0.725000
va_loss: 0.602985, va_score: 0.690000
te_loss: 0.753790, te_score: 0.590000

time = 12
tr_loss: 0.544596, tr_score: 0.733750
va_loss: 0.587042, va_score: 0.690000
te_loss: 0.581768, te_score: 0.660000

time = 12
tr_loss: 0.587640, tr_score: 0.725000
va_loss: 0.590502, va_score: 0.720000
te_loss: 0.583109, te_score: 0.710000

time = 12
tr_loss: 0.582943, tr_score: 0.720000
va_loss: 0.658539, va_score: 0.620000
te_loss: 0.641060, te_score: 0.640000

time = 12
tr_loss: 0.590472, tr_score: 0.723750
va_loss: 0.609534, va_score: 0.710000
te_loss: 0.639534, te_score: 0.660000

time = 12
tr_loss: 0.593289, tr_score: 0.696250
va_loss: 0.600201, va_score: 0.690000
te_loss: 0.632786, te_score: 0.680000

time = 12
tr_loss: 0.614770, tr_score: 0.707500
va_loss: 0.668225, va_score: 0.650000
te_loss: 0.687877, te_score: 0.650000

time = 12
tr_loss: 0.579509, tr_score: 0.703750
va_loss: 0.615817, va_score: 0.670000
te_loss: 0.623779, te_score: 0.670000

time = 12
tr_loss: 0.579138, tr_score: 0.723750
va_loss: 0.545062, va_score: 0.750000
te_loss: 0.609127, te_score: 0.710000

time = 12
tr_loss: 0.556944, tr_score: 0.708750
va_loss: 0.603024, va_score: 0.700000
te_loss: 0.694712, te_score: 0.620000

time = 12
tr_loss: 0.568599, tr_score: 0.717500
va_loss: 0.565389, va_score: 0.720000
te_loss: 0.557269, te_score: 0.750000

time = 12
tr_loss: 0.573311, tr_score: 0.705000
va_loss: 0.581696, va_score: 0.690000
te_loss: 0.643135, te_score: 0.660000

time = 12
tr_loss: 0.573485, tr_score: 0.717500
va_loss: 0.579481, va_score: 0.700000
te_loss: 0.593244, te_score: 0.730000

time = 12
tr_loss: 0.594299, tr_score: 0.691250
va_loss: 0.682067, va_score: 0.650000
te_loss: 0.550744, te_score: 0.760000

time = 12
tr_loss: 0.597677, tr_score: 0.702500
va_loss: 0.617009, va_score: 0.690000
te_loss: 0.606906, te_score: 0.730000

time = 12
tr_loss: 0.593637, tr_score: 0.701250
va_loss: 0.571086, va_score: 0.700000
te_loss: 0.605473, te_score: 0.690000

time = 12
tr_loss: 0.570661, tr_score: 0.717500
va_loss: 0.651105, va_score: 0.610000
te_loss: 0.602124, te_score: 0.680000

======================================================
12  Seed:  [5995. 5359. 4959. 8841. 2084. 6283. 5803. 5547. 5856. 6466. 1029. 9406.
 1119. 6504. 6270.   89. 4601. 8528. 5236. 3309.]
tr_loss: 0.575906, tr_score: 0.715250
va_loss: 0.603711, va_score: 0.685500
te_loss: 0.612986, te_score: 0.688000
time = 13
tr_loss: 0.579009, tr_score: 0.713750
va_loss: 0.614904, va_score: 0.690000
te_loss: 0.570342, te_score: 0.770000

time = 13
tr_loss: 0.621376, tr_score: 0.696250
va_loss: 0.562265, va_score: 0.780000
te_loss: 0.622921, te_score: 0.720000

time = 13
tr_loss: 0.556415, tr_score: 0.731250
va_loss: 0.529634, va_score: 0.740000
te_loss: 0.715201, te_score: 0.590000

time = 13
tr_loss: 0.598016, tr_score: 0.702500
va_loss: 0.651070, va_score: 0.680000
te_loss: 0.523432, te_score: 0.760000

time = 13
tr_loss: 0.583327, tr_score: 0.705000
va_loss: 0.616139, va_score: 0.740000
te_loss: 0.583198, te_score: 0.700000

time = 13
tr_loss: 0.586599, tr_score: 0.711250
va_loss: 0.646166, va_score: 0.690000
te_loss: 0.644514, te_score: 0.680000

time = 13
tr_loss: 0.561376, tr_score: 0.717500
va_loss: 0.595274, va_score: 0.720000
te_loss: 0.564184, te_score: 0.730000

time = 13
tr_loss: 0.584348, tr_score: 0.713750
va_loss: 0.566754, va_score: 0.770000
te_loss: 0.587084, te_score: 0.690000

time = 13
tr_loss: 0.578161, tr_score: 0.708750
va_loss: 0.575426, va_score: 0.730000
te_loss: 0.515620, te_score: 0.740000

time = 13
tr_loss: 0.571573, tr_score: 0.712500
va_loss: 0.635508, va_score: 0.640000
te_loss: 0.553405, te_score: 0.790000

time = 13
tr_loss: 0.566145, tr_score: 0.731250
va_loss: 0.605751, va_score: 0.720000
te_loss: 0.685312, te_score: 0.590000

time = 13
tr_loss: 0.576734, tr_score: 0.726250
va_loss: 0.572980, va_score: 0.710000
te_loss: 0.584885, te_score: 0.720000

time = 13
tr_loss: 0.514729, tr_score: 0.735000
va_loss: 0.573594, va_score: 0.710000
te_loss: 0.506543, te_score: 0.730000

time = 13
tr_loss: 0.534017, tr_score: 0.743750
va_loss: 0.481064, va_score: 0.790000
te_loss: 0.529031, te_score: 0.730000

time = 13
tr_loss: 0.601240, tr_score: 0.680000
va_loss: 0.549197, va_score: 0.740000
te_loss: 0.525345, te_score: 0.750000

time = 13
tr_loss: 0.573187, tr_score: 0.723750
va_loss: 0.603958, va_score: 0.710000
te_loss: 0.622654, te_score: 0.670000

time = 13
tr_loss: 0.583255, tr_score: 0.713750
va_loss: 0.568458, va_score: 0.700000
te_loss: 0.658982, te_score: 0.630000

time = 13
tr_loss: 0.621683, tr_score: 0.691250
va_loss: 0.588541, va_score: 0.740000
te_loss: 0.601846, te_score: 0.720000

time = 13
tr_loss: 0.593546, tr_score: 0.691250
va_loss: 0.512129, va_score: 0.770000
te_loss: 0.605081, te_score: 0.660000

time = 13
tr_loss: 0.591198, tr_score: 0.686250
va_loss: 0.585987, va_score: 0.710000
te_loss: 0.549061, te_score: 0.760000

======================================================
13  Seed:  [3706. 3756. 2533. 6590. 1761. 5957. 4965. 8699. 1302.  214. 1426. 3422.
 9979.   35. 8073. 6183. 7853. 8174. 4923.  725.]
tr_loss: 0.578797, tr_score: 0.711750
va_loss: 0.581740, va_score: 0.724000
te_loss: 0.587432, te_score: 0.706500
time = 14
tr_loss: 0.563339, tr_score: 0.711250
va_loss: 0.598973, va_score: 0.640000
te_loss: 0.556977, te_score: 0.670000

time = 14
tr_loss: 0.565229, tr_score: 0.723750
va_loss: 0.600639, va_score: 0.680000
te_loss: 0.551642, te_score: 0.730000

time = 14
tr_loss: 0.577382, tr_score: 0.705000
va_loss: 0.557381, va_score: 0.670000
te_loss: 0.592945, te_score: 0.710000

time = 14
tr_loss: 0.558949, tr_score: 0.726250
va_loss: 0.593544, va_score: 0.700000
te_loss: 0.505064, te_score: 0.770000

time = 14
tr_loss: 0.573694, tr_score: 0.726250
va_loss: 0.605533, va_score: 0.690000
te_loss: 0.585034, te_score: 0.690000

time = 14
tr_loss: 0.605646, tr_score: 0.723750
va_loss: 0.600864, va_score: 0.700000
te_loss: 0.662355, te_score: 0.670000

time = 14
tr_loss: 0.637489, tr_score: 0.692500
va_loss: 0.555869, va_score: 0.770000
te_loss: 0.643859, te_score: 0.670000

time = 14
tr_loss: 0.598726, tr_score: 0.702500
va_loss: 0.627959, va_score: 0.660000
te_loss: 0.610053, te_score: 0.720000

time = 14
tr_loss: 0.605875, tr_score: 0.695000
va_loss: 0.590364, va_score: 0.720000
te_loss: 0.586793, te_score: 0.720000

time = 14
tr_loss: 0.571597, tr_score: 0.721250
va_loss: 0.497155, va_score: 0.780000
te_loss: 0.639913, te_score: 0.660000

time = 14
tr_loss: 0.580621, tr_score: 0.710000
va_loss: 0.517622, va_score: 0.750000
te_loss: 0.548269, te_score: 0.740000

time = 14
tr_loss: 0.562326, tr_score: 0.727500
va_loss: 0.571092, va_score: 0.750000
te_loss: 0.587095, te_score: 0.710000

time = 14
tr_loss: 0.600971, tr_score: 0.707500
va_loss: 0.551098, va_score: 0.760000
te_loss: 0.627662, te_score: 0.690000

time = 14
tr_loss: 0.600473, tr_score: 0.690000
va_loss: 0.628071, va_score: 0.700000
te_loss: 0.570093, te_score: 0.720000

time = 14
tr_loss: 0.553941, tr_score: 0.711250
va_loss: 0.640121, va_score: 0.650000
te_loss: 0.608355, te_score: 0.700000

time = 14
tr_loss: 0.615774, tr_score: 0.697500
va_loss: 0.551564, va_score: 0.770000
te_loss: 0.567699, te_score: 0.760000

time = 14
tr_loss: 0.522401, tr_score: 0.757500
va_loss: 0.487632, va_score: 0.790000
te_loss: 0.597072, te_score: 0.700000

time = 14
tr_loss: 0.560518, tr_score: 0.717500
va_loss: 0.600820, va_score: 0.680000
te_loss: 0.587260, te_score: 0.740000

time = 14
tr_loss: 0.563739, tr_score: 0.725000
va_loss: 0.582472, va_score: 0.700000
te_loss: 0.635331, te_score: 0.630000

time = 14
tr_loss: 0.567802, tr_score: 0.720000
va_loss: 0.596886, va_score: 0.670000
te_loss: 0.515710, te_score: 0.760000

======================================================
14  Seed:  [6736. 9332. 4026. 8791. 2185. 8095. 4925. 3877. 8332. 6847. 5871. 5004.
 2796. 4961. 1467. 7787. 3868. 5255. 9307. 9073.]
tr_loss: 0.579325, tr_score: 0.714562
va_loss: 0.577783, va_score: 0.711500
te_loss: 0.588959, te_score: 0.708000
time = 15
tr_loss: 0.519146, tr_score: 0.750000
va_loss: 0.495168, va_score: 0.730000
te_loss: 0.597116, te_score: 0.690000

time = 15
tr_loss: 0.613980, tr_score: 0.688750
va_loss: 0.575883, va_score: 0.730000
te_loss: 0.537385, te_score: 0.770000

time = 15
tr_loss: 0.548178, tr_score: 0.730000
va_loss: 0.584851, va_score: 0.730000
te_loss: 0.578832, te_score: 0.710000

time = 15
tr_loss: 0.603575, tr_score: 0.708750
va_loss: 0.551235, va_score: 0.780000
te_loss: 0.649719, te_score: 0.670000

time = 15
tr_loss: 0.546088, tr_score: 0.735000
va_loss: 0.516800, va_score: 0.800000
te_loss: 0.551978, te_score: 0.730000

time = 15
tr_loss: 0.546820, tr_score: 0.720000
va_loss: 0.629728, va_score: 0.680000
te_loss: 0.592202, te_score: 0.680000

time = 15
tr_loss: 0.578768, tr_score: 0.698750
va_loss: 0.588702, va_score: 0.670000
te_loss: 0.559020, te_score: 0.740000

time = 15
tr_loss: 0.595549, tr_score: 0.700000
va_loss: 0.577283, va_score: 0.730000
te_loss: 0.589582, te_score: 0.710000

time = 15
tr_loss: 0.606445, tr_score: 0.697500
va_loss: 0.598995, va_score: 0.730000
te_loss: 0.612783, te_score: 0.710000

time = 15
tr_loss: 0.583657, tr_score: 0.706250
va_loss: 0.639478, va_score: 0.640000
te_loss: 0.593734, te_score: 0.710000

time = 15
tr_loss: 0.605486, tr_score: 0.683750
va_loss: 0.546427, va_score: 0.750000
te_loss: 0.579958, te_score: 0.710000

time = 15
tr_loss: 0.572303, tr_score: 0.706250
va_loss: 0.572460, va_score: 0.700000
te_loss: 0.619761, te_score: 0.670000

time = 15
tr_loss: 0.606317, tr_score: 0.653750
va_loss: 0.573311, va_score: 0.710000
te_loss: 0.635361, te_score: 0.620000

time = 15
tr_loss: 0.537820, tr_score: 0.718750
va_loss: 0.540293, va_score: 0.770000
te_loss: 0.565594, te_score: 0.670000

time = 15
tr_loss: 0.549827, tr_score: 0.727500
va_loss: 0.586394, va_score: 0.690000
te_loss: 0.561331, te_score: 0.740000

time = 15
tr_loss: 0.581419, tr_score: 0.701250
va_loss: 0.623885, va_score: 0.630000
te_loss: 0.608457, te_score: 0.660000

time = 15
tr_loss: 0.565162, tr_score: 0.717500
va_loss: 0.517572, va_score: 0.770000
te_loss: 0.611410, te_score: 0.670000

time = 15
tr_loss: 0.573228, tr_score: 0.717500
va_loss: 0.596550, va_score: 0.680000
te_loss: 0.640481, te_score: 0.650000

time = 15
tr_loss: 0.591801, tr_score: 0.707500
va_loss: 0.552239, va_score: 0.760000
te_loss: 0.597086, te_score: 0.720000

time = 15
tr_loss: 0.526680, tr_score: 0.715000
va_loss: 0.498981, va_score: 0.720000
te_loss: 0.552682, te_score: 0.680000

======================================================
15  Seed:  [ 879. 4612.  287.  491. 3659. 8251. 7507. 1140. 3507. 4318. 9716. 8900.
 3870. 2555. 7340. 8792.  757. 6674. 3143.  691.]
tr_loss: 0.572612, tr_score: 0.709187
va_loss: 0.568312, va_score: 0.720000
te_loss: 0.591724, te_score: 0.695500
time = 16
tr_loss: 0.582638, tr_score: 0.697500
va_loss: 0.555438, va_score: 0.720000
te_loss: 0.598357, te_score: 0.700000

time = 16
tr_loss: 0.577836, tr_score: 0.706250
va_loss: 0.610633, va_score: 0.700000
te_loss: 0.613020, te_score: 0.650000

time = 16
tr_loss: 0.548419, tr_score: 0.723750
va_loss: 0.521160, va_score: 0.770000
te_loss: 0.583754, te_score: 0.720000

time = 16
tr_loss: 0.558020, tr_score: 0.718750
va_loss: 0.590899, va_score: 0.680000
te_loss: 0.537128, te_score: 0.760000

time = 16
tr_loss: 0.547947, tr_score: 0.708750
va_loss: 0.525323, va_score: 0.750000
te_loss: 0.558239, te_score: 0.700000

time = 16
tr_loss: 0.596844, tr_score: 0.706250
va_loss: 0.606348, va_score: 0.700000
te_loss: 0.637118, te_score: 0.660000

time = 16
tr_loss: 0.588389, tr_score: 0.706250
va_loss: 0.665300, va_score: 0.640000
te_loss: 0.554885, te_score: 0.750000

time = 16
tr_loss: 0.557621, tr_score: 0.718750
va_loss: 0.610942, va_score: 0.680000
te_loss: 0.600970, te_score: 0.670000

time = 16
tr_loss: 0.643239, tr_score: 0.667500
va_loss: 0.590446, va_score: 0.700000
te_loss: 0.611031, te_score: 0.730000

time = 16
tr_loss: 0.575242, tr_score: 0.737500
va_loss: 0.645471, va_score: 0.660000
te_loss: 0.651115, te_score: 0.680000

time = 16
tr_loss: 0.585286, tr_score: 0.707500
va_loss: 0.599808, va_score: 0.710000
te_loss: 0.637354, te_score: 0.670000

time = 16
tr_loss: 0.579341, tr_score: 0.707500
va_loss: 0.607293, va_score: 0.680000
te_loss: 0.626467, te_score: 0.660000

time = 16
tr_loss: 0.622953, tr_score: 0.702500
va_loss: 0.644443, va_score: 0.660000
te_loss: 0.628946, te_score: 0.720000

time = 16
tr_loss: 0.578017, tr_score: 0.691250
va_loss: 0.516995, va_score: 0.770000
te_loss: 0.504331, te_score: 0.780000

time = 16
tr_loss: 0.549334, tr_score: 0.722500
va_loss: 0.511664, va_score: 0.750000
te_loss: 0.528397, te_score: 0.750000

time = 16
tr_loss: 0.522560, tr_score: 0.743750
va_loss: 0.569886, va_score: 0.690000
te_loss: 0.570872, te_score: 0.710000

time = 16
tr_loss: 0.598700, tr_score: 0.716250
va_loss: 0.584598, va_score: 0.710000
te_loss: 0.598077, te_score: 0.700000

time = 16
tr_loss: 0.597962, tr_score: 0.713750
va_loss: 0.648507, va_score: 0.670000
te_loss: 0.594377, te_score: 0.720000

time = 16
tr_loss: 0.594406, tr_score: 0.687500
va_loss: 0.519823, va_score: 0.760000
te_loss: 0.626402, te_score: 0.660000

time = 16
tr_loss: 0.556414, tr_score: 0.707500
va_loss: 0.582334, va_score: 0.690000
te_loss: 0.533931, te_score: 0.740000

======================================================
16  Seed:  [9082. 6878.  978. 6918.   35. 3547.  812. 1562. 5243. 8191. 5330. 4602.
 2929. 4830.  303. 9956. 3156. 7475. 4637.  734.]
tr_loss: 0.578059, tr_score: 0.709562
va_loss: 0.585366, va_score: 0.704500
te_loss: 0.589739, te_score: 0.706500
time = 17
tr_loss: 0.550096, tr_score: 0.721250
va_loss: 0.541153, va_score: 0.730000
te_loss: 0.561294, te_score: 0.680000

time = 17
tr_loss: 0.587552, tr_score: 0.703750
va_loss: 0.617601, va_score: 0.670000
te_loss: 0.603271, te_score: 0.700000

time = 17
tr_loss: 0.587838, tr_score: 0.722500
va_loss: 0.630028, va_score: 0.660000
te_loss: 0.614804, te_score: 0.690000

time = 17
tr_loss: 0.557527, tr_score: 0.727500
va_loss: 0.605472, va_score: 0.660000
te_loss: 0.587781, te_score: 0.710000

time = 17
tr_loss: 0.579666, tr_score: 0.718750
va_loss: 0.551309, va_score: 0.720000
te_loss: 0.584706, te_score: 0.690000

time = 17
tr_loss: 0.588310, tr_score: 0.701250
va_loss: 0.621192, va_score: 0.710000
te_loss: 0.667470, te_score: 0.650000

time = 17
tr_loss: 0.576255, tr_score: 0.715000
va_loss: 0.671701, va_score: 0.640000
te_loss: 0.594723, te_score: 0.680000

time = 17
tr_loss: 0.551851, tr_score: 0.720000
va_loss: 0.603828, va_score: 0.670000
te_loss: 0.672061, te_score: 0.630000

time = 17
tr_loss: 0.553770, tr_score: 0.746250
va_loss: 0.553620, va_score: 0.730000
te_loss: 0.522717, te_score: 0.750000

time = 17
tr_loss: 0.611571, tr_score: 0.702500
va_loss: 0.633114, va_score: 0.710000
te_loss: 0.695375, te_score: 0.590000

time = 17
tr_loss: 0.576670, tr_score: 0.721250
va_loss: 0.606747, va_score: 0.750000
te_loss: 0.634534, te_score: 0.700000

time = 17
tr_loss: 0.580683, tr_score: 0.716250
va_loss: 0.664138, va_score: 0.690000
te_loss: 0.584597, te_score: 0.690000

time = 17
tr_loss: 0.577370, tr_score: 0.705000
va_loss: 0.581654, va_score: 0.690000
te_loss: 0.518020, te_score: 0.760000

time = 17
tr_loss: 0.602901, tr_score: 0.688750
va_loss: 0.590924, va_score: 0.730000
te_loss: 0.541535, te_score: 0.760000

time = 17
tr_loss: 0.561485, tr_score: 0.725000
va_loss: 0.662364, va_score: 0.610000
te_loss: 0.643234, te_score: 0.690000

time = 17
tr_loss: 0.570375, tr_score: 0.716250
va_loss: 0.517893, va_score: 0.770000
te_loss: 0.569249, te_score: 0.720000

time = 17
tr_loss: 0.572479, tr_score: 0.718750
va_loss: 0.671758, va_score: 0.620000
te_loss: 0.553923, te_score: 0.700000

time = 17
tr_loss: 0.598160, tr_score: 0.692500
va_loss: 0.566916, va_score: 0.710000
te_loss: 0.540473, te_score: 0.780000

time = 17
tr_loss: 0.587868, tr_score: 0.700000
va_loss: 0.552048, va_score: 0.730000
te_loss: 0.598969, te_score: 0.670000

time = 17
tr_loss: 0.617734, tr_score: 0.693750
va_loss: 0.596085, va_score: 0.700000
te_loss: 0.621612, te_score: 0.680000

======================================================
17  Seed:  [9997. 6891. 7283.  296. 4194.  627. 9187. 9699.  412. 3964. 5059. 1882.
 6859. 7098. 9012. 6459. 3018. 8410. 9321. 1260.]
tr_loss: 0.579508, tr_score: 0.712812
va_loss: 0.601977, va_score: 0.695000
te_loss: 0.595517, te_score: 0.696000
time = 18
tr_loss: 0.532605, tr_score: 0.743750
va_loss: 0.531436, va_score: 0.730000
te_loss: 0.516336, te_score: 0.750000

time = 18
tr_loss: 0.579952, tr_score: 0.712500
va_loss: 0.568923, va_score: 0.730000
te_loss: 0.562317, te_score: 0.730000

time = 18
tr_loss: 0.560103, tr_score: 0.725000
va_loss: 0.507587, va_score: 0.760000
te_loss: 0.636626, te_score: 0.660000

time = 18
tr_loss: 0.590802, tr_score: 0.712500
va_loss: 0.586633, va_score: 0.690000
te_loss: 0.553364, te_score: 0.740000

time = 18
tr_loss: 0.638846, tr_score: 0.688750
va_loss: 0.591197, va_score: 0.700000
te_loss: 0.578386, te_score: 0.750000

time = 18
tr_loss: 0.579348, tr_score: 0.710000
va_loss: 0.543366, va_score: 0.750000
te_loss: 0.553563, te_score: 0.760000

time = 18
tr_loss: 0.597502, tr_score: 0.705000
va_loss: 0.654580, va_score: 0.600000
te_loss: 0.546436, te_score: 0.770000

time = 18
tr_loss: 0.592142, tr_score: 0.703750
va_loss: 0.595415, va_score: 0.690000
te_loss: 0.658979, te_score: 0.570000

time = 18
tr_loss: 0.576441, tr_score: 0.726250
va_loss: 0.555376, va_score: 0.730000
te_loss: 0.603122, te_score: 0.660000

time = 18
tr_loss: 0.565559, tr_score: 0.720000
va_loss: 0.561095, va_score: 0.720000
te_loss: 0.589638, te_score: 0.690000

time = 18
tr_loss: 0.605356, tr_score: 0.700000
va_loss: 0.683574, va_score: 0.650000
te_loss: 0.578937, te_score: 0.740000

time = 18
tr_loss: 0.608842, tr_score: 0.697500
va_loss: 0.584829, va_score: 0.720000
te_loss: 0.615320, te_score: 0.700000

time = 18
tr_loss: 0.551155, tr_score: 0.743750
va_loss: 0.601352, va_score: 0.700000
te_loss: 0.678824, te_score: 0.690000

time = 18
tr_loss: 0.581931, tr_score: 0.718750
va_loss: 0.570993, va_score: 0.740000
te_loss: 0.571789, te_score: 0.710000

time = 18
tr_loss: 0.586476, tr_score: 0.721250
va_loss: 0.545561, va_score: 0.750000
te_loss: 0.551648, te_score: 0.730000

time = 18
tr_loss: 0.554326, tr_score: 0.718750
va_loss: 0.467066, va_score: 0.760000
te_loss: 0.466915, te_score: 0.750000

time = 18
tr_loss: 0.569376, tr_score: 0.723750
va_loss: 0.624492, va_score: 0.670000
te_loss: 0.544175, te_score: 0.750000

time = 18
tr_loss: 0.607001, tr_score: 0.707500
va_loss: 0.608819, va_score: 0.720000
te_loss: 0.602634, te_score: 0.670000

time = 18
tr_loss: 0.578286, tr_score: 0.712500
va_loss: 0.573671, va_score: 0.740000
te_loss: 0.591713, te_score: 0.720000

time = 18
tr_loss: 0.532852, tr_score: 0.723750
va_loss: 0.495313, va_score: 0.780000
te_loss: 0.589424, te_score: 0.730000

======================================================
18  Seed:  [ 873. 4207. 9606. 9170. 6333. 9407. 8590.  438. 6112. 2282. 5826. 4132.
 5788. 3773.  899. 1544. 7119. 3120. 1138. 3253.]
tr_loss: 0.579445, tr_score: 0.715750
va_loss: 0.572564, va_score: 0.716500
te_loss: 0.579507, te_score: 0.713500
time = 19
tr_loss: 0.559484, tr_score: 0.726250
va_loss: 0.623109, va_score: 0.670000
te_loss: 0.589958, te_score: 0.660000

time = 19
tr_loss: 0.519980, tr_score: 0.745000
va_loss: 0.524938, va_score: 0.740000
te_loss: 0.568257, te_score: 0.670000

time = 19
tr_loss: 0.531430, tr_score: 0.746250
va_loss: 0.478265, va_score: 0.780000
te_loss: 0.551615, te_score: 0.750000

time = 19
tr_loss: 0.591943, tr_score: 0.703750
va_loss: 0.611254, va_score: 0.670000
te_loss: 0.610030, te_score: 0.720000

time = 19
tr_loss: 0.589448, tr_score: 0.698750
va_loss: 0.575840, va_score: 0.730000
te_loss: 0.541884, te_score: 0.750000

time = 19
tr_loss: 0.592854, tr_score: 0.711250
va_loss: 0.590719, va_score: 0.680000
te_loss: 0.612018, te_score: 0.700000

time = 19
tr_loss: 0.593959, tr_score: 0.711250
va_loss: 0.528367, va_score: 0.780000
te_loss: 0.609771, te_score: 0.710000

time = 19
tr_loss: 0.582180, tr_score: 0.721250
va_loss: 0.653804, va_score: 0.670000
te_loss: 0.621361, te_score: 0.680000

time = 19
tr_loss: 0.593724, tr_score: 0.695000
va_loss: 0.600128, va_score: 0.680000
te_loss: 0.568811, te_score: 0.770000

time = 19
tr_loss: 0.571973, tr_score: 0.737500
va_loss: 0.598441, va_score: 0.700000
te_loss: 0.571755, te_score: 0.730000

time = 19
tr_loss: 0.607645, tr_score: 0.707500
va_loss: 0.640637, va_score: 0.660000
te_loss: 0.653557, te_score: 0.660000

time = 19
tr_loss: 0.598259, tr_score: 0.701250
va_loss: 0.616979, va_score: 0.720000
te_loss: 0.612094, te_score: 0.690000

time = 19
tr_loss: 0.565111, tr_score: 0.722500
va_loss: 0.603560, va_score: 0.690000
te_loss: 0.628238, te_score: 0.680000

time = 19
tr_loss: 0.480769, tr_score: 0.773750
va_loss: 0.468778, va_score: 0.830000
te_loss: 0.531244, te_score: 0.730000

time = 19
tr_loss: 0.550226, tr_score: 0.725000
va_loss: 0.565956, va_score: 0.700000
te_loss: 0.480769, te_score: 0.780000

time = 19
tr_loss: 0.594516, tr_score: 0.691250
va_loss: 0.564400, va_score: 0.750000
te_loss: 0.557336, te_score: 0.770000

time = 19
tr_loss: 0.598605, tr_score: 0.711250
va_loss: 0.606250, va_score: 0.690000
te_loss: 0.608988, te_score: 0.680000

time = 19
tr_loss: 0.566665, tr_score: 0.722500
va_loss: 0.654373, va_score: 0.660000
te_loss: 0.533757, te_score: 0.740000

time = 19
tr_loss: 0.609661, tr_score: 0.693750
va_loss: 0.606461, va_score: 0.760000
te_loss: 0.622975, te_score: 0.700000

time = 19
tr_loss: 0.592910, tr_score: 0.700000
va_loss: 0.658871, va_score: 0.630000
te_loss: 0.549282, te_score: 0.770000

======================================================
19  Seed:  [3709. 6253. 7969. 4492. 4878.  212. 2129. 7387.  610. 9877. 6936. 8416.
 1824. 6324. 9841. 5493. 7619. 7977.  518. 1963.]
tr_loss: 0.574567, tr_score: 0.717250
va_loss: 0.588556, va_score: 0.709500
te_loss: 0.581185, te_score: 0.717000
time = 20
tr_loss: 0.563479, tr_score: 0.735000
va_loss: 0.544375, va_score: 0.750000
te_loss: 0.568240, te_score: 0.740000

time = 20
tr_loss: 0.571639, tr_score: 0.703750
va_loss: 0.544725, va_score: 0.720000
te_loss: 0.548231, te_score: 0.690000

time = 20
tr_loss: 0.530645, tr_score: 0.743750
va_loss: 0.546242, va_score: 0.730000
te_loss: 0.560738, te_score: 0.700000

time = 20
tr_loss: 0.606575, tr_score: 0.710000
va_loss: 0.650881, va_score: 0.670000
te_loss: 0.555151, te_score: 0.770000

time = 20
tr_loss: 0.577276, tr_score: 0.711250
va_loss: 0.623598, va_score: 0.650000
te_loss: 0.573282, te_score: 0.700000

time = 20
tr_loss: 0.565424, tr_score: 0.721250
va_loss: 0.538867, va_score: 0.760000
te_loss: 0.584703, te_score: 0.700000

time = 20
tr_loss: 0.590615, tr_score: 0.703750
va_loss: 0.564151, va_score: 0.740000
te_loss: 0.528046, te_score: 0.730000

time = 20
tr_loss: 0.571112, tr_score: 0.715000
va_loss: 0.643447, va_score: 0.660000
te_loss: 0.589382, te_score: 0.740000

time = 20
tr_loss: 0.589682, tr_score: 0.703750
va_loss: 0.592523, va_score: 0.700000
te_loss: 0.555893, te_score: 0.760000

time = 20
tr_loss: 0.613681, tr_score: 0.698750
va_loss: 0.540325, va_score: 0.780000
te_loss: 0.579349, te_score: 0.760000

time = 20
tr_loss: 0.567587, tr_score: 0.717500
va_loss: 0.578703, va_score: 0.710000
te_loss: 0.555001, te_score: 0.720000

time = 20
tr_loss: 0.572718, tr_score: 0.700000
va_loss: 0.549926, va_score: 0.750000
te_loss: 0.540033, te_score: 0.750000

time = 20
tr_loss: 0.601250, tr_score: 0.705000
va_loss: 0.570382, va_score: 0.710000
te_loss: 0.625299, te_score: 0.670000

time = 20
tr_loss: 0.561947, tr_score: 0.727500
va_loss: 0.583682, va_score: 0.740000
te_loss: 0.582882, te_score: 0.710000

time = 20
tr_loss: 0.559434, tr_score: 0.722500
va_loss: 0.551499, va_score: 0.710000
te_loss: 0.589905, te_score: 0.710000

time = 20
tr_loss: 0.607702, tr_score: 0.716250
va_loss: 0.679420, va_score: 0.670000
te_loss: 0.624806, te_score: 0.700000

time = 20
tr_loss: 0.606558, tr_score: 0.705000
va_loss: 0.576420, va_score: 0.710000
te_loss: 0.632391, te_score: 0.700000

time = 20
tr_loss: 0.569089, tr_score: 0.720000
va_loss: 0.577503, va_score: 0.700000
te_loss: 0.604520, te_score: 0.700000

time = 20
tr_loss: 0.558255, tr_score: 0.708750
va_loss: 0.535811, va_score: 0.740000
te_loss: 0.554901, te_score: 0.730000

time = 20
tr_loss: 0.606830, tr_score: 0.707500
va_loss: 0.626410, va_score: 0.690000
te_loss: 0.612827, te_score: 0.720000

======================================================
20  Seed:  [8890. 5137. 6638. 5364. 3035. 4210. 5798. 9783. 7946.  146. 8127. 1556.
 1338. 7812. 5900. 6230. 6141. 6234. 5455. 7649.]
tr_loss: 0.579575, tr_score: 0.713812
va_loss: 0.580945, va_score: 0.714500
te_loss: 0.578279, te_score: 0.720000


mid seed:  [6469. 3301. 7178. 4323. 9525.  454. 7215. 4562. 5178. 3971. 9338. 3960.
 2970. 9630. 2254.  396. 4264. 8949. 7913. 1289.]
mid test scores 0.7030000000000001
