time = 0
tr_loss: 0.557477, tr_score: 0.725000
va_loss: 0.551810, va_score: 0.730000
te_loss: 0.568236, te_score: 0.730000

time = 0
tr_loss: 0.513621, tr_score: 0.747500
va_loss: 0.602954, va_score: 0.680000
te_loss: 0.633352, te_score: 0.650000

time = 0
tr_loss: 0.505179, tr_score: 0.757500
va_loss: 0.563852, va_score: 0.730000
te_loss: 0.562635, te_score: 0.710000

time = 0
tr_loss: 0.564336, tr_score: 0.701250
va_loss: 0.549458, va_score: 0.750000
te_loss: 0.595335, te_score: 0.680000

time = 0
tr_loss: 0.552686, tr_score: 0.720000
va_loss: 0.654166, va_score: 0.620000
te_loss: 0.533768, te_score: 0.750000

time = 0
tr_loss: 0.547441, tr_score: 0.731250
va_loss: 0.630533, va_score: 0.620000
te_loss: 0.679241, te_score: 0.680000

time = 0
tr_loss: 0.618889, tr_score: 0.690000
va_loss: 0.637062, va_score: 0.670000
te_loss: 0.538825, te_score: 0.780000

time = 0
tr_loss: 0.563504, tr_score: 0.712500
va_loss: 0.573643, va_score: 0.700000
te_loss: 0.603004, te_score: 0.660000

time = 0
tr_loss: 0.546163, tr_score: 0.726250
va_loss: 0.512524, va_score: 0.760000
te_loss: 0.562673, te_score: 0.750000

time = 0
tr_loss: 0.499156, tr_score: 0.765000
va_loss: 0.512517, va_score: 0.730000
te_loss: 0.426912, te_score: 0.820000

time = 0
tr_loss: 0.581909, tr_score: 0.712500
va_loss: 0.542527, va_score: 0.750000
te_loss: 0.690163, te_score: 0.610000

time = 0
tr_loss: 0.567965, tr_score: 0.721250
va_loss: 0.618305, va_score: 0.700000
te_loss: 0.786467, te_score: 0.560000

time = 0
tr_loss: 0.557570, tr_score: 0.716250
va_loss: 0.574434, va_score: 0.710000
te_loss: 0.646804, te_score: 0.640000

time = 0
tr_loss: 0.509117, tr_score: 0.755000
va_loss: 0.539201, va_score: 0.720000
te_loss: 0.574195, te_score: 0.700000

time = 0
tr_loss: 0.569860, tr_score: 0.703750
va_loss: 0.648892, va_score: 0.670000
te_loss: 0.603123, te_score: 0.700000

time = 0
tr_loss: 0.566499, tr_score: 0.725000
va_loss: 0.614527, va_score: 0.670000
te_loss: 0.589977, te_score: 0.710000

time = 0
tr_loss: 0.574162, tr_score: 0.713750
va_loss: 0.663905, va_score: 0.650000
te_loss: 0.594655, te_score: 0.720000

time = 0
tr_loss: 0.568553, tr_score: 0.726250
va_loss: 0.550949, va_score: 0.740000
te_loss: 0.570774, te_score: 0.710000

time = 0
tr_loss: 0.520247, tr_score: 0.746250
va_loss: 0.548801, va_score: 0.700000
te_loss: 0.668869, te_score: 0.610000

time = 0
tr_loss: 0.552293, tr_score: 0.703750
va_loss: 0.529289, va_score: 0.810000
te_loss: 0.616514, te_score: 0.680000

======================================================
0  Seed:  [ 140. 2411. 2238. 5068. 2300. 9812. 6334. 4380. 4021. 8554. 2226. 8534.
 4715. 7921. 4457. 6212.  255.  495. 8301.  932.]
tr_loss: 0.551831, tr_score: 0.725000
va_loss: 0.580967, va_score: 0.705500
te_loss: 0.602276, te_score: 0.692500
time = 1
tr_loss: 0.578339, tr_score: 0.707500
va_loss: 0.677826, va_score: 0.630000
te_loss: 0.631652, te_score: 0.670000

time = 1
tr_loss: 0.586847, tr_score: 0.647500
va_loss: 0.667229, va_score: 0.620000
te_loss: 0.581210, te_score: 0.630000

time = 1
tr_loss: 0.570458, tr_score: 0.711250
va_loss: 0.569930, va_score: 0.710000
te_loss: 0.527650, te_score: 0.770000

time = 1
tr_loss: 0.537291, tr_score: 0.742500
va_loss: 0.524637, va_score: 0.750000
te_loss: 0.589385, te_score: 0.680000

time = 1
tr_loss: 0.621062, tr_score: 0.686250
va_loss: 0.645017, va_score: 0.700000
te_loss: 0.597476, te_score: 0.730000

time = 1
tr_loss: 0.566593, tr_score: 0.732500
va_loss: 0.558511, va_score: 0.720000
te_loss: 0.588928, te_score: 0.720000

time = 1
tr_loss: 0.585279, tr_score: 0.707500
va_loss: 0.570498, va_score: 0.720000
te_loss: 0.593596, te_score: 0.690000

time = 1
tr_loss: 0.599665, tr_score: 0.706250
va_loss: 0.605654, va_score: 0.710000
te_loss: 0.532887, te_score: 0.720000

time = 1
tr_loss: 0.577663, tr_score: 0.710000
va_loss: 0.625926, va_score: 0.690000
te_loss: 0.537908, te_score: 0.730000

time = 1
tr_loss: 0.565567, tr_score: 0.722500
va_loss: 0.548071, va_score: 0.760000
te_loss: 0.676168, te_score: 0.630000

time = 1
tr_loss: 0.596841, tr_score: 0.700000
va_loss: 0.608660, va_score: 0.690000
te_loss: 0.519917, te_score: 0.770000

time = 1
tr_loss: 0.557727, tr_score: 0.725000
va_loss: 0.594561, va_score: 0.690000
te_loss: 0.598011, te_score: 0.690000

time = 1
tr_loss: 0.548754, tr_score: 0.722500
va_loss: 0.481658, va_score: 0.820000
te_loss: 0.550604, te_score: 0.720000

time = 1
tr_loss: 0.586618, tr_score: 0.698750
va_loss: 0.567681, va_score: 0.690000
te_loss: 0.595833, te_score: 0.730000

time = 1
tr_loss: 0.591739, tr_score: 0.707500
va_loss: 0.668406, va_score: 0.640000
te_loss: 0.603675, te_score: 0.680000

time = 1
tr_loss: 0.594715, tr_score: 0.715000
va_loss: 0.617205, va_score: 0.710000
te_loss: 0.614301, te_score: 0.690000

time = 1
tr_loss: 0.574046, tr_score: 0.710000
va_loss: 0.514670, va_score: 0.780000
te_loss: 0.571791, te_score: 0.730000

time = 1
tr_loss: 0.585544, tr_score: 0.712500
va_loss: 0.603794, va_score: 0.680000
te_loss: 0.603019, te_score: 0.700000

time = 1
tr_loss: 0.588039, tr_score: 0.707500
va_loss: 0.544737, va_score: 0.790000
te_loss: 0.636805, te_score: 0.670000

time = 1
tr_loss: 0.585139, tr_score: 0.703750
va_loss: 0.573586, va_score: 0.740000
te_loss: 0.538712, te_score: 0.760000

======================================================
1  Seed:  [8640.  888. 4066.  552. 1437. 6591. 8969.  824. 8811.  938.  550. 9822.
 6241. 3057. 1352. 8361. 5326. 3377. 2314. 8889.]
tr_loss: 0.579896, tr_score: 0.708812
va_loss: 0.588413, va_score: 0.712000
te_loss: 0.584476, te_score: 0.705500
time = 2
tr_loss: 0.540238, tr_score: 0.726250
va_loss: 0.540767, va_score: 0.730000
te_loss: 0.628520, te_score: 0.670000

time = 2
tr_loss: 0.531107, tr_score: 0.738750
va_loss: 0.488231, va_score: 0.780000
te_loss: 0.570253, te_score: 0.730000

time = 2
tr_loss: 0.569899, tr_score: 0.713750
va_loss: 0.548432, va_score: 0.740000
te_loss: 0.583953, te_score: 0.710000

time = 2
tr_loss: 0.518916, tr_score: 0.732500
va_loss: 0.613891, va_score: 0.660000
te_loss: 0.543997, te_score: 0.730000

time = 2
tr_loss: 0.581858, tr_score: 0.713750
va_loss: 0.581088, va_score: 0.710000
te_loss: 0.485686, te_score: 0.770000

time = 2
tr_loss: 0.552180, tr_score: 0.715000
va_loss: 0.580501, va_score: 0.680000
te_loss: 0.610073, te_score: 0.680000

time = 2
tr_loss: 0.599478, tr_score: 0.706250
va_loss: 0.677881, va_score: 0.630000
te_loss: 0.626198, te_score: 0.700000

time = 2
tr_loss: 0.601780, tr_score: 0.687500
va_loss: 0.590083, va_score: 0.770000
te_loss: 0.581220, te_score: 0.720000

time = 2
tr_loss: 0.583436, tr_score: 0.723750
va_loss: 0.547374, va_score: 0.730000
te_loss: 0.601688, te_score: 0.720000

time = 2
tr_loss: 0.563632, tr_score: 0.703750
va_loss: 0.571719, va_score: 0.770000
te_loss: 0.557543, te_score: 0.700000

time = 2
tr_loss: 0.570177, tr_score: 0.710000
va_loss: 0.559033, va_score: 0.730000
te_loss: 0.631457, te_score: 0.700000

time = 2
tr_loss: 0.596864, tr_score: 0.705000
va_loss: 0.614286, va_score: 0.700000
te_loss: 0.507361, te_score: 0.820000

time = 2
tr_loss: 0.624793, tr_score: 0.697500
va_loss: 0.594480, va_score: 0.730000
te_loss: 0.653810, te_score: 0.690000

time = 2
tr_loss: 0.587242, tr_score: 0.698750
va_loss: 0.556450, va_score: 0.770000
te_loss: 0.567238, te_score: 0.710000

time = 2
tr_loss: 0.508111, tr_score: 0.751250
va_loss: 0.516411, va_score: 0.730000
te_loss: 0.510224, te_score: 0.770000

time = 2
tr_loss: 0.550020, tr_score: 0.715000
va_loss: 0.490552, va_score: 0.820000
te_loss: 0.520392, te_score: 0.750000

time = 2
tr_loss: 0.589304, tr_score: 0.703750
va_loss: 0.564599, va_score: 0.720000
te_loss: 0.619774, te_score: 0.660000

time = 2
tr_loss: 0.561220, tr_score: 0.706250
va_loss: 0.587734, va_score: 0.690000
te_loss: 0.514736, te_score: 0.770000

time = 2
tr_loss: 0.585394, tr_score: 0.712500
va_loss: 0.571611, va_score: 0.730000
te_loss: 0.631199, te_score: 0.660000

time = 2
tr_loss: 0.591716, tr_score: 0.707500
va_loss: 0.592580, va_score: 0.690000
te_loss: 0.594060, te_score: 0.700000

======================================================
2  Seed:  [5478. 7027. 2150. 7559. 3662. 2043. 8598. 4158. 6442. 4398. 3939. 9768.
 5143. 2231.  162. 6860. 3496. 7749. 2530. 2730.]
tr_loss: 0.570368, tr_score: 0.713437
va_loss: 0.569385, va_score: 0.725500
te_loss: 0.576969, te_score: 0.718000
time = 3
tr_loss: 0.602293, tr_score: 0.705000
va_loss: 0.675212, va_score: 0.640000
te_loss: 0.630389, te_score: 0.690000

time = 3
tr_loss: 0.579715, tr_score: 0.711250
va_loss: 0.633585, va_score: 0.680000
te_loss: 0.577481, te_score: 0.750000

time = 3
tr_loss: 0.580156, tr_score: 0.716250
va_loss: 0.662619, va_score: 0.660000
te_loss: 0.626133, te_score: 0.670000

time = 3
tr_loss: 0.576384, tr_score: 0.716250
va_loss: 0.563748, va_score: 0.760000
te_loss: 0.579899, te_score: 0.720000

time = 3
tr_loss: 0.559255, tr_score: 0.717500
va_loss: 0.513449, va_score: 0.730000
te_loss: 0.583669, te_score: 0.700000

time = 3
tr_loss: 0.578938, tr_score: 0.715000
va_loss: 0.516301, va_score: 0.780000
te_loss: 0.625907, te_score: 0.640000

time = 3
tr_loss: 0.556987, tr_score: 0.716250
va_loss: 0.645861, va_score: 0.630000
te_loss: 0.569626, te_score: 0.700000

time = 3
tr_loss: 0.604991, tr_score: 0.717500
va_loss: 0.683035, va_score: 0.680000
te_loss: 0.692422, te_score: 0.640000

time = 3
tr_loss: 0.590907, tr_score: 0.721250
va_loss: 0.612014, va_score: 0.680000
te_loss: 0.576015, te_score: 0.740000

time = 3
tr_loss: 0.601548, tr_score: 0.700000
va_loss: 0.584985, va_score: 0.710000
te_loss: 0.591098, te_score: 0.740000

time = 3
tr_loss: 0.603243, tr_score: 0.705000
va_loss: 0.634766, va_score: 0.680000
te_loss: 0.605219, te_score: 0.690000

time = 3
tr_loss: 0.583287, tr_score: 0.711250
va_loss: 0.547554, va_score: 0.750000
te_loss: 0.594618, te_score: 0.700000

time = 3
tr_loss: 0.567062, tr_score: 0.723750
va_loss: 0.532582, va_score: 0.760000
te_loss: 0.590538, te_score: 0.680000

time = 3
tr_loss: 0.567299, tr_score: 0.716250
va_loss: 0.650894, va_score: 0.660000
te_loss: 0.481635, te_score: 0.790000

time = 3
tr_loss: 0.607566, tr_score: 0.727500
va_loss: 0.657577, va_score: 0.680000
te_loss: 0.594275, te_score: 0.770000

time = 3
tr_loss: 0.609181, tr_score: 0.708750
va_loss: 0.623782, va_score: 0.680000
te_loss: 0.598532, te_score: 0.730000

time = 3
tr_loss: 0.568208, tr_score: 0.716250
va_loss: 0.536992, va_score: 0.740000
te_loss: 0.630692, te_score: 0.670000

time = 3
tr_loss: 0.617259, tr_score: 0.708750
va_loss: 0.671665, va_score: 0.610000
te_loss: 0.608030, te_score: 0.730000

time = 3
tr_loss: 0.547305, tr_score: 0.723750
va_loss: 0.566314, va_score: 0.690000
te_loss: 0.534496, te_score: 0.680000

time = 3
tr_loss: 0.599525, tr_score: 0.698750
va_loss: 0.610701, va_score: 0.670000
te_loss: 0.582387, te_score: 0.730000

======================================================
3  Seed:  [6469. 3301. 7178. 4323. 9525.  454. 7215. 4562. 5178. 3971. 9338. 3960.
 2970. 9630. 2254.  396. 4264. 8949. 7913. 1289.]
tr_loss: 0.585055, tr_score: 0.713813
va_loss: 0.606182, va_score: 0.693500
te_loss: 0.593653, te_score: 0.708000
time = 4
tr_loss: 0.580612, tr_score: 0.696250
va_loss: 0.563585, va_score: 0.720000
te_loss: 0.539531, te_score: 0.740000

time = 4
tr_loss: 0.581586, tr_score: 0.706250
va_loss: 0.544960, va_score: 0.770000
te_loss: 0.571205, te_score: 0.710000

time = 4
tr_loss: 0.576242, tr_score: 0.706250
va_loss: 0.557197, va_score: 0.740000
te_loss: 0.592476, te_score: 0.690000

time = 4
tr_loss: 0.583286, tr_score: 0.707500
va_loss: 0.558120, va_score: 0.750000
te_loss: 0.618527, te_score: 0.660000

time = 4
tr_loss: 0.619073, tr_score: 0.681250
va_loss: 0.645482, va_score: 0.640000
te_loss: 0.603194, te_score: 0.710000

time = 4
tr_loss: 0.602433, tr_score: 0.712500
va_loss: 0.671096, va_score: 0.690000
te_loss: 0.623265, te_score: 0.680000

time = 4
tr_loss: 0.570778, tr_score: 0.712500
va_loss: 0.569068, va_score: 0.710000
te_loss: 0.565750, te_score: 0.710000

time = 4
tr_loss: 0.623904, tr_score: 0.701250
va_loss: 0.704160, va_score: 0.620000
te_loss: 0.558966, te_score: 0.770000

time = 4
tr_loss: 0.632853, tr_score: 0.697500
va_loss: 0.641885, va_score: 0.650000
te_loss: 0.599357, te_score: 0.760000

time = 4
tr_loss: 0.587822, tr_score: 0.711250
va_loss: 0.595522, va_score: 0.710000
te_loss: 0.571286, te_score: 0.720000

time = 4
tr_loss: 0.597464, tr_score: 0.706250
va_loss: 0.671302, va_score: 0.640000
te_loss: 0.605246, te_score: 0.720000

time = 4
tr_loss: 0.595426, tr_score: 0.713750
va_loss: 0.560739, va_score: 0.760000
te_loss: 0.605868, te_score: 0.680000

time = 4
tr_loss: 0.585133, tr_score: 0.702500
va_loss: 0.536599, va_score: 0.770000
te_loss: 0.602054, te_score: 0.690000

time = 4
tr_loss: 0.606203, tr_score: 0.700000
va_loss: 0.564054, va_score: 0.750000
te_loss: 0.551334, te_score: 0.720000

time = 4
tr_loss: 0.582105, tr_score: 0.710000
va_loss: 0.611590, va_score: 0.720000
te_loss: 0.677494, te_score: 0.610000

time = 4
tr_loss: 0.582575, tr_score: 0.698750
va_loss: 0.552251, va_score: 0.790000
te_loss: 0.566960, te_score: 0.730000

time = 4
tr_loss: 0.558574, tr_score: 0.698750
va_loss: 0.523317, va_score: 0.750000
te_loss: 0.591131, te_score: 0.660000

time = 4
tr_loss: 0.589269, tr_score: 0.720000
va_loss: 0.601073, va_score: 0.710000
te_loss: 0.606156, te_score: 0.700000

time = 4
tr_loss: 0.583426, tr_score: 0.713750
va_loss: 0.700822, va_score: 0.610000
te_loss: 0.588161, te_score: 0.750000

time = 4
tr_loss: 0.595111, tr_score: 0.696250
va_loss: 0.618175, va_score: 0.680000
te_loss: 0.579578, te_score: 0.740000

======================================================
4  Seed:  [8744.  130. 2730. 2289. 3436.   91. 5431.  214. 1996. 7906. 4318. 5189.
 9458. 5884. 7590. 9032. 7937. 3024. 1021. 9551.]
tr_loss: 0.591694, tr_score: 0.704625
va_loss: 0.599550, va_score: 0.709000
te_loss: 0.590877, te_score: 0.707500
time = 5
tr_loss: 0.543307, tr_score: 0.715000
va_loss: 0.592347, va_score: 0.670000
te_loss: 0.574486, te_score: 0.640000

time = 5
tr_loss: 0.584947, tr_score: 0.690000
va_loss: 0.612062, va_score: 0.720000
te_loss: 0.518966, te_score: 0.760000

time = 5
tr_loss: 0.565593, tr_score: 0.711250
va_loss: 0.596457, va_score: 0.690000
te_loss: 0.579746, te_score: 0.660000

time = 5
tr_loss: 0.565692, tr_score: 0.717500
va_loss: 0.580162, va_score: 0.690000
te_loss: 0.565661, te_score: 0.730000

time = 5
tr_loss: 0.593659, tr_score: 0.700000
va_loss: 0.630281, va_score: 0.670000
te_loss: 0.518450, te_score: 0.770000

time = 5
tr_loss: 0.567203, tr_score: 0.705000
va_loss: 0.560763, va_score: 0.710000
te_loss: 0.489789, te_score: 0.780000

time = 5
tr_loss: 0.597607, tr_score: 0.703750
va_loss: 0.545218, va_score: 0.760000
te_loss: 0.648121, te_score: 0.710000

time = 5
tr_loss: 0.568067, tr_score: 0.713750
va_loss: 0.550601, va_score: 0.740000
te_loss: 0.552484, te_score: 0.710000

time = 5
tr_loss: 0.590725, tr_score: 0.716250
va_loss: 0.602868, va_score: 0.680000
te_loss: 0.580941, te_score: 0.730000

time = 5
tr_loss: 0.579481, tr_score: 0.696250
va_loss: 0.574947, va_score: 0.730000
te_loss: 0.572595, te_score: 0.710000

time = 5
tr_loss: 0.566226, tr_score: 0.706250
va_loss: 0.655910, va_score: 0.610000
te_loss: 0.575808, te_score: 0.740000

time = 5
tr_loss: 0.587400, tr_score: 0.701250
va_loss: 0.504823, va_score: 0.780000
te_loss: 0.540618, te_score: 0.720000

time = 5
tr_loss: 0.557744, tr_score: 0.703750
va_loss: 0.540008, va_score: 0.720000
te_loss: 0.553946, te_score: 0.710000

time = 5
tr_loss: 0.590783, tr_score: 0.720000
va_loss: 0.587436, va_score: 0.720000
te_loss: 0.674436, te_score: 0.640000

time = 5
tr_loss: 0.590384, tr_score: 0.701250
va_loss: 0.627798, va_score: 0.640000
te_loss: 0.639152, te_score: 0.650000

time = 5
tr_loss: 0.626343, tr_score: 0.705000
va_loss: 0.526323, va_score: 0.770000
te_loss: 0.699251, te_score: 0.630000

time = 5
tr_loss: 0.594757, tr_score: 0.707500
va_loss: 0.639386, va_score: 0.660000
te_loss: 0.585808, te_score: 0.730000

time = 5
tr_loss: 0.576689, tr_score: 0.722500
va_loss: 0.500294, va_score: 0.810000
te_loss: 0.586112, te_score: 0.710000

time = 5
tr_loss: 0.576323, tr_score: 0.701250
va_loss: 0.507444, va_score: 0.810000
te_loss: 0.673830, te_score: 0.580000

time = 5
tr_loss: 0.587647, tr_score: 0.711250
va_loss: 0.608214, va_score: 0.720000
te_loss: 0.624793, te_score: 0.690000

======================================================
5  Seed:  [1237. 6412. 2121. 6405. 4525. 1302. 1340. 7513. 9914. 1173. 2339. 2687.
 5417. 1769. 4522. 4161. 3470. 2003. 6862. 6659.]
tr_loss: 0.580529, tr_score: 0.707437
va_loss: 0.577167, va_score: 0.715000
te_loss: 0.587750, te_score: 0.700000
time = 6
tr_loss: 0.579709, tr_score: 0.693750
va_loss: 0.530497, va_score: 0.740000
te_loss: 0.604507, te_score: 0.710000

time = 6
tr_loss: 0.582874, tr_score: 0.711250
va_loss: 0.643116, va_score: 0.660000
te_loss: 0.628078, te_score: 0.660000

time = 6
tr_loss: 0.566381, tr_score: 0.726250
va_loss: 0.577097, va_score: 0.700000
te_loss: 0.623225, te_score: 0.670000

time = 6
tr_loss: 0.553915, tr_score: 0.727500
va_loss: 0.583286, va_score: 0.680000
te_loss: 0.589900, te_score: 0.670000

time = 6
tr_loss: 0.608220, tr_score: 0.691250
va_loss: 0.595504, va_score: 0.690000
te_loss: 0.535659, te_score: 0.760000

time = 6
tr_loss: 0.526342, tr_score: 0.742500
va_loss: 0.558356, va_score: 0.730000
te_loss: 0.582914, te_score: 0.720000

time = 6
tr_loss: 0.572831, tr_score: 0.720000
va_loss: 0.595684, va_score: 0.660000
te_loss: 0.544916, te_score: 0.740000

time = 6
tr_loss: 0.594008, tr_score: 0.711250
va_loss: 0.638169, va_score: 0.670000
te_loss: 0.610689, te_score: 0.700000

time = 6
tr_loss: 0.594128, tr_score: 0.696250
va_loss: 0.554053, va_score: 0.750000
te_loss: 0.553887, te_score: 0.760000

time = 6
tr_loss: 0.560964, tr_score: 0.708750
va_loss: 0.547333, va_score: 0.720000
te_loss: 0.609541, te_score: 0.680000

time = 6
tr_loss: 0.581017, tr_score: 0.707500
va_loss: 0.624596, va_score: 0.680000
te_loss: 0.647174, te_score: 0.610000

time = 6
tr_loss: 0.537334, tr_score: 0.737500
va_loss: 0.546107, va_score: 0.720000
te_loss: 0.549452, te_score: 0.720000

time = 6
tr_loss: 0.610822, tr_score: 0.702500
va_loss: 0.585601, va_score: 0.740000
te_loss: 0.646646, te_score: 0.650000

time = 6
tr_loss: 0.595356, tr_score: 0.702500
va_loss: 0.586275, va_score: 0.750000
te_loss: 0.568647, te_score: 0.730000

time = 6
tr_loss: 0.563854, tr_score: 0.720000
va_loss: 0.559671, va_score: 0.710000
te_loss: 0.620785, te_score: 0.650000

time = 6
tr_loss: 0.545267, tr_score: 0.735000
va_loss: 0.571289, va_score: 0.720000
te_loss: 0.551885, te_score: 0.720000

time = 6
tr_loss: 0.565689, tr_score: 0.722500
va_loss: 0.554491, va_score: 0.770000
te_loss: 0.599500, te_score: 0.690000

time = 6
tr_loss: 0.594866, tr_score: 0.702500
va_loss: 0.566124, va_score: 0.740000
te_loss: 0.594280, te_score: 0.700000

time = 6
tr_loss: 0.547524, tr_score: 0.715000
va_loss: 0.559090, va_score: 0.710000
te_loss: 0.559367, te_score: 0.720000

time = 6
tr_loss: 0.518538, tr_score: 0.743750
va_loss: 0.548221, va_score: 0.720000
te_loss: 0.522922, te_score: 0.770000

======================================================
6  Seed:  [7694. 6294. 7622. 3529.   96. 7204. 5217. 3436.  887. 8110. 7803. 3805.
 1114. 2222. 9584. 2008. 1959. 4210.  576. 6097.]
tr_loss: 0.569982, tr_score: 0.715875
va_loss: 0.576228, va_score: 0.713000
te_loss: 0.587199, te_score: 0.701500
time = 7
tr_loss: 0.544070, tr_score: 0.730000
va_loss: 0.559750, va_score: 0.700000
te_loss: 0.504961, te_score: 0.790000

time = 7
tr_loss: 0.583524, tr_score: 0.701250
va_loss: 0.529267, va_score: 0.710000
te_loss: 0.562132, te_score: 0.690000

time = 7
tr_loss: 0.600325, tr_score: 0.701250
va_loss: 0.544853, va_score: 0.700000
te_loss: 0.583801, te_score: 0.730000

time = 7
tr_loss: 0.593203, tr_score: 0.693750
va_loss: 0.571246, va_score: 0.710000
te_loss: 0.607339, te_score: 0.740000

time = 7
tr_loss: 0.597238, tr_score: 0.698750
va_loss: 0.591310, va_score: 0.740000
te_loss: 0.557963, te_score: 0.750000

time = 7
tr_loss: 0.601653, tr_score: 0.725000
va_loss: 0.668548, va_score: 0.630000
te_loss: 0.575815, te_score: 0.750000

time = 7
tr_loss: 0.489496, tr_score: 0.757500
va_loss: 0.462043, va_score: 0.820000
te_loss: 0.454932, te_score: 0.810000

time = 7
tr_loss: 0.550136, tr_score: 0.717500
va_loss: 0.621817, va_score: 0.670000
te_loss: 0.642693, te_score: 0.650000

time = 7
tr_loss: 0.569459, tr_score: 0.722500
va_loss: 0.616037, va_score: 0.710000
te_loss: 0.595318, te_score: 0.680000

time = 7
tr_loss: 0.521138, tr_score: 0.725000
va_loss: 0.553937, va_score: 0.700000
te_loss: 0.525610, te_score: 0.710000

time = 7
tr_loss: 0.497686, tr_score: 0.750000
va_loss: 0.529522, va_score: 0.720000
te_loss: 0.539070, te_score: 0.710000

time = 7
tr_loss: 0.588180, tr_score: 0.717500
va_loss: 0.640308, va_score: 0.670000
te_loss: 0.542935, te_score: 0.770000

time = 7
tr_loss: 0.557465, tr_score: 0.735000
va_loss: 0.718280, va_score: 0.580000
te_loss: 0.681832, te_score: 0.650000

time = 7
tr_loss: 0.629782, tr_score: 0.696250
va_loss: 0.625505, va_score: 0.730000
te_loss: 0.620661, te_score: 0.670000

time = 7
tr_loss: 0.560087, tr_score: 0.731250
va_loss: 0.618551, va_score: 0.650000
te_loss: 0.603563, te_score: 0.690000

time = 7
tr_loss: 0.603410, tr_score: 0.703750
va_loss: 0.649713, va_score: 0.640000
te_loss: 0.582412, te_score: 0.730000

time = 7
tr_loss: 0.565367, tr_score: 0.710000
va_loss: 0.576047, va_score: 0.720000
te_loss: 0.626346, te_score: 0.660000

time = 7
tr_loss: 0.544857, tr_score: 0.736250
va_loss: 0.524360, va_score: 0.770000
te_loss: 0.638625, te_score: 0.660000

time = 7
tr_loss: 0.548514, tr_score: 0.723750
va_loss: 0.548201, va_score: 0.690000
te_loss: 0.540442, te_score: 0.750000

time = 7
tr_loss: 0.516304, tr_score: 0.760000
va_loss: 0.508789, va_score: 0.720000
te_loss: 0.556952, te_score: 0.720000

======================================================
7  Seed:  [ 667. 3641. 1333. 4721. 6871. 9519. 4778.  927. 8338.   13. 3683. 6570.
 1422. 3821. 5722.  599. 3527. 1784. 1921. 2070.]
tr_loss: 0.563095, tr_score: 0.721813
va_loss: 0.582904, va_score: 0.699000
te_loss: 0.577170, te_score: 0.715500
time = 8
tr_loss: 0.588142, tr_score: 0.703750
va_loss: 0.597914, va_score: 0.690000
te_loss: 0.513405, te_score: 0.790000

time = 8
tr_loss: 0.633351, tr_score: 0.702500
va_loss: 0.673111, va_score: 0.600000
te_loss: 0.578415, te_score: 0.760000

time = 8
tr_loss: 0.595494, tr_score: 0.707500
va_loss: 0.591876, va_score: 0.690000
te_loss: 0.578490, te_score: 0.710000

time = 8
tr_loss: 0.534489, tr_score: 0.745000
va_loss: 0.547988, va_score: 0.690000
te_loss: 0.559365, te_score: 0.720000

time = 8
tr_loss: 0.605548, tr_score: 0.706250
va_loss: 0.599984, va_score: 0.700000
te_loss: 0.581520, te_score: 0.740000

time = 8
tr_loss: 0.593695, tr_score: 0.708750
va_loss: 0.673445, va_score: 0.600000
te_loss: 0.626441, te_score: 0.660000

time = 8
tr_loss: 0.561017, tr_score: 0.713750
va_loss: 0.552706, va_score: 0.760000
te_loss: 0.581379, te_score: 0.690000

time = 8
tr_loss: 0.589381, tr_score: 0.702500
va_loss: 0.522444, va_score: 0.770000
te_loss: 0.588623, te_score: 0.730000

time = 8
tr_loss: 0.564654, tr_score: 0.713750
va_loss: 0.607061, va_score: 0.690000
te_loss: 0.506420, te_score: 0.730000

time = 8
tr_loss: 0.605003, tr_score: 0.688750
va_loss: 0.660529, va_score: 0.570000
te_loss: 0.597022, te_score: 0.710000

time = 8
tr_loss: 0.575891, tr_score: 0.713750
va_loss: 0.511714, va_score: 0.740000
te_loss: 0.510850, te_score: 0.780000

time = 8
tr_loss: 0.585571, tr_score: 0.713750
va_loss: 0.525955, va_score: 0.780000
te_loss: 0.600754, te_score: 0.690000

time = 8
tr_loss: 0.586987, tr_score: 0.705000
va_loss: 0.606642, va_score: 0.670000
te_loss: 0.597196, te_score: 0.680000

time = 8
tr_loss: 0.602635, tr_score: 0.700000
va_loss: 0.507042, va_score: 0.810000
te_loss: 0.585625, te_score: 0.710000

time = 8
tr_loss: 0.550944, tr_score: 0.723750
va_loss: 0.524590, va_score: 0.720000
te_loss: 0.503370, te_score: 0.730000

time = 8
tr_loss: 0.561695, tr_score: 0.720000
va_loss: 0.532742, va_score: 0.750000
te_loss: 0.700012, te_score: 0.570000

time = 8
tr_loss: 0.569664, tr_score: 0.726250
va_loss: 0.591880, va_score: 0.690000
te_loss: 0.591739, te_score: 0.710000

time = 8
tr_loss: 0.569403, tr_score: 0.722500
va_loss: 0.532431, va_score: 0.770000
te_loss: 0.589390, te_score: 0.680000

time = 8
tr_loss: 0.576176, tr_score: 0.722500
va_loss: 0.568330, va_score: 0.740000
te_loss: 0.568791, te_score: 0.730000

time = 8
tr_loss: 0.603985, tr_score: 0.706250
va_loss: 0.614886, va_score: 0.710000
te_loss: 0.672088, te_score: 0.640000

======================================================
8  Seed:  [4860. 8426. 6918. 8393. 2977. 1581. 7001.  814. 5947. 4477. 3311. 7270.
 5082. 4712. 7103. 6080. 5821. 8708. 4579. 2324.]
tr_loss: 0.582686, tr_score: 0.712313
va_loss: 0.577163, va_score: 0.707000
te_loss: 0.581545, te_score: 0.708000
time = 9
tr_loss: 0.593208, tr_score: 0.703750
va_loss: 0.541644, va_score: 0.770000
te_loss: 0.593009, te_score: 0.640000

time = 9
tr_loss: 0.610466, tr_score: 0.707500
va_loss: 0.703305, va_score: 0.620000
te_loss: 0.597433, te_score: 0.700000

time = 9
tr_loss: 0.543210, tr_score: 0.716250
va_loss: 0.553655, va_score: 0.700000
te_loss: 0.613676, te_score: 0.640000

time = 9
tr_loss: 0.608593, tr_score: 0.695000
va_loss: 0.579901, va_score: 0.720000
te_loss: 0.654365, te_score: 0.640000

time = 9
tr_loss: 0.581404, tr_score: 0.707500
va_loss: 0.553403, va_score: 0.750000
te_loss: 0.704209, te_score: 0.610000

time = 9
tr_loss: 0.572105, tr_score: 0.708750
va_loss: 0.592899, va_score: 0.700000
te_loss: 0.614988, te_score: 0.640000

time = 9
tr_loss: 0.598495, tr_score: 0.703750
va_loss: 0.569133, va_score: 0.740000
te_loss: 0.585625, te_score: 0.720000

time = 9
tr_loss: 0.589802, tr_score: 0.701250
va_loss: 0.594602, va_score: 0.710000
te_loss: 0.620604, te_score: 0.680000

time = 9
tr_loss: 0.582680, tr_score: 0.695000
va_loss: 0.553308, va_score: 0.700000
te_loss: 0.524929, te_score: 0.720000

time = 9
tr_loss: 0.582707, tr_score: 0.710000
va_loss: 0.623988, va_score: 0.670000
te_loss: 0.597303, te_score: 0.680000

time = 9
tr_loss: 0.570314, tr_score: 0.718750
va_loss: 0.562674, va_score: 0.760000
te_loss: 0.560333, te_score: 0.690000

time = 9
tr_loss: 0.585961, tr_score: 0.693750
va_loss: 0.544626, va_score: 0.760000
te_loss: 0.558425, te_score: 0.770000

time = 9
tr_loss: 0.566964, tr_score: 0.726250
va_loss: 0.586607, va_score: 0.700000
te_loss: 0.538502, te_score: 0.760000

time = 9
tr_loss: 0.572658, tr_score: 0.722500
va_loss: 0.564030, va_score: 0.750000
te_loss: 0.527181, te_score: 0.750000

time = 9
tr_loss: 0.600909, tr_score: 0.726250
va_loss: 0.669501, va_score: 0.620000
te_loss: 0.617996, te_score: 0.670000

time = 9
tr_loss: 0.560707, tr_score: 0.727500
va_loss: 0.547506, va_score: 0.750000
te_loss: 0.543311, te_score: 0.760000

time = 9
tr_loss: 0.474824, tr_score: 0.773750
va_loss: 0.491974, va_score: 0.790000
te_loss: 0.518969, te_score: 0.730000

time = 9
tr_loss: 0.585230, tr_score: 0.725000
va_loss: 0.545732, va_score: 0.770000
te_loss: 0.583158, te_score: 0.690000

time = 9
tr_loss: 0.608405, tr_score: 0.710000
va_loss: 0.612744, va_score: 0.700000
te_loss: 0.640113, te_score: 0.680000

time = 9
tr_loss: 0.566810, tr_score: 0.731250
va_loss: 0.569575, va_score: 0.730000
te_loss: 0.583620, te_score: 0.700000

======================================================
9  Seed:  [9948.  542.  232.  666. 5686. 1955. 6679. 1732. 8003. 9621. 2645. 4622.
 2831. 7236. 6932. 8781. 1798. 9886. 2715. 5559.]
tr_loss: 0.577773, tr_score: 0.715187
va_loss: 0.578040, va_score: 0.720500
te_loss: 0.588887, te_score: 0.693500
time = 10
tr_loss: 0.564722, tr_score: 0.722500
va_loss: 0.569832, va_score: 0.720000
te_loss: 0.515319, te_score: 0.770000

time = 10
tr_loss: 0.522664, tr_score: 0.737500
va_loss: 0.565386, va_score: 0.690000
te_loss: 0.493954, te_score: 0.740000

time = 10
tr_loss: 0.582104, tr_score: 0.703750
va_loss: 0.557588, va_score: 0.740000
te_loss: 0.680978, te_score: 0.640000

time = 10
tr_loss: 0.585608, tr_score: 0.705000
va_loss: 0.513871, va_score: 0.760000
te_loss: 0.534027, te_score: 0.730000

time = 10
tr_loss: 0.605956, tr_score: 0.701250
va_loss: 0.622392, va_score: 0.680000
te_loss: 0.569140, te_score: 0.740000

time = 10
tr_loss: 0.572054, tr_score: 0.710000
va_loss: 0.519919, va_score: 0.770000
te_loss: 0.529565, te_score: 0.770000

time = 10
tr_loss: 0.597822, tr_score: 0.693750
va_loss: 0.540422, va_score: 0.760000
te_loss: 0.570474, te_score: 0.730000

time = 10
tr_loss: 0.585392, tr_score: 0.691250
va_loss: 0.471351, va_score: 0.830000
te_loss: 0.591748, te_score: 0.690000

time = 10
tr_loss: 0.583013, tr_score: 0.712500
va_loss: 0.622934, va_score: 0.670000
te_loss: 0.602344, te_score: 0.680000

time = 10
tr_loss: 0.590275, tr_score: 0.695000
va_loss: 0.555920, va_score: 0.740000
te_loss: 0.583222, te_score: 0.720000

time = 10
tr_loss: 0.610668, tr_score: 0.703750
va_loss: 0.653489, va_score: 0.650000
te_loss: 0.580286, te_score: 0.720000

time = 10
tr_loss: 0.573856, tr_score: 0.716250
va_loss: 0.645120, va_score: 0.620000
te_loss: 0.619193, te_score: 0.690000

time = 10
tr_loss: 0.563812, tr_score: 0.721250
va_loss: 0.598417, va_score: 0.710000
te_loss: 0.587333, te_score: 0.710000

time = 10
tr_loss: 0.589706, tr_score: 0.693750
va_loss: 0.540384, va_score: 0.750000
te_loss: 0.530618, te_score: 0.790000

time = 10
tr_loss: 0.568385, tr_score: 0.712500
va_loss: 0.641792, va_score: 0.620000
te_loss: 0.615510, te_score: 0.670000

time = 10
tr_loss: 0.597197, tr_score: 0.696250
va_loss: 0.590784, va_score: 0.780000
te_loss: 0.562611, te_score: 0.760000

time = 10
tr_loss: 0.578934, tr_score: 0.701250
va_loss: 0.496328, va_score: 0.750000
te_loss: 0.571509, te_score: 0.680000

time = 10
tr_loss: 0.585327, tr_score: 0.710000
va_loss: 0.620176, va_score: 0.650000
te_loss: 0.612754, te_score: 0.680000

time = 10
tr_loss: 0.578598, tr_score: 0.703750
va_loss: 0.572672, va_score: 0.710000
te_loss: 0.599554, te_score: 0.690000

time = 10
tr_loss: 0.600987, tr_score: 0.712500
va_loss: 0.705912, va_score: 0.630000
te_loss: 0.624683, te_score: 0.690000

======================================================
10  Seed:  [9217. 8758. 9318. 9902. 9257. 5433. 4194. 5342. 6064. 1182. 7632. 9724.
 4507. 4141. 7028. 4431.  710. 9505. 6403. 3797.]
tr_loss: 0.581854, tr_score: 0.707187
va_loss: 0.580234, va_score: 0.711500
te_loss: 0.578741, te_score: 0.714500
time = 11
tr_loss: 0.601834, tr_score: 0.688750
va_loss: 0.506978, va_score: 0.820000
te_loss: 0.642316, te_score: 0.650000

time = 11
tr_loss: 0.555398, tr_score: 0.718750
va_loss: 0.647354, va_score: 0.680000
te_loss: 0.631205, te_score: 0.670000

time = 11
tr_loss: 0.570286, tr_score: 0.722500
va_loss: 0.616849, va_score: 0.680000
te_loss: 0.583241, te_score: 0.760000

time = 11
tr_loss: 0.562644, tr_score: 0.720000
va_loss: 0.639978, va_score: 0.660000
te_loss: 0.523821, te_score: 0.730000

time = 11
tr_loss: 0.590567, tr_score: 0.710000
va_loss: 0.634320, va_score: 0.660000
te_loss: 0.630541, te_score: 0.660000

time = 11
tr_loss: 0.532933, tr_score: 0.725000
va_loss: 0.587664, va_score: 0.670000
te_loss: 0.482881, te_score: 0.710000

time = 11
tr_loss: 0.570967, tr_score: 0.718750
va_loss: 0.637010, va_score: 0.630000
te_loss: 0.624840, te_score: 0.660000

time = 11
tr_loss: 0.565104, tr_score: 0.712500
va_loss: 0.441923, va_score: 0.830000
te_loss: 0.612141, te_score: 0.680000

time = 11
tr_loss: 0.593627, tr_score: 0.710000
va_loss: 0.613027, va_score: 0.690000
te_loss: 0.615950, te_score: 0.680000

time = 11
tr_loss: 0.578143, tr_score: 0.725000
va_loss: 0.650496, va_score: 0.640000
te_loss: 0.626788, te_score: 0.680000

time = 11
tr_loss: 0.564011, tr_score: 0.705000
va_loss: 0.608030, va_score: 0.650000
te_loss: 0.509296, te_score: 0.780000

time = 11
tr_loss: 0.567608, tr_score: 0.732500
va_loss: 0.643710, va_score: 0.660000
te_loss: 0.661462, te_score: 0.620000

time = 11
tr_loss: 0.596472, tr_score: 0.716250
va_loss: 0.611290, va_score: 0.700000
te_loss: 0.671200, te_score: 0.650000

time = 11
tr_loss: 0.508917, tr_score: 0.758750
va_loss: 0.484347, va_score: 0.760000
te_loss: 0.574896, te_score: 0.730000

time = 11
tr_loss: 0.564461, tr_score: 0.730000
va_loss: 0.547564, va_score: 0.740000
te_loss: 0.626962, te_score: 0.690000

time = 11
tr_loss: 0.594465, tr_score: 0.715000
va_loss: 0.654716, va_score: 0.640000
te_loss: 0.577249, te_score: 0.740000

time = 11
tr_loss: 0.576814, tr_score: 0.697500
va_loss: 0.548656, va_score: 0.750000
te_loss: 0.645024, te_score: 0.670000

time = 11
tr_loss: 0.554860, tr_score: 0.721250
va_loss: 0.579565, va_score: 0.750000
te_loss: 0.633699, te_score: 0.660000

time = 11
tr_loss: 0.578021, tr_score: 0.711250
va_loss: 0.568457, va_score: 0.700000
te_loss: 0.631756, te_score: 0.630000

time = 11
tr_loss: 0.602664, tr_score: 0.713750
va_loss: 0.525348, va_score: 0.780000
te_loss: 0.595816, te_score: 0.710000

======================================================
11  Seed:  [ 276. 7096. 7576. 7225. 8005. 7496. 1258. 6191. 8489. 5152. 4572. 4247.
 5941. 8136.  978. 3169. 6643. 4121. 8439. 9382.]
tr_loss: 0.571490, tr_score: 0.717625
va_loss: 0.587364, va_score: 0.704500
te_loss: 0.605054, te_score: 0.688000
time = 12
tr_loss: 0.602917, tr_score: 0.702500
va_loss: 0.611660, va_score: 0.680000
te_loss: 0.567755, te_score: 0.750000

time = 12
tr_loss: 0.509221, tr_score: 0.756250
va_loss: 0.522932, va_score: 0.750000
te_loss: 0.477362, te_score: 0.810000

time = 12
tr_loss: 0.577226, tr_score: 0.726250
va_loss: 0.629125, va_score: 0.680000
te_loss: 0.653713, te_score: 0.620000

time = 12
tr_loss: 0.563086, tr_score: 0.716250
va_loss: 0.602501, va_score: 0.670000
te_loss: 0.690591, te_score: 0.610000

time = 12
tr_loss: 0.545390, tr_score: 0.735000
va_loss: 0.531402, va_score: 0.720000
te_loss: 0.613636, te_score: 0.690000

time = 12
tr_loss: 0.601164, tr_score: 0.705000
va_loss: 0.633854, va_score: 0.660000
te_loss: 0.648640, te_score: 0.680000

time = 12
tr_loss: 0.581220, tr_score: 0.730000
va_loss: 0.703223, va_score: 0.620000
te_loss: 0.673123, te_score: 0.640000

time = 12
tr_loss: 0.586937, tr_score: 0.727500
va_loss: 0.585985, va_score: 0.710000
te_loss: 0.682522, te_score: 0.630000

time = 12
tr_loss: 0.583557, tr_score: 0.701250
va_loss: 0.574607, va_score: 0.710000
te_loss: 0.613410, te_score: 0.680000

time = 12
tr_loss: 0.570513, tr_score: 0.717500
va_loss: 0.602899, va_score: 0.670000
te_loss: 0.577401, te_score: 0.690000

time = 12
tr_loss: 0.591885, tr_score: 0.713750
va_loss: 0.556256, va_score: 0.760000
te_loss: 0.646227, te_score: 0.650000

time = 12
tr_loss: 0.524439, tr_score: 0.751250
va_loss: 0.486363, va_score: 0.800000
te_loss: 0.567547, te_score: 0.730000

time = 12
tr_loss: 0.648514, tr_score: 0.705000
va_loss: 0.678906, va_score: 0.700000
te_loss: 0.699596, te_score: 0.660000

time = 12
tr_loss: 0.614243, tr_score: 0.687500
va_loss: 0.564915, va_score: 0.750000
te_loss: 0.567906, te_score: 0.750000

time = 12
tr_loss: 0.606331, tr_score: 0.696250
va_loss: 0.576594, va_score: 0.740000
te_loss: 0.662194, te_score: 0.650000

time = 12
tr_loss: 0.591323, tr_score: 0.705000
va_loss: 0.594177, va_score: 0.710000
te_loss: 0.626461, te_score: 0.650000

time = 12
tr_loss: 0.588650, tr_score: 0.706250
va_loss: 0.654909, va_score: 0.640000
te_loss: 0.549980, te_score: 0.760000

time = 12
tr_loss: 0.585050, tr_score: 0.712500
va_loss: 0.632556, va_score: 0.710000
te_loss: 0.558732, te_score: 0.730000

time = 12
tr_loss: 0.580842, tr_score: 0.701250
va_loss: 0.579401, va_score: 0.700000
te_loss: 0.593086, te_score: 0.690000

time = 12
tr_loss: 0.553873, tr_score: 0.702500
va_loss: 0.636748, va_score: 0.630000
te_loss: 0.612882, te_score: 0.690000

======================================================
12  Seed:  [5995. 5359. 4959. 8841. 2084. 6283. 5803. 5547. 5856. 6466. 1029. 9406.
 1119. 6504. 6270.   89. 4601. 8528. 5236. 3309.]
tr_loss: 0.580319, tr_score: 0.714938
va_loss: 0.597951, va_score: 0.700500
te_loss: 0.614138, te_score: 0.688000
time = 13
tr_loss: 0.594445, tr_score: 0.716250
va_loss: 0.625196, va_score: 0.680000
te_loss: 0.566927, te_score: 0.760000

time = 13
tr_loss: 0.599772, tr_score: 0.703750
va_loss: 0.546432, va_score: 0.770000
te_loss: 0.583260, te_score: 0.700000

time = 13
tr_loss: 0.567955, tr_score: 0.733750
va_loss: 0.529606, va_score: 0.740000
te_loss: 0.789024, te_score: 0.560000

time = 13
tr_loss: 0.614610, tr_score: 0.693750
va_loss: 0.682365, va_score: 0.640000
te_loss: 0.601338, te_score: 0.720000

time = 13
tr_loss: 0.589579, tr_score: 0.700000
va_loss: 0.600521, va_score: 0.700000
te_loss: 0.580574, te_score: 0.720000

time = 13
tr_loss: 0.555317, tr_score: 0.718750
va_loss: 0.615919, va_score: 0.610000
te_loss: 0.618287, te_score: 0.660000

time = 13
tr_loss: 0.559243, tr_score: 0.720000
va_loss: 0.598145, va_score: 0.680000
te_loss: 0.560221, te_score: 0.690000

time = 13
tr_loss: 0.597768, tr_score: 0.711250
va_loss: 0.586705, va_score: 0.710000
te_loss: 0.592094, te_score: 0.720000

time = 13
tr_loss: 0.608787, tr_score: 0.690000
va_loss: 0.592393, va_score: 0.720000
te_loss: 0.552000, te_score: 0.760000

time = 13
tr_loss: 0.597104, tr_score: 0.707500
va_loss: 0.646636, va_score: 0.610000
te_loss: 0.589696, te_score: 0.760000

time = 13
tr_loss: 0.573522, tr_score: 0.720000
va_loss: 0.651801, va_score: 0.680000
te_loss: 0.728807, te_score: 0.610000

time = 13
tr_loss: 0.560540, tr_score: 0.711250
va_loss: 0.575324, va_score: 0.680000
te_loss: 0.591493, te_score: 0.690000

time = 13
tr_loss: 0.573644, tr_score: 0.723750
va_loss: 0.613215, va_score: 0.690000
te_loss: 0.602430, te_score: 0.670000

time = 13
tr_loss: 0.590232, tr_score: 0.698750
va_loss: 0.559654, va_score: 0.740000
te_loss: 0.586829, te_score: 0.720000

time = 13
tr_loss: 0.601718, tr_score: 0.676250
va_loss: 0.546221, va_score: 0.770000
te_loss: 0.521139, te_score: 0.770000

time = 13
tr_loss: 0.580827, tr_score: 0.723750
va_loss: 0.587966, va_score: 0.710000
te_loss: 0.618962, te_score: 0.650000

time = 13
tr_loss: 0.483958, tr_score: 0.760000
va_loss: 0.462536, va_score: 0.830000
te_loss: 0.593224, te_score: 0.680000

time = 13
tr_loss: 0.606856, tr_score: 0.672500
va_loss: 0.554213, va_score: 0.760000
te_loss: 0.597655, te_score: 0.690000

time = 13
tr_loss: 0.594777, tr_score: 0.700000
va_loss: 0.522009, va_score: 0.780000
te_loss: 0.638457, te_score: 0.650000

time = 13
tr_loss: 0.592697, tr_score: 0.686250
va_loss: 0.557563, va_score: 0.740000
te_loss: 0.512837, te_score: 0.780000

======================================================
13  Seed:  [3706. 3756. 2533. 6590. 1761. 5957. 4965. 8699. 1302.  214. 1426. 3422.
 9979.   35. 8073. 6183. 7853. 8174. 4923.  725.]
tr_loss: 0.582168, tr_score: 0.708375
va_loss: 0.582721, va_score: 0.712000
te_loss: 0.601263, te_score: 0.698000
time = 14
tr_loss: 0.578057, tr_score: 0.711250
va_loss: 0.640410, va_score: 0.660000
te_loss: 0.585717, te_score: 0.710000

time = 14
tr_loss: 0.561213, tr_score: 0.711250
va_loss: 0.617389, va_score: 0.670000
te_loss: 0.554887, te_score: 0.700000

time = 14
tr_loss: 0.555491, tr_score: 0.720000
va_loss: 0.528621, va_score: 0.750000
te_loss: 0.586441, te_score: 0.700000

time = 14
tr_loss: 0.582665, tr_score: 0.698750
va_loss: 0.591545, va_score: 0.690000
te_loss: 0.548221, te_score: 0.750000

time = 14
tr_loss: 0.576160, tr_score: 0.711250
va_loss: 0.601040, va_score: 0.660000
te_loss: 0.606296, te_score: 0.700000

time = 14
tr_loss: 0.553888, tr_score: 0.738750
va_loss: 0.588845, va_score: 0.720000
te_loss: 0.625229, te_score: 0.700000

time = 14
tr_loss: 0.600878, tr_score: 0.687500
va_loss: 0.514024, va_score: 0.780000
te_loss: 0.646181, te_score: 0.640000

time = 14
tr_loss: 0.591452, tr_score: 0.711250
va_loss: 0.626576, va_score: 0.680000
te_loss: 0.561520, te_score: 0.720000

time = 14
tr_loss: 0.621120, tr_score: 0.673750
va_loss: 0.609712, va_score: 0.690000
te_loss: 0.608298, te_score: 0.710000

time = 14
tr_loss: 0.570242, tr_score: 0.727500
va_loss: 0.492821, va_score: 0.810000
te_loss: 0.668956, te_score: 0.620000

time = 14
tr_loss: 0.594558, tr_score: 0.688750
va_loss: 0.486275, va_score: 0.760000
te_loss: 0.558457, te_score: 0.730000

time = 14
tr_loss: 0.589755, tr_score: 0.708750
va_loss: 0.562308, va_score: 0.720000
te_loss: 0.627779, te_score: 0.680000

time = 14
tr_loss: 0.580449, tr_score: 0.705000
va_loss: 0.556155, va_score: 0.760000
te_loss: 0.615479, te_score: 0.650000

time = 14
tr_loss: 0.529891, tr_score: 0.750000
va_loss: 0.518124, va_score: 0.770000
te_loss: 0.554673, te_score: 0.710000

time = 14
tr_loss: 0.561173, tr_score: 0.708750
va_loss: 0.621654, va_score: 0.680000
te_loss: 0.595046, te_score: 0.720000

time = 14
tr_loss: 0.604060, tr_score: 0.697500
va_loss: 0.605337, va_score: 0.700000
te_loss: 0.568927, te_score: 0.730000

time = 14
tr_loss: 0.563968, tr_score: 0.730000
va_loss: 0.505985, va_score: 0.810000
te_loss: 0.661505, te_score: 0.620000

time = 14
tr_loss: 0.594986, tr_score: 0.702500
va_loss: 0.640435, va_score: 0.670000
te_loss: 0.640263, te_score: 0.680000

time = 14
tr_loss: 0.594325, tr_score: 0.715000
va_loss: 0.593477, va_score: 0.700000
te_loss: 0.596349, te_score: 0.670000

time = 14
tr_loss: 0.596257, tr_score: 0.696250
va_loss: 0.615203, va_score: 0.680000
te_loss: 0.542951, te_score: 0.750000

======================================================
14  Seed:  [6736. 9332. 4026. 8791. 2185. 8095. 4925. 3877. 8332. 6847. 5871. 5004.
 2796. 4961. 1467. 7787. 3868. 5255. 9307. 9073.]
tr_loss: 0.580029, tr_score: 0.709688
va_loss: 0.575797, va_score: 0.718000
te_loss: 0.597659, te_score: 0.694500
time = 15
tr_loss: 0.578221, tr_score: 0.720000
va_loss: 0.554201, va_score: 0.740000
te_loss: 0.592367, te_score: 0.710000

time = 15
tr_loss: 0.581699, tr_score: 0.703750
va_loss: 0.571827, va_score: 0.700000
te_loss: 0.517939, te_score: 0.750000

time = 15
tr_loss: 0.574532, tr_score: 0.712500
va_loss: 0.598435, va_score: 0.700000
te_loss: 0.638005, te_score: 0.660000

time = 15
tr_loss: 0.533901, tr_score: 0.738750
va_loss: 0.460535, va_score: 0.790000
te_loss: 0.583538, te_score: 0.690000

time = 15
tr_loss: 0.541889, tr_score: 0.735000
va_loss: 0.545567, va_score: 0.720000
te_loss: 0.555410, te_score: 0.740000

time = 15
tr_loss: 0.598327, tr_score: 0.715000
va_loss: 0.644560, va_score: 0.680000
te_loss: 0.615135, te_score: 0.690000

time = 15
tr_loss: 0.580696, tr_score: 0.710000
va_loss: 0.607166, va_score: 0.700000
te_loss: 0.583514, te_score: 0.730000

time = 15
tr_loss: 0.595173, tr_score: 0.697500
va_loss: 0.597652, va_score: 0.710000
te_loss: 0.608278, te_score: 0.710000

time = 15
tr_loss: 0.597157, tr_score: 0.700000
va_loss: 0.557502, va_score: 0.730000
te_loss: 0.592206, te_score: 0.640000

time = 15
tr_loss: 0.614173, tr_score: 0.708750
va_loss: 0.674849, va_score: 0.630000
te_loss: 0.653644, te_score: 0.660000

time = 15
tr_loss: 0.546917, tr_score: 0.728750
va_loss: 0.525602, va_score: 0.740000
te_loss: 0.580075, te_score: 0.730000

time = 15
tr_loss: 0.572009, tr_score: 0.708750
va_loss: 0.554797, va_score: 0.750000
te_loss: 0.633235, te_score: 0.670000

time = 15
tr_loss: 0.574206, tr_score: 0.722500
va_loss: 0.536633, va_score: 0.740000
te_loss: 0.610293, te_score: 0.690000

time = 15
tr_loss: 0.582328, tr_score: 0.712500
va_loss: 0.598302, va_score: 0.670000
te_loss: 0.522433, te_score: 0.780000

time = 15
tr_loss: 0.573720, tr_score: 0.716250
va_loss: 0.569098, va_score: 0.720000
te_loss: 0.612306, te_score: 0.710000

time = 15
tr_loss: 0.560630, tr_score: 0.715000
va_loss: 0.655681, va_score: 0.680000
te_loss: 0.588189, te_score: 0.680000

time = 15
tr_loss: 0.629538, tr_score: 0.696250
va_loss: 0.564426, va_score: 0.760000
te_loss: 0.670753, te_score: 0.670000

time = 15
tr_loss: 0.560455, tr_score: 0.721250
va_loss: 0.595729, va_score: 0.690000
te_loss: 0.617186, te_score: 0.660000

time = 15
tr_loss: 0.622898, tr_score: 0.690000
va_loss: 0.600172, va_score: 0.720000
te_loss: 0.586949, te_score: 0.750000

time = 15
tr_loss: 0.596361, tr_score: 0.710000
va_loss: 0.576306, va_score: 0.680000
te_loss: 0.576200, te_score: 0.710000

======================================================
15  Seed:  [ 879. 4612.  287.  491. 3659. 8251. 7507. 1140. 3507. 4318. 9716. 8900.
 3870. 2555. 7340. 8792.  757. 6674. 3143.  691.]
tr_loss: 0.580741, tr_score: 0.713125
va_loss: 0.579452, va_score: 0.712500
te_loss: 0.596883, te_score: 0.701500
time = 16
tr_loss: 0.572037, tr_score: 0.727500
va_loss: 0.583284, va_score: 0.750000
te_loss: 0.572239, te_score: 0.720000

time = 16
tr_loss: 0.592621, tr_score: 0.715000
va_loss: 0.546905, va_score: 0.740000
te_loss: 0.679970, te_score: 0.580000

time = 16
tr_loss: 0.558228, tr_score: 0.723750
va_loss: 0.530716, va_score: 0.730000
te_loss: 0.606771, te_score: 0.670000

time = 16
tr_loss: 0.580883, tr_score: 0.707500
va_loss: 0.656719, va_score: 0.660000
te_loss: 0.601585, te_score: 0.690000

time = 16
tr_loss: 0.571189, tr_score: 0.711250
va_loss: 0.546012, va_score: 0.770000
te_loss: 0.589691, te_score: 0.710000

time = 16
tr_loss: 0.530282, tr_score: 0.745000
va_loss: 0.609405, va_score: 0.700000
te_loss: 0.629659, te_score: 0.710000

time = 16
tr_loss: 0.575857, tr_score: 0.722500
va_loss: 0.608692, va_score: 0.680000
te_loss: 0.559658, te_score: 0.740000

time = 16
tr_loss: 0.546511, tr_score: 0.727500
va_loss: 0.625018, va_score: 0.670000
te_loss: 0.578629, te_score: 0.720000

time = 16
tr_loss: 0.592525, tr_score: 0.706250
va_loss: 0.579551, va_score: 0.720000
te_loss: 0.538959, te_score: 0.770000

time = 16
tr_loss: 0.624152, tr_score: 0.676250
va_loss: 0.666438, va_score: 0.610000
te_loss: 0.650166, te_score: 0.670000

time = 16
tr_loss: 0.597064, tr_score: 0.705000
va_loss: 0.588943, va_score: 0.710000
te_loss: 0.641293, te_score: 0.680000

time = 16
tr_loss: 0.576472, tr_score: 0.716250
va_loss: 0.639949, va_score: 0.670000
te_loss: 0.624498, te_score: 0.660000

time = 16
tr_loss: 0.575826, tr_score: 0.703750
va_loss: 0.661625, va_score: 0.650000
te_loss: 0.625292, te_score: 0.620000

time = 16
tr_loss: 0.574181, tr_score: 0.697500
va_loss: 0.532464, va_score: 0.770000
te_loss: 0.490256, te_score: 0.780000

time = 16
tr_loss: 0.603034, tr_score: 0.691250
va_loss: 0.557785, va_score: 0.750000
te_loss: 0.538322, te_score: 0.750000

time = 16
tr_loss: 0.583884, tr_score: 0.711250
va_loss: 0.660886, va_score: 0.640000
te_loss: 0.606876, te_score: 0.710000

time = 16
tr_loss: 0.574430, tr_score: 0.715000
va_loss: 0.560234, va_score: 0.720000
te_loss: 0.579055, te_score: 0.700000

time = 16
tr_loss: 0.564452, tr_score: 0.717500
va_loss: 0.594940, va_score: 0.700000
te_loss: 0.607331, te_score: 0.700000

time = 16
tr_loss: 0.596058, tr_score: 0.695000
va_loss: 0.515500, va_score: 0.790000
te_loss: 0.610489, te_score: 0.700000

time = 16
tr_loss: 0.587361, tr_score: 0.697500
va_loss: 0.556545, va_score: 0.700000
te_loss: 0.561307, te_score: 0.730000

======================================================
16  Seed:  [9082. 6878.  978. 6918.   35. 3547.  812. 1562. 5243. 8191. 5330. 4602.
 2929. 4830.  303. 9956. 3156. 7475. 4637.  734.]
tr_loss: 0.578852, tr_score: 0.710625
va_loss: 0.591081, va_score: 0.706500
te_loss: 0.594602, te_score: 0.700500
time = 17
tr_loss: 0.564806, tr_score: 0.703750
va_loss: 0.581506, va_score: 0.720000
te_loss: 0.595075, te_score: 0.680000

time = 17
tr_loss: 0.619242, tr_score: 0.705000
va_loss: 0.641929, va_score: 0.670000
te_loss: 0.651996, te_score: 0.700000

time = 17
tr_loss: 0.584235, tr_score: 0.705000
va_loss: 0.661808, va_score: 0.670000
te_loss: 0.627306, te_score: 0.680000

time = 17
tr_loss: 0.580415, tr_score: 0.711250
va_loss: 0.635801, va_score: 0.690000
te_loss: 0.590631, te_score: 0.700000

time = 17
tr_loss: 0.617577, tr_score: 0.697500
va_loss: 0.492139, va_score: 0.780000
te_loss: 0.538763, te_score: 0.810000

time = 17
tr_loss: 0.575568, tr_score: 0.717500
va_loss: 0.568189, va_score: 0.710000
te_loss: 0.621648, te_score: 0.660000

time = 17
tr_loss: 0.558673, tr_score: 0.718750
va_loss: 0.670264, va_score: 0.640000
te_loss: 0.603776, te_score: 0.670000

time = 17
tr_loss: 0.537273, tr_score: 0.743750
va_loss: 0.619848, va_score: 0.690000
te_loss: 0.700434, te_score: 0.630000

time = 17
tr_loss: 0.581310, tr_score: 0.693750
va_loss: 0.585210, va_score: 0.700000
te_loss: 0.551439, te_score: 0.740000

time = 17
tr_loss: 0.586876, tr_score: 0.717500
va_loss: 0.590057, va_score: 0.730000
te_loss: 0.649071, te_score: 0.630000

time = 17
tr_loss: 0.577111, tr_score: 0.701250
va_loss: 0.600387, va_score: 0.680000
te_loss: 0.621138, te_score: 0.710000

time = 17
tr_loss: 0.593110, tr_score: 0.705000
va_loss: 0.626210, va_score: 0.680000
te_loss: 0.600768, te_score: 0.680000

time = 17
tr_loss: 0.580438, tr_score: 0.713750
va_loss: 0.593018, va_score: 0.710000
te_loss: 0.539250, te_score: 0.720000

time = 17
tr_loss: 0.606642, tr_score: 0.703750
va_loss: 0.579038, va_score: 0.730000
te_loss: 0.544949, te_score: 0.770000

time = 17
tr_loss: 0.575716, tr_score: 0.733750
va_loss: 0.636437, va_score: 0.660000
te_loss: 0.662787, te_score: 0.660000

time = 17
tr_loss: 0.553507, tr_score: 0.715000
va_loss: 0.517387, va_score: 0.770000
te_loss: 0.591234, te_score: 0.680000

time = 17
tr_loss: 0.598818, tr_score: 0.710000
va_loss: 0.708455, va_score: 0.610000
te_loss: 0.589091, te_score: 0.710000

time = 17
tr_loss: 0.606416, tr_score: 0.698750
va_loss: 0.615595, va_score: 0.680000
te_loss: 0.604109, te_score: 0.720000

time = 17
tr_loss: 0.571556, tr_score: 0.698750
va_loss: 0.556691, va_score: 0.730000
te_loss: 0.603903, te_score: 0.670000

time = 17
tr_loss: 0.572530, tr_score: 0.718750
va_loss: 0.579628, va_score: 0.730000
te_loss: 0.593302, te_score: 0.700000

======================================================
17  Seed:  [9997. 6891. 7283.  296. 4194.  627. 9187. 9699.  412. 3964. 5059. 1882.
 6859. 7098. 9012. 6459. 3018. 8410. 9321. 1260.]
tr_loss: 0.582091, tr_score: 0.710625
va_loss: 0.602980, va_score: 0.699000
te_loss: 0.604033, te_score: 0.696000
time = 18
tr_loss: 0.559146, tr_score: 0.713750
va_loss: 0.555614, va_score: 0.700000
te_loss: 0.553509, te_score: 0.750000

time = 18
tr_loss: 0.553866, tr_score: 0.701250
va_loss: 0.534590, va_score: 0.730000
te_loss: 0.515685, te_score: 0.740000

time = 18
tr_loss: 0.584669, tr_score: 0.710000
va_loss: 0.557751, va_score: 0.740000
te_loss: 0.578188, te_score: 0.710000

time = 18
tr_loss: 0.509649, tr_score: 0.762500
va_loss: 0.542731, va_score: 0.760000
te_loss: 0.499305, te_score: 0.740000

time = 18
tr_loss: 0.572683, tr_score: 0.710000
va_loss: 0.600395, va_score: 0.700000
te_loss: 0.486593, te_score: 0.810000

time = 18
tr_loss: 0.604616, tr_score: 0.693750
va_loss: 0.592966, va_score: 0.710000
te_loss: 0.582094, te_score: 0.740000

time = 18
tr_loss: 0.560912, tr_score: 0.721250
va_loss: 0.602559, va_score: 0.690000
te_loss: 0.509271, te_score: 0.760000

time = 18
tr_loss: 0.571246, tr_score: 0.728750
va_loss: 0.613368, va_score: 0.710000
te_loss: 0.680962, te_score: 0.600000

time = 18
tr_loss: 0.609865, tr_score: 0.702500
va_loss: 0.589387, va_score: 0.730000
te_loss: 0.653151, te_score: 0.650000

time = 18
tr_loss: 0.573648, tr_score: 0.713750
va_loss: 0.579912, va_score: 0.700000
te_loss: 0.604004, te_score: 0.690000

time = 18
tr_loss: 0.581213, tr_score: 0.700000
va_loss: 0.635445, va_score: 0.650000
te_loss: 0.546769, te_score: 0.740000

time = 18
tr_loss: 0.553459, tr_score: 0.717500
va_loss: 0.556820, va_score: 0.730000
te_loss: 0.580306, te_score: 0.720000

time = 18
tr_loss: 0.591126, tr_score: 0.706250
va_loss: 0.587653, va_score: 0.710000
te_loss: 0.617789, te_score: 0.680000

time = 18
tr_loss: 0.563754, tr_score: 0.701250
va_loss: 0.557326, va_score: 0.710000
te_loss: 0.538282, te_score: 0.780000

time = 18
tr_loss: 0.543333, tr_score: 0.721250
va_loss: 0.513537, va_score: 0.760000
te_loss: 0.564922, te_score: 0.710000

time = 18
tr_loss: 0.608869, tr_score: 0.687500
va_loss: 0.545303, va_score: 0.730000
te_loss: 0.512249, te_score: 0.790000

time = 18
tr_loss: 0.603748, tr_score: 0.681250
va_loss: 0.628868, va_score: 0.660000
te_loss: 0.590955, te_score: 0.660000

time = 18
tr_loss: 0.571932, tr_score: 0.721250
va_loss: 0.545373, va_score: 0.760000
te_loss: 0.614238, te_score: 0.670000

time = 18
tr_loss: 0.578017, tr_score: 0.711250
va_loss: 0.561922, va_score: 0.710000
te_loss: 0.614952, te_score: 0.690000

time = 18
tr_loss: 0.546893, tr_score: 0.732500
va_loss: 0.497572, va_score: 0.780000
te_loss: 0.582627, te_score: 0.700000

======================================================
18  Seed:  [ 873. 4207. 9606. 9170. 6333. 9407. 8590.  438. 6112. 2282. 5826. 4132.
 5788. 3773.  899. 1544. 7119. 3120. 1138. 3253.]
tr_loss: 0.572132, tr_score: 0.711875
va_loss: 0.569955, va_score: 0.718500
te_loss: 0.571293, te_score: 0.716500
time = 19
tr_loss: 0.585372, tr_score: 0.723750
va_loss: 0.627406, va_score: 0.680000
te_loss: 0.639277, te_score: 0.670000

time = 19
tr_loss: 0.504951, tr_score: 0.765000
va_loss: 0.528923, va_score: 0.760000
te_loss: 0.625571, te_score: 0.690000

time = 19
tr_loss: 0.572510, tr_score: 0.700000
va_loss: 0.497750, va_score: 0.800000
te_loss: 0.567160, te_score: 0.750000

time = 19
tr_loss: 0.499241, tr_score: 0.758750
va_loss: 0.528343, va_score: 0.720000
te_loss: 0.496696, te_score: 0.780000

time = 19
tr_loss: 0.580028, tr_score: 0.686250
va_loss: 0.589356, va_score: 0.720000
te_loss: 0.521322, te_score: 0.750000

time = 19
tr_loss: 0.591527, tr_score: 0.708750
va_loss: 0.572204, va_score: 0.740000
te_loss: 0.609632, te_score: 0.670000

time = 19
tr_loss: 0.594265, tr_score: 0.715000
va_loss: 0.559420, va_score: 0.760000
te_loss: 0.601313, te_score: 0.680000

time = 19
tr_loss: 0.589437, tr_score: 0.707500
va_loss: 0.629014, va_score: 0.670000
te_loss: 0.629409, te_score: 0.670000

time = 19
tr_loss: 0.598238, tr_score: 0.696250
va_loss: 0.604650, va_score: 0.690000
te_loss: 0.556601, te_score: 0.740000

time = 19
tr_loss: 0.579398, tr_score: 0.713750
va_loss: 0.618370, va_score: 0.700000
te_loss: 0.609462, te_score: 0.710000

time = 19
tr_loss: 0.546609, tr_score: 0.732500
va_loss: 0.577793, va_score: 0.670000
te_loss: 0.558298, te_score: 0.720000

time = 19
tr_loss: 0.570305, tr_score: 0.715000
va_loss: 0.572632, va_score: 0.740000
te_loss: 0.592700, te_score: 0.700000

time = 19
tr_loss: 0.565508, tr_score: 0.718750
va_loss: 0.602533, va_score: 0.680000
te_loss: 0.639775, te_score: 0.660000

time = 19
tr_loss: 0.575211, tr_score: 0.696250
va_loss: 0.553928, va_score: 0.710000
te_loss: 0.577460, te_score: 0.730000

time = 19
tr_loss: 0.554604, tr_score: 0.701250
va_loss: 0.579517, va_score: 0.680000
te_loss: 0.489998, te_score: 0.750000

time = 19
tr_loss: 0.589401, tr_score: 0.702500
va_loss: 0.550384, va_score: 0.760000
te_loss: 0.552582, te_score: 0.720000

time = 19
tr_loss: 0.588006, tr_score: 0.703750
va_loss: 0.593247, va_score: 0.700000
te_loss: 0.609787, te_score: 0.670000

time = 19
tr_loss: 0.571439, tr_score: 0.730000
va_loss: 0.567349, va_score: 0.710000
te_loss: 0.533920, te_score: 0.740000

time = 19
tr_loss: 0.613995, tr_score: 0.691250
va_loss: 0.586992, va_score: 0.740000
te_loss: 0.611432, te_score: 0.710000

time = 19
tr_loss: 0.598395, tr_score: 0.708750
va_loss: 0.690030, va_score: 0.620000
te_loss: 0.565803, te_score: 0.770000

======================================================
19  Seed:  [3709. 6253. 7969. 4492. 4878.  212. 2129. 7387.  610. 9877. 6936. 8416.
 1824. 6324. 9841. 5493. 7619. 7977.  518. 1963.]
tr_loss: 0.573422, tr_score: 0.713750
va_loss: 0.581492, va_score: 0.712500
te_loss: 0.579410, te_score: 0.714000
time = 20
tr_loss: 0.565111, tr_score: 0.722500
va_loss: 0.569480, va_score: 0.750000
te_loss: 0.582316, te_score: 0.690000

time = 20
tr_loss: 0.575276, tr_score: 0.693750
va_loss: 0.560076, va_score: 0.750000
te_loss: 0.549560, te_score: 0.690000

time = 20
tr_loss: 0.564038, tr_score: 0.711250
va_loss: 0.577223, va_score: 0.720000
te_loss: 0.631455, te_score: 0.690000

time = 20
tr_loss: 0.559933, tr_score: 0.706250
va_loss: 0.613785, va_score: 0.650000
te_loss: 0.527790, te_score: 0.770000

time = 20
tr_loss: 0.580357, tr_score: 0.712500
va_loss: 0.606195, va_score: 0.710000
te_loss: 0.533545, te_score: 0.730000

time = 20
tr_loss: 0.602596, tr_score: 0.692500
va_loss: 0.540398, va_score: 0.760000
te_loss: 0.583686, te_score: 0.700000

time = 20
tr_loss: 0.578190, tr_score: 0.712500
va_loss: 0.547697, va_score: 0.780000
te_loss: 0.566434, te_score: 0.740000

time = 20
tr_loss: 0.565580, tr_score: 0.710000
va_loss: 0.606680, va_score: 0.670000
te_loss: 0.563362, te_score: 0.730000

time = 20
tr_loss: 0.568449, tr_score: 0.712500
va_loss: 0.586150, va_score: 0.670000
te_loss: 0.528731, te_score: 0.780000

time = 20
tr_loss: 0.594177, tr_score: 0.702500
va_loss: 0.534975, va_score: 0.780000
te_loss: 0.532907, te_score: 0.760000

time = 20
tr_loss: 0.610422, tr_score: 0.711250
va_loss: 0.647964, va_score: 0.680000
te_loss: 0.588088, te_score: 0.740000

time = 20
tr_loss: 0.541156, tr_score: 0.730000
va_loss: 0.551405, va_score: 0.770000
te_loss: 0.533170, te_score: 0.780000

time = 20
tr_loss: 0.600931, tr_score: 0.696250
va_loss: 0.586751, va_score: 0.740000
te_loss: 0.636903, te_score: 0.690000

time = 20
tr_loss: 0.530686, tr_score: 0.727500
va_loss: 0.538664, va_score: 0.720000
te_loss: 0.521942, te_score: 0.710000

time = 20
tr_loss: 0.579212, tr_score: 0.715000
va_loss: 0.576871, va_score: 0.710000
te_loss: 0.597495, te_score: 0.690000

time = 20
tr_loss: 0.585363, tr_score: 0.718750
va_loss: 0.666484, va_score: 0.610000
te_loss: 0.611191, te_score: 0.680000

time = 20
tr_loss: 0.578613, tr_score: 0.707500
va_loss: 0.584426, va_score: 0.700000
te_loss: 0.547880, te_score: 0.770000

time = 20
tr_loss: 0.548133, tr_score: 0.727500
va_loss: 0.587194, va_score: 0.680000
te_loss: 0.591042, te_score: 0.720000

time = 20
tr_loss: 0.560323, tr_score: 0.723750
va_loss: 0.499799, va_score: 0.790000
te_loss: 0.580853, te_score: 0.700000

time = 20
tr_loss: 0.599215, tr_score: 0.720000
va_loss: 0.636312, va_score: 0.670000
te_loss: 0.586865, te_score: 0.730000

======================================================
20  Seed:  [8890. 5137. 6638. 5364. 3035. 4210. 5798. 9783. 7946.  146. 8127. 1556.
 1338. 7812. 5900. 6230. 6141. 6234. 5455. 7649.]
tr_loss: 0.574388, tr_score: 0.712688
va_loss: 0.580927, va_score: 0.715500
te_loss: 0.569761, te_score: 0.724500


mid seed:  [ 879. 4612.  287.  491. 3659. 8251. 7507. 1140. 3507. 4318. 9716. 8900.
 3870. 2555. 7340. 8792.  757. 6674. 3143.  691.]
mid test scores 0.7015
