time = 0
tr_loss: 0.557105, tr_score: 0.720000
va_loss: 0.571625, va_score: 0.720000
te_loss: 0.547260, te_score: 0.730000

time = 0
tr_loss: 0.566732, tr_score: 0.725000
va_loss: 0.638403, va_score: 0.650000
te_loss: 0.661601, te_score: 0.620000

time = 0
tr_loss: 0.578915, tr_score: 0.712500
va_loss: 0.643246, va_score: 0.670000
te_loss: 0.660293, te_score: 0.630000

time = 0
tr_loss: 0.577103, tr_score: 0.693750
va_loss: 0.578625, va_score: 0.710000
te_loss: 0.593061, te_score: 0.710000

time = 0
tr_loss: 0.583026, tr_score: 0.696250
va_loss: 0.614994, va_score: 0.700000
te_loss: 0.546296, te_score: 0.770000

time = 0
tr_loss: 0.588702, tr_score: 0.712500
va_loss: 0.679675, va_score: 0.610000
te_loss: 0.685106, te_score: 0.620000

time = 0
tr_loss: 0.592563, tr_score: 0.715000
va_loss: 0.606131, va_score: 0.700000
te_loss: 0.517898, te_score: 0.800000

time = 0
tr_loss: 0.634384, tr_score: 0.690000
va_loss: 0.581462, va_score: 0.780000
te_loss: 0.655195, te_score: 0.700000

time = 0
tr_loss: 0.556212, tr_score: 0.706250
va_loss: 0.518398, va_score: 0.770000
te_loss: 0.566597, te_score: 0.730000

time = 0
tr_loss: 0.596741, tr_score: 0.701250
va_loss: 0.633616, va_score: 0.650000
te_loss: 0.519571, te_score: 0.800000

time = 0
tr_loss: 0.625479, tr_score: 0.698750
va_loss: 0.515750, va_score: 0.780000
te_loss: 0.697961, te_score: 0.630000

time = 0
tr_loss: 0.568066, tr_score: 0.715000
va_loss: 0.575095, va_score: 0.720000
te_loss: 0.735932, te_score: 0.560000

time = 0
tr_loss: 0.597580, tr_score: 0.716250
va_loss: 0.648329, va_score: 0.670000
te_loss: 0.700118, te_score: 0.620000

time = 0
tr_loss: 0.590003, tr_score: 0.710000
va_loss: 0.558247, va_score: 0.680000
te_loss: 0.657917, te_score: 0.630000

time = 0
tr_loss: 0.559096, tr_score: 0.722500
va_loss: 0.611996, va_score: 0.660000
te_loss: 0.587238, te_score: 0.720000

time = 0
tr_loss: 0.607699, tr_score: 0.703750
va_loss: 0.634485, va_score: 0.670000
te_loss: 0.614285, te_score: 0.700000

time = 0
tr_loss: 0.580519, tr_score: 0.705000
va_loss: 0.638845, va_score: 0.680000
te_loss: 0.608520, te_score: 0.720000

time = 0
tr_loss: 0.573857, tr_score: 0.713750
va_loss: 0.620791, va_score: 0.650000
te_loss: 0.611862, te_score: 0.680000

time = 0
tr_loss: 0.575065, tr_score: 0.711250
va_loss: 0.620552, va_score: 0.690000
te_loss: 0.654207, te_score: 0.650000

time = 0
tr_loss: 0.571877, tr_score: 0.712500
va_loss: 0.531135, va_score: 0.770000
te_loss: 0.614067, te_score: 0.690000

======================================================
0  Seed:  [ 140. 2411. 2238. 5068. 2300. 9812. 6334. 4380. 4021. 8554. 2226. 8534.
 4715. 7921. 4457. 6212.  255.  495. 8301.  932.]
tr_loss: 0.584036, tr_score: 0.709062
va_loss: 0.601070, va_score: 0.696500
te_loss: 0.621749, te_score: 0.685500
time = 1
tr_loss: 0.565456, tr_score: 0.722500
va_loss: 0.645487, va_score: 0.660000
te_loss: 0.583179, te_score: 0.740000

time = 1
tr_loss: 0.564522, tr_score: 0.725000
va_loss: 0.610694, va_score: 0.660000
te_loss: 0.575006, te_score: 0.730000

time = 1
tr_loss: 0.585929, tr_score: 0.706250
va_loss: 0.583702, va_score: 0.710000
te_loss: 0.529134, te_score: 0.760000

time = 1
tr_loss: 0.553416, tr_score: 0.736250
va_loss: 0.520267, va_score: 0.780000
te_loss: 0.600525, te_score: 0.680000

time = 1
tr_loss: 0.551796, tr_score: 0.728750
va_loss: 0.639449, va_score: 0.680000
te_loss: 0.584907, te_score: 0.690000

time = 1
tr_loss: 0.646363, tr_score: 0.638750
va_loss: 0.678042, va_score: 0.620000
te_loss: 0.633759, te_score: 0.650000

time = 1
tr_loss: 0.573678, tr_score: 0.716250
va_loss: 0.547480, va_score: 0.750000
te_loss: 0.594019, te_score: 0.690000

time = 1
tr_loss: 0.603565, tr_score: 0.711250
va_loss: 0.570641, va_score: 0.740000
te_loss: 0.575648, te_score: 0.740000

time = 1
tr_loss: 0.591691, tr_score: 0.702500
va_loss: 0.624703, va_score: 0.660000
te_loss: 0.567916, te_score: 0.730000

time = 1
tr_loss: 0.663326, tr_score: 0.691250
va_loss: 0.623473, va_score: 0.720000
te_loss: 0.738263, te_score: 0.590000

time = 1
tr_loss: 0.529679, tr_score: 0.735000
va_loss: 0.529420, va_score: 0.740000
te_loss: 0.436627, te_score: 0.790000

time = 1
tr_loss: 0.589985, tr_score: 0.711250
va_loss: 0.626784, va_score: 0.660000
te_loss: 0.615537, te_score: 0.670000

time = 1
tr_loss: 0.623449, tr_score: 0.695000
va_loss: 0.531774, va_score: 0.810000
te_loss: 0.678749, te_score: 0.630000

time = 1
tr_loss: 0.623986, tr_score: 0.720000
va_loss: 0.512137, va_score: 0.780000
te_loss: 0.617056, te_score: 0.720000

time = 1
tr_loss: 0.608771, tr_score: 0.708750
va_loss: 0.678421, va_score: 0.660000
te_loss: 0.589665, te_score: 0.700000

time = 1
tr_loss: 0.578154, tr_score: 0.708750
va_loss: 0.606692, va_score: 0.670000
te_loss: 0.602123, te_score: 0.730000

time = 1
tr_loss: 0.607925, tr_score: 0.711250
va_loss: 0.595656, va_score: 0.750000
te_loss: 0.639942, te_score: 0.670000

time = 1
tr_loss: 0.586661, tr_score: 0.713750
va_loss: 0.617121, va_score: 0.670000
te_loss: 0.600582, te_score: 0.730000

time = 1
tr_loss: 0.577543, tr_score: 0.697500
va_loss: 0.542849, va_score: 0.760000
te_loss: 0.623729, te_score: 0.650000

time = 1
tr_loss: 0.608517, tr_score: 0.683750
va_loss: 0.557988, va_score: 0.750000
te_loss: 0.511875, te_score: 0.790000

======================================================
1  Seed:  [8640.  888. 4066.  552. 1437. 6591. 8969.  824. 8811.  938.  550. 9822.
 6241. 3057. 1352. 8361. 5326. 3377. 2314. 8889.]
tr_loss: 0.591721, tr_score: 0.708187
va_loss: 0.592139, va_score: 0.711500
te_loss: 0.594912, te_score: 0.704000
time = 2
tr_loss: 0.541116, tr_score: 0.741250
va_loss: 0.547778, va_score: 0.730000
te_loss: 0.607324, te_score: 0.700000

time = 2
tr_loss: 0.550596, tr_score: 0.738750
va_loss: 0.478108, va_score: 0.800000
te_loss: 0.604678, te_score: 0.690000

time = 2
tr_loss: 0.541177, tr_score: 0.745000
va_loss: 0.511625, va_score: 0.720000
te_loss: 0.557400, te_score: 0.750000

time = 2
tr_loss: 0.593676, tr_score: 0.698750
va_loss: 0.605795, va_score: 0.690000
te_loss: 0.571711, te_score: 0.740000

time = 2
tr_loss: 0.581274, tr_score: 0.712500
va_loss: 0.579420, va_score: 0.700000
te_loss: 0.492604, te_score: 0.760000

time = 2
tr_loss: 0.592745, tr_score: 0.710000
va_loss: 0.613999, va_score: 0.700000
te_loss: 0.689854, te_score: 0.630000

time = 2
tr_loss: 0.582847, tr_score: 0.713750
va_loss: 0.652939, va_score: 0.630000
te_loss: 0.600568, te_score: 0.710000

time = 2
tr_loss: 0.610206, tr_score: 0.687500
va_loss: 0.562644, va_score: 0.750000
te_loss: 0.555215, te_score: 0.730000

time = 2
tr_loss: 0.582553, tr_score: 0.711250
va_loss: 0.563390, va_score: 0.730000
te_loss: 0.645037, te_score: 0.650000

time = 2
tr_loss: 0.577885, tr_score: 0.708750
va_loss: 0.549835, va_score: 0.730000
te_loss: 0.551785, te_score: 0.710000

time = 2
tr_loss: 0.559831, tr_score: 0.721250
va_loss: 0.566243, va_score: 0.720000
te_loss: 0.657706, te_score: 0.630000

time = 2
tr_loss: 0.574567, tr_score: 0.702500
va_loss: 0.585803, va_score: 0.700000
te_loss: 0.493202, te_score: 0.770000

time = 2
tr_loss: 0.567300, tr_score: 0.718750
va_loss: 0.540666, va_score: 0.740000
te_loss: 0.569096, te_score: 0.790000

time = 2
tr_loss: 0.588684, tr_score: 0.697500
va_loss: 0.545727, va_score: 0.750000
te_loss: 0.560455, te_score: 0.730000

time = 2
tr_loss: 0.609955, tr_score: 0.703750
va_loss: 0.588712, va_score: 0.740000
te_loss: 0.611740, te_score: 0.700000

time = 2
tr_loss: 0.533604, tr_score: 0.728750
va_loss: 0.515242, va_score: 0.780000
te_loss: 0.534705, te_score: 0.760000

time = 2
tr_loss: 0.604190, tr_score: 0.706250
va_loss: 0.595562, va_score: 0.690000
te_loss: 0.593620, te_score: 0.710000

time = 2
tr_loss: 0.582050, tr_score: 0.698750
va_loss: 0.632668, va_score: 0.670000
te_loss: 0.539939, te_score: 0.750000

time = 2
tr_loss: 0.548298, tr_score: 0.701250
va_loss: 0.571915, va_score: 0.680000
te_loss: 0.537233, te_score: 0.710000

time = 2
tr_loss: 0.614026, tr_score: 0.698750
va_loss: 0.609141, va_score: 0.750000
te_loss: 0.605475, te_score: 0.690000

======================================================
2  Seed:  [5478. 7027. 2150. 7559. 3662. 2043. 8598. 4158. 6442. 4398. 3939. 9768.
 5143. 2231.  162. 6860. 3496. 7749. 2530. 2730.]
tr_loss: 0.576829, tr_score: 0.712250
va_loss: 0.570861, va_score: 0.720000
te_loss: 0.578967, te_score: 0.715500
time = 3
tr_loss: 0.602010, tr_score: 0.700000
va_loss: 0.589302, va_score: 0.700000
te_loss: 0.578162, te_score: 0.730000

time = 3
tr_loss: 0.592685, tr_score: 0.705000
va_loss: 0.618973, va_score: 0.670000
te_loss: 0.609234, te_score: 0.700000

time = 3
tr_loss: 0.551763, tr_score: 0.730000
va_loss: 0.606732, va_score: 0.690000
te_loss: 0.603755, te_score: 0.720000

time = 3
tr_loss: 0.544465, tr_score: 0.717500
va_loss: 0.557798, va_score: 0.750000
te_loss: 0.584314, te_score: 0.680000

time = 3
tr_loss: 0.566558, tr_score: 0.713750
va_loss: 0.506933, va_score: 0.750000
te_loss: 0.596215, te_score: 0.690000

time = 3
tr_loss: 0.594515, tr_score: 0.703750
va_loss: 0.546911, va_score: 0.780000
te_loss: 0.591500, te_score: 0.720000

time = 3
tr_loss: 0.587151, tr_score: 0.708750
va_loss: 0.673042, va_score: 0.630000
te_loss: 0.581388, te_score: 0.710000

time = 3
tr_loss: 0.561217, tr_score: 0.726250
va_loss: 0.644319, va_score: 0.640000
te_loss: 0.648957, te_score: 0.620000

time = 3
tr_loss: 0.607784, tr_score: 0.707500
va_loss: 0.638311, va_score: 0.620000
te_loss: 0.599428, te_score: 0.690000

time = 3
tr_loss: 0.581807, tr_score: 0.710000
va_loss: 0.571235, va_score: 0.720000
te_loss: 0.580638, te_score: 0.720000

time = 3
tr_loss: 0.562575, tr_score: 0.715000
va_loss: 0.582414, va_score: 0.760000
te_loss: 0.597112, te_score: 0.690000

time = 3
tr_loss: 0.568913, tr_score: 0.716250
va_loss: 0.551638, va_score: 0.740000
te_loss: 0.615538, te_score: 0.690000

time = 3
tr_loss: 0.594398, tr_score: 0.707500
va_loss: 0.568653, va_score: 0.710000
te_loss: 0.625203, te_score: 0.660000

time = 3
tr_loss: 0.603764, tr_score: 0.695000
va_loss: 0.649800, va_score: 0.630000
te_loss: 0.527111, te_score: 0.770000

time = 3
tr_loss: 0.583832, tr_score: 0.705000
va_loss: 0.649213, va_score: 0.630000
te_loss: 0.627425, te_score: 0.680000

time = 3
tr_loss: 0.593035, tr_score: 0.713750
va_loss: 0.570721, va_score: 0.690000
te_loss: 0.567029, te_score: 0.760000

time = 3
tr_loss: 0.494478, tr_score: 0.777500
va_loss: 0.494288, va_score: 0.780000
te_loss: 0.546622, te_score: 0.700000

time = 3
tr_loss: 0.621138, tr_score: 0.691250
va_loss: 0.742873, va_score: 0.570000
te_loss: 0.590821, te_score: 0.710000

time = 3
tr_loss: 0.588628, tr_score: 0.708750
va_loss: 0.630359, va_score: 0.660000
te_loss: 0.619326, te_score: 0.650000

time = 3
tr_loss: 0.583636, tr_score: 0.722500
va_loss: 0.598733, va_score: 0.670000
te_loss: 0.583019, te_score: 0.740000

======================================================
3  Seed:  [6469. 3301. 7178. 4323. 9525.  454. 7215. 4562. 5178. 3971. 9338. 3960.
 2970. 9630. 2254.  396. 4264. 8949. 7913. 1289.]
tr_loss: 0.579218, tr_score: 0.713750
va_loss: 0.599612, va_score: 0.689500
te_loss: 0.593640, te_score: 0.701500
time = 4
tr_loss: 0.585124, tr_score: 0.697500
va_loss: 0.568557, va_score: 0.700000
te_loss: 0.543392, te_score: 0.780000

time = 4
tr_loss: 0.540933, tr_score: 0.730000
va_loss: 0.495841, va_score: 0.760000
te_loss: 0.557400, te_score: 0.700000

time = 4
tr_loss: 0.599461, tr_score: 0.697500
va_loss: 0.576038, va_score: 0.720000
te_loss: 0.607008, te_score: 0.700000

time = 4
tr_loss: 0.583857, tr_score: 0.705000
va_loss: 0.558799, va_score: 0.690000
te_loss: 0.595694, te_score: 0.720000

time = 4
tr_loss: 0.597359, tr_score: 0.703750
va_loss: 0.632611, va_score: 0.670000
te_loss: 0.584224, te_score: 0.700000

time = 4
tr_loss: 0.588669, tr_score: 0.713750
va_loss: 0.568572, va_score: 0.730000
te_loss: 0.522965, te_score: 0.750000

time = 4
tr_loss: 0.564988, tr_score: 0.710000
va_loss: 0.565355, va_score: 0.700000
te_loss: 0.532658, te_score: 0.740000

time = 4
tr_loss: 0.622595, tr_score: 0.700000
va_loss: 0.678923, va_score: 0.630000
te_loss: 0.605490, te_score: 0.760000

time = 4
tr_loss: 0.589920, tr_score: 0.695000
va_loss: 0.615925, va_score: 0.690000
te_loss: 0.533151, te_score: 0.800000

time = 4
tr_loss: 0.595145, tr_score: 0.700000
va_loss: 0.617595, va_score: 0.700000
te_loss: 0.587984, te_score: 0.690000

time = 4
tr_loss: 0.591377, tr_score: 0.718750
va_loss: 0.663147, va_score: 0.640000
te_loss: 0.639230, te_score: 0.650000

time = 4
tr_loss: 0.561200, tr_score: 0.707500
va_loss: 0.548373, va_score: 0.700000
te_loss: 0.608911, te_score: 0.670000

time = 4
tr_loss: 0.572240, tr_score: 0.712500
va_loss: 0.516241, va_score: 0.770000
te_loss: 0.622293, te_score: 0.680000

time = 4
tr_loss: 0.613254, tr_score: 0.681250
va_loss: 0.569058, va_score: 0.740000
te_loss: 0.600013, te_score: 0.730000

time = 4
tr_loss: 0.519990, tr_score: 0.748750
va_loss: 0.509036, va_score: 0.750000
te_loss: 0.578997, te_score: 0.660000

time = 4
tr_loss: 0.582835, tr_score: 0.703750
va_loss: 0.554023, va_score: 0.710000
te_loss: 0.569014, te_score: 0.690000

time = 4
tr_loss: 0.583777, tr_score: 0.718750
va_loss: 0.508541, va_score: 0.800000
te_loss: 0.533355, te_score: 0.750000

time = 4
tr_loss: 0.577155, tr_score: 0.708750
va_loss: 0.582807, va_score: 0.710000
te_loss: 0.593183, te_score: 0.690000

time = 4
tr_loss: 0.590949, tr_score: 0.711250
va_loss: 0.692763, va_score: 0.610000
te_loss: 0.638397, te_score: 0.680000

time = 4
tr_loss: 0.637174, tr_score: 0.682500
va_loss: 0.625445, va_score: 0.720000
te_loss: 0.602754, te_score: 0.730000

======================================================
4  Seed:  [8744.  130. 2730. 2289. 3436.   91. 5431.  214. 1996. 7906. 4318. 5189.
 9458. 5884. 7590. 9032. 7937. 3024. 1021. 9551.]
tr_loss: 0.584900, tr_score: 0.707312
va_loss: 0.582383, va_score: 0.707000
te_loss: 0.582806, te_score: 0.713500
time = 5
tr_loss: 0.562300, tr_score: 0.711250
va_loss: 0.586473, va_score: 0.670000
te_loss: 0.623059, te_score: 0.640000

time = 5
tr_loss: 0.587518, tr_score: 0.695000
va_loss: 0.595068, va_score: 0.710000
te_loss: 0.541336, te_score: 0.760000

time = 5
tr_loss: 0.499069, tr_score: 0.765000
va_loss: 0.570048, va_score: 0.720000
te_loss: 0.568299, te_score: 0.700000

time = 5
tr_loss: 0.593940, tr_score: 0.706250
va_loss: 0.638023, va_score: 0.680000
te_loss: 0.599404, te_score: 0.720000

time = 5
tr_loss: 0.576442, tr_score: 0.717500
va_loss: 0.620317, va_score: 0.660000
te_loss: 0.492482, te_score: 0.820000

time = 5
tr_loss: 0.524789, tr_score: 0.756250
va_loss: 0.555914, va_score: 0.730000
te_loss: 0.505079, te_score: 0.740000

time = 5
tr_loss: 0.582678, tr_score: 0.698750
va_loss: 0.508149, va_score: 0.770000
te_loss: 0.580765, te_score: 0.720000

time = 5
tr_loss: 0.605395, tr_score: 0.701250
va_loss: 0.606133, va_score: 0.690000
te_loss: 0.585489, te_score: 0.740000

time = 5
tr_loss: 0.572197, tr_score: 0.718750
va_loss: 0.530374, va_score: 0.780000
te_loss: 0.563189, te_score: 0.750000

time = 5
tr_loss: 0.545422, tr_score: 0.730000
va_loss: 0.560113, va_score: 0.720000
te_loss: 0.570096, te_score: 0.690000

time = 5
tr_loss: 0.586463, tr_score: 0.720000
va_loss: 0.669900, va_score: 0.650000
te_loss: 0.607912, te_score: 0.690000

time = 5
tr_loss: 0.606375, tr_score: 0.697500
va_loss: 0.521846, va_score: 0.770000
te_loss: 0.573643, te_score: 0.710000

time = 5
tr_loss: 0.605598, tr_score: 0.693750
va_loss: 0.588852, va_score: 0.670000
te_loss: 0.635416, te_score: 0.670000

time = 5
tr_loss: 0.564426, tr_score: 0.722500
va_loss: 0.549106, va_score: 0.710000
te_loss: 0.618237, te_score: 0.690000

time = 5
tr_loss: 0.593492, tr_score: 0.707500
va_loss: 0.626696, va_score: 0.690000
te_loss: 0.619929, te_score: 0.710000

time = 5
tr_loss: 0.607191, tr_score: 0.698750
va_loss: 0.509370, va_score: 0.800000
te_loss: 0.659941, te_score: 0.660000

time = 5
tr_loss: 0.602390, tr_score: 0.701250
va_loss: 0.636819, va_score: 0.680000
te_loss: 0.596211, te_score: 0.720000

time = 5
tr_loss: 0.660259, tr_score: 0.685000
va_loss: 0.556698, va_score: 0.780000
te_loss: 0.686088, te_score: 0.680000

time = 5
tr_loss: 0.594503, tr_score: 0.696250
va_loss: 0.527841, va_score: 0.790000
te_loss: 0.698621, te_score: 0.580000

time = 5
tr_loss: 0.563261, tr_score: 0.701250
va_loss: 0.628514, va_score: 0.680000
te_loss: 0.599064, te_score: 0.710000

======================================================
5  Seed:  [1237. 6412. 2121. 6405. 4525. 1302. 1340. 7513. 9914. 1173. 2339. 2687.
 5417. 1769. 4522. 4161. 3470. 2003. 6862. 6659.]
tr_loss: 0.581685, tr_score: 0.711188
va_loss: 0.579313, va_score: 0.717500
te_loss: 0.596213, te_score: 0.705000
time = 6
tr_loss: 0.589192, tr_score: 0.708750
va_loss: 0.557178, va_score: 0.740000
te_loss: 0.620519, te_score: 0.680000

time = 6
tr_loss: 0.571155, tr_score: 0.725000
va_loss: 0.685547, va_score: 0.670000
te_loss: 0.584652, te_score: 0.720000

time = 6
tr_loss: 0.533885, tr_score: 0.730000
va_loss: 0.565286, va_score: 0.700000
te_loss: 0.613435, te_score: 0.700000

time = 6
tr_loss: 0.569440, tr_score: 0.710000
va_loss: 0.575628, va_score: 0.720000
te_loss: 0.623076, te_score: 0.630000

time = 6
tr_loss: 0.562684, tr_score: 0.712500
va_loss: 0.589789, va_score: 0.680000
te_loss: 0.479438, te_score: 0.750000

time = 6
tr_loss: 0.587558, tr_score: 0.728750
va_loss: 0.664309, va_score: 0.680000
te_loss: 0.720497, te_score: 0.590000

time = 6
tr_loss: 0.579283, tr_score: 0.705000
va_loss: 0.660420, va_score: 0.630000
te_loss: 0.565028, te_score: 0.740000

time = 6
tr_loss: 0.601444, tr_score: 0.695000
va_loss: 0.650533, va_score: 0.640000
te_loss: 0.647691, te_score: 0.670000

time = 6
tr_loss: 0.596241, tr_score: 0.686250
va_loss: 0.553569, va_score: 0.760000
te_loss: 0.566671, te_score: 0.750000

time = 6
tr_loss: 0.599208, tr_score: 0.708750
va_loss: 0.589330, va_score: 0.710000
te_loss: 0.638158, te_score: 0.670000

time = 6
tr_loss: 0.560291, tr_score: 0.732500
va_loss: 0.664821, va_score: 0.660000
te_loss: 0.676596, te_score: 0.590000

time = 6
tr_loss: 0.590914, tr_score: 0.713750
va_loss: 0.621928, va_score: 0.720000
te_loss: 0.620802, te_score: 0.700000

time = 6
tr_loss: 0.550609, tr_score: 0.728750
va_loss: 0.519859, va_score: 0.740000
te_loss: 0.576710, te_score: 0.690000

time = 6
tr_loss: 0.588508, tr_score: 0.705000
va_loss: 0.543881, va_score: 0.740000
te_loss: 0.567968, te_score: 0.740000

time = 6
tr_loss: 0.577024, tr_score: 0.693750
va_loss: 0.569491, va_score: 0.700000
te_loss: 0.608921, te_score: 0.620000

time = 6
tr_loss: 0.531828, tr_score: 0.736250
va_loss: 0.536236, va_score: 0.690000
te_loss: 0.510665, te_score: 0.750000

time = 6
tr_loss: 0.539251, tr_score: 0.725000
va_loss: 0.524005, va_score: 0.730000
te_loss: 0.555433, te_score: 0.690000

time = 6
tr_loss: 0.582583, tr_score: 0.707500
va_loss: 0.546683, va_score: 0.740000
te_loss: 0.568914, te_score: 0.710000

time = 6
tr_loss: 0.587004, tr_score: 0.705000
va_loss: 0.567750, va_score: 0.740000
te_loss: 0.579366, te_score: 0.690000

time = 6
tr_loss: 0.590148, tr_score: 0.702500
va_loss: 0.624451, va_score: 0.670000
te_loss: 0.554871, te_score: 0.730000

======================================================
6  Seed:  [7694. 6294. 7622. 3529.   96. 7204. 5217. 3436.  887. 8110. 7803. 3805.
 1114. 2222. 9584. 2008. 1959. 4210.  576. 6097.]
tr_loss: 0.574412, tr_score: 0.713000
va_loss: 0.590535, va_score: 0.703000
te_loss: 0.593971, te_score: 0.690500
time = 7
tr_loss: 0.568845, tr_score: 0.708750
va_loss: 0.589421, va_score: 0.690000
te_loss: 0.517936, te_score: 0.780000

time = 7
tr_loss: 0.599711, tr_score: 0.702500
va_loss: 0.549673, va_score: 0.750000
te_loss: 0.580486, te_score: 0.700000

time = 7
tr_loss: 0.550319, tr_score: 0.710000
va_loss: 0.476350, va_score: 0.770000
te_loss: 0.517888, te_score: 0.750000

time = 7
tr_loss: 0.573844, tr_score: 0.711250
va_loss: 0.559669, va_score: 0.750000
te_loss: 0.574872, te_score: 0.710000

time = 7
tr_loss: 0.578943, tr_score: 0.703750
va_loss: 0.587090, va_score: 0.720000
te_loss: 0.585951, te_score: 0.740000

time = 7
tr_loss: 0.645450, tr_score: 0.710000
va_loss: 0.737675, va_score: 0.610000
te_loss: 0.620404, te_score: 0.730000

time = 7
tr_loss: 0.607295, tr_score: 0.701250
va_loss: 0.613683, va_score: 0.650000
te_loss: 0.512985, te_score: 0.750000

time = 7
tr_loss: 0.531331, tr_score: 0.743750
va_loss: 0.566900, va_score: 0.720000
te_loss: 0.554924, te_score: 0.720000

time = 7
tr_loss: 0.631376, tr_score: 0.708750
va_loss: 0.592287, va_score: 0.700000
te_loss: 0.650439, te_score: 0.670000

time = 7
tr_loss: 0.582819, tr_score: 0.692500
va_loss: 0.595645, va_score: 0.680000
te_loss: 0.560214, te_score: 0.730000

time = 7
tr_loss: 0.597164, tr_score: 0.715000
va_loss: 0.599837, va_score: 0.710000
te_loss: 0.620232, te_score: 0.700000

time = 7
tr_loss: 0.578137, tr_score: 0.721250
va_loss: 0.620783, va_score: 0.670000
te_loss: 0.503883, te_score: 0.790000

time = 7
tr_loss: 0.541093, tr_score: 0.727500
va_loss: 0.699370, va_score: 0.570000
te_loss: 0.637192, te_score: 0.650000

time = 7
tr_loss: 0.579228, tr_score: 0.713750
va_loss: 0.608248, va_score: 0.750000
te_loss: 0.630809, te_score: 0.680000

time = 7
tr_loss: 0.563626, tr_score: 0.711250
va_loss: 0.610303, va_score: 0.670000
te_loss: 0.610492, te_score: 0.640000

time = 7
tr_loss: 0.514130, tr_score: 0.755000
va_loss: 0.582291, va_score: 0.720000
te_loss: 0.513878, te_score: 0.780000

time = 7
tr_loss: 0.589265, tr_score: 0.716250
va_loss: 0.596156, va_score: 0.700000
te_loss: 0.649862, te_score: 0.660000

time = 7
tr_loss: 0.609630, tr_score: 0.702500
va_loss: 0.559800, va_score: 0.760000
te_loss: 0.699026, te_score: 0.620000

time = 7
tr_loss: 0.554394, tr_score: 0.726250
va_loss: 0.563466, va_score: 0.720000
te_loss: 0.507661, te_score: 0.790000

time = 7
tr_loss: 0.587845, tr_score: 0.695000
va_loss: 0.542277, va_score: 0.720000
te_loss: 0.582006, te_score: 0.730000

======================================================
7  Seed:  [ 667. 3641. 1333. 4721. 6871. 9519. 4778.  927. 8338.   13. 3683. 6570.
 1422. 3821. 5722.  599. 3527. 1784. 1921. 2070.]
tr_loss: 0.579222, tr_score: 0.713813
va_loss: 0.592546, va_score: 0.701500
te_loss: 0.581557, te_score: 0.716000
time = 8
tr_loss: 0.581052, tr_score: 0.702500
va_loss: 0.616554, va_score: 0.690000
te_loss: 0.494796, te_score: 0.810000

time = 8
tr_loss: 0.624688, tr_score: 0.703750
va_loss: 0.704416, va_score: 0.600000
te_loss: 0.576221, te_score: 0.760000

time = 8
tr_loss: 0.545424, tr_score: 0.736250
va_loss: 0.589921, va_score: 0.700000
te_loss: 0.542305, te_score: 0.770000

time = 8
tr_loss: 0.589678, tr_score: 0.706250
va_loss: 0.608786, va_score: 0.700000
te_loss: 0.548570, te_score: 0.750000

time = 8
tr_loss: 0.577845, tr_score: 0.725000
va_loss: 0.537652, va_score: 0.760000
te_loss: 0.561069, te_score: 0.730000

time = 8
tr_loss: 0.587940, tr_score: 0.705000
va_loss: 0.593923, va_score: 0.670000
te_loss: 0.593351, te_score: 0.690000

time = 8
tr_loss: 0.558236, tr_score: 0.716250
va_loss: 0.539167, va_score: 0.740000
te_loss: 0.601248, te_score: 0.690000

time = 8
tr_loss: 0.547546, tr_score: 0.722500
va_loss: 0.516993, va_score: 0.760000
te_loss: 0.572822, te_score: 0.710000

time = 8
tr_loss: 0.594746, tr_score: 0.702500
va_loss: 0.631651, va_score: 0.670000
te_loss: 0.542798, te_score: 0.760000

time = 8
tr_loss: 0.574202, tr_score: 0.721250
va_loss: 0.649044, va_score: 0.640000
te_loss: 0.552582, te_score: 0.780000

time = 8
tr_loss: 0.550926, tr_score: 0.733750
va_loss: 0.476541, va_score: 0.790000
te_loss: 0.480435, te_score: 0.820000

time = 8
tr_loss: 0.582481, tr_score: 0.700000
va_loss: 0.558918, va_score: 0.750000
te_loss: 0.636223, te_score: 0.670000

time = 8
tr_loss: 0.572130, tr_score: 0.710000
va_loss: 0.584433, va_score: 0.690000
te_loss: 0.564158, te_score: 0.690000

time = 8
tr_loss: 0.588096, tr_score: 0.703750
va_loss: 0.488512, va_score: 0.840000
te_loss: 0.541751, te_score: 0.710000

time = 8
tr_loss: 0.512327, tr_score: 0.755000
va_loss: 0.480689, va_score: 0.760000
te_loss: 0.476347, te_score: 0.780000

time = 8
tr_loss: 0.532292, tr_score: 0.752500
va_loss: 0.492572, va_score: 0.760000
te_loss: 0.685291, te_score: 0.580000

time = 8
tr_loss: 0.563796, tr_score: 0.710000
va_loss: 0.600793, va_score: 0.690000
te_loss: 0.576447, te_score: 0.690000

time = 8
tr_loss: 0.603497, tr_score: 0.706250
va_loss: 0.579600, va_score: 0.720000
te_loss: 0.566165, te_score: 0.700000

time = 8
tr_loss: 0.601230, tr_score: 0.711250
va_loss: 0.615264, va_score: 0.690000
te_loss: 0.584595, te_score: 0.720000

time = 8
tr_loss: 0.565425, tr_score: 0.716250
va_loss: 0.576732, va_score: 0.750000
te_loss: 0.635534, te_score: 0.680000

======================================================
8  Seed:  [4860. 8426. 6918. 8393. 2977. 1581. 7001.  814. 5947. 4477. 3311. 7270.
 5082. 4712. 7103. 6080. 5821. 8708. 4579. 2324.]
tr_loss: 0.572678, tr_score: 0.717000
va_loss: 0.572108, va_score: 0.718500
te_loss: 0.566635, te_score: 0.724500
time = 9
tr_loss: 0.582861, tr_score: 0.705000
va_loss: 0.531863, va_score: 0.740000
te_loss: 0.588092, te_score: 0.700000

time = 9
tr_loss: 0.578305, tr_score: 0.708750
va_loss: 0.675309, va_score: 0.620000
te_loss: 0.576021, te_score: 0.690000

time = 9
tr_loss: 0.573625, tr_score: 0.706250
va_loss: 0.585435, va_score: 0.700000
te_loss: 0.633623, te_score: 0.670000

time = 9
tr_loss: 0.611515, tr_score: 0.698750
va_loss: 0.608966, va_score: 0.740000
te_loss: 0.645606, te_score: 0.680000

time = 9
tr_loss: 0.563451, tr_score: 0.726250
va_loss: 0.530192, va_score: 0.750000
te_loss: 0.686485, te_score: 0.600000

time = 9
tr_loss: 0.571005, tr_score: 0.716250
va_loss: 0.563508, va_score: 0.730000
te_loss: 0.606168, te_score: 0.630000

time = 9
tr_loss: 0.559597, tr_score: 0.736250
va_loss: 0.529200, va_score: 0.740000
te_loss: 0.561542, te_score: 0.720000

time = 9
tr_loss: 0.542114, tr_score: 0.716250
va_loss: 0.542387, va_score: 0.700000
te_loss: 0.586003, te_score: 0.690000

time = 9
tr_loss: 0.600060, tr_score: 0.691250
va_loss: 0.570540, va_score: 0.720000
te_loss: 0.552359, te_score: 0.740000

time = 9
tr_loss: 0.578000, tr_score: 0.703750
va_loss: 0.644709, va_score: 0.650000
te_loss: 0.570843, te_score: 0.720000

time = 9
tr_loss: 0.588886, tr_score: 0.706250
va_loss: 0.575169, va_score: 0.730000
te_loss: 0.597187, te_score: 0.680000

time = 9
tr_loss: 0.611957, tr_score: 0.636250
va_loss: 0.543671, va_score: 0.700000
te_loss: 0.596270, te_score: 0.650000

time = 9
tr_loss: 0.578179, tr_score: 0.706250
va_loss: 0.625477, va_score: 0.610000
te_loss: 0.541964, te_score: 0.770000

time = 9
tr_loss: 0.599239, tr_score: 0.703750
va_loss: 0.598653, va_score: 0.700000
te_loss: 0.592746, te_score: 0.700000

time = 9
tr_loss: 0.600873, tr_score: 0.721250
va_loss: 0.739299, va_score: 0.620000
te_loss: 0.631743, te_score: 0.710000

time = 9
tr_loss: 0.527814, tr_score: 0.748750
va_loss: 0.497733, va_score: 0.790000
te_loss: 0.569423, te_score: 0.690000

time = 9
tr_loss: 0.581250, tr_score: 0.706250
va_loss: 0.599108, va_score: 0.720000
te_loss: 0.620270, te_score: 0.660000

time = 9
tr_loss: 0.570937, tr_score: 0.710000
va_loss: 0.617484, va_score: 0.670000
te_loss: 0.596257, te_score: 0.650000

time = 9
tr_loss: 0.590273, tr_score: 0.705000
va_loss: 0.622010, va_score: 0.690000
te_loss: 0.638131, te_score: 0.680000

time = 9
tr_loss: 0.569716, tr_score: 0.691250
va_loss: 0.543448, va_score: 0.760000
te_loss: 0.552284, te_score: 0.720000

======================================================
9  Seed:  [9948.  542.  232.  666. 5686. 1955. 6679. 1732. 8003. 9621. 2645. 4622.
 2831. 7236. 6932. 8781. 1798. 9886. 2715. 5559.]
tr_loss: 0.578983, tr_score: 0.707188
va_loss: 0.587208, va_score: 0.704000
te_loss: 0.597151, te_score: 0.687500
time = 10
tr_loss: 0.593577, tr_score: 0.690000
va_loss: 0.561893, va_score: 0.710000
te_loss: 0.547099, te_score: 0.730000

time = 10
tr_loss: 0.558298, tr_score: 0.687500
va_loss: 0.546991, va_score: 0.690000
te_loss: 0.536938, te_score: 0.750000

time = 10
tr_loss: 0.572087, tr_score: 0.715000
va_loss: 0.549288, va_score: 0.730000
te_loss: 0.653116, te_score: 0.630000

time = 10
tr_loss: 0.576991, tr_score: 0.716250
va_loss: 0.547203, va_score: 0.730000
te_loss: 0.518279, te_score: 0.750000

time = 10
tr_loss: 0.580384, tr_score: 0.706250
va_loss: 0.571413, va_score: 0.720000
te_loss: 0.532070, te_score: 0.760000

time = 10
tr_loss: 0.556351, tr_score: 0.715000
va_loss: 0.553986, va_score: 0.690000
te_loss: 0.511003, te_score: 0.780000

time = 10
tr_loss: 0.582290, tr_score: 0.703750
va_loss: 0.554883, va_score: 0.760000
te_loss: 0.494592, te_score: 0.760000

time = 10
tr_loss: 0.597562, tr_score: 0.696250
va_loss: 0.475788, va_score: 0.840000
te_loss: 0.560997, te_score: 0.760000

time = 10
tr_loss: 0.585581, tr_score: 0.721250
va_loss: 0.613335, va_score: 0.690000
te_loss: 0.630096, te_score: 0.690000

time = 10
tr_loss: 0.542360, tr_score: 0.736250
va_loss: 0.549622, va_score: 0.670000
te_loss: 0.563711, te_score: 0.740000

time = 10
tr_loss: 0.579532, tr_score: 0.702500
va_loss: 0.593912, va_score: 0.650000
te_loss: 0.588388, te_score: 0.710000

time = 10
tr_loss: 0.585535, tr_score: 0.711250
va_loss: 0.676552, va_score: 0.620000
te_loss: 0.606075, te_score: 0.690000

time = 10
tr_loss: 0.605303, tr_score: 0.696250
va_loss: 0.579883, va_score: 0.710000
te_loss: 0.600850, te_score: 0.720000

time = 10
tr_loss: 0.607042, tr_score: 0.680000
va_loss: 0.588079, va_score: 0.720000
te_loss: 0.552917, te_score: 0.760000

time = 10
tr_loss: 0.608947, tr_score: 0.710000
va_loss: 0.649942, va_score: 0.670000
te_loss: 0.611072, te_score: 0.710000

time = 10
tr_loss: 0.626802, tr_score: 0.682500
va_loss: 0.610651, va_score: 0.680000
te_loss: 0.563170, te_score: 0.760000

time = 10
tr_loss: 0.534019, tr_score: 0.743750
va_loss: 0.474634, va_score: 0.800000
te_loss: 0.560112, te_score: 0.700000

time = 10
tr_loss: 0.507005, tr_score: 0.757500
va_loss: 0.504440, va_score: 0.750000
te_loss: 0.520566, te_score: 0.750000

time = 10
tr_loss: 0.583859, tr_score: 0.708750
va_loss: 0.569421, va_score: 0.710000
te_loss: 0.630539, te_score: 0.680000

time = 10
tr_loss: 0.578111, tr_score: 0.712500
va_loss: 0.668920, va_score: 0.620000
te_loss: 0.533073, te_score: 0.780000

======================================================
10  Seed:  [9217. 8758. 9318. 9902. 9257. 5433. 4194. 5342. 6064. 1182. 7632. 9724.
 4507. 4141. 7028. 4431.  710. 9505. 6403. 3797.]
tr_loss: 0.578082, tr_score: 0.709625
va_loss: 0.572042, va_score: 0.708000
te_loss: 0.565733, te_score: 0.730500
time = 11
tr_loss: 0.599044, tr_score: 0.691250
va_loss: 0.499462, va_score: 0.820000
te_loss: 0.649100, te_score: 0.650000

time = 11
tr_loss: 0.557623, tr_score: 0.726250
va_loss: 0.584033, va_score: 0.720000
te_loss: 0.630062, te_score: 0.670000

time = 11
tr_loss: 0.581686, tr_score: 0.713750
va_loss: 0.577010, va_score: 0.740000
te_loss: 0.584186, te_score: 0.730000

time = 11
tr_loss: 0.574115, tr_score: 0.711250
va_loss: 0.607629, va_score: 0.680000
te_loss: 0.520613, te_score: 0.740000

time = 11
tr_loss: 0.566856, tr_score: 0.726250
va_loss: 0.608775, va_score: 0.670000
te_loss: 0.610933, te_score: 0.690000

time = 11
tr_loss: 0.577875, tr_score: 0.710000
va_loss: 0.585307, va_score: 0.690000
te_loss: 0.613396, te_score: 0.720000

time = 11
tr_loss: 0.591508, tr_score: 0.718750
va_loss: 0.631109, va_score: 0.670000
te_loss: 0.648579, te_score: 0.660000

time = 11
tr_loss: 0.582701, tr_score: 0.715000
va_loss: 0.510972, va_score: 0.790000
te_loss: 0.624958, te_score: 0.680000

time = 11
tr_loss: 0.613210, tr_score: 0.702500
va_loss: 0.632845, va_score: 0.680000
te_loss: 0.597352, te_score: 0.710000

time = 11
tr_loss: 0.578100, tr_score: 0.708750
va_loss: 0.601907, va_score: 0.680000
te_loss: 0.620007, te_score: 0.670000

time = 11
tr_loss: 0.586867, tr_score: 0.718750
va_loss: 0.629080, va_score: 0.650000
te_loss: 0.550897, te_score: 0.760000

time = 11
tr_loss: 0.609451, tr_score: 0.721250
va_loss: 0.676088, va_score: 0.650000
te_loss: 0.756599, te_score: 0.580000

time = 11
tr_loss: 0.572520, tr_score: 0.716250
va_loss: 0.597864, va_score: 0.680000
te_loss: 0.638900, te_score: 0.680000

time = 11
tr_loss: 0.574245, tr_score: 0.726250
va_loss: 0.545891, va_score: 0.750000
te_loss: 0.637592, te_score: 0.650000

time = 11
tr_loss: 0.560777, tr_score: 0.727500
va_loss: 0.548509, va_score: 0.760000
te_loss: 0.624681, te_score: 0.700000

time = 11
tr_loss: 0.577086, tr_score: 0.721250
va_loss: 0.687906, va_score: 0.610000
te_loss: 0.577036, te_score: 0.720000

time = 11
tr_loss: 0.611262, tr_score: 0.701250
va_loss: 0.558134, va_score: 0.750000
te_loss: 0.611384, te_score: 0.690000

time = 11
tr_loss: 0.560702, tr_score: 0.727500
va_loss: 0.550350, va_score: 0.730000
te_loss: 0.632593, te_score: 0.670000

time = 11
tr_loss: 0.565502, tr_score: 0.725000
va_loss: 0.537821, va_score: 0.770000
te_loss: 0.614423, te_score: 0.670000

time = 11
tr_loss: 0.601111, tr_score: 0.693750
va_loss: 0.541925, va_score: 0.730000
te_loss: 0.620506, te_score: 0.690000

======================================================
11  Seed:  [ 276. 7096. 7576. 7225. 8005. 7496. 1258. 6191. 8489. 5152. 4572. 4247.
 5941. 8136.  978. 3169. 6643. 4121. 8439. 9382.]
tr_loss: 0.582112, tr_score: 0.715125
va_loss: 0.585631, va_score: 0.711000
te_loss: 0.618190, te_score: 0.686500
time = 12
tr_loss: 0.591818, tr_score: 0.693750
va_loss: 0.602459, va_score: 0.700000
te_loss: 0.561799, te_score: 0.750000

time = 12
tr_loss: 0.579745, tr_score: 0.706250
va_loss: 0.628848, va_score: 0.670000
te_loss: 0.555776, te_score: 0.740000

time = 12
tr_loss: 0.596556, tr_score: 0.713750
va_loss: 0.638044, va_score: 0.670000
te_loss: 0.647343, te_score: 0.620000

time = 12
tr_loss: 0.546042, tr_score: 0.718750
va_loss: 0.610605, va_score: 0.670000
te_loss: 0.721975, te_score: 0.610000

time = 12
tr_loss: 0.597557, tr_score: 0.718750
va_loss: 0.600986, va_score: 0.690000
te_loss: 0.673123, te_score: 0.620000

time = 12
tr_loss: 0.545079, tr_score: 0.723750
va_loss: 0.599269, va_score: 0.660000
te_loss: 0.580523, te_score: 0.720000

time = 12
tr_loss: 0.572302, tr_score: 0.726250
va_loss: 0.670613, va_score: 0.580000
te_loss: 0.664480, te_score: 0.630000

time = 12
tr_loss: 0.610712, tr_score: 0.713750
va_loss: 0.635449, va_score: 0.690000
te_loss: 0.644557, te_score: 0.690000

time = 12
tr_loss: 0.601438, tr_score: 0.700000
va_loss: 0.625955, va_score: 0.700000
te_loss: 0.638766, te_score: 0.670000

time = 12
tr_loss: 0.576454, tr_score: 0.716250
va_loss: 0.602999, va_score: 0.680000
te_loss: 0.613290, te_score: 0.640000

time = 12
tr_loss: 0.584887, tr_score: 0.706250
va_loss: 0.584936, va_score: 0.720000
te_loss: 0.671924, te_score: 0.640000

time = 12
tr_loss: 0.552163, tr_score: 0.722500
va_loss: 0.491488, va_score: 0.720000
te_loss: 0.604069, te_score: 0.650000

time = 12
tr_loss: 0.579243, tr_score: 0.708750
va_loss: 0.609303, va_score: 0.710000
te_loss: 0.635662, te_score: 0.660000

time = 12
tr_loss: 0.594894, tr_score: 0.702500
va_loss: 0.564467, va_score: 0.740000
te_loss: 0.565455, te_score: 0.730000

time = 12
tr_loss: 0.558249, tr_score: 0.721250
va_loss: 0.523545, va_score: 0.760000
te_loss: 0.589341, te_score: 0.660000

time = 12
tr_loss: 0.612922, tr_score: 0.697500
va_loss: 0.652741, va_score: 0.640000
te_loss: 0.624940, te_score: 0.680000

time = 12
tr_loss: 0.600996, tr_score: 0.721250
va_loss: 0.660188, va_score: 0.630000
te_loss: 0.606579, te_score: 0.750000

time = 12
tr_loss: 0.589383, tr_score: 0.706250
va_loss: 0.584414, va_score: 0.680000
te_loss: 0.533048, te_score: 0.780000

time = 12
tr_loss: 0.581517, tr_score: 0.690000
va_loss: 0.624173, va_score: 0.670000
te_loss: 0.623069, te_score: 0.630000

time = 12
tr_loss: 0.611356, tr_score: 0.647500
va_loss: 0.680187, va_score: 0.530000
te_loss: 0.635184, te_score: 0.640000

======================================================
12  Seed:  [5995. 5359. 4959. 8841. 2084. 6283. 5803. 5547. 5856. 6466. 1029. 9406.
 1119. 6504. 6270.   89. 4601. 8528. 5236. 3309.]
tr_loss: 0.584166, tr_score: 0.707750
va_loss: 0.609533, va_score: 0.675500
te_loss: 0.619545, te_score: 0.675500
time = 13
tr_loss: 0.569443, tr_score: 0.702500
va_loss: 0.635753, va_score: 0.670000
te_loss: 0.588147, te_score: 0.730000

time = 13
tr_loss: 0.594502, tr_score: 0.710000
va_loss: 0.567086, va_score: 0.740000
te_loss: 0.559924, te_score: 0.720000

time = 13
tr_loss: 0.578290, tr_score: 0.716250
va_loss: 0.541045, va_score: 0.750000
te_loss: 0.787196, te_score: 0.540000

time = 13
tr_loss: 0.586244, tr_score: 0.698750
va_loss: 0.643596, va_score: 0.660000
te_loss: 0.546097, te_score: 0.750000

time = 13
tr_loss: 0.555135, tr_score: 0.707500
va_loss: 0.577023, va_score: 0.720000
te_loss: 0.532986, te_score: 0.720000

time = 13
tr_loss: 0.563306, tr_score: 0.730000
va_loss: 0.615040, va_score: 0.710000
te_loss: 0.618801, te_score: 0.680000

time = 13
tr_loss: 0.545270, tr_score: 0.721250
va_loss: 0.611283, va_score: 0.640000
te_loss: 0.557918, te_score: 0.710000

time = 13
tr_loss: 0.579044, tr_score: 0.706250
va_loss: 0.581015, va_score: 0.710000
te_loss: 0.576765, te_score: 0.660000

time = 13
tr_loss: 0.581022, tr_score: 0.700000
va_loss: 0.597257, va_score: 0.700000
te_loss: 0.518667, te_score: 0.750000

time = 13
tr_loss: 0.567110, tr_score: 0.722500
va_loss: 0.660694, va_score: 0.620000
te_loss: 0.519999, te_score: 0.750000

time = 13
tr_loss: 0.569847, tr_score: 0.720000
va_loss: 0.598515, va_score: 0.700000
te_loss: 0.750987, te_score: 0.570000

time = 13
tr_loss: 0.589450, tr_score: 0.696250
va_loss: 0.575314, va_score: 0.710000
te_loss: 0.648673, te_score: 0.670000

time = 13
tr_loss: 0.544094, tr_score: 0.716250
va_loss: 0.578894, va_score: 0.700000
te_loss: 0.526897, te_score: 0.710000

time = 13
tr_loss: 0.568061, tr_score: 0.706250
va_loss: 0.523969, va_score: 0.760000
te_loss: 0.555248, te_score: 0.690000

time = 13
tr_loss: 0.583586, tr_score: 0.700000
va_loss: 0.555071, va_score: 0.730000
te_loss: 0.535451, te_score: 0.750000

time = 13
tr_loss: 0.569957, tr_score: 0.706250
va_loss: 0.617339, va_score: 0.660000
te_loss: 0.638914, te_score: 0.620000

time = 13
tr_loss: 0.572759, tr_score: 0.716250
va_loss: 0.569604, va_score: 0.710000
te_loss: 0.632282, te_score: 0.660000

time = 13
tr_loss: 0.576760, tr_score: 0.701250
va_loss: 0.540674, va_score: 0.730000
te_loss: 0.566463, te_score: 0.720000

time = 13
tr_loss: 0.598433, tr_score: 0.696250
va_loss: 0.525687, va_score: 0.780000
te_loss: 0.617225, te_score: 0.650000

time = 13
tr_loss: 0.661182, tr_score: 0.675000
va_loss: 0.596698, va_score: 0.720000
te_loss: 0.536030, te_score: 0.770000

======================================================
13  Seed:  [3706. 3756. 2533. 6590. 1761. 5957. 4965. 8699. 1302.  214. 1426. 3422.
 9979.   35. 8073. 6183. 7853. 8174. 4923.  725.]
tr_loss: 0.577675, tr_score: 0.707437
va_loss: 0.585578, va_score: 0.706000
te_loss: 0.590734, te_score: 0.691000
time = 14
tr_loss: 0.597628, tr_score: 0.687500
va_loss: 0.646361, va_score: 0.630000
te_loss: 0.605299, te_score: 0.680000

time = 14
tr_loss: 0.604259, tr_score: 0.703750
va_loss: 0.616126, va_score: 0.680000
te_loss: 0.626826, te_score: 0.690000

time = 14
tr_loss: 0.601989, tr_score: 0.710000
va_loss: 0.571010, va_score: 0.740000
te_loss: 0.592629, te_score: 0.740000

time = 14
tr_loss: 0.556083, tr_score: 0.716250
va_loss: 0.593586, va_score: 0.690000
te_loss: 0.538641, te_score: 0.750000

time = 14
tr_loss: 0.610961, tr_score: 0.688750
va_loss: 0.601297, va_score: 0.680000
te_loss: 0.621152, te_score: 0.640000

time = 14
tr_loss: 0.573766, tr_score: 0.710000
va_loss: 0.588833, va_score: 0.730000
te_loss: 0.644636, te_score: 0.640000

time = 14
tr_loss: 0.607336, tr_score: 0.687500
va_loss: 0.535470, va_score: 0.800000
te_loss: 0.631651, te_score: 0.670000

time = 14
tr_loss: 0.589070, tr_score: 0.712500
va_loss: 0.607388, va_score: 0.680000
te_loss: 0.573171, te_score: 0.740000

time = 14
tr_loss: 0.562042, tr_score: 0.713750
va_loss: 0.559032, va_score: 0.720000
te_loss: 0.547910, te_score: 0.750000

time = 14
tr_loss: 0.565292, tr_score: 0.711250
va_loss: 0.500802, va_score: 0.800000
te_loss: 0.679116, te_score: 0.630000

time = 14
tr_loss: 0.580407, tr_score: 0.698750
va_loss: 0.531698, va_score: 0.740000
te_loss: 0.556224, te_score: 0.750000

time = 14
tr_loss: 0.506320, tr_score: 0.763750
va_loss: 0.510852, va_score: 0.730000
te_loss: 0.510589, te_score: 0.780000

time = 14
tr_loss: 0.575182, tr_score: 0.721250
va_loss: 0.563976, va_score: 0.770000
te_loss: 0.630104, te_score: 0.630000

time = 14
tr_loss: 0.543887, tr_score: 0.735000
va_loss: 0.540282, va_score: 0.750000
te_loss: 0.541700, te_score: 0.730000

time = 14
tr_loss: 0.595835, tr_score: 0.718750
va_loss: 0.669180, va_score: 0.650000
te_loss: 0.608242, te_score: 0.720000

time = 14
tr_loss: 0.583989, tr_score: 0.726250
va_loss: 0.598942, va_score: 0.710000
te_loss: 0.623651, te_score: 0.690000

time = 14
tr_loss: 0.553801, tr_score: 0.718750
va_loss: 0.528311, va_score: 0.770000
te_loss: 0.579389, te_score: 0.690000

time = 14
tr_loss: 0.584083, tr_score: 0.703750
va_loss: 0.630740, va_score: 0.680000
te_loss: 0.608380, te_score: 0.700000

time = 14
tr_loss: 0.598629, tr_score: 0.716250
va_loss: 0.624943, va_score: 0.700000
te_loss: 0.655871, te_score: 0.670000

time = 14
tr_loss: 0.591586, tr_score: 0.706250
va_loss: 0.597122, va_score: 0.690000
te_loss: 0.535379, te_score: 0.730000

======================================================
14  Seed:  [6736. 9332. 4026. 8791. 2185. 8095. 4925. 3877. 8332. 6847. 5871. 5004.
 2796. 4961. 1467. 7787. 3868. 5255. 9307. 9073.]
tr_loss: 0.579107, tr_score: 0.712500
va_loss: 0.580798, va_score: 0.717000
te_loss: 0.595528, te_score: 0.701000
time = 15
tr_loss: 0.513947, tr_score: 0.750000
va_loss: 0.476513, va_score: 0.740000
te_loss: 0.571233, te_score: 0.740000

time = 15
tr_loss: 0.584202, tr_score: 0.706250
va_loss: 0.577651, va_score: 0.710000
te_loss: 0.493235, te_score: 0.750000

time = 15
tr_loss: 0.564353, tr_score: 0.722500
va_loss: 0.596574, va_score: 0.730000
te_loss: 0.581857, te_score: 0.720000

time = 15
tr_loss: 0.578087, tr_score: 0.710000
va_loss: 0.502996, va_score: 0.780000
te_loss: 0.597105, te_score: 0.670000

time = 15
tr_loss: 0.506761, tr_score: 0.763750
va_loss: 0.475466, va_score: 0.800000
te_loss: 0.492836, te_score: 0.790000

time = 15
tr_loss: 0.555776, tr_score: 0.718750
va_loss: 0.592349, va_score: 0.670000
te_loss: 0.595546, te_score: 0.690000

time = 15
tr_loss: 0.599586, tr_score: 0.706250
va_loss: 0.601535, va_score: 0.700000
te_loss: 0.578125, te_score: 0.710000

time = 15
tr_loss: 0.576042, tr_score: 0.711250
va_loss: 0.589511, va_score: 0.720000
te_loss: 0.618790, te_score: 0.740000

time = 15
tr_loss: 0.589921, tr_score: 0.691250
va_loss: 0.564375, va_score: 0.740000
te_loss: 0.576933, te_score: 0.730000

time = 15
tr_loss: 0.570920, tr_score: 0.720000
va_loss: 0.665221, va_score: 0.670000
te_loss: 0.568286, te_score: 0.740000

time = 15
tr_loss: 0.588071, tr_score: 0.701250
va_loss: 0.561910, va_score: 0.740000
te_loss: 0.573771, te_score: 0.710000

time = 15
tr_loss: 0.555694, tr_score: 0.723750
va_loss: 0.609486, va_score: 0.660000
te_loss: 0.597695, te_score: 0.680000

time = 15
tr_loss: 0.556023, tr_score: 0.713750
va_loss: 0.537486, va_score: 0.740000
te_loss: 0.579375, te_score: 0.680000

time = 15
tr_loss: 0.583015, tr_score: 0.716250
va_loss: 0.617622, va_score: 0.640000
te_loss: 0.540710, te_score: 0.730000

time = 15
tr_loss: 0.584847, tr_score: 0.705000
va_loss: 0.560971, va_score: 0.700000
te_loss: 0.636944, te_score: 0.710000

time = 15
tr_loss: 0.598315, tr_score: 0.692500
va_loss: 0.632376, va_score: 0.680000
te_loss: 0.566160, te_score: 0.740000

time = 15
tr_loss: 0.550339, tr_score: 0.708750
va_loss: 0.509094, va_score: 0.770000
te_loss: 0.564783, te_score: 0.690000

time = 15
tr_loss: 0.574096, tr_score: 0.722500
va_loss: 0.607427, va_score: 0.690000
te_loss: 0.652603, te_score: 0.640000

time = 15
tr_loss: 0.557914, tr_score: 0.711250
va_loss: 0.544803, va_score: 0.730000
te_loss: 0.570398, te_score: 0.720000

time = 15
tr_loss: 0.621929, tr_score: 0.682500
va_loss: 0.666467, va_score: 0.690000
te_loss: 0.615015, te_score: 0.710000

======================================================
15  Seed:  [ 879. 4612.  287.  491. 3659. 8251. 7507. 1140. 3507. 4318. 9716. 8900.
 3870. 2555. 7340. 8792.  757. 6674. 3143.  691.]
tr_loss: 0.570492, tr_score: 0.713875
va_loss: 0.574492, va_score: 0.715000
te_loss: 0.578570, te_score: 0.714500
time = 16
tr_loss: 0.585950, tr_score: 0.712500
va_loss: 0.588688, va_score: 0.730000
te_loss: 0.591807, te_score: 0.710000

time = 16
tr_loss: 0.571709, tr_score: 0.706250
va_loss: 0.564665, va_score: 0.740000
te_loss: 0.660092, te_score: 0.660000

time = 16
tr_loss: 0.564882, tr_score: 0.696250
va_loss: 0.550997, va_score: 0.750000
te_loss: 0.608692, te_score: 0.690000

time = 16
tr_loss: 0.612937, tr_score: 0.696250
va_loss: 0.621390, va_score: 0.650000
te_loss: 0.582297, te_score: 0.710000

time = 16
tr_loss: 0.567695, tr_score: 0.715000
va_loss: 0.547638, va_score: 0.750000
te_loss: 0.562659, te_score: 0.700000

time = 16
tr_loss: 0.496554, tr_score: 0.771250
va_loss: 0.504012, va_score: 0.760000
te_loss: 0.615077, te_score: 0.650000

time = 16
tr_loss: 0.631855, tr_score: 0.692500
va_loss: 0.664349, va_score: 0.660000
te_loss: 0.608354, te_score: 0.720000

time = 16
tr_loss: 0.520604, tr_score: 0.738750
va_loss: 0.547267, va_score: 0.720000
te_loss: 0.541086, te_score: 0.740000

time = 16
tr_loss: 0.571728, tr_score: 0.706250
va_loss: 0.597363, va_score: 0.670000
te_loss: 0.557358, te_score: 0.730000

time = 16
tr_loss: 0.568507, tr_score: 0.712500
va_loss: 0.650967, va_score: 0.660000
te_loss: 0.639926, te_score: 0.680000

time = 16
tr_loss: 0.607226, tr_score: 0.707500
va_loss: 0.606683, va_score: 0.710000
te_loss: 0.667783, te_score: 0.670000

time = 16
tr_loss: 0.533420, tr_score: 0.742500
va_loss: 0.604946, va_score: 0.690000
te_loss: 0.620208, te_score: 0.670000

time = 16
tr_loss: 0.605911, tr_score: 0.706250
va_loss: 0.657449, va_score: 0.670000
te_loss: 0.614420, te_score: 0.690000

time = 16
tr_loss: 0.636211, tr_score: 0.682500
va_loss: 0.592366, va_score: 0.760000
te_loss: 0.566272, te_score: 0.780000

time = 16
tr_loss: 0.533464, tr_score: 0.751250
va_loss: 0.451216, va_score: 0.790000
te_loss: 0.507728, te_score: 0.770000

time = 16
tr_loss: 0.585879, tr_score: 0.713750
va_loss: 0.659264, va_score: 0.660000
te_loss: 0.595728, te_score: 0.710000

time = 16
tr_loss: 0.557009, tr_score: 0.705000
va_loss: 0.539106, va_score: 0.740000
te_loss: 0.597610, te_score: 0.690000

time = 16
tr_loss: 0.599767, tr_score: 0.706250
va_loss: 0.594898, va_score: 0.700000
te_loss: 0.604367, te_score: 0.700000

time = 16
tr_loss: 0.585894, tr_score: 0.696250
va_loss: 0.526499, va_score: 0.740000
te_loss: 0.615288, te_score: 0.650000

time = 16
tr_loss: 0.508032, tr_score: 0.753750
va_loss: 0.526208, va_score: 0.750000
te_loss: 0.516496, te_score: 0.750000

======================================================
16  Seed:  [9082. 6878.  978. 6918.   35. 3547.  812. 1562. 5243. 8191. 5330. 4602.
 2929. 4830.  303. 9956. 3156. 7475. 4637.  734.]
tr_loss: 0.572262, tr_score: 0.715625
va_loss: 0.579799, va_score: 0.715000
te_loss: 0.593662, te_score: 0.703500
time = 17
tr_loss: 0.586957, tr_score: 0.702500
va_loss: 0.595613, va_score: 0.710000
te_loss: 0.595182, te_score: 0.680000

time = 17
tr_loss: 0.578688, tr_score: 0.703750
va_loss: 0.608013, va_score: 0.670000
te_loss: 0.609894, te_score: 0.700000

time = 17
tr_loss: 0.572486, tr_score: 0.722500
va_loss: 0.634414, va_score: 0.650000
te_loss: 0.581399, te_score: 0.670000

time = 17
tr_loss: 0.591488, tr_score: 0.717500
va_loss: 0.664196, va_score: 0.640000
te_loss: 0.620074, te_score: 0.690000

time = 17
tr_loss: 0.538368, tr_score: 0.732500
va_loss: 0.532026, va_score: 0.780000
te_loss: 0.505665, te_score: 0.770000

time = 17
tr_loss: 0.605645, tr_score: 0.711250
va_loss: 0.603887, va_score: 0.700000
te_loss: 0.639996, te_score: 0.700000

time = 17
tr_loss: 0.592347, tr_score: 0.706250
va_loss: 0.681879, va_score: 0.610000
te_loss: 0.603390, te_score: 0.700000

time = 17
tr_loss: 0.571740, tr_score: 0.720000
va_loss: 0.617300, va_score: 0.690000
te_loss: 0.680834, te_score: 0.620000

time = 17
tr_loss: 0.574535, tr_score: 0.710000
va_loss: 0.532982, va_score: 0.720000
te_loss: 0.562014, te_score: 0.720000

time = 17
tr_loss: 0.579932, tr_score: 0.721250
va_loss: 0.585911, va_score: 0.710000
te_loss: 0.680564, te_score: 0.630000

time = 17
tr_loss: 0.578591, tr_score: 0.713750
va_loss: 0.630924, va_score: 0.690000
te_loss: 0.619842, te_score: 0.690000

time = 17
tr_loss: 0.575013, tr_score: 0.710000
va_loss: 0.625458, va_score: 0.680000
te_loss: 0.608856, te_score: 0.680000

time = 17
tr_loss: 0.580918, tr_score: 0.700000
va_loss: 0.589236, va_score: 0.640000
te_loss: 0.557153, te_score: 0.740000

time = 17
tr_loss: 0.609234, tr_score: 0.688750
va_loss: 0.593782, va_score: 0.730000
te_loss: 0.571217, te_score: 0.760000

time = 17
tr_loss: 0.568478, tr_score: 0.715000
va_loss: 0.628454, va_score: 0.650000
te_loss: 0.641983, te_score: 0.660000

time = 17
tr_loss: 0.585585, tr_score: 0.716250
va_loss: 0.546353, va_score: 0.740000
te_loss: 0.577505, te_score: 0.730000

time = 17
tr_loss: 0.544680, tr_score: 0.735000
va_loss: 0.653754, va_score: 0.660000
te_loss: 0.527952, te_score: 0.740000

time = 17
tr_loss: 0.590952, tr_score: 0.711250
va_loss: 0.560114, va_score: 0.740000
te_loss: 0.580623, te_score: 0.720000

time = 17
tr_loss: 0.589656, tr_score: 0.715000
va_loss: 0.549587, va_score: 0.740000
te_loss: 0.612428, te_score: 0.680000

time = 17
tr_loss: 0.594751, tr_score: 0.715000
va_loss: 0.603137, va_score: 0.700000
te_loss: 0.624374, te_score: 0.690000

======================================================
17  Seed:  [9997. 6891. 7283.  296. 4194.  627. 9187. 9699.  412. 3964. 5059. 1882.
 6859. 7098. 9012. 6459. 3018. 8410. 9321. 1260.]
tr_loss: 0.580502, tr_score: 0.713375
va_loss: 0.601851, va_score: 0.692500
te_loss: 0.600047, te_score: 0.698500
time = 18
tr_loss: 0.582418, tr_score: 0.715000
va_loss: 0.610356, va_score: 0.680000
te_loss: 0.569067, te_score: 0.730000

time = 18
tr_loss: 0.575257, tr_score: 0.712500
va_loss: 0.565734, va_score: 0.710000
te_loss: 0.550269, te_score: 0.720000

time = 18
tr_loss: 0.571937, tr_score: 0.713750
va_loss: 0.554118, va_score: 0.730000
te_loss: 0.591047, te_score: 0.680000

time = 18
tr_loss: 0.558166, tr_score: 0.715000
va_loss: 0.537470, va_score: 0.750000
te_loss: 0.556600, te_score: 0.740000

time = 18
tr_loss: 0.604702, tr_score: 0.688750
va_loss: 0.596612, va_score: 0.730000
te_loss: 0.562044, te_score: 0.730000

time = 18
tr_loss: 0.587996, tr_score: 0.718750
va_loss: 0.602098, va_score: 0.670000
te_loss: 0.540106, te_score: 0.760000

time = 18
tr_loss: 0.590778, tr_score: 0.706250
va_loss: 0.663091, va_score: 0.640000
te_loss: 0.565678, te_score: 0.750000

time = 18
tr_loss: 0.561350, tr_score: 0.725000
va_loss: 0.593080, va_score: 0.710000
te_loss: 0.696567, te_score: 0.600000

time = 18
tr_loss: 0.575893, tr_score: 0.700000
va_loss: 0.569844, va_score: 0.730000
te_loss: 0.612848, te_score: 0.710000

time = 18
tr_loss: 0.576030, tr_score: 0.727500
va_loss: 0.567224, va_score: 0.730000
te_loss: 0.612264, te_score: 0.690000

time = 18
tr_loss: 0.670174, tr_score: 0.700000
va_loss: 0.689029, va_score: 0.650000
te_loss: 0.619607, te_score: 0.740000

time = 18
tr_loss: 0.569508, tr_score: 0.710000
va_loss: 0.617139, va_score: 0.720000
te_loss: 0.573773, te_score: 0.710000

time = 18
tr_loss: 0.594676, tr_score: 0.722500
va_loss: 0.647097, va_score: 0.680000
te_loss: 0.610492, te_score: 0.730000

time = 18
tr_loss: 0.584731, tr_score: 0.717500
va_loss: 0.557906, va_score: 0.710000
te_loss: 0.571145, te_score: 0.750000

time = 18
tr_loss: 0.584897, tr_score: 0.713750
va_loss: 0.569377, va_score: 0.740000
te_loss: 0.551195, te_score: 0.750000

time = 18
tr_loss: 0.579894, tr_score: 0.710000
va_loss: 0.511150, va_score: 0.790000
te_loss: 0.482857, te_score: 0.800000

time = 18
tr_loss: 0.579286, tr_score: 0.693750
va_loss: 0.595336, va_score: 0.670000
te_loss: 0.519201, te_score: 0.760000

time = 18
tr_loss: 0.604634, tr_score: 0.700000
va_loss: 0.567081, va_score: 0.730000
te_loss: 0.652468, te_score: 0.670000

time = 18
tr_loss: 0.607601, tr_score: 0.692500
va_loss: 0.596220, va_score: 0.750000
te_loss: 0.624005, te_score: 0.650000

time = 18
tr_loss: 0.592422, tr_score: 0.710000
va_loss: 0.544568, va_score: 0.760000
te_loss: 0.603090, te_score: 0.690000

======================================================
18  Seed:  [ 873. 4207. 9606. 9170. 6333. 9407. 8590.  438. 6112. 2282. 5826. 4132.
 5788. 3773.  899. 1544. 7119. 3120. 1138. 3253.]
tr_loss: 0.587618, tr_score: 0.709625
va_loss: 0.587726, va_score: 0.714000
te_loss: 0.583216, te_score: 0.718000
time = 19
tr_loss: 0.559418, tr_score: 0.731250
va_loss: 0.638142, va_score: 0.670000
te_loss: 0.605119, te_score: 0.680000

time = 19
tr_loss: 0.570773, tr_score: 0.732500
va_loss: 0.562899, va_score: 0.760000
te_loss: 0.664852, te_score: 0.610000

time = 19
tr_loss: 0.632768, tr_score: 0.693750
va_loss: 0.561732, va_score: 0.760000
te_loss: 0.644781, te_score: 0.690000

time = 19
tr_loss: 0.561936, tr_score: 0.731250
va_loss: 0.587873, va_score: 0.680000
te_loss: 0.604727, te_score: 0.700000

time = 19
tr_loss: 0.578041, tr_score: 0.710000
va_loss: 0.585277, va_score: 0.720000
te_loss: 0.526710, te_score: 0.760000

time = 19
tr_loss: 0.599320, tr_score: 0.717500
va_loss: 0.614436, va_score: 0.720000
te_loss: 0.614403, te_score: 0.700000

time = 19
tr_loss: 0.546849, tr_score: 0.697500
va_loss: 0.527858, va_score: 0.740000
te_loss: 0.524693, te_score: 0.730000

time = 19
tr_loss: 0.522126, tr_score: 0.738750
va_loss: 0.553384, va_score: 0.750000
te_loss: 0.582183, te_score: 0.720000

time = 19
tr_loss: 0.598933, tr_score: 0.706250
va_loss: 0.601457, va_score: 0.700000
te_loss: 0.554809, te_score: 0.760000

time = 19
tr_loss: 0.553632, tr_score: 0.732500
va_loss: 0.575120, va_score: 0.700000
te_loss: 0.640275, te_score: 0.720000

time = 19
tr_loss: 0.595119, tr_score: 0.668750
va_loss: 0.658531, va_score: 0.660000
te_loss: 0.596885, te_score: 0.670000

time = 19
tr_loss: 0.504453, tr_score: 0.760000
va_loss: 0.563679, va_score: 0.710000
te_loss: 0.523509, te_score: 0.710000

time = 19
tr_loss: 0.472386, tr_score: 0.780000
va_loss: 0.515311, va_score: 0.810000
te_loss: 0.558929, te_score: 0.770000

time = 19
tr_loss: 0.553655, tr_score: 0.732500
va_loss: 0.545485, va_score: 0.760000
te_loss: 0.570880, te_score: 0.770000

time = 19
tr_loss: 0.592111, tr_score: 0.706250
va_loss: 0.589317, va_score: 0.690000
te_loss: 0.551842, te_score: 0.730000

time = 19
tr_loss: 0.561250, tr_score: 0.721250
va_loss: 0.497777, va_score: 0.770000
te_loss: 0.535596, te_score: 0.740000

time = 19
tr_loss: 0.595091, tr_score: 0.720000
va_loss: 0.588214, va_score: 0.680000
te_loss: 0.589887, te_score: 0.710000

time = 19
tr_loss: 0.598576, tr_score: 0.697500
va_loss: 0.638546, va_score: 0.660000
te_loss: 0.539126, te_score: 0.720000

time = 19
tr_loss: 0.592245, tr_score: 0.693750
va_loss: 0.545210, va_score: 0.750000
te_loss: 0.582599, te_score: 0.700000

time = 19
tr_loss: 0.570165, tr_score: 0.721250
va_loss: 0.607155, va_score: 0.670000
te_loss: 0.525292, te_score: 0.780000

======================================================
19  Seed:  [3709. 6253. 7969. 4492. 4878.  212. 2129. 7387.  610. 9877. 6936. 8416.
 1824. 6324. 9841. 5493. 7619. 7977.  518. 1963.]
tr_loss: 0.567942, tr_score: 0.719625
va_loss: 0.577870, va_score: 0.718000
te_loss: 0.576855, te_score: 0.718500
time = 20
tr_loss: 0.560231, tr_score: 0.710000
va_loss: 0.571982, va_score: 0.690000
te_loss: 0.595739, te_score: 0.690000

time = 20
tr_loss: 0.583588, tr_score: 0.702500
va_loss: 0.598865, va_score: 0.690000
te_loss: 0.538172, te_score: 0.740000

time = 20
tr_loss: 0.563917, tr_score: 0.731250
va_loss: 0.565176, va_score: 0.740000
te_loss: 0.660370, te_score: 0.690000

time = 20
tr_loss: 0.535055, tr_score: 0.745000
va_loss: 0.601127, va_score: 0.690000
te_loss: 0.489946, te_score: 0.770000

time = 20
tr_loss: 0.593905, tr_score: 0.707500
va_loss: 0.634454, va_score: 0.650000
te_loss: 0.577051, te_score: 0.690000

time = 20
tr_loss: 0.630754, tr_score: 0.702500
va_loss: 0.606117, va_score: 0.730000
te_loss: 0.635908, te_score: 0.700000

time = 20
tr_loss: 0.580435, tr_score: 0.703750
va_loss: 0.566523, va_score: 0.750000
te_loss: 0.562084, te_score: 0.710000

time = 20
tr_loss: 0.601717, tr_score: 0.723750
va_loss: 0.674396, va_score: 0.640000
te_loss: 0.622036, te_score: 0.720000

time = 20
tr_loss: 0.603074, tr_score: 0.678750
va_loss: 0.597973, va_score: 0.660000
te_loss: 0.574456, te_score: 0.690000

time = 20
tr_loss: 0.552458, tr_score: 0.715000
va_loss: 0.485444, va_score: 0.770000
te_loss: 0.521358, te_score: 0.750000

time = 20
tr_loss: 0.602872, tr_score: 0.705000
va_loss: 0.588151, va_score: 0.710000
te_loss: 0.566394, te_score: 0.750000

time = 20
tr_loss: 0.586009, tr_score: 0.701250
va_loss: 0.605338, va_score: 0.700000
te_loss: 0.564520, te_score: 0.730000

time = 20
tr_loss: 0.574466, tr_score: 0.713750
va_loss: 0.556164, va_score: 0.720000
te_loss: 0.633715, te_score: 0.660000

time = 20
tr_loss: 0.590757, tr_score: 0.697500
va_loss: 0.616842, va_score: 0.690000
te_loss: 0.574886, te_score: 0.730000

time = 20
tr_loss: 0.568016, tr_score: 0.731250
va_loss: 0.575130, va_score: 0.710000
te_loss: 0.624377, te_score: 0.700000

time = 20
tr_loss: 0.603557, tr_score: 0.717500
va_loss: 0.648109, va_score: 0.650000
te_loss: 0.611331, te_score: 0.680000

time = 20
tr_loss: 0.600446, tr_score: 0.695000
va_loss: 0.567599, va_score: 0.710000
te_loss: 0.549561, te_score: 0.730000

time = 20
tr_loss: 0.533829, tr_score: 0.738750
va_loss: 0.556718, va_score: 0.710000
te_loss: 0.563355, te_score: 0.720000

time = 20
tr_loss: 0.617199, tr_score: 0.705000
va_loss: 0.626961, va_score: 0.750000
te_loss: 0.597135, te_score: 0.720000

time = 20
tr_loss: 0.597107, tr_score: 0.698750
va_loss: 0.586708, va_score: 0.710000
te_loss: 0.580532, te_score: 0.700000

======================================================
20  Seed:  [8890. 5137. 6638. 5364. 3035. 4210. 5798. 9783. 7946.  146. 8127. 1556.
 1338. 7812. 5900. 6230. 6141. 6234. 5455. 7649.]
tr_loss: 0.583970, tr_score: 0.711188
va_loss: 0.591489, va_score: 0.703500
te_loss: 0.582146, te_score: 0.713500


mid seed:  [8640.  888. 4066.  552. 1437. 6591. 8969.  824. 8811.  938.  550. 9822.
 6241. 3057. 1352. 8361. 5326. 3377. 2314. 8889.]
mid test scores 0.7040000000000001
