time = 0
tr_loss: 0.582667, tr_score: 0.697500
va_loss: 0.573607, va_score: 0.710000
te_loss: 0.575531, te_score: 0.700000

time = 0
tr_loss: 0.601297, tr_score: 0.716250
va_loss: 0.664464, va_score: 0.650000
te_loss: 0.673438, te_score: 0.620000

time = 0
tr_loss: 0.572974, tr_score: 0.717500
va_loss: 0.633425, va_score: 0.650000
te_loss: 0.660524, te_score: 0.630000

time = 0
tr_loss: 0.589101, tr_score: 0.703750
va_loss: 0.566238, va_score: 0.740000
te_loss: 0.615552, te_score: 0.670000

time = 0
tr_loss: 0.600681, tr_score: 0.705000
va_loss: 0.601441, va_score: 0.690000
te_loss: 0.566414, te_score: 0.780000

time = 0
tr_loss: 0.610339, tr_score: 0.657500
va_loss: 0.684788, va_score: 0.510000
te_loss: 0.686070, te_score: 0.610000

time = 0
tr_loss: 0.588375, tr_score: 0.701250
va_loss: 0.552999, va_score: 0.680000
te_loss: 0.487849, te_score: 0.810000

time = 0
tr_loss: 0.541697, tr_score: 0.742500
va_loss: 0.503098, va_score: 0.780000
te_loss: 0.583236, te_score: 0.720000

time = 0
tr_loss: 0.633594, tr_score: 0.693750
va_loss: 0.601475, va_score: 0.740000
te_loss: 0.619669, te_score: 0.710000

time = 0
tr_loss: 0.614523, tr_score: 0.691250
va_loss: 0.663710, va_score: 0.630000
te_loss: 0.527344, te_score: 0.800000

time = 0
tr_loss: 0.571436, tr_score: 0.708750
va_loss: 0.559829, va_score: 0.700000
te_loss: 0.720745, te_score: 0.580000

time = 0
tr_loss: 0.580433, tr_score: 0.737500
va_loss: 0.621232, va_score: 0.700000
te_loss: 0.772520, te_score: 0.550000

time = 0
tr_loss: 0.581081, tr_score: 0.720000
va_loss: 0.591907, va_score: 0.670000
te_loss: 0.675203, te_score: 0.660000

time = 0
tr_loss: 0.583519, tr_score: 0.716250
va_loss: 0.610468, va_score: 0.680000
te_loss: 0.677267, te_score: 0.630000

time = 0
tr_loss: 0.608881, tr_score: 0.697500
va_loss: 0.627417, va_score: 0.690000
te_loss: 0.649051, te_score: 0.700000

time = 0
tr_loss: 0.573522, tr_score: 0.713750
va_loss: 0.618935, va_score: 0.680000
te_loss: 0.559424, te_score: 0.760000

time = 0
tr_loss: 0.604735, tr_score: 0.705000
va_loss: 0.658075, va_score: 0.650000
te_loss: 0.609746, te_score: 0.720000

time = 0
tr_loss: 0.566484, tr_score: 0.720000
va_loss: 0.585998, va_score: 0.690000
te_loss: 0.587781, te_score: 0.660000

time = 0
tr_loss: 0.578312, tr_score: 0.711250
va_loss: 0.611303, va_score: 0.690000
te_loss: 0.661224, te_score: 0.640000

time = 0
tr_loss: 0.601941, tr_score: 0.701250
va_loss: 0.552201, va_score: 0.760000
te_loss: 0.644379, te_score: 0.630000

======================================================
0  Seed:  [ 140. 2411. 2238. 5068. 2300. 9812. 6334. 4380. 4021. 8554. 2226. 8534.
 4715. 7921. 4457. 6212.  255.  495. 8301.  932.]
tr_loss: 0.589280, tr_score: 0.707875
va_loss: 0.604131, va_score: 0.684500
te_loss: 0.627648, te_score: 0.679000
time = 1
tr_loss: 0.540822, tr_score: 0.743750
va_loss: 0.624647, va_score: 0.650000
te_loss: 0.598566, te_score: 0.700000

time = 1
tr_loss: 0.595304, tr_score: 0.718750
va_loss: 0.634012, va_score: 0.630000
te_loss: 0.591718, te_score: 0.720000

time = 1
tr_loss: 0.606705, tr_score: 0.705000
va_loss: 0.620908, va_score: 0.710000
te_loss: 0.556112, te_score: 0.750000

time = 1
tr_loss: 0.533621, tr_score: 0.748750
va_loss: 0.509518, va_score: 0.770000
te_loss: 0.623565, te_score: 0.650000

time = 1
tr_loss: 0.600655, tr_score: 0.715000
va_loss: 0.594848, va_score: 0.690000
te_loss: 0.587961, te_score: 0.740000

time = 1
tr_loss: 0.577346, tr_score: 0.711250
va_loss: 0.575292, va_score: 0.690000
te_loss: 0.530398, te_score: 0.770000

time = 1
tr_loss: 0.600368, tr_score: 0.715000
va_loss: 0.610276, va_score: 0.690000
te_loss: 0.620709, te_score: 0.680000

time = 1
tr_loss: 0.594448, tr_score: 0.698750
va_loss: 0.548734, va_score: 0.730000
te_loss: 0.572006, te_score: 0.720000

time = 1
tr_loss: 0.568887, tr_score: 0.717500
va_loss: 0.587123, va_score: 0.670000
te_loss: 0.525705, te_score: 0.720000

time = 1
tr_loss: 0.549132, tr_score: 0.728750
va_loss: 0.564499, va_score: 0.730000
te_loss: 0.597218, te_score: 0.690000

time = 1
tr_loss: 0.529753, tr_score: 0.743750
va_loss: 0.569548, va_score: 0.700000
te_loss: 0.495173, te_score: 0.730000

time = 1
tr_loss: 0.594524, tr_score: 0.716250
va_loss: 0.633163, va_score: 0.670000
te_loss: 0.596513, te_score: 0.700000

time = 1
tr_loss: 0.594723, tr_score: 0.695000
va_loss: 0.518021, va_score: 0.810000
te_loss: 0.598485, te_score: 0.630000

time = 1
tr_loss: 0.569282, tr_score: 0.712500
va_loss: 0.547995, va_score: 0.730000
te_loss: 0.600557, te_score: 0.690000

time = 1
tr_loss: 0.581609, tr_score: 0.730000
va_loss: 0.651040, va_score: 0.630000
te_loss: 0.603538, te_score: 0.670000

time = 1
tr_loss: 0.576269, tr_score: 0.715000
va_loss: 0.606673, va_score: 0.700000
te_loss: 0.569969, te_score: 0.720000

time = 1
tr_loss: 0.591005, tr_score: 0.716250
va_loss: 0.572939, va_score: 0.750000
te_loss: 0.619380, te_score: 0.680000

time = 1
tr_loss: 0.603314, tr_score: 0.708750
va_loss: 0.641512, va_score: 0.650000
te_loss: 0.606010, te_score: 0.710000

time = 1
tr_loss: 0.569912, tr_score: 0.703750
va_loss: 0.548487, va_score: 0.780000
te_loss: 0.620084, te_score: 0.660000

time = 1
tr_loss: 0.601997, tr_score: 0.688750
va_loss: 0.572525, va_score: 0.740000
te_loss: 0.538220, te_score: 0.790000

======================================================
1  Seed:  [8640.  888. 4066.  552. 1437. 6591. 8969.  824. 8811.  938.  550. 9822.
 6241. 3057. 1352. 8361. 5326. 3377. 2314. 8889.]
tr_loss: 0.578984, tr_score: 0.716625
va_loss: 0.586588, va_score: 0.706000
te_loss: 0.582594, te_score: 0.706000
time = 2
tr_loss: 0.591501, tr_score: 0.697500
va_loss: 0.549065, va_score: 0.700000
te_loss: 0.614858, te_score: 0.710000

time = 2
tr_loss: 0.609883, tr_score: 0.687500
va_loss: 0.536490, va_score: 0.780000
te_loss: 0.610154, te_score: 0.700000

time = 2
tr_loss: 0.537685, tr_score: 0.735000
va_loss: 0.529286, va_score: 0.730000
te_loss: 0.598860, te_score: 0.700000

time = 2
tr_loss: 0.599850, tr_score: 0.698750
va_loss: 0.664048, va_score: 0.690000
te_loss: 0.569689, te_score: 0.740000

time = 2
tr_loss: 0.561359, tr_score: 0.713750
va_loss: 0.545859, va_score: 0.720000
te_loss: 0.474823, te_score: 0.800000

time = 2
tr_loss: 0.595585, tr_score: 0.712500
va_loss: 0.580803, va_score: 0.710000
te_loss: 0.633024, te_score: 0.690000

time = 2
tr_loss: 0.542390, tr_score: 0.745000
va_loss: 0.649477, va_score: 0.590000
te_loss: 0.585024, te_score: 0.670000

time = 2
tr_loss: 0.585551, tr_score: 0.697500
va_loss: 0.564577, va_score: 0.740000
te_loss: 0.560526, te_score: 0.730000

time = 2
tr_loss: 0.518726, tr_score: 0.748750
va_loss: 0.509495, va_score: 0.720000
te_loss: 0.560910, te_score: 0.710000

time = 2
tr_loss: 0.560476, tr_score: 0.713750
va_loss: 0.538921, va_score: 0.780000
te_loss: 0.565590, te_score: 0.700000

time = 2
tr_loss: 0.569915, tr_score: 0.715000
va_loss: 0.564694, va_score: 0.700000
te_loss: 0.603194, te_score: 0.670000

time = 2
tr_loss: 0.588676, tr_score: 0.707500
va_loss: 0.575251, va_score: 0.720000
te_loss: 0.490655, te_score: 0.820000

time = 2
tr_loss: 0.562138, tr_score: 0.720000
va_loss: 0.572053, va_score: 0.740000
te_loss: 0.570126, te_score: 0.750000

time = 2
tr_loss: 0.578418, tr_score: 0.712500
va_loss: 0.528670, va_score: 0.770000
te_loss: 0.557953, te_score: 0.730000

time = 2
tr_loss: 0.617108, tr_score: 0.663750
va_loss: 0.554383, va_score: 0.720000
te_loss: 0.592807, te_score: 0.720000

time = 2
tr_loss: 0.609248, tr_score: 0.688750
va_loss: 0.569654, va_score: 0.750000
te_loss: 0.563270, te_score: 0.770000

time = 2
tr_loss: 0.573340, tr_score: 0.706250
va_loss: 0.617588, va_score: 0.660000
te_loss: 0.574540, te_score: 0.700000

time = 2
tr_loss: 0.592464, tr_score: 0.692500
va_loss: 0.605401, va_score: 0.700000
te_loss: 0.530431, te_score: 0.760000

time = 2
tr_loss: 0.577819, tr_score: 0.718750
va_loss: 0.560734, va_score: 0.680000
te_loss: 0.615424, te_score: 0.680000

time = 2
tr_loss: 0.557512, tr_score: 0.720000
va_loss: 0.565291, va_score: 0.720000
te_loss: 0.555026, te_score: 0.730000

======================================================
2  Seed:  [5478. 7027. 2150. 7559. 3662. 2043. 8598. 4158. 6442. 4398. 3939. 9768.
 5143. 2231.  162. 6860. 3496. 7749. 2530. 2730.]
tr_loss: 0.576482, tr_score: 0.709750
va_loss: 0.569087, va_score: 0.716000
te_loss: 0.571344, te_score: 0.724000
time = 3
tr_loss: 0.597344, tr_score: 0.705000
va_loss: 0.634133, va_score: 0.670000
te_loss: 0.601953, te_score: 0.680000

time = 3
tr_loss: 0.561557, tr_score: 0.722500
va_loss: 0.576556, va_score: 0.690000
te_loss: 0.565802, te_score: 0.730000

time = 3
tr_loss: 0.559581, tr_score: 0.723750
va_loss: 0.645213, va_score: 0.680000
te_loss: 0.618129, te_score: 0.670000

time = 3
tr_loss: 0.629202, tr_score: 0.686250
va_loss: 0.564316, va_score: 0.770000
te_loss: 0.627916, te_score: 0.700000

time = 3
tr_loss: 0.586275, tr_score: 0.715000
va_loss: 0.553190, va_score: 0.710000
te_loss: 0.631519, te_score: 0.670000

time = 3
tr_loss: 0.611519, tr_score: 0.701250
va_loss: 0.554902, va_score: 0.770000
te_loss: 0.678590, te_score: 0.640000

time = 3
tr_loss: 0.583180, tr_score: 0.705000
va_loss: 0.653233, va_score: 0.660000
te_loss: 0.552948, te_score: 0.740000

time = 3
tr_loss: 0.578150, tr_score: 0.706250
va_loss: 0.656846, va_score: 0.670000
te_loss: 0.650150, te_score: 0.690000

time = 3
tr_loss: 0.648371, tr_score: 0.711250
va_loss: 0.713758, va_score: 0.640000
te_loss: 0.689074, te_score: 0.700000

time = 3
tr_loss: 0.585433, tr_score: 0.706250
va_loss: 0.550045, va_score: 0.760000
te_loss: 0.632909, te_score: 0.690000

time = 3
tr_loss: 0.509245, tr_score: 0.747500
va_loss: 0.568558, va_score: 0.730000
te_loss: 0.523802, te_score: 0.760000

time = 3
tr_loss: 0.554305, tr_score: 0.727500
va_loss: 0.548968, va_score: 0.690000
te_loss: 0.626623, te_score: 0.670000

time = 3
tr_loss: 0.609159, tr_score: 0.700000
va_loss: 0.603115, va_score: 0.720000
te_loss: 0.607363, te_score: 0.690000

time = 3
tr_loss: 0.581093, tr_score: 0.713750
va_loss: 0.624788, va_score: 0.670000
te_loss: 0.523284, te_score: 0.780000

time = 3
tr_loss: 0.613085, tr_score: 0.711250
va_loss: 0.675217, va_score: 0.620000
te_loss: 0.627995, te_score: 0.690000

time = 3
tr_loss: 0.565318, tr_score: 0.707500
va_loss: 0.602316, va_score: 0.680000
te_loss: 0.590266, te_score: 0.710000

time = 3
tr_loss: 0.567756, tr_score: 0.722500
va_loss: 0.573807, va_score: 0.720000
te_loss: 0.607982, te_score: 0.690000

time = 3
tr_loss: 0.607398, tr_score: 0.711250
va_loss: 0.706046, va_score: 0.580000
te_loss: 0.588769, te_score: 0.730000

time = 3
tr_loss: 0.576060, tr_score: 0.723750
va_loss: 0.587345, va_score: 0.690000
te_loss: 0.586471, te_score: 0.680000

time = 3
tr_loss: 0.595440, tr_score: 0.695000
va_loss: 0.604446, va_score: 0.700000
te_loss: 0.569507, te_score: 0.740000

======================================================
3  Seed:  [6469. 3301. 7178. 4323. 9525.  454. 7215. 4562. 5178. 3971. 9338. 3960.
 2970. 9630. 2254.  396. 4264. 8949. 7913. 1289.]
tr_loss: 0.585973, tr_score: 0.712125
va_loss: 0.609840, va_score: 0.691000
te_loss: 0.605053, te_score: 0.702500
time = 4
tr_loss: 0.595104, tr_score: 0.691250
va_loss: 0.562974, va_score: 0.750000
te_loss: 0.576933, te_score: 0.730000

time = 4
tr_loss: 0.572541, tr_score: 0.710000
va_loss: 0.531167, va_score: 0.770000
te_loss: 0.595048, te_score: 0.700000

time = 4
tr_loss: 0.603019, tr_score: 0.701250
va_loss: 0.615600, va_score: 0.720000
te_loss: 0.592827, te_score: 0.730000

time = 4
tr_loss: 0.561467, tr_score: 0.726250
va_loss: 0.599438, va_score: 0.710000
te_loss: 0.577985, te_score: 0.710000

time = 4
tr_loss: 0.585952, tr_score: 0.712500
va_loss: 0.615921, va_score: 0.690000
te_loss: 0.578263, te_score: 0.720000

time = 4
tr_loss: 0.574224, tr_score: 0.702500
va_loss: 0.545039, va_score: 0.730000
te_loss: 0.567840, te_score: 0.710000

time = 4
tr_loss: 0.583195, tr_score: 0.707500
va_loss: 0.568795, va_score: 0.740000
te_loss: 0.585427, te_score: 0.700000

time = 4
tr_loss: 0.598049, tr_score: 0.703750
va_loss: 0.741114, va_score: 0.600000
te_loss: 0.572984, te_score: 0.760000

time = 4
tr_loss: 0.552937, tr_score: 0.732500
va_loss: 0.614007, va_score: 0.660000
te_loss: 0.512632, te_score: 0.780000

time = 4
tr_loss: 0.572991, tr_score: 0.723750
va_loss: 0.542850, va_score: 0.730000
te_loss: 0.585881, te_score: 0.700000

time = 4
tr_loss: 0.575283, tr_score: 0.721250
va_loss: 0.644446, va_score: 0.690000
te_loss: 0.578993, te_score: 0.720000

time = 4
tr_loss: 0.558001, tr_score: 0.723750
va_loss: 0.513892, va_score: 0.750000
te_loss: 0.568782, te_score: 0.710000

time = 4
tr_loss: 0.611314, tr_score: 0.697500
va_loss: 0.559560, va_score: 0.770000
te_loss: 0.635250, te_score: 0.660000

time = 4
tr_loss: 0.533677, tr_score: 0.726250
va_loss: 0.473571, va_score: 0.810000
te_loss: 0.489992, te_score: 0.730000

time = 4
tr_loss: 0.589051, tr_score: 0.703750
va_loss: 0.554070, va_score: 0.710000
te_loss: 0.673878, te_score: 0.610000

time = 4
tr_loss: 0.563788, tr_score: 0.710000
va_loss: 0.499677, va_score: 0.820000
te_loss: 0.538018, te_score: 0.730000

time = 4
tr_loss: 0.579929, tr_score: 0.700000
va_loss: 0.551706, va_score: 0.750000
te_loss: 0.590791, te_score: 0.660000

time = 4
tr_loss: 0.581161, tr_score: 0.716250
va_loss: 0.605041, va_score: 0.680000
te_loss: 0.596047, te_score: 0.700000

time = 4
tr_loss: 0.531084, tr_score: 0.726250
va_loss: 0.674401, va_score: 0.650000
te_loss: 0.583443, te_score: 0.740000

time = 4
tr_loss: 0.532633, tr_score: 0.718750
va_loss: 0.572048, va_score: 0.710000
te_loss: 0.503825, te_score: 0.760000

======================================================
4  Seed:  [8744.  130. 2730. 2289. 3436.   91. 5431.  214. 1996. 7906. 4318. 5189.
 9458. 5884. 7590. 9032. 7937. 3024. 1021. 9551.]
tr_loss: 0.572770, tr_score: 0.712750
va_loss: 0.579266, va_score: 0.722000
te_loss: 0.575242, te_score: 0.713000
time = 5
tr_loss: 0.601995, tr_score: 0.711250
va_loss: 0.648136, va_score: 0.660000
te_loss: 0.643643, te_score: 0.650000

time = 5
tr_loss: 0.577439, tr_score: 0.712500
va_loss: 0.607043, va_score: 0.670000
te_loss: 0.539862, te_score: 0.750000

time = 5
tr_loss: 0.491357, tr_score: 0.778750
va_loss: 0.528958, va_score: 0.710000
te_loss: 0.557224, te_score: 0.750000

time = 5
tr_loss: 0.558967, tr_score: 0.720000
va_loss: 0.592353, va_score: 0.690000
te_loss: 0.555394, te_score: 0.720000

time = 5
tr_loss: 0.594870, tr_score: 0.710000
va_loss: 0.632471, va_score: 0.670000
te_loss: 0.522609, te_score: 0.780000

time = 5
tr_loss: 0.573850, tr_score: 0.712500
va_loss: 0.569794, va_score: 0.700000
te_loss: 0.554158, te_score: 0.740000

time = 5
tr_loss: 0.542742, tr_score: 0.740000
va_loss: 0.483822, va_score: 0.790000
te_loss: 0.628309, te_score: 0.690000

time = 5
tr_loss: 0.587588, tr_score: 0.710000
va_loss: 0.587325, va_score: 0.720000
te_loss: 0.579036, te_score: 0.730000

time = 5
tr_loss: 0.580504, tr_score: 0.717500
va_loss: 0.610493, va_score: 0.690000
te_loss: 0.526928, te_score: 0.770000

time = 5
tr_loss: 0.534069, tr_score: 0.736250
va_loss: 0.533934, va_score: 0.770000
te_loss: 0.580778, te_score: 0.660000

time = 5
tr_loss: 0.587567, tr_score: 0.701250
va_loss: 0.674401, va_score: 0.650000
te_loss: 0.613485, te_score: 0.670000

time = 5
tr_loss: 0.623144, tr_score: 0.691250
va_loss: 0.532525, va_score: 0.800000
te_loss: 0.594676, te_score: 0.710000

time = 5
tr_loss: 0.527470, tr_score: 0.728750
va_loss: 0.490564, va_score: 0.800000
te_loss: 0.512286, te_score: 0.730000

time = 5
tr_loss: 0.584702, tr_score: 0.712500
va_loss: 0.526894, va_score: 0.770000
te_loss: 0.649588, te_score: 0.620000

time = 5
tr_loss: 0.598166, tr_score: 0.701250
va_loss: 0.601772, va_score: 0.700000
te_loss: 0.618518, te_score: 0.670000

time = 5
tr_loss: 0.530671, tr_score: 0.737500
va_loss: 0.491809, va_score: 0.770000
te_loss: 0.539308, te_score: 0.700000

time = 5
tr_loss: 0.566342, tr_score: 0.712500
va_loss: 0.651605, va_score: 0.660000
te_loss: 0.577946, te_score: 0.700000

time = 5
tr_loss: 0.598288, tr_score: 0.702500
va_loss: 0.528785, va_score: 0.770000
te_loss: 0.607007, te_score: 0.700000

time = 5
tr_loss: 0.608993, tr_score: 0.698750
va_loss: 0.569312, va_score: 0.770000
te_loss: 0.680493, te_score: 0.670000

time = 5
tr_loss: 0.571376, tr_score: 0.717500
va_loss: 0.639806, va_score: 0.700000
te_loss: 0.593954, te_score: 0.690000

======================================================
5  Seed:  [1237. 6412. 2121. 6405. 4525. 1302. 1340. 7513. 9914. 1173. 2339. 2687.
 5417. 1769. 4522. 4161. 3470. 2003. 6862. 6659.]
tr_loss: 0.572005, tr_score: 0.717625
va_loss: 0.575090, va_score: 0.723000
te_loss: 0.583760, te_score: 0.705000
time = 6
tr_loss: 0.509642, tr_score: 0.753750
va_loss: 0.505849, va_score: 0.700000
te_loss: 0.538341, te_score: 0.750000

time = 6
tr_loss: 0.553801, tr_score: 0.728750
va_loss: 0.635781, va_score: 0.670000
te_loss: 0.610822, te_score: 0.650000

time = 6
tr_loss: 0.599788, tr_score: 0.726250
va_loss: 0.602053, va_score: 0.700000
te_loss: 0.638615, te_score: 0.680000

time = 6
tr_loss: 0.567881, tr_score: 0.718750
va_loss: 0.576066, va_score: 0.710000
te_loss: 0.603582, te_score: 0.670000

time = 6
tr_loss: 0.579725, tr_score: 0.695000
va_loss: 0.591063, va_score: 0.670000
te_loss: 0.519255, te_score: 0.770000

time = 6
tr_loss: 0.600177, tr_score: 0.713750
va_loss: 0.623836, va_score: 0.680000
te_loss: 0.711628, te_score: 0.620000

time = 6
tr_loss: 0.577113, tr_score: 0.717500
va_loss: 0.631232, va_score: 0.660000
te_loss: 0.533530, te_score: 0.740000

time = 6
tr_loss: 0.551340, tr_score: 0.723750
va_loss: 0.601783, va_score: 0.670000
te_loss: 0.572699, te_score: 0.710000

time = 6
tr_loss: 0.588976, tr_score: 0.698750
va_loss: 0.535848, va_score: 0.750000
te_loss: 0.593572, te_score: 0.740000

time = 6
tr_loss: 0.580983, tr_score: 0.702500
va_loss: 0.583573, va_score: 0.720000
te_loss: 0.614915, te_score: 0.670000

time = 6
tr_loss: 0.588605, tr_score: 0.711250
va_loss: 0.648666, va_score: 0.660000
te_loss: 0.721716, te_score: 0.600000

time = 6
tr_loss: 0.510287, tr_score: 0.743750
va_loss: 0.513010, va_score: 0.770000
te_loss: 0.556434, te_score: 0.680000

time = 6
tr_loss: 0.583674, tr_score: 0.706250
va_loss: 0.545583, va_score: 0.750000
te_loss: 0.585111, te_score: 0.720000

time = 6
tr_loss: 0.578545, tr_score: 0.708750
va_loss: 0.541588, va_score: 0.760000
te_loss: 0.529742, te_score: 0.790000

time = 6
tr_loss: 0.586575, tr_score: 0.715000
va_loss: 0.645766, va_score: 0.690000
te_loss: 0.673235, te_score: 0.660000

time = 6
tr_loss: 0.572436, tr_score: 0.705000
va_loss: 0.598546, va_score: 0.690000
te_loss: 0.605827, te_score: 0.680000

time = 6
tr_loss: 0.588492, tr_score: 0.720000
va_loss: 0.613720, va_score: 0.690000
te_loss: 0.598471, te_score: 0.700000

time = 6
tr_loss: 0.601958, tr_score: 0.716250
va_loss: 0.573050, va_score: 0.760000
te_loss: 0.611333, te_score: 0.720000

time = 6
tr_loss: 0.561320, tr_score: 0.710000
va_loss: 0.563731, va_score: 0.730000
te_loss: 0.593602, te_score: 0.710000

time = 6
tr_loss: 0.581413, tr_score: 0.698750
va_loss: 0.608551, va_score: 0.680000
te_loss: 0.567939, te_score: 0.740000

======================================================
6  Seed:  [7694. 6294. 7622. 3529.   96. 7204. 5217. 3436.  887. 8110. 7803. 3805.
 1114. 2222. 9584. 2008. 1959. 4210.  576. 6097.]
tr_loss: 0.573137, tr_score: 0.715688
va_loss: 0.586965, va_score: 0.705500
te_loss: 0.599018, te_score: 0.700000
time = 7
tr_loss: 0.567839, tr_score: 0.730000
va_loss: 0.572038, va_score: 0.700000
te_loss: 0.537350, te_score: 0.770000

time = 7
tr_loss: 0.572131, tr_score: 0.700000
va_loss: 0.513637, va_score: 0.780000
te_loss: 0.563889, te_score: 0.710000

time = 7
tr_loss: 0.573444, tr_score: 0.712500
va_loss: 0.525080, va_score: 0.760000
te_loss: 0.567838, te_score: 0.760000

time = 7
tr_loss: 0.607382, tr_score: 0.685000
va_loss: 0.608020, va_score: 0.700000
te_loss: 0.563632, te_score: 0.730000

time = 7
tr_loss: 0.576471, tr_score: 0.695000
va_loss: 0.575524, va_score: 0.720000
te_loss: 0.535677, te_score: 0.750000

time = 7
tr_loss: 0.583724, tr_score: 0.651250
va_loss: 0.575272, va_score: 0.700000
te_loss: 0.558152, te_score: 0.650000

time = 7
tr_loss: 0.576554, tr_score: 0.700000
va_loss: 0.616418, va_score: 0.680000
te_loss: 0.517422, te_score: 0.760000

time = 7
tr_loss: 0.566896, tr_score: 0.721250
va_loss: 0.625528, va_score: 0.670000
te_loss: 0.597556, te_score: 0.690000

time = 7
tr_loss: 0.576481, tr_score: 0.712500
va_loss: 0.661064, va_score: 0.700000
te_loss: 0.574673, te_score: 0.690000

time = 7
tr_loss: 0.529362, tr_score: 0.753750
va_loss: 0.519583, va_score: 0.780000
te_loss: 0.547292, te_score: 0.770000

time = 7
tr_loss: 0.568375, tr_score: 0.730000
va_loss: 0.592200, va_score: 0.690000
te_loss: 0.622332, te_score: 0.690000

time = 7
tr_loss: 0.579489, tr_score: 0.677500
va_loss: 0.659116, va_score: 0.620000
te_loss: 0.507940, te_score: 0.690000

time = 7
tr_loss: 0.587684, tr_score: 0.706250
va_loss: 0.694304, va_score: 0.580000
te_loss: 0.631702, te_score: 0.670000

time = 7
tr_loss: 0.584276, tr_score: 0.707500
va_loss: 0.536463, va_score: 0.720000
te_loss: 0.633200, te_score: 0.660000

time = 7
tr_loss: 0.607669, tr_score: 0.712500
va_loss: 0.656688, va_score: 0.670000
te_loss: 0.649430, te_score: 0.640000

time = 7
tr_loss: 0.620784, tr_score: 0.703750
va_loss: 0.686678, va_score: 0.640000
te_loss: 0.595390, te_score: 0.730000

time = 7
tr_loss: 0.577598, tr_score: 0.718750
va_loss: 0.565162, va_score: 0.690000
te_loss: 0.641974, te_score: 0.660000

time = 7
tr_loss: 0.599104, tr_score: 0.700000
va_loss: 0.541103, va_score: 0.760000
te_loss: 0.700915, te_score: 0.620000

time = 7
tr_loss: 0.589788, tr_score: 0.708750
va_loss: 0.593916, va_score: 0.710000
te_loss: 0.590647, te_score: 0.730000

time = 7
tr_loss: 0.565350, tr_score: 0.715000
va_loss: 0.581576, va_score: 0.710000
te_loss: 0.613923, te_score: 0.720000

======================================================
7  Seed:  [ 667. 3641. 1333. 4721. 6871. 9519. 4778.  927. 8338.   13. 3683. 6570.
 1422. 3821. 5722.  599. 3527. 1784. 1921. 2070.]
tr_loss: 0.580520, tr_score: 0.707062
va_loss: 0.594969, va_score: 0.699000
te_loss: 0.587547, te_score: 0.704500
time = 8
tr_loss: 0.620876, tr_score: 0.675000
va_loss: 0.597679, va_score: 0.710000
te_loss: 0.539723, te_score: 0.770000

time = 8
tr_loss: 0.627123, tr_score: 0.631250
va_loss: 0.683940, va_score: 0.600000
te_loss: 0.553818, te_score: 0.730000

time = 8
tr_loss: 0.565471, tr_score: 0.738750
va_loss: 0.600076, va_score: 0.720000
te_loss: 0.545664, te_score: 0.730000

time = 8
tr_loss: 0.563223, tr_score: 0.731250
va_loss: 0.606355, va_score: 0.740000
te_loss: 0.564693, te_score: 0.740000

time = 8
tr_loss: 0.604371, tr_score: 0.702500
va_loss: 0.588767, va_score: 0.710000
te_loss: 0.587282, te_score: 0.710000

time = 8
tr_loss: 0.579795, tr_score: 0.708750
va_loss: 0.615069, va_score: 0.620000
te_loss: 0.620010, te_score: 0.620000

time = 8
tr_loss: 0.591196, tr_score: 0.692500
va_loss: 0.593572, va_score: 0.720000
te_loss: 0.630986, te_score: 0.660000

time = 8
tr_loss: 0.568737, tr_score: 0.695000
va_loss: 0.509828, va_score: 0.790000
te_loss: 0.572213, te_score: 0.750000

time = 8
tr_loss: 0.604103, tr_score: 0.675000
va_loss: 0.635440, va_score: 0.650000
te_loss: 0.548521, te_score: 0.730000

time = 8
tr_loss: 0.605456, tr_score: 0.711250
va_loss: 0.681063, va_score: 0.610000
te_loss: 0.622127, te_score: 0.700000

time = 8
tr_loss: 0.611387, tr_score: 0.697500
va_loss: 0.553744, va_score: 0.780000
te_loss: 0.552295, te_score: 0.780000

time = 8
tr_loss: 0.569491, tr_score: 0.707500
va_loss: 0.556148, va_score: 0.780000
te_loss: 0.626612, te_score: 0.670000

time = 8
tr_loss: 0.547129, tr_score: 0.726250
va_loss: 0.620193, va_score: 0.670000
te_loss: 0.588515, te_score: 0.660000

time = 8
tr_loss: 0.614657, tr_score: 0.701250
va_loss: 0.573472, va_score: 0.720000
te_loss: 0.636116, te_score: 0.680000

time = 8
tr_loss: 0.526207, tr_score: 0.742500
va_loss: 0.506530, va_score: 0.750000
te_loss: 0.485994, te_score: 0.770000

time = 8
tr_loss: 0.581370, tr_score: 0.711250
va_loss: 0.532015, va_score: 0.750000
te_loss: 0.703382, te_score: 0.580000

time = 8
tr_loss: 0.621545, tr_score: 0.686250
va_loss: 0.637791, va_score: 0.690000
te_loss: 0.659957, te_score: 0.670000

time = 8
tr_loss: 0.602443, tr_score: 0.707500
va_loss: 0.581779, va_score: 0.720000
te_loss: 0.608880, te_score: 0.700000

time = 8
tr_loss: 0.589421, tr_score: 0.717500
va_loss: 0.591467, va_score: 0.690000
te_loss: 0.558489, te_score: 0.730000

time = 8
tr_loss: 0.543389, tr_score: 0.716250
va_loss: 0.578299, va_score: 0.720000
te_loss: 0.631544, te_score: 0.660000

======================================================
8  Seed:  [4860. 8426. 6918. 8393. 2977. 1581. 7001.  814. 5947. 4477. 3311. 7270.
 5082. 4712. 7103. 6080. 5821. 8708. 4579. 2324.]
tr_loss: 0.586870, tr_score: 0.703750
va_loss: 0.592161, va_score: 0.707000
te_loss: 0.591841, te_score: 0.702000
time = 9
tr_loss: 0.602541, tr_score: 0.697500
va_loss: 0.550543, va_score: 0.740000
te_loss: 0.587115, te_score: 0.660000

time = 9
tr_loss: 0.580453, tr_score: 0.712500
va_loss: 0.660540, va_score: 0.610000
te_loss: 0.580419, te_score: 0.730000

time = 9
tr_loss: 0.580955, tr_score: 0.703750
va_loss: 0.578389, va_score: 0.710000
te_loss: 0.644153, te_score: 0.670000

time = 9
tr_loss: 0.590502, tr_score: 0.706250
va_loss: 0.600213, va_score: 0.700000
te_loss: 0.619129, te_score: 0.710000

time = 9
tr_loss: 0.590686, tr_score: 0.707500
va_loss: 0.560510, va_score: 0.740000
te_loss: 0.699496, te_score: 0.640000

time = 9
tr_loss: 0.510313, tr_score: 0.743750
va_loss: 0.473622, va_score: 0.760000
te_loss: 0.524736, te_score: 0.680000

time = 9
tr_loss: 0.589405, tr_score: 0.702500
va_loss: 0.544339, va_score: 0.740000
te_loss: 0.569349, te_score: 0.720000

time = 9
tr_loss: 0.526421, tr_score: 0.746250
va_loss: 0.527709, va_score: 0.730000
te_loss: 0.565515, te_score: 0.720000

time = 9
tr_loss: 0.617920, tr_score: 0.676250
va_loss: 0.566518, va_score: 0.740000
te_loss: 0.626507, te_score: 0.730000

time = 9
tr_loss: 0.580894, tr_score: 0.708750
va_loss: 0.613772, va_score: 0.660000
te_loss: 0.583877, te_score: 0.730000

time = 9
tr_loss: 0.592961, tr_score: 0.698750
va_loss: 0.575561, va_score: 0.740000
te_loss: 0.601874, te_score: 0.700000

time = 9
tr_loss: 0.592042, tr_score: 0.688750
va_loss: 0.556764, va_score: 0.740000
te_loss: 0.561851, te_score: 0.730000

time = 9
tr_loss: 0.571415, tr_score: 0.716250
va_loss: 0.577537, va_score: 0.700000
te_loss: 0.501022, te_score: 0.800000

time = 9
tr_loss: 0.567939, tr_score: 0.708750
va_loss: 0.572345, va_score: 0.730000
te_loss: 0.553259, te_score: 0.730000

time = 9
tr_loss: 0.607204, tr_score: 0.702500
va_loss: 0.711054, va_score: 0.620000
te_loss: 0.643244, te_score: 0.650000

time = 9
tr_loss: 0.536950, tr_score: 0.745000
va_loss: 0.505613, va_score: 0.750000
te_loss: 0.507016, te_score: 0.790000

time = 9
tr_loss: 0.579095, tr_score: 0.713750
va_loss: 0.596865, va_score: 0.740000
te_loss: 0.594060, te_score: 0.660000

time = 9
tr_loss: 0.580579, tr_score: 0.720000
va_loss: 0.576961, va_score: 0.670000
te_loss: 0.628359, te_score: 0.650000

time = 9
tr_loss: 0.535976, tr_score: 0.717500
va_loss: 0.523812, va_score: 0.700000
te_loss: 0.562389, te_score: 0.680000

time = 9
tr_loss: 0.587146, tr_score: 0.700000
va_loss: 0.526543, va_score: 0.750000
te_loss: 0.572668, te_score: 0.700000

======================================================
9  Seed:  [9948.  542.  232.  666. 5686. 1955. 6679. 1732. 8003. 9621. 2645. 4622.
 2831. 7236. 6932. 8781. 1798. 9886. 2715. 5559.]
tr_loss: 0.576070, tr_score: 0.710812
va_loss: 0.569961, va_score: 0.713500
te_loss: 0.586302, te_score: 0.704000
time = 10
tr_loss: 0.553246, tr_score: 0.717500
va_loss: 0.534226, va_score: 0.710000
te_loss: 0.543434, te_score: 0.750000

time = 10
tr_loss: 0.586988, tr_score: 0.697500
va_loss: 0.586891, va_score: 0.700000
te_loss: 0.576519, te_score: 0.720000

time = 10
tr_loss: 0.602991, tr_score: 0.701250
va_loss: 0.567386, va_score: 0.750000
te_loss: 0.687636, te_score: 0.640000

time = 10
tr_loss: 0.535539, tr_score: 0.743750
va_loss: 0.479787, va_score: 0.760000
te_loss: 0.454905, te_score: 0.800000

time = 10
tr_loss: 0.570886, tr_score: 0.710000
va_loss: 0.592502, va_score: 0.690000
te_loss: 0.537410, te_score: 0.710000

time = 10
tr_loss: 0.603325, tr_score: 0.691250
va_loss: 0.577943, va_score: 0.710000
te_loss: 0.538191, te_score: 0.760000

time = 10
tr_loss: 0.613974, tr_score: 0.686250
va_loss: 0.556824, va_score: 0.760000
te_loss: 0.569607, te_score: 0.730000

time = 10
tr_loss: 0.596456, tr_score: 0.702500
va_loss: 0.480480, va_score: 0.820000
te_loss: 0.568568, te_score: 0.760000

time = 10
tr_loss: 0.591368, tr_score: 0.715000
va_loss: 0.607957, va_score: 0.710000
te_loss: 0.612505, te_score: 0.670000

time = 10
tr_loss: 0.497848, tr_score: 0.771250
va_loss: 0.498862, va_score: 0.730000
te_loss: 0.548282, te_score: 0.770000

time = 10
tr_loss: 0.586967, tr_score: 0.710000
va_loss: 0.616958, va_score: 0.660000
te_loss: 0.600963, te_score: 0.720000

time = 10
tr_loss: 0.639376, tr_score: 0.641250
va_loss: 0.749919, va_score: 0.540000
te_loss: 0.703430, te_score: 0.590000

time = 10
tr_loss: 0.609925, tr_score: 0.695000
va_loss: 0.577277, va_score: 0.720000
te_loss: 0.583126, te_score: 0.720000

time = 10
tr_loss: 0.582115, tr_score: 0.711250
va_loss: 0.592358, va_score: 0.720000
te_loss: 0.551483, te_score: 0.770000

time = 10
tr_loss: 0.609335, tr_score: 0.713750
va_loss: 0.668094, va_score: 0.630000
te_loss: 0.678723, te_score: 0.660000

time = 10
tr_loss: 0.576664, tr_score: 0.712500
va_loss: 0.594749, va_score: 0.710000
te_loss: 0.574037, te_score: 0.680000

time = 10
tr_loss: 0.589706, tr_score: 0.710000
va_loss: 0.535957, va_score: 0.770000
te_loss: 0.626484, te_score: 0.690000

time = 10
tr_loss: 0.593582, tr_score: 0.705000
va_loss: 0.644204, va_score: 0.690000
te_loss: 0.536628, te_score: 0.730000

time = 10
tr_loss: 0.574072, tr_score: 0.705000
va_loss: 0.559421, va_score: 0.730000
te_loss: 0.591667, te_score: 0.680000

time = 10
tr_loss: 0.604476, tr_score: 0.676250
va_loss: 0.709549, va_score: 0.560000
te_loss: 0.591063, te_score: 0.670000

======================================================
10  Seed:  [9217. 8758. 9318. 9902. 9257. 5433. 4194. 5342. 6064. 1182. 7632. 9724.
 4507. 4141. 7028. 4431.  710. 9505. 6403. 3797.]
tr_loss: 0.585942, tr_score: 0.705813
va_loss: 0.586567, va_score: 0.703500
te_loss: 0.583733, te_score: 0.711000
time = 11
tr_loss: 0.603711, tr_score: 0.693750
va_loss: 0.490393, va_score: 0.820000
te_loss: 0.666565, te_score: 0.640000

time = 11
tr_loss: 0.571119, tr_score: 0.726250
va_loss: 0.618782, va_score: 0.690000
te_loss: 0.665525, te_score: 0.670000

time = 11
tr_loss: 0.599901, tr_score: 0.698750
va_loss: 0.620847, va_score: 0.680000
te_loss: 0.590655, te_score: 0.710000

time = 11
tr_loss: 0.608567, tr_score: 0.708750
va_loss: 0.610574, va_score: 0.700000
te_loss: 0.550852, te_score: 0.770000

time = 11
tr_loss: 0.607039, tr_score: 0.706250
va_loss: 0.677362, va_score: 0.660000
te_loss: 0.696446, te_score: 0.670000

time = 11
tr_loss: 0.565830, tr_score: 0.696250
va_loss: 0.608098, va_score: 0.670000
te_loss: 0.540370, te_score: 0.740000

time = 11
tr_loss: 0.568305, tr_score: 0.720000
va_loss: 0.628250, va_score: 0.660000
te_loss: 0.620678, te_score: 0.670000

time = 11
tr_loss: 0.630346, tr_score: 0.691250
va_loss: 0.511696, va_score: 0.790000
te_loss: 0.652021, te_score: 0.680000

time = 11
tr_loss: 0.572025, tr_score: 0.723750
va_loss: 0.609839, va_score: 0.690000
te_loss: 0.583326, te_score: 0.710000

time = 11
tr_loss: 0.588339, tr_score: 0.708750
va_loss: 0.601844, va_score: 0.680000
te_loss: 0.603311, te_score: 0.680000

time = 11
tr_loss: 0.583438, tr_score: 0.718750
va_loss: 0.608878, va_score: 0.720000
te_loss: 0.530181, te_score: 0.780000

time = 11
tr_loss: 0.540886, tr_score: 0.738750
va_loss: 0.647900, va_score: 0.650000
te_loss: 0.664374, te_score: 0.600000

time = 11
tr_loss: 0.547564, tr_score: 0.723750
va_loss: 0.574706, va_score: 0.690000
te_loss: 0.641059, te_score: 0.650000

time = 11
tr_loss: 0.556202, tr_score: 0.730000
va_loss: 0.516202, va_score: 0.720000
te_loss: 0.644269, te_score: 0.650000

time = 11
tr_loss: 0.593349, tr_score: 0.702500
va_loss: 0.598718, va_score: 0.710000
te_loss: 0.604753, te_score: 0.710000

time = 11
tr_loss: 0.566298, tr_score: 0.721250
va_loss: 0.637612, va_score: 0.640000
te_loss: 0.569136, te_score: 0.750000

time = 11
tr_loss: 0.598932, tr_score: 0.717500
va_loss: 0.566212, va_score: 0.750000
te_loss: 0.694235, te_score: 0.640000

time = 11
tr_loss: 0.541472, tr_score: 0.748750
va_loss: 0.505992, va_score: 0.770000
te_loss: 0.601884, te_score: 0.690000

time = 11
tr_loss: 0.559841, tr_score: 0.727500
va_loss: 0.528405, va_score: 0.750000
te_loss: 0.598115, te_score: 0.630000

time = 11
tr_loss: 0.548709, tr_score: 0.735000
va_loss: 0.516264, va_score: 0.750000
te_loss: 0.574748, te_score: 0.700000

======================================================
11  Seed:  [ 276. 7096. 7576. 7225. 8005. 7496. 1258. 6191. 8489. 5152. 4572. 4247.
 5941. 8136.  978. 3169. 6643. 4121. 8439. 9382.]
tr_loss: 0.577594, tr_score: 0.716875
va_loss: 0.583929, va_score: 0.709500
te_loss: 0.614625, te_score: 0.687000
time = 12
tr_loss: 0.644963, tr_score: 0.678750
va_loss: 0.643341, va_score: 0.680000
te_loss: 0.584672, te_score: 0.730000

time = 12
tr_loss: 0.557556, tr_score: 0.717500
va_loss: 0.610368, va_score: 0.710000
te_loss: 0.518252, te_score: 0.750000

time = 12
tr_loss: 0.586476, tr_score: 0.716250
va_loss: 0.630801, va_score: 0.700000
te_loss: 0.633293, te_score: 0.670000

time = 12
tr_loss: 0.569290, tr_score: 0.723750
va_loss: 0.608384, va_score: 0.700000
te_loss: 0.674750, te_score: 0.620000

time = 12
tr_loss: 0.574789, tr_score: 0.708750
va_loss: 0.626275, va_score: 0.720000
te_loss: 0.577853, te_score: 0.690000

time = 12
tr_loss: 0.518170, tr_score: 0.747500
va_loss: 0.555710, va_score: 0.680000
te_loss: 0.564696, te_score: 0.750000

time = 12
tr_loss: 0.605914, tr_score: 0.722500
va_loss: 0.699462, va_score: 0.580000
te_loss: 0.660049, te_score: 0.640000

time = 12
tr_loss: 0.548620, tr_score: 0.736250
va_loss: 0.595761, va_score: 0.680000
te_loss: 0.586312, te_score: 0.670000

time = 12
tr_loss: 0.587242, tr_score: 0.718750
va_loss: 0.621735, va_score: 0.710000
te_loss: 0.615104, te_score: 0.650000

time = 12
tr_loss: 0.566742, tr_score: 0.712500
va_loss: 0.607589, va_score: 0.660000
te_loss: 0.607880, te_score: 0.680000

time = 12
tr_loss: 0.569849, tr_score: 0.721250
va_loss: 0.577533, va_score: 0.750000
te_loss: 0.629716, te_score: 0.640000

time = 12
tr_loss: 0.582934, tr_score: 0.710000
va_loss: 0.564186, va_score: 0.740000
te_loss: 0.620408, te_score: 0.650000

time = 12
tr_loss: 0.542302, tr_score: 0.721250
va_loss: 0.592425, va_score: 0.710000
te_loss: 0.611085, te_score: 0.650000

time = 12
tr_loss: 0.523831, tr_score: 0.753750
va_loss: 0.475661, va_score: 0.770000
te_loss: 0.541637, te_score: 0.700000

time = 12
tr_loss: 0.589513, tr_score: 0.713750
va_loss: 0.568768, va_score: 0.750000
te_loss: 0.622214, te_score: 0.660000

time = 12
tr_loss: 0.547193, tr_score: 0.712500
va_loss: 0.588374, va_score: 0.680000
te_loss: 0.589436, te_score: 0.700000

time = 12
tr_loss: 0.596419, tr_score: 0.700000
va_loss: 0.657116, va_score: 0.640000
te_loss: 0.581636, te_score: 0.760000

time = 12
tr_loss: 0.556373, tr_score: 0.716250
va_loss: 0.571484, va_score: 0.710000
te_loss: 0.500353, te_score: 0.760000

time = 12
tr_loss: 0.587588, tr_score: 0.701250
va_loss: 0.608764, va_score: 0.700000
te_loss: 0.592888, te_score: 0.690000

time = 12
tr_loss: 0.577714, tr_score: 0.713750
va_loss: 0.657151, va_score: 0.640000
te_loss: 0.610320, te_score: 0.690000

======================================================
12  Seed:  [5995. 5359. 4959. 8841. 2084. 6283. 5803. 5547. 5856. 6466. 1029. 9406.
 1119. 6504. 6270.   89. 4601. 8528. 5236. 3309.]
tr_loss: 0.571674, tr_score: 0.717313
va_loss: 0.603044, va_score: 0.695500
te_loss: 0.596128, te_score: 0.687500
time = 13
tr_loss: 0.568858, tr_score: 0.713750
va_loss: 0.581854, va_score: 0.710000
te_loss: 0.559356, te_score: 0.730000

time = 13
tr_loss: 0.579213, tr_score: 0.708750
va_loss: 0.530363, va_score: 0.760000
te_loss: 0.564073, te_score: 0.710000

time = 13
tr_loss: 0.529752, tr_score: 0.746250
va_loss: 0.523857, va_score: 0.720000
te_loss: 0.713571, te_score: 0.610000

time = 13
tr_loss: 0.589871, tr_score: 0.705000
va_loss: 0.613353, va_score: 0.650000
te_loss: 0.559210, te_score: 0.740000

time = 13
tr_loss: 0.550557, tr_score: 0.726250
va_loss: 0.564929, va_score: 0.730000
te_loss: 0.561587, te_score: 0.710000

time = 13
tr_loss: 0.603868, tr_score: 0.711250
va_loss: 0.676702, va_score: 0.660000
te_loss: 0.618863, te_score: 0.690000

time = 13
tr_loss: 0.550029, tr_score: 0.717500
va_loss: 0.584193, va_score: 0.670000
te_loss: 0.575326, te_score: 0.730000

time = 13
tr_loss: 0.576876, tr_score: 0.717500
va_loss: 0.565379, va_score: 0.710000
te_loss: 0.562574, te_score: 0.730000

time = 13
tr_loss: 0.573434, tr_score: 0.703750
va_loss: 0.582568, va_score: 0.720000
te_loss: 0.554528, te_score: 0.740000

time = 13
tr_loss: 0.540126, tr_score: 0.720000
va_loss: 0.598642, va_score: 0.670000
te_loss: 0.501824, te_score: 0.790000

time = 13
tr_loss: 0.580791, tr_score: 0.720000
va_loss: 0.586665, va_score: 0.700000
te_loss: 0.728001, te_score: 0.620000

time = 13
tr_loss: 0.591978, tr_score: 0.700000
va_loss: 0.600926, va_score: 0.700000
te_loss: 0.630687, te_score: 0.680000

time = 13
tr_loss: 0.513963, tr_score: 0.738750
va_loss: 0.525566, va_score: 0.730000
te_loss: 0.511733, te_score: 0.730000

time = 13
tr_loss: 0.574273, tr_score: 0.687500
va_loss: 0.518741, va_score: 0.760000
te_loss: 0.555093, te_score: 0.720000

time = 13
tr_loss: 0.604811, tr_score: 0.687500
va_loss: 0.572770, va_score: 0.730000
te_loss: 0.539253, te_score: 0.770000

time = 13
tr_loss: 0.558574, tr_score: 0.727500
va_loss: 0.608743, va_score: 0.680000
te_loss: 0.658780, te_score: 0.630000

time = 13
tr_loss: 0.555205, tr_score: 0.727500
va_loss: 0.497337, va_score: 0.790000
te_loss: 0.626155, te_score: 0.650000

time = 13
tr_loss: 0.613549, tr_score: 0.698750
va_loss: 0.542949, va_score: 0.800000
te_loss: 0.605964, te_score: 0.710000

time = 13
tr_loss: 0.600309, tr_score: 0.690000
va_loss: 0.501457, va_score: 0.760000
te_loss: 0.604649, te_score: 0.670000

time = 13
tr_loss: 0.615830, tr_score: 0.692500
va_loss: 0.554822, va_score: 0.720000
te_loss: 0.554206, te_score: 0.760000

======================================================
13  Seed:  [3706. 3756. 2533. 6590. 1761. 5957. 4965. 8699. 1302.  214. 1426. 3422.
 9979.   35. 8073. 6183. 7853. 8174. 4923.  725.]
tr_loss: 0.573594, tr_score: 0.712000
va_loss: 0.566591, va_score: 0.718500
te_loss: 0.589272, te_score: 0.706000
time = 14
tr_loss: 0.589775, tr_score: 0.711250
va_loss: 0.634123, va_score: 0.640000
te_loss: 0.609104, te_score: 0.670000

time = 14
tr_loss: 0.592803, tr_score: 0.716250
va_loss: 0.585800, va_score: 0.720000
te_loss: 0.610734, te_score: 0.680000

time = 14
tr_loss: 0.592580, tr_score: 0.690000
va_loss: 0.567365, va_score: 0.700000
te_loss: 0.605679, te_score: 0.670000

time = 14
tr_loss: 0.555804, tr_score: 0.718750
va_loss: 0.553801, va_score: 0.700000
te_loss: 0.540178, te_score: 0.750000

time = 14
tr_loss: 0.611404, tr_score: 0.702500
va_loss: 0.629886, va_score: 0.690000
te_loss: 0.652539, te_score: 0.680000

time = 14
tr_loss: 0.597152, tr_score: 0.705000
va_loss: 0.559635, va_score: 0.730000
te_loss: 0.640021, te_score: 0.640000

time = 14
tr_loss: 0.586352, tr_score: 0.715000
va_loss: 0.497866, va_score: 0.810000
te_loss: 0.618891, te_score: 0.650000

time = 14
tr_loss: 0.598086, tr_score: 0.700000
va_loss: 0.634846, va_score: 0.700000
te_loss: 0.595111, te_score: 0.710000

time = 14
tr_loss: 0.579488, tr_score: 0.693750
va_loss: 0.560883, va_score: 0.720000
te_loss: 0.588895, te_score: 0.730000

time = 14
tr_loss: 0.602342, tr_score: 0.697500
va_loss: 0.530205, va_score: 0.780000
te_loss: 0.668890, te_score: 0.640000

time = 14
tr_loss: 0.605644, tr_score: 0.692500
va_loss: 0.537193, va_score: 0.780000
te_loss: 0.559733, te_score: 0.760000

time = 14
tr_loss: 0.565562, tr_score: 0.723750
va_loss: 0.560207, va_score: 0.750000
te_loss: 0.586037, te_score: 0.750000

time = 14
tr_loss: 0.591993, tr_score: 0.705000
va_loss: 0.546153, va_score: 0.760000
te_loss: 0.620564, te_score: 0.690000

time = 14
tr_loss: 0.555168, tr_score: 0.720000
va_loss: 0.552196, va_score: 0.730000
te_loss: 0.562567, te_score: 0.710000

time = 14
tr_loss: 0.580234, tr_score: 0.706250
va_loss: 0.622399, va_score: 0.680000
te_loss: 0.623946, te_score: 0.720000

time = 14
tr_loss: 0.583826, tr_score: 0.712500
va_loss: 0.550908, va_score: 0.740000
te_loss: 0.551672, te_score: 0.760000

time = 14
tr_loss: 0.569322, tr_score: 0.715000
va_loss: 0.540643, va_score: 0.740000
te_loss: 0.647102, te_score: 0.640000

time = 14
tr_loss: 0.562878, tr_score: 0.722500
va_loss: 0.611193, va_score: 0.700000
te_loss: 0.589588, te_score: 0.720000

time = 14
tr_loss: 0.608976, tr_score: 0.703750
va_loss: 0.625300, va_score: 0.700000
te_loss: 0.699582, te_score: 0.680000

time = 14
tr_loss: 0.577262, tr_score: 0.698750
va_loss: 0.601975, va_score: 0.690000
te_loss: 0.512078, te_score: 0.750000

======================================================
14  Seed:  [6736. 9332. 4026. 8791. 2185. 8095. 4925. 3877. 8332. 6847. 5871. 5004.
 2796. 4961. 1467. 7787. 3868. 5255. 9307. 9073.]
tr_loss: 0.585332, tr_score: 0.707500
va_loss: 0.575129, va_score: 0.723000
te_loss: 0.604146, te_score: 0.700000
time = 15
tr_loss: 0.593598, tr_score: 0.705000
va_loss: 0.579955, va_score: 0.720000
te_loss: 0.625599, te_score: 0.670000

time = 15
tr_loss: 0.592809, tr_score: 0.711250
va_loss: 0.537379, va_score: 0.760000
te_loss: 0.528649, te_score: 0.770000

time = 15
tr_loss: 0.591141, tr_score: 0.702500
va_loss: 0.622263, va_score: 0.700000
te_loss: 0.629753, te_score: 0.670000

time = 15
tr_loss: 0.557374, tr_score: 0.717500
va_loss: 0.509970, va_score: 0.750000
te_loss: 0.629897, te_score: 0.650000

time = 15
tr_loss: 0.596998, tr_score: 0.706250
va_loss: 0.608636, va_score: 0.710000
te_loss: 0.601987, te_score: 0.720000

time = 15
tr_loss: 0.569678, tr_score: 0.732500
va_loss: 0.632309, va_score: 0.660000
te_loss: 0.618123, te_score: 0.700000

time = 15
tr_loss: 0.573564, tr_score: 0.698750
va_loss: 0.582316, va_score: 0.670000
te_loss: 0.548183, te_score: 0.740000

time = 15
tr_loss: 0.572973, tr_score: 0.720000
va_loss: 0.563318, va_score: 0.750000
te_loss: 0.602420, te_score: 0.640000

time = 15
tr_loss: 0.586947, tr_score: 0.712500
va_loss: 0.561891, va_score: 0.770000
te_loss: 0.583760, te_score: 0.720000

time = 15
tr_loss: 0.574398, tr_score: 0.720000
va_loss: 0.640333, va_score: 0.660000
te_loss: 0.617074, te_score: 0.680000

time = 15
tr_loss: 0.569740, tr_score: 0.706250
va_loss: 0.527559, va_score: 0.730000
te_loss: 0.537233, te_score: 0.710000

time = 15
tr_loss: 0.558005, tr_score: 0.721250
va_loss: 0.568556, va_score: 0.710000
te_loss: 0.600803, te_score: 0.710000

time = 15
tr_loss: 0.568657, tr_score: 0.717500
va_loss: 0.562609, va_score: 0.740000
te_loss: 0.618899, te_score: 0.680000

time = 15
tr_loss: 0.565297, tr_score: 0.715000
va_loss: 0.589624, va_score: 0.710000
te_loss: 0.528432, te_score: 0.730000

time = 15
tr_loss: 0.585422, tr_score: 0.717500
va_loss: 0.586690, va_score: 0.720000
te_loss: 0.633567, te_score: 0.660000

time = 15
tr_loss: 0.552873, tr_score: 0.732500
va_loss: 0.609304, va_score: 0.700000
te_loss: 0.557333, te_score: 0.680000

time = 15
tr_loss: 0.601683, tr_score: 0.711250
va_loss: 0.542536, va_score: 0.790000
te_loss: 0.614966, te_score: 0.680000

time = 15
tr_loss: 0.537043, tr_score: 0.730000
va_loss: 0.561993, va_score: 0.720000
te_loss: 0.567415, te_score: 0.710000

time = 15
tr_loss: 0.552793, tr_score: 0.753750
va_loss: 0.534599, va_score: 0.760000
te_loss: 0.601025, te_score: 0.710000

time = 15
tr_loss: 0.594177, tr_score: 0.702500
va_loss: 0.614240, va_score: 0.710000
te_loss: 0.598699, te_score: 0.700000

======================================================
15  Seed:  [ 879. 4612.  287.  491. 3659. 8251. 7507. 1140. 3507. 4318. 9716. 8900.
 3870. 2555. 7340. 8792.  757. 6674. 3143.  691.]
tr_loss: 0.574759, tr_score: 0.716688
va_loss: 0.576804, va_score: 0.722000
te_loss: 0.592191, te_score: 0.696500
time = 16
tr_loss: 0.571451, tr_score: 0.703750
va_loss: 0.574414, va_score: 0.730000
te_loss: 0.611504, te_score: 0.640000

time = 16
tr_loss: 0.596049, tr_score: 0.711250
va_loss: 0.604854, va_score: 0.710000
te_loss: 0.645325, te_score: 0.650000

time = 16
tr_loss: 0.586398, tr_score: 0.712500
va_loss: 0.555536, va_score: 0.760000
te_loss: 0.597978, te_score: 0.700000

time = 16
tr_loss: 0.591493, tr_score: 0.713750
va_loss: 0.608523, va_score: 0.710000
te_loss: 0.562087, te_score: 0.760000

time = 16
tr_loss: 0.582264, tr_score: 0.706250
va_loss: 0.527558, va_score: 0.760000
te_loss: 0.587346, te_score: 0.670000

time = 16
tr_loss: 0.581644, tr_score: 0.707500
va_loss: 0.586733, va_score: 0.700000
te_loss: 0.655598, te_score: 0.660000

time = 16
tr_loss: 0.584210, tr_score: 0.710000
va_loss: 0.588549, va_score: 0.700000
te_loss: 0.575967, te_score: 0.710000

time = 16
tr_loss: 0.545208, tr_score: 0.717500
va_loss: 0.580539, va_score: 0.660000
te_loss: 0.558972, te_score: 0.700000

time = 16
tr_loss: 0.599494, tr_score: 0.691250
va_loss: 0.564862, va_score: 0.750000
te_loss: 0.575749, te_score: 0.690000

time = 16
tr_loss: 0.598222, tr_score: 0.710000
va_loss: 0.631073, va_score: 0.670000
te_loss: 0.625717, te_score: 0.660000

time = 16
tr_loss: 0.584250, tr_score: 0.706250
va_loss: 0.608613, va_score: 0.700000
te_loss: 0.603398, te_score: 0.670000

time = 16
tr_loss: 0.610268, tr_score: 0.687500
va_loss: 0.607707, va_score: 0.700000
te_loss: 0.605707, te_score: 0.700000

time = 16
tr_loss: 0.586398, tr_score: 0.703750
va_loss: 0.663949, va_score: 0.660000
te_loss: 0.586031, te_score: 0.720000

time = 16
tr_loss: 0.594351, tr_score: 0.698750
va_loss: 0.537160, va_score: 0.760000
te_loss: 0.559403, te_score: 0.730000

time = 16
tr_loss: 0.591728, tr_score: 0.682500
va_loss: 0.537163, va_score: 0.750000
te_loss: 0.560885, te_score: 0.720000

time = 16
tr_loss: 0.557488, tr_score: 0.722500
va_loss: 0.655525, va_score: 0.660000
te_loss: 0.598096, te_score: 0.710000

time = 16
tr_loss: 0.553541, tr_score: 0.720000
va_loss: 0.532927, va_score: 0.790000
te_loss: 0.572964, te_score: 0.720000

time = 16
tr_loss: 0.590032, tr_score: 0.701250
va_loss: 0.607234, va_score: 0.730000
te_loss: 0.615557, te_score: 0.670000

time = 16
tr_loss: 0.599603, tr_score: 0.710000
va_loss: 0.542139, va_score: 0.790000
te_loss: 0.645797, te_score: 0.670000

time = 16
tr_loss: 0.576861, tr_score: 0.705000
va_loss: 0.618135, va_score: 0.670000
te_loss: 0.551340, te_score: 0.740000

======================================================
16  Seed:  [9082. 6878.  978. 6918.   35. 3547.  812. 1562. 5243. 8191. 5330. 4602.
 2929. 4830.  303. 9956. 3156. 7475. 4637.  734.]
tr_loss: 0.584048, tr_score: 0.706063
va_loss: 0.586659, va_score: 0.718000
te_loss: 0.594771, te_score: 0.694500
time = 17
tr_loss: 0.596187, tr_score: 0.712500
va_loss: 0.607643, va_score: 0.690000
te_loss: 0.596500, te_score: 0.710000

time = 17
tr_loss: 0.605162, tr_score: 0.713750
va_loss: 0.689040, va_score: 0.650000
te_loss: 0.609517, te_score: 0.740000

time = 17
tr_loss: 0.567758, tr_score: 0.712500
va_loss: 0.637725, va_score: 0.650000
te_loss: 0.591043, te_score: 0.660000

time = 17
tr_loss: 0.581030, tr_score: 0.707500
va_loss: 0.663803, va_score: 0.660000
te_loss: 0.583625, te_score: 0.690000

time = 17
tr_loss: 0.591708, tr_score: 0.707500
va_loss: 0.531763, va_score: 0.780000
te_loss: 0.574880, te_score: 0.730000

time = 17
tr_loss: 0.531739, tr_score: 0.732500
va_loss: 0.518966, va_score: 0.740000
te_loss: 0.599623, te_score: 0.650000

time = 17
tr_loss: 0.619873, tr_score: 0.710000
va_loss: 0.682999, va_score: 0.640000
te_loss: 0.647374, te_score: 0.670000

time = 17
tr_loss: 0.539997, tr_score: 0.727500
va_loss: 0.594695, va_score: 0.680000
te_loss: 0.677000, te_score: 0.620000

time = 17
tr_loss: 0.575226, tr_score: 0.706250
va_loss: 0.549417, va_score: 0.710000
te_loss: 0.554461, te_score: 0.710000

time = 17
tr_loss: 0.566945, tr_score: 0.722500
va_loss: 0.617655, va_score: 0.700000
te_loss: 0.635590, te_score: 0.620000

time = 17
tr_loss: 0.594154, tr_score: 0.712500
va_loss: 0.604491, va_score: 0.700000
te_loss: 0.654681, te_score: 0.660000

time = 17
tr_loss: 0.585189, tr_score: 0.706250
va_loss: 0.595807, va_score: 0.680000
te_loss: 0.580045, te_score: 0.680000

time = 17
tr_loss: 0.590566, tr_score: 0.703750
va_loss: 0.572196, va_score: 0.740000
te_loss: 0.594554, te_score: 0.750000

time = 17
tr_loss: 0.552319, tr_score: 0.723750
va_loss: 0.485010, va_score: 0.790000
te_loss: 0.506449, te_score: 0.770000

time = 17
tr_loss: 0.556602, tr_score: 0.731250
va_loss: 0.619463, va_score: 0.670000
te_loss: 0.646178, te_score: 0.660000

time = 17
tr_loss: 0.591123, tr_score: 0.710000
va_loss: 0.544785, va_score: 0.720000
te_loss: 0.555474, te_score: 0.740000

time = 17
tr_loss: 0.592583, tr_score: 0.708750
va_loss: 0.727226, va_score: 0.610000
te_loss: 0.605046, te_score: 0.710000

time = 17
tr_loss: 0.631841, tr_score: 0.695000
va_loss: 0.628312, va_score: 0.690000
te_loss: 0.642796, te_score: 0.720000

time = 17
tr_loss: 0.586076, tr_score: 0.718750
va_loss: 0.564969, va_score: 0.740000
te_loss: 0.626993, te_score: 0.670000

time = 17
tr_loss: 0.583441, tr_score: 0.702500
va_loss: 0.540943, va_score: 0.700000
te_loss: 0.588457, te_score: 0.680000

======================================================
17  Seed:  [9997. 6891. 7283.  296. 4194.  627. 9187. 9699.  412. 3964. 5059. 1882.
 6859. 7098. 9012. 6459. 3018. 8410. 9321. 1260.]
tr_loss: 0.581976, tr_score: 0.713250
va_loss: 0.598845, va_score: 0.697000
te_loss: 0.603514, te_score: 0.692000
time = 18
tr_loss: 0.599813, tr_score: 0.700000
va_loss: 0.618245, va_score: 0.710000
te_loss: 0.587274, te_score: 0.730000

time = 18
tr_loss: 0.596024, tr_score: 0.711250
va_loss: 0.584589, va_score: 0.720000
te_loss: 0.576399, te_score: 0.720000

time = 18
tr_loss: 0.549365, tr_score: 0.720000
va_loss: 0.519097, va_score: 0.750000
te_loss: 0.555567, te_score: 0.720000

time = 18
tr_loss: 0.613585, tr_score: 0.691250
va_loss: 0.623330, va_score: 0.680000
te_loss: 0.571679, te_score: 0.750000

time = 18
tr_loss: 0.551051, tr_score: 0.725000
va_loss: 0.610663, va_score: 0.660000
te_loss: 0.466998, te_score: 0.840000

time = 18
tr_loss: 0.588107, tr_score: 0.711250
va_loss: 0.590743, va_score: 0.680000
te_loss: 0.571038, te_score: 0.760000

time = 18
tr_loss: 0.571627, tr_score: 0.705000
va_loss: 0.635973, va_score: 0.630000
te_loss: 0.540466, te_score: 0.730000

time = 18
tr_loss: 0.561493, tr_score: 0.715000
va_loss: 0.606212, va_score: 0.690000
te_loss: 0.693188, te_score: 0.600000

time = 18
tr_loss: 0.615796, tr_score: 0.701250
va_loss: 0.578146, va_score: 0.690000
te_loss: 0.676040, te_score: 0.610000

time = 18
tr_loss: 0.614587, tr_score: 0.703750
va_loss: 0.583079, va_score: 0.730000
te_loss: 0.618764, te_score: 0.690000

time = 18
tr_loss: 0.589171, tr_score: 0.708750
va_loss: 0.670815, va_score: 0.650000
te_loss: 0.529572, te_score: 0.760000

time = 18
tr_loss: 0.580717, tr_score: 0.706250
va_loss: 0.600556, va_score: 0.690000
te_loss: 0.578811, te_score: 0.720000

time = 18
tr_loss: 0.593143, tr_score: 0.711250
va_loss: 0.629317, va_score: 0.670000
te_loss: 0.603920, te_score: 0.700000

time = 18
tr_loss: 0.576506, tr_score: 0.700000
va_loss: 0.558890, va_score: 0.710000
te_loss: 0.551923, te_score: 0.750000

time = 18
tr_loss: 0.542746, tr_score: 0.728750
va_loss: 0.528337, va_score: 0.740000
te_loss: 0.534328, te_score: 0.730000

time = 18
tr_loss: 0.608109, tr_score: 0.693750
va_loss: 0.562412, va_score: 0.750000
te_loss: 0.544612, te_score: 0.770000

time = 18
tr_loss: 0.589170, tr_score: 0.711250
va_loss: 0.636624, va_score: 0.690000
te_loss: 0.528362, te_score: 0.720000

time = 18
tr_loss: 0.577638, tr_score: 0.700000
va_loss: 0.575853, va_score: 0.730000
te_loss: 0.594121, te_score: 0.670000

time = 18
tr_loss: 0.574372, tr_score: 0.717500
va_loss: 0.556857, va_score: 0.760000
te_loss: 0.597661, te_score: 0.700000

time = 18
tr_loss: 0.588940, tr_score: 0.710000
va_loss: 0.532706, va_score: 0.740000
te_loss: 0.598716, te_score: 0.700000

======================================================
18  Seed:  [ 873. 4207. 9606. 9170. 6333. 9407. 8590.  438. 6112. 2282. 5826. 4132.
 5788. 3773.  899. 1544. 7119. 3120. 1138. 3253.]
tr_loss: 0.584098, tr_score: 0.708562
va_loss: 0.590122, va_score: 0.703500
te_loss: 0.575972, te_score: 0.718500
time = 19
tr_loss: 0.561649, tr_score: 0.722500
va_loss: 0.648632, va_score: 0.670000
te_loss: 0.614886, te_score: 0.660000

time = 19
tr_loss: 0.566817, tr_score: 0.712500
va_loss: 0.571720, va_score: 0.680000
te_loss: 0.643505, te_score: 0.610000

time = 19
tr_loss: 0.584393, tr_score: 0.702500
va_loss: 0.519732, va_score: 0.770000
te_loss: 0.607168, te_score: 0.690000

time = 19
tr_loss: 0.561203, tr_score: 0.738750
va_loss: 0.580325, va_score: 0.700000
te_loss: 0.621223, te_score: 0.670000

time = 19
tr_loss: 0.581310, tr_score: 0.715000
va_loss: 0.605743, va_score: 0.700000
te_loss: 0.513426, te_score: 0.790000

time = 19
tr_loss: 0.589788, tr_score: 0.688750
va_loss: 0.581421, va_score: 0.730000
te_loss: 0.633672, te_score: 0.650000

time = 19
tr_loss: 0.628474, tr_score: 0.702500
va_loss: 0.624806, va_score: 0.720000
te_loss: 0.649190, te_score: 0.660000

time = 19
tr_loss: 0.595170, tr_score: 0.717500
va_loss: 0.623242, va_score: 0.700000
te_loss: 0.616472, te_score: 0.680000

time = 19
tr_loss: 0.565726, tr_score: 0.717500
va_loss: 0.577332, va_score: 0.670000
te_loss: 0.516604, te_score: 0.750000

time = 19
tr_loss: 0.566623, tr_score: 0.712500
va_loss: 0.626228, va_score: 0.660000
te_loss: 0.618451, te_score: 0.690000

time = 19
tr_loss: 0.597488, tr_score: 0.703750
va_loss: 0.606975, va_score: 0.700000
te_loss: 0.655396, te_score: 0.670000

time = 19
tr_loss: 0.606346, tr_score: 0.717500
va_loss: 0.601903, va_score: 0.720000
te_loss: 0.631654, te_score: 0.690000

time = 19
tr_loss: 0.526347, tr_score: 0.742500
va_loss: 0.542699, va_score: 0.730000
te_loss: 0.622107, te_score: 0.700000

time = 19
tr_loss: 0.595590, tr_score: 0.657500
va_loss: 0.576609, va_score: 0.710000
te_loss: 0.603853, te_score: 0.630000

time = 19
tr_loss: 0.565708, tr_score: 0.712500
va_loss: 0.589889, va_score: 0.710000
te_loss: 0.530934, te_score: 0.740000

time = 19
tr_loss: 0.558604, tr_score: 0.731250
va_loss: 0.511985, va_score: 0.750000
te_loss: 0.552658, te_score: 0.720000

time = 19
tr_loss: 0.555575, tr_score: 0.727500
va_loss: 0.574969, va_score: 0.710000
te_loss: 0.603612, te_score: 0.680000

time = 19
tr_loss: 0.594577, tr_score: 0.701250
va_loss: 0.615685, va_score: 0.680000
te_loss: 0.550673, te_score: 0.710000

time = 19
tr_loss: 0.528971, tr_score: 0.726250
va_loss: 0.491653, va_score: 0.770000
te_loss: 0.565171, te_score: 0.720000

time = 19
tr_loss: 0.594368, tr_score: 0.697500
va_loss: 0.627244, va_score: 0.650000
te_loss: 0.580357, te_score: 0.730000

======================================================
19  Seed:  [3709. 6253. 7969. 4492. 4878.  212. 2129. 7387.  610. 9877. 6936. 8416.
 1824. 6324. 9841. 5493. 7619. 7977.  518. 1963.]
tr_loss: 0.576236, tr_score: 0.712375
va_loss: 0.584940, va_score: 0.706500
te_loss: 0.596551, te_score: 0.692000
time = 20
tr_loss: 0.602373, tr_score: 0.716250
va_loss: 0.587050, va_score: 0.720000
te_loss: 0.631510, te_score: 0.680000

time = 20
tr_loss: 0.578449, tr_score: 0.695000
va_loss: 0.534468, va_score: 0.750000
te_loss: 0.566577, te_score: 0.710000

time = 20
tr_loss: 0.553019, tr_score: 0.740000
va_loss: 0.554168, va_score: 0.680000
te_loss: 0.594070, te_score: 0.710000

time = 20
tr_loss: 0.584341, tr_score: 0.700000
va_loss: 0.630444, va_score: 0.680000
te_loss: 0.522928, te_score: 0.800000

time = 20
tr_loss: 0.584344, tr_score: 0.708750
va_loss: 0.643211, va_score: 0.650000
te_loss: 0.609934, te_score: 0.690000

time = 20
tr_loss: 0.572519, tr_score: 0.695000
va_loss: 0.540902, va_score: 0.740000
te_loss: 0.555895, te_score: 0.710000

time = 20
tr_loss: 0.589361, tr_score: 0.703750
va_loss: 0.545558, va_score: 0.770000
te_loss: 0.578675, te_score: 0.700000

time = 20
tr_loss: 0.589952, tr_score: 0.718750
va_loss: 0.651043, va_score: 0.640000
te_loss: 0.593245, te_score: 0.720000

time = 20
tr_loss: 0.604392, tr_score: 0.693750
va_loss: 0.634933, va_score: 0.690000
te_loss: 0.526801, te_score: 0.770000

time = 20
tr_loss: 0.622988, tr_score: 0.683750
va_loss: 0.570787, va_score: 0.780000
te_loss: 0.577216, te_score: 0.720000

time = 20
tr_loss: 0.596946, tr_score: 0.697500
va_loss: 0.597536, va_score: 0.690000
te_loss: 0.581405, te_score: 0.730000

time = 20
tr_loss: 0.536073, tr_score: 0.737500
va_loss: 0.539147, va_score: 0.730000
te_loss: 0.532075, te_score: 0.760000

time = 20
tr_loss: 0.583632, tr_score: 0.703750
va_loss: 0.547668, va_score: 0.740000
te_loss: 0.624146, te_score: 0.690000

time = 20
tr_loss: 0.591686, tr_score: 0.701250
va_loss: 0.629045, va_score: 0.670000
te_loss: 0.577055, te_score: 0.730000

time = 20
tr_loss: 0.575605, tr_score: 0.688750
va_loss: 0.569550, va_score: 0.720000
te_loss: 0.604979, te_score: 0.670000

time = 20
tr_loss: 0.627429, tr_score: 0.708750
va_loss: 0.716664, va_score: 0.610000
te_loss: 0.654737, te_score: 0.680000

time = 20
tr_loss: 0.551875, tr_score: 0.715000
va_loss: 0.540431, va_score: 0.750000
te_loss: 0.541807, te_score: 0.750000

time = 20
tr_loss: 0.578653, tr_score: 0.718750
va_loss: 0.616415, va_score: 0.690000
te_loss: 0.646887, te_score: 0.670000

time = 20
tr_loss: 0.608398, tr_score: 0.712500
va_loss: 0.575711, va_score: 0.760000
te_loss: 0.600951, te_score: 0.700000

time = 20
tr_loss: 0.516561, tr_score: 0.752500
va_loss: 0.608585, va_score: 0.700000
te_loss: 0.517253, te_score: 0.730000

======================================================
20  Seed:  [8890. 5137. 6638. 5364. 3035. 4210. 5798. 9783. 7946.  146. 8127. 1556.
 1338. 7812. 5900. 6230. 6141. 6234. 5455. 7649.]
tr_loss: 0.582430, tr_score: 0.709562
va_loss: 0.591666, va_score: 0.708000
te_loss: 0.581907, te_score: 0.716000


mid seed:  [6469. 3301. 7178. 4323. 9525.  454. 7215. 4562. 5178. 3971. 9338. 3960.
 2970. 9630. 2254.  396. 4264. 8949. 7913. 1289.]
mid test scores 0.7024999999999999
