time = 0
tr_loss: 0.586650, tr_score: 0.696250
va_loss: 0.583367, va_score: 0.700000
te_loss: 0.571790, te_score: 0.730000

time = 0
tr_loss: 0.587541, tr_score: 0.715000
va_loss: 0.623774, va_score: 0.640000
te_loss: 0.699351, te_score: 0.620000

time = 0
tr_loss: 0.579720, tr_score: 0.725000
va_loss: 0.604192, va_score: 0.670000
te_loss: 0.651696, te_score: 0.670000

time = 0
tr_loss: 0.564935, tr_score: 0.726250
va_loss: 0.574668, va_score: 0.730000
te_loss: 0.564963, te_score: 0.710000

time = 0
tr_loss: 0.604287, tr_score: 0.681250
va_loss: 0.674509, va_score: 0.600000
te_loss: 0.569058, te_score: 0.690000

time = 0
tr_loss: 0.548377, tr_score: 0.731250
va_loss: 0.692452, va_score: 0.630000
te_loss: 0.659320, te_score: 0.650000

time = 0
tr_loss: 0.640936, tr_score: 0.658750
va_loss: 0.614444, va_score: 0.710000
te_loss: 0.569592, te_score: 0.710000

time = 0
tr_loss: 0.574387, tr_score: 0.718750
va_loss: 0.524172, va_score: 0.780000
te_loss: 0.597239, te_score: 0.690000

time = 0
tr_loss: 0.574514, tr_score: 0.693750
va_loss: 0.533262, va_score: 0.740000
te_loss: 0.561167, te_score: 0.740000

time = 0
tr_loss: 0.569759, tr_score: 0.700000
va_loss: 0.570398, va_score: 0.720000
te_loss: 0.471381, te_score: 0.790000

time = 0
tr_loss: 0.600757, tr_score: 0.718750
va_loss: 0.587191, va_score: 0.750000
te_loss: 0.694312, te_score: 0.630000

time = 0
tr_loss: 0.543200, tr_score: 0.738750
va_loss: 0.580481, va_score: 0.710000
te_loss: 0.764811, te_score: 0.560000

time = 0
tr_loss: 0.591970, tr_score: 0.718750
va_loss: 0.645040, va_score: 0.680000
te_loss: 0.676114, te_score: 0.640000

time = 0
tr_loss: 0.515922, tr_score: 0.728750
va_loss: 0.502001, va_score: 0.730000
te_loss: 0.618833, te_score: 0.650000

time = 0
tr_loss: 0.569497, tr_score: 0.720000
va_loss: 0.642004, va_score: 0.650000
te_loss: 0.604049, te_score: 0.740000

time = 0
tr_loss: 0.611838, tr_score: 0.668750
va_loss: 0.666974, va_score: 0.610000
te_loss: 0.577210, te_score: 0.730000

time = 0
tr_loss: 0.582268, tr_score: 0.722500
va_loss: 0.636677, va_score: 0.640000
te_loss: 0.618695, te_score: 0.730000

time = 0
tr_loss: 0.585094, tr_score: 0.711250
va_loss: 0.637437, va_score: 0.650000
te_loss: 0.620834, te_score: 0.670000

time = 0
tr_loss: 0.547773, tr_score: 0.728750
va_loss: 0.586597, va_score: 0.680000
te_loss: 0.693311, te_score: 0.630000

time = 0
tr_loss: 0.593739, tr_score: 0.696250
va_loss: 0.559416, va_score: 0.780000
te_loss: 0.652814, te_score: 0.630000

======================================================
0  Seed:  [ 140. 2411. 2238. 5068. 2300. 9812. 6334. 4380. 4021. 8554. 2226. 8534.
 4715. 7921. 4457. 6212.  255.  495. 8301.  932.]
tr_loss: 0.578658, tr_score: 0.709937
va_loss: 0.601953, va_score: 0.690000
te_loss: 0.621827, te_score: 0.680500
time = 1
tr_loss: 0.622830, tr_score: 0.623750
va_loss: 0.722123, va_score: 0.480000
te_loss: 0.597516, te_score: 0.680000

time = 1
tr_loss: 0.563976, tr_score: 0.721250
va_loss: 0.633108, va_score: 0.670000
te_loss: 0.567102, te_score: 0.740000

time = 1
tr_loss: 0.584475, tr_score: 0.717500
va_loss: 0.554304, va_score: 0.730000
te_loss: 0.554109, te_score: 0.730000

time = 1
tr_loss: 0.582334, tr_score: 0.702500
va_loss: 0.563934, va_score: 0.730000
te_loss: 0.606502, te_score: 0.640000

time = 1
tr_loss: 0.504601, tr_score: 0.766250
va_loss: 0.563037, va_score: 0.690000
te_loss: 0.511241, te_score: 0.700000

time = 1
tr_loss: 0.610762, tr_score: 0.697500
va_loss: 0.626060, va_score: 0.670000
te_loss: 0.567082, te_score: 0.750000

time = 1
tr_loss: 0.568806, tr_score: 0.713750
va_loss: 0.581632, va_score: 0.720000
te_loss: 0.545301, te_score: 0.690000

time = 1
tr_loss: 0.586710, tr_score: 0.671250
va_loss: 0.571932, va_score: 0.770000
te_loss: 0.509097, te_score: 0.800000

time = 1
tr_loss: 0.583225, tr_score: 0.708750
va_loss: 0.609144, va_score: 0.690000
te_loss: 0.522048, te_score: 0.770000

time = 1
tr_loss: 0.569176, tr_score: 0.717500
va_loss: 0.599162, va_score: 0.730000
te_loss: 0.633065, te_score: 0.620000

time = 1
tr_loss: 0.613589, tr_score: 0.697500
va_loss: 0.634802, va_score: 0.670000
te_loss: 0.556271, te_score: 0.780000

time = 1
tr_loss: 0.568416, tr_score: 0.727500
va_loss: 0.607702, va_score: 0.680000
te_loss: 0.608686, te_score: 0.680000

time = 1
tr_loss: 0.594949, tr_score: 0.703750
va_loss: 0.535279, va_score: 0.750000
te_loss: 0.625709, te_score: 0.650000

time = 1
tr_loss: 0.594779, tr_score: 0.685000
va_loss: 0.571398, va_score: 0.710000
te_loss: 0.571744, te_score: 0.720000

time = 1
tr_loss: 0.587947, tr_score: 0.707500
va_loss: 0.661849, va_score: 0.640000
te_loss: 0.620781, te_score: 0.720000

time = 1
tr_loss: 0.567048, tr_score: 0.710000
va_loss: 0.595925, va_score: 0.720000
te_loss: 0.567041, te_score: 0.710000

time = 1
tr_loss: 0.527897, tr_score: 0.735000
va_loss: 0.509567, va_score: 0.770000
te_loss: 0.555761, te_score: 0.730000

time = 1
tr_loss: 0.552458, tr_score: 0.712500
va_loss: 0.600781, va_score: 0.680000
te_loss: 0.538611, te_score: 0.730000

time = 1
tr_loss: 0.547671, tr_score: 0.722500
va_loss: 0.513728, va_score: 0.780000
te_loss: 0.581762, te_score: 0.680000

time = 1
tr_loss: 0.597130, tr_score: 0.692500
va_loss: 0.566518, va_score: 0.750000
te_loss: 0.535633, te_score: 0.790000

======================================================
1  Seed:  [8640.  888. 4066.  552. 1437. 6591. 8969.  824. 8811.  938.  550. 9822.
 6241. 3057. 1352. 8361. 5326. 3377. 2314. 8889.]
tr_loss: 0.576439, tr_score: 0.706688
va_loss: 0.591099, va_score: 0.701500
te_loss: 0.568753, te_score: 0.715500
time = 2
tr_loss: 0.546140, tr_score: 0.718750
va_loss: 0.569655, va_score: 0.720000
te_loss: 0.611947, te_score: 0.690000

time = 2
tr_loss: 0.631290, tr_score: 0.688750
va_loss: 0.545719, va_score: 0.780000
te_loss: 0.601281, te_score: 0.710000

time = 2
tr_loss: 0.560745, tr_score: 0.723750
va_loss: 0.527005, va_score: 0.770000
te_loss: 0.559259, te_score: 0.740000

time = 2
tr_loss: 0.574283, tr_score: 0.716250
va_loss: 0.612583, va_score: 0.700000
te_loss: 0.577155, te_score: 0.720000

time = 2
tr_loss: 0.572144, tr_score: 0.705000
va_loss: 0.566569, va_score: 0.690000
te_loss: 0.468164, te_score: 0.790000

time = 2
tr_loss: 0.555775, tr_score: 0.731250
va_loss: 0.598601, va_score: 0.690000
te_loss: 0.640698, te_score: 0.660000

time = 2
tr_loss: 0.598130, tr_score: 0.696250
va_loss: 0.712028, va_score: 0.570000
te_loss: 0.612420, te_score: 0.710000

time = 2
tr_loss: 0.615421, tr_score: 0.700000
va_loss: 0.550627, va_score: 0.770000
te_loss: 0.590165, te_score: 0.710000

time = 2
tr_loss: 0.559477, tr_score: 0.727500
va_loss: 0.537852, va_score: 0.720000
te_loss: 0.635185, te_score: 0.670000

time = 2
tr_loss: 0.579509, tr_score: 0.721250
va_loss: 0.577855, va_score: 0.770000
te_loss: 0.549079, te_score: 0.740000

time = 2
tr_loss: 0.587073, tr_score: 0.717500
va_loss: 0.588477, va_score: 0.720000
te_loss: 0.637275, te_score: 0.670000

time = 2
tr_loss: 0.575647, tr_score: 0.718750
va_loss: 0.615262, va_score: 0.690000
te_loss: 0.494403, te_score: 0.790000

time = 2
tr_loss: 0.558670, tr_score: 0.742500
va_loss: 0.583909, va_score: 0.730000
te_loss: 0.574778, te_score: 0.700000

time = 2
tr_loss: 0.578219, tr_score: 0.717500
va_loss: 0.583047, va_score: 0.740000
te_loss: 0.585917, te_score: 0.690000

time = 2
tr_loss: 0.504696, tr_score: 0.757500
va_loss: 0.529534, va_score: 0.750000
te_loss: 0.522823, te_score: 0.700000

time = 2
tr_loss: 0.548197, tr_score: 0.732500
va_loss: 0.524910, va_score: 0.720000
te_loss: 0.531713, te_score: 0.740000

time = 2
tr_loss: 0.560742, tr_score: 0.718750
va_loss: 0.554293, va_score: 0.740000
te_loss: 0.577550, te_score: 0.690000

time = 2
tr_loss: 0.570798, tr_score: 0.720000
va_loss: 0.574389, va_score: 0.670000
te_loss: 0.532868, te_score: 0.740000

time = 2
tr_loss: 0.579727, tr_score: 0.705000
va_loss: 0.586881, va_score: 0.690000
te_loss: 0.566976, te_score: 0.700000

time = 2
tr_loss: 0.577971, tr_score: 0.698750
va_loss: 0.555923, va_score: 0.720000
te_loss: 0.585288, te_score: 0.690000

======================================================
2  Seed:  [5478. 7027. 2150. 7559. 3662. 2043. 8598. 4158. 6442. 4398. 3939. 9768.
 5143. 2231.  162. 6860. 3496. 7749. 2530. 2730.]
tr_loss: 0.571733, tr_score: 0.717875
va_loss: 0.574756, va_score: 0.717500
te_loss: 0.572747, te_score: 0.712500
time = 3
tr_loss: 0.569326, tr_score: 0.712500
va_loss: 0.617529, va_score: 0.670000
te_loss: 0.567704, te_score: 0.710000

time = 3
tr_loss: 0.583678, tr_score: 0.708750
va_loss: 0.652131, va_score: 0.660000
te_loss: 0.566720, te_score: 0.700000

time = 3
tr_loss: 0.554366, tr_score: 0.718750
va_loss: 0.598256, va_score: 0.680000
te_loss: 0.592049, te_score: 0.690000

time = 3
tr_loss: 0.565507, tr_score: 0.721250
va_loss: 0.566360, va_score: 0.760000
te_loss: 0.565054, te_score: 0.730000

time = 3
tr_loss: 0.583663, tr_score: 0.716250
va_loss: 0.601404, va_score: 0.710000
te_loss: 0.622659, te_score: 0.680000

time = 3
tr_loss: 0.598128, tr_score: 0.697500
va_loss: 0.563333, va_score: 0.780000
te_loss: 0.657750, te_score: 0.640000

time = 3
tr_loss: 0.587123, tr_score: 0.712500
va_loss: 0.681188, va_score: 0.620000
te_loss: 0.598382, te_score: 0.690000

time = 3
tr_loss: 0.578268, tr_score: 0.727500
va_loss: 0.615029, va_score: 0.670000
te_loss: 0.628809, te_score: 0.660000

time = 3
tr_loss: 0.591235, tr_score: 0.727500
va_loss: 0.661295, va_score: 0.690000
te_loss: 0.594993, te_score: 0.730000

time = 3
tr_loss: 0.615501, tr_score: 0.693750
va_loss: 0.597724, va_score: 0.710000
te_loss: 0.610431, te_score: 0.700000

time = 3
tr_loss: 0.591182, tr_score: 0.703750
va_loss: 0.585971, va_score: 0.740000
te_loss: 0.590813, te_score: 0.710000

time = 3
tr_loss: 0.600156, tr_score: 0.698750
va_loss: 0.559631, va_score: 0.740000
te_loss: 0.617606, te_score: 0.670000

time = 3
tr_loss: 0.653812, tr_score: 0.666250
va_loss: 0.675112, va_score: 0.660000
te_loss: 0.632462, te_score: 0.690000

time = 3
tr_loss: 0.601064, tr_score: 0.711250
va_loss: 0.645034, va_score: 0.660000
te_loss: 0.545124, te_score: 0.770000

time = 3
tr_loss: 0.568913, tr_score: 0.720000
va_loss: 0.653058, va_score: 0.640000
te_loss: 0.590047, te_score: 0.690000

time = 3
tr_loss: 0.503440, tr_score: 0.772500
va_loss: 0.565101, va_score: 0.720000
te_loss: 0.502732, te_score: 0.740000

time = 3
tr_loss: 0.542934, tr_score: 0.736250
va_loss: 0.527108, va_score: 0.750000
te_loss: 0.610339, te_score: 0.660000

time = 3
tr_loss: 0.568468, tr_score: 0.735000
va_loss: 0.708619, va_score: 0.580000
te_loss: 0.599884, te_score: 0.730000

time = 3
tr_loss: 0.590473, tr_score: 0.703750
va_loss: 0.588241, va_score: 0.680000
te_loss: 0.609652, te_score: 0.700000

time = 3
tr_loss: 0.591021, tr_score: 0.703750
va_loss: 0.598133, va_score: 0.700000
te_loss: 0.565967, te_score: 0.720000

======================================================
3  Seed:  [6469. 3301. 7178. 4323. 9525.  454. 7215. 4562. 5178. 3971. 9338. 3960.
 2970. 9630. 2254.  396. 4264. 8949. 7913. 1289.]
tr_loss: 0.581913, tr_score: 0.714375
va_loss: 0.613013, va_score: 0.691000
te_loss: 0.593459, te_score: 0.700500
time = 4
tr_loss: 0.637385, tr_score: 0.690000
va_loss: 0.601170, va_score: 0.750000
te_loss: 0.615473, te_score: 0.730000

time = 4
tr_loss: 0.586727, tr_score: 0.710000
va_loss: 0.550023, va_score: 0.780000
te_loss: 0.568230, te_score: 0.720000

time = 4
tr_loss: 0.562252, tr_score: 0.702500
va_loss: 0.555364, va_score: 0.720000
te_loss: 0.561819, te_score: 0.750000

time = 4
tr_loss: 0.570695, tr_score: 0.696250
va_loss: 0.542256, va_score: 0.760000
te_loss: 0.626263, te_score: 0.660000

time = 4
tr_loss: 0.570941, tr_score: 0.705000
va_loss: 0.620268, va_score: 0.670000
te_loss: 0.575595, te_score: 0.700000

time = 4
tr_loss: 0.575496, tr_score: 0.716250
va_loss: 0.600448, va_score: 0.730000
te_loss: 0.567008, te_score: 0.720000

time = 4
tr_loss: 0.606059, tr_score: 0.705000
va_loss: 0.617612, va_score: 0.710000
te_loss: 0.573188, te_score: 0.730000

time = 4
tr_loss: 0.611181, tr_score: 0.710000
va_loss: 0.707242, va_score: 0.610000
te_loss: 0.533574, te_score: 0.780000

time = 4
tr_loss: 0.546216, tr_score: 0.745000
va_loss: 0.582862, va_score: 0.680000
te_loss: 0.493698, te_score: 0.800000

time = 4
tr_loss: 0.544836, tr_score: 0.738750
va_loss: 0.545914, va_score: 0.740000
te_loss: 0.547223, te_score: 0.710000

time = 4
tr_loss: 0.582231, tr_score: 0.718750
va_loss: 0.600411, va_score: 0.710000
te_loss: 0.567144, te_score: 0.730000

time = 4
tr_loss: 0.585398, tr_score: 0.710000
va_loss: 0.550508, va_score: 0.700000
te_loss: 0.618226, te_score: 0.680000

time = 4
tr_loss: 0.594794, tr_score: 0.696250
va_loss: 0.552226, va_score: 0.770000
te_loss: 0.626993, te_score: 0.660000

time = 4
tr_loss: 0.585887, tr_score: 0.700000
va_loss: 0.527311, va_score: 0.760000
te_loss: 0.528233, te_score: 0.750000

time = 4
tr_loss: 0.575332, tr_score: 0.692500
va_loss: 0.613455, va_score: 0.660000
te_loss: 0.653264, te_score: 0.600000

time = 4
tr_loss: 0.604855, tr_score: 0.690000
va_loss: 0.547188, va_score: 0.750000
te_loss: 0.579386, te_score: 0.750000

time = 4
tr_loss: 0.619490, tr_score: 0.695000
va_loss: 0.572797, va_score: 0.710000
te_loss: 0.641253, te_score: 0.660000

time = 4
tr_loss: 0.553871, tr_score: 0.698750
va_loss: 0.550367, va_score: 0.720000
te_loss: 0.567224, te_score: 0.690000

time = 4
tr_loss: 0.572081, tr_score: 0.720000
va_loss: 0.642132, va_score: 0.640000
te_loss: 0.597999, te_score: 0.700000

time = 4
tr_loss: 0.550780, tr_score: 0.717500
va_loss: 0.553011, va_score: 0.730000
te_loss: 0.514231, te_score: 0.730000

======================================================
4  Seed:  [8744.  130. 2730. 2289. 3436.   91. 5431.  214. 1996. 7906. 4318. 5189.
 9458. 5884. 7590. 9032. 7937. 3024. 1021. 9551.]
tr_loss: 0.581825, tr_score: 0.707875
va_loss: 0.581628, va_score: 0.715000
te_loss: 0.577801, te_score: 0.712500
time = 5
tr_loss: 0.556342, tr_score: 0.722500
va_loss: 0.585302, va_score: 0.680000
te_loss: 0.592092, te_score: 0.680000

time = 5
tr_loss: 0.586812, tr_score: 0.695000
va_loss: 0.610642, va_score: 0.670000
te_loss: 0.523558, te_score: 0.770000

time = 5
tr_loss: 0.600531, tr_score: 0.710000
va_loss: 0.637362, va_score: 0.680000
te_loss: 0.628767, te_score: 0.660000

time = 5
tr_loss: 0.573247, tr_score: 0.723750
va_loss: 0.585516, va_score: 0.710000
te_loss: 0.569342, te_score: 0.740000

time = 5
tr_loss: 0.558784, tr_score: 0.737500
va_loss: 0.591320, va_score: 0.700000
te_loss: 0.509344, te_score: 0.780000

time = 5
tr_loss: 0.558797, tr_score: 0.705000
va_loss: 0.516279, va_score: 0.750000
te_loss: 0.514914, te_score: 0.770000

time = 5
tr_loss: 0.654878, tr_score: 0.708750
va_loss: 0.598877, va_score: 0.760000
te_loss: 0.684328, te_score: 0.700000

time = 5
tr_loss: 0.592418, tr_score: 0.713750
va_loss: 0.579684, va_score: 0.720000
te_loss: 0.568379, te_score: 0.730000

time = 5
tr_loss: 0.583592, tr_score: 0.702500
va_loss: 0.615425, va_score: 0.730000
te_loss: 0.598436, te_score: 0.720000

time = 5
tr_loss: 0.573986, tr_score: 0.728750
va_loss: 0.594050, va_score: 0.720000
te_loss: 0.574716, te_score: 0.700000

time = 5
tr_loss: 0.625023, tr_score: 0.681250
va_loss: 0.661635, va_score: 0.630000
te_loss: 0.615154, te_score: 0.690000

time = 5
tr_loss: 0.571333, tr_score: 0.708750
va_loss: 0.462530, va_score: 0.790000
te_loss: 0.524235, te_score: 0.730000

time = 5
tr_loss: 0.559116, tr_score: 0.722500
va_loss: 0.548497, va_score: 0.730000
te_loss: 0.571069, te_score: 0.750000

time = 5
tr_loss: 0.565740, tr_score: 0.700000
va_loss: 0.532394, va_score: 0.760000
te_loss: 0.634729, te_score: 0.640000

time = 5
tr_loss: 0.614901, tr_score: 0.705000
va_loss: 0.607796, va_score: 0.700000
te_loss: 0.649785, te_score: 0.660000

time = 5
tr_loss: 0.578438, tr_score: 0.701250
va_loss: 0.515003, va_score: 0.780000
te_loss: 0.589405, te_score: 0.630000

time = 5
tr_loss: 0.594626, tr_score: 0.717500
va_loss: 0.637943, va_score: 0.680000
te_loss: 0.583790, te_score: 0.740000

time = 5
tr_loss: 0.586854, tr_score: 0.696250
va_loss: 0.495839, va_score: 0.810000
te_loss: 0.603889, te_score: 0.680000

time = 5
tr_loss: 0.555154, tr_score: 0.715000
va_loss: 0.497924, va_score: 0.790000
te_loss: 0.644662, te_score: 0.620000

time = 5
tr_loss: 0.563081, tr_score: 0.732500
va_loss: 0.613072, va_score: 0.690000
te_loss: 0.598679, te_score: 0.700000

======================================================
5  Seed:  [1237. 6412. 2121. 6405. 4525. 1302. 1340. 7513. 9914. 1173. 2339. 2687.
 5417. 1769. 4522. 4161. 3470. 2003. 6862. 6659.]
tr_loss: 0.582683, tr_score: 0.711375
va_loss: 0.574355, va_score: 0.724000
te_loss: 0.588964, te_score: 0.704500
time = 6
tr_loss: 0.551194, tr_score: 0.741250
va_loss: 0.494523, va_score: 0.760000
te_loss: 0.587356, te_score: 0.740000

time = 6
tr_loss: 0.602662, tr_score: 0.705000
va_loss: 0.644502, va_score: 0.660000
te_loss: 0.638547, te_score: 0.660000

time = 6
tr_loss: 0.526913, tr_score: 0.757500
va_loss: 0.557296, va_score: 0.690000
te_loss: 0.613479, te_score: 0.690000

time = 6
tr_loss: 0.591083, tr_score: 0.705000
va_loss: 0.588940, va_score: 0.720000
te_loss: 0.605067, te_score: 0.640000

time = 6
tr_loss: 0.555259, tr_score: 0.717500
va_loss: 0.577727, va_score: 0.690000
te_loss: 0.478399, te_score: 0.790000

time = 6
tr_loss: 0.588208, tr_score: 0.723750
va_loss: 0.690058, va_score: 0.680000
te_loss: 0.691712, te_score: 0.610000

time = 6
tr_loss: 0.591714, tr_score: 0.706250
va_loss: 0.651707, va_score: 0.630000
te_loss: 0.554235, te_score: 0.740000

time = 6
tr_loss: 0.583621, tr_score: 0.715000
va_loss: 0.652156, va_score: 0.650000
te_loss: 0.594174, te_score: 0.710000

time = 6
tr_loss: 0.659924, tr_score: 0.686250
va_loss: 0.575002, va_score: 0.760000
te_loss: 0.586887, te_score: 0.750000

time = 6
tr_loss: 0.493441, tr_score: 0.771250
va_loss: 0.513726, va_score: 0.770000
te_loss: 0.487885, te_score: 0.750000

time = 6
tr_loss: 0.579245, tr_score: 0.712500
va_loss: 0.578230, va_score: 0.710000
te_loss: 0.705666, te_score: 0.580000

time = 6
tr_loss: 0.597513, tr_score: 0.716250
va_loss: 0.611334, va_score: 0.700000
te_loss: 0.604701, te_score: 0.710000

time = 6
tr_loss: 0.610919, tr_score: 0.682500
va_loss: 0.594386, va_score: 0.740000
te_loss: 0.635815, te_score: 0.680000

time = 6
tr_loss: 0.579298, tr_score: 0.706250
va_loss: 0.552978, va_score: 0.750000
te_loss: 0.543726, te_score: 0.760000

time = 6
tr_loss: 0.531032, tr_score: 0.755000
va_loss: 0.544497, va_score: 0.760000
te_loss: 0.594560, te_score: 0.690000

time = 6
tr_loss: 0.610614, tr_score: 0.698750
va_loss: 0.612147, va_score: 0.680000
te_loss: 0.615775, te_score: 0.670000

time = 6
tr_loss: 0.569033, tr_score: 0.708750
va_loss: 0.514271, va_score: 0.750000
te_loss: 0.560267, te_score: 0.710000

time = 6
tr_loss: 0.568611, tr_score: 0.715000
va_loss: 0.539332, va_score: 0.770000
te_loss: 0.569771, te_score: 0.700000

time = 6
tr_loss: 0.578934, tr_score: 0.725000
va_loss: 0.582814, va_score: 0.720000
te_loss: 0.587990, te_score: 0.720000

time = 6
tr_loss: 0.568809, tr_score: 0.695000
va_loss: 0.612322, va_score: 0.700000
te_loss: 0.594111, te_score: 0.680000

======================================================
6  Seed:  [7694. 6294. 7622. 3529.   96. 7204. 5217. 3436.  887. 8110. 7803. 3805.
 1114. 2222. 9584. 2008. 1959. 4210.  576. 6097.]
tr_loss: 0.576901, tr_score: 0.717187
va_loss: 0.584397, va_score: 0.714500
te_loss: 0.592506, te_score: 0.699000
time = 7
tr_loss: 0.536466, tr_score: 0.736250
va_loss: 0.556542, va_score: 0.690000
te_loss: 0.483362, te_score: 0.820000

time = 7
tr_loss: 0.622488, tr_score: 0.665000
va_loss: 0.564919, va_score: 0.710000
te_loss: 0.604210, te_score: 0.680000

time = 7
tr_loss: 0.582798, tr_score: 0.716250
va_loss: 0.533753, va_score: 0.740000
te_loss: 0.560070, te_score: 0.740000

time = 7
tr_loss: 0.599131, tr_score: 0.711250
va_loss: 0.568656, va_score: 0.720000
te_loss: 0.609705, te_score: 0.710000

time = 7
tr_loss: 0.597632, tr_score: 0.693750
va_loss: 0.586247, va_score: 0.730000
te_loss: 0.590329, te_score: 0.730000

time = 7
tr_loss: 0.598749, tr_score: 0.692500
va_loss: 0.662353, va_score: 0.610000
te_loss: 0.588210, te_score: 0.710000

time = 7
tr_loss: 0.526669, tr_score: 0.746250
va_loss: 0.561726, va_score: 0.730000
te_loss: 0.458428, te_score: 0.720000

time = 7
tr_loss: 0.492860, tr_score: 0.778750
va_loss: 0.508250, va_score: 0.750000
te_loss: 0.549595, te_score: 0.710000

time = 7
tr_loss: 0.577423, tr_score: 0.698750
va_loss: 0.625565, va_score: 0.690000
te_loss: 0.602801, te_score: 0.670000

time = 7
tr_loss: 0.566405, tr_score: 0.717500
va_loss: 0.547877, va_score: 0.750000
te_loss: 0.587320, te_score: 0.660000

time = 7
tr_loss: 0.573124, tr_score: 0.730000
va_loss: 0.603532, va_score: 0.710000
te_loss: 0.607010, te_score: 0.710000

time = 7
tr_loss: 0.579654, tr_score: 0.712500
va_loss: 0.627418, va_score: 0.660000
te_loss: 0.569166, te_score: 0.730000

time = 7
tr_loss: 0.585821, tr_score: 0.738750
va_loss: 0.686550, va_score: 0.600000
te_loss: 0.662296, te_score: 0.630000

time = 7
tr_loss: 0.557134, tr_score: 0.721250
va_loss: 0.570297, va_score: 0.760000
te_loss: 0.606441, te_score: 0.680000

time = 7
tr_loss: 0.618093, tr_score: 0.717500
va_loss: 0.655725, va_score: 0.690000
te_loss: 0.679893, te_score: 0.640000

time = 7
tr_loss: 0.607251, tr_score: 0.692500
va_loss: 0.691285, va_score: 0.670000
te_loss: 0.592575, te_score: 0.720000

time = 7
tr_loss: 0.605354, tr_score: 0.708750
va_loss: 0.614825, va_score: 0.710000
te_loss: 0.684206, te_score: 0.640000

time = 7
tr_loss: 0.594794, tr_score: 0.702500
va_loss: 0.567083, va_score: 0.760000
te_loss: 0.676470, te_score: 0.620000

time = 7
tr_loss: 0.622412, tr_score: 0.692500
va_loss: 0.614254, va_score: 0.690000
te_loss: 0.599461, te_score: 0.730000

time = 7
tr_loss: 0.619707, tr_score: 0.696250
va_loss: 0.575332, va_score: 0.740000
te_loss: 0.599115, te_score: 0.720000

======================================================
7  Seed:  [ 667. 3641. 1333. 4721. 6871. 9519. 4778.  927. 8338.   13. 3683. 6570.
 1422. 3821. 5722.  599. 3527. 1784. 1921. 2070.]
tr_loss: 0.583198, tr_score: 0.713438
va_loss: 0.596109, va_score: 0.705500
te_loss: 0.595533, te_score: 0.698500
time = 8
tr_loss: 0.570595, tr_score: 0.703750
va_loss: 0.592444, va_score: 0.710000
te_loss: 0.472372, te_score: 0.820000

time = 8
tr_loss: 0.612557, tr_score: 0.725000
va_loss: 0.672123, va_score: 0.610000
te_loss: 0.590351, te_score: 0.720000

time = 8
tr_loss: 0.628943, tr_score: 0.698750
va_loss: 0.599180, va_score: 0.680000
te_loss: 0.578889, te_score: 0.730000

time = 8
tr_loss: 0.548688, tr_score: 0.723750
va_loss: 0.561193, va_score: 0.700000
te_loss: 0.591422, te_score: 0.720000

time = 8
tr_loss: 0.574640, tr_score: 0.708750
va_loss: 0.561966, va_score: 0.720000
te_loss: 0.543196, te_score: 0.740000

time = 8
tr_loss: 0.549223, tr_score: 0.723750
va_loss: 0.574189, va_score: 0.650000
te_loss: 0.554494, te_score: 0.730000

time = 8
tr_loss: 0.546736, tr_score: 0.743750
va_loss: 0.543030, va_score: 0.690000
te_loss: 0.634848, te_score: 0.730000

time = 8
tr_loss: 0.591700, tr_score: 0.701250
va_loss: 0.518195, va_score: 0.770000
te_loss: 0.580478, te_score: 0.740000

time = 8
tr_loss: 0.565526, tr_score: 0.705000
va_loss: 0.599215, va_score: 0.690000
te_loss: 0.540752, te_score: 0.730000

time = 8
tr_loss: 0.560873, tr_score: 0.726250
va_loss: 0.613852, va_score: 0.660000
te_loss: 0.581745, te_score: 0.710000

time = 8
tr_loss: 0.584750, tr_score: 0.692500
va_loss: 0.541087, va_score: 0.770000
te_loss: 0.516862, te_score: 0.790000

time = 8
tr_loss: 0.548312, tr_score: 0.728750
va_loss: 0.520214, va_score: 0.820000
te_loss: 0.586216, te_score: 0.690000

time = 8
tr_loss: 0.582635, tr_score: 0.708750
va_loss: 0.579239, va_score: 0.690000
te_loss: 0.581216, te_score: 0.680000

time = 8
tr_loss: 0.637299, tr_score: 0.688750
va_loss: 0.585990, va_score: 0.780000
te_loss: 0.632174, te_score: 0.750000

time = 8
tr_loss: 0.553752, tr_score: 0.713750
va_loss: 0.539178, va_score: 0.720000
te_loss: 0.513786, te_score: 0.750000

time = 8
tr_loss: 0.550139, tr_score: 0.735000
va_loss: 0.509979, va_score: 0.750000
te_loss: 0.682469, te_score: 0.600000

time = 8
tr_loss: 0.577800, tr_score: 0.712500
va_loss: 0.570730, va_score: 0.710000
te_loss: 0.582081, te_score: 0.680000

time = 8
tr_loss: 0.580009, tr_score: 0.693750
va_loss: 0.554312, va_score: 0.730000
te_loss: 0.565744, te_score: 0.730000

time = 8
tr_loss: 0.579129, tr_score: 0.698750
va_loss: 0.587202, va_score: 0.690000
te_loss: 0.588056, te_score: 0.710000

time = 8
tr_loss: 0.551918, tr_score: 0.708750
va_loss: 0.595624, va_score: 0.680000
te_loss: 0.665749, te_score: 0.620000

======================================================
8  Seed:  [4860. 8426. 6918. 8393. 2977. 1581. 7001.  814. 5947. 4477. 3311. 7270.
 5082. 4712. 7103. 6080. 5821. 8708. 4579. 2324.]
tr_loss: 0.574761, tr_score: 0.712062
va_loss: 0.570947, va_score: 0.711000
te_loss: 0.579145, te_score: 0.718500
time = 9
tr_loss: 0.594750, tr_score: 0.695000
va_loss: 0.594341, va_score: 0.680000
te_loss: 0.559915, te_score: 0.710000

time = 9
tr_loss: 0.592374, tr_score: 0.712500
va_loss: 0.651139, va_score: 0.610000
te_loss: 0.588821, te_score: 0.740000

time = 9
tr_loss: 0.574104, tr_score: 0.718750
va_loss: 0.583173, va_score: 0.680000
te_loss: 0.634115, te_score: 0.650000

time = 9
tr_loss: 0.526582, tr_score: 0.743750
va_loss: 0.579838, va_score: 0.720000
te_loss: 0.594158, te_score: 0.700000

time = 9
tr_loss: 0.577646, tr_score: 0.702500
va_loss: 0.542272, va_score: 0.770000
te_loss: 0.683247, te_score: 0.610000

time = 9
tr_loss: 0.569274, tr_score: 0.715000
va_loss: 0.559832, va_score: 0.700000
te_loss: 0.624038, te_score: 0.660000

time = 9
tr_loss: 0.614098, tr_score: 0.702500
va_loss: 0.588395, va_score: 0.730000
te_loss: 0.601585, te_score: 0.720000

time = 9
tr_loss: 0.559914, tr_score: 0.723750
va_loss: 0.557323, va_score: 0.710000
te_loss: 0.581026, te_score: 0.730000

time = 9
tr_loss: 0.554397, tr_score: 0.725000
va_loss: 0.523686, va_score: 0.750000
te_loss: 0.528080, te_score: 0.760000

time = 9
tr_loss: 0.552509, tr_score: 0.716250
va_loss: 0.616553, va_score: 0.650000
te_loss: 0.552534, te_score: 0.720000

time = 9
tr_loss: 0.560816, tr_score: 0.723750
va_loss: 0.533545, va_score: 0.780000
te_loss: 0.567780, te_score: 0.710000

time = 9
tr_loss: 0.580935, tr_score: 0.698750
va_loss: 0.542106, va_score: 0.710000
te_loss: 0.568470, te_score: 0.740000

time = 9
tr_loss: 0.604306, tr_score: 0.708750
va_loss: 0.594594, va_score: 0.730000
te_loss: 0.520504, te_score: 0.790000

time = 9
tr_loss: 0.581022, tr_score: 0.710000
va_loss: 0.582426, va_score: 0.710000
te_loss: 0.536047, te_score: 0.760000

time = 9
tr_loss: 0.586872, tr_score: 0.706250
va_loss: 0.668568, va_score: 0.640000
te_loss: 0.594767, te_score: 0.680000

time = 9
tr_loss: 0.603958, tr_score: 0.696250
va_loss: 0.575578, va_score: 0.720000
te_loss: 0.576610, te_score: 0.710000

time = 9
tr_loss: 0.596843, tr_score: 0.703750
va_loss: 0.578744, va_score: 0.710000
te_loss: 0.633099, te_score: 0.670000

time = 9
tr_loss: 0.600625, tr_score: 0.701250
va_loss: 0.591116, va_score: 0.730000
te_loss: 0.648389, te_score: 0.650000

time = 9
tr_loss: 0.573048, tr_score: 0.713750
va_loss: 0.596851, va_score: 0.710000
te_loss: 0.624761, te_score: 0.670000

time = 9
tr_loss: 0.594811, tr_score: 0.711250
va_loss: 0.590845, va_score: 0.730000
te_loss: 0.599607, te_score: 0.720000

======================================================
9  Seed:  [9948.  542.  232.  666. 5686. 1955. 6679. 1732. 8003. 9621. 2645. 4622.
 2831. 7236. 6932. 8781. 1798. 9886. 2715. 5559.]
tr_loss: 0.579944, tr_score: 0.711437
va_loss: 0.582546, va_score: 0.708500
te_loss: 0.590878, te_score: 0.705000
time = 10
tr_loss: 0.590602, tr_score: 0.700000
va_loss: 0.572002, va_score: 0.710000
te_loss: 0.560953, te_score: 0.740000

time = 10
tr_loss: 0.598846, tr_score: 0.708750
va_loss: 0.604221, va_score: 0.710000
te_loss: 0.562655, te_score: 0.730000

time = 10
tr_loss: 0.565215, tr_score: 0.708750
va_loss: 0.537501, va_score: 0.760000
te_loss: 0.648997, te_score: 0.650000

time = 10
tr_loss: 0.627775, tr_score: 0.687500
va_loss: 0.558384, va_score: 0.770000
te_loss: 0.589863, te_score: 0.730000

time = 10
tr_loss: 0.586309, tr_score: 0.691250
va_loss: 0.554210, va_score: 0.720000
te_loss: 0.534731, te_score: 0.790000

time = 10
tr_loss: 0.605588, tr_score: 0.691250
va_loss: 0.572893, va_score: 0.720000
te_loss: 0.562794, te_score: 0.760000

time = 10
tr_loss: 0.594490, tr_score: 0.696250
va_loss: 0.538105, va_score: 0.760000
te_loss: 0.550700, te_score: 0.770000

time = 10
tr_loss: 0.590365, tr_score: 0.693750
va_loss: 0.451398, va_score: 0.840000
te_loss: 0.569153, te_score: 0.740000

time = 10
tr_loss: 0.552364, tr_score: 0.722500
va_loss: 0.570621, va_score: 0.680000
te_loss: 0.576250, te_score: 0.670000

time = 10
tr_loss: 0.622900, tr_score: 0.692500
va_loss: 0.594427, va_score: 0.740000
te_loss: 0.568123, te_score: 0.720000

time = 10
tr_loss: 0.576866, tr_score: 0.710000
va_loss: 0.603575, va_score: 0.670000
te_loss: 0.587160, te_score: 0.730000

time = 10
tr_loss: 0.500860, tr_score: 0.756250
va_loss: 0.581793, va_score: 0.700000
te_loss: 0.551445, te_score: 0.750000

time = 10
tr_loss: 0.544884, tr_score: 0.722500
va_loss: 0.554049, va_score: 0.750000
te_loss: 0.568063, te_score: 0.760000

time = 10
tr_loss: 0.577224, tr_score: 0.700000
va_loss: 0.516231, va_score: 0.770000
te_loss: 0.504045, te_score: 0.830000

time = 10
tr_loss: 0.596386, tr_score: 0.715000
va_loss: 0.692345, va_score: 0.630000
te_loss: 0.662437, te_score: 0.660000

time = 10
tr_loss: 0.603720, tr_score: 0.703750
va_loss: 0.555248, va_score: 0.780000
te_loss: 0.550065, te_score: 0.760000

time = 10
tr_loss: 0.591834, tr_score: 0.700000
va_loss: 0.512608, va_score: 0.770000
te_loss: 0.605750, te_score: 0.710000

time = 10
tr_loss: 0.593595, tr_score: 0.690000
va_loss: 0.605307, va_score: 0.720000
te_loss: 0.626544, te_score: 0.690000

time = 10
tr_loss: 0.575598, tr_score: 0.712500
va_loss: 0.532084, va_score: 0.740000
te_loss: 0.599865, te_score: 0.690000

time = 10
tr_loss: 0.534397, tr_score: 0.720000
va_loss: 0.650465, va_score: 0.590000
te_loss: 0.530231, te_score: 0.760000

======================================================
10  Seed:  [9217. 8758. 9318. 9902. 9257. 5433. 4194. 5342. 6064. 1182. 7632. 9724.
 4507. 4141. 7028. 4431.  710. 9505. 6403. 3797.]
tr_loss: 0.581491, tr_score: 0.706125
va_loss: 0.567873, va_score: 0.726500
te_loss: 0.575491, te_score: 0.732000
time = 11
tr_loss: 0.568418, tr_score: 0.715000
va_loss: 0.448260, va_score: 0.850000
te_loss: 0.629350, te_score: 0.650000

time = 11
tr_loss: 0.568536, tr_score: 0.722500
va_loss: 0.589087, va_score: 0.740000
te_loss: 0.610159, te_score: 0.690000

time = 11
tr_loss: 0.567892, tr_score: 0.702500
va_loss: 0.606468, va_score: 0.690000
te_loss: 0.553493, te_score: 0.750000

time = 11
tr_loss: 0.574085, tr_score: 0.707500
va_loss: 0.584702, va_score: 0.690000
te_loss: 0.517614, te_score: 0.770000

time = 11
tr_loss: 0.589730, tr_score: 0.711250
va_loss: 0.638015, va_score: 0.660000
te_loss: 0.604013, te_score: 0.660000

time = 11
tr_loss: 0.583889, tr_score: 0.696250
va_loss: 0.577081, va_score: 0.700000
te_loss: 0.549910, te_score: 0.730000

time = 11
tr_loss: 0.575085, tr_score: 0.721250
va_loss: 0.662751, va_score: 0.650000
te_loss: 0.630442, te_score: 0.670000

time = 11
tr_loss: 0.562839, tr_score: 0.730000
va_loss: 0.480110, va_score: 0.790000
te_loss: 0.577371, te_score: 0.740000

time = 11
tr_loss: 0.611322, tr_score: 0.682500
va_loss: 0.655310, va_score: 0.630000
te_loss: 0.598119, te_score: 0.710000

time = 11
tr_loss: 0.620010, tr_score: 0.707500
va_loss: 0.627551, va_score: 0.690000
te_loss: 0.649948, te_score: 0.650000

time = 11
tr_loss: 0.581545, tr_score: 0.697500
va_loss: 0.621534, va_score: 0.670000
te_loss: 0.514407, te_score: 0.760000

time = 11
tr_loss: 0.578501, tr_score: 0.726250
va_loss: 0.654438, va_score: 0.640000
te_loss: 0.690003, te_score: 0.580000

time = 11
tr_loss: 0.560851, tr_score: 0.727500
va_loss: 0.573916, va_score: 0.720000
te_loss: 0.624603, te_score: 0.650000

time = 11
tr_loss: 0.543520, tr_score: 0.735000
va_loss: 0.491340, va_score: 0.770000
te_loss: 0.645181, te_score: 0.610000

time = 11
tr_loss: 0.535939, tr_score: 0.753750
va_loss: 0.523426, va_score: 0.760000
te_loss: 0.579161, te_score: 0.720000

time = 11
tr_loss: 0.589912, tr_score: 0.720000
va_loss: 0.680735, va_score: 0.600000
te_loss: 0.570245, te_score: 0.730000

time = 11
tr_loss: 0.618852, tr_score: 0.706250
va_loss: 0.571620, va_score: 0.740000
te_loss: 0.562314, te_score: 0.710000

time = 11
tr_loss: 0.532333, tr_score: 0.746250
va_loss: 0.516411, va_score: 0.780000
te_loss: 0.571868, te_score: 0.740000

time = 11
tr_loss: 0.617393, tr_score: 0.702500
va_loss: 0.636104, va_score: 0.730000
te_loss: 0.679517, te_score: 0.630000

time = 11
tr_loss: 0.578181, tr_score: 0.716250
va_loss: 0.543843, va_score: 0.770000
te_loss: 0.631567, te_score: 0.690000

======================================================
11  Seed:  [ 276. 7096. 7576. 7225. 8005. 7496. 1258. 6191. 8489. 5152. 4572. 4247.
 5941. 8136.  978. 3169. 6643. 4121. 8439. 9382.]
tr_loss: 0.577942, tr_score: 0.716375
va_loss: 0.584135, va_score: 0.713500
te_loss: 0.599464, te_score: 0.692000
time = 12
tr_loss: 0.582424, tr_score: 0.715000
va_loss: 0.609971, va_score: 0.670000
te_loss: 0.560663, te_score: 0.710000

time = 12
tr_loss: 0.535243, tr_score: 0.730000
va_loss: 0.602380, va_score: 0.660000
te_loss: 0.517163, te_score: 0.730000

time = 12
tr_loss: 0.553395, tr_score: 0.732500
va_loss: 0.571850, va_score: 0.680000
te_loss: 0.599636, te_score: 0.630000

time = 12
tr_loss: 0.523174, tr_score: 0.730000
va_loss: 0.577116, va_score: 0.670000
te_loss: 0.655776, te_score: 0.610000

time = 12
tr_loss: 0.606852, tr_score: 0.705000
va_loss: 0.657742, va_score: 0.660000
te_loss: 0.636867, te_score: 0.660000

time = 12
tr_loss: 0.587560, tr_score: 0.712500
va_loss: 0.604713, va_score: 0.700000
te_loss: 0.604675, te_score: 0.700000

time = 12
tr_loss: 0.615663, tr_score: 0.683750
va_loss: 0.633048, va_score: 0.680000
te_loss: 0.654203, te_score: 0.640000

time = 12
tr_loss: 0.598383, tr_score: 0.703750
va_loss: 0.648713, va_score: 0.660000
te_loss: 0.615499, te_score: 0.680000

time = 12
tr_loss: 0.554596, tr_score: 0.726250
va_loss: 0.576311, va_score: 0.730000
te_loss: 0.611997, te_score: 0.650000

time = 12
tr_loss: 0.568464, tr_score: 0.738750
va_loss: 0.611876, va_score: 0.730000
te_loss: 0.614211, te_score: 0.670000

time = 12
tr_loss: 0.585096, tr_score: 0.706250
va_loss: 0.585664, va_score: 0.720000
te_loss: 0.615144, te_score: 0.640000

time = 12
tr_loss: 0.543402, tr_score: 0.723750
va_loss: 0.467478, va_score: 0.800000
te_loss: 0.521773, te_score: 0.710000

time = 12
tr_loss: 0.615815, tr_score: 0.692500
va_loss: 0.597995, va_score: 0.690000
te_loss: 0.630697, te_score: 0.670000

time = 12
tr_loss: 0.631368, tr_score: 0.695000
va_loss: 0.564081, va_score: 0.750000
te_loss: 0.584597, te_score: 0.740000

time = 12
tr_loss: 0.558986, tr_score: 0.721250
va_loss: 0.562123, va_score: 0.740000
te_loss: 0.595795, te_score: 0.610000

time = 12
tr_loss: 0.584324, tr_score: 0.720000
va_loss: 0.647170, va_score: 0.630000
te_loss: 0.637669, te_score: 0.660000

time = 12
tr_loss: 0.573427, tr_score: 0.707500
va_loss: 0.632670, va_score: 0.640000
te_loss: 0.569507, te_score: 0.760000

time = 12
tr_loss: 0.574413, tr_score: 0.708750
va_loss: 0.577620, va_score: 0.700000
te_loss: 0.551961, te_score: 0.740000

time = 12
tr_loss: 0.598998, tr_score: 0.698750
va_loss: 0.600648, va_score: 0.700000
te_loss: 0.608488, te_score: 0.690000

time = 12
tr_loss: 0.591515, tr_score: 0.726250
va_loss: 0.649718, va_score: 0.650000
te_loss: 0.621077, te_score: 0.700000

======================================================
12  Seed:  [5995. 5359. 4959. 8841. 2084. 6283. 5803. 5547. 5856. 6466. 1029. 9406.
 1119. 6504. 6270.   89. 4601. 8528. 5236. 3309.]
tr_loss: 0.579155, tr_score: 0.713875
va_loss: 0.598944, va_score: 0.693000
te_loss: 0.600370, te_score: 0.680000
time = 13
tr_loss: 0.583917, tr_score: 0.698750
va_loss: 0.612259, va_score: 0.680000
te_loss: 0.556181, te_score: 0.730000

time = 13
tr_loss: 0.570830, tr_score: 0.712500
va_loss: 0.536716, va_score: 0.750000
te_loss: 0.553549, te_score: 0.750000

time = 13
tr_loss: 0.570058, tr_score: 0.713750
va_loss: 0.538262, va_score: 0.730000
te_loss: 0.720733, te_score: 0.580000

time = 13
tr_loss: 0.585070, tr_score: 0.728750
va_loss: 0.640874, va_score: 0.620000
te_loss: 0.566451, te_score: 0.720000

time = 13
tr_loss: 0.578395, tr_score: 0.716250
va_loss: 0.613478, va_score: 0.700000
te_loss: 0.575387, te_score: 0.730000

time = 13
tr_loss: 0.574386, tr_score: 0.722500
va_loss: 0.656522, va_score: 0.600000
te_loss: 0.619796, te_score: 0.710000

time = 13
tr_loss: 0.583666, tr_score: 0.697500
va_loss: 0.609563, va_score: 0.690000
te_loss: 0.569072, te_score: 0.720000

time = 13
tr_loss: 0.582524, tr_score: 0.710000
va_loss: 0.550142, va_score: 0.720000
te_loss: 0.579687, te_score: 0.710000

time = 13
tr_loss: 0.598157, tr_score: 0.696250
va_loss: 0.559795, va_score: 0.740000
te_loss: 0.544942, te_score: 0.780000

time = 13
tr_loss: 0.594013, tr_score: 0.718750
va_loss: 0.682009, va_score: 0.610000
te_loss: 0.546977, te_score: 0.770000

time = 13
tr_loss: 0.574006, tr_score: 0.731250
va_loss: 0.634368, va_score: 0.690000
te_loss: 0.706194, te_score: 0.580000

time = 13
tr_loss: 0.540615, tr_score: 0.743750
va_loss: 0.543247, va_score: 0.750000
te_loss: 0.561447, te_score: 0.710000

time = 13
tr_loss: 0.586219, tr_score: 0.712500
va_loss: 0.630120, va_score: 0.680000
te_loss: 0.568999, te_score: 0.700000

time = 13
tr_loss: 0.595825, tr_score: 0.695000
va_loss: 0.552817, va_score: 0.760000
te_loss: 0.563748, te_score: 0.730000

time = 13
tr_loss: 0.592280, tr_score: 0.690000
va_loss: 0.568484, va_score: 0.720000
te_loss: 0.541200, te_score: 0.780000

time = 13
tr_loss: 0.557908, tr_score: 0.715000
va_loss: 0.622963, va_score: 0.680000
te_loss: 0.609527, te_score: 0.700000

time = 13
tr_loss: 0.519659, tr_score: 0.756250
va_loss: 0.474247, va_score: 0.810000
te_loss: 0.606489, te_score: 0.690000

time = 13
tr_loss: 0.584316, tr_score: 0.711250
va_loss: 0.527578, va_score: 0.760000
te_loss: 0.563330, te_score: 0.740000

time = 13
tr_loss: 0.594155, tr_score: 0.706250
va_loss: 0.510908, va_score: 0.750000
te_loss: 0.595177, te_score: 0.710000

time = 13
tr_loss: 0.588113, tr_score: 0.696250
va_loss: 0.591572, va_score: 0.720000
te_loss: 0.541878, te_score: 0.780000

======================================================
13  Seed:  [3706. 3756. 2533. 6590. 1761. 5957. 4965. 8699. 1302.  214. 1426. 3422.
 9979.   35. 8073. 6183. 7853. 8174. 4923.  725.]
tr_loss: 0.577706, tr_score: 0.713625
va_loss: 0.582796, va_score: 0.708000
te_loss: 0.584538, te_score: 0.716000
time = 14
tr_loss: 0.595612, tr_score: 0.712500
va_loss: 0.622934, va_score: 0.640000
te_loss: 0.622033, te_score: 0.670000

time = 14
tr_loss: 0.569577, tr_score: 0.713750
va_loss: 0.610883, va_score: 0.690000
te_loss: 0.541907, te_score: 0.710000

time = 14
tr_loss: 0.589078, tr_score: 0.706250
va_loss: 0.547198, va_score: 0.740000
te_loss: 0.577912, te_score: 0.730000

time = 14
tr_loss: 0.581669, tr_score: 0.708750
va_loss: 0.591909, va_score: 0.700000
te_loss: 0.542172, te_score: 0.770000

time = 14
tr_loss: 0.615663, tr_score: 0.710000
va_loss: 0.654543, va_score: 0.660000
te_loss: 0.606909, te_score: 0.690000

time = 14
tr_loss: 0.568322, tr_score: 0.720000
va_loss: 0.569543, va_score: 0.750000
te_loss: 0.622909, te_score: 0.660000

time = 14
tr_loss: 0.584279, tr_score: 0.708750
va_loss: 0.539131, va_score: 0.760000
te_loss: 0.587152, te_score: 0.720000

time = 14
tr_loss: 0.595840, tr_score: 0.701250
va_loss: 0.629978, va_score: 0.660000
te_loss: 0.583346, te_score: 0.730000

time = 14
tr_loss: 0.586103, tr_score: 0.695000
va_loss: 0.577966, va_score: 0.720000
te_loss: 0.570639, te_score: 0.720000

time = 14
tr_loss: 0.573744, tr_score: 0.703750
va_loss: 0.497187, va_score: 0.800000
te_loss: 0.651270, te_score: 0.640000

time = 14
tr_loss: 0.606467, tr_score: 0.690000
va_loss: 0.539853, va_score: 0.760000
te_loss: 0.568031, te_score: 0.730000

time = 14
tr_loss: 0.577782, tr_score: 0.708750
va_loss: 0.562029, va_score: 0.710000
te_loss: 0.564075, te_score: 0.740000

time = 14
tr_loss: 0.585811, tr_score: 0.708750
va_loss: 0.519242, va_score: 0.770000
te_loss: 0.582349, te_score: 0.670000

time = 14
tr_loss: 0.574359, tr_score: 0.713750
va_loss: 0.564617, va_score: 0.720000
te_loss: 0.579621, te_score: 0.700000

time = 14
tr_loss: 0.581938, tr_score: 0.705000
va_loss: 0.626001, va_score: 0.670000
te_loss: 0.605110, te_score: 0.730000

time = 14
tr_loss: 0.595473, tr_score: 0.706250
va_loss: 0.595614, va_score: 0.740000
te_loss: 0.609785, te_score: 0.690000

time = 14
tr_loss: 0.607904, tr_score: 0.695000
va_loss: 0.551663, va_score: 0.750000
te_loss: 0.672712, te_score: 0.630000

time = 14
tr_loss: 0.557120, tr_score: 0.712500
va_loss: 0.583359, va_score: 0.710000
te_loss: 0.558085, te_score: 0.730000

time = 14
tr_loss: 0.584188, tr_score: 0.707500
va_loss: 0.615625, va_score: 0.700000
te_loss: 0.620116, te_score: 0.680000

time = 14
tr_loss: 0.598514, tr_score: 0.720000
va_loss: 0.586896, va_score: 0.740000
te_loss: 0.579241, te_score: 0.710000

======================================================
14  Seed:  [6736. 9332. 4026. 8791. 2185. 8095. 4925. 3877. 8332. 6847. 5871. 5004.
 2796. 4961. 1467. 7787. 3868. 5255. 9307. 9073.]
tr_loss: 0.586472, tr_score: 0.707375
va_loss: 0.579309, va_score: 0.719500
te_loss: 0.592269, te_score: 0.702500
time = 15
tr_loss: 0.575427, tr_score: 0.720000
va_loss: 0.570255, va_score: 0.700000
te_loss: 0.582193, te_score: 0.700000

time = 15
tr_loss: 0.563823, tr_score: 0.711250
va_loss: 0.554190, va_score: 0.730000
te_loss: 0.483442, te_score: 0.780000

time = 15
tr_loss: 0.579116, tr_score: 0.702500
va_loss: 0.614194, va_score: 0.690000
te_loss: 0.672063, te_score: 0.670000

time = 15
tr_loss: 0.564967, tr_score: 0.711250
va_loss: 0.510873, va_score: 0.780000
te_loss: 0.593230, te_score: 0.680000

time = 15
tr_loss: 0.537101, tr_score: 0.736250
va_loss: 0.515715, va_score: 0.740000
te_loss: 0.523910, te_score: 0.750000

time = 15
tr_loss: 0.560939, tr_score: 0.731250
va_loss: 0.605537, va_score: 0.690000
te_loss: 0.598257, te_score: 0.700000

time = 15
tr_loss: 0.593833, tr_score: 0.708750
va_loss: 0.603885, va_score: 0.690000
te_loss: 0.582744, te_score: 0.720000

time = 15
tr_loss: 0.591236, tr_score: 0.698750
va_loss: 0.584503, va_score: 0.680000
te_loss: 0.562377, te_score: 0.720000

time = 15
tr_loss: 0.567795, tr_score: 0.707500
va_loss: 0.529726, va_score: 0.760000
te_loss: 0.540546, te_score: 0.750000

time = 15
tr_loss: 0.565057, tr_score: 0.681250
va_loss: 0.625949, va_score: 0.640000
te_loss: 0.560726, te_score: 0.690000

time = 15
tr_loss: 0.581521, tr_score: 0.718750
va_loss: 0.547606, va_score: 0.750000
te_loss: 0.600923, te_score: 0.710000

time = 15
tr_loss: 0.586948, tr_score: 0.713750
va_loss: 0.633277, va_score: 0.650000
te_loss: 0.662026, te_score: 0.670000

time = 15
tr_loss: 0.562919, tr_score: 0.733750
va_loss: 0.552823, va_score: 0.710000
te_loss: 0.639666, te_score: 0.660000

time = 15
tr_loss: 0.591299, tr_score: 0.716250
va_loss: 0.652007, va_score: 0.650000
te_loss: 0.568781, te_score: 0.710000

time = 15
tr_loss: 0.531715, tr_score: 0.732500
va_loss: 0.541380, va_score: 0.700000
te_loss: 0.556918, te_score: 0.640000

time = 15
tr_loss: 0.595838, tr_score: 0.693750
va_loss: 0.629806, va_score: 0.680000
te_loss: 0.589409, te_score: 0.730000

time = 15
tr_loss: 0.593068, tr_score: 0.698750
va_loss: 0.548073, va_score: 0.760000
te_loss: 0.615566, te_score: 0.680000

time = 15
tr_loss: 0.568271, tr_score: 0.717500
va_loss: 0.613307, va_score: 0.680000
te_loss: 0.618061, te_score: 0.670000

time = 15
tr_loss: 0.595581, tr_score: 0.710000
va_loss: 0.562444, va_score: 0.750000
te_loss: 0.576669, te_score: 0.720000

time = 15
tr_loss: 0.551948, tr_score: 0.722500
va_loss: 0.558038, va_score: 0.740000
te_loss: 0.556655, te_score: 0.730000

======================================================
15  Seed:  [ 879. 4612.  287.  491. 3659. 8251. 7507. 1140. 3507. 4318. 9716. 8900.
 3870. 2555. 7340. 8792.  757. 6674. 3143.  691.]
tr_loss: 0.572920, tr_score: 0.713313
va_loss: 0.577679, va_score: 0.708500
te_loss: 0.584208, te_score: 0.704000
time = 16
tr_loss: 0.585402, tr_score: 0.700000
va_loss: 0.607345, va_score: 0.740000
te_loss: 0.582686, te_score: 0.690000

time = 16
tr_loss: 0.574800, tr_score: 0.711250
va_loss: 0.580727, va_score: 0.740000
te_loss: 0.604448, te_score: 0.640000

time = 16
tr_loss: 0.615184, tr_score: 0.695000
va_loss: 0.570957, va_score: 0.750000
te_loss: 0.619109, te_score: 0.690000

time = 16
tr_loss: 0.566544, tr_score: 0.716250
va_loss: 0.597595, va_score: 0.710000
te_loss: 0.574456, te_score: 0.710000

time = 16
tr_loss: 0.557332, tr_score: 0.718750
va_loss: 0.555917, va_score: 0.720000
te_loss: 0.580414, te_score: 0.700000

time = 16
tr_loss: 0.586651, tr_score: 0.727500
va_loss: 0.617998, va_score: 0.670000
te_loss: 0.682847, te_score: 0.620000

time = 16
tr_loss: 0.589755, tr_score: 0.706250
va_loss: 0.622533, va_score: 0.660000
te_loss: 0.577910, te_score: 0.730000

time = 16
tr_loss: 0.584303, tr_score: 0.728750
va_loss: 0.582948, va_score: 0.710000
te_loss: 0.649243, te_score: 0.640000

time = 16
tr_loss: 0.608462, tr_score: 0.688750
va_loss: 0.578050, va_score: 0.720000
te_loss: 0.557884, te_score: 0.760000

time = 16
tr_loss: 0.547160, tr_score: 0.731250
va_loss: 0.590752, va_score: 0.650000
te_loss: 0.633908, te_score: 0.700000

time = 16
tr_loss: 0.584589, tr_score: 0.716250
va_loss: 0.598312, va_score: 0.720000
te_loss: 0.637853, te_score: 0.680000

time = 16
tr_loss: 0.560239, tr_score: 0.715000
va_loss: 0.644939, va_score: 0.650000
te_loss: 0.644586, te_score: 0.640000

time = 16
tr_loss: 0.578011, tr_score: 0.712500
va_loss: 0.682268, va_score: 0.660000
te_loss: 0.555726, te_score: 0.710000

time = 16
tr_loss: 0.593160, tr_score: 0.701250
va_loss: 0.514602, va_score: 0.790000
te_loss: 0.523726, te_score: 0.760000

time = 16
tr_loss: 0.585811, tr_score: 0.705000
va_loss: 0.562123, va_score: 0.740000
te_loss: 0.533481, te_score: 0.770000

time = 16
tr_loss: 0.592926, tr_score: 0.685000
va_loss: 0.624492, va_score: 0.680000
te_loss: 0.593094, te_score: 0.700000

time = 16
tr_loss: 0.558669, tr_score: 0.727500
va_loss: 0.536086, va_score: 0.750000
te_loss: 0.601581, te_score: 0.670000

time = 16
tr_loss: 0.578619, tr_score: 0.675000
va_loss: 0.630159, va_score: 0.710000
te_loss: 0.596423, te_score: 0.650000

time = 16
tr_loss: 0.616004, tr_score: 0.688750
va_loss: 0.542132, va_score: 0.780000
te_loss: 0.595521, te_score: 0.710000

time = 16
tr_loss: 0.567776, tr_score: 0.711250
va_loss: 0.583304, va_score: 0.740000
te_loss: 0.545011, te_score: 0.740000

======================================================
16  Seed:  [9082. 6878.  978. 6918.   35. 3547.  812. 1562. 5243. 8191. 5330. 4602.
 2929. 4830.  303. 9956. 3156. 7475. 4637.  734.]
tr_loss: 0.581570, tr_score: 0.708063
va_loss: 0.591162, va_score: 0.714500
te_loss: 0.594495, te_score: 0.695500
time = 17
tr_loss: 0.541531, tr_score: 0.741250
va_loss: 0.573650, va_score: 0.740000
te_loss: 0.536166, te_score: 0.770000

time = 17
tr_loss: 0.559205, tr_score: 0.721250
va_loss: 0.652535, va_score: 0.670000
te_loss: 0.613181, te_score: 0.720000

time = 17
tr_loss: 0.573186, tr_score: 0.708750
va_loss: 0.620306, va_score: 0.670000
te_loss: 0.583458, te_score: 0.660000

time = 17
tr_loss: 0.610552, tr_score: 0.667500
va_loss: 0.658455, va_score: 0.600000
te_loss: 0.573678, te_score: 0.690000

time = 17
tr_loss: 0.581610, tr_score: 0.688750
va_loss: 0.520448, va_score: 0.760000
te_loss: 0.543501, te_score: 0.730000

time = 17
tr_loss: 0.536691, tr_score: 0.732500
va_loss: 0.549337, va_score: 0.740000
te_loss: 0.600917, te_score: 0.680000

time = 17
tr_loss: 0.582827, tr_score: 0.725000
va_loss: 0.654747, va_score: 0.680000
te_loss: 0.618308, te_score: 0.690000

time = 17
tr_loss: 0.581758, tr_score: 0.671250
va_loss: 0.609464, va_score: 0.680000
te_loss: 0.691763, te_score: 0.610000

time = 17
tr_loss: 0.602884, tr_score: 0.696250
va_loss: 0.616761, va_score: 0.680000
te_loss: 0.562768, te_score: 0.750000

time = 17
tr_loss: 0.553929, tr_score: 0.738750
va_loss: 0.584469, va_score: 0.710000
te_loss: 0.612100, te_score: 0.650000

time = 17
tr_loss: 0.563542, tr_score: 0.716250
va_loss: 0.592067, va_score: 0.700000
te_loss: 0.619640, te_score: 0.670000

time = 17
tr_loss: 0.575235, tr_score: 0.717500
va_loss: 0.644060, va_score: 0.670000
te_loss: 0.589472, te_score: 0.700000

time = 17
tr_loss: 0.559923, tr_score: 0.710000
va_loss: 0.552478, va_score: 0.670000
te_loss: 0.497229, te_score: 0.790000

time = 17
tr_loss: 0.590668, tr_score: 0.697500
va_loss: 0.540364, va_score: 0.750000
te_loss: 0.570870, te_score: 0.760000

time = 17
tr_loss: 0.616485, tr_score: 0.650000
va_loss: 0.713891, va_score: 0.520000
te_loss: 0.682381, te_score: 0.640000

time = 17
tr_loss: 0.575548, tr_score: 0.705000
va_loss: 0.528516, va_score: 0.770000
te_loss: 0.589140, te_score: 0.690000

time = 17
tr_loss: 0.589466, tr_score: 0.712500
va_loss: 0.725510, va_score: 0.600000
te_loss: 0.606869, te_score: 0.710000

time = 17
tr_loss: 0.547465, tr_score: 0.706250
va_loss: 0.528374, va_score: 0.720000
te_loss: 0.511515, te_score: 0.750000

time = 17
tr_loss: 0.592744, tr_score: 0.715000
va_loss: 0.563047, va_score: 0.740000
te_loss: 0.606442, te_score: 0.700000

time = 17
tr_loss: 0.586078, tr_score: 0.711250
va_loss: 0.582063, va_score: 0.740000
te_loss: 0.608436, te_score: 0.690000

======================================================
17  Seed:  [9997. 6891. 7283.  296. 4194.  627. 9187. 9699.  412. 3964. 5059. 1882.
 6859. 7098. 9012. 6459. 3018. 8410. 9321. 1260.]
tr_loss: 0.576066, tr_score: 0.706625
va_loss: 0.600527, va_score: 0.690500
te_loss: 0.590892, te_score: 0.702500
time = 18
tr_loss: 0.580679, tr_score: 0.703750
va_loss: 0.568604, va_score: 0.730000
te_loss: 0.549130, te_score: 0.740000

time = 18
tr_loss: 0.581926, tr_score: 0.711250
va_loss: 0.593959, va_score: 0.720000
te_loss: 0.561933, te_score: 0.720000

time = 18
tr_loss: 0.551049, tr_score: 0.713750
va_loss: 0.532113, va_score: 0.730000
te_loss: 0.605424, te_score: 0.680000

time = 18
tr_loss: 0.612534, tr_score: 0.706250
va_loss: 0.644070, va_score: 0.720000
te_loss: 0.569258, te_score: 0.720000

time = 18
tr_loss: 0.583584, tr_score: 0.697500
va_loss: 0.650210, va_score: 0.690000
te_loss: 0.512760, te_score: 0.770000

time = 18
tr_loss: 0.570738, tr_score: 0.701250
va_loss: 0.543004, va_score: 0.710000
te_loss: 0.529635, te_score: 0.760000

time = 18
tr_loss: 0.558471, tr_score: 0.733750
va_loss: 0.632138, va_score: 0.650000
te_loss: 0.521955, te_score: 0.770000

time = 18
tr_loss: 0.587153, tr_score: 0.706250
va_loss: 0.640696, va_score: 0.660000
te_loss: 0.703498, te_score: 0.590000

time = 18
tr_loss: 0.582488, tr_score: 0.708750
va_loss: 0.552053, va_score: 0.730000
te_loss: 0.598935, te_score: 0.660000

time = 18
tr_loss: 0.585932, tr_score: 0.705000
va_loss: 0.635256, va_score: 0.680000
te_loss: 0.619592, te_score: 0.680000

time = 18
tr_loss: 0.643779, tr_score: 0.702500
va_loss: 0.634310, va_score: 0.650000
te_loss: 0.642013, te_score: 0.740000

time = 18
tr_loss: 0.577751, tr_score: 0.705000
va_loss: 0.600881, va_score: 0.690000
te_loss: 0.577601, te_score: 0.730000

time = 18
tr_loss: 0.561756, tr_score: 0.721250
va_loss: 0.602300, va_score: 0.650000
te_loss: 0.615488, te_score: 0.670000

time = 18
tr_loss: 0.622853, tr_score: 0.665000
va_loss: 0.570599, va_score: 0.700000
te_loss: 0.585510, te_score: 0.710000

time = 18
tr_loss: 0.592554, tr_score: 0.707500
va_loss: 0.543377, va_score: 0.760000
te_loss: 0.536789, te_score: 0.770000

time = 18
tr_loss: 0.594186, tr_score: 0.695000
va_loss: 0.549759, va_score: 0.750000
te_loss: 0.520931, te_score: 0.770000

time = 18
tr_loss: 0.551784, tr_score: 0.722500
va_loss: 0.597039, va_score: 0.690000
te_loss: 0.477322, te_score: 0.760000

time = 18
tr_loss: 0.619031, tr_score: 0.696250
va_loss: 0.551184, va_score: 0.790000
te_loss: 0.641136, te_score: 0.670000

time = 18
tr_loss: 0.577780, tr_score: 0.706250
va_loss: 0.564499, va_score: 0.740000
te_loss: 0.643385, te_score: 0.640000

time = 18
tr_loss: 0.594757, tr_score: 0.695000
va_loss: 0.555045, va_score: 0.740000
te_loss: 0.606735, te_score: 0.700000

======================================================
18  Seed:  [ 873. 4207. 9606. 9170. 6333. 9407. 8590.  438. 6112. 2282. 5826. 4132.
 5788. 3773.  899. 1544. 7119. 3120. 1138. 3253.]
tr_loss: 0.586539, tr_score: 0.705188
va_loss: 0.588055, va_score: 0.709000
te_loss: 0.580952, te_score: 0.712500
time = 19
tr_loss: 0.586765, tr_score: 0.711250
va_loss: 0.651108, va_score: 0.660000
te_loss: 0.644484, te_score: 0.650000

time = 19
tr_loss: 0.568964, tr_score: 0.722500
va_loss: 0.551136, va_score: 0.770000
te_loss: 0.621794, te_score: 0.680000

time = 19
tr_loss: 0.553140, tr_score: 0.715000
va_loss: 0.502737, va_score: 0.770000
te_loss: 0.584917, te_score: 0.670000

time = 19
tr_loss: 0.564473, tr_score: 0.713750
va_loss: 0.566035, va_score: 0.690000
te_loss: 0.599449, te_score: 0.710000

time = 19
tr_loss: 0.587312, tr_score: 0.713750
va_loss: 0.567723, va_score: 0.730000
te_loss: 0.524707, te_score: 0.770000

time = 19
tr_loss: 0.542632, tr_score: 0.732500
va_loss: 0.543926, va_score: 0.730000
te_loss: 0.575570, te_score: 0.690000

time = 19
tr_loss: 0.593288, tr_score: 0.708750
va_loss: 0.554130, va_score: 0.750000
te_loss: 0.610855, te_score: 0.660000

time = 19
tr_loss: 0.606270, tr_score: 0.707500
va_loss: 0.638683, va_score: 0.670000
te_loss: 0.632965, te_score: 0.670000

time = 19
tr_loss: 0.565464, tr_score: 0.698750
va_loss: 0.594108, va_score: 0.690000
te_loss: 0.527216, te_score: 0.750000

time = 19
tr_loss: 0.594062, tr_score: 0.706250
va_loss: 0.649145, va_score: 0.670000
te_loss: 0.615569, te_score: 0.690000

time = 19
tr_loss: 0.575777, tr_score: 0.710000
va_loss: 0.605672, va_score: 0.700000
te_loss: 0.594593, te_score: 0.690000

time = 19
tr_loss: 0.551200, tr_score: 0.711250
va_loss: 0.604992, va_score: 0.730000
te_loss: 0.607616, te_score: 0.710000

time = 19
tr_loss: 0.588769, tr_score: 0.688750
va_loss: 0.639219, va_score: 0.650000
te_loss: 0.639352, te_score: 0.600000

time = 19
tr_loss: 0.596238, tr_score: 0.695000
va_loss: 0.580034, va_score: 0.710000
te_loss: 0.554267, te_score: 0.730000

time = 19
tr_loss: 0.578450, tr_score: 0.711250
va_loss: 0.621725, va_score: 0.690000
te_loss: 0.544777, te_score: 0.730000

time = 19
tr_loss: 0.586872, tr_score: 0.705000
va_loss: 0.552852, va_score: 0.730000
te_loss: 0.556272, te_score: 0.760000

time = 19
tr_loss: 0.551671, tr_score: 0.741250
va_loss: 0.556043, va_score: 0.720000
te_loss: 0.599458, te_score: 0.700000

time = 19
tr_loss: 0.516040, tr_score: 0.736250
va_loss: 0.488930, va_score: 0.720000
te_loss: 0.499451, te_score: 0.730000

time = 19
tr_loss: 0.618556, tr_score: 0.696250
va_loss: 0.568773, va_score: 0.760000
te_loss: 0.583116, te_score: 0.700000

time = 19
tr_loss: 0.548571, tr_score: 0.735000
va_loss: 0.605215, va_score: 0.650000
te_loss: 0.495054, te_score: 0.760000

======================================================
19  Seed:  [3709. 6253. 7969. 4492. 4878.  212. 2129. 7387.  610. 9877. 6936. 8416.
 1824. 6324. 9841. 5493. 7619. 7977.  518. 1963.]
tr_loss: 0.573726, tr_score: 0.713000
va_loss: 0.582109, va_score: 0.709500
te_loss: 0.580574, te_score: 0.702500
time = 20
tr_loss: 0.566629, tr_score: 0.718750
va_loss: 0.602413, va_score: 0.690000
te_loss: 0.594781, te_score: 0.700000

time = 20
tr_loss: 0.595220, tr_score: 0.707500
va_loss: 0.547650, va_score: 0.770000
te_loss: 0.575898, te_score: 0.730000

time = 20
tr_loss: 0.577106, tr_score: 0.705000
va_loss: 0.575830, va_score: 0.700000
te_loss: 0.577903, te_score: 0.690000

time = 20
tr_loss: 0.569119, tr_score: 0.706250
va_loss: 0.613521, va_score: 0.660000
te_loss: 0.505259, te_score: 0.760000

time = 20
tr_loss: 0.589360, tr_score: 0.707500
va_loss: 0.636017, va_score: 0.650000
te_loss: 0.603144, te_score: 0.690000

time = 20
tr_loss: 0.592338, tr_score: 0.703750
va_loss: 0.549452, va_score: 0.760000
te_loss: 0.596283, te_score: 0.720000

time = 20
tr_loss: 0.599268, tr_score: 0.692500
va_loss: 0.555692, va_score: 0.760000
te_loss: 0.600383, te_score: 0.700000

time = 20
tr_loss: 0.592603, tr_score: 0.710000
va_loss: 0.627125, va_score: 0.660000
te_loss: 0.559607, te_score: 0.750000

time = 20
tr_loss: 0.576717, tr_score: 0.712500
va_loss: 0.602441, va_score: 0.660000
te_loss: 0.518519, te_score: 0.790000

time = 20
tr_loss: 0.592237, tr_score: 0.690000
va_loss: 0.541629, va_score: 0.760000
te_loss: 0.556999, te_score: 0.750000

time = 20
tr_loss: 0.614984, tr_score: 0.658750
va_loss: 0.637226, va_score: 0.660000
te_loss: 0.593457, te_score: 0.670000

time = 20
tr_loss: 0.591724, tr_score: 0.720000
va_loss: 0.600784, va_score: 0.710000
te_loss: 0.583591, te_score: 0.740000

time = 20
tr_loss: 0.607093, tr_score: 0.703750
va_loss: 0.576231, va_score: 0.710000
te_loss: 0.645461, te_score: 0.650000

time = 20
tr_loss: 0.575735, tr_score: 0.705000
va_loss: 0.584888, va_score: 0.690000
te_loss: 0.534418, te_score: 0.740000

time = 20
tr_loss: 0.587407, tr_score: 0.707500
va_loss: 0.574276, va_score: 0.710000
te_loss: 0.621906, te_score: 0.660000

time = 20
tr_loss: 0.611870, tr_score: 0.665000
va_loss: 0.625914, va_score: 0.690000
te_loss: 0.599233, te_score: 0.690000

time = 20
tr_loss: 0.575704, tr_score: 0.721250
va_loss: 0.567208, va_score: 0.690000
te_loss: 0.551896, te_score: 0.760000

time = 20
tr_loss: 0.548353, tr_score: 0.717500
va_loss: 0.576918, va_score: 0.720000
te_loss: 0.584063, te_score: 0.700000

time = 20
tr_loss: 0.540223, tr_score: 0.708750
va_loss: 0.511989, va_score: 0.760000
te_loss: 0.556473, te_score: 0.740000

time = 20
tr_loss: 0.631874, tr_score: 0.705000
va_loss: 0.670383, va_score: 0.680000
te_loss: 0.683659, te_score: 0.680000

======================================================
20  Seed:  [8890. 5137. 6638. 5364. 3035. 4210. 5798. 9783. 7946.  146. 8127. 1556.
 1338. 7812. 5900. 6230. 6141. 6234. 5455. 7649.]
tr_loss: 0.586778, tr_score: 0.703313
va_loss: 0.588879, va_score: 0.704500
te_loss: 0.582147, te_score: 0.715500


mid seed:  [ 879. 4612.  287.  491. 3659. 8251. 7507. 1140. 3507. 4318. 9716. 8900.
 3870. 2555. 7340. 8792.  757. 6674. 3143.  691.]
mid test scores 0.7040000000000001
