time = 0
tr_loss: 0.552772, tr_score: 0.733750
va_loss: 0.554749, va_score: 0.720000
te_loss: 0.573367, te_score: 0.730000

time = 0
tr_loss: 0.604366, tr_score: 0.730000
va_loss: 0.694743, va_score: 0.650000
te_loss: 0.721202, te_score: 0.590000

time = 0
tr_loss: 0.515463, tr_score: 0.742500
va_loss: 0.579260, va_score: 0.690000
te_loss: 0.578836, te_score: 0.700000

time = 0
tr_loss: 0.581659, tr_score: 0.721250
va_loss: 0.595263, va_score: 0.720000
te_loss: 0.565409, te_score: 0.710000

time = 0
tr_loss: 0.606929, tr_score: 0.706250
va_loss: 0.615335, va_score: 0.690000
te_loss: 0.549300, te_score: 0.780000

time = 0
tr_loss: 0.562436, tr_score: 0.727500
va_loss: 0.653907, va_score: 0.600000
te_loss: 0.703286, te_score: 0.630000

time = 0
tr_loss: 0.587631, tr_score: 0.692500
va_loss: 0.604561, va_score: 0.670000
te_loss: 0.510603, te_score: 0.800000

time = 0
tr_loss: 0.596217, tr_score: 0.692500
va_loss: 0.509486, va_score: 0.760000
te_loss: 0.587907, te_score: 0.700000

time = 0
tr_loss: 0.606392, tr_score: 0.693750
va_loss: 0.553092, va_score: 0.750000
te_loss: 0.593508, te_score: 0.710000

time = 0
tr_loss: 0.568096, tr_score: 0.702500
va_loss: 0.580714, va_score: 0.660000
te_loss: 0.491097, te_score: 0.810000

time = 0
tr_loss: 0.564372, tr_score: 0.727500
va_loss: 0.515240, va_score: 0.790000
te_loss: 0.646834, te_score: 0.630000

time = 0
tr_loss: 0.522015, tr_score: 0.737500
va_loss: 0.552032, va_score: 0.710000
te_loss: 0.702664, te_score: 0.570000

time = 0
tr_loss: 0.555825, tr_score: 0.718750
va_loss: 0.601415, va_score: 0.670000
te_loss: 0.644896, te_score: 0.640000

time = 0
tr_loss: 0.562716, tr_score: 0.737500
va_loss: 0.603940, va_score: 0.690000
te_loss: 0.633995, te_score: 0.660000

time = 0
tr_loss: 0.606846, tr_score: 0.702500
va_loss: 0.626720, va_score: 0.690000
te_loss: 0.620462, te_score: 0.720000

time = 0
tr_loss: 0.616768, tr_score: 0.681250
va_loss: 0.629337, va_score: 0.660000
te_loss: 0.627863, te_score: 0.700000

time = 0
tr_loss: 0.610733, tr_score: 0.703750
va_loss: 0.661647, va_score: 0.650000
te_loss: 0.616803, te_score: 0.720000

time = 0
tr_loss: 0.605504, tr_score: 0.713750
va_loss: 0.568023, va_score: 0.730000
te_loss: 0.599597, te_score: 0.720000

time = 0
tr_loss: 0.592701, tr_score: 0.715000
va_loss: 0.622704, va_score: 0.680000
te_loss: 0.671279, te_score: 0.660000

time = 0
tr_loss: 0.572498, tr_score: 0.701250
va_loss: 0.516231, va_score: 0.800000
te_loss: 0.617090, te_score: 0.630000

======================================================
0  Seed:  [ 140. 2411. 2238. 5068. 2300. 9812. 6334. 4380. 4021. 8554. 2226. 8534.
 4715. 7921. 4457. 6212.  255.  495. 8301.  932.]
tr_loss: 0.579597, tr_score: 0.714062
va_loss: 0.591920, va_score: 0.699000
te_loss: 0.612800, te_score: 0.690500
time = 1
tr_loss: 0.579363, tr_score: 0.707500
va_loss: 0.655032, va_score: 0.630000
te_loss: 0.598197, te_score: 0.700000

time = 1
tr_loss: 0.592963, tr_score: 0.711250
va_loss: 0.636451, va_score: 0.640000
te_loss: 0.570627, te_score: 0.730000

time = 1
tr_loss: 0.583380, tr_score: 0.708750
va_loss: 0.602784, va_score: 0.680000
te_loss: 0.539458, te_score: 0.760000

time = 1
tr_loss: 0.594120, tr_score: 0.703750
va_loss: 0.580933, va_score: 0.730000
te_loss: 0.637754, te_score: 0.640000

time = 1
tr_loss: 0.556232, tr_score: 0.737500
va_loss: 0.630844, va_score: 0.670000
te_loss: 0.557312, te_score: 0.710000

time = 1
tr_loss: 0.512160, tr_score: 0.768750
va_loss: 0.513317, va_score: 0.740000
te_loss: 0.511515, te_score: 0.770000

time = 1
tr_loss: 0.592980, tr_score: 0.713750
va_loss: 0.565131, va_score: 0.720000
te_loss: 0.599307, te_score: 0.690000

time = 1
tr_loss: 0.611330, tr_score: 0.686250
va_loss: 0.605273, va_score: 0.730000
te_loss: 0.537063, te_score: 0.750000

time = 1
tr_loss: 0.535443, tr_score: 0.728750
va_loss: 0.550320, va_score: 0.670000
te_loss: 0.497364, te_score: 0.740000

time = 1
tr_loss: 0.499612, tr_score: 0.766250
va_loss: 0.515184, va_score: 0.790000
te_loss: 0.549297, te_score: 0.730000

time = 1
tr_loss: 0.521132, tr_score: 0.750000
va_loss: 0.522269, va_score: 0.770000
te_loss: 0.464246, te_score: 0.760000

time = 1
tr_loss: 0.608105, tr_score: 0.698750
va_loss: 0.631360, va_score: 0.690000
te_loss: 0.598318, te_score: 0.720000

time = 1
tr_loss: 0.597172, tr_score: 0.716250
va_loss: 0.511362, va_score: 0.800000
te_loss: 0.674743, te_score: 0.630000

time = 1
tr_loss: 0.586152, tr_score: 0.701250
va_loss: 0.531154, va_score: 0.760000
te_loss: 0.609138, te_score: 0.710000

time = 1
tr_loss: 0.595575, tr_score: 0.723750
va_loss: 0.645800, va_score: 0.650000
te_loss: 0.614524, te_score: 0.700000

time = 1
tr_loss: 0.608748, tr_score: 0.697500
va_loss: 0.621049, va_score: 0.710000
te_loss: 0.614400, te_score: 0.710000

time = 1
tr_loss: 0.572659, tr_score: 0.718750
va_loss: 0.544846, va_score: 0.780000
te_loss: 0.584095, te_score: 0.690000

time = 1
tr_loss: 0.580368, tr_score: 0.713750
va_loss: 0.647973, va_score: 0.660000
te_loss: 0.571816, te_score: 0.740000

time = 1
tr_loss: 0.561313, tr_score: 0.718750
va_loss: 0.548618, va_score: 0.760000
te_loss: 0.576670, te_score: 0.720000

time = 1
tr_loss: 0.624528, tr_score: 0.682500
va_loss: 0.582453, va_score: 0.750000
te_loss: 0.553136, te_score: 0.790000

======================================================
1  Seed:  [8640.  888. 4066.  552. 1437. 6591. 8969.  824. 8811.  938.  550. 9822.
 6241. 3057. 1352. 8361. 5326. 3377. 2314. 8889.]
tr_loss: 0.575667, tr_score: 0.717687
va_loss: 0.582108, va_score: 0.716500
te_loss: 0.572949, te_score: 0.719500
time = 2
tr_loss: 0.576510, tr_score: 0.725000
va_loss: 0.604707, va_score: 0.730000
te_loss: 0.638581, te_score: 0.700000

time = 2
tr_loss: 0.592417, tr_score: 0.705000
va_loss: 0.547928, va_score: 0.780000
te_loss: 0.631395, te_score: 0.680000

time = 2
tr_loss: 0.551771, tr_score: 0.723750
va_loss: 0.514488, va_score: 0.770000
te_loss: 0.555914, te_score: 0.760000

time = 2
tr_loss: 0.580316, tr_score: 0.703750
va_loss: 0.646598, va_score: 0.690000
te_loss: 0.562436, te_score: 0.740000

time = 2
tr_loss: 0.596352, tr_score: 0.711250
va_loss: 0.592416, va_score: 0.710000
te_loss: 0.538671, te_score: 0.760000

time = 2
tr_loss: 0.582225, tr_score: 0.726250
va_loss: 0.635421, va_score: 0.710000
te_loss: 0.712555, te_score: 0.590000

time = 2
tr_loss: 0.577124, tr_score: 0.726250
va_loss: 0.671715, va_score: 0.610000
te_loss: 0.603931, te_score: 0.700000

time = 2
tr_loss: 0.638731, tr_score: 0.661250
va_loss: 0.559542, va_score: 0.700000
te_loss: 0.588224, te_score: 0.700000

time = 2
tr_loss: 0.577094, tr_score: 0.706250
va_loss: 0.560386, va_score: 0.710000
te_loss: 0.627235, te_score: 0.650000

time = 2
tr_loss: 0.554251, tr_score: 0.725000
va_loss: 0.527015, va_score: 0.780000
te_loss: 0.558278, te_score: 0.730000

time = 2
tr_loss: 0.556467, tr_score: 0.722500
va_loss: 0.543976, va_score: 0.730000
te_loss: 0.559074, te_score: 0.690000

time = 2
tr_loss: 0.533254, tr_score: 0.723750
va_loss: 0.538788, va_score: 0.730000
te_loss: 0.471133, te_score: 0.800000

time = 2
tr_loss: 0.567401, tr_score: 0.718750
va_loss: 0.572538, va_score: 0.700000
te_loss: 0.675154, te_score: 0.690000

time = 2
tr_loss: 0.601750, tr_score: 0.691250
va_loss: 0.553665, va_score: 0.760000
te_loss: 0.574751, te_score: 0.710000

time = 2
tr_loss: 0.567599, tr_score: 0.721250
va_loss: 0.573509, va_score: 0.690000
te_loss: 0.566986, te_score: 0.710000

time = 2
tr_loss: 0.600461, tr_score: 0.688750
va_loss: 0.538532, va_score: 0.750000
te_loss: 0.547784, te_score: 0.780000

time = 2
tr_loss: 0.606548, tr_score: 0.705000
va_loss: 0.623782, va_score: 0.700000
te_loss: 0.700347, te_score: 0.660000

time = 2
tr_loss: 0.567083, tr_score: 0.705000
va_loss: 0.620565, va_score: 0.680000
te_loss: 0.543630, te_score: 0.760000

time = 2
tr_loss: 0.601795, tr_score: 0.713750
va_loss: 0.629577, va_score: 0.670000
te_loss: 0.598912, te_score: 0.710000

time = 2
tr_loss: 0.482219, tr_score: 0.763750
va_loss: 0.489137, va_score: 0.730000
te_loss: 0.525554, te_score: 0.720000

======================================================
2  Seed:  [5478. 7027. 2150. 7559. 3662. 2043. 8598. 4158. 6442. 4398. 3939. 9768.
 5143. 2231.  162. 6860. 3496. 7749. 2530. 2730.]
tr_loss: 0.575569, tr_score: 0.713375
va_loss: 0.577214, va_score: 0.716500
te_loss: 0.589027, te_score: 0.712000
time = 3
tr_loss: 0.612738, tr_score: 0.718750
va_loss: 0.650392, va_score: 0.640000
te_loss: 0.617501, te_score: 0.700000

time = 3
tr_loss: 0.586165, tr_score: 0.717500
va_loss: 0.623203, va_score: 0.670000
te_loss: 0.584074, te_score: 0.700000

time = 3
tr_loss: 0.599297, tr_score: 0.698750
va_loss: 0.668056, va_score: 0.680000
te_loss: 0.676978, te_score: 0.640000

time = 3
tr_loss: 0.661019, tr_score: 0.690000
va_loss: 0.539501, va_score: 0.770000
te_loss: 0.634308, te_score: 0.710000

time = 3
tr_loss: 0.559284, tr_score: 0.711250
va_loss: 0.551858, va_score: 0.710000
te_loss: 0.576613, te_score: 0.700000

time = 3
tr_loss: 0.579252, tr_score: 0.720000
va_loss: 0.542370, va_score: 0.770000
te_loss: 0.591276, te_score: 0.710000

time = 3
tr_loss: 0.579896, tr_score: 0.712500
va_loss: 0.700137, va_score: 0.600000
te_loss: 0.582166, te_score: 0.680000

time = 3
tr_loss: 0.595151, tr_score: 0.715000
va_loss: 0.645957, va_score: 0.650000
te_loss: 0.659419, te_score: 0.630000

time = 3
tr_loss: 0.635943, tr_score: 0.720000
va_loss: 0.711918, va_score: 0.660000
te_loss: 0.662399, te_score: 0.710000

time = 3
tr_loss: 0.486184, tr_score: 0.770000
va_loss: 0.493764, va_score: 0.760000
te_loss: 0.530318, te_score: 0.760000

time = 3
tr_loss: 0.520667, tr_score: 0.752500
va_loss: 0.563614, va_score: 0.720000
te_loss: 0.513960, te_score: 0.750000

time = 3
tr_loss: 0.519042, tr_score: 0.752500
va_loss: 0.496764, va_score: 0.770000
te_loss: 0.599579, te_score: 0.660000

time = 3
tr_loss: 0.544034, tr_score: 0.737500
va_loss: 0.521315, va_score: 0.740000
te_loss: 0.578562, te_score: 0.730000

time = 3
tr_loss: 0.587656, tr_score: 0.701250
va_loss: 0.624237, va_score: 0.670000
te_loss: 0.520200, te_score: 0.800000

time = 3
tr_loss: 0.565766, tr_score: 0.712500
va_loss: 0.660494, va_score: 0.620000
te_loss: 0.582610, te_score: 0.690000

time = 3
tr_loss: 0.584888, tr_score: 0.691250
va_loss: 0.610198, va_score: 0.680000
te_loss: 0.547565, te_score: 0.720000

time = 3
tr_loss: 0.586829, tr_score: 0.708750
va_loss: 0.589704, va_score: 0.700000
te_loss: 0.625530, te_score: 0.670000

time = 3
tr_loss: 0.583180, tr_score: 0.716250
va_loss: 0.695408, va_score: 0.590000
te_loss: 0.597001, te_score: 0.700000

time = 3
tr_loss: 0.564213, tr_score: 0.717500
va_loss: 0.621568, va_score: 0.670000
te_loss: 0.604515, te_score: 0.670000

time = 3
tr_loss: 0.600865, tr_score: 0.705000
va_loss: 0.610215, va_score: 0.690000
te_loss: 0.573013, te_score: 0.750000

======================================================
3  Seed:  [6469. 3301. 7178. 4323. 9525.  454. 7215. 4562. 5178. 3971. 9338. 3960.
 2970. 9630. 2254.  396. 4264. 8949. 7913. 1289.]
tr_loss: 0.577604, tr_score: 0.718438
va_loss: 0.606034, va_score: 0.688000
te_loss: 0.592879, te_score: 0.704000
time = 4
tr_loss: 0.558467, tr_score: 0.716250
va_loss: 0.577051, va_score: 0.710000
te_loss: 0.499165, te_score: 0.750000

time = 4
tr_loss: 0.579245, tr_score: 0.707500
va_loss: 0.533153, va_score: 0.780000
te_loss: 0.574378, te_score: 0.720000

time = 4
tr_loss: 0.574772, tr_score: 0.700000
va_loss: 0.542350, va_score: 0.740000
te_loss: 0.588814, te_score: 0.680000

time = 4
tr_loss: 0.580019, tr_score: 0.711250
va_loss: 0.562290, va_score: 0.730000
te_loss: 0.589675, te_score: 0.730000

time = 4
tr_loss: 0.563874, tr_score: 0.717500
va_loss: 0.645775, va_score: 0.660000
te_loss: 0.574714, te_score: 0.730000

time = 4
tr_loss: 0.584767, tr_score: 0.701250
va_loss: 0.587147, va_score: 0.720000
te_loss: 0.558119, te_score: 0.760000

time = 4
tr_loss: 0.565500, tr_score: 0.728750
va_loss: 0.582959, va_score: 0.710000
te_loss: 0.571274, te_score: 0.700000

time = 4
tr_loss: 0.603047, tr_score: 0.702500
va_loss: 0.692223, va_score: 0.580000
te_loss: 0.560082, te_score: 0.750000

time = 4
tr_loss: 0.586937, tr_score: 0.725000
va_loss: 0.631030, va_score: 0.670000
te_loss: 0.563528, te_score: 0.750000

time = 4
tr_loss: 0.604155, tr_score: 0.700000
va_loss: 0.606385, va_score: 0.700000
te_loss: 0.599878, te_score: 0.700000

time = 4
tr_loss: 0.554152, tr_score: 0.720000
va_loss: 0.625598, va_score: 0.650000
te_loss: 0.566640, te_score: 0.730000

time = 4
tr_loss: 0.510738, tr_score: 0.755000
va_loss: 0.480376, va_score: 0.770000
te_loss: 0.517500, te_score: 0.720000

time = 4
tr_loss: 0.572799, tr_score: 0.703750
va_loss: 0.523230, va_score: 0.770000
te_loss: 0.594497, te_score: 0.680000

time = 4
tr_loss: 0.600842, tr_score: 0.690000
va_loss: 0.526308, va_score: 0.770000
te_loss: 0.552656, te_score: 0.740000

time = 4
tr_loss: 0.559480, tr_score: 0.728750
va_loss: 0.562478, va_score: 0.750000
te_loss: 0.647003, te_score: 0.640000

time = 4
tr_loss: 0.609773, tr_score: 0.691250
va_loss: 0.522676, va_score: 0.770000
te_loss: 0.575720, te_score: 0.710000

time = 4
tr_loss: 0.580655, tr_score: 0.721250
va_loss: 0.560819, va_score: 0.750000
te_loss: 0.609445, te_score: 0.670000

time = 4
tr_loss: 0.578986, tr_score: 0.728750
va_loss: 0.558055, va_score: 0.730000
te_loss: 0.607512, te_score: 0.670000

time = 4
tr_loss: 0.569480, tr_score: 0.721250
va_loss: 0.678359, va_score: 0.630000
te_loss: 0.626419, te_score: 0.730000

time = 4
tr_loss: 0.560635, tr_score: 0.722500
va_loss: 0.560006, va_score: 0.720000
te_loss: 0.549607, te_score: 0.720000

======================================================
4  Seed:  [8744.  130. 2730. 2289. 3436.   91. 5431.  214. 1996. 7906. 4318. 5189.
 9458. 5884. 7590. 9032. 7937. 3024. 1021. 9551.]
tr_loss: 0.574916, tr_score: 0.714625
va_loss: 0.577913, va_score: 0.715500
te_loss: 0.576331, te_score: 0.714000
time = 5
tr_loss: 0.577321, tr_score: 0.723750
va_loss: 0.612534, va_score: 0.670000
te_loss: 0.624437, te_score: 0.670000

time = 5
tr_loss: 0.597136, tr_score: 0.712500
va_loss: 0.597037, va_score: 0.720000
te_loss: 0.543932, te_score: 0.770000

time = 5
tr_loss: 0.519326, tr_score: 0.752500
va_loss: 0.573522, va_score: 0.680000
te_loss: 0.587792, te_score: 0.680000

time = 5
tr_loss: 0.583702, tr_score: 0.721250
va_loss: 0.624648, va_score: 0.690000
te_loss: 0.613370, te_score: 0.680000

time = 5
tr_loss: 0.602485, tr_score: 0.706250
va_loss: 0.629789, va_score: 0.680000
te_loss: 0.558650, te_score: 0.770000

time = 5
tr_loss: 0.556161, tr_score: 0.702500
va_loss: 0.541234, va_score: 0.720000
te_loss: 0.480796, te_score: 0.770000

time = 5
tr_loss: 0.560285, tr_score: 0.713750
va_loss: 0.481195, va_score: 0.780000
te_loss: 0.582326, te_score: 0.700000

time = 5
tr_loss: 0.573613, tr_score: 0.715000
va_loss: 0.571036, va_score: 0.720000
te_loss: 0.553261, te_score: 0.710000

time = 5
tr_loss: 0.614065, tr_score: 0.698750
va_loss: 0.611188, va_score: 0.700000
te_loss: 0.624674, te_score: 0.720000

time = 5
tr_loss: 0.584434, tr_score: 0.692500
va_loss: 0.607888, va_score: 0.680000
te_loss: 0.627467, te_score: 0.680000

time = 5
tr_loss: 0.613568, tr_score: 0.706250
va_loss: 0.699344, va_score: 0.610000
te_loss: 0.585591, te_score: 0.740000

time = 5
tr_loss: 0.630746, tr_score: 0.675000
va_loss: 0.516580, va_score: 0.780000
te_loss: 0.562639, te_score: 0.700000

time = 5
tr_loss: 0.590695, tr_score: 0.695000
va_loss: 0.559869, va_score: 0.740000
te_loss: 0.568722, te_score: 0.700000

time = 5
tr_loss: 0.575886, tr_score: 0.701250
va_loss: 0.538123, va_score: 0.760000
te_loss: 0.635882, te_score: 0.640000

time = 5
tr_loss: 0.578510, tr_score: 0.720000
va_loss: 0.618830, va_score: 0.720000
te_loss: 0.570326, te_score: 0.720000

time = 5
tr_loss: 0.603093, tr_score: 0.703750
va_loss: 0.529330, va_score: 0.760000
te_loss: 0.667406, te_score: 0.610000

time = 5
tr_loss: 0.582772, tr_score: 0.685000
va_loss: 0.635423, va_score: 0.640000
te_loss: 0.587518, te_score: 0.660000

time = 5
tr_loss: 0.572873, tr_score: 0.711250
va_loss: 0.513464, va_score: 0.790000
te_loss: 0.584268, te_score: 0.690000

time = 5
tr_loss: 0.570309, tr_score: 0.721250
va_loss: 0.514418, va_score: 0.780000
te_loss: 0.662372, te_score: 0.620000

time = 5
tr_loss: 0.558258, tr_score: 0.723750
va_loss: 0.612695, va_score: 0.670000
te_loss: 0.601227, te_score: 0.690000

======================================================
5  Seed:  [1237. 6412. 2121. 6405. 4525. 1302. 1340. 7513. 9914. 1173. 2339. 2687.
 5417. 1769. 4522. 4161. 3470. 2003. 6862. 6659.]
tr_loss: 0.582262, tr_score: 0.709063
va_loss: 0.579407, va_score: 0.714500
te_loss: 0.591133, te_score: 0.696000
time = 6
tr_loss: 0.595472, tr_score: 0.710000
va_loss: 0.546892, va_score: 0.750000
te_loss: 0.610350, te_score: 0.670000

time = 6
tr_loss: 0.603243, tr_score: 0.678750
va_loss: 0.647137, va_score: 0.620000
te_loss: 0.651764, te_score: 0.660000

time = 6
tr_loss: 0.510706, tr_score: 0.752500
va_loss: 0.539747, va_score: 0.700000
te_loss: 0.594573, te_score: 0.690000

time = 6
tr_loss: 0.570935, tr_score: 0.712500
va_loss: 0.579068, va_score: 0.710000
te_loss: 0.569189, te_score: 0.720000

time = 6
tr_loss: 0.616061, tr_score: 0.693750
va_loss: 0.639225, va_score: 0.670000
te_loss: 0.557912, te_score: 0.770000

time = 6
tr_loss: 0.575966, tr_score: 0.727500
va_loss: 0.614188, va_score: 0.690000
te_loss: 0.675067, te_score: 0.620000

time = 6
tr_loss: 0.610811, tr_score: 0.707500
va_loss: 0.638171, va_score: 0.680000
te_loss: 0.586488, te_score: 0.740000

time = 6
tr_loss: 0.611652, tr_score: 0.707500
va_loss: 0.661323, va_score: 0.650000
te_loss: 0.630212, te_score: 0.710000

time = 6
tr_loss: 0.572056, tr_score: 0.686250
va_loss: 0.524466, va_score: 0.760000
te_loss: 0.528262, te_score: 0.760000

time = 6
tr_loss: 0.582677, tr_score: 0.713750
va_loss: 0.608100, va_score: 0.720000
te_loss: 0.640639, te_score: 0.690000

time = 6
tr_loss: 0.570641, tr_score: 0.713750
va_loss: 0.594138, va_score: 0.680000
te_loss: 0.675351, te_score: 0.610000

time = 6
tr_loss: 0.580501, tr_score: 0.721250
va_loss: 0.600507, va_score: 0.680000
te_loss: 0.578065, te_score: 0.710000

time = 6
tr_loss: 0.584252, tr_score: 0.711250
va_loss: 0.562672, va_score: 0.750000
te_loss: 0.586140, te_score: 0.690000

time = 6
tr_loss: 0.588241, tr_score: 0.691250
va_loss: 0.565639, va_score: 0.740000
te_loss: 0.561480, te_score: 0.730000

time = 6
tr_loss: 0.579181, tr_score: 0.725000
va_loss: 0.611390, va_score: 0.710000
te_loss: 0.631615, te_score: 0.650000

time = 6
tr_loss: 0.567130, tr_score: 0.715000
va_loss: 0.615808, va_score: 0.680000
te_loss: 0.562429, te_score: 0.740000

time = 6
tr_loss: 0.587870, tr_score: 0.711250
va_loss: 0.563295, va_score: 0.740000
te_loss: 0.586470, te_score: 0.710000

time = 6
tr_loss: 0.594006, tr_score: 0.711250
va_loss: 0.582802, va_score: 0.750000
te_loss: 0.573895, te_score: 0.700000

time = 6
tr_loss: 0.514842, tr_score: 0.732500
va_loss: 0.504755, va_score: 0.740000
te_loss: 0.550911, te_score: 0.720000

time = 6
tr_loss: 0.595562, tr_score: 0.705000
va_loss: 0.614375, va_score: 0.700000
te_loss: 0.570301, te_score: 0.740000

======================================================
6  Seed:  [7694. 6294. 7622. 3529.   96. 7204. 5217. 3436.  887. 8110. 7803. 3805.
 1114. 2222. 9584. 2008. 1959. 4210.  576. 6097.]
tr_loss: 0.580590, tr_score: 0.711375
va_loss: 0.590685, va_score: 0.706000
te_loss: 0.596056, te_score: 0.701500
time = 7
tr_loss: 0.569582, tr_score: 0.717500
va_loss: 0.576508, va_score: 0.710000
te_loss: 0.547314, te_score: 0.740000

time = 7
tr_loss: 0.603479, tr_score: 0.702500
va_loss: 0.530187, va_score: 0.780000
te_loss: 0.591252, te_score: 0.720000

time = 7
tr_loss: 0.554292, tr_score: 0.708750
va_loss: 0.482792, va_score: 0.770000
te_loss: 0.534624, te_score: 0.760000

time = 7
tr_loss: 0.542783, tr_score: 0.722500
va_loss: 0.537649, va_score: 0.720000
te_loss: 0.562681, te_score: 0.730000

time = 7
tr_loss: 0.599838, tr_score: 0.713750
va_loss: 0.530754, va_score: 0.750000
te_loss: 0.575578, te_score: 0.750000

time = 7
tr_loss: 0.560341, tr_score: 0.728750
va_loss: 0.682947, va_score: 0.640000
te_loss: 0.582140, te_score: 0.730000

time = 7
tr_loss: 0.581233, tr_score: 0.711250
va_loss: 0.629928, va_score: 0.660000
te_loss: 0.531127, te_score: 0.780000

time = 7
tr_loss: 0.555013, tr_score: 0.722500
va_loss: 0.578324, va_score: 0.690000
te_loss: 0.594958, te_score: 0.650000

time = 7
tr_loss: 0.566242, tr_score: 0.722500
va_loss: 0.603215, va_score: 0.690000
te_loss: 0.548249, te_score: 0.720000

time = 7
tr_loss: 0.592742, tr_score: 0.717500
va_loss: 0.590652, va_score: 0.740000
te_loss: 0.612337, te_score: 0.700000

time = 7
tr_loss: 0.565203, tr_score: 0.706250
va_loss: 0.586670, va_score: 0.700000
te_loss: 0.612222, te_score: 0.700000

time = 7
tr_loss: 0.600550, tr_score: 0.702500
va_loss: 0.665437, va_score: 0.630000
te_loss: 0.591371, te_score: 0.730000

time = 7
tr_loss: 0.631867, tr_score: 0.722500
va_loss: 0.799996, va_score: 0.570000
te_loss: 0.717254, te_score: 0.650000

time = 7
tr_loss: 0.565466, tr_score: 0.717500
va_loss: 0.564557, va_score: 0.700000
te_loss: 0.610763, te_score: 0.680000

time = 7
tr_loss: 0.563579, tr_score: 0.712500
va_loss: 0.596386, va_score: 0.680000
te_loss: 0.609940, te_score: 0.670000

time = 7
tr_loss: 0.583662, tr_score: 0.708750
va_loss: 0.630192, va_score: 0.640000
te_loss: 0.563890, te_score: 0.720000

time = 7
tr_loss: 0.571298, tr_score: 0.715000
va_loss: 0.568654, va_score: 0.710000
te_loss: 0.632869, te_score: 0.650000

time = 7
tr_loss: 0.552709, tr_score: 0.708750
va_loss: 0.515362, va_score: 0.760000
te_loss: 0.644703, te_score: 0.640000

time = 7
tr_loss: 0.578326, tr_score: 0.711250
va_loss: 0.583823, va_score: 0.710000
te_loss: 0.547679, te_score: 0.760000

time = 7
tr_loss: 0.580771, tr_score: 0.695000
va_loss: 0.543364, va_score: 0.750000
te_loss: 0.599980, te_score: 0.710000

======================================================
7  Seed:  [ 667. 3641. 1333. 4721. 6871. 9519. 4778.  927. 8338.   13. 3683. 6570.
 1422. 3821. 5722.  599. 3527. 1784. 1921. 2070.]
tr_loss: 0.575949, tr_score: 0.713375
va_loss: 0.589870, va_score: 0.700000
te_loss: 0.590547, te_score: 0.709500
time = 8
tr_loss: 0.604505, tr_score: 0.691250
va_loss: 0.614222, va_score: 0.710000
te_loss: 0.494013, te_score: 0.800000

time = 8
tr_loss: 0.603225, tr_score: 0.706250
va_loss: 0.697588, va_score: 0.590000
te_loss: 0.545630, te_score: 0.780000

time = 8
tr_loss: 0.602737, tr_score: 0.706250
va_loss: 0.625871, va_score: 0.700000
te_loss: 0.568661, te_score: 0.750000

time = 8
tr_loss: 0.575981, tr_score: 0.710000
va_loss: 0.580390, va_score: 0.700000
te_loss: 0.586100, te_score: 0.710000

time = 8
tr_loss: 0.577319, tr_score: 0.723750
va_loss: 0.553282, va_score: 0.760000
te_loss: 0.557973, te_score: 0.710000

time = 8
tr_loss: 0.589796, tr_score: 0.706250
va_loss: 0.628796, va_score: 0.670000
te_loss: 0.582101, te_score: 0.730000

time = 8
tr_loss: 0.581277, tr_score: 0.710000
va_loss: 0.580756, va_score: 0.720000
te_loss: 0.598039, te_score: 0.660000

time = 8
tr_loss: 0.579926, tr_score: 0.695000
va_loss: 0.519744, va_score: 0.770000
te_loss: 0.575183, te_score: 0.710000

time = 8
tr_loss: 0.575866, tr_score: 0.702500
va_loss: 0.580463, va_score: 0.700000
te_loss: 0.538059, te_score: 0.760000

time = 8
tr_loss: 0.552260, tr_score: 0.732500
va_loss: 0.623242, va_score: 0.650000
te_loss: 0.522122, te_score: 0.730000

time = 8
tr_loss: 0.622324, tr_score: 0.681250
va_loss: 0.547945, va_score: 0.770000
te_loss: 0.546466, te_score: 0.780000

time = 8
tr_loss: 0.577842, tr_score: 0.696250
va_loss: 0.551449, va_score: 0.730000
te_loss: 0.643601, te_score: 0.630000

time = 8
tr_loss: 0.551138, tr_score: 0.726250
va_loss: 0.562923, va_score: 0.710000
te_loss: 0.527968, te_score: 0.730000

time = 8
tr_loss: 0.591653, tr_score: 0.691250
va_loss: 0.530939, va_score: 0.730000
te_loss: 0.562621, te_score: 0.750000

time = 8
tr_loss: 0.586872, tr_score: 0.700000
va_loss: 0.583706, va_score: 0.700000
te_loss: 0.570885, te_score: 0.710000

time = 8
tr_loss: 0.599948, tr_score: 0.703750
va_loss: 0.568550, va_score: 0.750000
te_loss: 0.732356, te_score: 0.580000

time = 8
tr_loss: 0.571516, tr_score: 0.711250
va_loss: 0.599441, va_score: 0.710000
te_loss: 0.568618, te_score: 0.730000

time = 8
tr_loss: 0.582637, tr_score: 0.708750
va_loss: 0.548798, va_score: 0.750000
te_loss: 0.576879, te_score: 0.710000

time = 8
tr_loss: 0.508691, tr_score: 0.750000
va_loss: 0.538451, va_score: 0.730000
te_loss: 0.584609, te_score: 0.720000

time = 8
tr_loss: 0.555575, tr_score: 0.725000
va_loss: 0.570561, va_score: 0.720000
te_loss: 0.632902, te_score: 0.660000

======================================================
8  Seed:  [4860. 8426. 6918. 8393. 2977. 1581. 7001.  814. 5947. 4477. 3311. 7270.
 5082. 4712. 7103. 6080. 5821. 8708. 4579. 2324.]
tr_loss: 0.579554, tr_score: 0.708875
va_loss: 0.580356, va_score: 0.713500
te_loss: 0.575739, te_score: 0.717000
time = 9
tr_loss: 0.573402, tr_score: 0.706250
va_loss: 0.535112, va_score: 0.720000
te_loss: 0.558935, te_score: 0.720000

time = 9
tr_loss: 0.591492, tr_score: 0.703750
va_loss: 0.666000, va_score: 0.620000
te_loss: 0.589716, te_score: 0.710000

time = 9
tr_loss: 0.526367, tr_score: 0.722500
va_loss: 0.543121, va_score: 0.710000
te_loss: 0.614650, te_score: 0.670000

time = 9
tr_loss: 0.576300, tr_score: 0.725000
va_loss: 0.599599, va_score: 0.710000
te_loss: 0.610865, te_score: 0.670000

time = 9
tr_loss: 0.575918, tr_score: 0.716250
va_loss: 0.536368, va_score: 0.760000
te_loss: 0.728653, te_score: 0.610000

time = 9
tr_loss: 0.572955, tr_score: 0.707500
va_loss: 0.535838, va_score: 0.750000
te_loss: 0.613592, te_score: 0.680000

time = 9
tr_loss: 0.601734, tr_score: 0.692500
va_loss: 0.579495, va_score: 0.730000
te_loss: 0.579260, te_score: 0.720000

time = 9
tr_loss: 0.582230, tr_score: 0.705000
va_loss: 0.574336, va_score: 0.740000
te_loss: 0.631580, te_score: 0.680000

time = 9
tr_loss: 0.570325, tr_score: 0.692500
va_loss: 0.546828, va_score: 0.720000
te_loss: 0.497942, te_score: 0.740000

time = 9
tr_loss: 0.547128, tr_score: 0.740000
va_loss: 0.625986, va_score: 0.680000
te_loss: 0.575127, te_score: 0.740000

time = 9
tr_loss: 0.556470, tr_score: 0.712500
va_loss: 0.572696, va_score: 0.700000
te_loss: 0.544694, te_score: 0.710000

time = 9
tr_loss: 0.543451, tr_score: 0.726250
va_loss: 0.479213, va_score: 0.790000
te_loss: 0.508604, te_score: 0.810000

time = 9
tr_loss: 0.581447, tr_score: 0.703750
va_loss: 0.587080, va_score: 0.680000
te_loss: 0.525382, te_score: 0.760000

time = 9
tr_loss: 0.579354, tr_score: 0.710000
va_loss: 0.576256, va_score: 0.710000
te_loss: 0.562534, te_score: 0.730000

time = 9
tr_loss: 0.586529, tr_score: 0.715000
va_loss: 0.680097, va_score: 0.600000
te_loss: 0.616277, te_score: 0.680000

time = 9
tr_loss: 0.548861, tr_score: 0.728750
va_loss: 0.527226, va_score: 0.740000
te_loss: 0.570704, te_score: 0.740000

time = 9
tr_loss: 0.543133, tr_score: 0.725000
va_loss: 0.547169, va_score: 0.750000
te_loss: 0.561100, te_score: 0.740000

time = 9
tr_loss: 0.595893, tr_score: 0.713750
va_loss: 0.630867, va_score: 0.670000
te_loss: 0.643747, te_score: 0.660000

time = 9
tr_loss: 0.539112, tr_score: 0.730000
va_loss: 0.523941, va_score: 0.740000
te_loss: 0.552994, te_score: 0.720000

time = 9
tr_loss: 0.566047, tr_score: 0.713750
va_loss: 0.561610, va_score: 0.690000
te_loss: 0.548781, te_score: 0.730000

======================================================
9  Seed:  [9948.  542.  232.  666. 5686. 1955. 6679. 1732. 8003. 9621. 2645. 4622.
 2831. 7236. 6932. 8781. 1798. 9886. 2715. 5559.]
tr_loss: 0.567907, tr_score: 0.714500
va_loss: 0.571442, va_score: 0.710500
te_loss: 0.581757, te_score: 0.711000
time = 10
tr_loss: 0.617063, tr_score: 0.700000
va_loss: 0.595144, va_score: 0.710000
te_loss: 0.603017, te_score: 0.720000

time = 10
tr_loss: 0.615829, tr_score: 0.697500
va_loss: 0.595472, va_score: 0.720000
te_loss: 0.593097, te_score: 0.720000

time = 10
tr_loss: 0.566433, tr_score: 0.730000
va_loss: 0.573618, va_score: 0.740000
te_loss: 0.673474, te_score: 0.610000

time = 10
tr_loss: 0.554753, tr_score: 0.717500
va_loss: 0.499888, va_score: 0.770000
te_loss: 0.530742, te_score: 0.740000

time = 10
tr_loss: 0.598572, tr_score: 0.710000
va_loss: 0.586774, va_score: 0.710000
te_loss: 0.544926, te_score: 0.760000

time = 10
tr_loss: 0.597232, tr_score: 0.700000
va_loss: 0.601475, va_score: 0.710000
te_loss: 0.563499, te_score: 0.750000

time = 10
tr_loss: 0.587467, tr_score: 0.693750
va_loss: 0.540101, va_score: 0.760000
te_loss: 0.558122, te_score: 0.750000

time = 10
tr_loss: 0.548176, tr_score: 0.722500
va_loss: 0.413800, va_score: 0.860000
te_loss: 0.538153, te_score: 0.750000

time = 10
tr_loss: 0.553548, tr_score: 0.728750
va_loss: 0.564066, va_score: 0.710000
te_loss: 0.581756, te_score: 0.730000

time = 10
tr_loss: 0.586844, tr_score: 0.703750
va_loss: 0.572112, va_score: 0.730000
te_loss: 0.598041, te_score: 0.720000

time = 10
tr_loss: 0.595169, tr_score: 0.716250
va_loss: 0.648085, va_score: 0.700000
te_loss: 0.603424, te_score: 0.720000

time = 10
tr_loss: 0.573085, tr_score: 0.712500
va_loss: 0.645184, va_score: 0.620000
te_loss: 0.593673, te_score: 0.690000

time = 10
tr_loss: 0.558675, tr_score: 0.725000
va_loss: 0.527870, va_score: 0.760000
te_loss: 0.563550, te_score: 0.710000

time = 10
tr_loss: 0.581093, tr_score: 0.688750
va_loss: 0.541231, va_score: 0.730000
te_loss: 0.516341, te_score: 0.780000

time = 10
tr_loss: 0.603193, tr_score: 0.681250
va_loss: 0.640216, va_score: 0.630000
te_loss: 0.616130, te_score: 0.660000

time = 10
tr_loss: 0.605787, tr_score: 0.687500
va_loss: 0.571947, va_score: 0.770000
te_loss: 0.588183, te_score: 0.740000

time = 10
tr_loss: 0.616897, tr_score: 0.690000
va_loss: 0.471534, va_score: 0.770000
te_loss: 0.649009, te_score: 0.670000

time = 10
tr_loss: 0.527796, tr_score: 0.736250
va_loss: 0.559004, va_score: 0.700000
te_loss: 0.530768, te_score: 0.710000

time = 10
tr_loss: 0.571562, tr_score: 0.697500
va_loss: 0.530283, va_score: 0.740000
te_loss: 0.626968, te_score: 0.690000

time = 10
tr_loss: 0.596863, tr_score: 0.707500
va_loss: 0.708941, va_score: 0.620000
te_loss: 0.607342, te_score: 0.670000

======================================================
10  Seed:  [9217. 8758. 9318. 9902. 9257. 5433. 4194. 5342. 6064. 1182. 7632. 9724.
 4507. 4141. 7028. 4431.  710. 9505. 6403. 3797.]
tr_loss: 0.582802, tr_score: 0.707313
va_loss: 0.569337, va_score: 0.723000
te_loss: 0.584011, te_score: 0.714500
time = 11
tr_loss: 0.601218, tr_score: 0.691250
va_loss: 0.498369, va_score: 0.820000
te_loss: 0.642046, te_score: 0.660000

time = 11
tr_loss: 0.574408, tr_score: 0.713750
va_loss: 0.631172, va_score: 0.680000
te_loss: 0.686630, te_score: 0.650000

time = 11
tr_loss: 0.560378, tr_score: 0.730000
va_loss: 0.584360, va_score: 0.670000
te_loss: 0.542223, te_score: 0.750000

time = 11
tr_loss: 0.630570, tr_score: 0.706250
va_loss: 0.651330, va_score: 0.680000
te_loss: 0.598904, te_score: 0.760000

time = 11
tr_loss: 0.551101, tr_score: 0.740000
va_loss: 0.592686, va_score: 0.700000
te_loss: 0.534882, te_score: 0.710000

time = 11
tr_loss: 0.533994, tr_score: 0.715000
va_loss: 0.538125, va_score: 0.690000
te_loss: 0.499602, te_score: 0.740000

time = 11
tr_loss: 0.654444, tr_score: 0.497500
va_loss: 0.676840, va_score: 0.540000
te_loss: 0.682892, te_score: 0.490000

time = 11
tr_loss: 0.569763, tr_score: 0.725000
va_loss: 0.478981, va_score: 0.830000
te_loss: 0.622768, te_score: 0.660000

time = 11
tr_loss: 0.507437, tr_score: 0.748750
va_loss: 0.574974, va_score: 0.710000
te_loss: 0.543749, te_score: 0.750000

time = 11
tr_loss: 0.605116, tr_score: 0.713750
va_loss: 0.674688, va_score: 0.640000
te_loss: 0.634000, te_score: 0.690000

time = 11
tr_loss: 0.567033, tr_score: 0.716250
va_loss: 0.609518, va_score: 0.660000
te_loss: 0.498479, te_score: 0.780000

time = 11
tr_loss: 0.584951, tr_score: 0.720000
va_loss: 0.647147, va_score: 0.670000
te_loss: 0.695182, te_score: 0.650000

time = 11
tr_loss: 0.543551, tr_score: 0.733750
va_loss: 0.592280, va_score: 0.690000
te_loss: 0.588915, te_score: 0.680000

time = 11
tr_loss: 0.600769, tr_score: 0.703750
va_loss: 0.573890, va_score: 0.720000
te_loss: 0.661499, te_score: 0.650000

time = 11
tr_loss: 0.579260, tr_score: 0.696250
va_loss: 0.540906, va_score: 0.740000
te_loss: 0.624553, te_score: 0.660000

time = 11
tr_loss: 0.585748, tr_score: 0.712500
va_loss: 0.677856, va_score: 0.610000
te_loss: 0.560398, te_score: 0.760000

time = 11
tr_loss: 0.637890, tr_score: 0.697500
va_loss: 0.580359, va_score: 0.750000
te_loss: 0.698832, te_score: 0.670000

time = 11
tr_loss: 0.602360, tr_score: 0.673750
va_loss: 0.540134, va_score: 0.740000
te_loss: 0.611848, te_score: 0.680000

time = 11
tr_loss: 0.585454, tr_score: 0.705000
va_loss: 0.587083, va_score: 0.730000
te_loss: 0.651483, te_score: 0.630000

time = 11
tr_loss: 0.567579, tr_score: 0.712500
va_loss: 0.531924, va_score: 0.740000
te_loss: 0.626818, te_score: 0.630000

======================================================
11  Seed:  [ 276. 7096. 7576. 7225. 8005. 7496. 1258. 6191. 8489. 5152. 4572. 4247.
 5941. 8136.  978. 3169. 6643. 4121. 8439. 9382.]
tr_loss: 0.582151, tr_score: 0.702625
va_loss: 0.589131, va_score: 0.700500
te_loss: 0.610285, te_score: 0.682500
time = 12
tr_loss: 0.579243, tr_score: 0.708750
va_loss: 0.583970, va_score: 0.710000
te_loss: 0.553522, te_score: 0.760000

time = 12
tr_loss: 0.597345, tr_score: 0.705000
va_loss: 0.607532, va_score: 0.700000
te_loss: 0.561778, te_score: 0.740000

time = 12
tr_loss: 0.611666, tr_score: 0.712500
va_loss: 0.671644, va_score: 0.670000
te_loss: 0.699256, te_score: 0.620000

time = 12
tr_loss: 0.577679, tr_score: 0.721250
va_loss: 0.615067, va_score: 0.690000
te_loss: 0.780478, te_score: 0.590000

time = 12
tr_loss: 0.573399, tr_score: 0.721250
va_loss: 0.602909, va_score: 0.670000
te_loss: 0.629426, te_score: 0.670000

time = 12
tr_loss: 0.601744, tr_score: 0.705000
va_loss: 0.633038, va_score: 0.670000
te_loss: 0.625578, te_score: 0.690000

time = 12
tr_loss: 0.526179, tr_score: 0.743750
va_loss: 0.598808, va_score: 0.690000
te_loss: 0.606971, te_score: 0.660000

time = 12
tr_loss: 0.558948, tr_score: 0.723750
va_loss: 0.634893, va_score: 0.660000
te_loss: 0.577912, te_score: 0.700000

time = 12
tr_loss: 0.570894, tr_score: 0.720000
va_loss: 0.569085, va_score: 0.700000
te_loss: 0.615556, te_score: 0.700000

time = 12
tr_loss: 0.519802, tr_score: 0.745000
va_loss: 0.559930, va_score: 0.700000
te_loss: 0.561911, te_score: 0.730000

time = 12
tr_loss: 0.583223, tr_score: 0.721250
va_loss: 0.556570, va_score: 0.750000
te_loss: 0.645030, te_score: 0.630000

time = 12
tr_loss: 0.597606, tr_score: 0.710000
va_loss: 0.556480, va_score: 0.740000
te_loss: 0.576790, te_score: 0.720000

time = 12
tr_loss: 0.550864, tr_score: 0.745000
va_loss: 0.618271, va_score: 0.690000
te_loss: 0.598196, te_score: 0.700000

time = 12
tr_loss: 0.589051, tr_score: 0.703750
va_loss: 0.565147, va_score: 0.750000
te_loss: 0.585503, te_score: 0.730000

time = 12
tr_loss: 0.577852, tr_score: 0.711250
va_loss: 0.559841, va_score: 0.750000
te_loss: 0.616137, te_score: 0.670000

time = 12
tr_loss: 0.575646, tr_score: 0.711250
va_loss: 0.627977, va_score: 0.650000
te_loss: 0.589093, te_score: 0.710000

time = 12
tr_loss: 0.601714, tr_score: 0.711250
va_loss: 0.656023, va_score: 0.630000
te_loss: 0.567407, te_score: 0.750000

time = 12
tr_loss: 0.628179, tr_score: 0.666250
va_loss: 0.600858, va_score: 0.680000
te_loss: 0.553919, te_score: 0.740000

time = 12
tr_loss: 0.609601, tr_score: 0.693750
va_loss: 0.636910, va_score: 0.660000
te_loss: 0.605511, te_score: 0.710000

time = 12
tr_loss: 0.592602, tr_score: 0.718750
va_loss: 0.677773, va_score: 0.630000
te_loss: 0.621845, te_score: 0.730000

======================================================
12  Seed:  [5995. 5359. 4959. 8841. 2084. 6283. 5803. 5547. 5856. 6466. 1029. 9406.
 1119. 6504. 6270.   89. 4601. 8528. 5236. 3309.]
tr_loss: 0.581162, tr_score: 0.714938
va_loss: 0.606636, va_score: 0.689500
te_loss: 0.608591, te_score: 0.697500
time = 13
tr_loss: 0.572262, tr_score: 0.707500
va_loss: 0.614992, va_score: 0.660000
te_loss: 0.559839, te_score: 0.740000

time = 13
tr_loss: 0.600302, tr_score: 0.695000
va_loss: 0.539740, va_score: 0.780000
te_loss: 0.584939, te_score: 0.710000

time = 13
tr_loss: 0.570210, tr_score: 0.726250
va_loss: 0.533871, va_score: 0.760000
te_loss: 0.782551, te_score: 0.530000

time = 13
tr_loss: 0.587427, tr_score: 0.712500
va_loss: 0.627382, va_score: 0.660000
te_loss: 0.525635, te_score: 0.760000

time = 13
tr_loss: 0.584805, tr_score: 0.696250
va_loss: 0.625136, va_score: 0.710000
te_loss: 0.590470, te_score: 0.700000

time = 13
tr_loss: 0.612673, tr_score: 0.702500
va_loss: 0.676483, va_score: 0.660000
te_loss: 0.619422, te_score: 0.690000

time = 13
tr_loss: 0.580281, tr_score: 0.718750
va_loss: 0.644419, va_score: 0.670000
te_loss: 0.577599, te_score: 0.730000

time = 13
tr_loss: 0.587501, tr_score: 0.706250
va_loss: 0.579728, va_score: 0.730000
te_loss: 0.604994, te_score: 0.670000

time = 13
tr_loss: 0.590734, tr_score: 0.710000
va_loss: 0.576547, va_score: 0.740000
te_loss: 0.548047, te_score: 0.750000

time = 13
tr_loss: 0.592492, tr_score: 0.712500
va_loss: 0.650741, va_score: 0.600000
te_loss: 0.552625, te_score: 0.780000

time = 13
tr_loss: 0.562555, tr_score: 0.703750
va_loss: 0.616639, va_score: 0.720000
te_loss: 0.710366, te_score: 0.560000

time = 13
tr_loss: 0.614709, tr_score: 0.702500
va_loss: 0.619157, va_score: 0.700000
te_loss: 0.636401, te_score: 0.680000

time = 13
tr_loss: 0.575503, tr_score: 0.716250
va_loss: 0.572776, va_score: 0.710000
te_loss: 0.574091, te_score: 0.700000

time = 13
tr_loss: 0.594228, tr_score: 0.693750
va_loss: 0.532537, va_score: 0.760000
te_loss: 0.610466, te_score: 0.690000

time = 13
tr_loss: 0.551731, tr_score: 0.712500
va_loss: 0.537698, va_score: 0.760000
te_loss: 0.462511, te_score: 0.800000

time = 13
tr_loss: 0.579515, tr_score: 0.702500
va_loss: 0.599964, va_score: 0.700000
te_loss: 0.604558, te_score: 0.690000

time = 13
tr_loss: 0.570266, tr_score: 0.697500
va_loss: 0.577596, va_score: 0.650000
te_loss: 0.639673, te_score: 0.650000

time = 13
tr_loss: 0.589873, tr_score: 0.710000
va_loss: 0.530620, va_score: 0.770000
te_loss: 0.593621, te_score: 0.720000

time = 13
tr_loss: 0.574734, tr_score: 0.702500
va_loss: 0.532582, va_score: 0.760000
te_loss: 0.625520, te_score: 0.650000

time = 13
tr_loss: 0.563707, tr_score: 0.718750
va_loss: 0.553117, va_score: 0.750000
te_loss: 0.519474, te_score: 0.800000

======================================================
13  Seed:  [3706. 3756. 2533. 6590. 1761. 5957. 4965. 8699. 1302.  214. 1426. 3422.
 9979.   35. 8073. 6183. 7853. 8174. 4923.  725.]
tr_loss: 0.582775, tr_score: 0.707375
va_loss: 0.587086, va_score: 0.712500
te_loss: 0.596140, te_score: 0.700000
time = 14
tr_loss: 0.621306, tr_score: 0.658750
va_loss: 0.691081, va_score: 0.560000
te_loss: 0.639567, te_score: 0.620000

time = 14
tr_loss: 0.583556, tr_score: 0.711250
va_loss: 0.641951, va_score: 0.680000
te_loss: 0.604963, te_score: 0.700000

time = 14
tr_loss: 0.542309, tr_score: 0.733750
va_loss: 0.501410, va_score: 0.750000
te_loss: 0.519612, te_score: 0.770000

time = 14
tr_loss: 0.579059, tr_score: 0.718750
va_loss: 0.586474, va_score: 0.710000
te_loss: 0.535204, te_score: 0.790000

time = 14
tr_loss: 0.588811, tr_score: 0.722500
va_loss: 0.642801, va_score: 0.660000
te_loss: 0.598140, te_score: 0.700000

time = 14
tr_loss: 0.528799, tr_score: 0.741250
va_loss: 0.556686, va_score: 0.700000
te_loss: 0.589333, te_score: 0.720000

time = 14
tr_loss: 0.562011, tr_score: 0.695000
va_loss: 0.493925, va_score: 0.810000
te_loss: 0.606534, te_score: 0.630000

time = 14
tr_loss: 0.606985, tr_score: 0.701250
va_loss: 0.631566, va_score: 0.660000
te_loss: 0.587794, te_score: 0.730000

time = 14
tr_loss: 0.592533, tr_score: 0.700000
va_loss: 0.566242, va_score: 0.730000
te_loss: 0.555729, te_score: 0.720000

time = 14
tr_loss: 0.613223, tr_score: 0.707500
va_loss: 0.523478, va_score: 0.790000
te_loss: 0.695605, te_score: 0.630000

time = 14
tr_loss: 0.640822, tr_score: 0.690000
va_loss: 0.545799, va_score: 0.760000
te_loss: 0.628612, te_score: 0.730000

time = 14
tr_loss: 0.523858, tr_score: 0.731250
va_loss: 0.546018, va_score: 0.710000
te_loss: 0.533965, te_score: 0.730000

time = 14
tr_loss: 0.573204, tr_score: 0.706250
va_loss: 0.528142, va_score: 0.760000
te_loss: 0.626204, te_score: 0.650000

time = 14
tr_loss: 0.509548, tr_score: 0.752500
va_loss: 0.517309, va_score: 0.760000
te_loss: 0.513688, te_score: 0.750000

time = 14
tr_loss: 0.590133, tr_score: 0.700000
va_loss: 0.598389, va_score: 0.670000
te_loss: 0.598367, te_score: 0.730000

time = 14
tr_loss: 0.635552, tr_score: 0.686250
va_loss: 0.608508, va_score: 0.760000
te_loss: 0.590576, te_score: 0.740000

time = 14
tr_loss: 0.565833, tr_score: 0.717500
va_loss: 0.516153, va_score: 0.790000
te_loss: 0.648978, te_score: 0.620000

time = 14
tr_loss: 0.592930, tr_score: 0.703750
va_loss: 0.629127, va_score: 0.680000
te_loss: 0.595325, te_score: 0.730000

time = 14
tr_loss: 0.565284, tr_score: 0.723750
va_loss: 0.607088, va_score: 0.680000
te_loss: 0.563034, te_score: 0.730000

time = 14
tr_loss: 0.607150, tr_score: 0.712500
va_loss: 0.667577, va_score: 0.710000
te_loss: 0.615232, te_score: 0.750000

======================================================
14  Seed:  [6736. 9332. 4026. 8791. 2185. 8095. 4925. 3877. 8332. 6847. 5871. 5004.
 2796. 4961. 1467. 7787. 3868. 5255. 9307. 9073.]
tr_loss: 0.581145, tr_score: 0.710687
va_loss: 0.579986, va_score: 0.716500
te_loss: 0.592323, te_score: 0.708500
time = 15
tr_loss: 0.557289, tr_score: 0.715000
va_loss: 0.541537, va_score: 0.710000
te_loss: 0.609391, te_score: 0.670000

time = 15
tr_loss: 0.560338, tr_score: 0.727500
va_loss: 0.555890, va_score: 0.740000
te_loss: 0.487060, te_score: 0.800000

time = 15
tr_loss: 0.572129, tr_score: 0.733750
va_loss: 0.604511, va_score: 0.680000
te_loss: 0.629563, te_score: 0.670000

time = 15
tr_loss: 0.577849, tr_score: 0.707500
va_loss: 0.486274, va_score: 0.750000
te_loss: 0.599842, te_score: 0.660000

time = 15
tr_loss: 0.610636, tr_score: 0.700000
va_loss: 0.614129, va_score: 0.710000
te_loss: 0.572623, te_score: 0.750000

time = 15
tr_loss: 0.547498, tr_score: 0.718750
va_loss: 0.595451, va_score: 0.680000
te_loss: 0.588235, te_score: 0.690000

time = 15
tr_loss: 0.569870, tr_score: 0.698750
va_loss: 0.584698, va_score: 0.670000
te_loss: 0.538609, te_score: 0.740000

time = 15
tr_loss: 0.544949, tr_score: 0.737500
va_loss: 0.531192, va_score: 0.770000
te_loss: 0.559083, te_score: 0.720000

time = 15
tr_loss: 0.587916, tr_score: 0.696250
va_loss: 0.574800, va_score: 0.750000
te_loss: 0.557943, te_score: 0.740000

time = 15
tr_loss: 0.601744, tr_score: 0.700000
va_loss: 0.663624, va_score: 0.610000
te_loss: 0.620313, te_score: 0.700000

time = 15
tr_loss: 0.571229, tr_score: 0.715000
va_loss: 0.538022, va_score: 0.720000
te_loss: 0.548821, te_score: 0.730000

time = 15
tr_loss: 0.587987, tr_score: 0.711250
va_loss: 0.584194, va_score: 0.720000
te_loss: 0.616919, te_score: 0.670000

time = 15
tr_loss: 0.592211, tr_score: 0.716250
va_loss: 0.591688, va_score: 0.730000
te_loss: 0.637850, te_score: 0.680000

time = 15
tr_loss: 0.562205, tr_score: 0.700000
va_loss: 0.594617, va_score: 0.700000
te_loss: 0.582405, te_score: 0.720000

time = 15
tr_loss: 0.542080, tr_score: 0.728750
va_loss: 0.559619, va_score: 0.750000
te_loss: 0.563436, te_score: 0.700000

time = 15
tr_loss: 0.582369, tr_score: 0.718750
va_loss: 0.660630, va_score: 0.640000
te_loss: 0.632023, te_score: 0.660000

time = 15
tr_loss: 0.601460, tr_score: 0.696250
va_loss: 0.535506, va_score: 0.760000
te_loss: 0.656546, te_score: 0.670000

time = 15
tr_loss: 0.566329, tr_score: 0.725000
va_loss: 0.624711, va_score: 0.690000
te_loss: 0.658381, te_score: 0.640000

time = 15
tr_loss: 0.539886, tr_score: 0.723750
va_loss: 0.555666, va_score: 0.740000
te_loss: 0.576363, te_score: 0.690000

time = 15
tr_loss: 0.538248, tr_score: 0.713750
va_loss: 0.517489, va_score: 0.720000
te_loss: 0.544026, te_score: 0.690000

======================================================
15  Seed:  [ 879. 4612.  287.  491. 3659. 8251. 7507. 1140. 3507. 4318. 9716. 8900.
 3870. 2555. 7340. 8792.  757. 6674. 3143.  691.]
tr_loss: 0.570711, tr_score: 0.714187
va_loss: 0.575712, va_score: 0.712000
te_loss: 0.588972, te_score: 0.699500
time = 16
tr_loss: 0.606982, tr_score: 0.693750
va_loss: 0.586686, va_score: 0.740000
te_loss: 0.619747, te_score: 0.700000

time = 16
tr_loss: 0.565529, tr_score: 0.716250
va_loss: 0.552875, va_score: 0.710000
te_loss: 0.627206, te_score: 0.670000

time = 16
tr_loss: 0.574708, tr_score: 0.706250
va_loss: 0.507701, va_score: 0.770000
te_loss: 0.623213, te_score: 0.680000

time = 16
tr_loss: 0.544778, tr_score: 0.732500
va_loss: 0.584563, va_score: 0.690000
te_loss: 0.552222, te_score: 0.750000

time = 16
tr_loss: 0.578059, tr_score: 0.708750
va_loss: 0.555687, va_score: 0.750000
te_loss: 0.580322, te_score: 0.700000

time = 16
tr_loss: 0.587970, tr_score: 0.707500
va_loss: 0.596310, va_score: 0.690000
te_loss: 0.623716, te_score: 0.660000

time = 16
tr_loss: 0.610523, tr_score: 0.690000
va_loss: 0.613579, va_score: 0.680000
te_loss: 0.633761, te_score: 0.710000

time = 16
tr_loss: 0.581691, tr_score: 0.723750
va_loss: 0.639068, va_score: 0.690000
te_loss: 0.633959, te_score: 0.690000

time = 16
tr_loss: 0.580240, tr_score: 0.725000
va_loss: 0.570300, va_score: 0.730000
te_loss: 0.565434, te_score: 0.730000

time = 16
tr_loss: 0.555552, tr_score: 0.733750
va_loss: 0.636412, va_score: 0.660000
te_loss: 0.665893, te_score: 0.660000

time = 16
tr_loss: 0.566387, tr_score: 0.722500
va_loss: 0.602394, va_score: 0.700000
te_loss: 0.593398, te_score: 0.690000

time = 16
tr_loss: 0.577562, tr_score: 0.697500
va_loss: 0.610193, va_score: 0.690000
te_loss: 0.619863, te_score: 0.690000

time = 16
tr_loss: 0.627968, tr_score: 0.703750
va_loss: 0.664564, va_score: 0.660000
te_loss: 0.606529, te_score: 0.710000

time = 16
tr_loss: 0.582100, tr_score: 0.700000
va_loss: 0.534847, va_score: 0.760000
te_loss: 0.536257, te_score: 0.760000

time = 16
tr_loss: 0.580817, tr_score: 0.703750
va_loss: 0.534752, va_score: 0.760000
te_loss: 0.544049, te_score: 0.770000

time = 16
tr_loss: 0.569111, tr_score: 0.721250
va_loss: 0.629419, va_score: 0.680000
te_loss: 0.583903, te_score: 0.760000

time = 16
tr_loss: 0.550858, tr_score: 0.730000
va_loss: 0.515179, va_score: 0.800000
te_loss: 0.571337, te_score: 0.730000

time = 16
tr_loss: 0.576761, tr_score: 0.718750
va_loss: 0.577501, va_score: 0.710000
te_loss: 0.570996, te_score: 0.680000

time = 16
tr_loss: 0.535363, tr_score: 0.743750
va_loss: 0.448755, va_score: 0.780000
te_loss: 0.586687, te_score: 0.700000

time = 16
tr_loss: 0.592085, tr_score: 0.702500
va_loss: 0.608526, va_score: 0.670000
te_loss: 0.557009, te_score: 0.740000

======================================================
16  Seed:  [9082. 6878.  978. 6918.   35. 3547.  812. 1562. 5243. 8191. 5330. 4602.
 2929. 4830.  303. 9956. 3156. 7475. 4637.  734.]
tr_loss: 0.577252, tr_score: 0.714063
va_loss: 0.578466, va_score: 0.716000
te_loss: 0.594775, te_score: 0.709000
time = 17
tr_loss: 0.591482, tr_score: 0.713750
va_loss: 0.612330, va_score: 0.710000
te_loss: 0.577988, te_score: 0.690000

time = 17
tr_loss: 0.564310, tr_score: 0.727500
va_loss: 0.606264, va_score: 0.670000
te_loss: 0.610700, te_score: 0.680000

time = 17
tr_loss: 0.573200, tr_score: 0.733750
va_loss: 0.670821, va_score: 0.640000
te_loss: 0.599300, te_score: 0.700000

time = 17
tr_loss: 0.598143, tr_score: 0.710000
va_loss: 0.656417, va_score: 0.630000
te_loss: 0.606363, te_score: 0.710000

time = 17
tr_loss: 0.565213, tr_score: 0.713750
va_loss: 0.517294, va_score: 0.780000
te_loss: 0.542022, te_score: 0.760000

time = 17
tr_loss: 0.580011, tr_score: 0.713750
va_loss: 0.592163, va_score: 0.700000
te_loss: 0.645482, te_score: 0.650000

time = 17
tr_loss: 0.617309, tr_score: 0.712500
va_loss: 0.733547, va_score: 0.640000
te_loss: 0.674795, te_score: 0.670000

time = 17
tr_loss: 0.503384, tr_score: 0.738750
va_loss: 0.561184, va_score: 0.690000
te_loss: 0.648720, te_score: 0.600000

time = 17
tr_loss: 0.611330, tr_score: 0.691250
va_loss: 0.590189, va_score: 0.710000
te_loss: 0.568434, te_score: 0.740000

time = 17
tr_loss: 0.569895, tr_score: 0.711250
va_loss: 0.615510, va_score: 0.700000
te_loss: 0.640394, te_score: 0.610000

time = 17
tr_loss: 0.564934, tr_score: 0.722500
va_loss: 0.593857, va_score: 0.710000
te_loss: 0.631875, te_score: 0.690000

time = 17
tr_loss: 0.583664, tr_score: 0.723750
va_loss: 0.588680, va_score: 0.700000
te_loss: 0.600511, te_score: 0.700000

time = 17
tr_loss: 0.568601, tr_score: 0.722500
va_loss: 0.558394, va_score: 0.720000
te_loss: 0.558808, te_score: 0.730000

time = 17
tr_loss: 0.590847, tr_score: 0.691250
va_loss: 0.546134, va_score: 0.730000
te_loss: 0.554437, te_score: 0.760000

time = 17
tr_loss: 0.572667, tr_score: 0.712500
va_loss: 0.650416, va_score: 0.660000
te_loss: 0.631835, te_score: 0.630000

time = 17
tr_loss: 0.593094, tr_score: 0.708750
va_loss: 0.558519, va_score: 0.740000
te_loss: 0.603107, te_score: 0.690000

time = 17
tr_loss: 0.589663, tr_score: 0.717500
va_loss: 0.653616, va_score: 0.610000
te_loss: 0.590628, te_score: 0.730000

time = 17
tr_loss: 0.587030, tr_score: 0.697500
va_loss: 0.632032, va_score: 0.700000
te_loss: 0.583986, te_score: 0.720000

time = 17
tr_loss: 0.545461, tr_score: 0.723750
va_loss: 0.521680, va_score: 0.740000
te_loss: 0.561851, te_score: 0.710000

time = 17
tr_loss: 0.574714, tr_score: 0.721250
va_loss: 0.570065, va_score: 0.700000
te_loss: 0.606168, te_score: 0.670000

======================================================
17  Seed:  [9997. 6891. 7283.  296. 4194.  627. 9187. 9699.  412. 3964. 5059. 1882.
 6859. 7098. 9012. 6459. 3018. 8410. 9321. 1260.]
tr_loss: 0.577248, tr_score: 0.715375
va_loss: 0.601456, va_score: 0.694000
te_loss: 0.601870, te_score: 0.692000
time = 18
tr_loss: 0.600577, tr_score: 0.700000
va_loss: 0.608520, va_score: 0.690000
te_loss: 0.552879, te_score: 0.730000

time = 18
tr_loss: 0.512389, tr_score: 0.745000
va_loss: 0.530594, va_score: 0.740000
te_loss: 0.483466, te_score: 0.780000

time = 18
tr_loss: 0.543636, tr_score: 0.720000
va_loss: 0.537248, va_score: 0.760000
te_loss: 0.609454, te_score: 0.640000

time = 18
tr_loss: 0.590050, tr_score: 0.722500
va_loss: 0.554040, va_score: 0.740000
te_loss: 0.586972, te_score: 0.730000

time = 18
tr_loss: 0.586917, tr_score: 0.710000
va_loss: 0.609475, va_score: 0.710000
te_loss: 0.521377, te_score: 0.790000

time = 18
tr_loss: 0.588873, tr_score: 0.702500
va_loss: 0.600815, va_score: 0.690000
te_loss: 0.584637, te_score: 0.750000

time = 18
tr_loss: 0.589589, tr_score: 0.717500
va_loss: 0.656078, va_score: 0.690000
te_loss: 0.581576, te_score: 0.750000

time = 18
tr_loss: 0.572133, tr_score: 0.730000
va_loss: 0.618893, va_score: 0.710000
te_loss: 0.676664, te_score: 0.610000

time = 18
tr_loss: 0.557582, tr_score: 0.717500
va_loss: 0.542090, va_score: 0.750000
te_loss: 0.573932, te_score: 0.690000

time = 18
tr_loss: 0.565323, tr_score: 0.717500
va_loss: 0.594894, va_score: 0.700000
te_loss: 0.603419, te_score: 0.680000

time = 18
tr_loss: 0.650437, tr_score: 0.703750
va_loss: 0.676369, va_score: 0.660000
te_loss: 0.594494, te_score: 0.780000

time = 18
tr_loss: 0.557819, tr_score: 0.722500
va_loss: 0.622513, va_score: 0.710000
te_loss: 0.569441, te_score: 0.740000

time = 18
tr_loss: 0.573610, tr_score: 0.700000
va_loss: 0.595639, va_score: 0.700000
te_loss: 0.581185, te_score: 0.720000

time = 18
tr_loss: 0.566204, tr_score: 0.710000
va_loss: 0.546600, va_score: 0.750000
te_loss: 0.533876, te_score: 0.740000

time = 18
tr_loss: 0.585620, tr_score: 0.696250
va_loss: 0.578589, va_score: 0.720000
te_loss: 0.545859, te_score: 0.720000

time = 18
tr_loss: 0.598317, tr_score: 0.695000
va_loss: 0.562711, va_score: 0.750000
te_loss: 0.507863, te_score: 0.770000

time = 18
tr_loss: 0.592597, tr_score: 0.703750
va_loss: 0.625286, va_score: 0.670000
te_loss: 0.601237, te_score: 0.690000

time = 18
tr_loss: 0.550222, tr_score: 0.708750
va_loss: 0.523185, va_score: 0.730000
te_loss: 0.627821, te_score: 0.680000

time = 18
tr_loss: 0.568945, tr_score: 0.702500
va_loss: 0.545173, va_score: 0.780000
te_loss: 0.596408, te_score: 0.690000

time = 18
tr_loss: 0.613755, tr_score: 0.711250
va_loss: 0.565279, va_score: 0.770000
te_loss: 0.631959, te_score: 0.690000

======================================================
18  Seed:  [ 873. 4207. 9606. 9170. 6333. 9407. 8590.  438. 6112. 2282. 5826. 4132.
 5788. 3773.  899. 1544. 7119. 3120. 1138. 3253.]
tr_loss: 0.578230, tr_score: 0.711812
va_loss: 0.584700, va_score: 0.721000
te_loss: 0.578226, te_score: 0.718500
time = 19
tr_loss: 0.581585, tr_score: 0.711250
va_loss: 0.636466, va_score: 0.660000
te_loss: 0.650640, te_score: 0.640000

time = 19
tr_loss: 0.557252, tr_score: 0.732500
va_loss: 0.544882, va_score: 0.720000
te_loss: 0.635776, te_score: 0.670000

time = 19
tr_loss: 0.596807, tr_score: 0.692500
va_loss: 0.534187, va_score: 0.780000
te_loss: 0.584898, te_score: 0.720000

time = 19
tr_loss: 0.564174, tr_score: 0.727500
va_loss: 0.595891, va_score: 0.700000
te_loss: 0.583797, te_score: 0.720000

time = 19
tr_loss: 0.612906, tr_score: 0.696250
va_loss: 0.616983, va_score: 0.700000
te_loss: 0.559892, te_score: 0.750000

time = 19
tr_loss: 0.566429, tr_score: 0.687500
va_loss: 0.562280, va_score: 0.710000
te_loss: 0.603956, te_score: 0.650000

time = 19
tr_loss: 0.595426, tr_score: 0.702500
va_loss: 0.566934, va_score: 0.720000
te_loss: 0.647892, te_score: 0.660000

time = 19
tr_loss: 0.555203, tr_score: 0.733750
va_loss: 0.619919, va_score: 0.650000
te_loss: 0.593016, te_score: 0.680000

time = 19
tr_loss: 0.576210, tr_score: 0.696250
va_loss: 0.616277, va_score: 0.690000
te_loss: 0.552848, te_score: 0.740000

time = 19
tr_loss: 0.577027, tr_score: 0.706250
va_loss: 0.617966, va_score: 0.670000
te_loss: 0.611739, te_score: 0.690000

time = 19
tr_loss: 0.590622, tr_score: 0.705000
va_loss: 0.608901, va_score: 0.700000
te_loss: 0.619519, te_score: 0.660000

time = 19
tr_loss: 0.568184, tr_score: 0.712500
va_loss: 0.639728, va_score: 0.660000
te_loss: 0.594059, te_score: 0.710000

time = 19
tr_loss: 0.576635, tr_score: 0.710000
va_loss: 0.632223, va_score: 0.670000
te_loss: 0.641223, te_score: 0.660000

time = 19
tr_loss: 0.571022, tr_score: 0.723750
va_loss: 0.571967, va_score: 0.750000
te_loss: 0.574116, te_score: 0.700000

time = 19
tr_loss: 0.600024, tr_score: 0.693750
va_loss: 0.618940, va_score: 0.690000
te_loss: 0.557319, te_score: 0.760000

time = 19
tr_loss: 0.610090, tr_score: 0.687500
va_loss: 0.556552, va_score: 0.750000
te_loss: 0.566477, te_score: 0.760000

time = 19
tr_loss: 0.601040, tr_score: 0.690000
va_loss: 0.599647, va_score: 0.700000
te_loss: 0.620459, te_score: 0.670000

time = 19
tr_loss: 0.599954, tr_score: 0.713750
va_loss: 0.633537, va_score: 0.680000
te_loss: 0.589129, te_score: 0.720000

time = 19
tr_loss: 0.612148, tr_score: 0.692500
va_loss: 0.578914, va_score: 0.760000
te_loss: 0.610887, te_score: 0.670000

time = 19
tr_loss: 0.560751, tr_score: 0.718750
va_loss: 0.633893, va_score: 0.630000
te_loss: 0.543521, te_score: 0.770000

======================================================
19  Seed:  [3709. 6253. 7969. 4492. 4878.  212. 2129. 7387.  610. 9877. 6936. 8416.
 1824. 6324. 9841. 5493. 7619. 7977.  518. 1963.]
tr_loss: 0.583674, tr_score: 0.706687
va_loss: 0.599304, va_score: 0.699500
te_loss: 0.597058, te_score: 0.700000
time = 20
tr_loss: 0.608218, tr_score: 0.687500
va_loss: 0.588257, va_score: 0.690000
te_loss: 0.579955, te_score: 0.710000

time = 20
tr_loss: 0.599243, tr_score: 0.700000
va_loss: 0.589245, va_score: 0.720000
te_loss: 0.612614, te_score: 0.710000

time = 20
tr_loss: 0.564847, tr_score: 0.733750
va_loss: 0.560491, va_score: 0.730000
te_loss: 0.603151, te_score: 0.670000

time = 20
tr_loss: 0.587462, tr_score: 0.723750
va_loss: 0.629201, va_score: 0.680000
te_loss: 0.539286, te_score: 0.780000

time = 20
tr_loss: 0.563414, tr_score: 0.725000
va_loss: 0.630265, va_score: 0.620000
te_loss: 0.587205, te_score: 0.700000

time = 20
tr_loss: 0.569511, tr_score: 0.707500
va_loss: 0.543127, va_score: 0.750000
te_loss: 0.577310, te_score: 0.700000

time = 20
tr_loss: 0.598070, tr_score: 0.693750
va_loss: 0.559725, va_score: 0.760000
te_loss: 0.606535, te_score: 0.700000

time = 20
tr_loss: 0.553498, tr_score: 0.727500
va_loss: 0.599330, va_score: 0.690000
te_loss: 0.536773, te_score: 0.750000

time = 20
tr_loss: 0.596725, tr_score: 0.712500
va_loss: 0.585633, va_score: 0.710000
te_loss: 0.555172, te_score: 0.770000

time = 20
tr_loss: 0.553811, tr_score: 0.707500
va_loss: 0.496660, va_score: 0.780000
te_loss: 0.521998, te_score: 0.780000

time = 20
tr_loss: 0.587634, tr_score: 0.715000
va_loss: 0.592715, va_score: 0.690000
te_loss: 0.579522, te_score: 0.700000

time = 20
tr_loss: 0.580486, tr_score: 0.708750
va_loss: 0.590281, va_score: 0.720000
te_loss: 0.570530, te_score: 0.710000

time = 20
tr_loss: 0.544000, tr_score: 0.721250
va_loss: 0.555627, va_score: 0.720000
te_loss: 0.578619, te_score: 0.700000

time = 20
tr_loss: 0.593427, tr_score: 0.680000
va_loss: 0.602371, va_score: 0.680000
te_loss: 0.588593, te_score: 0.610000

time = 20
tr_loss: 0.505182, tr_score: 0.752500
va_loss: 0.531139, va_score: 0.740000
te_loss: 0.589869, te_score: 0.700000

time = 20
tr_loss: 0.592686, tr_score: 0.721250
va_loss: 0.678571, va_score: 0.640000
te_loss: 0.630422, te_score: 0.680000

time = 20
tr_loss: 0.550185, tr_score: 0.711250
va_loss: 0.555960, va_score: 0.730000
te_loss: 0.566389, te_score: 0.740000

time = 20
tr_loss: 0.539785, tr_score: 0.737500
va_loss: 0.543186, va_score: 0.810000
te_loss: 0.594036, te_score: 0.740000

time = 20
tr_loss: 0.544676, tr_score: 0.740000
va_loss: 0.500979, va_score: 0.770000
te_loss: 0.559431, te_score: 0.710000

time = 20
tr_loss: 0.569133, tr_score: 0.713750
va_loss: 0.596949, va_score: 0.670000
te_loss: 0.576192, te_score: 0.720000

======================================================
20  Seed:  [8890. 5137. 6638. 5364. 3035. 4210. 5798. 9783. 7946.  146. 8127. 1556.
 1338. 7812. 5900. 6230. 6141. 6234. 5455. 7649.]
tr_loss: 0.570100, tr_score: 0.716000
va_loss: 0.576486, va_score: 0.715000
te_loss: 0.577680, te_score: 0.714000


mid seed:  [6736. 9332. 4026. 8791. 2185. 8095. 4925. 3877. 8332. 6847. 5871. 5004.
 2796. 4961. 1467. 7787. 3868. 5255. 9307. 9073.]
mid test scores 0.7085
