time = 0
tr_loss: 0.583886, tr_score: 0.692500
va_loss: 0.598618, va_score: 0.710000
te_loss: 0.549938, te_score: 0.730000

time = 0
tr_loss: 0.563932, tr_score: 0.730000
va_loss: 0.645514, va_score: 0.660000
te_loss: 0.680186, te_score: 0.600000

time = 0
tr_loss: 0.547603, tr_score: 0.728750
va_loss: 0.592269, va_score: 0.710000
te_loss: 0.606976, te_score: 0.670000

time = 0
tr_loss: 0.586737, tr_score: 0.707500
va_loss: 0.563362, va_score: 0.750000
te_loss: 0.566100, te_score: 0.720000

time = 0
tr_loss: 0.653013, tr_score: 0.680000
va_loss: 0.586495, va_score: 0.720000
te_loss: 0.588065, te_score: 0.730000

time = 0
tr_loss: 0.572796, tr_score: 0.726250
va_loss: 0.692542, va_score: 0.590000
te_loss: 0.658446, te_score: 0.630000

time = 0
tr_loss: 0.543581, tr_score: 0.735000
va_loss: 0.556078, va_score: 0.670000
te_loss: 0.448231, te_score: 0.850000

time = 0
tr_loss: 0.604665, tr_score: 0.706250
va_loss: 0.522310, va_score: 0.790000
te_loss: 0.619574, te_score: 0.670000

time = 0
tr_loss: 0.548371, tr_score: 0.723750
va_loss: 0.501384, va_score: 0.760000
te_loss: 0.560841, te_score: 0.770000

time = 0
tr_loss: 0.548971, tr_score: 0.720000
va_loss: 0.602735, va_score: 0.670000
te_loss: 0.475990, te_score: 0.810000

time = 0
tr_loss: 0.554973, tr_score: 0.717500
va_loss: 0.510854, va_score: 0.770000
te_loss: 0.640339, te_score: 0.630000

time = 0
tr_loss: 0.567384, tr_score: 0.732500
va_loss: 0.581806, va_score: 0.720000
te_loss: 0.706704, te_score: 0.580000

time = 0
tr_loss: 0.591524, tr_score: 0.718750
va_loss: 0.631963, va_score: 0.670000
te_loss: 0.706521, te_score: 0.640000

time = 0
tr_loss: 0.548148, tr_score: 0.731250
va_loss: 0.566837, va_score: 0.670000
te_loss: 0.623238, te_score: 0.680000

time = 0
tr_loss: 0.595774, tr_score: 0.706250
va_loss: 0.629700, va_score: 0.670000
te_loss: 0.603400, te_score: 0.700000

time = 0
tr_loss: 0.566979, tr_score: 0.716250
va_loss: 0.624802, va_score: 0.660000
te_loss: 0.580321, te_score: 0.710000

time = 0
tr_loss: 0.551975, tr_score: 0.721250
va_loss: 0.644814, va_score: 0.660000
te_loss: 0.578024, te_score: 0.730000

time = 0
tr_loss: 0.564135, tr_score: 0.722500
va_loss: 0.603746, va_score: 0.690000
te_loss: 0.615714, te_score: 0.670000

time = 0
tr_loss: 0.584824, tr_score: 0.715000
va_loss: 0.649414, va_score: 0.670000
te_loss: 0.686967, te_score: 0.630000

time = 0
tr_loss: 0.606997, tr_score: 0.687500
va_loss: 0.577213, va_score: 0.740000
te_loss: 0.646213, te_score: 0.670000

======================================================
0  Seed:  [ 140. 2411. 2238. 5068. 2300. 9812. 6334. 4380. 4021. 8554. 2226. 8534.
 4715. 7921. 4457. 6212.  255.  495. 8301.  932.]
tr_loss: 0.574313, tr_score: 0.715938
va_loss: 0.594123, va_score: 0.697500
te_loss: 0.607089, te_score: 0.691000
time = 1
tr_loss: 0.550684, tr_score: 0.723750
va_loss: 0.656671, va_score: 0.640000
te_loss: 0.582158, te_score: 0.710000

time = 1
tr_loss: 0.573771, tr_score: 0.712500
va_loss: 0.621343, va_score: 0.630000
te_loss: 0.596933, te_score: 0.730000

time = 1
tr_loss: 0.557484, tr_score: 0.730000
va_loss: 0.561757, va_score: 0.700000
te_loss: 0.512502, te_score: 0.770000

time = 1
tr_loss: 0.568395, tr_score: 0.730000
va_loss: 0.554932, va_score: 0.740000
te_loss: 0.609394, te_score: 0.660000

time = 1
tr_loss: 0.560558, tr_score: 0.723750
va_loss: 0.599958, va_score: 0.700000
te_loss: 0.556318, te_score: 0.750000

time = 1
tr_loss: 0.552490, tr_score: 0.722500
va_loss: 0.513905, va_score: 0.750000
te_loss: 0.575130, te_score: 0.700000

time = 1
tr_loss: 0.587608, tr_score: 0.721250
va_loss: 0.581408, va_score: 0.720000
te_loss: 0.591052, te_score: 0.690000

time = 1
tr_loss: 0.600135, tr_score: 0.707500
va_loss: 0.590938, va_score: 0.740000
te_loss: 0.586009, te_score: 0.740000

time = 1
tr_loss: 0.610012, tr_score: 0.695000
va_loss: 0.591518, va_score: 0.690000
te_loss: 0.527213, te_score: 0.720000

time = 1
tr_loss: 0.586639, tr_score: 0.712500
va_loss: 0.590177, va_score: 0.720000
te_loss: 0.661660, te_score: 0.610000

time = 1
tr_loss: 0.577406, tr_score: 0.728750
va_loss: 0.627599, va_score: 0.680000
te_loss: 0.513603, te_score: 0.770000

time = 1
tr_loss: 0.568454, tr_score: 0.717500
va_loss: 0.594095, va_score: 0.700000
te_loss: 0.608811, te_score: 0.710000

time = 1
tr_loss: 0.652583, tr_score: 0.695000
va_loss: 0.537213, va_score: 0.810000
te_loss: 0.713960, te_score: 0.630000

time = 1
tr_loss: 0.583589, tr_score: 0.710000
va_loss: 0.542709, va_score: 0.690000
te_loss: 0.589874, te_score: 0.730000

time = 1
tr_loss: 0.593643, tr_score: 0.706250
va_loss: 0.640718, va_score: 0.630000
te_loss: 0.589049, te_score: 0.720000

time = 1
tr_loss: 0.602157, tr_score: 0.697500
va_loss: 0.601934, va_score: 0.710000
te_loss: 0.604769, te_score: 0.710000

time = 1
tr_loss: 0.604527, tr_score: 0.698750
va_loss: 0.547955, va_score: 0.760000
te_loss: 0.626136, te_score: 0.650000

time = 1
tr_loss: 0.608816, tr_score: 0.647500
va_loss: 0.625812, va_score: 0.620000
te_loss: 0.595663, te_score: 0.640000

time = 1
tr_loss: 0.568911, tr_score: 0.725000
va_loss: 0.552217, va_score: 0.770000
te_loss: 0.595622, te_score: 0.680000

time = 1
tr_loss: 0.605665, tr_score: 0.671250
va_loss: 0.560105, va_score: 0.710000
te_loss: 0.498743, te_score: 0.780000

======================================================
1  Seed:  [8640.  888. 4066.  552. 1437. 6591. 8969.  824. 8811.  938.  550. 9822.
 6241. 3057. 1352. 8361. 5326. 3377. 2314. 8889.]
tr_loss: 0.585676, tr_score: 0.708813
va_loss: 0.584648, va_score: 0.705500
te_loss: 0.586730, te_score: 0.705000
time = 2
tr_loss: 0.559921, tr_score: 0.732500
va_loss: 0.550573, va_score: 0.730000
te_loss: 0.602487, te_score: 0.720000

time = 2
tr_loss: 0.613476, tr_score: 0.695000
va_loss: 0.515357, va_score: 0.790000
te_loss: 0.663981, te_score: 0.630000

time = 2
tr_loss: 0.553126, tr_score: 0.725000
va_loss: 0.559447, va_score: 0.710000
te_loss: 0.593764, te_score: 0.700000

time = 2
tr_loss: 0.586650, tr_score: 0.703750
va_loss: 0.597055, va_score: 0.730000
te_loss: 0.569795, te_score: 0.730000

time = 2
tr_loss: 0.527581, tr_score: 0.741250
va_loss: 0.524988, va_score: 0.770000
te_loss: 0.430850, te_score: 0.850000

time = 2
tr_loss: 0.521638, tr_score: 0.752500
va_loss: 0.572133, va_score: 0.710000
te_loss: 0.648326, te_score: 0.650000

time = 2
tr_loss: 0.556683, tr_score: 0.722500
va_loss: 0.649261, va_score: 0.630000
te_loss: 0.596206, te_score: 0.650000

time = 2
tr_loss: 0.588832, tr_score: 0.687500
va_loss: 0.525518, va_score: 0.780000
te_loss: 0.558251, te_score: 0.730000

time = 2
tr_loss: 0.593872, tr_score: 0.705000
va_loss: 0.558901, va_score: 0.710000
te_loss: 0.626964, te_score: 0.650000

time = 2
tr_loss: 0.586708, tr_score: 0.707500
va_loss: 0.596301, va_score: 0.730000
te_loss: 0.577824, te_score: 0.710000

time = 2
tr_loss: 0.561396, tr_score: 0.710000
va_loss: 0.552787, va_score: 0.730000
te_loss: 0.607073, te_score: 0.680000

time = 2
tr_loss: 0.582041, tr_score: 0.708750
va_loss: 0.564211, va_score: 0.740000
te_loss: 0.502319, te_score: 0.790000

time = 2
tr_loss: 0.577655, tr_score: 0.715000
va_loss: 0.572915, va_score: 0.750000
te_loss: 0.541399, te_score: 0.780000

time = 2
tr_loss: 0.576930, tr_score: 0.703750
va_loss: 0.568226, va_score: 0.790000
te_loss: 0.554072, te_score: 0.780000

time = 2
tr_loss: 0.610056, tr_score: 0.702500
va_loss: 0.620392, va_score: 0.670000
te_loss: 0.580903, te_score: 0.710000

time = 2
tr_loss: 0.573125, tr_score: 0.711250
va_loss: 0.509926, va_score: 0.770000
te_loss: 0.534123, te_score: 0.740000

time = 2
tr_loss: 0.567089, tr_score: 0.712500
va_loss: 0.571992, va_score: 0.710000
te_loss: 0.594480, te_score: 0.670000

time = 2
tr_loss: 0.579982, tr_score: 0.707500
va_loss: 0.625082, va_score: 0.660000
te_loss: 0.543000, te_score: 0.750000

time = 2
tr_loss: 0.566460, tr_score: 0.717500
va_loss: 0.589080, va_score: 0.670000
te_loss: 0.595532, te_score: 0.710000

time = 2
tr_loss: 0.594422, tr_score: 0.697500
va_loss: 0.580164, va_score: 0.750000
te_loss: 0.608574, te_score: 0.690000

======================================================
2  Seed:  [5478. 7027. 2150. 7559. 3662. 2043. 8598. 4158. 6442. 4398. 3939. 9768.
 5143. 2231.  162. 6860. 3496. 7749. 2530. 2730.]
tr_loss: 0.573882, tr_score: 0.712938
va_loss: 0.570215, va_score: 0.726500
te_loss: 0.576496, te_score: 0.716000
time = 3
tr_loss: 0.536224, tr_score: 0.736250
va_loss: 0.588094, va_score: 0.720000
te_loss: 0.534522, te_score: 0.770000

time = 3
tr_loss: 0.552449, tr_score: 0.741250
va_loss: 0.573591, va_score: 0.720000
te_loss: 0.539040, te_score: 0.750000

time = 3
tr_loss: 0.587874, tr_score: 0.717500
va_loss: 0.665097, va_score: 0.690000
te_loss: 0.669922, te_score: 0.690000

time = 3
tr_loss: 0.597771, tr_score: 0.700000
va_loss: 0.558263, va_score: 0.740000
te_loss: 0.611880, te_score: 0.700000

time = 3
tr_loss: 0.586375, tr_score: 0.721250
va_loss: 0.606383, va_score: 0.700000
te_loss: 0.615988, te_score: 0.700000

time = 3
tr_loss: 0.575346, tr_score: 0.723750
va_loss: 0.502320, va_score: 0.800000
te_loss: 0.521109, te_score: 0.760000

time = 3
tr_loss: 0.622536, tr_score: 0.711250
va_loss: 0.695466, va_score: 0.620000
te_loss: 0.630444, te_score: 0.690000

time = 3
tr_loss: 0.583142, tr_score: 0.723750
va_loss: 0.627646, va_score: 0.690000
te_loss: 0.626968, te_score: 0.670000

time = 3
tr_loss: 0.596368, tr_score: 0.693750
va_loss: 0.626319, va_score: 0.670000
te_loss: 0.580015, te_score: 0.720000

time = 3
tr_loss: 0.603943, tr_score: 0.705000
va_loss: 0.625449, va_score: 0.710000
te_loss: 0.650908, te_score: 0.720000

time = 3
tr_loss: 0.592304, tr_score: 0.712500
va_loss: 0.615475, va_score: 0.690000
te_loss: 0.586338, te_score: 0.750000

time = 3
tr_loss: 0.567057, tr_score: 0.711250
va_loss: 0.531337, va_score: 0.760000
te_loss: 0.599050, te_score: 0.660000

time = 3
tr_loss: 0.570065, tr_score: 0.702500
va_loss: 0.541851, va_score: 0.740000
te_loss: 0.587800, te_score: 0.740000

time = 3
tr_loss: 0.603178, tr_score: 0.700000
va_loss: 0.679512, va_score: 0.640000
te_loss: 0.557944, te_score: 0.730000

time = 3
tr_loss: 0.591988, tr_score: 0.712500
va_loss: 0.654258, va_score: 0.660000
te_loss: 0.606377, te_score: 0.710000

time = 3
tr_loss: 0.575254, tr_score: 0.706250
va_loss: 0.592705, va_score: 0.690000
te_loss: 0.549675, te_score: 0.720000

time = 3
tr_loss: 0.504480, tr_score: 0.740000
va_loss: 0.491791, va_score: 0.750000
te_loss: 0.596387, te_score: 0.690000

time = 3
tr_loss: 0.588839, tr_score: 0.723750
va_loss: 0.663726, va_score: 0.630000
te_loss: 0.597873, te_score: 0.690000

time = 3
tr_loss: 0.595341, tr_score: 0.708750
va_loss: 0.623579, va_score: 0.670000
te_loss: 0.606181, te_score: 0.660000

time = 3
tr_loss: 0.540587, tr_score: 0.731250
va_loss: 0.564474, va_score: 0.700000
te_loss: 0.549658, te_score: 0.730000

======================================================
3  Seed:  [6469. 3301. 7178. 4323. 9525.  454. 7215. 4562. 5178. 3971. 9338. 3960.
 2970. 9630. 2254.  396. 4264. 8949. 7913. 1289.]
tr_loss: 0.578556, tr_score: 0.716125
va_loss: 0.601367, va_score: 0.699500
te_loss: 0.590904, te_score: 0.712500
time = 4
tr_loss: 0.567188, tr_score: 0.718750
va_loss: 0.561859, va_score: 0.750000
te_loss: 0.515733, te_score: 0.750000

time = 4
tr_loss: 0.595985, tr_score: 0.713750
va_loss: 0.531974, va_score: 0.780000
te_loss: 0.640341, te_score: 0.660000

time = 4
tr_loss: 0.594839, tr_score: 0.697500
va_loss: 0.580118, va_score: 0.720000
te_loss: 0.634322, te_score: 0.680000

time = 4
tr_loss: 0.563764, tr_score: 0.710000
va_loss: 0.569921, va_score: 0.770000
te_loss: 0.596618, te_score: 0.670000

time = 4
tr_loss: 0.546962, tr_score: 0.745000
va_loss: 0.577436, va_score: 0.680000
te_loss: 0.568276, te_score: 0.730000

time = 4
tr_loss: 0.593670, tr_score: 0.693750
va_loss: 0.584441, va_score: 0.700000
te_loss: 0.588520, te_score: 0.750000

time = 4
tr_loss: 0.556882, tr_score: 0.742500
va_loss: 0.570729, va_score: 0.700000
te_loss: 0.568776, te_score: 0.700000

time = 4
tr_loss: 0.581412, tr_score: 0.721250
va_loss: 0.657312, va_score: 0.650000
te_loss: 0.567615, te_score: 0.760000

time = 4
tr_loss: 0.613648, tr_score: 0.657500
va_loss: 0.641148, va_score: 0.630000
te_loss: 0.530096, te_score: 0.770000

time = 4
tr_loss: 0.575548, tr_score: 0.720000
va_loss: 0.575482, va_score: 0.740000
te_loss: 0.581455, te_score: 0.740000

time = 4
tr_loss: 0.581413, tr_score: 0.718750
va_loss: 0.638857, va_score: 0.660000
te_loss: 0.572465, te_score: 0.710000

time = 4
tr_loss: 0.577642, tr_score: 0.717500
va_loss: 0.579587, va_score: 0.720000
te_loss: 0.578236, te_score: 0.710000

time = 4
tr_loss: 0.566306, tr_score: 0.737500
va_loss: 0.531997, va_score: 0.760000
te_loss: 0.574052, te_score: 0.730000

time = 4
tr_loss: 0.601532, tr_score: 0.692500
va_loss: 0.558833, va_score: 0.760000
te_loss: 0.568040, te_score: 0.750000

time = 4
tr_loss: 0.556912, tr_score: 0.733750
va_loss: 0.553862, va_score: 0.710000
te_loss: 0.624961, te_score: 0.640000

time = 4
tr_loss: 0.609749, tr_score: 0.687500
va_loss: 0.540343, va_score: 0.780000
te_loss: 0.574518, te_score: 0.720000

time = 4
tr_loss: 0.589325, tr_score: 0.701250
va_loss: 0.525414, va_score: 0.750000
te_loss: 0.620518, te_score: 0.650000

time = 4
tr_loss: 0.533463, tr_score: 0.753750
va_loss: 0.542444, va_score: 0.740000
te_loss: 0.561019, te_score: 0.710000

time = 4
tr_loss: 0.557663, tr_score: 0.725000
va_loss: 0.680975, va_score: 0.670000
te_loss: 0.588912, te_score: 0.730000

time = 4
tr_loss: 0.595275, tr_score: 0.693750
va_loss: 0.590354, va_score: 0.730000
te_loss: 0.545095, te_score: 0.740000

======================================================
4  Seed:  [8744.  130. 2730. 2289. 3436.   91. 5431.  214. 1996. 7906. 4318. 5189.
 9458. 5884. 7590. 9032. 7937. 3024. 1021. 9551.]
tr_loss: 0.577959, tr_score: 0.714062
va_loss: 0.579654, va_score: 0.720000
te_loss: 0.579978, te_score: 0.715000
time = 5
tr_loss: 0.591682, tr_score: 0.707500
va_loss: 0.605531, va_score: 0.660000
te_loss: 0.587204, te_score: 0.690000

time = 5
tr_loss: 0.627258, tr_score: 0.703750
va_loss: 0.616624, va_score: 0.720000
te_loss: 0.570348, te_score: 0.740000

time = 5
tr_loss: 0.555738, tr_score: 0.727500
va_loss: 0.609859, va_score: 0.660000
te_loss: 0.606348, te_score: 0.690000

time = 5
tr_loss: 0.599252, tr_score: 0.710000
va_loss: 0.625431, va_score: 0.670000
te_loss: 0.584309, te_score: 0.700000

time = 5
tr_loss: 0.614643, tr_score: 0.698750
va_loss: 0.636385, va_score: 0.670000
te_loss: 0.552889, te_score: 0.760000

time = 5
tr_loss: 0.596444, tr_score: 0.685000
va_loss: 0.601213, va_score: 0.690000
te_loss: 0.524348, te_score: 0.720000

time = 5
tr_loss: 0.559017, tr_score: 0.711250
va_loss: 0.486535, va_score: 0.790000
te_loss: 0.572036, te_score: 0.720000

time = 5
tr_loss: 0.615938, tr_score: 0.712500
va_loss: 0.585813, va_score: 0.720000
te_loss: 0.554248, te_score: 0.730000

time = 5
tr_loss: 0.545760, tr_score: 0.733750
va_loss: 0.585982, va_score: 0.670000
te_loss: 0.532665, te_score: 0.750000

time = 5
tr_loss: 0.583283, tr_score: 0.713750
va_loss: 0.567384, va_score: 0.750000
te_loss: 0.552504, te_score: 0.720000

time = 5
tr_loss: 0.594702, tr_score: 0.706250
va_loss: 0.667503, va_score: 0.610000
te_loss: 0.587361, te_score: 0.740000

time = 5
tr_loss: 0.581719, tr_score: 0.696250
va_loss: 0.490996, va_score: 0.790000
te_loss: 0.544045, te_score: 0.730000

time = 5
tr_loss: 0.579873, tr_score: 0.711250
va_loss: 0.570485, va_score: 0.730000
te_loss: 0.595240, te_score: 0.680000

time = 5
tr_loss: 0.575525, tr_score: 0.720000
va_loss: 0.579322, va_score: 0.710000
te_loss: 0.617369, te_score: 0.680000

time = 5
tr_loss: 0.622340, tr_score: 0.692500
va_loss: 0.658023, va_score: 0.700000
te_loss: 0.674701, te_score: 0.650000

time = 5
tr_loss: 0.626019, tr_score: 0.673750
va_loss: 0.556116, va_score: 0.760000
te_loss: 0.673410, te_score: 0.610000

time = 5
tr_loss: 0.563877, tr_score: 0.713750
va_loss: 0.622053, va_score: 0.700000
te_loss: 0.563933, te_score: 0.700000

time = 5
tr_loss: 0.634622, tr_score: 0.680000
va_loss: 0.576759, va_score: 0.760000
te_loss: 0.650002, te_score: 0.710000

time = 5
tr_loss: 0.572129, tr_score: 0.718750
va_loss: 0.493939, va_score: 0.810000
te_loss: 0.678105, te_score: 0.610000

time = 5
tr_loss: 0.587290, tr_score: 0.697500
va_loss: 0.685401, va_score: 0.680000
te_loss: 0.570828, te_score: 0.710000

======================================================
5  Seed:  [1237. 6412. 2121. 6405. 4525. 1302. 1340. 7513. 9914. 1173. 2339. 2687.
 5417. 1769. 4522. 4161. 3470. 2003. 6862. 6659.]
tr_loss: 0.591356, tr_score: 0.705688
va_loss: 0.591068, va_score: 0.712500
te_loss: 0.589595, te_score: 0.702000
time = 6
tr_loss: 0.569933, tr_score: 0.700000
va_loss: 0.541871, va_score: 0.760000
te_loss: 0.612862, te_score: 0.710000

time = 6
tr_loss: 0.610114, tr_score: 0.710000
va_loss: 0.649751, va_score: 0.660000
te_loss: 0.649223, te_score: 0.660000

time = 6
tr_loss: 0.594667, tr_score: 0.681250
va_loss: 0.564380, va_score: 0.710000
te_loss: 0.654114, te_score: 0.650000

time = 6
tr_loss: 0.576799, tr_score: 0.718750
va_loss: 0.567066, va_score: 0.730000
te_loss: 0.631873, te_score: 0.650000

time = 6
tr_loss: 0.592484, tr_score: 0.703750
va_loss: 0.576383, va_score: 0.690000
te_loss: 0.532717, te_score: 0.780000

time = 6
tr_loss: 0.551272, tr_score: 0.720000
va_loss: 0.624983, va_score: 0.670000
te_loss: 0.655534, te_score: 0.610000

time = 6
tr_loss: 0.560286, tr_score: 0.711250
va_loss: 0.639779, va_score: 0.640000
te_loss: 0.537779, te_score: 0.750000

time = 6
tr_loss: 0.562940, tr_score: 0.708750
va_loss: 0.656371, va_score: 0.620000
te_loss: 0.562777, te_score: 0.720000

time = 6
tr_loss: 0.578802, tr_score: 0.695000
va_loss: 0.536577, va_score: 0.810000
te_loss: 0.556821, te_score: 0.720000

time = 6
tr_loss: 0.551769, tr_score: 0.715000
va_loss: 0.541037, va_score: 0.760000
te_loss: 0.612067, te_score: 0.640000

time = 6
tr_loss: 0.580979, tr_score: 0.715000
va_loss: 0.583658, va_score: 0.680000
te_loss: 0.671894, te_score: 0.610000

time = 6
tr_loss: 0.595750, tr_score: 0.723750
va_loss: 0.576529, va_score: 0.740000
te_loss: 0.655044, te_score: 0.670000

time = 6
tr_loss: 0.600980, tr_score: 0.696250
va_loss: 0.528607, va_score: 0.750000
te_loss: 0.629420, te_score: 0.680000

time = 6
tr_loss: 0.603035, tr_score: 0.677500
va_loss: 0.559285, va_score: 0.740000
te_loss: 0.581307, te_score: 0.720000

time = 6
tr_loss: 0.538637, tr_score: 0.727500
va_loss: 0.559923, va_score: 0.670000
te_loss: 0.618136, te_score: 0.660000

time = 6
tr_loss: 0.575160, tr_score: 0.718750
va_loss: 0.586222, va_score: 0.700000
te_loss: 0.572129, te_score: 0.720000

time = 6
tr_loss: 0.573102, tr_score: 0.707500
va_loss: 0.572262, va_score: 0.720000
te_loss: 0.591131, te_score: 0.670000

time = 6
tr_loss: 0.592400, tr_score: 0.695000
va_loss: 0.542263, va_score: 0.740000
te_loss: 0.583057, te_score: 0.700000

time = 6
tr_loss: 0.579181, tr_score: 0.713750
va_loss: 0.618574, va_score: 0.680000
te_loss: 0.557260, te_score: 0.710000

time = 6
tr_loss: 0.576091, tr_score: 0.708750
va_loss: 0.608047, va_score: 0.700000
te_loss: 0.549982, te_score: 0.770000

======================================================
6  Seed:  [7694. 6294. 7622. 3529.   96. 7204. 5217. 3436.  887. 8110. 7803. 3805.
 1114. 2222. 9584. 2008. 1959. 4210.  576. 6097.]
tr_loss: 0.578219, tr_score: 0.707375
va_loss: 0.581678, va_score: 0.708500
te_loss: 0.600756, te_score: 0.690000
time = 7
tr_loss: 0.543865, tr_score: 0.742500
va_loss: 0.567997, va_score: 0.740000
te_loss: 0.520221, te_score: 0.710000

time = 7
tr_loss: 0.584961, tr_score: 0.723750
va_loss: 0.532562, va_score: 0.770000
te_loss: 0.591503, te_score: 0.710000

time = 7
tr_loss: 0.523979, tr_score: 0.751250
va_loss: 0.441981, va_score: 0.820000
te_loss: 0.497338, te_score: 0.810000

time = 7
tr_loss: 0.557163, tr_score: 0.708750
va_loss: 0.527225, va_score: 0.740000
te_loss: 0.550729, te_score: 0.730000

time = 7
tr_loss: 0.615111, tr_score: 0.695000
va_loss: 0.589333, va_score: 0.730000
te_loss: 0.599165, te_score: 0.730000

time = 7
tr_loss: 0.575143, tr_score: 0.717500
va_loss: 0.647120, va_score: 0.660000
te_loss: 0.597679, te_score: 0.690000

time = 7
tr_loss: 0.587975, tr_score: 0.700000
va_loss: 0.619458, va_score: 0.650000
te_loss: 0.536168, te_score: 0.750000

time = 7
tr_loss: 0.556370, tr_score: 0.732500
va_loss: 0.602432, va_score: 0.710000
te_loss: 0.589359, te_score: 0.700000

time = 7
tr_loss: 0.560161, tr_score: 0.712500
va_loss: 0.618251, va_score: 0.720000
te_loss: 0.568346, te_score: 0.670000

time = 7
tr_loss: 0.580429, tr_score: 0.720000
va_loss: 0.589661, va_score: 0.700000
te_loss: 0.558324, te_score: 0.750000

time = 7
tr_loss: 0.580534, tr_score: 0.702500
va_loss: 0.581976, va_score: 0.700000
te_loss: 0.597071, te_score: 0.690000

time = 7
tr_loss: 0.551837, tr_score: 0.710000
va_loss: 0.603567, va_score: 0.660000
te_loss: 0.509345, te_score: 0.740000

time = 7
tr_loss: 0.619745, tr_score: 0.695000
va_loss: 0.685747, va_score: 0.550000
te_loss: 0.635801, te_score: 0.660000

time = 7
tr_loss: 0.587609, tr_score: 0.695000
va_loss: 0.563698, va_score: 0.720000
te_loss: 0.672915, te_score: 0.610000

time = 7
tr_loss: 0.592751, tr_score: 0.717500
va_loss: 0.624098, va_score: 0.710000
te_loss: 0.643279, te_score: 0.650000

time = 7
tr_loss: 0.607200, tr_score: 0.703750
va_loss: 0.653844, va_score: 0.640000
te_loss: 0.591251, te_score: 0.730000

time = 7
tr_loss: 0.575280, tr_score: 0.712500
va_loss: 0.589532, va_score: 0.700000
te_loss: 0.625497, te_score: 0.660000

time = 7
tr_loss: 0.579352, tr_score: 0.705000
va_loss: 0.544460, va_score: 0.750000
te_loss: 0.658130, te_score: 0.640000

time = 7
tr_loss: 0.560546, tr_score: 0.725000
va_loss: 0.532225, va_score: 0.730000
te_loss: 0.563707, te_score: 0.740000

time = 7
tr_loss: 0.590725, tr_score: 0.691250
va_loss: 0.499856, va_score: 0.800000
te_loss: 0.588069, te_score: 0.730000

======================================================
7  Seed:  [ 667. 3641. 1333. 4721. 6871. 9519. 4778.  927. 8338.   13. 3683. 6570.
 1422. 3821. 5722.  599. 3527. 1784. 1921. 2070.]
tr_loss: 0.576537, tr_score: 0.713063
va_loss: 0.580751, va_score: 0.710000
te_loss: 0.584695, te_score: 0.705000
time = 8
tr_loss: 0.583849, tr_score: 0.705000
va_loss: 0.611053, va_score: 0.660000
te_loss: 0.497511, te_score: 0.820000

time = 8
tr_loss: 0.598072, tr_score: 0.702500
va_loss: 0.749832, va_score: 0.600000
te_loss: 0.552293, te_score: 0.760000

time = 8
tr_loss: 0.549188, tr_score: 0.730000
va_loss: 0.606852, va_score: 0.660000
te_loss: 0.548984, te_score: 0.790000

time = 8
tr_loss: 0.603293, tr_score: 0.696250
va_loss: 0.601304, va_score: 0.700000
te_loss: 0.577654, te_score: 0.740000

time = 8
tr_loss: 0.590323, tr_score: 0.710000
va_loss: 0.579440, va_score: 0.710000
te_loss: 0.546224, te_score: 0.760000

time = 8
tr_loss: 0.584000, tr_score: 0.707500
va_loss: 0.592631, va_score: 0.670000
te_loss: 0.586018, te_score: 0.690000

time = 8
tr_loss: 0.587572, tr_score: 0.708750
va_loss: 0.581247, va_score: 0.720000
te_loss: 0.645055, te_score: 0.650000

time = 8
tr_loss: 0.598802, tr_score: 0.698750
va_loss: 0.544438, va_score: 0.780000
te_loss: 0.580407, te_score: 0.700000

time = 8
tr_loss: 0.565020, tr_score: 0.718750
va_loss: 0.566477, va_score: 0.740000
te_loss: 0.531111, te_score: 0.760000

time = 8
tr_loss: 0.532391, tr_score: 0.741250
va_loss: 0.624140, va_score: 0.650000
te_loss: 0.572096, te_score: 0.750000

time = 8
tr_loss: 0.600117, tr_score: 0.696250
va_loss: 0.567677, va_score: 0.740000
te_loss: 0.506496, te_score: 0.800000

time = 8
tr_loss: 0.565521, tr_score: 0.721250
va_loss: 0.496512, va_score: 0.790000
te_loss: 0.627015, te_score: 0.660000

time = 8
tr_loss: 0.545912, tr_score: 0.730000
va_loss: 0.590115, va_score: 0.700000
te_loss: 0.595968, te_score: 0.680000

time = 8
tr_loss: 0.610530, tr_score: 0.686250
va_loss: 0.522799, va_score: 0.800000
te_loss: 0.605823, te_score: 0.710000

time = 8
tr_loss: 0.568393, tr_score: 0.731250
va_loss: 0.578749, va_score: 0.700000
te_loss: 0.555098, te_score: 0.720000

time = 8
tr_loss: 0.597458, tr_score: 0.725000
va_loss: 0.582065, va_score: 0.680000
te_loss: 0.686545, te_score: 0.610000

time = 8
tr_loss: 0.566122, tr_score: 0.721250
va_loss: 0.584689, va_score: 0.720000
te_loss: 0.576453, te_score: 0.700000

time = 8
tr_loss: 0.573750, tr_score: 0.718750
va_loss: 0.570662, va_score: 0.720000
te_loss: 0.584009, te_score: 0.700000

time = 8
tr_loss: 0.576920, tr_score: 0.698750
va_loss: 0.568364, va_score: 0.700000
te_loss: 0.593778, te_score: 0.720000

time = 8
tr_loss: 0.582727, tr_score: 0.705000
va_loss: 0.596681, va_score: 0.720000
te_loss: 0.656318, te_score: 0.660000

======================================================
8  Seed:  [4860. 8426. 6918. 8393. 2977. 1581. 7001.  814. 5947. 4477. 3311. 7270.
 5082. 4712. 7103. 6080. 5821. 8708. 4579. 2324.]
tr_loss: 0.578998, tr_score: 0.712625
va_loss: 0.585786, va_score: 0.708000
te_loss: 0.581243, te_score: 0.719000
time = 9
tr_loss: 0.539076, tr_score: 0.730000
va_loss: 0.495174, va_score: 0.780000
te_loss: 0.551722, te_score: 0.670000

time = 9
tr_loss: 0.557787, tr_score: 0.727500
va_loss: 0.626433, va_score: 0.640000
te_loss: 0.538098, te_score: 0.710000

time = 9
tr_loss: 0.570206, tr_score: 0.706250
va_loss: 0.600302, va_score: 0.680000
te_loss: 0.647913, te_score: 0.670000

time = 9
tr_loss: 0.555474, tr_score: 0.708750
va_loss: 0.578640, va_score: 0.740000
te_loss: 0.569943, te_score: 0.720000

time = 9
tr_loss: 0.579692, tr_score: 0.720000
va_loss: 0.546097, va_score: 0.780000
te_loss: 0.707357, te_score: 0.620000

time = 9
tr_loss: 0.552985, tr_score: 0.736250
va_loss: 0.525092, va_score: 0.740000
te_loss: 0.585183, te_score: 0.690000

time = 9
tr_loss: 0.595602, tr_score: 0.695000
va_loss: 0.571502, va_score: 0.740000
te_loss: 0.552249, te_score: 0.730000

time = 9
tr_loss: 0.594830, tr_score: 0.701250
va_loss: 0.570209, va_score: 0.710000
te_loss: 0.648990, te_score: 0.680000

time = 9
tr_loss: 0.582826, tr_score: 0.700000
va_loss: 0.562437, va_score: 0.720000
te_loss: 0.542904, te_score: 0.730000

time = 9
tr_loss: 0.586907, tr_score: 0.711250
va_loss: 0.656633, va_score: 0.650000
te_loss: 0.565373, te_score: 0.720000

time = 9
tr_loss: 0.541351, tr_score: 0.732500
va_loss: 0.521855, va_score: 0.740000
te_loss: 0.582188, te_score: 0.700000

time = 9
tr_loss: 0.568054, tr_score: 0.713750
va_loss: 0.511890, va_score: 0.770000
te_loss: 0.561684, te_score: 0.770000

time = 9
tr_loss: 0.547150, tr_score: 0.725000
va_loss: 0.596135, va_score: 0.670000
te_loss: 0.500401, te_score: 0.760000

time = 9
tr_loss: 0.573509, tr_score: 0.716250
va_loss: 0.591264, va_score: 0.690000
te_loss: 0.564899, te_score: 0.750000

time = 9
tr_loss: 0.561817, tr_score: 0.715000
va_loss: 0.686980, va_score: 0.610000
te_loss: 0.593167, te_score: 0.680000

time = 9
tr_loss: 0.583516, tr_score: 0.697500
va_loss: 0.558481, va_score: 0.720000
te_loss: 0.554220, te_score: 0.720000

time = 9
tr_loss: 0.682661, tr_score: 0.687500
va_loss: 0.665908, va_score: 0.680000
te_loss: 0.748227, te_score: 0.640000

time = 9
tr_loss: 0.619480, tr_score: 0.710000
va_loss: 0.684753, va_score: 0.630000
te_loss: 0.697270, te_score: 0.630000

time = 9
tr_loss: 0.537603, tr_score: 0.718750
va_loss: 0.533401, va_score: 0.710000
te_loss: 0.571760, te_score: 0.690000

time = 9
tr_loss: 0.582363, tr_score: 0.726250
va_loss: 0.589115, va_score: 0.710000
te_loss: 0.598852, te_score: 0.720000

======================================================
9  Seed:  [9948.  542.  232.  666. 5686. 1955. 6679. 1732. 8003. 9621. 2645. 4622.
 2831. 7236. 6932. 8781. 1798. 9886. 2715. 5559.]
tr_loss: 0.575644, tr_score: 0.713938
va_loss: 0.583615, va_score: 0.705500
te_loss: 0.594120, te_score: 0.700000
time = 10
tr_loss: 0.586839, tr_score: 0.707500
va_loss: 0.578132, va_score: 0.710000
te_loss: 0.573969, te_score: 0.780000

time = 10
tr_loss: 0.593697, tr_score: 0.697500
va_loss: 0.598180, va_score: 0.700000
te_loss: 0.538129, te_score: 0.720000

time = 10
tr_loss: 0.594097, tr_score: 0.680000
va_loss: 0.557903, va_score: 0.660000
te_loss: 0.676442, te_score: 0.610000

time = 10
tr_loss: 0.613204, tr_score: 0.683750
va_loss: 0.513858, va_score: 0.780000
te_loss: 0.546524, te_score: 0.730000

time = 10
tr_loss: 0.602705, tr_score: 0.697500
va_loss: 0.570803, va_score: 0.680000
te_loss: 0.554976, te_score: 0.740000

time = 10
tr_loss: 0.551596, tr_score: 0.728750
va_loss: 0.548098, va_score: 0.750000
te_loss: 0.533984, te_score: 0.770000

time = 10
tr_loss: 0.622247, tr_score: 0.682500
va_loss: 0.574562, va_score: 0.770000
te_loss: 0.635317, te_score: 0.690000

time = 10
tr_loss: 0.598768, tr_score: 0.675000
va_loss: 0.435862, va_score: 0.850000
te_loss: 0.552545, te_score: 0.740000

time = 10
tr_loss: 0.589533, tr_score: 0.716250
va_loss: 0.595553, va_score: 0.720000
te_loss: 0.626985, te_score: 0.670000

time = 10
tr_loss: 0.617167, tr_score: 0.690000
va_loss: 0.584144, va_score: 0.730000
te_loss: 0.588322, te_score: 0.720000

time = 10
tr_loss: 0.550305, tr_score: 0.713750
va_loss: 0.576270, va_score: 0.690000
te_loss: 0.527012, te_score: 0.740000

time = 10
tr_loss: 0.586984, tr_score: 0.710000
va_loss: 0.680461, va_score: 0.610000
te_loss: 0.622298, te_score: 0.690000

time = 10
tr_loss: 0.575876, tr_score: 0.700000
va_loss: 0.589465, va_score: 0.710000
te_loss: 0.582295, te_score: 0.720000

time = 10
tr_loss: 0.565234, tr_score: 0.725000
va_loss: 0.519208, va_score: 0.740000
te_loss: 0.534798, te_score: 0.750000

time = 10
tr_loss: 0.589747, tr_score: 0.716250
va_loss: 0.665303, va_score: 0.630000
te_loss: 0.623662, te_score: 0.660000

time = 10
tr_loss: 0.594626, tr_score: 0.686250
va_loss: 0.573503, va_score: 0.760000
te_loss: 0.576338, te_score: 0.750000

time = 10
tr_loss: 0.605215, tr_score: 0.710000
va_loss: 0.522757, va_score: 0.790000
te_loss: 0.604524, te_score: 0.700000

time = 10
tr_loss: 0.583230, tr_score: 0.697500
va_loss: 0.608591, va_score: 0.690000
te_loss: 0.562077, te_score: 0.740000

time = 10
tr_loss: 0.592437, tr_score: 0.696250
va_loss: 0.540955, va_score: 0.730000
te_loss: 0.589475, te_score: 0.700000

time = 10
tr_loss: 0.590356, tr_score: 0.711250
va_loss: 0.690577, va_score: 0.580000
te_loss: 0.571386, te_score: 0.750000

======================================================
10  Seed:  [9217. 8758. 9318. 9902. 9257. 5433. 4194. 5342. 6064. 1182. 7632. 9724.
 4507. 4141. 7028. 4431.  710. 9505. 6403. 3797.]
tr_loss: 0.590193, tr_score: 0.701250
va_loss: 0.576209, va_score: 0.714000
te_loss: 0.581053, te_score: 0.718500
time = 11
tr_loss: 0.583279, tr_score: 0.711250
va_loss: 0.503093, va_score: 0.840000
te_loss: 0.649780, te_score: 0.640000

time = 11
tr_loss: 0.553373, tr_score: 0.717500
va_loss: 0.605191, va_score: 0.710000
te_loss: 0.630290, te_score: 0.660000

time = 11
tr_loss: 0.584995, tr_score: 0.706250
va_loss: 0.627305, va_score: 0.690000
te_loss: 0.550935, te_score: 0.740000

time = 11
tr_loss: 0.566538, tr_score: 0.703750
va_loss: 0.588881, va_score: 0.670000
te_loss: 0.518191, te_score: 0.730000

time = 11
tr_loss: 0.597131, tr_score: 0.710000
va_loss: 0.640551, va_score: 0.660000
te_loss: 0.661970, te_score: 0.660000

time = 11
tr_loss: 0.592265, tr_score: 0.657500
va_loss: 0.611737, va_score: 0.620000
te_loss: 0.525457, te_score: 0.690000

time = 11
tr_loss: 0.575051, tr_score: 0.738750
va_loss: 0.615968, va_score: 0.690000
te_loss: 0.647909, te_score: 0.650000

time = 11
tr_loss: 0.543319, tr_score: 0.732500
va_loss: 0.478587, va_score: 0.800000
te_loss: 0.611832, te_score: 0.670000

time = 11
tr_loss: 0.554212, tr_score: 0.727500
va_loss: 0.599431, va_score: 0.690000
te_loss: 0.584908, te_score: 0.650000

time = 11
tr_loss: 0.530397, tr_score: 0.743750
va_loss: 0.595760, va_score: 0.710000
te_loss: 0.548258, te_score: 0.710000

time = 11
tr_loss: 0.674344, tr_score: 0.697500
va_loss: 0.718153, va_score: 0.660000
te_loss: 0.655047, te_score: 0.760000

time = 11
tr_loss: 0.554473, tr_score: 0.742500
va_loss: 0.664826, va_score: 0.680000
te_loss: 0.730423, te_score: 0.630000

time = 11
tr_loss: 0.584145, tr_score: 0.701250
va_loss: 0.590513, va_score: 0.700000
te_loss: 0.621762, te_score: 0.680000

time = 11
tr_loss: 0.566072, tr_score: 0.720000
va_loss: 0.529138, va_score: 0.740000
te_loss: 0.631002, te_score: 0.660000

time = 11
tr_loss: 0.544315, tr_score: 0.736250
va_loss: 0.545021, va_score: 0.730000
te_loss: 0.582029, te_score: 0.720000

time = 11
tr_loss: 0.580466, tr_score: 0.713750
va_loss: 0.658126, va_score: 0.620000
te_loss: 0.555387, te_score: 0.710000

time = 11
tr_loss: 0.604417, tr_score: 0.705000
va_loss: 0.570327, va_score: 0.740000
te_loss: 0.592397, te_score: 0.720000

time = 11
tr_loss: 0.598607, tr_score: 0.688750
va_loss: 0.578849, va_score: 0.720000
te_loss: 0.607196, te_score: 0.710000

time = 11
tr_loss: 0.594032, tr_score: 0.718750
va_loss: 0.586714, va_score: 0.740000
te_loss: 0.638475, te_score: 0.650000

time = 11
tr_loss: 0.564724, tr_score: 0.730000
va_loss: 0.483936, va_score: 0.770000
te_loss: 0.597380, te_score: 0.710000

======================================================
11  Seed:  [ 276. 7096. 7576. 7225. 8005. 7496. 1258. 6191. 8489. 5152. 4572. 4247.
 5941. 8136.  978. 3169. 6643. 4121. 8439. 9382.]
tr_loss: 0.577308, tr_score: 0.715125
va_loss: 0.589605, va_score: 0.709000
te_loss: 0.607031, te_score: 0.687500
time = 12
tr_loss: 0.589434, tr_score: 0.715000
va_loss: 0.586384, va_score: 0.710000
te_loss: 0.548759, te_score: 0.740000

time = 12
tr_loss: 0.580069, tr_score: 0.713750
va_loss: 0.623587, va_score: 0.670000
te_loss: 0.547932, te_score: 0.750000

time = 12
tr_loss: 0.559004, tr_score: 0.736250
va_loss: 0.577262, va_score: 0.700000
te_loss: 0.602968, te_score: 0.660000

time = 12
tr_loss: 0.572908, tr_score: 0.715000
va_loss: 0.611327, va_score: 0.690000
te_loss: 0.698379, te_score: 0.610000

time = 12
tr_loss: 0.517569, tr_score: 0.743750
va_loss: 0.555820, va_score: 0.720000
te_loss: 0.565429, te_score: 0.650000

time = 12
tr_loss: 0.528608, tr_score: 0.748750
va_loss: 0.581021, va_score: 0.720000
te_loss: 0.530034, te_score: 0.770000

time = 12
tr_loss: 0.566724, tr_score: 0.728750
va_loss: 0.658877, va_score: 0.590000
te_loss: 0.658973, te_score: 0.630000

time = 12
tr_loss: 0.567326, tr_score: 0.733750
va_loss: 0.584784, va_score: 0.730000
te_loss: 0.634724, te_score: 0.640000

time = 12
tr_loss: 0.543882, tr_score: 0.733750
va_loss: 0.570345, va_score: 0.710000
te_loss: 0.588540, te_score: 0.690000

time = 12
tr_loss: 0.625445, tr_score: 0.631250
va_loss: 0.680165, va_score: 0.600000
te_loss: 0.653825, te_score: 0.600000

time = 12
tr_loss: 0.577920, tr_score: 0.713750
va_loss: 0.571260, va_score: 0.710000
te_loss: 0.660944, te_score: 0.650000

time = 12
tr_loss: 0.628593, tr_score: 0.691250
va_loss: 0.604559, va_score: 0.770000
te_loss: 0.703186, te_score: 0.640000

time = 12
tr_loss: 0.573347, tr_score: 0.708750
va_loss: 0.580873, va_score: 0.700000
te_loss: 0.641252, te_score: 0.660000

time = 12
tr_loss: 0.628237, tr_score: 0.686250
va_loss: 0.567031, va_score: 0.710000
te_loss: 0.578623, te_score: 0.740000

time = 12
tr_loss: 0.586282, tr_score: 0.696250
va_loss: 0.560910, va_score: 0.760000
te_loss: 0.620345, te_score: 0.650000

time = 12
tr_loss: 0.524355, tr_score: 0.737500
va_loss: 0.563173, va_score: 0.700000
te_loss: 0.549928, te_score: 0.740000

time = 12
tr_loss: 0.643871, tr_score: 0.677500
va_loss: 0.733332, va_score: 0.590000
te_loss: 0.607826, te_score: 0.680000

time = 12
tr_loss: 0.584500, tr_score: 0.712500
va_loss: 0.607112, va_score: 0.700000
te_loss: 0.562008, te_score: 0.750000

time = 12
tr_loss: 0.584052, tr_score: 0.706250
va_loss: 0.597753, va_score: 0.710000
te_loss: 0.587334, te_score: 0.690000

time = 12
tr_loss: 0.552224, tr_score: 0.722500
va_loss: 0.645247, va_score: 0.640000
te_loss: 0.558444, te_score: 0.720000

======================================================
12  Seed:  [5995. 5359. 4959. 8841. 2084. 6283. 5803. 5547. 5856. 6466. 1029. 9406.
 1119. 6504. 6270.   89. 4601. 8528. 5236. 3309.]
tr_loss: 0.576717, tr_score: 0.712625
va_loss: 0.603041, va_score: 0.691500
te_loss: 0.604973, te_score: 0.683000
time = 13
tr_loss: 0.565746, tr_score: 0.713750
va_loss: 0.602228, va_score: 0.670000
te_loss: 0.547114, te_score: 0.730000

time = 13
tr_loss: 0.599533, tr_score: 0.686250
va_loss: 0.547353, va_score: 0.760000
te_loss: 0.597602, te_score: 0.700000

time = 13
tr_loss: 0.587133, tr_score: 0.711250
va_loss: 0.562223, va_score: 0.720000
te_loss: 0.736806, te_score: 0.590000

time = 13
tr_loss: 0.517965, tr_score: 0.742500
va_loss: 0.569882, va_score: 0.670000
te_loss: 0.466365, te_score: 0.770000

time = 13
tr_loss: 0.571944, tr_score: 0.697500
va_loss: 0.637447, va_score: 0.700000
te_loss: 0.556784, te_score: 0.710000

time = 13
tr_loss: 0.594859, tr_score: 0.708750
va_loss: 0.658247, va_score: 0.660000
te_loss: 0.644859, te_score: 0.680000

time = 13
tr_loss: 0.587387, tr_score: 0.706250
va_loss: 0.612441, va_score: 0.670000
te_loss: 0.616060, te_score: 0.690000

time = 13
tr_loss: 0.574484, tr_score: 0.712500
va_loss: 0.538934, va_score: 0.740000
te_loss: 0.566059, te_score: 0.700000

time = 13
tr_loss: 0.620520, tr_score: 0.690000
va_loss: 0.585295, va_score: 0.730000
te_loss: 0.575831, te_score: 0.750000

time = 13
tr_loss: 0.597404, tr_score: 0.701250
va_loss: 0.665318, va_score: 0.620000
te_loss: 0.550388, te_score: 0.770000

time = 13
tr_loss: 0.557938, tr_score: 0.733750
va_loss: 0.618992, va_score: 0.710000
te_loss: 0.663341, te_score: 0.610000

time = 13
tr_loss: 0.590352, tr_score: 0.713750
va_loss: 0.584750, va_score: 0.710000
te_loss: 0.639094, te_score: 0.680000

time = 13
tr_loss: 0.560264, tr_score: 0.706250
va_loss: 0.580560, va_score: 0.680000
te_loss: 0.539832, te_score: 0.690000

time = 13
tr_loss: 0.599905, tr_score: 0.693750
va_loss: 0.532528, va_score: 0.750000
te_loss: 0.580409, te_score: 0.710000

time = 13
tr_loss: 0.572088, tr_score: 0.717500
va_loss: 0.538560, va_score: 0.770000
te_loss: 0.511970, te_score: 0.790000

time = 13
tr_loss: 0.569706, tr_score: 0.712500
va_loss: 0.602275, va_score: 0.680000
te_loss: 0.614233, te_score: 0.680000

time = 13
tr_loss: 0.564132, tr_score: 0.728750
va_loss: 0.544104, va_score: 0.710000
te_loss: 0.637487, te_score: 0.640000

time = 13
tr_loss: 0.621243, tr_score: 0.651250
va_loss: 0.576980, va_score: 0.720000
te_loss: 0.624306, te_score: 0.640000

time = 13
tr_loss: 0.629167, tr_score: 0.691250
va_loss: 0.534610, va_score: 0.770000
te_loss: 0.715292, te_score: 0.650000

time = 13
tr_loss: 0.610119, tr_score: 0.682500
va_loss: 0.579849, va_score: 0.740000
te_loss: 0.560680, te_score: 0.780000

======================================================
13  Seed:  [3706. 3756. 2533. 6590. 1761. 5957. 4965. 8699. 1302.  214. 1426. 3422.
 9979.   35. 8073. 6183. 7853. 8174. 4923.  725.]
tr_loss: 0.584594, tr_score: 0.705062
va_loss: 0.583629, va_score: 0.709000
te_loss: 0.597226, te_score: 0.698000
time = 14
tr_loss: 0.547002, tr_score: 0.718750
va_loss: 0.611124, va_score: 0.680000
te_loss: 0.562160, te_score: 0.730000

time = 14
tr_loss: 0.582466, tr_score: 0.705000
va_loss: 0.623674, va_score: 0.690000
te_loss: 0.554974, te_score: 0.730000

time = 14
tr_loss: 0.572634, tr_score: 0.680000
va_loss: 0.551132, va_score: 0.690000
te_loss: 0.589370, te_score: 0.680000

time = 14
tr_loss: 0.595019, tr_score: 0.710000
va_loss: 0.634260, va_score: 0.670000
te_loss: 0.557902, te_score: 0.760000

time = 14
tr_loss: 0.593128, tr_score: 0.711250
va_loss: 0.612458, va_score: 0.680000
te_loss: 0.599768, te_score: 0.720000

time = 14
tr_loss: 0.591928, tr_score: 0.700000
va_loss: 0.566655, va_score: 0.730000
te_loss: 0.638593, te_score: 0.640000

time = 14
tr_loss: 0.577750, tr_score: 0.700000
va_loss: 0.513141, va_score: 0.790000
te_loss: 0.631446, te_score: 0.690000

time = 14
tr_loss: 0.552905, tr_score: 0.722500
va_loss: 0.613766, va_score: 0.670000
te_loss: 0.562210, te_score: 0.740000

time = 14
tr_loss: 0.581229, tr_score: 0.702500
va_loss: 0.557853, va_score: 0.720000
te_loss: 0.569592, te_score: 0.710000

time = 14
tr_loss: 0.561367, tr_score: 0.710000
va_loss: 0.481602, va_score: 0.800000
te_loss: 0.619140, te_score: 0.670000

time = 14
tr_loss: 0.619696, tr_score: 0.688750
va_loss: 0.548754, va_score: 0.760000
te_loss: 0.569537, te_score: 0.730000

time = 14
tr_loss: 0.588789, tr_score: 0.695000
va_loss: 0.584208, va_score: 0.730000
te_loss: 0.614105, te_score: 0.720000

time = 14
tr_loss: 0.583554, tr_score: 0.707500
va_loss: 0.553179, va_score: 0.760000
te_loss: 0.614693, te_score: 0.640000

time = 14
tr_loss: 0.565488, tr_score: 0.702500
va_loss: 0.540793, va_score: 0.740000
te_loss: 0.575547, te_score: 0.720000

time = 14
tr_loss: 0.598148, tr_score: 0.711250
va_loss: 0.647657, va_score: 0.670000
te_loss: 0.580410, te_score: 0.730000

time = 14
tr_loss: 0.588620, tr_score: 0.711250
va_loss: 0.564063, va_score: 0.730000
te_loss: 0.542230, te_score: 0.730000

time = 14
tr_loss: 0.493342, tr_score: 0.762500
va_loss: 0.418048, va_score: 0.820000
te_loss: 0.606633, te_score: 0.690000

time = 14
tr_loss: 0.595529, tr_score: 0.721250
va_loss: 0.660563, va_score: 0.700000
te_loss: 0.622813, te_score: 0.720000

time = 14
tr_loss: 0.556884, tr_score: 0.722500
va_loss: 0.597891, va_score: 0.700000
te_loss: 0.679513, te_score: 0.680000

time = 14
tr_loss: 0.579013, tr_score: 0.703750
va_loss: 0.568750, va_score: 0.710000
te_loss: 0.527739, te_score: 0.780000

======================================================
14  Seed:  [6736. 9332. 4026. 8791. 2185. 8095. 4925. 3877. 8332. 6847. 5871. 5004.
 2796. 4961. 1467. 7787. 3868. 5255. 9307. 9073.]
tr_loss: 0.576225, tr_score: 0.709312
va_loss: 0.572478, va_score: 0.722000
te_loss: 0.590919, te_score: 0.710500
time = 15
tr_loss: 0.545928, tr_score: 0.720000
va_loss: 0.512814, va_score: 0.720000
te_loss: 0.589261, te_score: 0.690000

time = 15
tr_loss: 0.566404, tr_score: 0.717500
va_loss: 0.567688, va_score: 0.730000
te_loss: 0.493407, te_score: 0.790000

time = 15
tr_loss: 0.584645, tr_score: 0.702500
va_loss: 0.575573, va_score: 0.710000
te_loss: 0.634919, te_score: 0.670000

time = 15
tr_loss: 0.555147, tr_score: 0.725000
va_loss: 0.457174, va_score: 0.790000
te_loss: 0.568521, te_score: 0.690000

time = 15
tr_loss: 0.548001, tr_score: 0.733750
va_loss: 0.499037, va_score: 0.780000
te_loss: 0.616655, te_score: 0.660000

time = 15
tr_loss: 0.575306, tr_score: 0.713750
va_loss: 0.636294, va_score: 0.670000
te_loss: 0.626177, te_score: 0.650000

time = 15
tr_loss: 0.608818, tr_score: 0.705000
va_loss: 0.597000, va_score: 0.700000
te_loss: 0.573179, te_score: 0.700000

time = 15
tr_loss: 0.559203, tr_score: 0.708750
va_loss: 0.596300, va_score: 0.710000
te_loss: 0.602128, te_score: 0.660000

time = 15
tr_loss: 0.582414, tr_score: 0.720000
va_loss: 0.543281, va_score: 0.760000
te_loss: 0.558873, te_score: 0.740000

time = 15
tr_loss: 0.587440, tr_score: 0.716250
va_loss: 0.630571, va_score: 0.650000
te_loss: 0.557716, te_score: 0.780000

time = 15
tr_loss: 0.537722, tr_score: 0.718750
va_loss: 0.504676, va_score: 0.750000
te_loss: 0.550039, te_score: 0.680000

time = 15
tr_loss: 0.591388, tr_score: 0.692500
va_loss: 0.638451, va_score: 0.660000
te_loss: 0.646313, te_score: 0.650000

time = 15
tr_loss: 0.561125, tr_score: 0.731250
va_loss: 0.547343, va_score: 0.710000
te_loss: 0.665156, te_score: 0.670000

time = 15
tr_loss: 0.580946, tr_score: 0.725000
va_loss: 0.637662, va_score: 0.650000
te_loss: 0.547061, te_score: 0.770000

time = 15
tr_loss: 0.532953, tr_score: 0.738750
va_loss: 0.534870, va_score: 0.750000
te_loss: 0.564203, te_score: 0.720000

time = 15
tr_loss: 0.613469, tr_score: 0.711250
va_loss: 0.671971, va_score: 0.650000
te_loss: 0.576467, te_score: 0.700000

time = 15
tr_loss: 0.592879, tr_score: 0.688750
va_loss: 0.531393, va_score: 0.720000
te_loss: 0.614695, te_score: 0.750000

time = 15
tr_loss: 0.546813, tr_score: 0.737500
va_loss: 0.611465, va_score: 0.690000
te_loss: 0.657162, te_score: 0.660000

time = 15
tr_loss: 0.566656, tr_score: 0.720000
va_loss: 0.551358, va_score: 0.750000
te_loss: 0.569716, te_score: 0.730000

time = 15
tr_loss: 0.609797, tr_score: 0.700000
va_loss: 0.613721, va_score: 0.700000
te_loss: 0.603609, te_score: 0.700000

======================================================
15  Seed:  [ 879. 4612.  287.  491. 3659. 8251. 7507. 1140. 3507. 4318. 9716. 8900.
 3870. 2555. 7340. 8792.  757. 6674. 3143.  691.]
tr_loss: 0.572353, tr_score: 0.716313
va_loss: 0.572932, va_score: 0.712500
te_loss: 0.590763, te_score: 0.703000
time = 16
tr_loss: 0.578528, tr_score: 0.718750
va_loss: 0.569694, va_score: 0.740000
te_loss: 0.597985, te_score: 0.690000

time = 16
tr_loss: 0.557692, tr_score: 0.720000
va_loss: 0.562791, va_score: 0.730000
te_loss: 0.603561, te_score: 0.640000

time = 16
tr_loss: 0.525108, tr_score: 0.741250
va_loss: 0.524149, va_score: 0.750000
te_loss: 0.566726, te_score: 0.700000

time = 16
tr_loss: 0.570516, tr_score: 0.706250
va_loss: 0.565932, va_score: 0.700000
te_loss: 0.575912, te_score: 0.730000

time = 16
tr_loss: 0.578997, tr_score: 0.712500
va_loss: 0.540717, va_score: 0.740000
te_loss: 0.577740, te_score: 0.690000

time = 16
tr_loss: 0.572973, tr_score: 0.728750
va_loss: 0.614430, va_score: 0.690000
te_loss: 0.671075, te_score: 0.660000

time = 16
tr_loss: 0.599570, tr_score: 0.697500
va_loss: 0.578199, va_score: 0.740000
te_loss: 0.579233, te_score: 0.720000

time = 16
tr_loss: 0.581421, tr_score: 0.722500
va_loss: 0.670302, va_score: 0.650000
te_loss: 0.616536, te_score: 0.670000

time = 16
tr_loss: 0.551735, tr_score: 0.725000
va_loss: 0.566325, va_score: 0.710000
te_loss: 0.545008, te_score: 0.730000

time = 16
tr_loss: 0.634664, tr_score: 0.713750
va_loss: 0.651268, va_score: 0.660000
te_loss: 0.652202, te_score: 0.650000

time = 16
tr_loss: 0.563364, tr_score: 0.721250
va_loss: 0.619128, va_score: 0.670000
te_loss: 0.558754, te_score: 0.710000

time = 16
tr_loss: 0.548581, tr_score: 0.721250
va_loss: 0.614787, va_score: 0.710000
te_loss: 0.612399, te_score: 0.690000

time = 16
tr_loss: 0.576140, tr_score: 0.697500
va_loss: 0.631419, va_score: 0.650000
te_loss: 0.547025, te_score: 0.720000

time = 16
tr_loss: 0.591589, tr_score: 0.696250
va_loss: 0.536995, va_score: 0.770000
te_loss: 0.498103, te_score: 0.790000

time = 16
tr_loss: 0.575649, tr_score: 0.686250
va_loss: 0.543227, va_score: 0.720000
te_loss: 0.537036, te_score: 0.770000

time = 16
tr_loss: 0.571329, tr_score: 0.707500
va_loss: 0.601910, va_score: 0.660000
te_loss: 0.557707, te_score: 0.730000

time = 16
tr_loss: 0.587078, tr_score: 0.710000
va_loss: 0.564921, va_score: 0.760000
te_loss: 0.607942, te_score: 0.670000

time = 16
tr_loss: 0.604660, tr_score: 0.702500
va_loss: 0.634922, va_score: 0.660000
te_loss: 0.636631, te_score: 0.730000

time = 16
tr_loss: 0.665047, tr_score: 0.666250
va_loss: 0.593087, va_score: 0.740000
te_loss: 0.667595, te_score: 0.720000

time = 16
tr_loss: 0.612552, tr_score: 0.706250
va_loss: 0.629284, va_score: 0.670000
te_loss: 0.553833, te_score: 0.790000

======================================================
16  Seed:  [9082. 6878.  978. 6918.   35. 3547.  812. 1562. 5243. 8191. 5330. 4602.
 2929. 4830.  303. 9956. 3156. 7475. 4637.  734.]
tr_loss: 0.582360, tr_score: 0.710063
va_loss: 0.590674, va_score: 0.706000
te_loss: 0.588150, te_score: 0.710000
time = 17
tr_loss: 0.610021, tr_score: 0.700000
va_loss: 0.594750, va_score: 0.720000
te_loss: 0.606667, te_score: 0.680000

time = 17
tr_loss: 0.608332, tr_score: 0.706250
va_loss: 0.639449, va_score: 0.670000
te_loss: 0.644897, te_score: 0.700000

time = 17
tr_loss: 0.562474, tr_score: 0.732500
va_loss: 0.650804, va_score: 0.660000
te_loss: 0.548124, te_score: 0.730000

time = 17
tr_loss: 0.516867, tr_score: 0.747500
va_loss: 0.555225, va_score: 0.700000
te_loss: 0.541444, te_score: 0.740000

time = 17
tr_loss: 0.640677, tr_score: 0.688750
va_loss: 0.574693, va_score: 0.770000
te_loss: 0.612188, te_score: 0.760000

time = 17
tr_loss: 0.547525, tr_score: 0.732500
va_loss: 0.539137, va_score: 0.760000
te_loss: 0.598471, te_score: 0.680000

time = 17
tr_loss: 0.605439, tr_score: 0.711250
va_loss: 0.660832, va_score: 0.640000
te_loss: 0.622983, te_score: 0.670000

time = 17
tr_loss: 0.595455, tr_score: 0.717500
va_loss: 0.631811, va_score: 0.680000
te_loss: 0.691673, te_score: 0.610000

time = 17
tr_loss: 0.509068, tr_score: 0.766250
va_loss: 0.511879, va_score: 0.750000
te_loss: 0.494183, te_score: 0.780000

time = 17
tr_loss: 0.576203, tr_score: 0.711250
va_loss: 0.607031, va_score: 0.700000
te_loss: 0.695161, te_score: 0.610000

time = 17
tr_loss: 0.590617, tr_score: 0.716250
va_loss: 0.625801, va_score: 0.680000
te_loss: 0.668946, te_score: 0.650000

time = 17
tr_loss: 0.533765, tr_score: 0.750000
va_loss: 0.611191, va_score: 0.710000
te_loss: 0.558084, te_score: 0.690000

time = 17
tr_loss: 0.556063, tr_score: 0.722500
va_loss: 0.546559, va_score: 0.730000
te_loss: 0.499718, te_score: 0.760000

time = 17
tr_loss: 0.595646, tr_score: 0.707500
va_loss: 0.567097, va_score: 0.740000
te_loss: 0.553563, te_score: 0.790000

time = 17
tr_loss: 0.598801, tr_score: 0.715000
va_loss: 0.735391, va_score: 0.630000
te_loss: 0.636291, te_score: 0.700000

time = 17
tr_loss: 0.592629, tr_score: 0.708750
va_loss: 0.536140, va_score: 0.760000
te_loss: 0.593792, te_score: 0.710000

time = 17
tr_loss: 0.593658, tr_score: 0.710000
va_loss: 0.693919, va_score: 0.610000
te_loss: 0.594240, te_score: 0.710000

time = 17
tr_loss: 0.554843, tr_score: 0.702500
va_loss: 0.559189, va_score: 0.700000
te_loss: 0.544588, te_score: 0.740000

time = 17
tr_loss: 0.624741, tr_score: 0.618750
va_loss: 0.550478, va_score: 0.710000
te_loss: 0.624164, te_score: 0.660000

time = 17
tr_loss: 0.579276, tr_score: 0.721250
va_loss: 0.617373, va_score: 0.690000
te_loss: 0.589108, te_score: 0.720000

======================================================
17  Seed:  [9997. 6891. 7283.  296. 4194.  627. 9187. 9699.  412. 3964. 5059. 1882.
 6859. 7098. 9012. 6459. 3018. 8410. 9321. 1260.]
tr_loss: 0.579605, tr_score: 0.714312
va_loss: 0.600437, va_score: 0.700500
te_loss: 0.595914, te_score: 0.704500
time = 18
tr_loss: 0.588587, tr_score: 0.697500
va_loss: 0.578945, va_score: 0.690000
te_loss: 0.576188, te_score: 0.710000

time = 18
tr_loss: 0.556039, tr_score: 0.736250
va_loss: 0.533226, va_score: 0.760000
te_loss: 0.504840, te_score: 0.750000

time = 18
tr_loss: 0.513813, tr_score: 0.732500
va_loss: 0.468944, va_score: 0.750000
te_loss: 0.599591, te_score: 0.740000

time = 18
tr_loss: 0.528788, tr_score: 0.740000
va_loss: 0.558287, va_score: 0.720000
te_loss: 0.543509, te_score: 0.740000

time = 18
tr_loss: 0.588208, tr_score: 0.721250
va_loss: 0.662628, va_score: 0.640000
te_loss: 0.513838, te_score: 0.740000

time = 18
tr_loss: 0.603309, tr_score: 0.716250
va_loss: 0.551899, va_score: 0.740000
te_loss: 0.557732, te_score: 0.780000

time = 18
tr_loss: 0.585707, tr_score: 0.705000
va_loss: 0.643876, va_score: 0.650000
te_loss: 0.549478, te_score: 0.750000

time = 18
tr_loss: 0.620441, tr_score: 0.701250
va_loss: 0.638415, va_score: 0.670000
te_loss: 0.715545, te_score: 0.590000

time = 18
tr_loss: 0.521232, tr_score: 0.753750
va_loss: 0.526036, va_score: 0.730000
te_loss: 0.547935, te_score: 0.690000

time = 18
tr_loss: 0.582607, tr_score: 0.722500
va_loss: 0.538800, va_score: 0.740000
te_loss: 0.619953, te_score: 0.680000

time = 18
tr_loss: 0.556143, tr_score: 0.725000
va_loss: 0.656458, va_score: 0.650000
te_loss: 0.539828, te_score: 0.720000

time = 18
tr_loss: 0.580032, tr_score: 0.705000
va_loss: 0.635288, va_score: 0.670000
te_loss: 0.571830, te_score: 0.740000

time = 18
tr_loss: 0.574683, tr_score: 0.705000
va_loss: 0.595494, va_score: 0.680000
te_loss: 0.604852, te_score: 0.680000

time = 18
tr_loss: 0.584942, tr_score: 0.713750
va_loss: 0.561337, va_score: 0.730000
te_loss: 0.559041, te_score: 0.740000

time = 18
tr_loss: 0.600729, tr_score: 0.703750
va_loss: 0.587082, va_score: 0.720000
te_loss: 0.600615, te_score: 0.700000

time = 18
tr_loss: 0.556091, tr_score: 0.733750
va_loss: 0.518467, va_score: 0.770000
te_loss: 0.479942, te_score: 0.790000

time = 18
tr_loss: 0.561525, tr_score: 0.712500
va_loss: 0.623129, va_score: 0.660000
te_loss: 0.505053, te_score: 0.760000

time = 18
tr_loss: 0.549654, tr_score: 0.728750
va_loss: 0.544653, va_score: 0.670000
te_loss: 0.630919, te_score: 0.640000

time = 18
tr_loss: 0.590535, tr_score: 0.693750
va_loss: 0.594946, va_score: 0.720000
te_loss: 0.658119, te_score: 0.640000

time = 18
tr_loss: 0.560876, tr_score: 0.725000
va_loss: 0.480519, va_score: 0.810000
te_loss: 0.568298, te_score: 0.710000

======================================================
18  Seed:  [ 873. 4207. 9606. 9170. 6333. 9407. 8590.  438. 6112. 2282. 5826. 4132.
 5788. 3773.  899. 1544. 7119. 3120. 1138. 3253.]
tr_loss: 0.570197, tr_score: 0.718625
va_loss: 0.574921, va_score: 0.708500
te_loss: 0.572355, te_score: 0.714500
time = 19
tr_loss: 0.546509, tr_score: 0.736250
va_loss: 0.675013, va_score: 0.660000
te_loss: 0.586660, te_score: 0.680000

time = 19
tr_loss: 0.564027, tr_score: 0.723750
va_loss: 0.582982, va_score: 0.700000
te_loss: 0.656240, te_score: 0.640000

time = 19
tr_loss: 0.569087, tr_score: 0.705000
va_loss: 0.522436, va_score: 0.720000
te_loss: 0.646794, te_score: 0.670000

time = 19
tr_loss: 0.542486, tr_score: 0.723750
va_loss: 0.590488, va_score: 0.680000
te_loss: 0.579274, te_score: 0.720000

time = 19
tr_loss: 0.611487, tr_score: 0.732500
va_loss: 0.619194, va_score: 0.730000
te_loss: 0.557147, te_score: 0.770000

time = 19
tr_loss: 0.577909, tr_score: 0.702500
va_loss: 0.573583, va_score: 0.700000
te_loss: 0.613246, te_score: 0.700000

time = 19
tr_loss: 0.584716, tr_score: 0.703750
va_loss: 0.560948, va_score: 0.730000
te_loss: 0.603420, te_score: 0.670000

time = 19
tr_loss: 0.603632, tr_score: 0.712500
va_loss: 0.604398, va_score: 0.690000
te_loss: 0.612568, te_score: 0.680000

time = 19
tr_loss: 0.590559, tr_score: 0.685000
va_loss: 0.616896, va_score: 0.650000
te_loss: 0.541144, te_score: 0.740000

time = 19
tr_loss: 0.564982, tr_score: 0.711250
va_loss: 0.590634, va_score: 0.700000
te_loss: 0.622018, te_score: 0.690000

time = 19
tr_loss: 0.586730, tr_score: 0.708750
va_loss: 0.615990, va_score: 0.680000
te_loss: 0.629958, te_score: 0.680000

time = 19
tr_loss: 0.594127, tr_score: 0.695000
va_loss: 0.599877, va_score: 0.730000
te_loss: 0.612009, te_score: 0.680000

time = 19
tr_loss: 0.645386, tr_score: 0.703750
va_loss: 0.645648, va_score: 0.690000
te_loss: 0.665088, te_score: 0.630000

time = 19
tr_loss: 0.528918, tr_score: 0.740000
va_loss: 0.472101, va_score: 0.790000
te_loss: 0.545693, te_score: 0.690000

time = 19
tr_loss: 0.570406, tr_score: 0.708750
va_loss: 0.589660, va_score: 0.690000
te_loss: 0.517913, te_score: 0.760000

time = 19
tr_loss: 0.571633, tr_score: 0.711250
va_loss: 0.518489, va_score: 0.770000
te_loss: 0.577193, te_score: 0.670000

time = 19
tr_loss: 0.559555, tr_score: 0.733750
va_loss: 0.578580, va_score: 0.730000
te_loss: 0.549752, te_score: 0.740000

time = 19
tr_loss: 0.558663, tr_score: 0.712500
va_loss: 0.617986, va_score: 0.660000
te_loss: 0.531375, te_score: 0.730000

time = 19
tr_loss: 0.589082, tr_score: 0.686250
va_loss: 0.593962, va_score: 0.720000
te_loss: 0.594499, te_score: 0.650000

time = 19
tr_loss: 0.604988, tr_score: 0.700000
va_loss: 0.673455, va_score: 0.630000
te_loss: 0.586882, te_score: 0.720000

======================================================
19  Seed:  [3709. 6253. 7969. 4492. 4878.  212. 2129. 7387.  610. 9877. 6936. 8416.
 1824. 6324. 9841. 5493. 7619. 7977.  518. 1963.]
tr_loss: 0.578244, tr_score: 0.711812
va_loss: 0.592116, va_score: 0.702500
te_loss: 0.591444, te_score: 0.695500
time = 20
tr_loss: 0.592709, tr_score: 0.703750
va_loss: 0.606629, va_score: 0.710000
te_loss: 0.597446, te_score: 0.690000

time = 20
tr_loss: 0.558902, tr_score: 0.735000
va_loss: 0.551785, va_score: 0.720000
te_loss: 0.517741, te_score: 0.750000

time = 20
tr_loss: 0.580181, tr_score: 0.713750
va_loss: 0.577169, va_score: 0.750000
te_loss: 0.639222, te_score: 0.680000

time = 20
tr_loss: 0.589381, tr_score: 0.702500
va_loss: 0.683564, va_score: 0.680000
te_loss: 0.506559, te_score: 0.770000

time = 20
tr_loss: 0.587512, tr_score: 0.718750
va_loss: 0.642662, va_score: 0.650000
te_loss: 0.608866, te_score: 0.690000

time = 20
tr_loss: 0.596417, tr_score: 0.702500
va_loss: 0.544693, va_score: 0.740000
te_loss: 0.567786, te_score: 0.720000

time = 20
tr_loss: 0.604375, tr_score: 0.701250
va_loss: 0.556870, va_score: 0.750000
te_loss: 0.606843, te_score: 0.700000

time = 20
tr_loss: 0.602684, tr_score: 0.701250
va_loss: 0.660992, va_score: 0.650000
te_loss: 0.579403, te_score: 0.740000

time = 20
tr_loss: 0.600276, tr_score: 0.703750
va_loss: 0.578642, va_score: 0.720000
te_loss: 0.535576, te_score: 0.760000

time = 20
tr_loss: 0.555620, tr_score: 0.718750
va_loss: 0.469257, va_score: 0.810000
te_loss: 0.525278, te_score: 0.760000

time = 20
tr_loss: 0.602475, tr_score: 0.697500
va_loss: 0.624051, va_score: 0.690000
te_loss: 0.600477, te_score: 0.730000

time = 20
tr_loss: 0.574869, tr_score: 0.715000
va_loss: 0.570213, va_score: 0.710000
te_loss: 0.544786, te_score: 0.730000

time = 20
tr_loss: 0.594397, tr_score: 0.703750
va_loss: 0.569665, va_score: 0.730000
te_loss: 0.652468, te_score: 0.670000

time = 20
tr_loss: 0.590651, tr_score: 0.707500
va_loss: 0.621857, va_score: 0.680000
te_loss: 0.576955, te_score: 0.710000

time = 20
tr_loss: 0.562376, tr_score: 0.718750
va_loss: 0.551642, va_score: 0.750000
te_loss: 0.617249, te_score: 0.700000

time = 20
tr_loss: 0.549031, tr_score: 0.716250
va_loss: 0.631613, va_score: 0.640000
te_loss: 0.571835, te_score: 0.690000

time = 20
tr_loss: 0.593837, tr_score: 0.696250
va_loss: 0.574780, va_score: 0.710000
te_loss: 0.601284, te_score: 0.730000

time = 20
tr_loss: 0.600190, tr_score: 0.702500
va_loss: 0.600525, va_score: 0.700000
te_loss: 0.652044, te_score: 0.710000

time = 20
tr_loss: 0.596188, tr_score: 0.703750
va_loss: 0.549180, va_score: 0.770000
te_loss: 0.568394, te_score: 0.740000

time = 20
tr_loss: 0.580656, tr_score: 0.710000
va_loss: 0.589089, va_score: 0.680000
te_loss: 0.557951, te_score: 0.730000

======================================================
20  Seed:  [8890. 5137. 6638. 5364. 3035. 4210. 5798. 9783. 7946.  146. 8127. 1556.
 1338. 7812. 5900. 6230. 6141. 6234. 5455. 7649.]
tr_loss: 0.585636, tr_score: 0.708625
va_loss: 0.587744, va_score: 0.712000
te_loss: 0.581408, te_score: 0.720000


mid seed:  [ 667. 3641. 1333. 4721. 6871. 9519. 4778.  927. 8338.   13. 3683. 6570.
 1422. 3821. 5722.  599. 3527. 1784. 1921. 2070.]
mid test scores 0.705
