time = 0
tr_loss: 0.583703, tr_score: 0.711250
va_loss: 0.611017, va_score: 0.740000
te_loss: 0.568489, te_score: 0.720000

time = 0
tr_loss: 0.569492, tr_score: 0.721250
va_loss: 0.657715, va_score: 0.650000
te_loss: 0.703181, te_score: 0.610000

time = 0
tr_loss: 0.584795, tr_score: 0.695000
va_loss: 0.635382, va_score: 0.670000
te_loss: 0.642655, te_score: 0.660000

time = 0
tr_loss: 0.597000, tr_score: 0.696250
va_loss: 0.567932, va_score: 0.740000
te_loss: 0.615959, te_score: 0.670000

time = 0
tr_loss: 0.614201, tr_score: 0.697500
va_loss: 0.616183, va_score: 0.670000
te_loss: 0.559926, te_score: 0.750000

time = 0
tr_loss: 0.542670, tr_score: 0.718750
va_loss: 0.635331, va_score: 0.620000
te_loss: 0.689925, te_score: 0.630000

time = 0
tr_loss: 0.518192, tr_score: 0.763750
va_loss: 0.504807, va_score: 0.740000
te_loss: 0.474498, te_score: 0.820000

time = 0
tr_loss: 0.594238, tr_score: 0.713750
va_loss: 0.529238, va_score: 0.780000
te_loss: 0.617723, te_score: 0.680000

time = 0
tr_loss: 0.611003, tr_score: 0.701250
va_loss: 0.535115, va_score: 0.740000
te_loss: 0.606930, te_score: 0.690000

time = 0
tr_loss: 0.581509, tr_score: 0.722500
va_loss: 0.609114, va_score: 0.690000
te_loss: 0.523285, te_score: 0.810000

time = 0
tr_loss: 0.551573, tr_score: 0.736250
va_loss: 0.535310, va_score: 0.720000
te_loss: 0.668183, te_score: 0.640000

time = 0
tr_loss: 0.574781, tr_score: 0.732500
va_loss: 0.577235, va_score: 0.710000
te_loss: 0.752169, te_score: 0.550000

time = 0
tr_loss: 0.622916, tr_score: 0.661250
va_loss: 0.675936, va_score: 0.560000
te_loss: 0.670795, te_score: 0.590000

time = 0
tr_loss: 0.586852, tr_score: 0.713750
va_loss: 0.571743, va_score: 0.720000
te_loss: 0.677200, te_score: 0.620000

time = 0
tr_loss: 0.586701, tr_score: 0.723750
va_loss: 0.597239, va_score: 0.680000
te_loss: 0.587121, te_score: 0.750000

time = 0
tr_loss: 0.594753, tr_score: 0.706250
va_loss: 0.634293, va_score: 0.670000
te_loss: 0.617636, te_score: 0.700000

time = 0
tr_loss: 0.548280, tr_score: 0.727500
va_loss: 0.623174, va_score: 0.630000
te_loss: 0.580559, te_score: 0.730000

time = 0
tr_loss: 0.572062, tr_score: 0.723750
va_loss: 0.583917, va_score: 0.700000
te_loss: 0.593821, te_score: 0.720000

time = 0
tr_loss: 0.582167, tr_score: 0.725000
va_loss: 0.620778, va_score: 0.680000
te_loss: 0.659011, te_score: 0.620000

time = 0
tr_loss: 0.584748, tr_score: 0.701250
va_loss: 0.531340, va_score: 0.790000
te_loss: 0.644924, te_score: 0.650000

======================================================
0  Seed:  [ 140. 2411. 2238. 5068. 2300. 9812. 6334. 4380. 4021. 8554. 2226. 8534.
 4715. 7921. 4457. 6212.  255.  495. 8301.  932.]
tr_loss: 0.580082, tr_score: 0.714625
va_loss: 0.592640, va_score: 0.695000
te_loss: 0.622699, te_score: 0.680500
time = 1
tr_loss: 0.554756, tr_score: 0.728750
va_loss: 0.622672, va_score: 0.660000
te_loss: 0.598557, te_score: 0.710000

time = 1
tr_loss: 0.616532, tr_score: 0.662500
va_loss: 0.655731, va_score: 0.620000
te_loss: 0.617920, te_score: 0.670000

time = 1
tr_loss: 0.606028, tr_score: 0.676250
va_loss: 0.598390, va_score: 0.670000
te_loss: 0.561647, te_score: 0.730000

time = 1
tr_loss: 0.562812, tr_score: 0.717500
va_loss: 0.567926, va_score: 0.740000
te_loss: 0.622598, te_score: 0.630000

time = 1
tr_loss: 0.531735, tr_score: 0.717500
va_loss: 0.570881, va_score: 0.670000
te_loss: 0.566182, te_score: 0.630000

time = 1
tr_loss: 0.568742, tr_score: 0.716250
va_loss: 0.575438, va_score: 0.700000
te_loss: 0.531443, te_score: 0.790000

time = 1
tr_loss: 0.564204, tr_score: 0.716250
va_loss: 0.560864, va_score: 0.700000
te_loss: 0.585298, te_score: 0.680000

time = 1
tr_loss: 0.590677, tr_score: 0.701250
va_loss: 0.543181, va_score: 0.700000
te_loss: 0.570635, te_score: 0.720000

time = 1
tr_loss: 0.569344, tr_score: 0.730000
va_loss: 0.601280, va_score: 0.690000
te_loss: 0.541297, te_score: 0.750000

time = 1
tr_loss: 0.597300, tr_score: 0.707500
va_loss: 0.590403, va_score: 0.730000
te_loss: 0.677411, te_score: 0.610000

time = 1
tr_loss: 0.588392, tr_score: 0.693750
va_loss: 0.613641, va_score: 0.670000
te_loss: 0.511470, te_score: 0.780000

time = 1
tr_loss: 0.589964, tr_score: 0.700000
va_loss: 0.596760, va_score: 0.700000
te_loss: 0.592485, te_score: 0.720000

time = 1
tr_loss: 0.611103, tr_score: 0.695000
va_loss: 0.503659, va_score: 0.810000
te_loss: 0.653966, te_score: 0.630000

time = 1
tr_loss: 0.616661, tr_score: 0.700000
va_loss: 0.585021, va_score: 0.720000
te_loss: 0.567933, te_score: 0.740000

time = 1
tr_loss: 0.550284, tr_score: 0.740000
va_loss: 0.616698, va_score: 0.640000
te_loss: 0.621351, te_score: 0.630000

time = 1
tr_loss: 0.607294, tr_score: 0.703750
va_loss: 0.607321, va_score: 0.710000
te_loss: 0.614204, te_score: 0.720000

time = 1
tr_loss: 0.573901, tr_score: 0.718750
va_loss: 0.521683, va_score: 0.780000
te_loss: 0.581571, te_score: 0.660000

time = 1
tr_loss: 0.577405, tr_score: 0.716250
va_loss: 0.631667, va_score: 0.660000
te_loss: 0.573138, te_score: 0.730000

time = 1
tr_loss: 0.575447, tr_score: 0.700000
va_loss: 0.541320, va_score: 0.760000
te_loss: 0.644687, te_score: 0.650000

time = 1
tr_loss: 0.612045, tr_score: 0.682500
va_loss: 0.574309, va_score: 0.750000
te_loss: 0.545745, te_score: 0.790000

======================================================
1  Seed:  [8640.  888. 4066.  552. 1437. 6591. 8969.  824. 8811.  938.  550. 9822.
 6241. 3057. 1352. 8361. 5326. 3377. 2314. 8889.]
tr_loss: 0.583231, tr_score: 0.706188
va_loss: 0.583942, va_score: 0.704000
te_loss: 0.588977, te_score: 0.698500
time = 2
tr_loss: 0.587463, tr_score: 0.707500
va_loss: 0.595662, va_score: 0.710000
te_loss: 0.628973, te_score: 0.710000

time = 2
tr_loss: 0.592917, tr_score: 0.703750
va_loss: 0.523810, va_score: 0.790000
te_loss: 0.625104, te_score: 0.670000

time = 2
tr_loss: 0.561309, tr_score: 0.715000
va_loss: 0.550780, va_score: 0.710000
te_loss: 0.585135, te_score: 0.700000

time = 2
tr_loss: 0.590110, tr_score: 0.703750
va_loss: 0.602141, va_score: 0.700000
te_loss: 0.575064, te_score: 0.750000

time = 2
tr_loss: 0.578653, tr_score: 0.726250
va_loss: 0.552548, va_score: 0.730000
te_loss: 0.540536, te_score: 0.760000

time = 2
tr_loss: 0.567626, tr_score: 0.735000
va_loss: 0.585519, va_score: 0.720000
te_loss: 0.658728, te_score: 0.640000

time = 2
tr_loss: 0.561151, tr_score: 0.725000
va_loss: 0.676177, va_score: 0.570000
te_loss: 0.599154, te_score: 0.690000

time = 2
tr_loss: 0.610801, tr_score: 0.687500
va_loss: 0.550383, va_score: 0.780000
te_loss: 0.557510, te_score: 0.730000

time = 2
tr_loss: 0.603113, tr_score: 0.716250
va_loss: 0.615536, va_score: 0.710000
te_loss: 0.651383, te_score: 0.680000

time = 2
tr_loss: 0.589947, tr_score: 0.701250
va_loss: 0.583704, va_score: 0.740000
te_loss: 0.575246, te_score: 0.740000

time = 2
tr_loss: 0.599257, tr_score: 0.710000
va_loss: 0.604100, va_score: 0.700000
te_loss: 0.662918, te_score: 0.630000

time = 2
tr_loss: 0.570496, tr_score: 0.707500
va_loss: 0.558042, va_score: 0.740000
te_loss: 0.520303, te_score: 0.790000

time = 2
tr_loss: 0.580138, tr_score: 0.720000
va_loss: 0.560512, va_score: 0.760000
te_loss: 0.595420, te_score: 0.690000

time = 2
tr_loss: 0.593124, tr_score: 0.695000
va_loss: 0.551154, va_score: 0.770000
te_loss: 0.577814, te_score: 0.710000

time = 2
tr_loss: 0.566654, tr_score: 0.713750
va_loss: 0.568333, va_score: 0.670000
te_loss: 0.565194, te_score: 0.720000

time = 2
tr_loss: 0.610868, tr_score: 0.685000
va_loss: 0.559169, va_score: 0.750000
te_loss: 0.557118, te_score: 0.770000

time = 2
tr_loss: 0.560231, tr_score: 0.717500
va_loss: 0.577454, va_score: 0.710000
te_loss: 0.599410, te_score: 0.670000

time = 2
tr_loss: 0.542670, tr_score: 0.740000
va_loss: 0.565155, va_score: 0.690000
te_loss: 0.513537, te_score: 0.740000

time = 2
tr_loss: 0.567247, tr_score: 0.713750
va_loss: 0.553731, va_score: 0.750000
te_loss: 0.611546, te_score: 0.680000

time = 2
tr_loss: 0.510854, tr_score: 0.750000
va_loss: 0.475451, va_score: 0.810000
te_loss: 0.545602, te_score: 0.730000

======================================================
2  Seed:  [5478. 7027. 2150. 7559. 3662. 2043. 8598. 4158. 6442. 4398. 3939. 9768.
 5143. 2231.  162. 6860. 3496. 7749. 2530. 2730.]
tr_loss: 0.577231, tr_score: 0.713687
va_loss: 0.570468, va_score: 0.725500
te_loss: 0.587285, te_score: 0.710000
time = 3
tr_loss: 0.639165, tr_score: 0.703750
va_loss: 0.653511, va_score: 0.670000
te_loss: 0.631319, te_score: 0.700000

time = 3
tr_loss: 0.592740, tr_score: 0.722500
va_loss: 0.640259, va_score: 0.660000
te_loss: 0.604899, te_score: 0.710000

time = 3
tr_loss: 0.612383, tr_score: 0.706250
va_loss: 0.635581, va_score: 0.670000
te_loss: 0.646183, te_score: 0.690000

time = 3
tr_loss: 0.586967, tr_score: 0.712500
va_loss: 0.582378, va_score: 0.730000
te_loss: 0.577717, te_score: 0.720000

time = 3
tr_loss: 0.533440, tr_score: 0.727500
va_loss: 0.526236, va_score: 0.720000
te_loss: 0.563018, te_score: 0.700000

time = 3
tr_loss: 0.603824, tr_score: 0.700000
va_loss: 0.532884, va_score: 0.760000
te_loss: 0.665698, te_score: 0.640000

time = 3
tr_loss: 0.577087, tr_score: 0.711250
va_loss: 0.641681, va_score: 0.620000
te_loss: 0.574543, te_score: 0.690000

time = 3
tr_loss: 0.559218, tr_score: 0.715000
va_loss: 0.638531, va_score: 0.620000
te_loss: 0.663959, te_score: 0.630000

time = 3
tr_loss: 0.591077, tr_score: 0.708750
va_loss: 0.630242, va_score: 0.690000
te_loss: 0.570675, te_score: 0.730000

time = 3
tr_loss: 0.571676, tr_score: 0.701250
va_loss: 0.527891, va_score: 0.740000
te_loss: 0.597317, te_score: 0.720000

time = 3
tr_loss: 0.525827, tr_score: 0.727500
va_loss: 0.570987, va_score: 0.700000
te_loss: 0.542390, te_score: 0.730000

time = 3
tr_loss: 0.601083, tr_score: 0.700000
va_loss: 0.603073, va_score: 0.740000
te_loss: 0.657564, te_score: 0.660000

time = 3
tr_loss: 0.553616, tr_score: 0.703750
va_loss: 0.511759, va_score: 0.760000
te_loss: 0.559972, te_score: 0.700000

time = 3
tr_loss: 0.580453, tr_score: 0.701250
va_loss: 0.632193, va_score: 0.650000
te_loss: 0.498370, te_score: 0.780000

time = 3
tr_loss: 0.604206, tr_score: 0.717500
va_loss: 0.697921, va_score: 0.630000
te_loss: 0.619483, te_score: 0.710000

time = 3
tr_loss: 0.569759, tr_score: 0.701250
va_loss: 0.571102, va_score: 0.680000
te_loss: 0.601170, te_score: 0.710000

time = 3
tr_loss: 0.589552, tr_score: 0.701250
va_loss: 0.595918, va_score: 0.690000
te_loss: 0.635394, te_score: 0.670000

time = 3
tr_loss: 0.628273, tr_score: 0.703750
va_loss: 0.714939, va_score: 0.580000
te_loss: 0.629145, te_score: 0.700000

time = 3
tr_loss: 0.606449, tr_score: 0.712500
va_loss: 0.637054, va_score: 0.670000
te_loss: 0.652425, te_score: 0.650000

time = 3
tr_loss: 0.584791, tr_score: 0.696250
va_loss: 0.636597, va_score: 0.620000
te_loss: 0.605434, te_score: 0.690000

======================================================
3  Seed:  [6469. 3301. 7178. 4323. 9525.  454. 7215. 4562. 5178. 3971. 9338. 3960.
 2970. 9630. 2254.  396. 4264. 8949. 7913. 1289.]
tr_loss: 0.585579, tr_score: 0.708688
va_loss: 0.609037, va_score: 0.680000
te_loss: 0.604834, te_score: 0.696500
time = 4
tr_loss: 0.584933, tr_score: 0.698750
va_loss: 0.520581, va_score: 0.780000
te_loss: 0.572629, te_score: 0.710000

time = 4
tr_loss: 0.569865, tr_score: 0.711250
va_loss: 0.510447, va_score: 0.740000
te_loss: 0.611678, te_score: 0.650000

time = 4
tr_loss: 0.600589, tr_score: 0.698750
va_loss: 0.570243, va_score: 0.720000
te_loss: 0.650240, te_score: 0.690000

time = 4
tr_loss: 0.577486, tr_score: 0.710000
va_loss: 0.544011, va_score: 0.780000
te_loss: 0.604537, te_score: 0.690000

time = 4
tr_loss: 0.589996, tr_score: 0.706250
va_loss: 0.640997, va_score: 0.670000
te_loss: 0.585456, te_score: 0.710000

time = 4
tr_loss: 0.574246, tr_score: 0.727500
va_loss: 0.581444, va_score: 0.720000
te_loss: 0.564246, te_score: 0.750000

time = 4
tr_loss: 0.479662, tr_score: 0.773750
va_loss: 0.499131, va_score: 0.720000
te_loss: 0.502100, te_score: 0.760000

time = 4
tr_loss: 0.579368, tr_score: 0.703750
va_loss: 0.647206, va_score: 0.640000
te_loss: 0.537248, te_score: 0.770000

time = 4
tr_loss: 0.589326, tr_score: 0.712500
va_loss: 0.653914, va_score: 0.660000
te_loss: 0.523520, te_score: 0.730000

time = 4
tr_loss: 0.574861, tr_score: 0.730000
va_loss: 0.578730, va_score: 0.730000
te_loss: 0.590809, te_score: 0.730000

time = 4
tr_loss: 0.570676, tr_score: 0.727500
va_loss: 0.646852, va_score: 0.630000
te_loss: 0.595652, te_score: 0.700000

time = 4
tr_loss: 0.555407, tr_score: 0.730000
va_loss: 0.530361, va_score: 0.750000
te_loss: 0.579003, te_score: 0.710000

time = 4
tr_loss: 0.507619, tr_score: 0.773750
va_loss: 0.493783, va_score: 0.750000
te_loss: 0.568935, te_score: 0.690000

time = 4
tr_loss: 0.608096, tr_score: 0.695000
va_loss: 0.525986, va_score: 0.790000
te_loss: 0.554316, te_score: 0.730000

time = 4
tr_loss: 0.600762, tr_score: 0.711250
va_loss: 0.580295, va_score: 0.700000
te_loss: 0.685303, te_score: 0.610000

time = 4
tr_loss: 0.594687, tr_score: 0.693750
va_loss: 0.534929, va_score: 0.770000
te_loss: 0.550687, te_score: 0.720000

time = 4
tr_loss: 0.587428, tr_score: 0.715000
va_loss: 0.532628, va_score: 0.770000
te_loss: 0.602078, te_score: 0.680000

time = 4
tr_loss: 0.547604, tr_score: 0.730000
va_loss: 0.562197, va_score: 0.730000
te_loss: 0.571923, te_score: 0.690000

time = 4
tr_loss: 0.580918, tr_score: 0.711250
va_loss: 0.666293, va_score: 0.640000
te_loss: 0.614821, te_score: 0.700000

time = 4
tr_loss: 0.590605, tr_score: 0.707500
va_loss: 0.600815, va_score: 0.680000
te_loss: 0.566849, te_score: 0.750000

======================================================
4  Seed:  [8744.  130. 2730. 2289. 3436.   91. 5431.  214. 1996. 7906. 4318. 5189.
 9458. 5884. 7590. 9032. 7937. 3024. 1021. 9551.]
tr_loss: 0.573207, tr_score: 0.718375
va_loss: 0.571042, va_score: 0.718500
te_loss: 0.581601, te_score: 0.708500
time = 5
tr_loss: 0.596519, tr_score: 0.717500
va_loss: 0.619837, va_score: 0.670000
te_loss: 0.653269, te_score: 0.690000

time = 5
tr_loss: 0.620856, tr_score: 0.633750
va_loss: 0.618961, va_score: 0.670000
te_loss: 0.587777, te_score: 0.680000

time = 5
tr_loss: 0.528465, tr_score: 0.757500
va_loss: 0.574087, va_score: 0.740000
te_loss: 0.542008, te_score: 0.750000

time = 5
tr_loss: 0.528501, tr_score: 0.725000
va_loss: 0.551229, va_score: 0.710000
te_loss: 0.516379, te_score: 0.790000

time = 5
tr_loss: 0.563670, tr_score: 0.713750
va_loss: 0.601294, va_score: 0.720000
te_loss: 0.523717, te_score: 0.760000

time = 5
tr_loss: 0.602031, tr_score: 0.698750
va_loss: 0.569533, va_score: 0.700000
te_loss: 0.544144, te_score: 0.750000

time = 5
tr_loss: 0.594852, tr_score: 0.710000
va_loss: 0.542421, va_score: 0.760000
te_loss: 0.609480, te_score: 0.680000

time = 5
tr_loss: 0.597776, tr_score: 0.705000
va_loss: 0.616362, va_score: 0.690000
te_loss: 0.576432, te_score: 0.730000

time = 5
tr_loss: 0.596861, tr_score: 0.693750
va_loss: 0.601189, va_score: 0.720000
te_loss: 0.563042, te_score: 0.730000

time = 5
tr_loss: 0.579369, tr_score: 0.697500
va_loss: 0.582347, va_score: 0.720000
te_loss: 0.590424, te_score: 0.720000

time = 5
tr_loss: 0.496954, tr_score: 0.766250
va_loss: 0.577687, va_score: 0.690000
te_loss: 0.509621, te_score: 0.780000

time = 5
tr_loss: 0.580793, tr_score: 0.697500
va_loss: 0.493800, va_score: 0.790000
te_loss: 0.589407, te_score: 0.730000

time = 5
tr_loss: 0.598841, tr_score: 0.698750
va_loss: 0.557579, va_score: 0.740000
te_loss: 0.614758, te_score: 0.700000

time = 5
tr_loss: 0.567628, tr_score: 0.713750
va_loss: 0.553836, va_score: 0.740000
te_loss: 0.664780, te_score: 0.610000

time = 5
tr_loss: 0.576655, tr_score: 0.721250
va_loss: 0.607881, va_score: 0.690000
te_loss: 0.545068, te_score: 0.710000

time = 5
tr_loss: 0.576023, tr_score: 0.732500
va_loss: 0.511750, va_score: 0.760000
te_loss: 0.611906, te_score: 0.710000

time = 5
tr_loss: 0.587678, tr_score: 0.707500
va_loss: 0.648423, va_score: 0.680000
te_loss: 0.559753, te_score: 0.730000

time = 5
tr_loss: 0.610406, tr_score: 0.702500
va_loss: 0.537384, va_score: 0.790000
te_loss: 0.624750, te_score: 0.680000

time = 5
tr_loss: 0.558310, tr_score: 0.716250
va_loss: 0.509333, va_score: 0.760000
te_loss: 0.702425, te_score: 0.580000

time = 5
tr_loss: 0.557344, tr_score: 0.716250
va_loss: 0.658751, va_score: 0.680000
te_loss: 0.575869, te_score: 0.700000

======================================================
5  Seed:  [1237. 6412. 2121. 6405. 4525. 1302. 1340. 7513. 9914. 1173. 2339. 2687.
 5417. 1769. 4522. 4161. 3470. 2003. 6862. 6659.]
tr_loss: 0.575976, tr_score: 0.711250
va_loss: 0.576684, va_score: 0.721000
te_loss: 0.585250, te_score: 0.710500
time = 6
tr_loss: 0.583318, tr_score: 0.723750
va_loss: 0.541951, va_score: 0.780000
te_loss: 0.596372, te_score: 0.710000

time = 6
tr_loss: 0.561569, tr_score: 0.736250
va_loss: 0.637972, va_score: 0.640000
te_loss: 0.608641, te_score: 0.680000

time = 6
tr_loss: 0.581255, tr_score: 0.713750
va_loss: 0.612222, va_score: 0.670000
te_loss: 0.673573, te_score: 0.670000

time = 6
tr_loss: 0.563174, tr_score: 0.742500
va_loss: 0.555014, va_score: 0.720000
te_loss: 0.577765, te_score: 0.690000

time = 6
tr_loss: 0.584308, tr_score: 0.706250
va_loss: 0.588279, va_score: 0.710000
te_loss: 0.533503, te_score: 0.730000

time = 6
tr_loss: 0.561098, tr_score: 0.725000
va_loss: 0.601379, va_score: 0.670000
te_loss: 0.670303, te_score: 0.600000

time = 6
tr_loss: 0.571119, tr_score: 0.711250
va_loss: 0.601644, va_score: 0.670000
te_loss: 0.526285, te_score: 0.750000

time = 6
tr_loss: 0.555771, tr_score: 0.710000
va_loss: 0.616838, va_score: 0.670000
te_loss: 0.546108, te_score: 0.710000

time = 6
tr_loss: 0.615085, tr_score: 0.697500
va_loss: 0.553867, va_score: 0.760000
te_loss: 0.620420, te_score: 0.700000

time = 6
tr_loss: 0.524264, tr_score: 0.746250
va_loss: 0.509680, va_score: 0.760000
te_loss: 0.595225, te_score: 0.690000

time = 6
tr_loss: 0.568310, tr_score: 0.737500
va_loss: 0.611321, va_score: 0.670000
te_loss: 0.645040, te_score: 0.650000

time = 6
tr_loss: 0.572330, tr_score: 0.727500
va_loss: 0.577152, va_score: 0.710000
te_loss: 0.568243, te_score: 0.690000

time = 6
tr_loss: 0.618606, tr_score: 0.696250
va_loss: 0.570736, va_score: 0.750000
te_loss: 0.633510, te_score: 0.680000

time = 6
tr_loss: 0.596303, tr_score: 0.690000
va_loss: 0.611790, va_score: 0.680000
te_loss: 0.548619, te_score: 0.780000

time = 6
tr_loss: 0.585219, tr_score: 0.705000
va_loss: 0.571238, va_score: 0.710000
te_loss: 0.631659, te_score: 0.640000

time = 6
tr_loss: 0.590869, tr_score: 0.712500
va_loss: 0.593840, va_score: 0.700000
te_loss: 0.600791, te_score: 0.700000

time = 6
tr_loss: 0.579600, tr_score: 0.706250
va_loss: 0.566651, va_score: 0.730000
te_loss: 0.582699, te_score: 0.710000

time = 6
tr_loss: 0.601346, tr_score: 0.713750
va_loss: 0.554565, va_score: 0.750000
te_loss: 0.597443, te_score: 0.700000

time = 6
tr_loss: 0.548919, tr_score: 0.720000
va_loss: 0.575517, va_score: 0.700000
te_loss: 0.584975, te_score: 0.700000

time = 6
tr_loss: 0.586278, tr_score: 0.690000
va_loss: 0.636934, va_score: 0.640000
te_loss: 0.574592, te_score: 0.690000

======================================================
6  Seed:  [7694. 6294. 7622. 3529.   96. 7204. 5217. 3436.  887. 8110. 7803. 3805.
 1114. 2222. 9584. 2008. 1959. 4210.  576. 6097.]
tr_loss: 0.577437, tr_score: 0.715562
va_loss: 0.584430, va_score: 0.704500
te_loss: 0.595788, te_score: 0.693500
time = 7
tr_loss: 0.525312, tr_score: 0.737500
va_loss: 0.524333, va_score: 0.730000
te_loss: 0.477449, te_score: 0.820000

time = 7
tr_loss: 0.560211, tr_score: 0.712500
va_loss: 0.513567, va_score: 0.780000
te_loss: 0.574928, te_score: 0.700000

time = 7
tr_loss: 0.518474, tr_score: 0.750000
va_loss: 0.385545, va_score: 0.860000
te_loss: 0.508761, te_score: 0.790000

time = 7
tr_loss: 0.543354, tr_score: 0.733750
va_loss: 0.527167, va_score: 0.740000
te_loss: 0.545867, te_score: 0.730000

time = 7
tr_loss: 0.559977, tr_score: 0.718750
va_loss: 0.536660, va_score: 0.740000
te_loss: 0.553432, te_score: 0.730000

time = 7
tr_loss: 0.612027, tr_score: 0.706250
va_loss: 0.688704, va_score: 0.600000
te_loss: 0.604027, te_score: 0.720000

time = 7
tr_loss: 0.577987, tr_score: 0.711250
va_loss: 0.623393, va_score: 0.660000
te_loss: 0.525344, te_score: 0.780000

time = 7
tr_loss: 0.572281, tr_score: 0.725000
va_loss: 0.588758, va_score: 0.730000
te_loss: 0.583778, te_score: 0.710000

time = 7
tr_loss: 0.582999, tr_score: 0.707500
va_loss: 0.643478, va_score: 0.680000
te_loss: 0.560210, te_score: 0.730000

time = 7
tr_loss: 0.578849, tr_score: 0.705000
va_loss: 0.569407, va_score: 0.730000
te_loss: 0.571652, te_score: 0.740000

time = 7
tr_loss: 0.555501, tr_score: 0.727500
va_loss: 0.580868, va_score: 0.710000
te_loss: 0.594584, te_score: 0.710000

time = 7
tr_loss: 0.606862, tr_score: 0.710000
va_loss: 0.650669, va_score: 0.670000
te_loss: 0.556196, te_score: 0.750000

time = 7
tr_loss: 0.577914, tr_score: 0.741250
va_loss: 0.727675, va_score: 0.580000
te_loss: 0.627861, te_score: 0.660000

time = 7
tr_loss: 0.594172, tr_score: 0.708750
va_loss: 0.580726, va_score: 0.740000
te_loss: 0.611380, te_score: 0.650000

time = 7
tr_loss: 0.542492, tr_score: 0.741250
va_loss: 0.555014, va_score: 0.710000
te_loss: 0.601370, te_score: 0.660000

time = 7
tr_loss: 0.526308, tr_score: 0.735000
va_loss: 0.563889, va_score: 0.690000
te_loss: 0.500002, te_score: 0.770000

time = 7
tr_loss: 0.585045, tr_score: 0.730000
va_loss: 0.566139, va_score: 0.730000
te_loss: 0.674923, te_score: 0.630000

time = 7
tr_loss: 0.561622, tr_score: 0.713750
va_loss: 0.553067, va_score: 0.750000
te_loss: 0.658289, te_score: 0.620000

time = 7
tr_loss: 0.613006, tr_score: 0.691250
va_loss: 0.602122, va_score: 0.720000
te_loss: 0.599890, te_score: 0.730000

time = 7
tr_loss: 0.580902, tr_score: 0.713750
va_loss: 0.527499, va_score: 0.800000
te_loss: 0.575941, te_score: 0.700000

======================================================
7  Seed:  [ 667. 3641. 1333. 4721. 6871. 9519. 4778.  927. 8338.   13. 3683. 6570.
 1422. 3821. 5722.  599. 3527. 1784. 1921. 2070.]
tr_loss: 0.568765, tr_score: 0.721000
va_loss: 0.575434, va_score: 0.717500
te_loss: 0.575294, te_score: 0.716500
time = 8
tr_loss: 0.577994, tr_score: 0.706250
va_loss: 0.629302, va_score: 0.630000
te_loss: 0.509166, te_score: 0.790000

time = 8
tr_loss: 0.616506, tr_score: 0.668750
va_loss: 0.694124, va_score: 0.560000
te_loss: 0.534789, te_score: 0.710000

time = 8
tr_loss: 0.608165, tr_score: 0.701250
va_loss: 0.619564, va_score: 0.680000
te_loss: 0.567224, te_score: 0.730000

time = 8
tr_loss: 0.578834, tr_score: 0.716250
va_loss: 0.586312, va_score: 0.660000
te_loss: 0.581906, te_score: 0.690000

time = 8
tr_loss: 0.579941, tr_score: 0.703750
va_loss: 0.545647, va_score: 0.730000
te_loss: 0.537067, te_score: 0.750000

time = 8
tr_loss: 0.591408, tr_score: 0.716250
va_loss: 0.658532, va_score: 0.650000
te_loss: 0.612336, te_score: 0.690000

time = 8
tr_loss: 0.550273, tr_score: 0.725000
va_loss: 0.539433, va_score: 0.740000
te_loss: 0.609953, te_score: 0.680000

time = 8
tr_loss: 0.603050, tr_score: 0.691250
va_loss: 0.550008, va_score: 0.770000
te_loss: 0.597464, te_score: 0.710000

time = 8
tr_loss: 0.584580, tr_score: 0.712500
va_loss: 0.609923, va_score: 0.690000
te_loss: 0.587862, te_score: 0.750000

time = 8
tr_loss: 0.576499, tr_score: 0.708750
va_loss: 0.643324, va_score: 0.630000
te_loss: 0.592084, te_score: 0.690000

time = 8
tr_loss: 0.617194, tr_score: 0.685000
va_loss: 0.549852, va_score: 0.780000
te_loss: 0.533736, te_score: 0.760000

time = 8
tr_loss: 0.603127, tr_score: 0.686250
va_loss: 0.547985, va_score: 0.720000
te_loss: 0.623320, te_score: 0.690000

time = 8
tr_loss: 0.569943, tr_score: 0.707500
va_loss: 0.610017, va_score: 0.680000
te_loss: 0.588727, te_score: 0.680000

time = 8
tr_loss: 0.652076, tr_score: 0.686250
va_loss: 0.578492, va_score: 0.800000
te_loss: 0.666844, te_score: 0.710000

time = 8
tr_loss: 0.580359, tr_score: 0.707500
va_loss: 0.575697, va_score: 0.700000
te_loss: 0.576492, te_score: 0.710000

time = 8
tr_loss: 0.568822, tr_score: 0.716250
va_loss: 0.554494, va_score: 0.730000
te_loss: 0.680034, te_score: 0.600000

time = 8
tr_loss: 0.582774, tr_score: 0.716250
va_loss: 0.601573, va_score: 0.650000
te_loss: 0.614407, te_score: 0.680000

time = 8
tr_loss: 0.547582, tr_score: 0.728750
va_loss: 0.516289, va_score: 0.760000
te_loss: 0.507067, te_score: 0.780000

time = 8
tr_loss: 0.587931, tr_score: 0.707500
va_loss: 0.654184, va_score: 0.680000
te_loss: 0.606756, te_score: 0.710000

time = 8
tr_loss: 0.527503, tr_score: 0.726250
va_loss: 0.583801, va_score: 0.710000
te_loss: 0.673838, te_score: 0.650000

======================================================
8  Seed:  [4860. 8426. 6918. 8393. 2977. 1581. 7001.  814. 5947. 4477. 3311. 7270.
 5082. 4712. 7103. 6080. 5821. 8708. 4579. 2324.]
tr_loss: 0.585228, tr_score: 0.705875
va_loss: 0.592428, va_score: 0.697500
te_loss: 0.590054, te_score: 0.708000
time = 9
tr_loss: 0.571020, tr_score: 0.700000
va_loss: 0.555418, va_score: 0.710000
te_loss: 0.567863, te_score: 0.690000

time = 9
tr_loss: 0.610493, tr_score: 0.666250
va_loss: 0.665075, va_score: 0.600000
te_loss: 0.599395, te_score: 0.670000

time = 9
tr_loss: 0.561942, tr_score: 0.716250
va_loss: 0.589541, va_score: 0.700000
te_loss: 0.620342, te_score: 0.660000

time = 9
tr_loss: 0.621314, tr_score: 0.695000
va_loss: 0.619319, va_score: 0.740000
te_loss: 0.648777, te_score: 0.680000

time = 9
tr_loss: 0.588809, tr_score: 0.705000
va_loss: 0.562038, va_score: 0.740000
te_loss: 0.657734, te_score: 0.620000

time = 9
tr_loss: 0.583721, tr_score: 0.710000
va_loss: 0.566253, va_score: 0.710000
te_loss: 0.622860, te_score: 0.630000

time = 9
tr_loss: 0.570811, tr_score: 0.730000
va_loss: 0.546530, va_score: 0.760000
te_loss: 0.542574, te_score: 0.730000

time = 9
tr_loss: 0.579666, tr_score: 0.710000
va_loss: 0.584820, va_score: 0.680000
te_loss: 0.598735, te_score: 0.690000

time = 9
tr_loss: 0.584789, tr_score: 0.710000
va_loss: 0.554249, va_score: 0.740000
te_loss: 0.568718, te_score: 0.720000

time = 9
tr_loss: 0.598514, tr_score: 0.706250
va_loss: 0.658620, va_score: 0.670000
te_loss: 0.632925, te_score: 0.690000

time = 9
tr_loss: 0.583189, tr_score: 0.697500
va_loss: 0.587835, va_score: 0.720000
te_loss: 0.591043, te_score: 0.700000

time = 9
tr_loss: 0.598368, tr_score: 0.680000
va_loss: 0.542934, va_score: 0.720000
te_loss: 0.552474, te_score: 0.750000

time = 9
tr_loss: 0.604280, tr_score: 0.702500
va_loss: 0.599217, va_score: 0.710000
te_loss: 0.512670, te_score: 0.770000

time = 9
tr_loss: 0.552569, tr_score: 0.732500
va_loss: 0.560111, va_score: 0.730000
te_loss: 0.526699, te_score: 0.740000

time = 9
tr_loss: 0.523379, tr_score: 0.746250
va_loss: 0.623023, va_score: 0.660000
te_loss: 0.580861, te_score: 0.680000

time = 9
tr_loss: 0.587804, tr_score: 0.706250
va_loss: 0.572842, va_score: 0.720000
te_loss: 0.583971, te_score: 0.720000

time = 9
tr_loss: 0.592419, tr_score: 0.703750
va_loss: 0.631312, va_score: 0.710000
te_loss: 0.598055, te_score: 0.660000

time = 9
tr_loss: 0.515296, tr_score: 0.731250
va_loss: 0.548578, va_score: 0.660000
te_loss: 0.582918, te_score: 0.650000

time = 9
tr_loss: 0.506874, tr_score: 0.745000
va_loss: 0.485855, va_score: 0.750000
te_loss: 0.532698, te_score: 0.710000

time = 9
tr_loss: 0.573715, tr_score: 0.707500
va_loss: 0.548517, va_score: 0.740000
te_loss: 0.568549, te_score: 0.710000

======================================================
9  Seed:  [9948.  542.  232.  666. 5686. 1955. 6679. 1732. 8003. 9621. 2645. 4622.
 2831. 7236. 6932. 8781. 1798. 9886. 2715. 5559.]
tr_loss: 0.575449, tr_score: 0.710062
va_loss: 0.580104, va_score: 0.708500
te_loss: 0.584493, te_score: 0.693500
time = 10
tr_loss: 0.587297, tr_score: 0.712500
va_loss: 0.584878, va_score: 0.720000
te_loss: 0.565891, te_score: 0.720000

time = 10
tr_loss: 0.582764, tr_score: 0.710000
va_loss: 0.596583, va_score: 0.700000
te_loss: 0.531668, te_score: 0.760000

time = 10
tr_loss: 0.598980, tr_score: 0.713750
va_loss: 0.552775, va_score: 0.760000
te_loss: 0.650211, te_score: 0.660000

time = 10
tr_loss: 0.618322, tr_score: 0.698750
va_loss: 0.525425, va_score: 0.780000
te_loss: 0.567253, te_score: 0.750000

time = 10
tr_loss: 0.597760, tr_score: 0.702500
va_loss: 0.595965, va_score: 0.680000
te_loss: 0.562353, te_score: 0.750000

time = 10
tr_loss: 0.611027, tr_score: 0.683750
va_loss: 0.582451, va_score: 0.720000
te_loss: 0.556451, te_score: 0.790000

time = 10
tr_loss: 0.591606, tr_score: 0.687500
va_loss: 0.572835, va_score: 0.750000
te_loss: 0.562952, te_score: 0.740000

time = 10
tr_loss: 0.612054, tr_score: 0.691250
va_loss: 0.484329, va_score: 0.850000
te_loss: 0.593332, te_score: 0.710000

time = 10
tr_loss: 0.562264, tr_score: 0.726250
va_loss: 0.573438, va_score: 0.720000
te_loss: 0.603213, te_score: 0.690000

time = 10
tr_loss: 0.546824, tr_score: 0.730000
va_loss: 0.561023, va_score: 0.700000
te_loss: 0.550863, te_score: 0.760000

time = 10
tr_loss: 0.569888, tr_score: 0.715000
va_loss: 0.575596, va_score: 0.700000
te_loss: 0.524792, te_score: 0.740000

time = 10
tr_loss: 0.621521, tr_score: 0.697500
va_loss: 0.786751, va_score: 0.610000
te_loss: 0.649134, te_score: 0.660000

time = 10
tr_loss: 0.610559, tr_score: 0.706250
va_loss: 0.580466, va_score: 0.750000
te_loss: 0.601811, te_score: 0.740000

time = 10
tr_loss: 0.583744, tr_score: 0.687500
va_loss: 0.528465, va_score: 0.750000
te_loss: 0.514114, te_score: 0.800000

time = 10
tr_loss: 0.568512, tr_score: 0.732500
va_loss: 0.623114, va_score: 0.660000
te_loss: 0.602671, te_score: 0.660000

time = 10
tr_loss: 0.592389, tr_score: 0.695000
va_loss: 0.548357, va_score: 0.780000
te_loss: 0.538208, te_score: 0.760000

time = 10
tr_loss: 0.601066, tr_score: 0.706250
va_loss: 0.548718, va_score: 0.730000
te_loss: 0.585712, te_score: 0.710000

time = 10
tr_loss: 0.547348, tr_score: 0.731250
va_loss: 0.539525, va_score: 0.720000
te_loss: 0.553023, te_score: 0.740000

time = 10
tr_loss: 0.533325, tr_score: 0.742500
va_loss: 0.506215, va_score: 0.790000
te_loss: 0.549318, te_score: 0.720000

time = 10
tr_loss: 0.541232, tr_score: 0.725000
va_loss: 0.651272, va_score: 0.600000
te_loss: 0.534835, te_score: 0.760000

======================================================
10  Seed:  [9217. 8758. 9318. 9902. 9257. 5433. 4194. 5342. 6064. 1182. 7632. 9724.
 4507. 4141. 7028. 4431.  710. 9505. 6403. 3797.]
tr_loss: 0.583924, tr_score: 0.709750
va_loss: 0.575909, va_score: 0.723500
te_loss: 0.569890, te_score: 0.731000
time = 11
tr_loss: 0.582365, tr_score: 0.692500
va_loss: 0.488326, va_score: 0.830000
te_loss: 0.618586, te_score: 0.640000

time = 11
tr_loss: 0.554248, tr_score: 0.718750
va_loss: 0.603676, va_score: 0.670000
te_loss: 0.626880, te_score: 0.670000

time = 11
tr_loss: 0.559848, tr_score: 0.722500
va_loss: 0.594509, va_score: 0.710000
te_loss: 0.545185, te_score: 0.750000

time = 11
tr_loss: 0.600169, tr_score: 0.711250
va_loss: 0.601427, va_score: 0.690000
te_loss: 0.568005, te_score: 0.760000

time = 11
tr_loss: 0.584646, tr_score: 0.722500
va_loss: 0.656105, va_score: 0.660000
te_loss: 0.608201, te_score: 0.670000

time = 11
tr_loss: 0.597864, tr_score: 0.707500
va_loss: 0.612805, va_score: 0.670000
te_loss: 0.566480, te_score: 0.750000

time = 11
tr_loss: 0.547400, tr_score: 0.727500
va_loss: 0.626151, va_score: 0.660000
te_loss: 0.599600, te_score: 0.660000

time = 11
tr_loss: 0.584892, tr_score: 0.701250
va_loss: 0.514402, va_score: 0.780000
te_loss: 0.623921, te_score: 0.670000

time = 11
tr_loss: 0.575829, tr_score: 0.703750
va_loss: 0.607634, va_score: 0.680000
te_loss: 0.592687, te_score: 0.680000

time = 11
tr_loss: 0.584041, tr_score: 0.713750
va_loss: 0.621616, va_score: 0.660000
te_loss: 0.637236, te_score: 0.680000

time = 11
tr_loss: 0.561093, tr_score: 0.728750
va_loss: 0.627010, va_score: 0.700000
te_loss: 0.507856, te_score: 0.770000

time = 11
tr_loss: 0.563756, tr_score: 0.732500
va_loss: 0.622445, va_score: 0.650000
te_loss: 0.690511, te_score: 0.570000

time = 11
tr_loss: 0.582048, tr_score: 0.716250
va_loss: 0.593811, va_score: 0.680000
te_loss: 0.645609, te_score: 0.650000

time = 11
tr_loss: 0.554279, tr_score: 0.726250
va_loss: 0.528035, va_score: 0.750000
te_loss: 0.613732, te_score: 0.640000

time = 11
tr_loss: 0.584851, tr_score: 0.695000
va_loss: 0.553050, va_score: 0.750000
te_loss: 0.600149, te_score: 0.690000

time = 11
tr_loss: 0.607362, tr_score: 0.710000
va_loss: 0.694509, va_score: 0.600000
te_loss: 0.607556, te_score: 0.720000

time = 11
tr_loss: 0.588326, tr_score: 0.702500
va_loss: 0.554614, va_score: 0.720000
te_loss: 0.614342, te_score: 0.700000

time = 11
tr_loss: 0.543492, tr_score: 0.727500
va_loss: 0.506914, va_score: 0.770000
te_loss: 0.602313, te_score: 0.660000

time = 11
tr_loss: 0.567531, tr_score: 0.716250
va_loss: 0.565997, va_score: 0.730000
te_loss: 0.610534, te_score: 0.650000

time = 11
tr_loss: 0.594602, tr_score: 0.707500
va_loss: 0.561817, va_score: 0.760000
te_loss: 0.650018, te_score: 0.680000

======================================================
11  Seed:  [ 276. 7096. 7576. 7225. 8005. 7496. 1258. 6191. 8489. 5152. 4572. 4247.
 5941. 8136.  978. 3169. 6643. 4121. 8439. 9382.]
tr_loss: 0.575932, tr_score: 0.714187
va_loss: 0.586743, va_score: 0.706000
te_loss: 0.606470, te_score: 0.683000
time = 12
tr_loss: 0.617094, tr_score: 0.686250
va_loss: 0.613731, va_score: 0.710000
te_loss: 0.570622, te_score: 0.760000

time = 12
tr_loss: 0.599550, tr_score: 0.707500
va_loss: 0.680384, va_score: 0.650000
te_loss: 0.564500, te_score: 0.770000

time = 12
tr_loss: 0.580506, tr_score: 0.721250
va_loss: 0.616443, va_score: 0.690000
te_loss: 0.654344, te_score: 0.610000

time = 12
tr_loss: 0.624715, tr_score: 0.715000
va_loss: 0.698518, va_score: 0.670000
te_loss: 0.747688, te_score: 0.610000

time = 12
tr_loss: 0.595122, tr_score: 0.710000
va_loss: 0.639332, va_score: 0.640000
te_loss: 0.612155, te_score: 0.680000

time = 12
tr_loss: 0.557140, tr_score: 0.715000
va_loss: 0.581150, va_score: 0.700000
te_loss: 0.597400, te_score: 0.660000

time = 12
tr_loss: 0.592908, tr_score: 0.722500
va_loss: 0.715097, va_score: 0.580000
te_loss: 0.661661, te_score: 0.640000

time = 12
tr_loss: 0.538244, tr_score: 0.716250
va_loss: 0.616126, va_score: 0.650000
te_loss: 0.571034, te_score: 0.670000

time = 12
tr_loss: 0.571934, tr_score: 0.710000
va_loss: 0.587987, va_score: 0.740000
te_loss: 0.591078, te_score: 0.690000

time = 12
tr_loss: 0.580453, tr_score: 0.723750
va_loss: 0.649630, va_score: 0.670000
te_loss: 0.601746, te_score: 0.710000

time = 12
tr_loss: 0.588099, tr_score: 0.706250
va_loss: 0.558008, va_score: 0.720000
te_loss: 0.649069, te_score: 0.630000

time = 12
tr_loss: 0.559790, tr_score: 0.705000
va_loss: 0.545523, va_score: 0.730000
te_loss: 0.610471, te_score: 0.700000

time = 12
tr_loss: 0.571636, tr_score: 0.727500
va_loss: 0.599473, va_score: 0.690000
te_loss: 0.612077, te_score: 0.710000

time = 12
tr_loss: 0.525802, tr_score: 0.752500
va_loss: 0.518629, va_score: 0.770000
te_loss: 0.538937, te_score: 0.740000

time = 12
tr_loss: 0.596132, tr_score: 0.693750
va_loss: 0.556751, va_score: 0.720000
te_loss: 0.601856, te_score: 0.700000

time = 12
tr_loss: 0.605608, tr_score: 0.706250
va_loss: 0.666496, va_score: 0.640000
te_loss: 0.577585, te_score: 0.710000

time = 12
tr_loss: 0.572460, tr_score: 0.696250
va_loss: 0.644665, va_score: 0.650000
te_loss: 0.515442, te_score: 0.770000

time = 12
tr_loss: 0.575439, tr_score: 0.702500
va_loss: 0.581841, va_score: 0.720000
te_loss: 0.550032, te_score: 0.780000

time = 12
tr_loss: 0.558483, tr_score: 0.713750
va_loss: 0.592890, va_score: 0.710000
te_loss: 0.576406, te_score: 0.680000

time = 12
tr_loss: 0.546428, tr_score: 0.730000
va_loss: 0.608023, va_score: 0.680000
te_loss: 0.556124, te_score: 0.720000

======================================================
12  Seed:  [5995. 5359. 4959. 8841. 2084. 6283. 5803. 5547. 5856. 6466. 1029. 9406.
 1119. 6504. 6270.   89. 4601. 8528. 5236. 3309.]
tr_loss: 0.577877, tr_score: 0.713062
va_loss: 0.613535, va_score: 0.686500
te_loss: 0.598011, te_score: 0.697000
time = 13
tr_loss: 0.564599, tr_score: 0.712500
va_loss: 0.607147, va_score: 0.690000
te_loss: 0.581281, te_score: 0.730000

time = 13
tr_loss: 0.570568, tr_score: 0.710000
va_loss: 0.502035, va_score: 0.790000
te_loss: 0.547597, te_score: 0.730000

time = 13
tr_loss: 0.517145, tr_score: 0.770000
va_loss: 0.497555, va_score: 0.740000
te_loss: 0.688876, te_score: 0.580000

time = 13
tr_loss: 0.606574, tr_score: 0.726250
va_loss: 0.654763, va_score: 0.600000
te_loss: 0.571028, te_score: 0.720000

time = 13
tr_loss: 0.561118, tr_score: 0.716250
va_loss: 0.586753, va_score: 0.720000
te_loss: 0.550142, te_score: 0.720000

time = 13
tr_loss: 0.607844, tr_score: 0.692500
va_loss: 0.677904, va_score: 0.660000
te_loss: 0.627761, te_score: 0.670000

time = 13
tr_loss: 0.548437, tr_score: 0.717500
va_loss: 0.576269, va_score: 0.690000
te_loss: 0.567697, te_score: 0.680000

time = 13
tr_loss: 0.559457, tr_score: 0.711250
va_loss: 0.555916, va_score: 0.700000
te_loss: 0.554863, te_score: 0.680000

time = 13
tr_loss: 0.581667, tr_score: 0.707500
va_loss: 0.554495, va_score: 0.730000
te_loss: 0.524767, te_score: 0.780000

time = 13
tr_loss: 0.637074, tr_score: 0.671250
va_loss: 0.681146, va_score: 0.630000
te_loss: 0.629088, te_score: 0.730000

time = 13
tr_loss: 0.536754, tr_score: 0.738750
va_loss: 0.611442, va_score: 0.700000
te_loss: 0.688389, te_score: 0.610000

time = 13
tr_loss: 0.560773, tr_score: 0.702500
va_loss: 0.601858, va_score: 0.700000
te_loss: 0.571122, te_score: 0.680000

time = 13
tr_loss: 0.565012, tr_score: 0.717500
va_loss: 0.599928, va_score: 0.660000
te_loss: 0.493251, te_score: 0.720000

time = 13
tr_loss: 0.568938, tr_score: 0.705000
va_loss: 0.568381, va_score: 0.760000
te_loss: 0.583440, te_score: 0.700000

time = 13
tr_loss: 0.570805, tr_score: 0.705000
va_loss: 0.541069, va_score: 0.760000
te_loss: 0.501144, te_score: 0.780000

time = 13
tr_loss: 0.615579, tr_score: 0.702500
va_loss: 0.610010, va_score: 0.700000
te_loss: 0.623409, te_score: 0.680000

time = 13
tr_loss: 0.548175, tr_score: 0.740000
va_loss: 0.522891, va_score: 0.740000
te_loss: 0.637402, te_score: 0.670000

time = 13
tr_loss: 0.579024, tr_score: 0.698750
va_loss: 0.539189, va_score: 0.710000
te_loss: 0.563185, te_score: 0.740000

time = 13
tr_loss: 0.647562, tr_score: 0.693750
va_loss: 0.533943, va_score: 0.790000
te_loss: 0.741297, te_score: 0.640000

time = 13
tr_loss: 0.654676, tr_score: 0.673750
va_loss: 0.585314, va_score: 0.740000
te_loss: 0.541996, te_score: 0.770000

======================================================
13  Seed:  [3706. 3756. 2533. 6590. 1761. 5957. 4965. 8699. 1302.  214. 1426. 3422.
 9979.   35. 8073. 6183. 7853. 8174. 4923.  725.]
tr_loss: 0.580089, tr_score: 0.710625
va_loss: 0.580400, va_score: 0.710500
te_loss: 0.589387, te_score: 0.700500
time = 14
tr_loss: 0.495131, tr_score: 0.773750
va_loss: 0.528549, va_score: 0.740000
te_loss: 0.538765, te_score: 0.750000

time = 14
tr_loss: 0.571833, tr_score: 0.728750
va_loss: 0.619542, va_score: 0.690000
te_loss: 0.612339, te_score: 0.710000

time = 14
tr_loss: 0.564254, tr_score: 0.700000
va_loss: 0.561611, va_score: 0.720000
te_loss: 0.585529, te_score: 0.690000

time = 14
tr_loss: 0.573962, tr_score: 0.712500
va_loss: 0.601273, va_score: 0.690000
te_loss: 0.565239, te_score: 0.730000

time = 14
tr_loss: 0.543116, tr_score: 0.733750
va_loss: 0.584744, va_score: 0.690000
te_loss: 0.546945, te_score: 0.730000

time = 14
tr_loss: 0.594501, tr_score: 0.706250
va_loss: 0.583087, va_score: 0.730000
te_loss: 0.636912, te_score: 0.640000

time = 14
tr_loss: 0.602409, tr_score: 0.688750
va_loss: 0.498004, va_score: 0.760000
te_loss: 0.733599, te_score: 0.550000

time = 14
tr_loss: 0.610318, tr_score: 0.706250
va_loss: 0.604660, va_score: 0.710000
te_loss: 0.615955, te_score: 0.700000

time = 14
tr_loss: 0.609430, tr_score: 0.701250
va_loss: 0.608161, va_score: 0.700000
te_loss: 0.578166, te_score: 0.720000

time = 14
tr_loss: 0.616792, tr_score: 0.698750
va_loss: 0.544015, va_score: 0.780000
te_loss: 0.713423, te_score: 0.640000

time = 14
tr_loss: 0.581598, tr_score: 0.698750
va_loss: 0.508956, va_score: 0.760000
te_loss: 0.585638, te_score: 0.710000

time = 14
tr_loss: 0.605923, tr_score: 0.695000
va_loss: 0.597523, va_score: 0.710000
te_loss: 0.576132, te_score: 0.730000

time = 14
tr_loss: 0.601392, tr_score: 0.711250
va_loss: 0.543362, va_score: 0.770000
te_loss: 0.612493, te_score: 0.700000

time = 14
tr_loss: 0.570220, tr_score: 0.703750
va_loss: 0.552480, va_score: 0.730000
te_loss: 0.591920, te_score: 0.750000

time = 14
tr_loss: 0.542593, tr_score: 0.713750
va_loss: 0.624060, va_score: 0.660000
te_loss: 0.566468, te_score: 0.710000

time = 14
tr_loss: 0.613619, tr_score: 0.677500
va_loss: 0.550905, va_score: 0.760000
te_loss: 0.625384, te_score: 0.710000

time = 14
tr_loss: 0.583721, tr_score: 0.702500
va_loss: 0.552216, va_score: 0.760000
te_loss: 0.638569, te_score: 0.620000

time = 14
tr_loss: 0.600094, tr_score: 0.703750
va_loss: 0.615916, va_score: 0.690000
te_loss: 0.577550, te_score: 0.730000

time = 14
tr_loss: 0.570252, tr_score: 0.707500
va_loss: 0.597392, va_score: 0.690000
te_loss: 0.587752, te_score: 0.680000

time = 14
tr_loss: 0.607136, tr_score: 0.696250
va_loss: 0.614769, va_score: 0.680000
te_loss: 0.561660, te_score: 0.750000

======================================================
14  Seed:  [6736. 9332. 4026. 8791. 2185. 8095. 4925. 3877. 8332. 6847. 5871. 5004.
 2796. 4961. 1467. 7787. 3868. 5255. 9307. 9073.]
tr_loss: 0.582915, tr_score: 0.708000
va_loss: 0.574561, va_score: 0.721000
te_loss: 0.602522, te_score: 0.697500
time = 15
tr_loss: 0.564432, tr_score: 0.716250
va_loss: 0.539546, va_score: 0.720000
te_loss: 0.597717, te_score: 0.670000

time = 15
tr_loss: 0.591297, tr_score: 0.708750
va_loss: 0.551610, va_score: 0.730000
te_loss: 0.539191, te_score: 0.770000

time = 15
tr_loss: 0.570420, tr_score: 0.715000
va_loss: 0.596214, va_score: 0.700000
te_loss: 0.651500, te_score: 0.670000

time = 15
tr_loss: 0.550420, tr_score: 0.725000
va_loss: 0.466990, va_score: 0.810000
te_loss: 0.557183, te_score: 0.720000

time = 15
tr_loss: 0.521087, tr_score: 0.745000
va_loss: 0.506604, va_score: 0.760000
te_loss: 0.524382, te_score: 0.700000

time = 15
tr_loss: 0.606131, tr_score: 0.716250
va_loss: 0.631692, va_score: 0.680000
te_loss: 0.622163, te_score: 0.680000

time = 15
tr_loss: 0.591337, tr_score: 0.698750
va_loss: 0.631799, va_score: 0.730000
te_loss: 0.581104, te_score: 0.680000

time = 15
tr_loss: 0.592390, tr_score: 0.715000
va_loss: 0.594470, va_score: 0.720000
te_loss: 0.591271, te_score: 0.720000

time = 15
tr_loss: 0.587582, tr_score: 0.708750
va_loss: 0.558959, va_score: 0.750000
te_loss: 0.539715, te_score: 0.750000

time = 15
tr_loss: 0.626433, tr_score: 0.711250
va_loss: 0.640922, va_score: 0.650000
te_loss: 0.592409, te_score: 0.710000

time = 15
tr_loss: 0.546191, tr_score: 0.740000
va_loss: 0.538109, va_score: 0.710000
te_loss: 0.545630, te_score: 0.780000

time = 15
tr_loss: 0.550973, tr_score: 0.732500
va_loss: 0.611429, va_score: 0.670000
te_loss: 0.597633, te_score: 0.680000

time = 15
tr_loss: 0.580450, tr_score: 0.717500
va_loss: 0.568762, va_score: 0.750000
te_loss: 0.657024, te_score: 0.650000

time = 15
tr_loss: 0.571953, tr_score: 0.706250
va_loss: 0.633307, va_score: 0.660000
te_loss: 0.529278, te_score: 0.790000

time = 15
tr_loss: 0.567826, tr_score: 0.706250
va_loss: 0.578747, va_score: 0.720000
te_loss: 0.606479, te_score: 0.730000

time = 15
tr_loss: 0.549685, tr_score: 0.718750
va_loss: 0.635936, va_score: 0.680000
te_loss: 0.581296, te_score: 0.670000

time = 15
tr_loss: 0.611333, tr_score: 0.695000
va_loss: 0.556292, va_score: 0.760000
te_loss: 0.636016, te_score: 0.670000

time = 15
tr_loss: 0.578674, tr_score: 0.721250
va_loss: 0.613107, va_score: 0.680000
te_loss: 0.650439, te_score: 0.640000

time = 15
tr_loss: 0.578450, tr_score: 0.688750
va_loss: 0.549583, va_score: 0.750000
te_loss: 0.580847, te_score: 0.710000

time = 15
tr_loss: 0.605468, tr_score: 0.717500
va_loss: 0.586170, va_score: 0.710000
te_loss: 0.559356, te_score: 0.730000

======================================================
15  Seed:  [ 879. 4612.  287.  491. 3659. 8251. 7507. 1140. 3507. 4318. 9716. 8900.
 3870. 2555. 7340. 8792.  757. 6674. 3143.  691.]
tr_loss: 0.577127, tr_score: 0.715187
va_loss: 0.579512, va_score: 0.717000
te_loss: 0.587032, te_score: 0.706000
time = 16
tr_loss: 0.595757, tr_score: 0.697500
va_loss: 0.579137, va_score: 0.740000
te_loss: 0.610578, te_score: 0.690000

time = 16
tr_loss: 0.579433, tr_score: 0.708750
va_loss: 0.605680, va_score: 0.680000
te_loss: 0.613407, te_score: 0.660000

time = 16
tr_loss: 0.600593, tr_score: 0.713750
va_loss: 0.594365, va_score: 0.760000
te_loss: 0.618346, te_score: 0.700000

time = 16
tr_loss: 0.555996, tr_score: 0.717500
va_loss: 0.570218, va_score: 0.710000
te_loss: 0.547255, te_score: 0.750000

time = 16
tr_loss: 0.575413, tr_score: 0.731250
va_loss: 0.565230, va_score: 0.750000
te_loss: 0.602985, te_score: 0.730000

time = 16
tr_loss: 0.588360, tr_score: 0.702500
va_loss: 0.612867, va_score: 0.700000
te_loss: 0.635915, te_score: 0.670000

time = 16
tr_loss: 0.584507, tr_score: 0.702500
va_loss: 0.652663, va_score: 0.670000
te_loss: 0.559438, te_score: 0.750000

time = 16
tr_loss: 0.577126, tr_score: 0.711250
va_loss: 0.641344, va_score: 0.650000
te_loss: 0.611323, te_score: 0.670000

time = 16
tr_loss: 0.584931, tr_score: 0.700000
va_loss: 0.551452, va_score: 0.730000
te_loss: 0.558261, te_score: 0.760000

time = 16
tr_loss: 0.569812, tr_score: 0.708750
va_loss: 0.633822, va_score: 0.660000
te_loss: 0.627161, te_score: 0.670000

time = 16
tr_loss: 0.577096, tr_score: 0.711250
va_loss: 0.601477, va_score: 0.720000
te_loss: 0.589817, te_score: 0.680000

time = 16
tr_loss: 0.567276, tr_score: 0.738750
va_loss: 0.608059, va_score: 0.700000
te_loss: 0.603942, te_score: 0.710000

time = 16
tr_loss: 0.578509, tr_score: 0.731250
va_loss: 0.657958, va_score: 0.670000
te_loss: 0.622282, te_score: 0.710000

time = 16
tr_loss: 0.601022, tr_score: 0.692500
va_loss: 0.541353, va_score: 0.770000
te_loss: 0.528186, te_score: 0.780000

time = 16
tr_loss: 0.578102, tr_score: 0.706250
va_loss: 0.519273, va_score: 0.770000
te_loss: 0.532096, te_score: 0.760000

time = 16
tr_loss: 0.570022, tr_score: 0.707500
va_loss: 0.650997, va_score: 0.650000
te_loss: 0.578903, te_score: 0.740000

time = 16
tr_loss: 0.571865, tr_score: 0.723750
va_loss: 0.541042, va_score: 0.720000
te_loss: 0.584790, te_score: 0.690000

time = 16
tr_loss: 0.562952, tr_score: 0.726250
va_loss: 0.620340, va_score: 0.690000
te_loss: 0.578359, te_score: 0.700000

time = 16
tr_loss: 0.610596, tr_score: 0.702500
va_loss: 0.531368, va_score: 0.810000
te_loss: 0.653402, te_score: 0.660000

time = 16
tr_loss: 0.612724, tr_score: 0.695000
va_loss: 0.670273, va_score: 0.650000
te_loss: 0.564676, te_score: 0.760000

======================================================
16  Seed:  [9082. 6878.  978. 6918.   35. 3547.  812. 1562. 5243. 8191. 5330. 4602.
 2929. 4830.  303. 9956. 3156. 7475. 4637.  734.]
tr_loss: 0.582105, tr_score: 0.711438
va_loss: 0.597446, va_score: 0.710000
te_loss: 0.591056, te_score: 0.712000
time = 17
tr_loss: 0.584553, tr_score: 0.700000
va_loss: 0.566276, va_score: 0.730000
te_loss: 0.551557, te_score: 0.680000

time = 17
tr_loss: 0.600112, tr_score: 0.711250
va_loss: 0.676742, va_score: 0.640000
te_loss: 0.682356, te_score: 0.660000

time = 17
tr_loss: 0.620501, tr_score: 0.708750
va_loss: 0.654888, va_score: 0.670000
te_loss: 0.664600, te_score: 0.660000

time = 17
tr_loss: 0.574702, tr_score: 0.732500
va_loss: 0.637163, va_score: 0.650000
te_loss: 0.581446, te_score: 0.700000

time = 17
tr_loss: 0.582587, tr_score: 0.697500
va_loss: 0.554198, va_score: 0.750000
te_loss: 0.573464, te_score: 0.690000

time = 17
tr_loss: 0.568037, tr_score: 0.711250
va_loss: 0.581912, va_score: 0.690000
te_loss: 0.629318, te_score: 0.670000

time = 17
tr_loss: 0.603607, tr_score: 0.733750
va_loss: 0.673670, va_score: 0.620000
te_loss: 0.652240, te_score: 0.670000

time = 17
tr_loss: 0.531908, tr_score: 0.737500
va_loss: 0.601258, va_score: 0.730000
te_loss: 0.668260, te_score: 0.650000

time = 17
tr_loss: 0.581884, tr_score: 0.698750
va_loss: 0.598740, va_score: 0.690000
te_loss: 0.543466, te_score: 0.750000

time = 17
tr_loss: 0.582367, tr_score: 0.721250
va_loss: 0.610092, va_score: 0.710000
te_loss: 0.648707, te_score: 0.660000

time = 17
tr_loss: 0.571636, tr_score: 0.710000
va_loss: 0.632626, va_score: 0.680000
te_loss: 0.602876, te_score: 0.690000

time = 17
tr_loss: 0.636466, tr_score: 0.705000
va_loss: 0.636320, va_score: 0.680000
te_loss: 0.680047, te_score: 0.680000

time = 17
tr_loss: 0.531557, tr_score: 0.740000
va_loss: 0.566931, va_score: 0.730000
te_loss: 0.480751, te_score: 0.750000

time = 17
tr_loss: 0.565063, tr_score: 0.721250
va_loss: 0.516638, va_score: 0.750000
te_loss: 0.556574, te_score: 0.780000

time = 17
tr_loss: 0.580957, tr_score: 0.706250
va_loss: 0.664064, va_score: 0.650000
te_loss: 0.650823, te_score: 0.650000

time = 17
tr_loss: 0.579601, tr_score: 0.712500
va_loss: 0.522625, va_score: 0.750000
te_loss: 0.573350, te_score: 0.720000

time = 17
tr_loss: 0.572464, tr_score: 0.713750
va_loss: 0.671359, va_score: 0.610000
te_loss: 0.576179, te_score: 0.710000

time = 17
tr_loss: 0.558774, tr_score: 0.718750
va_loss: 0.534141, va_score: 0.710000
te_loss: 0.511625, te_score: 0.750000

time = 17
tr_loss: 0.609839, tr_score: 0.700000
va_loss: 0.583433, va_score: 0.730000
te_loss: 0.622261, te_score: 0.670000

time = 17
tr_loss: 0.569777, tr_score: 0.718750
va_loss: 0.570080, va_score: 0.700000
te_loss: 0.602580, te_score: 0.670000

======================================================
17  Seed:  [9997. 6891. 7283.  296. 4194.  627. 9187. 9699.  412. 3964. 5059. 1882.
 6859. 7098. 9012. 6459. 3018. 8410. 9321. 1260.]
tr_loss: 0.580319, tr_score: 0.714937
va_loss: 0.602658, va_score: 0.693500
te_loss: 0.602624, te_score: 0.693000
time = 18
tr_loss: 0.591292, tr_score: 0.693750
va_loss: 0.613095, va_score: 0.670000
te_loss: 0.591164, te_score: 0.720000

time = 18
tr_loss: 0.532562, tr_score: 0.707500
va_loss: 0.511031, va_score: 0.740000
te_loss: 0.505958, te_score: 0.720000

time = 18
tr_loss: 0.491124, tr_score: 0.771250
va_loss: 0.466327, va_score: 0.810000
te_loss: 0.567847, te_score: 0.670000

time = 18
tr_loss: 0.551847, tr_score: 0.711250
va_loss: 0.559672, va_score: 0.710000
te_loss: 0.551894, te_score: 0.710000

time = 18
tr_loss: 0.636132, tr_score: 0.691250
va_loss: 0.590243, va_score: 0.710000
te_loss: 0.574713, te_score: 0.770000

time = 18
tr_loss: 0.518685, tr_score: 0.746250
va_loss: 0.509661, va_score: 0.800000
te_loss: 0.503749, te_score: 0.760000

time = 18
tr_loss: 0.594414, tr_score: 0.700000
va_loss: 0.669178, va_score: 0.610000
te_loss: 0.534361, te_score: 0.740000

time = 18
tr_loss: 0.573688, tr_score: 0.723750
va_loss: 0.595466, va_score: 0.710000
te_loss: 0.724154, te_score: 0.610000

time = 18
tr_loss: 0.614084, tr_score: 0.693750
va_loss: 0.573038, va_score: 0.730000
te_loss: 0.584203, te_score: 0.710000

time = 18
tr_loss: 0.571101, tr_score: 0.717500
va_loss: 0.557313, va_score: 0.740000
te_loss: 0.601711, te_score: 0.700000

time = 18
tr_loss: 0.604698, tr_score: 0.715000
va_loss: 0.686475, va_score: 0.620000
te_loss: 0.569051, te_score: 0.780000

time = 18
tr_loss: 0.574731, tr_score: 0.702500
va_loss: 0.620637, va_score: 0.660000
te_loss: 0.588265, te_score: 0.710000

time = 18
tr_loss: 0.571799, tr_score: 0.723750
va_loss: 0.610247, va_score: 0.710000
te_loss: 0.610654, te_score: 0.680000

time = 18
tr_loss: 0.587171, tr_score: 0.708750
va_loss: 0.574318, va_score: 0.730000
te_loss: 0.578956, te_score: 0.760000

time = 18
tr_loss: 0.586299, tr_score: 0.700000
va_loss: 0.551503, va_score: 0.740000
te_loss: 0.522375, te_score: 0.750000

time = 18
tr_loss: 0.640412, tr_score: 0.681250
va_loss: 0.559173, va_score: 0.760000
te_loss: 0.537017, te_score: 0.730000

time = 18
tr_loss: 0.532678, tr_score: 0.726250
va_loss: 0.577127, va_score: 0.730000
te_loss: 0.479579, te_score: 0.800000

time = 18
tr_loss: 0.551602, tr_score: 0.712500
va_loss: 0.528228, va_score: 0.720000
te_loss: 0.604190, te_score: 0.670000

time = 18
tr_loss: 0.557876, tr_score: 0.723750
va_loss: 0.540336, va_score: 0.750000
te_loss: 0.625033, te_score: 0.650000

time = 18
tr_loss: 0.561190, tr_score: 0.716250
va_loss: 0.496714, va_score: 0.750000
te_loss: 0.633189, te_score: 0.700000

======================================================
18  Seed:  [ 873. 4207. 9606. 9170. 6333. 9407. 8590.  438. 6112. 2282. 5826. 4132.
 5788. 3773.  899. 1544. 7119. 3120. 1138. 3253.]
tr_loss: 0.572169, tr_score: 0.713313
va_loss: 0.569489, va_score: 0.720000
te_loss: 0.574403, te_score: 0.717000
time = 19
tr_loss: 0.597753, tr_score: 0.710000
va_loss: 0.647974, va_score: 0.660000
te_loss: 0.669765, te_score: 0.650000

time = 19
tr_loss: 0.575647, tr_score: 0.726250
va_loss: 0.587316, va_score: 0.730000
te_loss: 0.671590, te_score: 0.620000

time = 19
tr_loss: 0.589710, tr_score: 0.713750
va_loss: 0.533943, va_score: 0.770000
te_loss: 0.640635, te_score: 0.660000

time = 19
tr_loss: 0.591267, tr_score: 0.703750
va_loss: 0.614475, va_score: 0.670000
te_loss: 0.590038, te_score: 0.710000

time = 19
tr_loss: 0.595691, tr_score: 0.712500
va_loss: 0.610138, va_score: 0.690000
te_loss: 0.546613, te_score: 0.760000

time = 19
tr_loss: 0.553443, tr_score: 0.727500
va_loss: 0.571102, va_score: 0.740000
te_loss: 0.601134, te_score: 0.710000

time = 19
tr_loss: 0.591375, tr_score: 0.703750
va_loss: 0.520903, va_score: 0.780000
te_loss: 0.589817, te_score: 0.700000

time = 19
tr_loss: 0.541285, tr_score: 0.735000
va_loss: 0.598284, va_score: 0.710000
te_loss: 0.600054, te_score: 0.680000

time = 19
tr_loss: 0.605540, tr_score: 0.696250
va_loss: 0.600469, va_score: 0.690000
te_loss: 0.546906, te_score: 0.740000

time = 19
tr_loss: 0.565346, tr_score: 0.725000
va_loss: 0.612729, va_score: 0.650000
te_loss: 0.624538, te_score: 0.680000

time = 19
tr_loss: 0.537131, tr_score: 0.751250
va_loss: 0.570364, va_score: 0.660000
te_loss: 0.528977, te_score: 0.730000

time = 19
tr_loss: 0.572190, tr_score: 0.708750
va_loss: 0.606759, va_score: 0.700000
te_loss: 0.585568, te_score: 0.690000

time = 19
tr_loss: 0.565893, tr_score: 0.710000
va_loss: 0.628167, va_score: 0.680000
te_loss: 0.638959, te_score: 0.660000

time = 19
tr_loss: 0.563554, tr_score: 0.721250
va_loss: 0.548222, va_score: 0.730000
te_loss: 0.558356, te_score: 0.710000

time = 19
tr_loss: 0.586380, tr_score: 0.711250
va_loss: 0.617143, va_score: 0.690000
te_loss: 0.575606, te_score: 0.740000

time = 19
tr_loss: 0.540225, tr_score: 0.730000
va_loss: 0.488841, va_score: 0.780000
te_loss: 0.512900, te_score: 0.770000

time = 19
tr_loss: 0.551883, tr_score: 0.721250
va_loss: 0.576376, va_score: 0.700000
te_loss: 0.579239, te_score: 0.700000

time = 19
tr_loss: 0.576858, tr_score: 0.721250
va_loss: 0.595252, va_score: 0.710000
te_loss: 0.515202, te_score: 0.740000

time = 19
tr_loss: 0.603359, tr_score: 0.702500
va_loss: 0.583453, va_score: 0.730000
te_loss: 0.566066, te_score: 0.700000

time = 19
tr_loss: 0.569279, tr_score: 0.710000
va_loss: 0.619155, va_score: 0.670000
te_loss: 0.546984, te_score: 0.770000

======================================================
19  Seed:  [3709. 6253. 7969. 4492. 4878.  212. 2129. 7387.  610. 9877. 6936. 8416.
 1824. 6324. 9841. 5493. 7619. 7977.  518. 1963.]
tr_loss: 0.573690, tr_score: 0.717062
va_loss: 0.586553, va_score: 0.707000
te_loss: 0.584447, te_score: 0.706000
time = 20
tr_loss: 0.579430, tr_score: 0.706250
va_loss: 0.580760, va_score: 0.680000
te_loss: 0.589539, te_score: 0.680000

time = 20
tr_loss: 0.634539, tr_score: 0.686250
va_loss: 0.579681, va_score: 0.750000
te_loss: 0.626714, te_score: 0.710000

time = 20
tr_loss: 0.585845, tr_score: 0.712500
va_loss: 0.592572, va_score: 0.740000
te_loss: 0.658887, te_score: 0.690000

time = 20
tr_loss: 0.615465, tr_score: 0.662500
va_loss: 0.657737, va_score: 0.650000
te_loss: 0.550531, te_score: 0.770000

time = 20
tr_loss: 0.584814, tr_score: 0.707500
va_loss: 0.604847, va_score: 0.670000
te_loss: 0.563411, te_score: 0.710000

time = 20
tr_loss: 0.568642, tr_score: 0.720000
va_loss: 0.534970, va_score: 0.750000
te_loss: 0.566785, te_score: 0.700000

time = 20
tr_loss: 0.589780, tr_score: 0.697500
va_loss: 0.559822, va_score: 0.760000
te_loss: 0.584432, te_score: 0.750000

time = 20
tr_loss: 0.516189, tr_score: 0.767500
va_loss: 0.594185, va_score: 0.680000
te_loss: 0.520328, te_score: 0.730000

time = 20
tr_loss: 0.529018, tr_score: 0.725000
va_loss: 0.563086, va_score: 0.730000
te_loss: 0.498402, te_score: 0.770000

time = 20
tr_loss: 0.598770, tr_score: 0.712500
va_loss: 0.543839, va_score: 0.790000
te_loss: 0.574077, te_score: 0.720000

time = 20
tr_loss: 0.585079, tr_score: 0.697500
va_loss: 0.599548, va_score: 0.690000
te_loss: 0.570652, te_score: 0.730000

time = 20
tr_loss: 0.568378, tr_score: 0.707500
va_loss: 0.584130, va_score: 0.720000
te_loss: 0.536810, te_score: 0.770000

time = 20
tr_loss: 0.611510, tr_score: 0.696250
va_loss: 0.587901, va_score: 0.740000
te_loss: 0.627274, te_score: 0.690000

time = 20
tr_loss: 0.589758, tr_score: 0.705000
va_loss: 0.631756, va_score: 0.690000
te_loss: 0.578819, te_score: 0.740000

time = 20
tr_loss: 0.585258, tr_score: 0.706250
va_loss: 0.574787, va_score: 0.750000
te_loss: 0.629100, te_score: 0.680000

time = 20
tr_loss: 0.569614, tr_score: 0.712500
va_loss: 0.666339, va_score: 0.620000
te_loss: 0.585780, te_score: 0.680000

time = 20
tr_loss: 0.589743, tr_score: 0.700000
va_loss: 0.567003, va_score: 0.700000
te_loss: 0.545806, te_score: 0.730000

time = 20
tr_loss: 0.586548, tr_score: 0.695000
va_loss: 0.609836, va_score: 0.680000
te_loss: 0.601113, te_score: 0.720000

time = 20
tr_loss: 0.589484, tr_score: 0.692500
va_loss: 0.547346, va_score: 0.740000
te_loss: 0.578079, te_score: 0.710000

time = 20
tr_loss: 0.574582, tr_score: 0.710000
va_loss: 0.597495, va_score: 0.680000
te_loss: 0.603978, te_score: 0.680000

======================================================
20  Seed:  [8890. 5137. 6638. 5364. 3035. 4210. 5798. 9783. 7946.  146. 8127. 1556.
 1338. 7812. 5900. 6230. 6141. 6234. 5455. 7649.]
tr_loss: 0.582622, tr_score: 0.706000
va_loss: 0.588882, va_score: 0.710500
te_loss: 0.579526, te_score: 0.718000


mid seed:  [3709. 6253. 7969. 4492. 4878.  212. 2129. 7387.  610. 9877. 6936. 8416.
 1824. 6324. 9841. 5493. 7619. 7977.  518. 1963.]
mid test scores 0.706
