time = 0
tr_loss: 0.579467, tr_score: 0.710000
va_loss: 0.603828, va_score: 0.680000
te_loss: 0.551711, te_score: 0.730000

time = 0
tr_loss: 0.566885, tr_score: 0.726250
va_loss: 0.632833, va_score: 0.670000
te_loss: 0.675698, te_score: 0.620000

time = 0
tr_loss: 0.554916, tr_score: 0.723750
va_loss: 0.615094, va_score: 0.690000
te_loss: 0.640696, te_score: 0.650000

time = 0
tr_loss: 0.574275, tr_score: 0.708750
va_loss: 0.578208, va_score: 0.710000
te_loss: 0.555264, te_score: 0.740000

time = 0
tr_loss: 0.594317, tr_score: 0.692500
va_loss: 0.589481, va_score: 0.680000
te_loss: 0.550706, te_score: 0.780000

time = 0
tr_loss: 0.603233, tr_score: 0.723750
va_loss: 0.650562, va_score: 0.650000
te_loss: 0.655335, te_score: 0.640000

time = 0
tr_loss: 0.623700, tr_score: 0.666250
va_loss: 0.613188, va_score: 0.670000
te_loss: 0.576291, te_score: 0.680000

time = 0
tr_loss: 0.576783, tr_score: 0.691250
va_loss: 0.573195, va_score: 0.780000
te_loss: 0.604803, te_score: 0.680000

time = 0
tr_loss: 0.552846, tr_score: 0.707500
va_loss: 0.481860, va_score: 0.750000
te_loss: 0.553339, te_score: 0.700000

time = 0
tr_loss: 0.545084, tr_score: 0.722500
va_loss: 0.538610, va_score: 0.680000
te_loss: 0.499454, te_score: 0.810000

time = 0
tr_loss: 0.610372, tr_score: 0.702500
va_loss: 0.564270, va_score: 0.780000
te_loss: 0.680668, te_score: 0.620000

time = 0
tr_loss: 0.554571, tr_score: 0.716250
va_loss: 0.566322, va_score: 0.710000
te_loss: 0.727470, te_score: 0.560000

time = 0
tr_loss: 0.531065, tr_score: 0.742500
va_loss: 0.548750, va_score: 0.750000
te_loss: 0.616085, te_score: 0.650000

time = 0
tr_loss: 0.645712, tr_score: 0.693750
va_loss: 0.698053, va_score: 0.680000
te_loss: 0.722378, te_score: 0.630000

time = 0
tr_loss: 0.604921, tr_score: 0.662500
va_loss: 0.651888, va_score: 0.620000
te_loss: 0.588610, te_score: 0.670000

time = 0
tr_loss: 0.564563, tr_score: 0.702500
va_loss: 0.608986, va_score: 0.690000
te_loss: 0.594668, te_score: 0.710000

time = 0
tr_loss: 0.602155, tr_score: 0.713750
va_loss: 0.632313, va_score: 0.690000
te_loss: 0.591163, te_score: 0.740000

time = 0
tr_loss: 0.571022, tr_score: 0.717500
va_loss: 0.619384, va_score: 0.650000
te_loss: 0.615235, te_score: 0.660000

time = 0
tr_loss: 0.580630, tr_score: 0.725000
va_loss: 0.608855, va_score: 0.700000
te_loss: 0.681894, te_score: 0.630000

time = 0
tr_loss: 0.604960, tr_score: 0.711250
va_loss: 0.526943, va_score: 0.790000
te_loss: 0.655822, te_score: 0.660000

======================================================
0  Seed:  [ 140. 2411. 2238. 5068. 2300. 9812. 6334. 4380. 4021. 8554. 2226. 8534.
 4715. 7921. 4457. 6212.  255.  495. 8301.  932.]
tr_loss: 0.582074, tr_score: 0.708000
va_loss: 0.595131, va_score: 0.701000
te_loss: 0.616864, te_score: 0.678000
time = 1
tr_loss: 0.594690, tr_score: 0.710000
va_loss: 0.671484, va_score: 0.610000
te_loss: 0.619661, te_score: 0.690000

time = 1
tr_loss: 0.590109, tr_score: 0.701250
va_loss: 0.637631, va_score: 0.630000
te_loss: 0.570624, te_score: 0.720000

time = 1
tr_loss: 0.587798, tr_score: 0.716250
va_loss: 0.590904, va_score: 0.710000
te_loss: 0.529291, te_score: 0.750000

time = 1
tr_loss: 0.533743, tr_score: 0.743750
va_loss: 0.523406, va_score: 0.740000
te_loss: 0.611958, te_score: 0.700000

time = 1
tr_loss: 0.588269, tr_score: 0.705000
va_loss: 0.627856, va_score: 0.660000
te_loss: 0.573944, te_score: 0.730000

time = 1
tr_loss: 0.531734, tr_score: 0.726250
va_loss: 0.519907, va_score: 0.750000
te_loss: 0.530959, te_score: 0.730000

time = 1
tr_loss: 0.585449, tr_score: 0.710000
va_loss: 0.573708, va_score: 0.730000
te_loss: 0.601170, te_score: 0.680000

time = 1
tr_loss: 0.585442, tr_score: 0.712500
va_loss: 0.570816, va_score: 0.750000
te_loss: 0.553330, te_score: 0.730000

time = 1
tr_loss: 0.619403, tr_score: 0.705000
va_loss: 0.671417, va_score: 0.660000
te_loss: 0.591858, te_score: 0.730000

time = 1
tr_loss: 0.529266, tr_score: 0.741250
va_loss: 0.548862, va_score: 0.780000
te_loss: 0.580289, te_score: 0.680000

time = 1
tr_loss: 0.572794, tr_score: 0.703750
va_loss: 0.600876, va_score: 0.670000
te_loss: 0.485040, te_score: 0.780000

time = 1
tr_loss: 0.582675, tr_score: 0.701250
va_loss: 0.588820, va_score: 0.720000
te_loss: 0.563295, te_score: 0.720000

time = 1
tr_loss: 0.596359, tr_score: 0.702500
va_loss: 0.524261, va_score: 0.820000
te_loss: 0.630782, te_score: 0.640000

time = 1
tr_loss: 0.602157, tr_score: 0.690000
va_loss: 0.590677, va_score: 0.670000
te_loss: 0.558255, te_score: 0.720000

time = 1
tr_loss: 0.597081, tr_score: 0.691250
va_loss: 0.660265, va_score: 0.630000
te_loss: 0.667975, te_score: 0.590000

time = 1
tr_loss: 0.591368, tr_score: 0.662500
va_loss: 0.631584, va_score: 0.630000
te_loss: 0.605204, te_score: 0.660000

time = 1
tr_loss: 0.607527, tr_score: 0.687500
va_loss: 0.582664, va_score: 0.730000
te_loss: 0.610739, te_score: 0.660000

time = 1
tr_loss: 0.605584, tr_score: 0.701250
va_loss: 0.690837, va_score: 0.630000
te_loss: 0.632558, te_score: 0.700000

time = 1
tr_loss: 0.590517, tr_score: 0.706250
va_loss: 0.556967, va_score: 0.770000
te_loss: 0.638604, te_score: 0.680000

time = 1
tr_loss: 0.614531, tr_score: 0.681250
va_loss: 0.565244, va_score: 0.750000
te_loss: 0.546268, te_score: 0.790000

======================================================
1  Seed:  [8640.  888. 4066.  552. 1437. 6591. 8969.  824. 8811.  938.  550. 9822.
 6241. 3057. 1352. 8361. 5326. 3377. 2314. 8889.]
tr_loss: 0.585325, tr_score: 0.704937
va_loss: 0.596409, va_score: 0.702000
te_loss: 0.585090, te_score: 0.704000
time = 2
tr_loss: 0.579117, tr_score: 0.713750
va_loss: 0.583296, va_score: 0.720000
te_loss: 0.639599, te_score: 0.670000

time = 2
tr_loss: 0.537601, tr_score: 0.732500
va_loss: 0.474372, va_score: 0.800000
te_loss: 0.576332, te_score: 0.670000

time = 2
tr_loss: 0.584454, tr_score: 0.708750
va_loss: 0.555227, va_score: 0.770000
te_loss: 0.575865, te_score: 0.720000

time = 2
tr_loss: 0.575268, tr_score: 0.710000
va_loss: 0.631148, va_score: 0.690000
te_loss: 0.589104, te_score: 0.730000

time = 2
tr_loss: 0.573637, tr_score: 0.708750
va_loss: 0.588015, va_score: 0.700000
te_loss: 0.460412, te_score: 0.810000

time = 2
tr_loss: 0.548125, tr_score: 0.735000
va_loss: 0.593259, va_score: 0.670000
te_loss: 0.659712, te_score: 0.620000

time = 2
tr_loss: 0.546288, tr_score: 0.742500
va_loss: 0.679832, va_score: 0.640000
te_loss: 0.556783, te_score: 0.710000

time = 2
tr_loss: 0.606090, tr_score: 0.685000
va_loss: 0.554818, va_score: 0.750000
te_loss: 0.592418, te_score: 0.680000

time = 2
tr_loss: 0.564411, tr_score: 0.740000
va_loss: 0.513135, va_score: 0.730000
te_loss: 0.609747, te_score: 0.700000

time = 2
tr_loss: 0.584000, tr_score: 0.697500
va_loss: 0.556081, va_score: 0.760000
te_loss: 0.563554, te_score: 0.730000

time = 2
tr_loss: 0.601134, tr_score: 0.688750
va_loss: 0.597781, va_score: 0.710000
te_loss: 0.667244, te_score: 0.620000

time = 2
tr_loss: 0.646822, tr_score: 0.670000
va_loss: 0.627149, va_score: 0.710000
te_loss: 0.560588, te_score: 0.750000

time = 2
tr_loss: 0.625076, tr_score: 0.690000
va_loss: 0.612755, va_score: 0.730000
te_loss: 0.687666, te_score: 0.680000

time = 2
tr_loss: 0.576113, tr_score: 0.710000
va_loss: 0.546643, va_score: 0.750000
te_loss: 0.558281, te_score: 0.710000

time = 2
tr_loss: 0.584292, tr_score: 0.707500
va_loss: 0.561466, va_score: 0.630000
te_loss: 0.544733, te_score: 0.720000

time = 2
tr_loss: 0.602669, tr_score: 0.700000
va_loss: 0.551363, va_score: 0.790000
te_loss: 0.572325, te_score: 0.760000

time = 2
tr_loss: 0.593814, tr_score: 0.716250
va_loss: 0.570574, va_score: 0.710000
te_loss: 0.598243, te_score: 0.680000

time = 2
tr_loss: 0.586300, tr_score: 0.712500
va_loss: 0.612132, va_score: 0.650000
te_loss: 0.536422, te_score: 0.760000

time = 2
tr_loss: 0.563624, tr_score: 0.720000
va_loss: 0.581242, va_score: 0.750000
te_loss: 0.588963, te_score: 0.690000

time = 2
tr_loss: 0.548718, tr_score: 0.726250
va_loss: 0.573280, va_score: 0.770000
te_loss: 0.576059, te_score: 0.750000

======================================================
2  Seed:  [5478. 7027. 2150. 7559. 3662. 2043. 8598. 4158. 6442. 4398. 3939. 9768.
 5143. 2231.  162. 6860. 3496. 7749. 2530. 2730.]
tr_loss: 0.581378, tr_score: 0.710750
va_loss: 0.578178, va_score: 0.721500
te_loss: 0.585702, te_score: 0.708000
time = 3
tr_loss: 0.584164, tr_score: 0.700000
va_loss: 0.663238, va_score: 0.670000
te_loss: 0.595796, te_score: 0.700000

time = 3
tr_loss: 0.586960, tr_score: 0.728750
va_loss: 0.647160, va_score: 0.630000
te_loss: 0.567488, te_score: 0.750000

time = 3
tr_loss: 0.603496, tr_score: 0.688750
va_loss: 0.657775, va_score: 0.680000
te_loss: 0.648213, te_score: 0.690000

time = 3
tr_loss: 0.587849, tr_score: 0.695000
va_loss: 0.571905, va_score: 0.770000
te_loss: 0.581593, te_score: 0.720000

time = 3
tr_loss: 0.601572, tr_score: 0.695000
va_loss: 0.583258, va_score: 0.720000
te_loss: 0.601164, te_score: 0.700000

time = 3
tr_loss: 0.554469, tr_score: 0.727500
va_loss: 0.530525, va_score: 0.740000
te_loss: 0.552676, te_score: 0.730000

time = 3
tr_loss: 0.570318, tr_score: 0.730000
va_loss: 0.650889, va_score: 0.640000
te_loss: 0.568874, te_score: 0.700000

time = 3
tr_loss: 0.577466, tr_score: 0.722500
va_loss: 0.657266, va_score: 0.670000
te_loss: 0.635544, te_score: 0.680000

time = 3
tr_loss: 0.546137, tr_score: 0.723750
va_loss: 0.618605, va_score: 0.630000
te_loss: 0.552352, te_score: 0.690000

time = 3
tr_loss: 0.605267, tr_score: 0.687500
va_loss: 0.576619, va_score: 0.700000
te_loss: 0.600406, te_score: 0.690000

time = 3
tr_loss: 0.578222, tr_score: 0.705000
va_loss: 0.611237, va_score: 0.690000
te_loss: 0.539759, te_score: 0.730000

time = 3
tr_loss: 0.597987, tr_score: 0.697500
va_loss: 0.590716, va_score: 0.730000
te_loss: 0.620629, te_score: 0.670000

time = 3
tr_loss: 0.572520, tr_score: 0.720000
va_loss: 0.571501, va_score: 0.710000
te_loss: 0.605875, te_score: 0.730000

time = 3
tr_loss: 0.572041, tr_score: 0.715000
va_loss: 0.606770, va_score: 0.670000
te_loss: 0.521460, te_score: 0.750000

time = 3
tr_loss: 0.569504, tr_score: 0.720000
va_loss: 0.691207, va_score: 0.620000
te_loss: 0.592725, te_score: 0.680000

time = 3
tr_loss: 0.592394, tr_score: 0.715000
va_loss: 0.619170, va_score: 0.710000
te_loss: 0.658467, te_score: 0.660000

time = 3
tr_loss: 0.538607, tr_score: 0.718750
va_loss: 0.555510, va_score: 0.710000
te_loss: 0.588432, te_score: 0.690000

time = 3
tr_loss: 0.605786, tr_score: 0.670000
va_loss: 0.679487, va_score: 0.610000
te_loss: 0.630960, te_score: 0.620000

time = 3
tr_loss: 0.567515, tr_score: 0.715000
va_loss: 0.613613, va_score: 0.660000
te_loss: 0.573789, te_score: 0.670000

time = 3
tr_loss: 0.510793, tr_score: 0.756250
va_loss: 0.500672, va_score: 0.750000
te_loss: 0.501125, te_score: 0.760000

======================================================
3  Seed:  [6469. 3301. 7178. 4323. 9525.  454. 7215. 4562. 5178. 3971. 9338. 3960.
 2970. 9630. 2254.  396. 4264. 8949. 7913. 1289.]
tr_loss: 0.576153, tr_score: 0.711562
va_loss: 0.609856, va_score: 0.685500
te_loss: 0.586866, te_score: 0.700500
time = 4
tr_loss: 0.580161, tr_score: 0.691250
va_loss: 0.553373, va_score: 0.750000
te_loss: 0.562705, te_score: 0.740000

time = 4
tr_loss: 0.590607, tr_score: 0.701250
va_loss: 0.552263, va_score: 0.740000
te_loss: 0.609075, te_score: 0.710000

time = 4
tr_loss: 0.579383, tr_score: 0.725000
va_loss: 0.594914, va_score: 0.720000
te_loss: 0.579058, te_score: 0.740000

time = 4
tr_loss: 0.581752, tr_score: 0.715000
va_loss: 0.558015, va_score: 0.730000
te_loss: 0.582890, te_score: 0.710000

time = 4
tr_loss: 0.597711, tr_score: 0.702500
va_loss: 0.628281, va_score: 0.670000
te_loss: 0.603094, te_score: 0.700000

time = 4
tr_loss: 0.572581, tr_score: 0.701250
va_loss: 0.587346, va_score: 0.690000
te_loss: 0.539890, te_score: 0.740000

time = 4
tr_loss: 0.530241, tr_score: 0.723750
va_loss: 0.511550, va_score: 0.740000
te_loss: 0.540498, te_score: 0.730000

time = 4
tr_loss: 0.576472, tr_score: 0.722500
va_loss: 0.655966, va_score: 0.600000
te_loss: 0.529360, te_score: 0.750000

time = 4
tr_loss: 0.536677, tr_score: 0.730000
va_loss: 0.557347, va_score: 0.690000
te_loss: 0.497606, te_score: 0.750000

time = 4
tr_loss: 0.601408, tr_score: 0.698750
va_loss: 0.603455, va_score: 0.700000
te_loss: 0.592798, te_score: 0.700000

time = 4
tr_loss: 0.587197, tr_score: 0.706250
va_loss: 0.636754, va_score: 0.640000
te_loss: 0.574070, te_score: 0.710000

time = 4
tr_loss: 0.589585, tr_score: 0.712500
va_loss: 0.595216, va_score: 0.700000
te_loss: 0.606834, te_score: 0.710000

time = 4
tr_loss: 0.597801, tr_score: 0.711250
va_loss: 0.562626, va_score: 0.750000
te_loss: 0.625123, te_score: 0.680000

time = 4
tr_loss: 0.613902, tr_score: 0.700000
va_loss: 0.550610, va_score: 0.770000
te_loss: 0.551077, te_score: 0.750000

time = 4
tr_loss: 0.533762, tr_score: 0.728750
va_loss: 0.525249, va_score: 0.760000
te_loss: 0.598257, te_score: 0.690000

time = 4
tr_loss: 0.587656, tr_score: 0.707500
va_loss: 0.528276, va_score: 0.780000
te_loss: 0.568994, te_score: 0.770000

time = 4
tr_loss: 0.585315, tr_score: 0.712500
va_loss: 0.528345, va_score: 0.770000
te_loss: 0.596317, te_score: 0.700000

time = 4
tr_loss: 0.598067, tr_score: 0.702500
va_loss: 0.563318, va_score: 0.720000
te_loss: 0.593639, te_score: 0.690000

time = 4
tr_loss: 0.623892, tr_score: 0.707500
va_loss: 0.729472, va_score: 0.620000
te_loss: 0.587951, te_score: 0.720000

time = 4
tr_loss: 0.575685, tr_score: 0.702500
va_loss: 0.572583, va_score: 0.710000
te_loss: 0.545667, te_score: 0.760000

======================================================
4  Seed:  [8744.  130. 2730. 2289. 3436.   91. 5431.  214. 1996. 7906. 4318. 5189.
 9458. 5884. 7590. 9032. 7937. 3024. 1021. 9551.]
tr_loss: 0.581993, tr_score: 0.710125
va_loss: 0.579748, va_score: 0.712500
te_loss: 0.574245, te_score: 0.722500
time = 5
tr_loss: 0.574462, tr_score: 0.722500
va_loss: 0.617962, va_score: 0.670000
te_loss: 0.625235, te_score: 0.670000

time = 5
tr_loss: 0.662495, tr_score: 0.562500
va_loss: 0.623998, va_score: 0.650000
te_loss: 0.621492, te_score: 0.630000

time = 5
tr_loss: 0.580276, tr_score: 0.718750
va_loss: 0.597445, va_score: 0.670000
te_loss: 0.578637, te_score: 0.680000

time = 5
tr_loss: 0.539322, tr_score: 0.737500
va_loss: 0.591698, va_score: 0.670000
te_loss: 0.551893, te_score: 0.710000

time = 5
tr_loss: 0.588240, tr_score: 0.698750
va_loss: 0.633279, va_score: 0.670000
te_loss: 0.520877, te_score: 0.810000

time = 5
tr_loss: 0.556048, tr_score: 0.737500
va_loss: 0.566257, va_score: 0.690000
te_loss: 0.497166, te_score: 0.790000

time = 5
tr_loss: 0.605265, tr_score: 0.702500
va_loss: 0.553699, va_score: 0.750000
te_loss: 0.627901, te_score: 0.700000

time = 5
tr_loss: 0.562159, tr_score: 0.716250
va_loss: 0.585985, va_score: 0.700000
te_loss: 0.559904, te_score: 0.730000

time = 5
tr_loss: 0.588755, tr_score: 0.708750
va_loss: 0.562814, va_score: 0.720000
te_loss: 0.593803, te_score: 0.730000

time = 5
tr_loss: 0.598433, tr_score: 0.705000
va_loss: 0.588155, va_score: 0.750000
te_loss: 0.575788, te_score: 0.730000

time = 5
tr_loss: 0.599728, tr_score: 0.703750
va_loss: 0.680201, va_score: 0.610000
te_loss: 0.571392, te_score: 0.750000

time = 5
tr_loss: 0.549063, tr_score: 0.737500
va_loss: 0.462693, va_score: 0.810000
te_loss: 0.530472, te_score: 0.730000

time = 5
tr_loss: 0.565753, tr_score: 0.710000
va_loss: 0.560844, va_score: 0.730000
te_loss: 0.562483, te_score: 0.710000

time = 5
tr_loss: 0.586839, tr_score: 0.716250
va_loss: 0.564040, va_score: 0.750000
te_loss: 0.659159, te_score: 0.640000

time = 5
tr_loss: 0.549940, tr_score: 0.732500
va_loss: 0.598705, va_score: 0.710000
te_loss: 0.541930, te_score: 0.690000

time = 5
tr_loss: 0.603071, tr_score: 0.701250
va_loss: 0.503716, va_score: 0.790000
te_loss: 0.687308, te_score: 0.650000

time = 5
tr_loss: 0.530518, tr_score: 0.732500
va_loss: 0.615570, va_score: 0.680000
te_loss: 0.540043, te_score: 0.760000

time = 5
tr_loss: 0.633862, tr_score: 0.692500
va_loss: 0.529745, va_score: 0.780000
te_loss: 0.661996, te_score: 0.680000

time = 5
tr_loss: 0.571434, tr_score: 0.711250
va_loss: 0.482922, va_score: 0.800000
te_loss: 0.687634, te_score: 0.620000

time = 5
tr_loss: 0.573502, tr_score: 0.727500
va_loss: 0.635725, va_score: 0.670000
te_loss: 0.598791, te_score: 0.690000

======================================================
5  Seed:  [1237. 6412. 2121. 6405. 4525. 1302. 1340. 7513. 9914. 1173. 2339. 2687.
 5417. 1769. 4522. 4161. 3470. 2003. 6862. 6659.]
tr_loss: 0.580958, tr_score: 0.708750
va_loss: 0.577773, va_score: 0.713500
te_loss: 0.589695, te_score: 0.705000
time = 6
tr_loss: 0.597887, tr_score: 0.691250
va_loss: 0.566846, va_score: 0.730000
te_loss: 0.564857, te_score: 0.700000

time = 6
tr_loss: 0.568712, tr_score: 0.725000
va_loss: 0.638919, va_score: 0.670000
te_loss: 0.616448, te_score: 0.650000

time = 6
tr_loss: 0.545179, tr_score: 0.732500
va_loss: 0.602335, va_score: 0.680000
te_loss: 0.677687, te_score: 0.680000

time = 6
tr_loss: 0.540314, tr_score: 0.730000
va_loss: 0.575381, va_score: 0.720000
te_loss: 0.575904, te_score: 0.670000

time = 6
tr_loss: 0.601034, tr_score: 0.712500
va_loss: 0.620918, va_score: 0.680000
te_loss: 0.557100, te_score: 0.760000

time = 6
tr_loss: 0.602113, tr_score: 0.717500
va_loss: 0.638772, va_score: 0.670000
te_loss: 0.731931, te_score: 0.600000

time = 6
tr_loss: 0.578131, tr_score: 0.711250
va_loss: 0.614508, va_score: 0.630000
te_loss: 0.548322, te_score: 0.740000

time = 6
tr_loss: 0.579784, tr_score: 0.723750
va_loss: 0.620172, va_score: 0.650000
te_loss: 0.588591, te_score: 0.700000

time = 6
tr_loss: 0.608797, tr_score: 0.686250
va_loss: 0.558840, va_score: 0.760000
te_loss: 0.558007, te_score: 0.750000

time = 6
tr_loss: 0.598100, tr_score: 0.703750
va_loss: 0.583878, va_score: 0.720000
te_loss: 0.630436, te_score: 0.670000

time = 6
tr_loss: 0.568301, tr_score: 0.731250
va_loss: 0.593514, va_score: 0.700000
te_loss: 0.681275, te_score: 0.620000

time = 6
tr_loss: 0.605068, tr_score: 0.715000
va_loss: 0.617953, va_score: 0.690000
te_loss: 0.636621, te_score: 0.710000

time = 6
tr_loss: 0.560983, tr_score: 0.716250
va_loss: 0.533807, va_score: 0.760000
te_loss: 0.577916, te_score: 0.680000

time = 6
tr_loss: 0.575843, tr_score: 0.702500
va_loss: 0.582395, va_score: 0.670000
te_loss: 0.545558, te_score: 0.750000

time = 6
tr_loss: 0.607159, tr_score: 0.713750
va_loss: 0.615763, va_score: 0.690000
te_loss: 0.680322, te_score: 0.630000

time = 6
tr_loss: 0.598992, tr_score: 0.708750
va_loss: 0.641605, va_score: 0.690000
te_loss: 0.624996, te_score: 0.680000

time = 6
tr_loss: 0.581350, tr_score: 0.700000
va_loss: 0.567859, va_score: 0.710000
te_loss: 0.599488, te_score: 0.690000

time = 6
tr_loss: 0.532654, tr_score: 0.747500
va_loss: 0.519309, va_score: 0.750000
te_loss: 0.508006, te_score: 0.740000

time = 6
tr_loss: 0.579396, tr_score: 0.721250
va_loss: 0.590053, va_score: 0.670000
te_loss: 0.574815, te_score: 0.710000

time = 6
tr_loss: 0.575945, tr_score: 0.715000
va_loss: 0.597220, va_score: 0.710000
te_loss: 0.575798, te_score: 0.720000

======================================================
6  Seed:  [7694. 6294. 7622. 3529.   96. 7204. 5217. 3436.  887. 8110. 7803. 3805.
 1114. 2222. 9584. 2008. 1959. 4210.  576. 6097.]
tr_loss: 0.580287, tr_score: 0.715250
va_loss: 0.594002, va_score: 0.697500
te_loss: 0.602704, te_score: 0.692500
time = 7
tr_loss: 0.572479, tr_score: 0.718750
va_loss: 0.604123, va_score: 0.670000
te_loss: 0.528391, te_score: 0.790000

time = 7
tr_loss: 0.591083, tr_score: 0.697500
va_loss: 0.546088, va_score: 0.780000
te_loss: 0.566912, te_score: 0.690000

time = 7
tr_loss: 0.572189, tr_score: 0.711250
va_loss: 0.496628, va_score: 0.790000
te_loss: 0.550171, te_score: 0.740000

time = 7
tr_loss: 0.603577, tr_score: 0.675000
va_loss: 0.563818, va_score: 0.750000
te_loss: 0.617617, te_score: 0.600000

time = 7
tr_loss: 0.564740, tr_score: 0.715000
va_loss: 0.555644, va_score: 0.730000
te_loss: 0.553249, te_score: 0.710000

time = 7
tr_loss: 0.542044, tr_score: 0.722500
va_loss: 0.628193, va_score: 0.630000
te_loss: 0.568007, te_score: 0.720000

time = 7
tr_loss: 0.596490, tr_score: 0.710000
va_loss: 0.620616, va_score: 0.680000
te_loss: 0.526090, te_score: 0.790000

time = 7
tr_loss: 0.584985, tr_score: 0.708750
va_loss: 0.615952, va_score: 0.680000
te_loss: 0.647279, te_score: 0.650000

time = 7
tr_loss: 0.585083, tr_score: 0.707500
va_loss: 0.642722, va_score: 0.690000
te_loss: 0.610664, te_score: 0.690000

time = 7
tr_loss: 0.585115, tr_score: 0.710000
va_loss: 0.590451, va_score: 0.730000
te_loss: 0.592890, te_score: 0.670000

time = 7
tr_loss: 0.573845, tr_score: 0.710000
va_loss: 0.578318, va_score: 0.710000
te_loss: 0.618559, te_score: 0.680000

time = 7
tr_loss: 0.544303, tr_score: 0.717500
va_loss: 0.612944, va_score: 0.710000
te_loss: 0.476169, te_score: 0.820000

time = 7
tr_loss: 0.604260, tr_score: 0.651250
va_loss: 0.760075, va_score: 0.630000
te_loss: 0.677456, te_score: 0.620000

time = 7
tr_loss: 0.589226, tr_score: 0.707500
va_loss: 0.584567, va_score: 0.700000
te_loss: 0.595700, te_score: 0.700000

time = 7
tr_loss: 0.558824, tr_score: 0.737500
va_loss: 0.589347, va_score: 0.660000
te_loss: 0.602397, te_score: 0.680000

time = 7
tr_loss: 0.588434, tr_score: 0.716250
va_loss: 0.639837, va_score: 0.640000
te_loss: 0.595279, te_score: 0.720000

time = 7
tr_loss: 0.511589, tr_score: 0.727500
va_loss: 0.555078, va_score: 0.710000
te_loss: 0.593551, te_score: 0.660000

time = 7
tr_loss: 0.544141, tr_score: 0.721250
va_loss: 0.534714, va_score: 0.770000
te_loss: 0.649292, te_score: 0.670000

time = 7
tr_loss: 0.567109, tr_score: 0.718750
va_loss: 0.587529, va_score: 0.700000
te_loss: 0.567963, te_score: 0.730000

time = 7
tr_loss: 0.549723, tr_score: 0.721250
va_loss: 0.520414, va_score: 0.820000
te_loss: 0.576965, te_score: 0.710000

======================================================
7  Seed:  [ 667. 3641. 1333. 4721. 6871. 9519. 4778.  927. 8338.   13. 3683. 6570.
 1422. 3821. 5722.  599. 3527. 1784. 1921. 2070.]
tr_loss: 0.571462, tr_score: 0.710250
va_loss: 0.591353, va_score: 0.709000
te_loss: 0.585730, te_score: 0.702000
time = 8
tr_loss: 0.611085, tr_score: 0.692500
va_loss: 0.604291, va_score: 0.690000
te_loss: 0.535411, te_score: 0.790000

time = 8
tr_loss: 0.626747, tr_score: 0.701250
va_loss: 0.679379, va_score: 0.600000
te_loss: 0.566937, te_score: 0.760000

time = 8
tr_loss: 0.650449, tr_score: 0.582500
va_loss: 0.624251, va_score: 0.610000
te_loss: 0.664077, te_score: 0.580000

time = 8
tr_loss: 0.584585, tr_score: 0.707500
va_loss: 0.620536, va_score: 0.700000
te_loss: 0.599807, te_score: 0.730000

time = 8
tr_loss: 0.527174, tr_score: 0.747500
va_loss: 0.488984, va_score: 0.780000
te_loss: 0.498272, te_score: 0.770000

time = 8
tr_loss: 0.588962, tr_score: 0.700000
va_loss: 0.593571, va_score: 0.710000
te_loss: 0.555755, te_score: 0.740000

time = 8
tr_loss: 0.589214, tr_score: 0.705000
va_loss: 0.574593, va_score: 0.710000
te_loss: 0.634949, te_score: 0.650000

time = 8
tr_loss: 0.603582, tr_score: 0.693750
va_loss: 0.537791, va_score: 0.760000
te_loss: 0.577719, te_score: 0.730000

time = 8
tr_loss: 0.552168, tr_score: 0.721250
va_loss: 0.622481, va_score: 0.680000
te_loss: 0.518627, te_score: 0.760000

time = 8
tr_loss: 0.571682, tr_score: 0.717500
va_loss: 0.680801, va_score: 0.600000
te_loss: 0.575004, te_score: 0.710000

time = 8
tr_loss: 0.569651, tr_score: 0.715000
va_loss: 0.501536, va_score: 0.770000
te_loss: 0.525986, te_score: 0.770000

time = 8
tr_loss: 0.557699, tr_score: 0.717500
va_loss: 0.506716, va_score: 0.790000
te_loss: 0.568624, te_score: 0.690000

time = 8
tr_loss: 0.573733, tr_score: 0.732500
va_loss: 0.598951, va_score: 0.680000
te_loss: 0.606964, te_score: 0.690000

time = 8
tr_loss: 0.605965, tr_score: 0.690000
va_loss: 0.510619, va_score: 0.800000
te_loss: 0.591725, te_score: 0.690000

time = 8
tr_loss: 0.542833, tr_score: 0.732500
va_loss: 0.527000, va_score: 0.740000
te_loss: 0.539320, te_score: 0.770000

time = 8
tr_loss: 0.586120, tr_score: 0.716250
va_loss: 0.534806, va_score: 0.770000
te_loss: 0.694726, te_score: 0.580000

time = 8
tr_loss: 0.537503, tr_score: 0.748750
va_loss: 0.555039, va_score: 0.700000
te_loss: 0.567647, te_score: 0.710000

time = 8
tr_loss: 0.583400, tr_score: 0.716250
va_loss: 0.581619, va_score: 0.720000
te_loss: 0.605891, te_score: 0.670000

time = 8
tr_loss: 0.548395, tr_score: 0.727500
va_loss: 0.554533, va_score: 0.750000
te_loss: 0.575443, te_score: 0.710000

time = 8
tr_loss: 0.570116, tr_score: 0.711250
va_loss: 0.570089, va_score: 0.710000
te_loss: 0.638277, te_score: 0.640000

======================================================
8  Seed:  [4860. 8426. 6918. 8393. 2977. 1581. 7001.  814. 5947. 4477. 3311. 7270.
 5082. 4712. 7103. 6080. 5821. 8708. 4579. 2324.]
tr_loss: 0.579053, tr_score: 0.708812
va_loss: 0.573379, va_score: 0.713500
te_loss: 0.582058, te_score: 0.707000
time = 9
tr_loss: 0.559703, tr_score: 0.700000
va_loss: 0.533779, va_score: 0.710000
te_loss: 0.546132, te_score: 0.690000

time = 9
tr_loss: 0.577501, tr_score: 0.705000
va_loss: 0.675456, va_score: 0.620000
te_loss: 0.552345, te_score: 0.690000

time = 9
tr_loss: 0.590331, tr_score: 0.715000
va_loss: 0.602059, va_score: 0.710000
te_loss: 0.635748, te_score: 0.670000

time = 9
tr_loss: 0.581062, tr_score: 0.725000
va_loss: 0.617601, va_score: 0.700000
te_loss: 0.622949, te_score: 0.680000

time = 9
tr_loss: 0.593152, tr_score: 0.715000
va_loss: 0.535211, va_score: 0.810000
te_loss: 0.637620, te_score: 0.670000

time = 9
tr_loss: 0.536977, tr_score: 0.722500
va_loss: 0.521579, va_score: 0.700000
te_loss: 0.581050, te_score: 0.640000

time = 9
tr_loss: 0.560509, tr_score: 0.720000
va_loss: 0.550854, va_score: 0.690000
te_loss: 0.483744, te_score: 0.780000

time = 9
tr_loss: 0.570405, tr_score: 0.723750
va_loss: 0.545142, va_score: 0.720000
te_loss: 0.603768, te_score: 0.680000

time = 9
tr_loss: 0.561223, tr_score: 0.717500
va_loss: 0.543146, va_score: 0.690000
te_loss: 0.515784, te_score: 0.750000

time = 9
tr_loss: 0.597202, tr_score: 0.702500
va_loss: 0.662516, va_score: 0.650000
te_loss: 0.579818, te_score: 0.730000

time = 9
tr_loss: 0.592111, tr_score: 0.713750
va_loss: 0.598778, va_score: 0.720000
te_loss: 0.600338, te_score: 0.710000

time = 9
tr_loss: 0.564884, tr_score: 0.726250
va_loss: 0.511555, va_score: 0.740000
te_loss: 0.540037, te_score: 0.760000

time = 9
tr_loss: 0.590257, tr_score: 0.698750
va_loss: 0.584264, va_score: 0.710000
te_loss: 0.524338, te_score: 0.780000

time = 9
tr_loss: 0.583405, tr_score: 0.703750
va_loss: 0.568859, va_score: 0.720000
te_loss: 0.514443, te_score: 0.710000

time = 9
tr_loss: 0.603740, tr_score: 0.656250
va_loss: 0.709625, va_score: 0.590000
te_loss: 0.595568, te_score: 0.680000

time = 9
tr_loss: 0.608758, tr_score: 0.698750
va_loss: 0.559757, va_score: 0.720000
te_loss: 0.581093, te_score: 0.720000

time = 9
tr_loss: 0.576582, tr_score: 0.716250
va_loss: 0.590644, va_score: 0.720000
te_loss: 0.593485, te_score: 0.680000

time = 9
tr_loss: 0.559196, tr_score: 0.715000
va_loss: 0.568787, va_score: 0.710000
te_loss: 0.613138, te_score: 0.640000

time = 9
tr_loss: 0.565394, tr_score: 0.710000
va_loss: 0.578447, va_score: 0.690000
te_loss: 0.592390, te_score: 0.680000

time = 9
tr_loss: 0.587592, tr_score: 0.718750
va_loss: 0.584718, va_score: 0.720000
te_loss: 0.591338, te_score: 0.720000

======================================================
9  Seed:  [9948.  542.  232.  666. 5686. 1955. 6679. 1732. 8003. 9621. 2645. 4622.
 2831. 7236. 6932. 8781. 1798. 9886. 2715. 5559.]
tr_loss: 0.577999, tr_score: 0.710187
va_loss: 0.582139, va_score: 0.702000
te_loss: 0.575256, te_score: 0.703000
time = 10
tr_loss: 0.536023, tr_score: 0.746250
va_loss: 0.501026, va_score: 0.780000
te_loss: 0.548533, te_score: 0.740000

time = 10
tr_loss: 0.593706, tr_score: 0.693750
va_loss: 0.604529, va_score: 0.690000
te_loss: 0.555175, te_score: 0.710000

time = 10
tr_loss: 0.548339, tr_score: 0.705000
va_loss: 0.536245, va_score: 0.750000
te_loss: 0.654696, te_score: 0.640000

time = 10
tr_loss: 0.623010, tr_score: 0.692500
va_loss: 0.555952, va_score: 0.780000
te_loss: 0.587831, te_score: 0.740000

time = 10
tr_loss: 0.575720, tr_score: 0.708750
va_loss: 0.568954, va_score: 0.690000
te_loss: 0.520995, te_score: 0.780000

time = 10
tr_loss: 0.574880, tr_score: 0.695000
va_loss: 0.578577, va_score: 0.720000
te_loss: 0.522165, te_score: 0.760000

time = 10
tr_loss: 0.614239, tr_score: 0.690000
va_loss: 0.565402, va_score: 0.760000
te_loss: 0.596181, te_score: 0.730000

time = 10
tr_loss: 0.659341, tr_score: 0.681250
va_loss: 0.478671, va_score: 0.820000
te_loss: 0.569930, te_score: 0.730000

time = 10
tr_loss: 0.559517, tr_score: 0.725000
va_loss: 0.623241, va_score: 0.680000
te_loss: 0.583789, te_score: 0.710000

time = 10
tr_loss: 0.583214, tr_score: 0.702500
va_loss: 0.565498, va_score: 0.750000
te_loss: 0.586328, te_score: 0.730000

time = 10
tr_loss: 0.575595, tr_score: 0.721250
va_loss: 0.591687, va_score: 0.670000
te_loss: 0.581562, te_score: 0.750000

time = 10
tr_loss: 0.591669, tr_score: 0.715000
va_loss: 0.652629, va_score: 0.630000
te_loss: 0.622658, te_score: 0.700000

time = 10
tr_loss: 0.589949, tr_score: 0.700000
va_loss: 0.574940, va_score: 0.710000
te_loss: 0.578528, te_score: 0.730000

time = 10
tr_loss: 0.606332, tr_score: 0.685000
va_loss: 0.538539, va_score: 0.740000
te_loss: 0.530383, te_score: 0.780000

time = 10
tr_loss: 0.595218, tr_score: 0.713750
va_loss: 0.646398, va_score: 0.630000
te_loss: 0.631603, te_score: 0.660000

time = 10
tr_loss: 0.579907, tr_score: 0.696250
va_loss: 0.550137, va_score: 0.750000
te_loss: 0.569168, te_score: 0.740000

time = 10
tr_loss: 0.599763, tr_score: 0.700000
va_loss: 0.524371, va_score: 0.780000
te_loss: 0.593785, te_score: 0.700000

time = 10
tr_loss: 0.592877, tr_score: 0.698750
va_loss: 0.617636, va_score: 0.690000
te_loss: 0.564879, te_score: 0.730000

time = 10
tr_loss: 0.601046, tr_score: 0.713750
va_loss: 0.596747, va_score: 0.710000
te_loss: 0.608017, te_score: 0.690000

time = 10
tr_loss: 0.633347, tr_score: 0.685000
va_loss: 0.732281, va_score: 0.570000
te_loss: 0.649362, te_score: 0.660000

======================================================
10  Seed:  [9217. 8758. 9318. 9902. 9257. 5433. 4194. 5342. 6064. 1182. 7632. 9724.
 4507. 4141. 7028. 4431.  710. 9505. 6403. 3797.]
tr_loss: 0.591685, tr_score: 0.703437
va_loss: 0.580173, va_score: 0.715000
te_loss: 0.582778, te_score: 0.720500
time = 11
tr_loss: 0.580823, tr_score: 0.721250
va_loss: 0.504314, va_score: 0.830000
te_loss: 0.619607, te_score: 0.670000

time = 11
tr_loss: 0.612715, tr_score: 0.701250
va_loss: 0.654186, va_score: 0.680000
te_loss: 0.649243, te_score: 0.680000

time = 11
tr_loss: 0.541120, tr_score: 0.720000
va_loss: 0.577115, va_score: 0.680000
te_loss: 0.554333, te_score: 0.750000

time = 11
tr_loss: 0.566109, tr_score: 0.713750
va_loss: 0.595780, va_score: 0.680000
te_loss: 0.507108, te_score: 0.760000

time = 11
tr_loss: 0.566227, tr_score: 0.720000
va_loss: 0.658917, va_score: 0.650000
te_loss: 0.565725, te_score: 0.730000

time = 11
tr_loss: 0.570445, tr_score: 0.706250
va_loss: 0.632040, va_score: 0.680000
te_loss: 0.553468, te_score: 0.730000

time = 11
tr_loss: 0.582584, tr_score: 0.717500
va_loss: 0.615004, va_score: 0.710000
te_loss: 0.630111, te_score: 0.660000

time = 11
tr_loss: 0.620625, tr_score: 0.697500
va_loss: 0.542635, va_score: 0.790000
te_loss: 0.618811, te_score: 0.680000

time = 11
tr_loss: 0.589234, tr_score: 0.683750
va_loss: 0.658357, va_score: 0.650000
te_loss: 0.596586, te_score: 0.710000

time = 11
tr_loss: 0.582131, tr_score: 0.713750
va_loss: 0.621032, va_score: 0.680000
te_loss: 0.600001, te_score: 0.670000

time = 11
tr_loss: 0.556196, tr_score: 0.713750
va_loss: 0.573175, va_score: 0.710000
te_loss: 0.488159, te_score: 0.760000

time = 11
tr_loss: 0.591503, tr_score: 0.720000
va_loss: 0.689032, va_score: 0.650000
te_loss: 0.683739, te_score: 0.590000

time = 11
tr_loss: 0.578224, tr_score: 0.708750
va_loss: 0.613448, va_score: 0.670000
te_loss: 0.611017, te_score: 0.650000

time = 11
tr_loss: 0.604368, tr_score: 0.703750
va_loss: 0.627925, va_score: 0.720000
te_loss: 0.646596, te_score: 0.650000

time = 11
tr_loss: 0.601616, tr_score: 0.697500
va_loss: 0.559041, va_score: 0.750000
te_loss: 0.619391, te_score: 0.690000

time = 11
tr_loss: 0.583522, tr_score: 0.708750
va_loss: 0.638271, va_score: 0.620000
te_loss: 0.562850, te_score: 0.710000

time = 11
tr_loss: 0.607602, tr_score: 0.698750
va_loss: 0.572511, va_score: 0.750000
te_loss: 0.624241, te_score: 0.670000

time = 11
tr_loss: 0.568795, tr_score: 0.705000
va_loss: 0.566231, va_score: 0.710000
te_loss: 0.602240, te_score: 0.650000

time = 11
tr_loss: 0.517134, tr_score: 0.767500
va_loss: 0.486532, va_score: 0.770000
te_loss: 0.538866, te_score: 0.720000

time = 11
tr_loss: 0.599709, tr_score: 0.691250
va_loss: 0.534989, va_score: 0.770000
te_loss: 0.622565, te_score: 0.670000

======================================================
11  Seed:  [ 276. 7096. 7576. 7225. 8005. 7496. 1258. 6191. 8489. 5152. 4572. 4247.
 5941. 8136.  978. 3169. 6643. 4121. 8439. 9382.]
tr_loss: 0.581034, tr_score: 0.710500
va_loss: 0.596027, va_score: 0.707500
te_loss: 0.594733, te_score: 0.690000
time = 12
tr_loss: 0.571142, tr_score: 0.706250
va_loss: 0.572797, va_score: 0.710000
te_loss: 0.544713, te_score: 0.750000

time = 12
tr_loss: 0.643408, tr_score: 0.705000
va_loss: 0.623564, va_score: 0.680000
te_loss: 0.596134, te_score: 0.750000

time = 12
tr_loss: 0.560826, tr_score: 0.738750
va_loss: 0.591724, va_score: 0.680000
te_loss: 0.595287, te_score: 0.630000

time = 12
tr_loss: 0.590738, tr_score: 0.715000
va_loss: 0.635693, va_score: 0.670000
te_loss: 0.689025, te_score: 0.610000

time = 12
tr_loss: 0.563931, tr_score: 0.718750
va_loss: 0.616346, va_score: 0.680000
te_loss: 0.634903, te_score: 0.670000

time = 12
tr_loss: 0.580466, tr_score: 0.718750
va_loss: 0.619819, va_score: 0.710000
te_loss: 0.608753, te_score: 0.710000

time = 12
tr_loss: 0.553951, tr_score: 0.737500
va_loss: 0.667336, va_score: 0.610000
te_loss: 0.671397, te_score: 0.630000

time = 12
tr_loss: 0.604160, tr_score: 0.710000
va_loss: 0.672194, va_score: 0.660000
te_loss: 0.605089, te_score: 0.680000

time = 12
tr_loss: 0.581272, tr_score: 0.713750
va_loss: 0.612218, va_score: 0.690000
te_loss: 0.612591, te_score: 0.690000

time = 12
tr_loss: 0.600582, tr_score: 0.696250
va_loss: 0.634319, va_score: 0.680000
te_loss: 0.649514, te_score: 0.630000

time = 12
tr_loss: 0.606136, tr_score: 0.691250
va_loss: 0.602465, va_score: 0.700000
te_loss: 0.626002, te_score: 0.630000

time = 12
tr_loss: 0.537678, tr_score: 0.723750
va_loss: 0.501957, va_score: 0.750000
te_loss: 0.590581, te_score: 0.710000

time = 12
tr_loss: 0.580060, tr_score: 0.705000
va_loss: 0.645661, va_score: 0.710000
te_loss: 0.645507, te_score: 0.690000

time = 12
tr_loss: 0.569217, tr_score: 0.705000
va_loss: 0.542549, va_score: 0.750000
te_loss: 0.593697, te_score: 0.720000

time = 12
tr_loss: 0.601795, tr_score: 0.705000
va_loss: 0.551094, va_score: 0.760000
te_loss: 0.664096, te_score: 0.640000

time = 12
tr_loss: 0.596530, tr_score: 0.718750
va_loss: 0.655142, va_score: 0.650000
te_loss: 0.631185, te_score: 0.680000

time = 12
tr_loss: 0.610130, tr_score: 0.700000
va_loss: 0.679108, va_score: 0.640000
te_loss: 0.553226, te_score: 0.760000

time = 12
tr_loss: 0.585365, tr_score: 0.700000
va_loss: 0.603418, va_score: 0.680000
te_loss: 0.515040, te_score: 0.760000

time = 12
tr_loss: 0.625258, tr_score: 0.706250
va_loss: 0.679933, va_score: 0.700000
te_loss: 0.638006, te_score: 0.690000

time = 12
tr_loss: 0.540817, tr_score: 0.730000
va_loss: 0.615607, va_score: 0.670000
te_loss: 0.580097, te_score: 0.690000

======================================================
12  Seed:  [5995. 5359. 4959. 8841. 2084. 6283. 5803. 5547. 5856. 6466. 1029. 9406.
 1119. 6504. 6270.   89. 4601. 8528. 5236. 3309.]
tr_loss: 0.585173, tr_score: 0.712250
va_loss: 0.616147, va_score: 0.689000
te_loss: 0.612242, te_score: 0.686000
time = 13
tr_loss: 0.599891, tr_score: 0.698750
va_loss: 0.620972, va_score: 0.680000
te_loss: 0.576455, te_score: 0.730000

time = 13
tr_loss: 0.568829, tr_score: 0.710000
va_loss: 0.521365, va_score: 0.770000
te_loss: 0.538677, te_score: 0.780000

time = 13
tr_loss: 0.560986, tr_score: 0.716250
va_loss: 0.547644, va_score: 0.740000
te_loss: 0.721972, te_score: 0.580000

time = 13
tr_loss: 0.605423, tr_score: 0.693750
va_loss: 0.634084, va_score: 0.660000
te_loss: 0.583156, te_score: 0.750000

time = 13
tr_loss: 0.604219, tr_score: 0.710000
va_loss: 0.578857, va_score: 0.720000
te_loss: 0.612396, te_score: 0.720000

time = 13
tr_loss: 0.556704, tr_score: 0.722500
va_loss: 0.637981, va_score: 0.650000
te_loss: 0.579108, te_score: 0.710000

time = 13
tr_loss: 0.580509, tr_score: 0.703750
va_loss: 0.617654, va_score: 0.660000
te_loss: 0.599463, te_score: 0.710000

time = 13
tr_loss: 0.518910, tr_score: 0.755000
va_loss: 0.520510, va_score: 0.700000
te_loss: 0.505085, te_score: 0.740000

time = 13
tr_loss: 0.643759, tr_score: 0.700000
va_loss: 0.589540, va_score: 0.700000
te_loss: 0.582179, te_score: 0.750000

time = 13
tr_loss: 0.567459, tr_score: 0.711250
va_loss: 0.616112, va_score: 0.620000
te_loss: 0.518631, te_score: 0.770000

time = 13
tr_loss: 0.556471, tr_score: 0.730000
va_loss: 0.582326, va_score: 0.690000
te_loss: 0.656082, te_score: 0.670000

time = 13
tr_loss: 0.606171, tr_score: 0.700000
va_loss: 0.616280, va_score: 0.680000
te_loss: 0.626056, te_score: 0.680000

time = 13
tr_loss: 0.581065, tr_score: 0.716250
va_loss: 0.605661, va_score: 0.690000
te_loss: 0.562704, te_score: 0.700000

time = 13
tr_loss: 0.566697, tr_score: 0.715000
va_loss: 0.546976, va_score: 0.760000
te_loss: 0.547416, te_score: 0.740000

time = 13
tr_loss: 0.590918, tr_score: 0.695000
va_loss: 0.545464, va_score: 0.750000
te_loss: 0.518016, te_score: 0.780000

time = 13
tr_loss: 0.566773, tr_score: 0.725000
va_loss: 0.623295, va_score: 0.650000
te_loss: 0.623709, te_score: 0.680000

time = 13
tr_loss: 0.562309, tr_score: 0.730000
va_loss: 0.538319, va_score: 0.720000
te_loss: 0.654087, te_score: 0.650000

time = 13
tr_loss: 0.588971, tr_score: 0.702500
va_loss: 0.544698, va_score: 0.700000
te_loss: 0.569199, te_score: 0.720000

time = 13
tr_loss: 0.591501, tr_score: 0.717500
va_loss: 0.535616, va_score: 0.770000
te_loss: 0.597725, te_score: 0.690000

time = 13
tr_loss: 0.594747, tr_score: 0.700000
va_loss: 0.519449, va_score: 0.740000
te_loss: 0.501723, te_score: 0.810000

======================================================
13  Seed:  [3706. 3756. 2533. 6590. 1761. 5957. 4965. 8699. 1302.  214. 1426. 3422.
 9979.   35. 8073. 6183. 7853. 8174. 4923.  725.]
tr_loss: 0.580616, tr_score: 0.712625
va_loss: 0.577140, va_score: 0.702500
te_loss: 0.583692, te_score: 0.718000
time = 14
tr_loss: 0.559970, tr_score: 0.718750
va_loss: 0.615735, va_score: 0.640000
te_loss: 0.577621, te_score: 0.710000

time = 14
tr_loss: 0.592728, tr_score: 0.702500
va_loss: 0.619279, va_score: 0.680000
te_loss: 0.607484, te_score: 0.680000

time = 14
tr_loss: 0.542220, tr_score: 0.723750
va_loss: 0.517008, va_score: 0.750000
te_loss: 0.569993, te_score: 0.720000

time = 14
tr_loss: 0.556146, tr_score: 0.712500
va_loss: 0.577067, va_score: 0.690000
te_loss: 0.526557, te_score: 0.760000

time = 14
tr_loss: 0.595969, tr_score: 0.713750
va_loss: 0.640831, va_score: 0.650000
te_loss: 0.610117, te_score: 0.710000

time = 14
tr_loss: 0.593288, tr_score: 0.708750
va_loss: 0.610817, va_score: 0.710000
te_loss: 0.638580, te_score: 0.630000

time = 14
tr_loss: 0.576272, tr_score: 0.706250
va_loss: 0.536932, va_score: 0.760000
te_loss: 0.602277, te_score: 0.720000

time = 14
tr_loss: 0.573623, tr_score: 0.721250
va_loss: 0.606028, va_score: 0.680000
te_loss: 0.588817, te_score: 0.720000

time = 14
tr_loss: 0.593879, tr_score: 0.711250
va_loss: 0.565736, va_score: 0.710000
te_loss: 0.583611, te_score: 0.740000

time = 14
tr_loss: 0.560589, tr_score: 0.701250
va_loss: 0.491740, va_score: 0.780000
te_loss: 0.653581, te_score: 0.640000

time = 14
tr_loss: 0.594163, tr_score: 0.696250
va_loss: 0.576076, va_score: 0.700000
te_loss: 0.585463, te_score: 0.740000

time = 14
tr_loss: 0.575118, tr_score: 0.696250
va_loss: 0.572218, va_score: 0.710000
te_loss: 0.591618, te_score: 0.730000

time = 14
tr_loss: 0.583997, tr_score: 0.700000
va_loss: 0.528104, va_score: 0.760000
te_loss: 0.586548, te_score: 0.700000

time = 14
tr_loss: 0.521627, tr_score: 0.755000
va_loss: 0.526054, va_score: 0.760000
te_loss: 0.533607, te_score: 0.760000

time = 14
tr_loss: 0.560459, tr_score: 0.720000
va_loss: 0.621779, va_score: 0.700000
te_loss: 0.606280, te_score: 0.690000

time = 14
tr_loss: 0.596656, tr_score: 0.700000
va_loss: 0.555698, va_score: 0.730000
te_loss: 0.550594, te_score: 0.720000

time = 14
tr_loss: 0.587592, tr_score: 0.717500
va_loss: 0.551675, va_score: 0.760000
te_loss: 0.683965, te_score: 0.650000

time = 14
tr_loss: 0.594386, tr_score: 0.697500
va_loss: 0.635389, va_score: 0.670000
te_loss: 0.591284, te_score: 0.640000

time = 14
tr_loss: 0.503553, tr_score: 0.767500
va_loss: 0.571675, va_score: 0.730000
te_loss: 0.540075, te_score: 0.790000

time = 14
tr_loss: 0.577534, tr_score: 0.702500
va_loss: 0.619450, va_score: 0.670000
te_loss: 0.518709, te_score: 0.770000

======================================================
14  Seed:  [6736. 9332. 4026. 8791. 2185. 8095. 4925. 3877. 8332. 6847. 5871. 5004.
 2796. 4961. 1467. 7787. 3868. 5255. 9307. 9073.]
tr_loss: 0.571988, tr_score: 0.713625
va_loss: 0.576964, va_score: 0.712000
te_loss: 0.587339, te_score: 0.711000
time = 15
tr_loss: 0.525597, tr_score: 0.731250
va_loss: 0.479179, va_score: 0.740000
te_loss: 0.574667, te_score: 0.710000

time = 15
tr_loss: 0.593417, tr_score: 0.693750
va_loss: 0.559102, va_score: 0.720000
te_loss: 0.484826, te_score: 0.830000

time = 15
tr_loss: 0.586531, tr_score: 0.702500
va_loss: 0.591034, va_score: 0.710000
te_loss: 0.615236, te_score: 0.680000

time = 15
tr_loss: 0.550992, tr_score: 0.715000
va_loss: 0.476441, va_score: 0.760000
te_loss: 0.586987, te_score: 0.670000

time = 15
tr_loss: 0.611430, tr_score: 0.711250
va_loss: 0.605452, va_score: 0.730000
te_loss: 0.553521, te_score: 0.730000

time = 15
tr_loss: 0.603875, tr_score: 0.706250
va_loss: 0.609527, va_score: 0.750000
te_loss: 0.634249, te_score: 0.680000

time = 15
tr_loss: 0.528134, tr_score: 0.740000
va_loss: 0.516217, va_score: 0.760000
te_loss: 0.525473, te_score: 0.740000

time = 15
tr_loss: 0.597372, tr_score: 0.701250
va_loss: 0.588886, va_score: 0.750000
te_loss: 0.590804, te_score: 0.710000

time = 15
tr_loss: 0.602267, tr_score: 0.701250
va_loss: 0.564628, va_score: 0.740000
te_loss: 0.544882, te_score: 0.720000

time = 15
tr_loss: 0.601167, tr_score: 0.700000
va_loss: 0.633408, va_score: 0.660000
te_loss: 0.609465, te_score: 0.700000

time = 15
tr_loss: 0.561348, tr_score: 0.712500
va_loss: 0.548883, va_score: 0.720000
te_loss: 0.531133, te_score: 0.740000

time = 15
tr_loss: 0.605948, tr_score: 0.706250
va_loss: 0.598247, va_score: 0.740000
te_loss: 0.648754, te_score: 0.660000

time = 15
tr_loss: 0.613699, tr_score: 0.703750
va_loss: 0.578765, va_score: 0.720000
te_loss: 0.657716, te_score: 0.660000

time = 15
tr_loss: 0.596889, tr_score: 0.695000
va_loss: 0.621316, va_score: 0.690000
te_loss: 0.546102, te_score: 0.750000

time = 15
tr_loss: 0.600731, tr_score: 0.705000
va_loss: 0.647028, va_score: 0.690000
te_loss: 0.632317, te_score: 0.690000

time = 15
tr_loss: 0.600654, tr_score: 0.710000
va_loss: 0.631184, va_score: 0.660000
te_loss: 0.602078, te_score: 0.660000

time = 15
tr_loss: 0.575993, tr_score: 0.713750
va_loss: 0.534025, va_score: 0.730000
te_loss: 0.596964, te_score: 0.700000

time = 15
tr_loss: 0.596055, tr_score: 0.717500
va_loss: 0.646002, va_score: 0.690000
te_loss: 0.665901, te_score: 0.640000

time = 15
tr_loss: 0.554076, tr_score: 0.726250
va_loss: 0.532420, va_score: 0.750000
te_loss: 0.577612, te_score: 0.710000

time = 15
tr_loss: 0.599970, tr_score: 0.705000
va_loss: 0.558257, va_score: 0.700000
te_loss: 0.569710, te_score: 0.700000

======================================================
15  Seed:  [ 879. 4612.  287.  491. 3659. 8251. 7507. 1140. 3507. 4318. 9716. 8900.
 3870. 2555. 7340. 8792.  757. 6674. 3143.  691.]
tr_loss: 0.585307, tr_score: 0.709875
va_loss: 0.576000, va_score: 0.720500
te_loss: 0.587420, te_score: 0.704000
time = 16
tr_loss: 0.584283, tr_score: 0.720000
va_loss: 0.586722, va_score: 0.720000
te_loss: 0.592914, te_score: 0.710000

time = 16
tr_loss: 0.564286, tr_score: 0.727500
va_loss: 0.573480, va_score: 0.710000
te_loss: 0.639285, te_score: 0.650000

time = 16
tr_loss: 0.620384, tr_score: 0.673750
va_loss: 0.568169, va_score: 0.720000
te_loss: 0.643285, te_score: 0.660000

time = 16
tr_loss: 0.535945, tr_score: 0.727500
va_loss: 0.569427, va_score: 0.710000
te_loss: 0.549147, te_score: 0.750000

time = 16
tr_loss: 0.565358, tr_score: 0.722500
va_loss: 0.519956, va_score: 0.770000
te_loss: 0.559168, te_score: 0.730000

time = 16
tr_loss: 0.576527, tr_score: 0.705000
va_loss: 0.576399, va_score: 0.700000
te_loss: 0.646956, te_score: 0.660000

time = 16
tr_loss: 0.577027, tr_score: 0.717500
va_loss: 0.598549, va_score: 0.700000
te_loss: 0.585691, te_score: 0.670000

time = 16
tr_loss: 0.574892, tr_score: 0.726250
va_loss: 0.626769, va_score: 0.670000
te_loss: 0.607527, te_score: 0.720000

time = 16
tr_loss: 0.585837, tr_score: 0.722500
va_loss: 0.546542, va_score: 0.730000
te_loss: 0.566621, te_score: 0.730000

time = 16
tr_loss: 0.560964, tr_score: 0.732500
va_loss: 0.667656, va_score: 0.600000
te_loss: 0.648885, te_score: 0.660000

time = 16
tr_loss: 0.581597, tr_score: 0.703750
va_loss: 0.628144, va_score: 0.700000
te_loss: 0.647335, te_score: 0.670000

time = 16
tr_loss: 0.575097, tr_score: 0.707500
va_loss: 0.625087, va_score: 0.680000
te_loss: 0.614157, te_score: 0.660000

time = 16
tr_loss: 0.573454, tr_score: 0.718750
va_loss: 0.640387, va_score: 0.650000
te_loss: 0.561957, te_score: 0.690000

time = 16
tr_loss: 0.591617, tr_score: 0.710000
va_loss: 0.529792, va_score: 0.790000
te_loss: 0.526263, te_score: 0.760000

time = 16
tr_loss: 0.607877, tr_score: 0.702500
va_loss: 0.556218, va_score: 0.770000
te_loss: 0.564944, te_score: 0.750000

time = 16
tr_loss: 0.574055, tr_score: 0.708750
va_loss: 0.637150, va_score: 0.650000
te_loss: 0.595466, te_score: 0.710000

time = 16
tr_loss: 0.585767, tr_score: 0.698750
va_loss: 0.595958, va_score: 0.770000
te_loss: 0.622877, te_score: 0.690000

time = 16
tr_loss: 0.608425, tr_score: 0.693750
va_loss: 0.638169, va_score: 0.660000
te_loss: 0.652928, te_score: 0.650000

time = 16
tr_loss: 0.593137, tr_score: 0.690000
va_loss: 0.559311, va_score: 0.770000
te_loss: 0.604383, te_score: 0.710000

time = 16
tr_loss: 0.609097, tr_score: 0.711250
va_loss: 0.620775, va_score: 0.680000
te_loss: 0.567335, te_score: 0.770000

======================================================
16  Seed:  [9082. 6878.  978. 6918.   35. 3547.  812. 1562. 5243. 8191. 5330. 4602.
 2929. 4830.  303. 9956. 3156. 7475. 4637.  734.]
tr_loss: 0.582281, tr_score: 0.711000
va_loss: 0.593233, va_score: 0.707500
te_loss: 0.599856, te_score: 0.700000
time = 17
tr_loss: 0.598272, tr_score: 0.700000
va_loss: 0.576163, va_score: 0.720000
te_loss: 0.606413, te_score: 0.680000

time = 17
tr_loss: 0.611789, tr_score: 0.678750
va_loss: 0.654103, va_score: 0.630000
te_loss: 0.613250, te_score: 0.640000

time = 17
tr_loss: 0.575842, tr_score: 0.708750
va_loss: 0.641003, va_score: 0.670000
te_loss: 0.602497, te_score: 0.660000

time = 17
tr_loss: 0.552731, tr_score: 0.725000
va_loss: 0.641836, va_score: 0.640000
te_loss: 0.577850, te_score: 0.710000

time = 17
tr_loss: 0.583035, tr_score: 0.718750
va_loss: 0.543208, va_score: 0.770000
te_loss: 0.571306, te_score: 0.740000

time = 17
tr_loss: 0.555795, tr_score: 0.707500
va_loss: 0.566645, va_score: 0.700000
te_loss: 0.630651, te_score: 0.670000

time = 17
tr_loss: 0.594044, tr_score: 0.731250
va_loss: 0.651002, va_score: 0.630000
te_loss: 0.619897, te_score: 0.660000

time = 17
tr_loss: 0.553845, tr_score: 0.731250
va_loss: 0.593999, va_score: 0.700000
te_loss: 0.697665, te_score: 0.620000

time = 17
tr_loss: 0.572986, tr_score: 0.716250
va_loss: 0.556750, va_score: 0.760000
te_loss: 0.536164, te_score: 0.730000

time = 17
tr_loss: 0.556861, tr_score: 0.726250
va_loss: 0.602001, va_score: 0.700000
te_loss: 0.629099, te_score: 0.660000

time = 17
tr_loss: 0.568684, tr_score: 0.717500
va_loss: 0.608412, va_score: 0.700000
te_loss: 0.638586, te_score: 0.660000

time = 17
tr_loss: 0.586376, tr_score: 0.707500
va_loss: 0.681931, va_score: 0.630000
te_loss: 0.585642, te_score: 0.700000

time = 17
tr_loss: 0.600299, tr_score: 0.708750
va_loss: 0.590157, va_score: 0.730000
te_loss: 0.580956, te_score: 0.710000

time = 17
tr_loss: 0.557353, tr_score: 0.692500
va_loss: 0.520927, va_score: 0.740000
te_loss: 0.537216, te_score: 0.760000

time = 17
tr_loss: 0.593305, tr_score: 0.727500
va_loss: 0.704500, va_score: 0.630000
te_loss: 0.648832, te_score: 0.690000

time = 17
tr_loss: 0.520031, tr_score: 0.766250
va_loss: 0.464815, va_score: 0.820000
te_loss: 0.552305, te_score: 0.730000

time = 17
tr_loss: 0.573466, tr_score: 0.712500
va_loss: 0.683536, va_score: 0.640000
te_loss: 0.552090, te_score: 0.780000

time = 17
tr_loss: 0.604567, tr_score: 0.697500
va_loss: 0.599755, va_score: 0.700000
te_loss: 0.591422, te_score: 0.720000

time = 17
tr_loss: 0.579175, tr_score: 0.710000
va_loss: 0.551791, va_score: 0.730000
te_loss: 0.608136, te_score: 0.680000

time = 17
tr_loss: 0.587962, tr_score: 0.716250
va_loss: 0.630983, va_score: 0.700000
te_loss: 0.640754, te_score: 0.690000

======================================================
17  Seed:  [9997. 6891. 7283.  296. 4194.  627. 9187. 9699.  412. 3964. 5059. 1882.
 6859. 7098. 9012. 6459. 3018. 8410. 9321. 1260.]
tr_loss: 0.576321, tr_score: 0.715000
va_loss: 0.603176, va_score: 0.697000
te_loss: 0.601037, te_score: 0.694500
time = 18
tr_loss: 0.614315, tr_score: 0.688750
va_loss: 0.627455, va_score: 0.710000
te_loss: 0.568304, te_score: 0.760000

time = 18
tr_loss: 0.571424, tr_score: 0.705000
va_loss: 0.541378, va_score: 0.720000
te_loss: 0.537412, te_score: 0.730000

time = 18
tr_loss: 0.588954, tr_score: 0.708750
va_loss: 0.571353, va_score: 0.760000
te_loss: 0.565098, te_score: 0.710000

time = 18
tr_loss: 0.512904, tr_score: 0.756250
va_loss: 0.523443, va_score: 0.750000
te_loss: 0.499899, te_score: 0.760000

time = 18
tr_loss: 0.598139, tr_score: 0.691250
va_loss: 0.625873, va_score: 0.680000
te_loss: 0.528120, te_score: 0.740000

time = 18
tr_loss: 0.572905, tr_score: 0.698750
va_loss: 0.586217, va_score: 0.700000
te_loss: 0.547431, te_score: 0.750000

time = 18
tr_loss: 0.567828, tr_score: 0.713750
va_loss: 0.624047, va_score: 0.680000
te_loss: 0.490264, te_score: 0.750000

time = 18
tr_loss: 0.560926, tr_score: 0.731250
va_loss: 0.597780, va_score: 0.690000
te_loss: 0.669901, te_score: 0.580000

time = 18
tr_loss: 0.603456, tr_score: 0.706250
va_loss: 0.564153, va_score: 0.750000
te_loss: 0.597752, te_score: 0.730000

time = 18
tr_loss: 0.578687, tr_score: 0.695000
va_loss: 0.558098, va_score: 0.730000
te_loss: 0.612279, te_score: 0.650000

time = 18
tr_loss: 0.571131, tr_score: 0.706250
va_loss: 0.604340, va_score: 0.670000
te_loss: 0.512220, te_score: 0.740000

time = 18
tr_loss: 0.584248, tr_score: 0.725000
va_loss: 0.615530, va_score: 0.680000
te_loss: 0.587853, te_score: 0.720000

time = 18
tr_loss: 0.536320, tr_score: 0.728750
va_loss: 0.595788, va_score: 0.660000
te_loss: 0.564631, te_score: 0.690000

time = 18
tr_loss: 0.596403, tr_score: 0.680000
va_loss: 0.545217, va_score: 0.690000
te_loss: 0.560556, te_score: 0.710000

time = 18
tr_loss: 0.618475, tr_score: 0.622500
va_loss: 0.607110, va_score: 0.710000
te_loss: 0.586486, te_score: 0.700000

time = 18
tr_loss: 0.565670, tr_score: 0.706250
va_loss: 0.503059, va_score: 0.790000
te_loss: 0.492461, te_score: 0.750000

time = 18
tr_loss: 0.544330, tr_score: 0.717500
va_loss: 0.568774, va_score: 0.680000
te_loss: 0.487891, te_score: 0.790000

time = 18
tr_loss: 0.554350, tr_score: 0.722500
va_loss: 0.534993, va_score: 0.750000
te_loss: 0.606662, te_score: 0.690000

time = 18
tr_loss: 0.577758, tr_score: 0.721250
va_loss: 0.559871, va_score: 0.740000
te_loss: 0.600950, te_score: 0.690000

time = 18
tr_loss: 0.580959, tr_score: 0.707500
va_loss: 0.566362, va_score: 0.740000
te_loss: 0.587169, te_score: 0.670000

======================================================
18  Seed:  [ 873. 4207. 9606. 9170. 6333. 9407. 8590.  438. 6112. 2282. 5826. 4132.
 5788. 3773.  899. 1544. 7119. 3120. 1138. 3253.]
tr_loss: 0.574959, tr_score: 0.706625
va_loss: 0.576042, va_score: 0.714000
te_loss: 0.560167, te_score: 0.715500
time = 19
tr_loss: 0.594555, tr_score: 0.717500
va_loss: 0.638711, va_score: 0.660000
te_loss: 0.649250, te_score: 0.660000

time = 19
tr_loss: 0.566556, tr_score: 0.726250
va_loss: 0.565615, va_score: 0.730000
te_loss: 0.614899, te_score: 0.630000

time = 19
tr_loss: 0.593219, tr_score: 0.693750
va_loss: 0.534623, va_score: 0.760000
te_loss: 0.622441, te_score: 0.690000

time = 19
tr_loss: 0.585611, tr_score: 0.715000
va_loss: 0.610400, va_score: 0.690000
te_loss: 0.592202, te_score: 0.660000

time = 19
tr_loss: 0.600324, tr_score: 0.700000
va_loss: 0.585887, va_score: 0.730000
te_loss: 0.512555, te_score: 0.750000

time = 19
tr_loss: 0.583495, tr_score: 0.707500
va_loss: 0.568686, va_score: 0.760000
te_loss: 0.647291, te_score: 0.660000

time = 19
tr_loss: 0.601320, tr_score: 0.708750
va_loss: 0.582660, va_score: 0.730000
te_loss: 0.633729, te_score: 0.670000

time = 19
tr_loss: 0.560711, tr_score: 0.715000
va_loss: 0.588970, va_score: 0.700000
te_loss: 0.614173, te_score: 0.660000

time = 19
tr_loss: 0.596466, tr_score: 0.712500
va_loss: 0.631444, va_score: 0.680000
te_loss: 0.534488, te_score: 0.800000

time = 19
tr_loss: 0.553150, tr_score: 0.728750
va_loss: 0.625876, va_score: 0.670000
te_loss: 0.619955, te_score: 0.690000

time = 19
tr_loss: 0.627215, tr_score: 0.702500
va_loss: 0.591283, va_score: 0.740000
te_loss: 0.686166, te_score: 0.660000

time = 19
tr_loss: 0.566646, tr_score: 0.720000
va_loss: 0.587153, va_score: 0.720000
te_loss: 0.585838, te_score: 0.720000

time = 19
tr_loss: 0.598487, tr_score: 0.687500
va_loss: 0.657990, va_score: 0.640000
te_loss: 0.698396, te_score: 0.610000

time = 19
tr_loss: 0.603606, tr_score: 0.707500
va_loss: 0.597972, va_score: 0.700000
te_loss: 0.594846, te_score: 0.720000

time = 19
tr_loss: 0.579828, tr_score: 0.703750
va_loss: 0.599108, va_score: 0.680000
te_loss: 0.518154, te_score: 0.780000

time = 19
tr_loss: 0.616121, tr_score: 0.696250
va_loss: 0.550171, va_score: 0.780000
te_loss: 0.578119, te_score: 0.710000

time = 19
tr_loss: 0.540764, tr_score: 0.741250
va_loss: 0.532019, va_score: 0.760000
te_loss: 0.581138, te_score: 0.700000

time = 19
tr_loss: 0.609847, tr_score: 0.705000
va_loss: 0.638847, va_score: 0.680000
te_loss: 0.612670, te_score: 0.710000

time = 19
tr_loss: 0.584221, tr_score: 0.700000
va_loss: 0.541067, va_score: 0.750000
te_loss: 0.583514, te_score: 0.720000

time = 19
tr_loss: 0.599418, tr_score: 0.700000
va_loss: 0.653139, va_score: 0.630000
te_loss: 0.554751, te_score: 0.770000

======================================================
19  Seed:  [3709. 6253. 7969. 4492. 4878.  212. 2129. 7387.  610. 9877. 6936. 8416.
 1824. 6324. 9841. 5493. 7619. 7977.  518. 1963.]
tr_loss: 0.588078, tr_score: 0.709438
va_loss: 0.594081, va_score: 0.709500
te_loss: 0.601729, te_score: 0.698500
time = 20
tr_loss: 0.577400, tr_score: 0.717500
va_loss: 0.584798, va_score: 0.690000
te_loss: 0.601538, te_score: 0.680000

time = 20
tr_loss: 0.596781, tr_score: 0.686250
va_loss: 0.556142, va_score: 0.760000
te_loss: 0.592011, te_score: 0.680000

time = 20
tr_loss: 0.563947, tr_score: 0.702500
va_loss: 0.566246, va_score: 0.700000
te_loss: 0.590481, te_score: 0.690000

time = 20
tr_loss: 0.567669, tr_score: 0.718750
va_loss: 0.610556, va_score: 0.660000
te_loss: 0.516149, te_score: 0.770000

time = 20
tr_loss: 0.593007, tr_score: 0.686250
va_loss: 0.653428, va_score: 0.600000
te_loss: 0.585066, te_score: 0.690000

time = 20
tr_loss: 0.587362, tr_score: 0.701250
va_loss: 0.562830, va_score: 0.760000
te_loss: 0.600024, te_score: 0.700000

time = 20
tr_loss: 0.601263, tr_score: 0.692500
va_loss: 0.550868, va_score: 0.760000
te_loss: 0.601125, te_score: 0.700000

time = 20
tr_loss: 0.585719, tr_score: 0.712500
va_loss: 0.647321, va_score: 0.670000
te_loss: 0.605883, te_score: 0.710000

time = 20
tr_loss: 0.609448, tr_score: 0.692500
va_loss: 0.575523, va_score: 0.710000
te_loss: 0.572701, te_score: 0.750000

time = 20
tr_loss: 0.630672, tr_score: 0.686250
va_loss: 0.554559, va_score: 0.780000
te_loss: 0.583560, te_score: 0.730000

time = 20
tr_loss: 0.582680, tr_score: 0.706250
va_loss: 0.596163, va_score: 0.700000
te_loss: 0.565206, te_score: 0.750000

time = 20
tr_loss: 0.620343, tr_score: 0.691250
va_loss: 0.608622, va_score: 0.720000
te_loss: 0.573174, te_score: 0.750000

time = 20
tr_loss: 0.592086, tr_score: 0.715000
va_loss: 0.563044, va_score: 0.710000
te_loss: 0.637322, te_score: 0.650000

time = 20
tr_loss: 0.576100, tr_score: 0.723750
va_loss: 0.606998, va_score: 0.710000
te_loss: 0.572646, te_score: 0.710000

time = 20
tr_loss: 0.538827, tr_score: 0.712500
va_loss: 0.527329, va_score: 0.740000
te_loss: 0.569207, te_score: 0.760000

time = 20
tr_loss: 0.545204, tr_score: 0.747500
va_loss: 0.643467, va_score: 0.660000
te_loss: 0.532914, te_score: 0.730000

time = 20
tr_loss: 0.580417, tr_score: 0.720000
va_loss: 0.516609, va_score: 0.820000
te_loss: 0.534817, te_score: 0.760000

time = 20
tr_loss: 0.559351, tr_score: 0.730000
va_loss: 0.597799, va_score: 0.740000
te_loss: 0.583167, te_score: 0.720000

time = 20
tr_loss: 0.616839, tr_score: 0.690000
va_loss: 0.572757, va_score: 0.740000
te_loss: 0.589097, te_score: 0.720000

time = 20
tr_loss: 0.535603, tr_score: 0.732500
va_loss: 0.586690, va_score: 0.690000
te_loss: 0.548349, te_score: 0.690000

======================================================
20  Seed:  [8890. 5137. 6638. 5364. 3035. 4210. 5798. 9783. 7946.  146. 8127. 1556.
 1338. 7812. 5900. 6230. 6141. 6234. 5455. 7649.]
tr_loss: 0.583036, tr_score: 0.708250
va_loss: 0.584088, va_score: 0.716000
te_loss: 0.577722, te_score: 0.717000


mid seed:  [ 879. 4612.  287.  491. 3659. 8251. 7507. 1140. 3507. 4318. 9716. 8900.
 3870. 2555. 7340. 8792.  757. 6674. 3143.  691.]
mid test scores 0.704
