time = 0
tr_loss: 0.532553, tr_score: 0.718750
va_loss: 0.536235, va_score: 0.720000
te_loss: 0.559106, te_score: 0.710000

time = 0
tr_loss: 0.561833, tr_score: 0.723750
va_loss: 0.598821, va_score: 0.690000
te_loss: 0.678195, te_score: 0.600000

time = 0
tr_loss: 0.564624, tr_score: 0.717500
va_loss: 0.638297, va_score: 0.620000
te_loss: 0.619927, te_score: 0.700000

time = 0
tr_loss: 0.575999, tr_score: 0.696250
va_loss: 0.555589, va_score: 0.740000
te_loss: 0.597996, te_score: 0.700000

time = 0
tr_loss: 0.589081, tr_score: 0.717500
va_loss: 0.653325, va_score: 0.650000
te_loss: 0.539849, te_score: 0.770000

time = 0
tr_loss: 0.573103, tr_score: 0.722500
va_loss: 0.676549, va_score: 0.610000
te_loss: 0.678622, te_score: 0.630000

time = 0
tr_loss: 0.595643, tr_score: 0.710000
va_loss: 0.620545, va_score: 0.680000
te_loss: 0.539391, te_score: 0.750000

time = 0
tr_loss: 0.598968, tr_score: 0.698750
va_loss: 0.559715, va_score: 0.740000
te_loss: 0.603302, te_score: 0.670000

time = 0
tr_loss: 0.555843, tr_score: 0.712500
va_loss: 0.520910, va_score: 0.720000
te_loss: 0.576448, te_score: 0.700000

time = 0
tr_loss: 0.610147, tr_score: 0.703750
va_loss: 0.641237, va_score: 0.680000
te_loss: 0.537391, te_score: 0.800000

time = 0
tr_loss: 0.589728, tr_score: 0.707500
va_loss: 0.556259, va_score: 0.750000
te_loss: 0.661063, te_score: 0.630000

time = 0
tr_loss: 0.628469, tr_score: 0.716250
va_loss: 0.640931, va_score: 0.710000
te_loss: 0.767653, te_score: 0.560000

time = 0
tr_loss: 0.554774, tr_score: 0.736250
va_loss: 0.571715, va_score: 0.660000
te_loss: 0.676398, te_score: 0.630000

time = 0
tr_loss: 0.600689, tr_score: 0.711250
va_loss: 0.628723, va_score: 0.680000
te_loss: 0.682216, te_score: 0.630000

time = 0
tr_loss: 0.583535, tr_score: 0.716250
va_loss: 0.617619, va_score: 0.720000
te_loss: 0.597946, te_score: 0.730000

time = 0
tr_loss: 0.571482, tr_score: 0.718750
va_loss: 0.621741, va_score: 0.650000
te_loss: 0.563498, te_score: 0.720000

time = 0
tr_loss: 0.569122, tr_score: 0.721250
va_loss: 0.611649, va_score: 0.690000
te_loss: 0.565418, te_score: 0.740000

time = 0
tr_loss: 0.637013, tr_score: 0.658750
va_loss: 0.629809, va_score: 0.650000
te_loss: 0.679395, te_score: 0.550000

time = 0
tr_loss: 0.562370, tr_score: 0.722500
va_loss: 0.586826, va_score: 0.700000
te_loss: 0.680541, te_score: 0.630000

time = 0
tr_loss: 0.623417, tr_score: 0.697500
va_loss: 0.555817, va_score: 0.780000
te_loss: 0.674588, te_score: 0.640000

======================================================
0  Seed:  [ 140. 2411. 2238. 5068. 2300. 9812. 6334. 4380. 4021. 8554. 2226. 8534.
 4715. 7921. 4457. 6212.  255.  495. 8301.  932.]
tr_loss: 0.583920, tr_score: 0.711375
va_loss: 0.601116, va_score: 0.692000
te_loss: 0.623947, te_score: 0.674500
time = 1
tr_loss: 0.558100, tr_score: 0.726250
va_loss: 0.648624, va_score: 0.630000
te_loss: 0.587798, te_score: 0.710000

time = 1
tr_loss: 0.583385, tr_score: 0.727500
va_loss: 0.649903, va_score: 0.620000
te_loss: 0.575432, te_score: 0.750000

time = 1
tr_loss: 0.592011, tr_score: 0.695000
va_loss: 0.605340, va_score: 0.690000
te_loss: 0.534074, te_score: 0.740000

time = 1
tr_loss: 0.569709, tr_score: 0.713750
va_loss: 0.560900, va_score: 0.740000
te_loss: 0.649719, te_score: 0.650000

time = 1
tr_loss: 0.598388, tr_score: 0.702500
va_loss: 0.632923, va_score: 0.650000
te_loss: 0.572489, te_score: 0.730000

time = 1
tr_loss: 0.579051, tr_score: 0.726250
va_loss: 0.597822, va_score: 0.680000
te_loss: 0.532797, te_score: 0.750000

time = 1
tr_loss: 0.575149, tr_score: 0.705000
va_loss: 0.563728, va_score: 0.730000
te_loss: 0.589552, te_score: 0.700000

time = 1
tr_loss: 0.585280, tr_score: 0.708750
va_loss: 0.599914, va_score: 0.710000
te_loss: 0.551761, te_score: 0.730000

time = 1
tr_loss: 0.562905, tr_score: 0.723750
va_loss: 0.574363, va_score: 0.660000
te_loss: 0.558624, te_score: 0.720000

time = 1
tr_loss: 0.555965, tr_score: 0.735000
va_loss: 0.571040, va_score: 0.750000
te_loss: 0.640092, te_score: 0.630000

time = 1
tr_loss: 0.593065, tr_score: 0.700000
va_loss: 0.623655, va_score: 0.660000
te_loss: 0.524730, te_score: 0.780000

time = 1
tr_loss: 0.574894, tr_score: 0.718750
va_loss: 0.590449, va_score: 0.690000
te_loss: 0.571631, te_score: 0.710000

time = 1
tr_loss: 0.591139, tr_score: 0.688750
va_loss: 0.487965, va_score: 0.840000
te_loss: 0.620991, te_score: 0.650000

time = 1
tr_loss: 0.576846, tr_score: 0.702500
va_loss: 0.549417, va_score: 0.730000
te_loss: 0.557466, te_score: 0.710000

time = 1
tr_loss: 0.660212, tr_score: 0.703750
va_loss: 0.686120, va_score: 0.640000
te_loss: 0.611525, te_score: 0.710000

time = 1
tr_loss: 0.555053, tr_score: 0.702500
va_loss: 0.567836, va_score: 0.720000
te_loss: 0.567532, te_score: 0.710000

time = 1
tr_loss: 0.580074, tr_score: 0.705000
va_loss: 0.551326, va_score: 0.760000
te_loss: 0.571688, te_score: 0.720000

time = 1
tr_loss: 0.547143, tr_score: 0.737500
va_loss: 0.583209, va_score: 0.680000
te_loss: 0.530545, te_score: 0.760000

time = 1
tr_loss: 0.586099, tr_score: 0.702500
va_loss: 0.572968, va_score: 0.780000
te_loss: 0.572753, te_score: 0.690000

time = 1
tr_loss: 0.545724, tr_score: 0.707500
va_loss: 0.575788, va_score: 0.720000
te_loss: 0.513594, te_score: 0.770000

======================================================
1  Seed:  [8640.  888. 4066.  552. 1437. 6591. 8969.  824. 8811.  938.  550. 9822.
 6241. 3057. 1352. 8361. 5326. 3377. 2314. 8889.]
tr_loss: 0.578510, tr_score: 0.711625
va_loss: 0.589664, va_score: 0.704000
te_loss: 0.571740, te_score: 0.716000
time = 2
tr_loss: 0.562003, tr_score: 0.727500
va_loss: 0.561617, va_score: 0.700000
te_loss: 0.627297, te_score: 0.670000

time = 2
tr_loss: 0.579958, tr_score: 0.688750
va_loss: 0.497974, va_score: 0.780000
te_loss: 0.569884, te_score: 0.710000

time = 2
tr_loss: 0.614657, tr_score: 0.710000
va_loss: 0.574806, va_score: 0.740000
te_loss: 0.617377, te_score: 0.710000

time = 2
tr_loss: 0.575842, tr_score: 0.711250
va_loss: 0.620630, va_score: 0.700000
te_loss: 0.572863, te_score: 0.700000

time = 2
tr_loss: 0.540966, tr_score: 0.725000
va_loss: 0.505434, va_score: 0.780000
te_loss: 0.475832, te_score: 0.760000

time = 2
tr_loss: 0.481493, tr_score: 0.760000
va_loss: 0.498291, va_score: 0.750000
te_loss: 0.599741, te_score: 0.650000

time = 2
tr_loss: 0.593013, tr_score: 0.678750
va_loss: 0.713597, va_score: 0.540000
te_loss: 0.614290, te_score: 0.650000

time = 2
tr_loss: 0.602353, tr_score: 0.687500
va_loss: 0.573789, va_score: 0.730000
te_loss: 0.601143, te_score: 0.720000

time = 2
tr_loss: 0.498520, tr_score: 0.758750
va_loss: 0.492813, va_score: 0.770000
te_loss: 0.529231, te_score: 0.770000

time = 2
tr_loss: 0.586948, tr_score: 0.686250
va_loss: 0.572191, va_score: 0.740000
te_loss: 0.572528, te_score: 0.690000

time = 2
tr_loss: 0.581073, tr_score: 0.711250
va_loss: 0.591013, va_score: 0.690000
te_loss: 0.622109, te_score: 0.650000

time = 2
tr_loss: 0.599947, tr_score: 0.698750
va_loss: 0.575852, va_score: 0.720000
te_loss: 0.530338, te_score: 0.770000

time = 2
tr_loss: 0.571967, tr_score: 0.705000
va_loss: 0.578826, va_score: 0.730000
te_loss: 0.594103, te_score: 0.690000

time = 2
tr_loss: 0.593277, tr_score: 0.692500
va_loss: 0.560246, va_score: 0.770000
te_loss: 0.573175, te_score: 0.720000

time = 2
tr_loss: 0.597811, tr_score: 0.706250
va_loss: 0.583719, va_score: 0.670000
te_loss: 0.585669, te_score: 0.720000

time = 2
tr_loss: 0.574439, tr_score: 0.716250
va_loss: 0.518448, va_score: 0.750000
te_loss: 0.533989, te_score: 0.760000

time = 2
tr_loss: 0.579151, tr_score: 0.708750
va_loss: 0.596208, va_score: 0.720000
te_loss: 0.605275, te_score: 0.660000

time = 2
tr_loss: 0.540856, tr_score: 0.732500
va_loss: 0.541687, va_score: 0.730000
te_loss: 0.485677, te_score: 0.800000

time = 2
tr_loss: 0.540370, tr_score: 0.740000
va_loss: 0.555775, va_score: 0.730000
te_loss: 0.548564, te_score: 0.700000

time = 2
tr_loss: 0.498314, tr_score: 0.765000
va_loss: 0.500132, va_score: 0.770000
te_loss: 0.550805, te_score: 0.730000

======================================================
2  Seed:  [5478. 7027. 2150. 7559. 3662. 2043. 8598. 4158. 6442. 4398. 3939. 9768.
 5143. 2231.  162. 6860. 3496. 7749. 2530. 2730.]
tr_loss: 0.565648, tr_score: 0.715500
va_loss: 0.560652, va_score: 0.725500
te_loss: 0.570494, te_score: 0.711500
time = 3
tr_loss: 0.562240, tr_score: 0.736250
va_loss: 0.607532, va_score: 0.690000
te_loss: 0.572784, te_score: 0.710000

time = 3
tr_loss: 0.494106, tr_score: 0.752500
va_loss: 0.549667, va_score: 0.660000
te_loss: 0.514113, te_score: 0.730000

time = 3
tr_loss: 0.567837, tr_score: 0.723750
va_loss: 0.649246, va_score: 0.720000
te_loss: 0.691228, te_score: 0.620000

time = 3
tr_loss: 0.594562, tr_score: 0.690000
va_loss: 0.558938, va_score: 0.770000
te_loss: 0.588982, te_score: 0.710000

time = 3
tr_loss: 0.583271, tr_score: 0.710000
va_loss: 0.543989, va_score: 0.740000
te_loss: 0.620762, te_score: 0.690000

time = 3
tr_loss: 0.576902, tr_score: 0.708750
va_loss: 0.517522, va_score: 0.790000
te_loss: 0.656608, te_score: 0.630000

time = 3
tr_loss: 0.596580, tr_score: 0.735000
va_loss: 0.681391, va_score: 0.650000
te_loss: 0.607329, te_score: 0.690000

time = 3
tr_loss: 0.575955, tr_score: 0.683750
va_loss: 0.668360, va_score: 0.610000
te_loss: 0.675603, te_score: 0.560000

time = 3
tr_loss: 0.585389, tr_score: 0.707500
va_loss: 0.647600, va_score: 0.640000
te_loss: 0.593856, te_score: 0.700000

time = 3
tr_loss: 0.598608, tr_score: 0.697500
va_loss: 0.604283, va_score: 0.710000
te_loss: 0.583349, te_score: 0.710000

time = 3
tr_loss: 0.573416, tr_score: 0.717500
va_loss: 0.597406, va_score: 0.740000
te_loss: 0.574556, te_score: 0.720000

time = 3
tr_loss: 0.567188, tr_score: 0.717500
va_loss: 0.553624, va_score: 0.740000
te_loss: 0.598737, te_score: 0.680000

time = 3
tr_loss: 0.576108, tr_score: 0.708750
va_loss: 0.560405, va_score: 0.730000
te_loss: 0.595730, te_score: 0.710000

time = 3
tr_loss: 0.590310, tr_score: 0.697500
va_loss: 0.628736, va_score: 0.670000
te_loss: 0.531733, te_score: 0.760000

time = 3
tr_loss: 0.638072, tr_score: 0.716250
va_loss: 0.640467, va_score: 0.690000
te_loss: 0.635284, te_score: 0.690000

time = 3
tr_loss: 0.570843, tr_score: 0.711250
va_loss: 0.608832, va_score: 0.690000
te_loss: 0.583163, te_score: 0.710000

time = 3
tr_loss: 0.557227, tr_score: 0.706250
va_loss: 0.572044, va_score: 0.700000
te_loss: 0.622788, te_score: 0.660000

time = 3
tr_loss: 0.580690, tr_score: 0.723750
va_loss: 0.754901, va_score: 0.570000
te_loss: 0.601663, te_score: 0.720000

time = 3
tr_loss: 0.594434, tr_score: 0.710000
va_loss: 0.607816, va_score: 0.700000
te_loss: 0.581791, te_score: 0.720000

time = 3
tr_loss: 0.549434, tr_score: 0.737500
va_loss: 0.570160, va_score: 0.690000
te_loss: 0.543196, te_score: 0.750000

======================================================
3  Seed:  [6469. 3301. 7178. 4323. 9525.  454. 7215. 4562. 5178. 3971. 9338. 3960.
 2970. 9630. 2254.  396. 4264. 8949. 7913. 1289.]
tr_loss: 0.576659, tr_score: 0.714563
va_loss: 0.606146, va_score: 0.695000
te_loss: 0.598663, te_score: 0.693500
time = 4
tr_loss: 0.570733, tr_score: 0.711250
va_loss: 0.550028, va_score: 0.750000
te_loss: 0.529995, te_score: 0.740000

time = 4
tr_loss: 0.555952, tr_score: 0.723750
va_loss: 0.508157, va_score: 0.750000
te_loss: 0.545125, te_score: 0.720000

time = 4
tr_loss: 0.613826, tr_score: 0.710000
va_loss: 0.598530, va_score: 0.740000
te_loss: 0.581242, te_score: 0.690000

time = 4
tr_loss: 0.589555, tr_score: 0.698750
va_loss: 0.571696, va_score: 0.760000
te_loss: 0.626227, te_score: 0.660000

time = 4
tr_loss: 0.598567, tr_score: 0.708750
va_loss: 0.647516, va_score: 0.640000
te_loss: 0.576708, te_score: 0.740000

time = 4
tr_loss: 0.551222, tr_score: 0.726250
va_loss: 0.548818, va_score: 0.710000
te_loss: 0.555497, te_score: 0.670000

time = 4
tr_loss: 0.601276, tr_score: 0.706250
va_loss: 0.602457, va_score: 0.700000
te_loss: 0.592569, te_score: 0.690000

time = 4
tr_loss: 0.612716, tr_score: 0.702500
va_loss: 0.696541, va_score: 0.660000
te_loss: 0.569805, te_score: 0.750000

time = 4
tr_loss: 0.627859, tr_score: 0.695000
va_loss: 0.616871, va_score: 0.700000
te_loss: 0.565479, te_score: 0.770000

time = 4
tr_loss: 0.579564, tr_score: 0.712500
va_loss: 0.568528, va_score: 0.730000
te_loss: 0.553887, te_score: 0.720000

time = 4
tr_loss: 0.554810, tr_score: 0.732500
va_loss: 0.649282, va_score: 0.630000
te_loss: 0.581019, te_score: 0.660000

time = 4
tr_loss: 0.545113, tr_score: 0.716250
va_loss: 0.541429, va_score: 0.720000
te_loss: 0.541341, te_score: 0.730000

time = 4
tr_loss: 0.592314, tr_score: 0.693750
va_loss: 0.536858, va_score: 0.770000
te_loss: 0.616049, te_score: 0.690000

time = 4
tr_loss: 0.562213, tr_score: 0.710000
va_loss: 0.495290, va_score: 0.810000
te_loss: 0.515159, te_score: 0.780000

time = 4
tr_loss: 0.539249, tr_score: 0.722500
va_loss: 0.534182, va_score: 0.730000
te_loss: 0.630558, te_score: 0.670000

time = 4
tr_loss: 0.553068, tr_score: 0.730000
va_loss: 0.544751, va_score: 0.730000
te_loss: 0.523787, te_score: 0.790000

time = 4
tr_loss: 0.598564, tr_score: 0.700000
va_loss: 0.592406, va_score: 0.770000
te_loss: 0.635557, te_score: 0.680000

time = 4
tr_loss: 0.573905, tr_score: 0.717500
va_loss: 0.568705, va_score: 0.730000
te_loss: 0.601399, te_score: 0.700000

time = 4
tr_loss: 0.565875, tr_score: 0.711250
va_loss: 0.668969, va_score: 0.630000
te_loss: 0.629082, te_score: 0.740000

time = 4
tr_loss: 0.568712, tr_score: 0.712500
va_loss: 0.566652, va_score: 0.720000
te_loss: 0.528311, te_score: 0.730000

======================================================
4  Seed:  [8744.  130. 2730. 2289. 3436.   91. 5431.  214. 1996. 7906. 4318. 5189.
 9458. 5884. 7590. 9032. 7937. 3024. 1021. 9551.]
tr_loss: 0.577755, tr_score: 0.712062
va_loss: 0.580383, va_score: 0.719000
te_loss: 0.574940, te_score: 0.716000
time = 5
tr_loss: 0.575073, tr_score: 0.711250
va_loss: 0.602875, va_score: 0.660000
te_loss: 0.600673, te_score: 0.650000

time = 5
tr_loss: 0.617913, tr_score: 0.691250
va_loss: 0.587897, va_score: 0.720000
te_loss: 0.561647, te_score: 0.760000

time = 5
tr_loss: 0.582110, tr_score: 0.717500
va_loss: 0.594970, va_score: 0.680000
te_loss: 0.582411, te_score: 0.710000

time = 5
tr_loss: 0.536800, tr_score: 0.726250
va_loss: 0.562523, va_score: 0.700000
te_loss: 0.547431, te_score: 0.760000

time = 5
tr_loss: 0.585359, tr_score: 0.705000
va_loss: 0.626708, va_score: 0.680000
te_loss: 0.515407, te_score: 0.790000

time = 5
tr_loss: 0.566353, tr_score: 0.715000
va_loss: 0.533159, va_score: 0.770000
te_loss: 0.522331, te_score: 0.780000

time = 5
tr_loss: 0.603146, tr_score: 0.688750
va_loss: 0.551596, va_score: 0.700000
te_loss: 0.629671, te_score: 0.710000

time = 5
tr_loss: 0.552538, tr_score: 0.721250
va_loss: 0.612475, va_score: 0.720000
te_loss: 0.530374, te_score: 0.790000

time = 5
tr_loss: 0.571888, tr_score: 0.720000
va_loss: 0.560119, va_score: 0.750000
te_loss: 0.562808, te_score: 0.740000

time = 5
tr_loss: 0.559801, tr_score: 0.708750
va_loss: 0.560590, va_score: 0.720000
te_loss: 0.534658, te_score: 0.770000

time = 5
tr_loss: 0.510116, tr_score: 0.760000
va_loss: 0.593661, va_score: 0.660000
te_loss: 0.562895, te_score: 0.740000

time = 5
tr_loss: 0.581932, tr_score: 0.715000
va_loss: 0.492171, va_score: 0.810000
te_loss: 0.553249, te_score: 0.720000

time = 5
tr_loss: 0.591191, tr_score: 0.710000
va_loss: 0.563214, va_score: 0.710000
te_loss: 0.573678, te_score: 0.730000

time = 5
tr_loss: 0.573544, tr_score: 0.722500
va_loss: 0.579971, va_score: 0.730000
te_loss: 0.638215, te_score: 0.680000

time = 5
tr_loss: 0.577802, tr_score: 0.712500
va_loss: 0.605361, va_score: 0.690000
te_loss: 0.561819, te_score: 0.690000

time = 5
tr_loss: 0.533674, tr_score: 0.742500
va_loss: 0.511079, va_score: 0.760000
te_loss: 0.580079, te_score: 0.680000

time = 5
tr_loss: 0.596978, tr_score: 0.712500
va_loss: 0.637338, va_score: 0.680000
te_loss: 0.595730, te_score: 0.710000

time = 5
tr_loss: 0.598458, tr_score: 0.692500
va_loss: 0.512671, va_score: 0.780000
te_loss: 0.613248, te_score: 0.680000

time = 5
tr_loss: 0.584395, tr_score: 0.722500
va_loss: 0.490217, va_score: 0.810000
te_loss: 0.675674, te_score: 0.610000

time = 5
tr_loss: 0.591068, tr_score: 0.711250
va_loss: 0.672637, va_score: 0.640000
te_loss: 0.629605, te_score: 0.690000

======================================================
5  Seed:  [1237. 6412. 2121. 6405. 4525. 1302. 1340. 7513. 9914. 1173. 2339. 2687.
 5417. 1769. 4522. 4161. 3470. 2003. 6862. 6659.]
tr_loss: 0.574507, tr_score: 0.715313
va_loss: 0.572562, va_score: 0.718500
te_loss: 0.578580, te_score: 0.719500
time = 6
tr_loss: 0.567081, tr_score: 0.716250
va_loss: 0.528279, va_score: 0.760000
te_loss: 0.589853, te_score: 0.690000

time = 6
tr_loss: 0.573954, tr_score: 0.722500
va_loss: 0.646341, va_score: 0.650000
te_loss: 0.597245, te_score: 0.710000

time = 6
tr_loss: 0.599109, tr_score: 0.715000
va_loss: 0.630032, va_score: 0.690000
te_loss: 0.635132, te_score: 0.690000

time = 6
tr_loss: 0.571955, tr_score: 0.721250
va_loss: 0.590487, va_score: 0.710000
te_loss: 0.606641, te_score: 0.650000

time = 6
tr_loss: 0.562277, tr_score: 0.702500
va_loss: 0.558362, va_score: 0.670000
te_loss: 0.473205, te_score: 0.810000

time = 6
tr_loss: 0.587685, tr_score: 0.728750
va_loss: 0.627342, va_score: 0.670000
te_loss: 0.678469, te_score: 0.610000

time = 6
tr_loss: 0.626575, tr_score: 0.710000
va_loss: 0.637083, va_score: 0.670000
te_loss: 0.627570, te_score: 0.730000

time = 6
tr_loss: 0.587972, tr_score: 0.715000
va_loss: 0.631760, va_score: 0.670000
te_loss: 0.615620, te_score: 0.680000

time = 6
tr_loss: 0.611266, tr_score: 0.650000
va_loss: 0.580568, va_score: 0.650000
te_loss: 0.625180, te_score: 0.660000

time = 6
tr_loss: 0.601158, tr_score: 0.660000
va_loss: 0.566517, va_score: 0.690000
te_loss: 0.635762, te_score: 0.610000

time = 6
tr_loss: 0.579702, tr_score: 0.720000
va_loss: 0.602117, va_score: 0.670000
te_loss: 0.678306, te_score: 0.610000

time = 6
tr_loss: 0.554917, tr_score: 0.726250
va_loss: 0.575272, va_score: 0.710000
te_loss: 0.595090, te_score: 0.680000

time = 6
tr_loss: 0.594678, tr_score: 0.722500
va_loss: 0.563884, va_score: 0.770000
te_loss: 0.622959, te_score: 0.680000

time = 6
tr_loss: 0.606814, tr_score: 0.700000
va_loss: 0.567714, va_score: 0.750000
te_loss: 0.568869, te_score: 0.750000

time = 6
tr_loss: 0.587597, tr_score: 0.707500
va_loss: 0.589003, va_score: 0.710000
te_loss: 0.649002, te_score: 0.640000

time = 6
tr_loss: 0.588362, tr_score: 0.706250
va_loss: 0.622783, va_score: 0.680000
te_loss: 0.590308, te_score: 0.710000

time = 6
tr_loss: 0.581296, tr_score: 0.715000
va_loss: 0.590650, va_score: 0.700000
te_loss: 0.602605, te_score: 0.710000

time = 6
tr_loss: 0.670309, tr_score: 0.695000
va_loss: 0.609405, va_score: 0.740000
te_loss: 0.653405, te_score: 0.700000

time = 6
tr_loss: 0.575900, tr_score: 0.710000
va_loss: 0.563634, va_score: 0.720000
te_loss: 0.577694, te_score: 0.700000

time = 6
tr_loss: 0.524331, tr_score: 0.757500
va_loss: 0.577053, va_score: 0.740000
te_loss: 0.528409, te_score: 0.730000

======================================================
6  Seed:  [7694. 6294. 7622. 3529.   96. 7204. 5217. 3436.  887. 8110. 7803. 3805.
 1114. 2222. 9584. 2008. 1959. 4210.  576. 6097.]
tr_loss: 0.587647, tr_score: 0.710063
va_loss: 0.592914, va_score: 0.701000
te_loss: 0.607566, te_score: 0.687500
time = 7
tr_loss: 0.601706, tr_score: 0.697500
va_loss: 0.615349, va_score: 0.690000
te_loss: 0.571839, te_score: 0.730000

time = 7
tr_loss: 0.584749, tr_score: 0.708750
va_loss: 0.525493, va_score: 0.770000
te_loss: 0.578992, te_score: 0.700000

time = 7
tr_loss: 0.565441, tr_score: 0.720000
va_loss: 0.505034, va_score: 0.730000
te_loss: 0.540077, te_score: 0.730000

time = 7
tr_loss: 0.555822, tr_score: 0.702500
va_loss: 0.565193, va_score: 0.690000
te_loss: 0.587393, te_score: 0.720000

time = 7
tr_loss: 0.552580, tr_score: 0.703750
va_loss: 0.536370, va_score: 0.750000
te_loss: 0.570420, te_score: 0.740000

time = 7
tr_loss: 0.583503, tr_score: 0.726250
va_loss: 0.692090, va_score: 0.630000
te_loss: 0.571520, te_score: 0.730000

time = 7
tr_loss: 0.516933, tr_score: 0.747500
va_loss: 0.507912, va_score: 0.710000
te_loss: 0.447457, te_score: 0.760000

time = 7
tr_loss: 0.556004, tr_score: 0.728750
va_loss: 0.591743, va_score: 0.680000
te_loss: 0.563686, te_score: 0.730000

time = 7
tr_loss: 0.572706, tr_score: 0.713750
va_loss: 0.640090, va_score: 0.700000
te_loss: 0.574223, te_score: 0.670000

time = 7
tr_loss: 0.574530, tr_score: 0.708750
va_loss: 0.574560, va_score: 0.700000
te_loss: 0.568346, te_score: 0.720000

time = 7
tr_loss: 0.615160, tr_score: 0.700000
va_loss: 0.605400, va_score: 0.710000
te_loss: 0.635043, te_score: 0.670000

time = 7
tr_loss: 0.606366, tr_score: 0.698750
va_loss: 0.656764, va_score: 0.630000
te_loss: 0.520825, te_score: 0.780000

time = 7
tr_loss: 0.586687, tr_score: 0.696250
va_loss: 0.705451, va_score: 0.600000
te_loss: 0.634889, te_score: 0.680000

time = 7
tr_loss: 0.594215, tr_score: 0.695000
va_loss: 0.575807, va_score: 0.740000
te_loss: 0.594295, te_score: 0.690000

time = 7
tr_loss: 0.580541, tr_score: 0.707500
va_loss: 0.621357, va_score: 0.640000
te_loss: 0.632672, te_score: 0.650000

time = 7
tr_loss: 0.616725, tr_score: 0.703750
va_loss: 0.660299, va_score: 0.640000
te_loss: 0.591445, te_score: 0.730000

time = 7
tr_loss: 0.578338, tr_score: 0.716250
va_loss: 0.605295, va_score: 0.700000
te_loss: 0.649130, te_score: 0.650000

time = 7
tr_loss: 0.560851, tr_score: 0.726250
va_loss: 0.535272, va_score: 0.770000
te_loss: 0.629507, te_score: 0.690000

time = 7
tr_loss: 0.601957, tr_score: 0.697500
va_loss: 0.580334, va_score: 0.710000
te_loss: 0.578634, te_score: 0.730000

time = 7
tr_loss: 0.585482, tr_score: 0.695000
va_loss: 0.584275, va_score: 0.730000
te_loss: 0.597537, te_score: 0.730000

======================================================
7  Seed:  [ 667. 3641. 1333. 4721. 6871. 9519. 4778.  927. 8338.   13. 3683. 6570.
 1422. 3821. 5722.  599. 3527. 1784. 1921. 2070.]
tr_loss: 0.579515, tr_score: 0.709688
va_loss: 0.594204, va_score: 0.696000
te_loss: 0.581897, te_score: 0.711500
time = 8
tr_loss: 0.610862, tr_score: 0.686250
va_loss: 0.628436, va_score: 0.690000
te_loss: 0.527306, te_score: 0.790000

time = 8
tr_loss: 0.583228, tr_score: 0.688750
va_loss: 0.697280, va_score: 0.610000
te_loss: 0.525419, te_score: 0.760000

time = 8
tr_loss: 0.567333, tr_score: 0.712500
va_loss: 0.563861, va_score: 0.710000
te_loss: 0.557879, te_score: 0.740000

time = 8
tr_loss: 0.569219, tr_score: 0.703750
va_loss: 0.573683, va_score: 0.680000
te_loss: 0.550502, te_score: 0.720000

time = 8
tr_loss: 0.585417, tr_score: 0.697500
va_loss: 0.568957, va_score: 0.700000
te_loss: 0.544792, te_score: 0.740000

time = 8
tr_loss: 0.565361, tr_score: 0.728750
va_loss: 0.601177, va_score: 0.660000
te_loss: 0.583790, te_score: 0.690000

time = 8
tr_loss: 0.567619, tr_score: 0.726250
va_loss: 0.554403, va_score: 0.750000
te_loss: 0.598699, te_score: 0.680000

time = 8
tr_loss: 0.630142, tr_score: 0.690000
va_loss: 0.547888, va_score: 0.770000
te_loss: 0.590978, te_score: 0.710000

time = 8
tr_loss: 0.591742, tr_score: 0.713750
va_loss: 0.613966, va_score: 0.720000
te_loss: 0.564728, te_score: 0.750000

time = 8
tr_loss: 0.563741, tr_score: 0.748750
va_loss: 0.612311, va_score: 0.680000
te_loss: 0.564596, te_score: 0.760000

time = 8
tr_loss: 0.597322, tr_score: 0.686250
va_loss: 0.535634, va_score: 0.740000
te_loss: 0.533743, te_score: 0.770000

time = 8
tr_loss: 0.587976, tr_score: 0.701250
va_loss: 0.529088, va_score: 0.760000
te_loss: 0.608864, te_score: 0.670000

time = 8
tr_loss: 0.547059, tr_score: 0.710000
va_loss: 0.580184, va_score: 0.680000
te_loss: 0.559592, te_score: 0.690000

time = 8
tr_loss: 0.605834, tr_score: 0.698750
va_loss: 0.505814, va_score: 0.830000
te_loss: 0.623706, te_score: 0.660000

time = 8
tr_loss: 0.603917, tr_score: 0.700000
va_loss: 0.611153, va_score: 0.690000
te_loss: 0.586299, te_score: 0.710000

time = 8
tr_loss: 0.558547, tr_score: 0.726250
va_loss: 0.525597, va_score: 0.770000
te_loss: 0.674845, te_score: 0.610000

time = 8
tr_loss: 0.581909, tr_score: 0.710000
va_loss: 0.607528, va_score: 0.680000
te_loss: 0.623329, te_score: 0.670000

time = 8
tr_loss: 0.576134, tr_score: 0.705000
va_loss: 0.548688, va_score: 0.740000
te_loss: 0.566939, te_score: 0.720000

time = 8
tr_loss: 0.603445, tr_score: 0.701250
va_loss: 0.597205, va_score: 0.710000
te_loss: 0.626808, te_score: 0.690000

time = 8
tr_loss: 0.591843, tr_score: 0.691250
va_loss: 0.601441, va_score: 0.690000
te_loss: 0.665125, te_score: 0.620000

======================================================
8  Seed:  [4860. 8426. 6918. 8393. 2977. 1581. 7001.  814. 5947. 4477. 3311. 7270.
 5082. 4712. 7103. 6080. 5821. 8708. 4579. 2324.]
tr_loss: 0.584432, tr_score: 0.706312
va_loss: 0.580215, va_score: 0.713000
te_loss: 0.583897, te_score: 0.707500
time = 9
tr_loss: 0.570601, tr_score: 0.711250
va_loss: 0.522583, va_score: 0.720000
te_loss: 0.557072, te_score: 0.670000

time = 9
tr_loss: 0.615864, tr_score: 0.712500
va_loss: 0.704000, va_score: 0.610000
te_loss: 0.629921, te_score: 0.700000

time = 9
tr_loss: 0.591340, tr_score: 0.710000
va_loss: 0.605147, va_score: 0.700000
te_loss: 0.623446, te_score: 0.670000

time = 9
tr_loss: 0.563469, tr_score: 0.716250
va_loss: 0.621019, va_score: 0.760000
te_loss: 0.632771, te_score: 0.720000

time = 9
tr_loss: 0.568180, tr_score: 0.737500
va_loss: 0.555659, va_score: 0.760000
te_loss: 0.694785, te_score: 0.630000

time = 9
tr_loss: 0.563665, tr_score: 0.725000
va_loss: 0.548346, va_score: 0.740000
te_loss: 0.594267, te_score: 0.660000

time = 9
tr_loss: 0.568910, tr_score: 0.731250
va_loss: 0.556776, va_score: 0.720000
te_loss: 0.552629, te_score: 0.710000

time = 9
tr_loss: 0.534045, tr_score: 0.736250
va_loss: 0.528778, va_score: 0.760000
te_loss: 0.586565, te_score: 0.730000

time = 9
tr_loss: 0.604024, tr_score: 0.707500
va_loss: 0.559535, va_score: 0.750000
te_loss: 0.596566, te_score: 0.710000

time = 9
tr_loss: 0.549517, tr_score: 0.722500
va_loss: 0.635030, va_score: 0.660000
te_loss: 0.576299, te_score: 0.690000

time = 9
tr_loss: 0.582331, tr_score: 0.712500
va_loss: 0.547999, va_score: 0.730000
te_loss: 0.627659, te_score: 0.700000

time = 9
tr_loss: 0.571592, tr_score: 0.701250
va_loss: 0.516829, va_score: 0.760000
te_loss: 0.551445, te_score: 0.740000

time = 9
tr_loss: 0.565197, tr_score: 0.702500
va_loss: 0.592487, va_score: 0.670000
te_loss: 0.490059, te_score: 0.730000

time = 9
tr_loss: 0.578853, tr_score: 0.698750
va_loss: 0.608360, va_score: 0.700000
te_loss: 0.554100, te_score: 0.760000

time = 9
tr_loss: 0.575532, tr_score: 0.731250
va_loss: 0.672564, va_score: 0.630000
te_loss: 0.603213, te_score: 0.700000

time = 9
tr_loss: 0.562805, tr_score: 0.710000
va_loss: 0.553637, va_score: 0.720000
te_loss: 0.556884, te_score: 0.730000

time = 9
tr_loss: 0.546808, tr_score: 0.727500
va_loss: 0.581769, va_score: 0.730000
te_loss: 0.560591, te_score: 0.700000

time = 9
tr_loss: 0.568013, tr_score: 0.712500
va_loss: 0.596981, va_score: 0.670000
te_loss: 0.606863, te_score: 0.650000

time = 9
tr_loss: 0.607998, tr_score: 0.715000
va_loss: 0.596515, va_score: 0.700000
te_loss: 0.643548, te_score: 0.690000

time = 9
tr_loss: 0.589946, tr_score: 0.713750
va_loss: 0.545665, va_score: 0.710000
te_loss: 0.562134, te_score: 0.710000

======================================================
9  Seed:  [9948.  542.  232.  666. 5686. 1955. 6679. 1732. 8003. 9621. 2645. 4622.
 2831. 7236. 6932. 8781. 1798. 9886. 2715. 5559.]
tr_loss: 0.573934, tr_score: 0.716750
va_loss: 0.582484, va_score: 0.710000
te_loss: 0.590041, te_score: 0.700000
time = 10
tr_loss: 0.583430, tr_score: 0.697500
va_loss: 0.554194, va_score: 0.710000
te_loss: 0.531150, te_score: 0.740000

time = 10
tr_loss: 0.584596, tr_score: 0.711250
va_loss: 0.594089, va_score: 0.720000
te_loss: 0.552852, te_score: 0.750000

time = 10
tr_loss: 0.607764, tr_score: 0.715000
va_loss: 0.563994, va_score: 0.760000
te_loss: 0.662721, te_score: 0.670000

time = 10
tr_loss: 0.565850, tr_score: 0.715000
va_loss: 0.515976, va_score: 0.790000
te_loss: 0.520939, te_score: 0.750000

time = 10
tr_loss: 0.572629, tr_score: 0.696250
va_loss: 0.578380, va_score: 0.680000
te_loss: 0.517169, te_score: 0.740000

time = 10
tr_loss: 0.597250, tr_score: 0.687500
va_loss: 0.585917, va_score: 0.690000
te_loss: 0.533142, te_score: 0.760000

time = 10
tr_loss: 0.600180, tr_score: 0.690000
va_loss: 0.537893, va_score: 0.760000
te_loss: 0.567294, te_score: 0.730000

time = 10
tr_loss: 0.594318, tr_score: 0.692500
va_loss: 0.478193, va_score: 0.850000
te_loss: 0.562545, te_score: 0.730000

time = 10
tr_loss: 0.571349, tr_score: 0.722500
va_loss: 0.611715, va_score: 0.650000
te_loss: 0.624215, te_score: 0.680000

time = 10
tr_loss: 0.547744, tr_score: 0.736250
va_loss: 0.539801, va_score: 0.680000
te_loss: 0.548650, te_score: 0.770000

time = 10
tr_loss: 0.551020, tr_score: 0.735000
va_loss: 0.554522, va_score: 0.740000
te_loss: 0.570882, te_score: 0.770000

time = 10
tr_loss: 0.609121, tr_score: 0.672500
va_loss: 0.688091, va_score: 0.610000
te_loss: 0.644619, te_score: 0.650000

time = 10
tr_loss: 0.609728, tr_score: 0.697500
va_loss: 0.588832, va_score: 0.740000
te_loss: 0.586609, te_score: 0.720000

time = 10
tr_loss: 0.609031, tr_score: 0.691250
va_loss: 0.549321, va_score: 0.760000
te_loss: 0.524554, te_score: 0.790000

time = 10
tr_loss: 0.570380, tr_score: 0.717500
va_loss: 0.642349, va_score: 0.640000
te_loss: 0.665556, te_score: 0.690000

time = 10
tr_loss: 0.606359, tr_score: 0.691250
va_loss: 0.563635, va_score: 0.750000
te_loss: 0.577387, te_score: 0.760000

time = 10
tr_loss: 0.586355, tr_score: 0.705000
va_loss: 0.481741, va_score: 0.810000
te_loss: 0.566699, te_score: 0.700000

time = 10
tr_loss: 0.565774, tr_score: 0.722500
va_loss: 0.610640, va_score: 0.670000
te_loss: 0.603702, te_score: 0.680000

time = 10
tr_loss: 0.534631, tr_score: 0.708750
va_loss: 0.540817, va_score: 0.720000
te_loss: 0.540024, te_score: 0.690000

time = 10
tr_loss: 0.614329, tr_score: 0.660000
va_loss: 0.706720, va_score: 0.580000
te_loss: 0.658328, te_score: 0.590000

======================================================
10  Seed:  [9217. 8758. 9318. 9902. 9257. 5433. 4194. 5342. 6064. 1182. 7632. 9724.
 4507. 4141. 7028. 4431.  710. 9505. 6403. 3797.]
tr_loss: 0.584092, tr_score: 0.703250
va_loss: 0.574341, va_score: 0.715500
te_loss: 0.577952, te_score: 0.718000
time = 11
tr_loss: 0.605946, tr_score: 0.688750
va_loss: 0.537651, va_score: 0.790000
te_loss: 0.693979, te_score: 0.600000

time = 11
tr_loss: 0.583716, tr_score: 0.715000
va_loss: 0.605870, va_score: 0.710000
te_loss: 0.646344, te_score: 0.630000

time = 11
tr_loss: 0.665686, tr_score: 0.692500
va_loss: 0.665354, va_score: 0.660000
te_loss: 0.627218, te_score: 0.690000

time = 11
tr_loss: 0.616321, tr_score: 0.696250
va_loss: 0.635046, va_score: 0.670000
te_loss: 0.570399, te_score: 0.740000

time = 11
tr_loss: 0.599214, tr_score: 0.715000
va_loss: 0.664031, va_score: 0.660000
te_loss: 0.614321, te_score: 0.670000

time = 11
tr_loss: 0.568392, tr_score: 0.708750
va_loss: 0.611550, va_score: 0.690000
te_loss: 0.565954, te_score: 0.720000

time = 11
tr_loss: 0.539583, tr_score: 0.741250
va_loss: 0.610811, va_score: 0.670000
te_loss: 0.631650, te_score: 0.630000

time = 11
tr_loss: 0.704932, tr_score: 0.653750
va_loss: 0.588139, va_score: 0.750000
te_loss: 0.657828, te_score: 0.680000

time = 11
tr_loss: 0.601148, tr_score: 0.706250
va_loss: 0.671447, va_score: 0.680000
te_loss: 0.626330, te_score: 0.640000

time = 11
tr_loss: 0.596273, tr_score: 0.723750
va_loss: 0.645455, va_score: 0.650000
te_loss: 0.642040, te_score: 0.680000

time = 11
tr_loss: 0.591854, tr_score: 0.706250
va_loss: 0.654163, va_score: 0.630000
te_loss: 0.533607, te_score: 0.770000

time = 11
tr_loss: 0.569796, tr_score: 0.728750
va_loss: 0.624656, va_score: 0.650000
te_loss: 0.651855, te_score: 0.600000

time = 11
tr_loss: 0.595473, tr_score: 0.717500
va_loss: 0.634048, va_score: 0.700000
te_loss: 0.693015, te_score: 0.630000

time = 11
tr_loss: 0.576003, tr_score: 0.722500
va_loss: 0.549141, va_score: 0.730000
te_loss: 0.657548, te_score: 0.650000

time = 11
tr_loss: 0.576583, tr_score: 0.713750
va_loss: 0.534318, va_score: 0.760000
te_loss: 0.611165, te_score: 0.680000

time = 11
tr_loss: 0.500048, tr_score: 0.761250
va_loss: 0.540750, va_score: 0.680000
te_loss: 0.503457, te_score: 0.770000

time = 11
tr_loss: 0.574906, tr_score: 0.722500
va_loss: 0.556285, va_score: 0.760000
te_loss: 0.686533, te_score: 0.640000

time = 11
tr_loss: 0.615189, tr_score: 0.706250
va_loss: 0.597830, va_score: 0.710000
te_loss: 0.664349, te_score: 0.650000

time = 11
tr_loss: 0.576875, tr_score: 0.715000
va_loss: 0.583449, va_score: 0.750000
te_loss: 0.618709, te_score: 0.640000

time = 11
tr_loss: 0.562981, tr_score: 0.706250
va_loss: 0.522103, va_score: 0.760000
te_loss: 0.611220, te_score: 0.650000

======================================================
11  Seed:  [ 276. 7096. 7576. 7225. 8005. 7496. 1258. 6191. 8489. 5152. 4572. 4247.
 5941. 8136.  978. 3169. 6643. 4121. 8439. 9382.]
tr_loss: 0.591046, tr_score: 0.712063
va_loss: 0.601605, va_score: 0.703000
te_loss: 0.625376, te_score: 0.668000
time = 12
tr_loss: 0.593332, tr_score: 0.706250
va_loss: 0.595341, va_score: 0.710000
te_loss: 0.571061, te_score: 0.730000

time = 12
tr_loss: 0.532848, tr_score: 0.728750
va_loss: 0.554945, va_score: 0.710000
te_loss: 0.505933, te_score: 0.770000

time = 12
tr_loss: 0.526285, tr_score: 0.742500
va_loss: 0.590439, va_score: 0.690000
te_loss: 0.604625, te_score: 0.640000

time = 12
tr_loss: 0.539484, tr_score: 0.726250
va_loss: 0.627833, va_score: 0.700000
te_loss: 0.702869, te_score: 0.650000

time = 12
tr_loss: 0.585174, tr_score: 0.717500
va_loss: 0.627632, va_score: 0.640000
te_loss: 0.644009, te_score: 0.670000

time = 12
tr_loss: 0.605096, tr_score: 0.710000
va_loss: 0.629894, va_score: 0.700000
te_loss: 0.635791, te_score: 0.730000

time = 12
tr_loss: 0.561731, tr_score: 0.727500
va_loss: 0.620559, va_score: 0.650000
te_loss: 0.631508, te_score: 0.660000

time = 12
tr_loss: 0.588846, tr_score: 0.711250
va_loss: 0.618920, va_score: 0.660000
te_loss: 0.667443, te_score: 0.650000

time = 12
tr_loss: 0.564474, tr_score: 0.700000
va_loss: 0.562197, va_score: 0.710000
te_loss: 0.601619, te_score: 0.680000

time = 12
tr_loss: 0.592960, tr_score: 0.718750
va_loss: 0.643790, va_score: 0.660000
te_loss: 0.587186, te_score: 0.670000

time = 12
tr_loss: 0.597401, tr_score: 0.711250
va_loss: 0.594034, va_score: 0.750000
te_loss: 0.679544, te_score: 0.640000

time = 12
tr_loss: 0.566996, tr_score: 0.731250
va_loss: 0.516186, va_score: 0.760000
te_loss: 0.578454, te_score: 0.710000

time = 12
tr_loss: 0.574594, tr_score: 0.713750
va_loss: 0.603334, va_score: 0.720000
te_loss: 0.660259, te_score: 0.690000

time = 12
tr_loss: 0.555106, tr_score: 0.738750
va_loss: 0.550057, va_score: 0.750000
te_loss: 0.568646, te_score: 0.720000

time = 12
tr_loss: 0.550285, tr_score: 0.727500
va_loss: 0.538391, va_score: 0.770000
te_loss: 0.564836, te_score: 0.640000

time = 12
tr_loss: 0.579294, tr_score: 0.718750
va_loss: 0.644826, va_score: 0.640000
te_loss: 0.599308, te_score: 0.710000

time = 12
tr_loss: 0.581870, tr_score: 0.710000
va_loss: 0.640026, va_score: 0.670000
te_loss: 0.562741, te_score: 0.780000

time = 12
tr_loss: 0.560666, tr_score: 0.735000
va_loss: 0.561029, va_score: 0.670000
te_loss: 0.532870, te_score: 0.750000

time = 12
tr_loss: 0.583567, tr_score: 0.721250
va_loss: 0.597392, va_score: 0.700000
te_loss: 0.582353, te_score: 0.720000

time = 12
tr_loss: 0.580846, tr_score: 0.722500
va_loss: 0.649680, va_score: 0.650000
te_loss: 0.617689, te_score: 0.670000

======================================================
12  Seed:  [5995. 5359. 4959. 8841. 2084. 6283. 5803. 5547. 5856. 6466. 1029. 9406.
 1119. 6504. 6270.   89. 4601. 8528. 5236. 3309.]
tr_loss: 0.571043, tr_score: 0.720938
va_loss: 0.598325, va_score: 0.695500
te_loss: 0.604937, te_score: 0.694000
time = 13
tr_loss: 0.539285, tr_score: 0.746250
va_loss: 0.571883, va_score: 0.730000
te_loss: 0.580862, te_score: 0.750000

time = 13
tr_loss: 0.575793, tr_score: 0.690000
va_loss: 0.526806, va_score: 0.770000
te_loss: 0.551012, te_score: 0.710000

time = 13
tr_loss: 0.586243, tr_score: 0.715000
va_loss: 0.603282, va_score: 0.740000
te_loss: 0.763064, te_score: 0.570000

time = 13
tr_loss: 0.585288, tr_score: 0.715000
va_loss: 0.626368, va_score: 0.670000
te_loss: 0.552112, te_score: 0.760000

time = 13
tr_loss: 0.604513, tr_score: 0.661250
va_loss: 0.630073, va_score: 0.650000
te_loss: 0.584727, te_score: 0.730000

time = 13
tr_loss: 0.573981, tr_score: 0.712500
va_loss: 0.657993, va_score: 0.650000
te_loss: 0.586498, te_score: 0.700000

time = 13
tr_loss: 0.551315, tr_score: 0.718750
va_loss: 0.579149, va_score: 0.660000
te_loss: 0.575033, te_score: 0.720000

time = 13
tr_loss: 0.607353, tr_score: 0.715000
va_loss: 0.597764, va_score: 0.720000
te_loss: 0.620728, te_score: 0.710000

time = 13
tr_loss: 0.608022, tr_score: 0.693750
va_loss: 0.591958, va_score: 0.710000
te_loss: 0.533738, te_score: 0.800000

time = 13
tr_loss: 0.565771, tr_score: 0.733750
va_loss: 0.613690, va_score: 0.670000
te_loss: 0.538436, te_score: 0.770000

time = 13
tr_loss: 0.582364, tr_score: 0.725000
va_loss: 0.599722, va_score: 0.710000
te_loss: 0.713900, te_score: 0.610000

time = 13
tr_loss: 0.596693, tr_score: 0.706250
va_loss: 0.587396, va_score: 0.690000
te_loss: 0.617081, te_score: 0.700000

time = 13
tr_loss: 0.596233, tr_score: 0.707500
va_loss: 0.609139, va_score: 0.680000
te_loss: 0.566414, te_score: 0.700000

time = 13
tr_loss: 0.590035, tr_score: 0.703750
va_loss: 0.567267, va_score: 0.750000
te_loss: 0.592897, te_score: 0.700000

time = 13
tr_loss: 0.614382, tr_score: 0.698750
va_loss: 0.569465, va_score: 0.770000
te_loss: 0.549963, te_score: 0.770000

time = 13
tr_loss: 0.558727, tr_score: 0.725000
va_loss: 0.620233, va_score: 0.690000
te_loss: 0.621278, te_score: 0.670000

time = 13
tr_loss: 0.586965, tr_score: 0.708750
va_loss: 0.622962, va_score: 0.650000
te_loss: 0.668392, te_score: 0.630000

time = 13
tr_loss: 0.601323, tr_score: 0.692500
va_loss: 0.554497, va_score: 0.740000
te_loss: 0.575473, te_score: 0.720000

time = 13
tr_loss: 0.566854, tr_score: 0.710000
va_loss: 0.511534, va_score: 0.780000
te_loss: 0.576728, te_score: 0.680000

time = 13
tr_loss: 0.611796, tr_score: 0.685000
va_loss: 0.574916, va_score: 0.740000
te_loss: 0.539611, te_score: 0.780000

======================================================
13  Seed:  [3706. 3756. 2533. 6590. 1761. 5957. 4965. 8699. 1302.  214. 1426. 3422.
 9979.   35. 8073. 6183. 7853. 8174. 4923.  725.]
tr_loss: 0.585147, tr_score: 0.708188
va_loss: 0.590805, va_score: 0.708500
te_loss: 0.595397, te_score: 0.709000
time = 14
tr_loss: 0.595000, tr_score: 0.715000
va_loss: 0.599273, va_score: 0.680000
te_loss: 0.594174, te_score: 0.720000

time = 14
tr_loss: 0.590266, tr_score: 0.703750
va_loss: 0.612130, va_score: 0.680000
te_loss: 0.588031, te_score: 0.690000

time = 14
tr_loss: 0.582849, tr_score: 0.708750
va_loss: 0.555799, va_score: 0.730000
te_loss: 0.592332, te_score: 0.740000

time = 14
tr_loss: 0.584986, tr_score: 0.710000
va_loss: 0.632820, va_score: 0.690000
te_loss: 0.568079, te_score: 0.750000

time = 14
tr_loss: 0.612517, tr_score: 0.712500
va_loss: 0.665546, va_score: 0.650000
te_loss: 0.637067, te_score: 0.740000

time = 14
tr_loss: 0.624294, tr_score: 0.681250
va_loss: 0.563876, va_score: 0.690000
te_loss: 0.709120, te_score: 0.630000

time = 14
tr_loss: 0.589629, tr_score: 0.722500
va_loss: 0.534326, va_score: 0.750000
te_loss: 0.643597, te_score: 0.700000

time = 14
tr_loss: 0.549389, tr_score: 0.728750
va_loss: 0.592989, va_score: 0.700000
te_loss: 0.593606, te_score: 0.700000

time = 14
tr_loss: 0.608378, tr_score: 0.696250
va_loss: 0.629939, va_score: 0.720000
te_loss: 0.581269, te_score: 0.720000

time = 14
tr_loss: 0.591401, tr_score: 0.697500
va_loss: 0.514549, va_score: 0.780000
te_loss: 0.674176, te_score: 0.640000

time = 14
tr_loss: 0.595836, tr_score: 0.702500
va_loss: 0.543714, va_score: 0.750000
te_loss: 0.585198, te_score: 0.740000

time = 14
tr_loss: 0.569062, tr_score: 0.708750
va_loss: 0.555740, va_score: 0.730000
te_loss: 0.572255, te_score: 0.740000

time = 14
tr_loss: 0.623908, tr_score: 0.697500
va_loss: 0.557259, va_score: 0.740000
te_loss: 0.653956, te_score: 0.640000

time = 14
tr_loss: 0.563835, tr_score: 0.722500
va_loss: 0.564605, va_score: 0.740000
te_loss: 0.573662, te_score: 0.730000

time = 14
tr_loss: 0.619048, tr_score: 0.700000
va_loss: 0.635309, va_score: 0.670000
te_loss: 0.592458, te_score: 0.730000

time = 14
tr_loss: 0.579354, tr_score: 0.703750
va_loss: 0.555828, va_score: 0.780000
te_loss: 0.575503, te_score: 0.720000

time = 14
tr_loss: 0.566262, tr_score: 0.703750
va_loss: 0.499618, va_score: 0.760000
te_loss: 0.648274, te_score: 0.610000

time = 14
tr_loss: 0.575481, tr_score: 0.708750
va_loss: 0.611033, va_score: 0.670000
te_loss: 0.604126, te_score: 0.680000

time = 14
tr_loss: 0.599476, tr_score: 0.706250
va_loss: 0.618209, va_score: 0.710000
te_loss: 0.628689, te_score: 0.690000

time = 14
tr_loss: 0.585314, tr_score: 0.701250
va_loss: 0.616677, va_score: 0.680000
te_loss: 0.552700, te_score: 0.750000

======================================================
14  Seed:  [6736. 9332. 4026. 8791. 2185. 8095. 4925. 3877. 8332. 6847. 5871. 5004.
 2796. 4961. 1467. 7787. 3868. 5255. 9307. 9073.]
tr_loss: 0.590314, tr_score: 0.706563
va_loss: 0.582962, va_score: 0.715000
te_loss: 0.608414, te_score: 0.703000
time = 15
tr_loss: 0.593434, tr_score: 0.723750
va_loss: 0.608375, va_score: 0.710000
te_loss: 0.584785, te_score: 0.740000

time = 15
tr_loss: 0.594853, tr_score: 0.702500
va_loss: 0.553283, va_score: 0.720000
te_loss: 0.535439, te_score: 0.770000

time = 15
tr_loss: 0.539828, tr_score: 0.726250
va_loss: 0.567301, va_score: 0.720000
te_loss: 0.604961, te_score: 0.670000

time = 15
tr_loss: 0.612900, tr_score: 0.700000
va_loss: 0.561837, va_score: 0.750000
te_loss: 0.665442, te_score: 0.650000

time = 15
tr_loss: 0.519945, tr_score: 0.738750
va_loss: 0.508693, va_score: 0.750000
te_loss: 0.521366, te_score: 0.750000

time = 15
tr_loss: 0.573233, tr_score: 0.725000
va_loss: 0.620995, va_score: 0.680000
te_loss: 0.606377, te_score: 0.690000

time = 15
tr_loss: 0.493344, tr_score: 0.772500
va_loss: 0.503406, va_score: 0.780000
te_loss: 0.501725, te_score: 0.750000

time = 15
tr_loss: 0.527546, tr_score: 0.760000
va_loss: 0.493439, va_score: 0.790000
te_loss: 0.543911, te_score: 0.700000

time = 15
tr_loss: 0.575641, tr_score: 0.722500
va_loss: 0.592810, va_score: 0.720000
te_loss: 0.548011, te_score: 0.750000

time = 15
tr_loss: 0.566920, tr_score: 0.713750
va_loss: 0.630515, va_score: 0.670000
te_loss: 0.568097, te_score: 0.700000

time = 15
tr_loss: 0.572110, tr_score: 0.730000
va_loss: 0.566719, va_score: 0.730000
te_loss: 0.560014, te_score: 0.740000

time = 15
tr_loss: 0.517251, tr_score: 0.745000
va_loss: 0.527467, va_score: 0.750000
te_loss: 0.561469, te_score: 0.660000

time = 15
tr_loss: 0.606762, tr_score: 0.693750
va_loss: 0.563850, va_score: 0.750000
te_loss: 0.655225, te_score: 0.690000

time = 15
tr_loss: 0.580733, tr_score: 0.706250
va_loss: 0.632213, va_score: 0.660000
te_loss: 0.582900, te_score: 0.710000

time = 15
tr_loss: 0.562027, tr_score: 0.712500
va_loss: 0.568444, va_score: 0.690000
te_loss: 0.604354, te_score: 0.710000

time = 15
tr_loss: 0.605950, tr_score: 0.672500
va_loss: 0.689210, va_score: 0.620000
te_loss: 0.654430, te_score: 0.630000

time = 15
tr_loss: 0.549726, tr_score: 0.737500
va_loss: 0.547974, va_score: 0.750000
te_loss: 0.569002, te_score: 0.700000

time = 15
tr_loss: 0.562096, tr_score: 0.732500
va_loss: 0.587700, va_score: 0.680000
te_loss: 0.616582, te_score: 0.670000

time = 15
tr_loss: 0.606353, tr_score: 0.701250
va_loss: 0.538638, va_score: 0.760000
te_loss: 0.586697, te_score: 0.740000

time = 15
tr_loss: 0.585968, tr_score: 0.700000
va_loss: 0.566467, va_score: 0.700000
te_loss: 0.558294, te_score: 0.720000

======================================================
15  Seed:  [ 879. 4612.  287.  491. 3659. 8251. 7507. 1140. 3507. 4318. 9716. 8900.
 3870. 2555. 7340. 8792.  757. 6674. 3143.  691.]
tr_loss: 0.567331, tr_score: 0.720812
va_loss: 0.571467, va_score: 0.719000
te_loss: 0.581454, te_score: 0.707000
time = 16
tr_loss: 0.600381, tr_score: 0.700000
va_loss: 0.574302, va_score: 0.720000
te_loss: 0.635067, te_score: 0.650000

time = 16
tr_loss: 0.603947, tr_score: 0.706250
va_loss: 0.572123, va_score: 0.730000
te_loss: 0.704660, te_score: 0.650000

time = 16
tr_loss: 0.566657, tr_score: 0.711250
va_loss: 0.522674, va_score: 0.780000
te_loss: 0.604507, te_score: 0.670000

time = 16
tr_loss: 0.591740, tr_score: 0.711250
va_loss: 0.606474, va_score: 0.690000
te_loss: 0.585140, te_score: 0.710000

time = 16
tr_loss: 0.593892, tr_score: 0.706250
va_loss: 0.523334, va_score: 0.800000
te_loss: 0.586057, te_score: 0.700000

time = 16
tr_loss: 0.575691, tr_score: 0.723750
va_loss: 0.626820, va_score: 0.670000
te_loss: 0.645786, te_score: 0.630000

time = 16
tr_loss: 0.579607, tr_score: 0.710000
va_loss: 0.570574, va_score: 0.740000
te_loss: 0.536559, te_score: 0.770000

time = 16
tr_loss: 0.511771, tr_score: 0.746250
va_loss: 0.550308, va_score: 0.660000
te_loss: 0.554316, te_score: 0.710000

time = 16
tr_loss: 0.597145, tr_score: 0.701250
va_loss: 0.578049, va_score: 0.700000
te_loss: 0.567029, te_score: 0.730000

time = 16
tr_loss: 0.603473, tr_score: 0.705000
va_loss: 0.654866, va_score: 0.640000
te_loss: 0.638105, te_score: 0.680000

time = 16
tr_loss: 0.577661, tr_score: 0.703750
va_loss: 0.598932, va_score: 0.700000
te_loss: 0.618160, te_score: 0.670000

time = 16
tr_loss: 0.575939, tr_score: 0.711250
va_loss: 0.595935, va_score: 0.710000
te_loss: 0.592245, te_score: 0.700000

time = 16
tr_loss: 0.568832, tr_score: 0.711250
va_loss: 0.632849, va_score: 0.700000
te_loss: 0.562986, te_score: 0.700000

time = 16
tr_loss: 0.578455, tr_score: 0.700000
va_loss: 0.523927, va_score: 0.790000
te_loss: 0.502325, te_score: 0.800000

time = 16
tr_loss: 0.609319, tr_score: 0.706250
va_loss: 0.565707, va_score: 0.760000
te_loss: 0.573189, te_score: 0.730000

time = 16
tr_loss: 0.587164, tr_score: 0.703750
va_loss: 0.627092, va_score: 0.630000
te_loss: 0.569572, te_score: 0.700000

time = 16
tr_loss: 0.579952, tr_score: 0.697500
va_loss: 0.566434, va_score: 0.730000
te_loss: 0.608425, te_score: 0.680000

time = 16
tr_loss: 0.580755, tr_score: 0.718750
va_loss: 0.625856, va_score: 0.660000
te_loss: 0.599112, te_score: 0.710000

time = 16
tr_loss: 0.576424, tr_score: 0.712500
va_loss: 0.496224, va_score: 0.770000
te_loss: 0.613492, te_score: 0.690000

time = 16
tr_loss: 0.602872, tr_score: 0.682500
va_loss: 0.580494, va_score: 0.670000
te_loss: 0.612709, te_score: 0.740000

======================================================
16  Seed:  [9082. 6878.  978. 6918.   35. 3547.  812. 1562. 5243. 8191. 5330. 4602.
 2929. 4830.  303. 9956. 3156. 7475. 4637.  734.]
tr_loss: 0.583084, tr_score: 0.708437
va_loss: 0.579649, va_score: 0.712500
te_loss: 0.595472, te_score: 0.701000
time = 17
tr_loss: 0.581682, tr_score: 0.710000
va_loss: 0.587549, va_score: 0.750000
te_loss: 0.607457, te_score: 0.670000

time = 17
tr_loss: 0.571060, tr_score: 0.715000
va_loss: 0.614888, va_score: 0.660000
te_loss: 0.591522, te_score: 0.740000

time = 17
tr_loss: 0.582724, tr_score: 0.693750
va_loss: 0.658062, va_score: 0.650000
te_loss: 0.614345, te_score: 0.680000

time = 17
tr_loss: 0.568804, tr_score: 0.728750
va_loss: 0.611789, va_score: 0.680000
te_loss: 0.576141, te_score: 0.680000

time = 17
tr_loss: 0.576255, tr_score: 0.710000
va_loss: 0.557809, va_score: 0.720000
te_loss: 0.534774, te_score: 0.750000

time = 17
tr_loss: 0.509224, tr_score: 0.735000
va_loss: 0.483251, va_score: 0.730000
te_loss: 0.554743, te_score: 0.700000

time = 17
tr_loss: 0.562105, tr_score: 0.718750
va_loss: 0.646394, va_score: 0.640000
te_loss: 0.591335, te_score: 0.700000

time = 17
tr_loss: 0.573861, tr_score: 0.710000
va_loss: 0.634909, va_score: 0.650000
te_loss: 0.699386, te_score: 0.620000

time = 17
tr_loss: 0.557829, tr_score: 0.725000
va_loss: 0.560922, va_score: 0.720000
te_loss: 0.544354, te_score: 0.750000

time = 17
tr_loss: 0.570084, tr_score: 0.722500
va_loss: 0.617983, va_score: 0.700000
te_loss: 0.700301, te_score: 0.600000

time = 17
tr_loss: 0.523872, tr_score: 0.743750
va_loss: 0.556736, va_score: 0.710000
te_loss: 0.581613, te_score: 0.690000

time = 17
tr_loss: 0.598815, tr_score: 0.695000
va_loss: 0.627053, va_score: 0.690000
te_loss: 0.618272, te_score: 0.690000

time = 17
tr_loss: 0.574690, tr_score: 0.721250
va_loss: 0.584071, va_score: 0.720000
te_loss: 0.526680, te_score: 0.760000

time = 17
tr_loss: 0.607748, tr_score: 0.687500
va_loss: 0.548166, va_score: 0.730000
te_loss: 0.559596, te_score: 0.760000

time = 17
tr_loss: 0.580992, tr_score: 0.715000
va_loss: 0.651323, va_score: 0.590000
te_loss: 0.617896, te_score: 0.680000

time = 17
tr_loss: 0.633914, tr_score: 0.668750
va_loss: 0.545839, va_score: 0.750000
te_loss: 0.573233, te_score: 0.700000

time = 17
tr_loss: 0.600303, tr_score: 0.696250
va_loss: 0.703830, va_score: 0.600000
te_loss: 0.583885, te_score: 0.730000

time = 17
tr_loss: 0.603342, tr_score: 0.697500
va_loss: 0.571052, va_score: 0.700000
te_loss: 0.563587, te_score: 0.720000

time = 17
tr_loss: 0.563133, tr_score: 0.721250
va_loss: 0.549003, va_score: 0.730000
te_loss: 0.589315, te_score: 0.680000

time = 17
tr_loss: 0.606995, tr_score: 0.662500
va_loss: 0.591626, va_score: 0.690000
te_loss: 0.630528, te_score: 0.640000

======================================================
17  Seed:  [9997. 6891. 7283.  296. 4194.  627. 9187. 9699.  412. 3964. 5059. 1882.
 6859. 7098. 9012. 6459. 3018. 8410. 9321. 1260.]
tr_loss: 0.577372, tr_score: 0.708875
va_loss: 0.595113, va_score: 0.690500
te_loss: 0.592948, te_score: 0.697000
time = 18
tr_loss: 0.522831, tr_score: 0.752500
va_loss: 0.523901, va_score: 0.700000
te_loss: 0.544379, te_score: 0.720000

time = 18
tr_loss: 0.598531, tr_score: 0.715000
va_loss: 0.583729, va_score: 0.730000
te_loss: 0.586198, te_score: 0.730000

time = 18
tr_loss: 0.605721, tr_score: 0.705000
va_loss: 0.584123, va_score: 0.730000
te_loss: 0.626129, te_score: 0.680000

time = 18
tr_loss: 0.560013, tr_score: 0.712500
va_loss: 0.634567, va_score: 0.700000
te_loss: 0.542415, te_score: 0.730000

time = 18
tr_loss: 0.596904, tr_score: 0.697500
va_loss: 0.625192, va_score: 0.720000
te_loss: 0.559403, te_score: 0.750000

time = 18
tr_loss: 0.606880, tr_score: 0.701250
va_loss: 0.570160, va_score: 0.740000
te_loss: 0.592896, te_score: 0.730000

time = 18
tr_loss: 0.654314, tr_score: 0.701250
va_loss: 0.735980, va_score: 0.620000
te_loss: 0.612690, te_score: 0.740000

time = 18
tr_loss: 0.577230, tr_score: 0.728750
va_loss: 0.612643, va_score: 0.700000
te_loss: 0.714239, te_score: 0.590000

time = 18
tr_loss: 0.597389, tr_score: 0.718750
va_loss: 0.547267, va_score: 0.730000
te_loss: 0.606749, te_score: 0.720000

time = 18
tr_loss: 0.541749, tr_score: 0.737500
va_loss: 0.560811, va_score: 0.680000
te_loss: 0.591260, te_score: 0.700000

time = 18
tr_loss: 0.588214, tr_score: 0.711250
va_loss: 0.694817, va_score: 0.650000
te_loss: 0.547836, te_score: 0.760000

time = 18
tr_loss: 0.605831, tr_score: 0.697500
va_loss: 0.586611, va_score: 0.700000
te_loss: 0.600191, te_score: 0.710000

time = 18
tr_loss: 0.608190, tr_score: 0.705000
va_loss: 0.610851, va_score: 0.710000
te_loss: 0.584250, te_score: 0.720000

time = 18
tr_loss: 0.593632, tr_score: 0.712500
va_loss: 0.572005, va_score: 0.740000
te_loss: 0.568250, te_score: 0.720000

time = 18
tr_loss: 0.555810, tr_score: 0.715000
va_loss: 0.538162, va_score: 0.770000
te_loss: 0.537109, te_score: 0.750000

time = 18
tr_loss: 0.611069, tr_score: 0.693750
va_loss: 0.587240, va_score: 0.760000
te_loss: 0.529751, te_score: 0.730000

time = 18
tr_loss: 0.603531, tr_score: 0.705000
va_loss: 0.649873, va_score: 0.670000
te_loss: 0.581125, te_score: 0.750000

time = 18
tr_loss: 0.569383, tr_score: 0.716250
va_loss: 0.533878, va_score: 0.780000
te_loss: 0.600348, te_score: 0.680000

time = 18
tr_loss: 0.558271, tr_score: 0.738750
va_loss: 0.566503, va_score: 0.770000
te_loss: 0.613479, te_score: 0.680000

time = 18
tr_loss: 0.551972, tr_score: 0.723750
va_loss: 0.544944, va_score: 0.750000
te_loss: 0.599310, te_score: 0.660000

======================================================
18  Seed:  [ 873. 4207. 9606. 9170. 6333. 9407. 8590.  438. 6112. 2282. 5826. 4132.
 5788. 3773.  899. 1544. 7119. 3120. 1138. 3253.]
tr_loss: 0.585373, tr_score: 0.714438
va_loss: 0.593163, va_score: 0.717500
te_loss: 0.586900, te_score: 0.712500
time = 19
tr_loss: 0.557075, tr_score: 0.737500
va_loss: 0.650425, va_score: 0.670000
te_loss: 0.632560, te_score: 0.670000

time = 19
tr_loss: 0.526825, tr_score: 0.753750
va_loss: 0.537250, va_score: 0.740000
te_loss: 0.608083, te_score: 0.650000

time = 19
tr_loss: 0.574528, tr_score: 0.713750
va_loss: 0.517595, va_score: 0.770000
te_loss: 0.620234, te_score: 0.700000

time = 19
tr_loss: 0.605559, tr_score: 0.701250
va_loss: 0.619676, va_score: 0.660000
te_loss: 0.611305, te_score: 0.720000

time = 19
tr_loss: 0.601123, tr_score: 0.683750
va_loss: 0.586933, va_score: 0.720000
te_loss: 0.520385, te_score: 0.750000

time = 19
tr_loss: 0.583864, tr_score: 0.702500
va_loss: 0.592874, va_score: 0.690000
te_loss: 0.591154, te_score: 0.740000

time = 19
tr_loss: 0.573122, tr_score: 0.721250
va_loss: 0.509843, va_score: 0.770000
te_loss: 0.637297, te_score: 0.660000

time = 19
tr_loss: 0.556216, tr_score: 0.732500
va_loss: 0.615552, va_score: 0.610000
te_loss: 0.612313, te_score: 0.690000

time = 19
tr_loss: 0.581005, tr_score: 0.713750
va_loss: 0.616537, va_score: 0.690000
te_loss: 0.544189, te_score: 0.730000

time = 19
tr_loss: 0.600868, tr_score: 0.697500
va_loss: 0.618869, va_score: 0.700000
te_loss: 0.644314, te_score: 0.670000

time = 19
tr_loss: 0.585091, tr_score: 0.706250
va_loss: 0.593513, va_score: 0.700000
te_loss: 0.641252, te_score: 0.670000

time = 19
tr_loss: 0.595581, tr_score: 0.707500
va_loss: 0.613615, va_score: 0.710000
te_loss: 0.618282, te_score: 0.670000

time = 19
tr_loss: 0.564921, tr_score: 0.721250
va_loss: 0.611203, va_score: 0.710000
te_loss: 0.625183, te_score: 0.690000

time = 19
tr_loss: 0.577160, tr_score: 0.708750
va_loss: 0.569125, va_score: 0.720000
te_loss: 0.601771, te_score: 0.680000

time = 19
tr_loss: 0.572298, tr_score: 0.695000
va_loss: 0.586031, va_score: 0.690000
te_loss: 0.500232, te_score: 0.760000

time = 19
tr_loss: 0.592528, tr_score: 0.698750
va_loss: 0.563227, va_score: 0.740000
te_loss: 0.556211, te_score: 0.740000

time = 19
tr_loss: 0.521891, tr_score: 0.731250
va_loss: 0.546406, va_score: 0.700000
te_loss: 0.561159, te_score: 0.700000

time = 19
tr_loss: 0.566524, tr_score: 0.718750
va_loss: 0.584939, va_score: 0.670000
te_loss: 0.553010, te_score: 0.730000

time = 19
tr_loss: 0.608376, tr_score: 0.695000
va_loss: 0.580882, va_score: 0.740000
te_loss: 0.577035, te_score: 0.710000

time = 19
tr_loss: 0.585941, tr_score: 0.703750
va_loss: 0.650977, va_score: 0.680000
te_loss: 0.505880, te_score: 0.770000

======================================================
19  Seed:  [3709. 6253. 7969. 4492. 4878.  212. 2129. 7387.  610. 9877. 6936. 8416.
 1824. 6324. 9841. 5493. 7619. 7977.  518. 1963.]
tr_loss: 0.576525, tr_score: 0.712187
va_loss: 0.588273, va_score: 0.704000
te_loss: 0.588092, te_score: 0.705000
time = 20
tr_loss: 0.552553, tr_score: 0.720000
va_loss: 0.545390, va_score: 0.740000
te_loss: 0.540636, te_score: 0.690000

time = 20
tr_loss: 0.548514, tr_score: 0.733750
va_loss: 0.528265, va_score: 0.800000
te_loss: 0.503731, te_score: 0.770000

time = 20
tr_loss: 0.557546, tr_score: 0.721250
va_loss: 0.566331, va_score: 0.710000
te_loss: 0.658825, te_score: 0.620000

time = 20
tr_loss: 0.532038, tr_score: 0.730000
va_loss: 0.612553, va_score: 0.690000
te_loss: 0.481064, te_score: 0.800000

time = 20
tr_loss: 0.576933, tr_score: 0.707500
va_loss: 0.656108, va_score: 0.660000
te_loss: 0.573134, te_score: 0.740000

time = 20
tr_loss: 0.586797, tr_score: 0.705000
va_loss: 0.513452, va_score: 0.760000
te_loss: 0.580913, te_score: 0.710000

time = 20
tr_loss: 0.587354, tr_score: 0.722500
va_loss: 0.547278, va_score: 0.760000
te_loss: 0.561943, te_score: 0.730000

time = 20
tr_loss: 0.612611, tr_score: 0.700000
va_loss: 0.648608, va_score: 0.640000
te_loss: 0.554785, te_score: 0.730000

time = 20
tr_loss: 0.521419, tr_score: 0.751250
va_loss: 0.538664, va_score: 0.720000
te_loss: 0.493412, te_score: 0.810000

time = 20
tr_loss: 0.571626, tr_score: 0.715000
va_loss: 0.507955, va_score: 0.780000
te_loss: 0.532659, te_score: 0.810000

time = 20
tr_loss: 0.564715, tr_score: 0.715000
va_loss: 0.553519, va_score: 0.740000
te_loss: 0.572749, te_score: 0.710000

time = 20
tr_loss: 0.588676, tr_score: 0.708750
va_loss: 0.599581, va_score: 0.690000
te_loss: 0.569517, te_score: 0.760000

time = 20
tr_loss: 0.569106, tr_score: 0.715000
va_loss: 0.559725, va_score: 0.740000
te_loss: 0.599537, te_score: 0.690000

time = 20
tr_loss: 0.505985, tr_score: 0.745000
va_loss: 0.509446, va_score: 0.760000
te_loss: 0.489126, te_score: 0.770000

time = 20
tr_loss: 0.547544, tr_score: 0.720000
va_loss: 0.512252, va_score: 0.740000
te_loss: 0.594794, te_score: 0.720000

time = 20
tr_loss: 0.571894, tr_score: 0.733750
va_loss: 0.637286, va_score: 0.670000
te_loss: 0.579957, te_score: 0.730000

time = 20
tr_loss: 0.637822, tr_score: 0.635000
va_loss: 0.572462, va_score: 0.710000
te_loss: 0.555034, te_score: 0.730000

time = 20
tr_loss: 0.596279, tr_score: 0.701250
va_loss: 0.598458, va_score: 0.700000
te_loss: 0.574696, te_score: 0.720000

time = 20
tr_loss: 0.553417, tr_score: 0.716250
va_loss: 0.533779, va_score: 0.750000
te_loss: 0.557524, te_score: 0.730000

time = 20
tr_loss: 0.574797, tr_score: 0.722500
va_loss: 0.613027, va_score: 0.670000
te_loss: 0.567644, te_score: 0.730000

======================================================
20  Seed:  [8890. 5137. 6638. 5364. 3035. 4210. 5798. 9783. 7946.  146. 8127. 1556.
 1338. 7812. 5900. 6230. 6141. 6234. 5455. 7649.]
tr_loss: 0.567881, tr_score: 0.715938
va_loss: 0.567707, va_score: 0.721500
te_loss: 0.557084, te_score: 0.735000


mid seed:  [ 879. 4612.  287.  491. 3659. 8251. 7507. 1140. 3507. 4318. 9716. 8900.
 3870. 2555. 7340. 8792.  757. 6674. 3143.  691.]
mid test scores 0.707
