time = 0
tr_loss: 0.602506, tr_score: 0.706250
va_loss: 0.620786, va_score: 0.690000
te_loss: 0.581189, te_score: 0.720000

time = 0
tr_loss: 0.526170, tr_score: 0.732500
va_loss: 0.562295, va_score: 0.730000
te_loss: 0.654981, te_score: 0.630000

time = 0
tr_loss: 0.579176, tr_score: 0.727500
va_loss: 0.628545, va_score: 0.690000
te_loss: 0.642837, te_score: 0.680000

time = 0
tr_loss: 0.567917, tr_score: 0.711250
va_loss: 0.590567, va_score: 0.740000
te_loss: 0.580298, te_score: 0.700000

time = 0
tr_loss: 0.633698, tr_score: 0.655000
va_loss: 0.592491, va_score: 0.720000
te_loss: 0.603312, te_score: 0.700000

time = 0
tr_loss: 0.582841, tr_score: 0.718750
va_loss: 0.693616, va_score: 0.610000
te_loss: 0.679878, te_score: 0.630000

time = 0
tr_loss: 0.620983, tr_score: 0.686250
va_loss: 0.637351, va_score: 0.670000
te_loss: 0.551991, te_score: 0.790000

time = 0
tr_loss: 0.534196, tr_score: 0.742500
va_loss: 0.519278, va_score: 0.770000
te_loss: 0.564008, te_score: 0.710000

time = 0
tr_loss: 0.560354, tr_score: 0.718750
va_loss: 0.545081, va_score: 0.750000
te_loss: 0.575657, te_score: 0.750000

time = 0
tr_loss: 0.528938, tr_score: 0.731250
va_loss: 0.500986, va_score: 0.760000
te_loss: 0.448158, te_score: 0.790000

time = 0
tr_loss: 0.505295, tr_score: 0.755000
va_loss: 0.486410, va_score: 0.770000
te_loss: 0.607952, te_score: 0.680000

time = 0
tr_loss: 0.567720, tr_score: 0.720000
va_loss: 0.577363, va_score: 0.710000
te_loss: 0.717678, te_score: 0.560000

time = 0
tr_loss: 0.594013, tr_score: 0.721250
va_loss: 0.654802, va_score: 0.670000
te_loss: 0.680057, te_score: 0.620000

time = 0
tr_loss: 0.597172, tr_score: 0.711250
va_loss: 0.594362, va_score: 0.680000
te_loss: 0.671019, te_score: 0.630000

time = 0
tr_loss: 0.600861, tr_score: 0.703750
va_loss: 0.630974, va_score: 0.670000
te_loss: 0.591445, te_score: 0.700000

time = 0
tr_loss: 0.553463, tr_score: 0.720000
va_loss: 0.582699, va_score: 0.690000
te_loss: 0.565213, te_score: 0.730000

time = 0
tr_loss: 0.607054, tr_score: 0.698750
va_loss: 0.657938, va_score: 0.660000
te_loss: 0.590579, te_score: 0.720000

time = 0
tr_loss: 0.592897, tr_score: 0.711250
va_loss: 0.649079, va_score: 0.650000
te_loss: 0.657009, te_score: 0.660000

time = 0
tr_loss: 0.530877, tr_score: 0.740000
va_loss: 0.584382, va_score: 0.690000
te_loss: 0.683755, te_score: 0.600000

time = 0
tr_loss: 0.630199, tr_score: 0.697500
va_loss: 0.573789, va_score: 0.780000
te_loss: 0.666459, te_score: 0.640000

======================================================
0  Seed:  [ 140. 2411. 2238. 5068. 2300. 9812. 6334. 4380. 4021. 8554. 2226. 8534.
 4715. 7921. 4457. 6212.  255.  495. 8301.  932.]
tr_loss: 0.575817, tr_score: 0.715437
va_loss: 0.594140, va_score: 0.705000
te_loss: 0.615674, te_score: 0.682000
time = 1
tr_loss: 0.619922, tr_score: 0.713750
va_loss: 0.670428, va_score: 0.660000
te_loss: 0.628293, te_score: 0.750000

time = 1
tr_loss: 0.608757, tr_score: 0.708750
va_loss: 0.624338, va_score: 0.670000
te_loss: 0.596348, te_score: 0.720000

time = 1
tr_loss: 0.517040, tr_score: 0.746250
va_loss: 0.502740, va_score: 0.760000
te_loss: 0.443945, te_score: 0.800000

time = 1
tr_loss: 0.506245, tr_score: 0.745000
va_loss: 0.546053, va_score: 0.740000
te_loss: 0.615428, te_score: 0.640000

time = 1
tr_loss: 0.605244, tr_score: 0.698750
va_loss: 0.658734, va_score: 0.660000
te_loss: 0.600120, te_score: 0.730000

time = 1
tr_loss: 0.609197, tr_score: 0.698750
va_loss: 0.568100, va_score: 0.670000
te_loss: 0.566711, te_score: 0.750000

time = 1
tr_loss: 0.587312, tr_score: 0.703750
va_loss: 0.584366, va_score: 0.700000
te_loss: 0.570321, te_score: 0.710000

time = 1
tr_loss: 0.593743, tr_score: 0.687500
va_loss: 0.594884, va_score: 0.700000
te_loss: 0.565923, te_score: 0.720000

time = 1
tr_loss: 0.588782, tr_score: 0.703750
va_loss: 0.632845, va_score: 0.660000
te_loss: 0.574368, te_score: 0.710000

time = 1
tr_loss: 0.599029, tr_score: 0.708750
va_loss: 0.585607, va_score: 0.730000
te_loss: 0.676188, te_score: 0.600000

time = 1
tr_loss: 0.586194, tr_score: 0.707500
va_loss: 0.612542, va_score: 0.680000
te_loss: 0.525707, te_score: 0.730000

time = 1
tr_loss: 0.583508, tr_score: 0.710000
va_loss: 0.621893, va_score: 0.700000
te_loss: 0.609821, te_score: 0.680000

time = 1
tr_loss: 0.556899, tr_score: 0.711250
va_loss: 0.486174, va_score: 0.810000
te_loss: 0.580501, te_score: 0.650000

time = 1
tr_loss: 0.582366, tr_score: 0.713750
va_loss: 0.521297, va_score: 0.760000
te_loss: 0.603034, te_score: 0.730000

time = 1
tr_loss: 0.573313, tr_score: 0.706250
va_loss: 0.621188, va_score: 0.620000
te_loss: 0.572081, te_score: 0.720000

time = 1
tr_loss: 0.580123, tr_score: 0.705000
va_loss: 0.599021, va_score: 0.650000
te_loss: 0.572704, te_score: 0.730000

time = 1
tr_loss: 0.598707, tr_score: 0.672500
va_loss: 0.556105, va_score: 0.730000
te_loss: 0.574440, te_score: 0.740000

time = 1
tr_loss: 0.563017, tr_score: 0.710000
va_loss: 0.604918, va_score: 0.690000
te_loss: 0.539696, te_score: 0.710000

time = 1
tr_loss: 0.579999, tr_score: 0.715000
va_loss: 0.546116, va_score: 0.790000
te_loss: 0.620379, te_score: 0.680000

time = 1
tr_loss: 0.566741, tr_score: 0.707500
va_loss: 0.561174, va_score: 0.770000
te_loss: 0.536363, te_score: 0.780000

======================================================
1  Seed:  [8640.  888. 4066.  552. 1437. 6591. 8969.  824. 8811.  938.  550. 9822.
 6241. 3057. 1352. 8361. 5326. 3377. 2314. 8889.]
tr_loss: 0.580307, tr_score: 0.708687
va_loss: 0.584926, va_score: 0.707500
te_loss: 0.578618, te_score: 0.714000
time = 2
tr_loss: 0.547360, tr_score: 0.720000
va_loss: 0.589625, va_score: 0.700000
te_loss: 0.620147, te_score: 0.640000

time = 2
tr_loss: 0.585111, tr_score: 0.695000
va_loss: 0.485428, va_score: 0.830000
te_loss: 0.601688, te_score: 0.690000

time = 2
tr_loss: 0.548382, tr_score: 0.716250
va_loss: 0.537923, va_score: 0.750000
te_loss: 0.533889, te_score: 0.740000

time = 2
tr_loss: 0.559698, tr_score: 0.726250
va_loss: 0.591609, va_score: 0.710000
te_loss: 0.568541, te_score: 0.690000

time = 2
tr_loss: 0.592950, tr_score: 0.695000
va_loss: 0.623992, va_score: 0.670000
te_loss: 0.550563, te_score: 0.770000

time = 2
tr_loss: 0.509585, tr_score: 0.750000
va_loss: 0.535175, va_score: 0.710000
te_loss: 0.604552, te_score: 0.690000

time = 2
tr_loss: 0.646767, tr_score: 0.707500
va_loss: 0.677931, va_score: 0.630000
te_loss: 0.638090, te_score: 0.700000

time = 2
tr_loss: 0.615395, tr_score: 0.681250
va_loss: 0.561661, va_score: 0.750000
te_loss: 0.597296, te_score: 0.710000

time = 2
tr_loss: 0.558263, tr_score: 0.713750
va_loss: 0.544059, va_score: 0.740000
te_loss: 0.590062, te_score: 0.660000

time = 2
tr_loss: 0.577900, tr_score: 0.710000
va_loss: 0.572447, va_score: 0.720000
te_loss: 0.541883, te_score: 0.730000

time = 2
tr_loss: 0.506391, tr_score: 0.772500
va_loss: 0.515842, va_score: 0.740000
te_loss: 0.584792, te_score: 0.720000

time = 2
tr_loss: 0.607861, tr_score: 0.700000
va_loss: 0.605225, va_score: 0.700000
te_loss: 0.570332, te_score: 0.770000

time = 2
tr_loss: 0.585218, tr_score: 0.712500
va_loss: 0.569314, va_score: 0.740000
te_loss: 0.576384, te_score: 0.680000

time = 2
tr_loss: 0.564662, tr_score: 0.708750
va_loss: 0.548642, va_score: 0.750000
te_loss: 0.560525, te_score: 0.730000

time = 2
tr_loss: 0.599294, tr_score: 0.717500
va_loss: 0.603990, va_score: 0.690000
te_loss: 0.599718, te_score: 0.730000

time = 2
tr_loss: 0.614321, tr_score: 0.693750
va_loss: 0.550172, va_score: 0.710000
te_loss: 0.558651, te_score: 0.780000

time = 2
tr_loss: 0.579928, tr_score: 0.707500
va_loss: 0.603830, va_score: 0.660000
te_loss: 0.617821, te_score: 0.670000

time = 2
tr_loss: 0.585715, tr_score: 0.703750
va_loss: 0.634596, va_score: 0.690000
te_loss: 0.558532, te_score: 0.730000

time = 2
tr_loss: 0.606319, tr_score: 0.710000
va_loss: 0.619707, va_score: 0.690000
te_loss: 0.603124, te_score: 0.740000

time = 2
tr_loss: 0.565456, tr_score: 0.701250
va_loss: 0.562731, va_score: 0.730000
te_loss: 0.579630, te_score: 0.700000

======================================================
2  Seed:  [5478. 7027. 2150. 7559. 3662. 2043. 8598. 4158. 6442. 4398. 3939. 9768.
 5143. 2231.  162. 6860. 3496. 7749. 2530. 2730.]
tr_loss: 0.577829, tr_score: 0.712125
va_loss: 0.576695, va_score: 0.715500
te_loss: 0.582811, te_score: 0.713500
time = 3
tr_loss: 0.545794, tr_score: 0.735000
va_loss: 0.612540, va_score: 0.650000
te_loss: 0.563546, te_score: 0.700000

time = 3
tr_loss: 0.571956, tr_score: 0.706250
va_loss: 0.612785, va_score: 0.670000
te_loss: 0.555248, te_score: 0.710000

time = 3
tr_loss: 0.576571, tr_score: 0.705000
va_loss: 0.623022, va_score: 0.670000
te_loss: 0.624175, te_score: 0.690000

time = 3
tr_loss: 0.593467, tr_score: 0.692500
va_loss: 0.526855, va_score: 0.780000
te_loss: 0.597773, te_score: 0.700000

time = 3
tr_loss: 0.576193, tr_score: 0.707500
va_loss: 0.545615, va_score: 0.720000
te_loss: 0.583752, te_score: 0.720000

time = 3
tr_loss: 0.589697, tr_score: 0.696250
va_loss: 0.568747, va_score: 0.690000
te_loss: 0.579995, te_score: 0.740000

time = 3
tr_loss: 0.590737, tr_score: 0.712500
va_loss: 0.631434, va_score: 0.640000
te_loss: 0.589941, te_score: 0.750000

time = 3
tr_loss: 0.587400, tr_score: 0.723750
va_loss: 0.658726, va_score: 0.660000
te_loss: 0.640472, te_score: 0.690000

time = 3
tr_loss: 0.588457, tr_score: 0.725000
va_loss: 0.677230, va_score: 0.650000
te_loss: 0.614393, te_score: 0.700000

time = 3
tr_loss: 0.599159, tr_score: 0.703750
va_loss: 0.549785, va_score: 0.720000
te_loss: 0.622395, te_score: 0.730000

time = 3
tr_loss: 0.554894, tr_score: 0.746250
va_loss: 0.570687, va_score: 0.760000
te_loss: 0.552021, te_score: 0.730000

time = 3
tr_loss: 0.549708, tr_score: 0.725000
va_loss: 0.539370, va_score: 0.760000
te_loss: 0.623325, te_score: 0.670000

time = 3
tr_loss: 0.597185, tr_score: 0.696250
va_loss: 0.565550, va_score: 0.720000
te_loss: 0.611411, te_score: 0.710000

time = 3
tr_loss: 0.594449, tr_score: 0.701250
va_loss: 0.657360, va_score: 0.660000
te_loss: 0.536118, te_score: 0.780000

time = 3
tr_loss: 0.565401, tr_score: 0.716250
va_loss: 0.689656, va_score: 0.610000
te_loss: 0.580523, te_score: 0.680000

time = 3
tr_loss: 0.565870, tr_score: 0.725000
va_loss: 0.552372, va_score: 0.710000
te_loss: 0.567252, te_score: 0.710000

time = 3
tr_loss: 0.571007, tr_score: 0.710000
va_loss: 0.605569, va_score: 0.680000
te_loss: 0.630268, te_score: 0.670000

time = 3
tr_loss: 0.576099, tr_score: 0.722500
va_loss: 0.732853, va_score: 0.600000
te_loss: 0.632785, te_score: 0.700000

time = 3
tr_loss: 0.555118, tr_score: 0.706250
va_loss: 0.605404, va_score: 0.670000
te_loss: 0.572596, te_score: 0.670000

time = 3
tr_loss: 0.529961, tr_score: 0.733750
va_loss: 0.540622, va_score: 0.710000
te_loss: 0.522793, te_score: 0.740000

======================================================
3  Seed:  [6469. 3301. 7178. 4323. 9525.  454. 7215. 4562. 5178. 3971. 9338. 3960.
 2970. 9630. 2254.  396. 4264. 8949. 7913. 1289.]
tr_loss: 0.573956, tr_score: 0.714500
va_loss: 0.603309, va_score: 0.686500
te_loss: 0.590039, te_score: 0.709500
time = 4
tr_loss: 0.570674, tr_score: 0.700000
va_loss: 0.560542, va_score: 0.760000
te_loss: 0.515313, te_score: 0.770000

time = 4
tr_loss: 0.545163, tr_score: 0.726250
va_loss: 0.489043, va_score: 0.750000
te_loss: 0.536164, te_score: 0.690000

time = 4
tr_loss: 0.561663, tr_score: 0.716250
va_loss: 0.569255, va_score: 0.730000
te_loss: 0.613182, te_score: 0.650000

time = 4
tr_loss: 0.598174, tr_score: 0.705000
va_loss: 0.562721, va_score: 0.760000
te_loss: 0.646066, te_score: 0.660000

time = 4
tr_loss: 0.543042, tr_score: 0.706250
va_loss: 0.594049, va_score: 0.670000
te_loss: 0.544590, te_score: 0.700000

time = 4
tr_loss: 0.602139, tr_score: 0.706250
va_loss: 0.572155, va_score: 0.730000
te_loss: 0.559277, te_score: 0.770000

time = 4
tr_loss: 0.564933, tr_score: 0.717500
va_loss: 0.607796, va_score: 0.690000
te_loss: 0.572991, te_score: 0.720000

time = 4
tr_loss: 0.592237, tr_score: 0.701250
va_loss: 0.661134, va_score: 0.620000
te_loss: 0.543453, te_score: 0.770000

time = 4
tr_loss: 0.579060, tr_score: 0.700000
va_loss: 0.626488, va_score: 0.650000
te_loss: 0.543014, te_score: 0.770000

time = 4
tr_loss: 0.552454, tr_score: 0.730000
va_loss: 0.594863, va_score: 0.720000
te_loss: 0.543159, te_score: 0.710000

time = 4
tr_loss: 0.608456, tr_score: 0.706250
va_loss: 0.655893, va_score: 0.640000
te_loss: 0.607758, te_score: 0.710000

time = 4
tr_loss: 0.593103, tr_score: 0.702500
va_loss: 0.565636, va_score: 0.680000
te_loss: 0.614765, te_score: 0.670000

time = 4
tr_loss: 0.595074, tr_score: 0.707500
va_loss: 0.564334, va_score: 0.740000
te_loss: 0.650116, te_score: 0.670000

time = 4
tr_loss: 0.628624, tr_score: 0.658750
va_loss: 0.569072, va_score: 0.700000
te_loss: 0.544361, te_score: 0.720000

time = 4
tr_loss: 0.612394, tr_score: 0.717500
va_loss: 0.638085, va_score: 0.700000
te_loss: 0.725645, te_score: 0.610000

time = 4
tr_loss: 0.610716, tr_score: 0.687500
va_loss: 0.544484, va_score: 0.780000
te_loss: 0.575282, te_score: 0.720000

time = 4
tr_loss: 0.527547, tr_score: 0.728750
va_loss: 0.497861, va_score: 0.760000
te_loss: 0.553399, te_score: 0.690000

time = 4
tr_loss: 0.584265, tr_score: 0.702500
va_loss: 0.584427, va_score: 0.700000
te_loss: 0.611074, te_score: 0.680000

time = 4
tr_loss: 0.608392, tr_score: 0.703750
va_loss: 0.666337, va_score: 0.610000
te_loss: 0.619386, te_score: 0.710000

time = 4
tr_loss: 0.608547, tr_score: 0.696250
va_loss: 0.595704, va_score: 0.710000
te_loss: 0.568434, te_score: 0.740000

======================================================
4  Seed:  [8744.  130. 2730. 2289. 3436.   91. 5431.  214. 1996. 7906. 4318. 5189.
 9458. 5884. 7590. 9032. 7937. 3024. 1021. 9551.]
tr_loss: 0.584333, tr_score: 0.706000
va_loss: 0.585994, va_score: 0.705000
te_loss: 0.584372, te_score: 0.706500
time = 5
tr_loss: 0.588135, tr_score: 0.715000
va_loss: 0.639545, va_score: 0.660000
te_loss: 0.646597, te_score: 0.660000

time = 5
tr_loss: 0.569665, tr_score: 0.713750
va_loss: 0.644632, va_score: 0.630000
te_loss: 0.565936, te_score: 0.710000

time = 5
tr_loss: 0.564472, tr_score: 0.706250
va_loss: 0.615893, va_score: 0.680000
te_loss: 0.585463, te_score: 0.690000

time = 5
tr_loss: 0.535012, tr_score: 0.738750
va_loss: 0.583062, va_score: 0.690000
te_loss: 0.555259, te_score: 0.750000

time = 5
tr_loss: 0.565323, tr_score: 0.708750
va_loss: 0.587752, va_score: 0.670000
te_loss: 0.523024, te_score: 0.740000

time = 5
tr_loss: 0.588990, tr_score: 0.705000
va_loss: 0.544132, va_score: 0.740000
te_loss: 0.533392, te_score: 0.750000

time = 5
tr_loss: 0.571233, tr_score: 0.703750
va_loss: 0.527590, va_score: 0.750000
te_loss: 0.601471, te_score: 0.700000

time = 5
tr_loss: 0.569065, tr_score: 0.720000
va_loss: 0.562620, va_score: 0.720000
te_loss: 0.558791, te_score: 0.710000

time = 5
tr_loss: 0.603369, tr_score: 0.688750
va_loss: 0.573039, va_score: 0.750000
te_loss: 0.568369, te_score: 0.720000

time = 5
tr_loss: 0.578128, tr_score: 0.702500
va_loss: 0.562444, va_score: 0.740000
te_loss: 0.576418, te_score: 0.740000

time = 5
tr_loss: 0.609957, tr_score: 0.708750
va_loss: 0.740060, va_score: 0.600000
te_loss: 0.605611, te_score: 0.750000

time = 5
tr_loss: 0.591542, tr_score: 0.688750
va_loss: 0.522457, va_score: 0.780000
te_loss: 0.560411, te_score: 0.740000

time = 5
tr_loss: 0.581984, tr_score: 0.712500
va_loss: 0.573177, va_score: 0.720000
te_loss: 0.574536, te_score: 0.740000

time = 5
tr_loss: 0.548530, tr_score: 0.718750
va_loss: 0.513190, va_score: 0.760000
te_loss: 0.633748, te_score: 0.660000

time = 5
tr_loss: 0.576684, tr_score: 0.713750
va_loss: 0.587082, va_score: 0.710000
te_loss: 0.580202, te_score: 0.670000

time = 5
tr_loss: 0.607115, tr_score: 0.693750
va_loss: 0.522380, va_score: 0.760000
te_loss: 0.691629, te_score: 0.590000

time = 5
tr_loss: 0.553539, tr_score: 0.726250
va_loss: 0.620114, va_score: 0.640000
te_loss: 0.578507, te_score: 0.680000

time = 5
tr_loss: 0.603233, tr_score: 0.706250
va_loss: 0.522345, va_score: 0.800000
te_loss: 0.633102, te_score: 0.690000

time = 5
tr_loss: 0.582473, tr_score: 0.701250
va_loss: 0.496215, va_score: 0.780000
te_loss: 0.687721, te_score: 0.600000

time = 5
tr_loss: 0.605393, tr_score: 0.710000
va_loss: 0.637432, va_score: 0.680000
te_loss: 0.615944, te_score: 0.710000

======================================================
5  Seed:  [1237. 6412. 2121. 6405. 4525. 1302. 1340. 7513. 9914. 1173. 2339. 2687.
 5417. 1769. 4522. 4161. 3470. 2003. 6862. 6659.]
tr_loss: 0.579692, tr_score: 0.709125
va_loss: 0.578758, va_score: 0.713000
te_loss: 0.593807, te_score: 0.700000
time = 6
tr_loss: 0.590082, tr_score: 0.712500
va_loss: 0.540163, va_score: 0.770000
te_loss: 0.589569, te_score: 0.700000

time = 6
tr_loss: 0.577121, tr_score: 0.721250
va_loss: 0.638388, va_score: 0.680000
te_loss: 0.632302, te_score: 0.660000

time = 6
tr_loss: 0.562821, tr_score: 0.708750
va_loss: 0.552341, va_score: 0.670000
te_loss: 0.624973, te_score: 0.650000

time = 6
tr_loss: 0.576561, tr_score: 0.721250
va_loss: 0.562531, va_score: 0.730000
te_loss: 0.630380, te_score: 0.660000

time = 6
tr_loss: 0.595317, tr_score: 0.712500
va_loss: 0.592463, va_score: 0.710000
te_loss: 0.537039, te_score: 0.770000

time = 6
tr_loss: 0.612201, tr_score: 0.725000
va_loss: 0.657853, va_score: 0.680000
te_loss: 0.717921, te_score: 0.620000

time = 6
tr_loss: 0.595142, tr_score: 0.710000
va_loss: 0.690874, va_score: 0.620000
te_loss: 0.572387, te_score: 0.740000

time = 6
tr_loss: 0.577047, tr_score: 0.705000
va_loss: 0.612703, va_score: 0.670000
te_loss: 0.595056, te_score: 0.700000

time = 6
tr_loss: 0.595119, tr_score: 0.707500
va_loss: 0.540757, va_score: 0.780000
te_loss: 0.597185, te_score: 0.700000

time = 6
tr_loss: 0.577057, tr_score: 0.710000
va_loss: 0.561142, va_score: 0.730000
te_loss: 0.621026, te_score: 0.700000

time = 6
tr_loss: 0.628080, tr_score: 0.678750
va_loss: 0.619324, va_score: 0.670000
te_loss: 0.782556, te_score: 0.550000

time = 6
tr_loss: 0.581507, tr_score: 0.715000
va_loss: 0.557251, va_score: 0.720000
te_loss: 0.604430, te_score: 0.690000

time = 6
tr_loss: 0.593204, tr_score: 0.705000
va_loss: 0.565147, va_score: 0.750000
te_loss: 0.627541, te_score: 0.690000

time = 6
tr_loss: 0.606162, tr_score: 0.696250
va_loss: 0.592840, va_score: 0.720000
te_loss: 0.568166, te_score: 0.760000

time = 6
tr_loss: 0.563230, tr_score: 0.706250
va_loss: 0.594785, va_score: 0.680000
te_loss: 0.579653, te_score: 0.650000

time = 6
tr_loss: 0.560213, tr_score: 0.707500
va_loss: 0.599817, va_score: 0.690000
te_loss: 0.577884, te_score: 0.680000

time = 6
tr_loss: 0.600028, tr_score: 0.702500
va_loss: 0.594389, va_score: 0.710000
te_loss: 0.621743, te_score: 0.690000

time = 6
tr_loss: 0.585006, tr_score: 0.715000
va_loss: 0.531587, va_score: 0.760000
te_loss: 0.591961, te_score: 0.700000

time = 6
tr_loss: 0.573199, tr_score: 0.712500
va_loss: 0.578345, va_score: 0.670000
te_loss: 0.549775, te_score: 0.770000

time = 6
tr_loss: 0.577249, tr_score: 0.713750
va_loss: 0.605703, va_score: 0.690000
te_loss: 0.584996, te_score: 0.720000

======================================================
6  Seed:  [7694. 6294. 7622. 3529.   96. 7204. 5217. 3436.  887. 8110. 7803. 3805.
 1114. 2222. 9584. 2008. 1959. 4210.  576. 6097.]
tr_loss: 0.586317, tr_score: 0.709313
va_loss: 0.589420, va_score: 0.705000
te_loss: 0.610327, te_score: 0.690000
time = 7
tr_loss: 0.538627, tr_score: 0.730000
va_loss: 0.551880, va_score: 0.750000
te_loss: 0.513553, te_score: 0.750000

time = 7
tr_loss: 0.578775, tr_score: 0.702500
va_loss: 0.537950, va_score: 0.750000
te_loss: 0.559846, te_score: 0.720000

time = 7
tr_loss: 0.537091, tr_score: 0.732500
va_loss: 0.457957, va_score: 0.830000
te_loss: 0.550094, te_score: 0.750000

time = 7
tr_loss: 0.544390, tr_score: 0.725000
va_loss: 0.561351, va_score: 0.720000
te_loss: 0.541104, te_score: 0.740000

time = 7
tr_loss: 0.595749, tr_score: 0.692500
va_loss: 0.569807, va_score: 0.730000
te_loss: 0.581416, te_score: 0.730000

time = 7
tr_loss: 0.610885, tr_score: 0.708750
va_loss: 0.707903, va_score: 0.600000
te_loss: 0.634388, te_score: 0.710000

time = 7
tr_loss: 0.601676, tr_score: 0.698750
va_loss: 0.646083, va_score: 0.660000
te_loss: 0.555701, te_score: 0.750000

time = 7
tr_loss: 0.611056, tr_score: 0.701250
va_loss: 0.640394, va_score: 0.670000
te_loss: 0.722009, te_score: 0.610000

time = 7
tr_loss: 0.615293, tr_score: 0.703750
va_loss: 0.630959, va_score: 0.690000
te_loss: 0.635669, te_score: 0.650000

time = 7
tr_loss: 0.634818, tr_score: 0.672500
va_loss: 0.626956, va_score: 0.660000
te_loss: 0.659037, te_score: 0.690000

time = 7
tr_loss: 0.580997, tr_score: 0.698750
va_loss: 0.583159, va_score: 0.710000
te_loss: 0.645967, te_score: 0.670000

time = 7
tr_loss: 0.593963, tr_score: 0.701250
va_loss: 0.682937, va_score: 0.630000
te_loss: 0.496836, te_score: 0.790000

time = 7
tr_loss: 0.563618, tr_score: 0.730000
va_loss: 0.738547, va_score: 0.590000
te_loss: 0.653382, te_score: 0.650000

time = 7
tr_loss: 0.620834, tr_score: 0.698750
va_loss: 0.548585, va_score: 0.750000
te_loss: 0.608048, te_score: 0.710000

time = 7
tr_loss: 0.558317, tr_score: 0.722500
va_loss: 0.592937, va_score: 0.670000
te_loss: 0.649553, te_score: 0.650000

time = 7
tr_loss: 0.535936, tr_score: 0.733750
va_loss: 0.568024, va_score: 0.710000
te_loss: 0.503753, te_score: 0.760000

time = 7
tr_loss: 0.571976, tr_score: 0.733750
va_loss: 0.620598, va_score: 0.690000
te_loss: 0.632751, te_score: 0.660000

time = 7
tr_loss: 0.574961, tr_score: 0.715000
va_loss: 0.538603, va_score: 0.750000
te_loss: 0.631472, te_score: 0.640000

time = 7
tr_loss: 0.608073, tr_score: 0.710000
va_loss: 0.606964, va_score: 0.710000
te_loss: 0.615676, te_score: 0.730000

time = 7
tr_loss: 0.589242, tr_score: 0.693750
va_loss: 0.586028, va_score: 0.720000
te_loss: 0.594765, te_score: 0.720000

======================================================
7  Seed:  [ 667. 3641. 1333. 4721. 6871. 9519. 4778.  927. 8338.   13. 3683. 6570.
 1422. 3821. 5722.  599. 3527. 1784. 1921. 2070.]
tr_loss: 0.583314, tr_score: 0.710250
va_loss: 0.599881, va_score: 0.699500
te_loss: 0.599251, te_score: 0.704000
time = 8
tr_loss: 0.601067, tr_score: 0.698750
va_loss: 0.583299, va_score: 0.720000
te_loss: 0.533388, te_score: 0.790000

time = 8
tr_loss: 0.578926, tr_score: 0.708750
va_loss: 0.714247, va_score: 0.610000
te_loss: 0.516475, te_score: 0.780000

time = 8
tr_loss: 0.596694, tr_score: 0.698750
va_loss: 0.594080, va_score: 0.680000
te_loss: 0.589595, te_score: 0.730000

time = 8
tr_loss: 0.614843, tr_score: 0.678750
va_loss: 0.592747, va_score: 0.700000
te_loss: 0.578458, te_score: 0.720000

time = 8
tr_loss: 0.588948, tr_score: 0.706250
va_loss: 0.574223, va_score: 0.710000
te_loss: 0.541336, te_score: 0.730000

time = 8
tr_loss: 0.543898, tr_score: 0.745000
va_loss: 0.588943, va_score: 0.710000
te_loss: 0.556674, te_score: 0.730000

time = 8
tr_loss: 0.560813, tr_score: 0.706250
va_loss: 0.548268, va_score: 0.720000
te_loss: 0.619831, te_score: 0.670000

time = 8
tr_loss: 0.583711, tr_score: 0.697500
va_loss: 0.516321, va_score: 0.770000
te_loss: 0.574544, te_score: 0.760000

time = 8
tr_loss: 0.596463, tr_score: 0.690000
va_loss: 0.638530, va_score: 0.680000
te_loss: 0.564042, te_score: 0.770000

time = 8
tr_loss: 0.587943, tr_score: 0.716250
va_loss: 0.678766, va_score: 0.610000
te_loss: 0.600801, te_score: 0.690000

time = 8
tr_loss: 0.585594, tr_score: 0.702500
va_loss: 0.541982, va_score: 0.730000
te_loss: 0.523547, te_score: 0.780000

time = 8
tr_loss: 0.597475, tr_score: 0.698750
va_loss: 0.538600, va_score: 0.760000
te_loss: 0.635443, te_score: 0.650000

time = 8
tr_loss: 0.556080, tr_score: 0.705000
va_loss: 0.568894, va_score: 0.680000
te_loss: 0.560140, te_score: 0.680000

time = 8
tr_loss: 0.588097, tr_score: 0.697500
va_loss: 0.526642, va_score: 0.760000
te_loss: 0.600568, te_score: 0.670000

time = 8
tr_loss: 0.606147, tr_score: 0.702500
va_loss: 0.599123, va_score: 0.690000
te_loss: 0.581161, te_score: 0.710000

time = 8
tr_loss: 0.587708, tr_score: 0.712500
va_loss: 0.535496, va_score: 0.760000
te_loss: 0.715667, te_score: 0.580000

time = 8
tr_loss: 0.574812, tr_score: 0.723750
va_loss: 0.595627, va_score: 0.680000
te_loss: 0.613238, te_score: 0.670000

time = 8
tr_loss: 0.573305, tr_score: 0.718750
va_loss: 0.559886, va_score: 0.760000
te_loss: 0.600032, te_score: 0.670000

time = 8
tr_loss: 0.560112, tr_score: 0.725000
va_loss: 0.575266, va_score: 0.700000
te_loss: 0.551832, te_score: 0.750000

time = 8
tr_loss: 0.575580, tr_score: 0.713750
va_loss: 0.595523, va_score: 0.720000
te_loss: 0.658182, te_score: 0.670000

======================================================
8  Seed:  [4860. 8426. 6918. 8393. 2977. 1581. 7001.  814. 5947. 4477. 3311. 7270.
 5082. 4712. 7103. 6080. 5821. 8708. 4579. 2324.]
tr_loss: 0.582911, tr_score: 0.707312
va_loss: 0.583323, va_score: 0.707500
te_loss: 0.585748, te_score: 0.710000
time = 9
tr_loss: 0.591690, tr_score: 0.700000
va_loss: 0.568576, va_score: 0.710000
te_loss: 0.599089, te_score: 0.690000

time = 9
tr_loss: 0.564994, tr_score: 0.721250
va_loss: 0.611941, va_score: 0.660000
te_loss: 0.568457, te_score: 0.720000

time = 9
tr_loss: 0.569614, tr_score: 0.713750
va_loss: 0.567344, va_score: 0.730000
te_loss: 0.608904, te_score: 0.680000

time = 9
tr_loss: 0.583098, tr_score: 0.677500
va_loss: 0.633848, va_score: 0.600000
te_loss: 0.618095, te_score: 0.670000

time = 9
tr_loss: 0.608928, tr_score: 0.702500
va_loss: 0.544844, va_score: 0.770000
te_loss: 0.698066, te_score: 0.610000

time = 9
tr_loss: 0.573020, tr_score: 0.727500
va_loss: 0.567097, va_score: 0.710000
te_loss: 0.606197, te_score: 0.700000

time = 9
tr_loss: 0.614626, tr_score: 0.693750
va_loss: 0.582317, va_score: 0.730000
te_loss: 0.574514, te_score: 0.720000

time = 9
tr_loss: 0.602807, tr_score: 0.710000
va_loss: 0.598484, va_score: 0.700000
te_loss: 0.615644, te_score: 0.700000

time = 9
tr_loss: 0.589573, tr_score: 0.701250
va_loss: 0.573143, va_score: 0.730000
te_loss: 0.538383, te_score: 0.760000

time = 9
tr_loss: 0.598670, tr_score: 0.702500
va_loss: 0.654972, va_score: 0.650000
te_loss: 0.571084, te_score: 0.730000

time = 9
tr_loss: 0.622995, tr_score: 0.697500
va_loss: 0.626970, va_score: 0.720000
te_loss: 0.620634, te_score: 0.700000

time = 9
tr_loss: 0.575086, tr_score: 0.696250
va_loss: 0.511103, va_score: 0.780000
te_loss: 0.550937, te_score: 0.740000

time = 9
tr_loss: 0.590480, tr_score: 0.700000
va_loss: 0.593078, va_score: 0.670000
te_loss: 0.531613, te_score: 0.720000

time = 9
tr_loss: 0.556597, tr_score: 0.720000
va_loss: 0.565480, va_score: 0.700000
te_loss: 0.534549, te_score: 0.730000

time = 9
tr_loss: 0.577238, tr_score: 0.716250
va_loss: 0.654453, va_score: 0.680000
te_loss: 0.627746, te_score: 0.680000

time = 9
tr_loss: 0.525212, tr_score: 0.753750
va_loss: 0.518571, va_score: 0.750000
te_loss: 0.529186, te_score: 0.730000

time = 9
tr_loss: 0.583981, tr_score: 0.706250
va_loss: 0.596960, va_score: 0.710000
te_loss: 0.584442, te_score: 0.660000

time = 9
tr_loss: 0.595216, tr_score: 0.710000
va_loss: 0.630216, va_score: 0.670000
te_loss: 0.655531, te_score: 0.650000

time = 9
tr_loss: 0.594302, tr_score: 0.707500
va_loss: 0.619435, va_score: 0.690000
te_loss: 0.623292, te_score: 0.680000

time = 9
tr_loss: 0.596007, tr_score: 0.702500
va_loss: 0.564988, va_score: 0.770000
te_loss: 0.606421, te_score: 0.690000

======================================================
9  Seed:  [9948.  542.  232.  666. 5686. 1955. 6679. 1732. 8003. 9621. 2645. 4622.
 2831. 7236. 6932. 8781. 1798. 9886. 2715. 5559.]
tr_loss: 0.585707, tr_score: 0.708000
va_loss: 0.589191, va_score: 0.706500
te_loss: 0.593139, te_score: 0.698000
time = 10
tr_loss: 0.514235, tr_score: 0.756250
va_loss: 0.501210, va_score: 0.750000
te_loss: 0.485537, te_score: 0.780000

time = 10
tr_loss: 0.528896, tr_score: 0.736250
va_loss: 0.550710, va_score: 0.720000
te_loss: 0.510727, te_score: 0.760000

time = 10
tr_loss: 0.557960, tr_score: 0.738750
va_loss: 0.568624, va_score: 0.730000
te_loss: 0.674229, te_score: 0.580000

time = 10
tr_loss: 0.603630, tr_score: 0.687500
va_loss: 0.539584, va_score: 0.770000
te_loss: 0.569420, te_score: 0.730000

time = 10
tr_loss: 0.573293, tr_score: 0.693750
va_loss: 0.570801, va_score: 0.710000
te_loss: 0.521579, te_score: 0.790000

time = 10
tr_loss: 0.589016, tr_score: 0.700000
va_loss: 0.576753, va_score: 0.730000
te_loss: 0.571078, te_score: 0.700000

time = 10
tr_loss: 0.567318, tr_score: 0.717500
va_loss: 0.512164, va_score: 0.760000
te_loss: 0.509013, te_score: 0.750000

time = 10
tr_loss: 0.636044, tr_score: 0.692500
va_loss: 0.519356, va_score: 0.830000
te_loss: 0.596420, te_score: 0.740000

time = 10
tr_loss: 0.575782, tr_score: 0.708750
va_loss: 0.594073, va_score: 0.690000
te_loss: 0.631802, te_score: 0.650000

time = 10
tr_loss: 0.592555, tr_score: 0.695000
va_loss: 0.583176, va_score: 0.750000
te_loss: 0.598863, te_score: 0.720000

time = 10
tr_loss: 0.510737, tr_score: 0.748750
va_loss: 0.522135, va_score: 0.740000
te_loss: 0.520101, te_score: 0.750000

time = 10
tr_loss: 0.657346, tr_score: 0.582500
va_loss: 0.753672, va_score: 0.570000
te_loss: 0.673248, te_score: 0.630000

time = 10
tr_loss: 0.557984, tr_score: 0.717500
va_loss: 0.569721, va_score: 0.740000
te_loss: 0.573024, te_score: 0.730000

time = 10
tr_loss: 0.609837, tr_score: 0.687500
va_loss: 0.582527, va_score: 0.720000
te_loss: 0.528453, te_score: 0.790000

time = 10
tr_loss: 0.592554, tr_score: 0.722500
va_loss: 0.667030, va_score: 0.610000
te_loss: 0.611884, te_score: 0.690000

time = 10
tr_loss: 0.599007, tr_score: 0.690000
va_loss: 0.573582, va_score: 0.770000
te_loss: 0.549593, te_score: 0.770000

time = 10
tr_loss: 0.587690, tr_score: 0.707500
va_loss: 0.547032, va_score: 0.770000
te_loss: 0.616626, te_score: 0.700000

time = 10
tr_loss: 0.530338, tr_score: 0.721250
va_loss: 0.561811, va_score: 0.690000
te_loss: 0.520594, te_score: 0.740000

time = 10
tr_loss: 0.504705, tr_score: 0.763750
va_loss: 0.509270, va_score: 0.770000
te_loss: 0.503080, te_score: 0.740000

time = 10
tr_loss: 0.555387, tr_score: 0.712500
va_loss: 0.658080, va_score: 0.630000
te_loss: 0.540860, te_score: 0.750000

======================================================
10  Seed:  [9217. 8758. 9318. 9902. 9257. 5433. 4194. 5342. 6064. 1182. 7632. 9724.
 4507. 4141. 7028. 4431.  710. 9505. 6403. 3797.]
tr_loss: 0.572216, tr_score: 0.709000
va_loss: 0.573066, va_score: 0.722500
te_loss: 0.565307, te_score: 0.724500
time = 11
tr_loss: 0.577379, tr_score: 0.700000
va_loss: 0.468592, va_score: 0.830000
te_loss: 0.601323, te_score: 0.650000

time = 11
tr_loss: 0.598858, tr_score: 0.708750
va_loss: 0.631699, va_score: 0.670000
te_loss: 0.646750, te_score: 0.660000

time = 11
tr_loss: 0.551112, tr_score: 0.725000
va_loss: 0.583261, va_score: 0.690000
te_loss: 0.534751, te_score: 0.750000

time = 11
tr_loss: 0.552152, tr_score: 0.721250
va_loss: 0.540419, va_score: 0.760000
te_loss: 0.491500, te_score: 0.780000

time = 11
tr_loss: 0.580491, tr_score: 0.725000
va_loss: 0.642317, va_score: 0.670000
te_loss: 0.638035, te_score: 0.660000

time = 11
tr_loss: 0.595801, tr_score: 0.691250
va_loss: 0.602192, va_score: 0.690000
te_loss: 0.519441, te_score: 0.790000

time = 11
tr_loss: 0.526852, tr_score: 0.738750
va_loss: 0.595471, va_score: 0.680000
te_loss: 0.630647, te_score: 0.690000

time = 11
tr_loss: 0.613179, tr_score: 0.692500
va_loss: 0.534570, va_score: 0.790000
te_loss: 0.635705, te_score: 0.680000

time = 11
tr_loss: 0.600095, tr_score: 0.710000
va_loss: 0.628527, va_score: 0.700000
te_loss: 0.618863, te_score: 0.660000

time = 11
tr_loss: 0.602202, tr_score: 0.705000
va_loss: 0.654601, va_score: 0.680000
te_loss: 0.636058, te_score: 0.670000

time = 11
tr_loss: 0.599679, tr_score: 0.715000
va_loss: 0.659182, va_score: 0.700000
te_loss: 0.524015, te_score: 0.770000

time = 11
tr_loss: 0.579703, tr_score: 0.721250
va_loss: 0.653795, va_score: 0.650000
te_loss: 0.702839, te_score: 0.580000

time = 11
tr_loss: 0.590426, tr_score: 0.710000
va_loss: 0.615004, va_score: 0.680000
te_loss: 0.652687, te_score: 0.640000

time = 11
tr_loss: 0.507687, tr_score: 0.757500
va_loss: 0.474953, va_score: 0.760000
te_loss: 0.590095, te_score: 0.730000

time = 11
tr_loss: 0.519181, tr_score: 0.723750
va_loss: 0.519820, va_score: 0.760000
te_loss: 0.582577, te_score: 0.680000

time = 11
tr_loss: 0.581822, tr_score: 0.708750
va_loss: 0.655130, va_score: 0.610000
te_loss: 0.567345, te_score: 0.720000

time = 11
tr_loss: 0.591597, tr_score: 0.715000
va_loss: 0.559738, va_score: 0.740000
te_loss: 0.686065, te_score: 0.640000

time = 11
tr_loss: 0.603511, tr_score: 0.706250
va_loss: 0.565922, va_score: 0.730000
te_loss: 0.612864, te_score: 0.700000

time = 11
tr_loss: 0.526826, tr_score: 0.727500
va_loss: 0.530206, va_score: 0.770000
te_loss: 0.601455, te_score: 0.610000

time = 11
tr_loss: 0.570557, tr_score: 0.706250
va_loss: 0.530606, va_score: 0.770000
te_loss: 0.626390, te_score: 0.650000

======================================================
11  Seed:  [ 276. 7096. 7576. 7225. 8005. 7496. 1258. 6191. 8489. 5152. 4572. 4247.
 5941. 8136.  978. 3169. 6643. 4121. 8439. 9382.]
tr_loss: 0.573455, tr_score: 0.715437
va_loss: 0.582300, va_score: 0.716500
te_loss: 0.604970, te_score: 0.685500
time = 12
tr_loss: 0.578206, tr_score: 0.716250
va_loss: 0.629582, va_score: 0.640000
te_loss: 0.599367, te_score: 0.700000

time = 12
tr_loss: 0.611256, tr_score: 0.690000
va_loss: 0.669427, va_score: 0.670000
te_loss: 0.553575, te_score: 0.770000

time = 12
tr_loss: 0.604400, tr_score: 0.713750
va_loss: 0.635040, va_score: 0.670000
te_loss: 0.656053, te_score: 0.620000

time = 12
tr_loss: 0.557891, tr_score: 0.726250
va_loss: 0.610530, va_score: 0.690000
te_loss: 0.745429, te_score: 0.610000

time = 12
tr_loss: 0.579570, tr_score: 0.715000
va_loss: 0.610900, va_score: 0.690000
te_loss: 0.616601, te_score: 0.680000

time = 12
tr_loss: 0.507073, tr_score: 0.751250
va_loss: 0.498891, va_score: 0.770000
te_loss: 0.541944, te_score: 0.770000

time = 12
tr_loss: 0.575733, tr_score: 0.710000
va_loss: 0.657310, va_score: 0.590000
te_loss: 0.636108, te_score: 0.650000

time = 12
tr_loss: 0.588598, tr_score: 0.711250
va_loss: 0.629492, va_score: 0.660000
te_loss: 0.614518, te_score: 0.690000

time = 12
tr_loss: 0.549536, tr_score: 0.715000
va_loss: 0.556299, va_score: 0.710000
te_loss: 0.617273, te_score: 0.670000

time = 12
tr_loss: 0.527329, tr_score: 0.740000
va_loss: 0.578685, va_score: 0.690000
te_loss: 0.620831, te_score: 0.680000

time = 12
tr_loss: 0.543120, tr_score: 0.728750
va_loss: 0.559745, va_score: 0.730000
te_loss: 0.591578, te_score: 0.680000

time = 12
tr_loss: 0.561369, tr_score: 0.723750
va_loss: 0.538165, va_score: 0.780000
te_loss: 0.622234, te_score: 0.670000

time = 12
tr_loss: 0.557831, tr_score: 0.717500
va_loss: 0.571477, va_score: 0.710000
te_loss: 0.627456, te_score: 0.690000

time = 12
tr_loss: 0.540929, tr_score: 0.718750
va_loss: 0.491637, va_score: 0.730000
te_loss: 0.525328, te_score: 0.730000

time = 12
tr_loss: 0.577812, tr_score: 0.712500
va_loss: 0.561232, va_score: 0.740000
te_loss: 0.638670, te_score: 0.650000

time = 12
tr_loss: 0.608019, tr_score: 0.710000
va_loss: 0.656874, va_score: 0.630000
te_loss: 0.633561, te_score: 0.660000

time = 12
tr_loss: 0.572584, tr_score: 0.707500
va_loss: 0.622415, va_score: 0.680000
te_loss: 0.535613, te_score: 0.780000

time = 12
tr_loss: 0.564413, tr_score: 0.718750
va_loss: 0.602932, va_score: 0.670000
te_loss: 0.546671, te_score: 0.740000

time = 12
tr_loss: 0.641782, tr_score: 0.675000
va_loss: 0.625924, va_score: 0.700000
te_loss: 0.644657, te_score: 0.660000

time = 12
tr_loss: 0.581391, tr_score: 0.723750
va_loss: 0.632664, va_score: 0.670000
te_loss: 0.600469, te_score: 0.700000

======================================================
12  Seed:  [5995. 5359. 4959. 8841. 2084. 6283. 5803. 5547. 5856. 6466. 1029. 9406.
 1119. 6504. 6270.   89. 4601. 8528. 5236. 3309.]
tr_loss: 0.571442, tr_score: 0.716250
va_loss: 0.596961, va_score: 0.691000
te_loss: 0.608397, te_score: 0.690000
time = 13
tr_loss: 0.551976, tr_score: 0.715000
va_loss: 0.564546, va_score: 0.710000
te_loss: 0.560185, te_score: 0.710000

time = 13
tr_loss: 0.591094, tr_score: 0.707500
va_loss: 0.525615, va_score: 0.780000
te_loss: 0.578977, te_score: 0.740000

time = 13
tr_loss: 0.543178, tr_score: 0.740000
va_loss: 0.529005, va_score: 0.740000
te_loss: 0.701613, te_score: 0.560000

time = 13
tr_loss: 0.614303, tr_score: 0.696250
va_loss: 0.636709, va_score: 0.660000
te_loss: 0.586137, te_score: 0.750000

time = 13
tr_loss: 0.599284, tr_score: 0.697500
va_loss: 0.606334, va_score: 0.710000
te_loss: 0.594570, te_score: 0.710000

time = 13
tr_loss: 0.582360, tr_score: 0.712500
va_loss: 0.603120, va_score: 0.690000
te_loss: 0.587023, te_score: 0.710000

time = 13
tr_loss: 0.581649, tr_score: 0.711250
va_loss: 0.655070, va_score: 0.670000
te_loss: 0.605990, te_score: 0.730000

time = 13
tr_loss: 0.621196, tr_score: 0.701250
va_loss: 0.626522, va_score: 0.710000
te_loss: 0.631748, te_score: 0.680000

time = 13
tr_loss: 0.580710, tr_score: 0.705000
va_loss: 0.569852, va_score: 0.730000
te_loss: 0.518897, te_score: 0.730000

time = 13
tr_loss: 0.561327, tr_score: 0.726250
va_loss: 0.677205, va_score: 0.560000
te_loss: 0.531592, te_score: 0.760000

time = 13
tr_loss: 0.587985, tr_score: 0.733750
va_loss: 0.627423, va_score: 0.680000
te_loss: 0.699758, te_score: 0.590000

time = 13
tr_loss: 0.577912, tr_score: 0.721250
va_loss: 0.587280, va_score: 0.680000
te_loss: 0.578353, te_score: 0.710000

time = 13
tr_loss: 0.571395, tr_score: 0.723750
va_loss: 0.583516, va_score: 0.710000
te_loss: 0.563221, te_score: 0.710000

time = 13
tr_loss: 0.583991, tr_score: 0.708750
va_loss: 0.531443, va_score: 0.740000
te_loss: 0.572661, te_score: 0.690000

time = 13
tr_loss: 0.589484, tr_score: 0.693750
va_loss: 0.574980, va_score: 0.700000
te_loss: 0.516402, te_score: 0.790000

time = 13
tr_loss: 0.613647, tr_score: 0.667500
va_loss: 0.668246, va_score: 0.630000
te_loss: 0.689351, te_score: 0.580000

time = 13
tr_loss: 0.592894, tr_score: 0.711250
va_loss: 0.595099, va_score: 0.720000
te_loss: 0.677892, te_score: 0.620000

time = 13
tr_loss: 0.573348, tr_score: 0.702500
va_loss: 0.505054, va_score: 0.780000
te_loss: 0.571887, te_score: 0.710000

time = 13
tr_loss: 0.649049, tr_score: 0.687500
va_loss: 0.551434, va_score: 0.780000
te_loss: 0.703838, te_score: 0.640000

time = 13
tr_loss: 0.602984, tr_score: 0.696250
va_loss: 0.577173, va_score: 0.710000
te_loss: 0.553091, te_score: 0.770000

======================================================
13  Seed:  [3706. 3756. 2533. 6590. 1761. 5957. 4965. 8699. 1302.  214. 1426. 3422.
 9979.   35. 8073. 6183. 7853. 8174. 4923.  725.]
tr_loss: 0.588488, tr_score: 0.707937
va_loss: 0.589781, va_score: 0.704500
te_loss: 0.601159, te_score: 0.694500
time = 14
tr_loss: 0.601702, tr_score: 0.695000
va_loss: 0.642962, va_score: 0.670000
te_loss: 0.623855, te_score: 0.720000

time = 14
tr_loss: 0.573556, tr_score: 0.720000
va_loss: 0.608879, va_score: 0.700000
te_loss: 0.569470, te_score: 0.720000

time = 14
tr_loss: 0.582113, tr_score: 0.711250
va_loss: 0.559728, va_score: 0.750000
te_loss: 0.596015, te_score: 0.690000

time = 14
tr_loss: 0.567235, tr_score: 0.707500
va_loss: 0.597680, va_score: 0.690000
te_loss: 0.518600, te_score: 0.780000

time = 14
tr_loss: 0.582655, tr_score: 0.712500
va_loss: 0.705862, va_score: 0.630000
te_loss: 0.606406, te_score: 0.710000

time = 14
tr_loss: 0.612186, tr_score: 0.703750
va_loss: 0.584099, va_score: 0.720000
te_loss: 0.707365, te_score: 0.670000

time = 14
tr_loss: 0.601907, tr_score: 0.700000
va_loss: 0.534459, va_score: 0.790000
te_loss: 0.628405, te_score: 0.670000

time = 14
tr_loss: 0.589228, tr_score: 0.690000
va_loss: 0.592244, va_score: 0.690000
te_loss: 0.602420, te_score: 0.670000

time = 14
tr_loss: 0.554342, tr_score: 0.725000
va_loss: 0.533796, va_score: 0.770000
te_loss: 0.545875, te_score: 0.760000

time = 14
tr_loss: 0.582812, tr_score: 0.705000
va_loss: 0.527711, va_score: 0.760000
te_loss: 0.680057, te_score: 0.640000

time = 14
tr_loss: 0.580439, tr_score: 0.721250
va_loss: 0.493681, va_score: 0.820000
te_loss: 0.587795, te_score: 0.710000

time = 14
tr_loss: 0.580553, tr_score: 0.720000
va_loss: 0.607520, va_score: 0.710000
te_loss: 0.606850, te_score: 0.720000

time = 14
tr_loss: 0.582737, tr_score: 0.701250
va_loss: 0.540116, va_score: 0.760000
te_loss: 0.629232, te_score: 0.650000

time = 14
tr_loss: 0.595003, tr_score: 0.700000
va_loss: 0.594007, va_score: 0.710000
te_loss: 0.576301, te_score: 0.720000

time = 14
tr_loss: 0.590669, tr_score: 0.705000
va_loss: 0.634585, va_score: 0.670000
te_loss: 0.611340, te_score: 0.720000

time = 14
tr_loss: 0.608411, tr_score: 0.697500
va_loss: 0.543248, va_score: 0.750000
te_loss: 0.548247, te_score: 0.770000

time = 14
tr_loss: 0.584913, tr_score: 0.715000
va_loss: 0.514012, va_score: 0.780000
te_loss: 0.667253, te_score: 0.620000

time = 14
tr_loss: 0.583215, tr_score: 0.712500
va_loss: 0.606609, va_score: 0.680000
te_loss: 0.577111, te_score: 0.710000

time = 14
tr_loss: 0.581512, tr_score: 0.722500
va_loss: 0.614156, va_score: 0.700000
te_loss: 0.632749, te_score: 0.670000

time = 14
tr_loss: 0.594296, tr_score: 0.710000
va_loss: 0.597772, va_score: 0.660000
te_loss: 0.549680, te_score: 0.720000

======================================================
14  Seed:  [6736. 9332. 4026. 8791. 2185. 8095. 4925. 3877. 8332. 6847. 5871. 5004.
 2796. 4961. 1467. 7787. 3868. 5255. 9307. 9073.]
tr_loss: 0.586474, tr_score: 0.708750
va_loss: 0.581656, va_score: 0.720500
te_loss: 0.603251, te_score: 0.702000
time = 15
tr_loss: 0.575877, tr_score: 0.718750
va_loss: 0.568923, va_score: 0.760000
te_loss: 0.602402, te_score: 0.680000

time = 15
tr_loss: 0.604401, tr_score: 0.705000
va_loss: 0.591188, va_score: 0.720000
te_loss: 0.541140, te_score: 0.770000

time = 15
tr_loss: 0.588056, tr_score: 0.701250
va_loss: 0.579487, va_score: 0.710000
te_loss: 0.641158, te_score: 0.660000

time = 15
tr_loss: 0.598897, tr_score: 0.703750
va_loss: 0.530545, va_score: 0.750000
te_loss: 0.613979, te_score: 0.660000

time = 15
tr_loss: 0.606993, tr_score: 0.716250
va_loss: 0.550315, va_score: 0.750000
te_loss: 0.633311, te_score: 0.690000

time = 15
tr_loss: 0.554162, tr_score: 0.730000
va_loss: 0.578166, va_score: 0.710000
te_loss: 0.589961, te_score: 0.710000

time = 15
tr_loss: 0.544058, tr_score: 0.698750
va_loss: 0.538542, va_score: 0.700000
te_loss: 0.530765, te_score: 0.750000

time = 15
tr_loss: 0.545503, tr_score: 0.732500
va_loss: 0.526697, va_score: 0.750000
te_loss: 0.596970, te_score: 0.690000

time = 15
tr_loss: 0.582924, tr_score: 0.707500
va_loss: 0.578620, va_score: 0.720000
te_loss: 0.547497, te_score: 0.740000

time = 15
tr_loss: 0.587276, tr_score: 0.715000
va_loss: 0.653520, va_score: 0.620000
te_loss: 0.611065, te_score: 0.670000

time = 15
tr_loss: 0.592771, tr_score: 0.702500
va_loss: 0.563645, va_score: 0.750000
te_loss: 0.574679, te_score: 0.710000

time = 15
tr_loss: 0.592419, tr_score: 0.702500
va_loss: 0.606873, va_score: 0.700000
te_loss: 0.605785, te_score: 0.680000

time = 15
tr_loss: 0.592005, tr_score: 0.703750
va_loss: 0.554908, va_score: 0.750000
te_loss: 0.614978, te_score: 0.690000

time = 15
tr_loss: 0.506399, tr_score: 0.760000
va_loss: 0.550349, va_score: 0.690000
te_loss: 0.529076, te_score: 0.740000

time = 15
tr_loss: 0.570955, tr_score: 0.696250
va_loss: 0.604653, va_score: 0.660000
te_loss: 0.643862, te_score: 0.690000

time = 15
tr_loss: 0.601796, tr_score: 0.716250
va_loss: 0.622737, va_score: 0.660000
te_loss: 0.584840, te_score: 0.700000

time = 15
tr_loss: 0.577951, tr_score: 0.715000
va_loss: 0.556980, va_score: 0.760000
te_loss: 0.634506, te_score: 0.690000

time = 15
tr_loss: 0.565005, tr_score: 0.728750
va_loss: 0.601581, va_score: 0.690000
te_loss: 0.647522, te_score: 0.660000

time = 15
tr_loss: 0.609142, tr_score: 0.697500
va_loss: 0.596195, va_score: 0.730000
te_loss: 0.579167, te_score: 0.740000

time = 15
tr_loss: 0.598721, tr_score: 0.701250
va_loss: 0.556391, va_score: 0.710000
te_loss: 0.529328, te_score: 0.770000

======================================================
15  Seed:  [ 879. 4612.  287.  491. 3659. 8251. 7507. 1140. 3507. 4318. 9716. 8900.
 3870. 2555. 7340. 8792.  757. 6674. 3143.  691.]
tr_loss: 0.579766, tr_score: 0.712625
va_loss: 0.575516, va_score: 0.714500
te_loss: 0.592600, te_score: 0.704500
time = 16
tr_loss: 0.568745, tr_score: 0.721250
va_loss: 0.565055, va_score: 0.760000
te_loss: 0.595788, te_score: 0.690000

time = 16
tr_loss: 0.547042, tr_score: 0.725000
va_loss: 0.534848, va_score: 0.740000
te_loss: 0.604422, te_score: 0.630000

time = 16
tr_loss: 0.564530, tr_score: 0.712500
va_loss: 0.555971, va_score: 0.730000
te_loss: 0.616581, te_score: 0.650000

time = 16
tr_loss: 0.608897, tr_score: 0.698750
va_loss: 0.638509, va_score: 0.690000
te_loss: 0.588626, te_score: 0.710000

time = 16
tr_loss: 0.597509, tr_score: 0.701250
va_loss: 0.522258, va_score: 0.740000
te_loss: 0.589115, te_score: 0.710000

time = 16
tr_loss: 0.607271, tr_score: 0.717500
va_loss: 0.649627, va_score: 0.690000
te_loss: 0.670219, te_score: 0.630000

time = 16
tr_loss: 0.598082, tr_score: 0.710000
va_loss: 0.643841, va_score: 0.670000
te_loss: 0.556519, te_score: 0.730000

time = 16
tr_loss: 0.585363, tr_score: 0.710000
va_loss: 0.635458, va_score: 0.680000
te_loss: 0.655020, te_score: 0.650000

time = 16
tr_loss: 0.576029, tr_score: 0.697500
va_loss: 0.568669, va_score: 0.730000
te_loss: 0.552403, te_score: 0.760000

time = 16
tr_loss: 0.603526, tr_score: 0.693750
va_loss: 0.658408, va_score: 0.640000
te_loss: 0.668177, te_score: 0.580000

time = 16
tr_loss: 0.597972, tr_score: 0.706250
va_loss: 0.585985, va_score: 0.730000
te_loss: 0.625250, te_score: 0.680000

time = 16
tr_loss: 0.607104, tr_score: 0.698750
va_loss: 0.603460, va_score: 0.700000
te_loss: 0.650371, te_score: 0.650000

time = 16
tr_loss: 0.625480, tr_score: 0.692500
va_loss: 0.658263, va_score: 0.660000
te_loss: 0.582284, te_score: 0.700000

time = 16
tr_loss: 0.573480, tr_score: 0.730000
va_loss: 0.526056, va_score: 0.780000
te_loss: 0.526957, te_score: 0.760000

time = 16
tr_loss: 0.583918, tr_score: 0.710000
va_loss: 0.513504, va_score: 0.760000
te_loss: 0.556032, te_score: 0.740000

time = 16
tr_loss: 0.557717, tr_score: 0.716250
va_loss: 0.625773, va_score: 0.660000
te_loss: 0.597952, te_score: 0.680000

time = 16
tr_loss: 0.558897, tr_score: 0.707500
va_loss: 0.554621, va_score: 0.740000
te_loss: 0.619891, te_score: 0.660000

time = 16
tr_loss: 0.531513, tr_score: 0.703750
va_loss: 0.609514, va_score: 0.660000
te_loss: 0.550769, te_score: 0.710000

time = 16
tr_loss: 0.579948, tr_score: 0.712500
va_loss: 0.498039, va_score: 0.800000
te_loss: 0.639089, te_score: 0.660000

time = 16
tr_loss: 0.579287, tr_score: 0.712500
va_loss: 0.592312, va_score: 0.700000
te_loss: 0.579903, te_score: 0.740000

======================================================
16  Seed:  [9082. 6878.  978. 6918.   35. 3547.  812. 1562. 5243. 8191. 5330. 4602.
 2929. 4830.  303. 9956. 3156. 7475. 4637.  734.]
tr_loss: 0.582616, tr_score: 0.708875
va_loss: 0.587009, va_score: 0.713000
te_loss: 0.601268, te_score: 0.686000
time = 17
tr_loss: 0.571648, tr_score: 0.702500
va_loss: 0.587223, va_score: 0.720000
te_loss: 0.577631, te_score: 0.680000

time = 17
tr_loss: 0.601703, tr_score: 0.703750
va_loss: 0.627831, va_score: 0.670000
te_loss: 0.632891, te_score: 0.700000

time = 17
tr_loss: 0.575530, tr_score: 0.716250
va_loss: 0.620213, va_score: 0.640000
te_loss: 0.635219, te_score: 0.720000

time = 17
tr_loss: 0.600441, tr_score: 0.708750
va_loss: 0.671661, va_score: 0.640000
te_loss: 0.603345, te_score: 0.690000

time = 17
tr_loss: 0.622623, tr_score: 0.691250
va_loss: 0.549707, va_score: 0.780000
te_loss: 0.571713, te_score: 0.720000

time = 17
tr_loss: 0.624052, tr_score: 0.683750
va_loss: 0.612769, va_score: 0.670000
te_loss: 0.689971, te_score: 0.620000

time = 17
tr_loss: 0.564759, tr_score: 0.716250
va_loss: 0.653379, va_score: 0.670000
te_loss: 0.615542, te_score: 0.700000

time = 17
tr_loss: 0.571384, tr_score: 0.727500
va_loss: 0.610807, va_score: 0.690000
te_loss: 0.675441, te_score: 0.640000

time = 17
tr_loss: 0.551949, tr_score: 0.711250
va_loss: 0.568491, va_score: 0.710000
te_loss: 0.528875, te_score: 0.710000

time = 17
tr_loss: 0.587627, tr_score: 0.716250
va_loss: 0.623341, va_score: 0.680000
te_loss: 0.675876, te_score: 0.660000

time = 17
tr_loss: 0.566765, tr_score: 0.722500
va_loss: 0.595305, va_score: 0.700000
te_loss: 0.595626, te_score: 0.710000

time = 17
tr_loss: 0.596266, tr_score: 0.705000
va_loss: 0.635678, va_score: 0.680000
te_loss: 0.627445, te_score: 0.680000

time = 17
tr_loss: 0.584621, tr_score: 0.698750
va_loss: 0.609775, va_score: 0.690000
te_loss: 0.536586, te_score: 0.720000

time = 17
tr_loss: 0.554386, tr_score: 0.731250
va_loss: 0.513470, va_score: 0.790000
te_loss: 0.489031, te_score: 0.800000

time = 17
tr_loss: 0.570904, tr_score: 0.716250
va_loss: 0.665177, va_score: 0.640000
te_loss: 0.602676, te_score: 0.700000

time = 17
tr_loss: 0.600884, tr_score: 0.698750
va_loss: 0.568959, va_score: 0.730000
te_loss: 0.627337, te_score: 0.680000

time = 17
tr_loss: 0.588922, tr_score: 0.717500
va_loss: 0.677920, va_score: 0.620000
te_loss: 0.553722, te_score: 0.750000

time = 17
tr_loss: 0.606624, tr_score: 0.702500
va_loss: 0.598556, va_score: 0.720000
te_loss: 0.599328, te_score: 0.720000

time = 17
tr_loss: 0.579173, tr_score: 0.700000
va_loss: 0.531770, va_score: 0.730000
te_loss: 0.600374, te_score: 0.670000

time = 17
tr_loss: 0.543186, tr_score: 0.740000
va_loss: 0.548748, va_score: 0.740000
te_loss: 0.557205, te_score: 0.730000

======================================================
17  Seed:  [9997. 6891. 7283.  296. 4194.  627. 9187. 9699.  412. 3964. 5059. 1882.
 6859. 7098. 9012. 6459. 3018. 8410. 9321. 1260.]
tr_loss: 0.583172, tr_score: 0.710500
va_loss: 0.603539, va_score: 0.695500
te_loss: 0.599792, te_score: 0.700000
time = 18
tr_loss: 0.591539, tr_score: 0.696250
va_loss: 0.607969, va_score: 0.710000
te_loss: 0.577947, te_score: 0.760000

time = 18
tr_loss: 0.617225, tr_score: 0.695000
va_loss: 0.597756, va_score: 0.720000
te_loss: 0.594435, te_score: 0.720000

time = 18
tr_loss: 0.543134, tr_score: 0.738750
va_loss: 0.547269, va_score: 0.720000
te_loss: 0.581962, te_score: 0.640000

time = 18
tr_loss: 0.596505, tr_score: 0.705000
va_loss: 0.594770, va_score: 0.710000
te_loss: 0.564479, te_score: 0.740000

time = 18
tr_loss: 0.593421, tr_score: 0.692500
va_loss: 0.631649, va_score: 0.620000
te_loss: 0.545419, te_score: 0.740000

time = 18
tr_loss: 0.611469, tr_score: 0.705000
va_loss: 0.590071, va_score: 0.710000
te_loss: 0.557885, te_score: 0.750000

time = 18
tr_loss: 0.567981, tr_score: 0.707500
va_loss: 0.642521, va_score: 0.630000
te_loss: 0.526915, te_score: 0.770000

time = 18
tr_loss: 0.552100, tr_score: 0.730000
va_loss: 0.604648, va_score: 0.690000
te_loss: 0.655922, te_score: 0.620000

time = 18
tr_loss: 0.583765, tr_score: 0.702500
va_loss: 0.550690, va_score: 0.730000
te_loss: 0.589348, te_score: 0.660000

time = 18
tr_loss: 0.576266, tr_score: 0.712500
va_loss: 0.605303, va_score: 0.710000
te_loss: 0.626559, te_score: 0.680000

time = 18
tr_loss: 0.604497, tr_score: 0.708750
va_loss: 0.676827, va_score: 0.650000
te_loss: 0.562100, te_score: 0.750000

time = 18
tr_loss: 0.573314, tr_score: 0.701250
va_loss: 0.589176, va_score: 0.670000
te_loss: 0.591789, te_score: 0.700000

time = 18
tr_loss: 0.561566, tr_score: 0.722500
va_loss: 0.633121, va_score: 0.700000
te_loss: 0.581610, te_score: 0.700000

time = 18
tr_loss: 0.591757, tr_score: 0.693750
va_loss: 0.549097, va_score: 0.710000
te_loss: 0.550544, te_score: 0.740000

time = 18
tr_loss: 0.509947, tr_score: 0.736250
va_loss: 0.515147, va_score: 0.750000
te_loss: 0.456348, te_score: 0.800000

time = 18
tr_loss: 0.617560, tr_score: 0.640000
va_loss: 0.588125, va_score: 0.690000
te_loss: 0.525481, te_score: 0.750000

time = 18
tr_loss: 0.598621, tr_score: 0.706250
va_loss: 0.641165, va_score: 0.600000
te_loss: 0.604069, te_score: 0.700000

time = 18
tr_loss: 0.595383, tr_score: 0.708750
va_loss: 0.554210, va_score: 0.700000
te_loss: 0.644141, te_score: 0.670000

time = 18
tr_loss: 0.547479, tr_score: 0.720000
va_loss: 0.523273, va_score: 0.780000
te_loss: 0.598110, te_score: 0.690000

time = 18
tr_loss: 0.539820, tr_score: 0.725000
va_loss: 0.511700, va_score: 0.790000
te_loss: 0.580285, te_score: 0.680000

======================================================
18  Seed:  [ 873. 4207. 9606. 9170. 6333. 9407. 8590.  438. 6112. 2282. 5826. 4132.
 5788. 3773.  899. 1544. 7119. 3120. 1138. 3253.]
tr_loss: 0.578667, tr_score: 0.707375
va_loss: 0.587724, va_score: 0.699500
te_loss: 0.575767, te_score: 0.713000
time = 19
tr_loss: 0.591344, tr_score: 0.727500
va_loss: 0.654836, va_score: 0.630000
te_loss: 0.597994, te_score: 0.710000

time = 19
tr_loss: 0.585520, tr_score: 0.721250
va_loss: 0.605570, va_score: 0.720000
te_loss: 0.642549, te_score: 0.640000

time = 19
tr_loss: 0.589109, tr_score: 0.698750
va_loss: 0.508142, va_score: 0.760000
te_loss: 0.605972, te_score: 0.700000

time = 19
tr_loss: 0.580660, tr_score: 0.706250
va_loss: 0.609208, va_score: 0.670000
te_loss: 0.609026, te_score: 0.710000

time = 19
tr_loss: 0.592810, tr_score: 0.711250
va_loss: 0.593531, va_score: 0.700000
te_loss: 0.531173, te_score: 0.760000

time = 19
tr_loss: 0.553300, tr_score: 0.751250
va_loss: 0.565777, va_score: 0.710000
te_loss: 0.552979, te_score: 0.750000

time = 19
tr_loss: 0.583008, tr_score: 0.720000
va_loss: 0.513325, va_score: 0.810000
te_loss: 0.591198, te_score: 0.710000

time = 19
tr_loss: 0.592384, tr_score: 0.715000
va_loss: 0.624440, va_score: 0.710000
te_loss: 0.645465, te_score: 0.660000

time = 19
tr_loss: 0.601281, tr_score: 0.696250
va_loss: 0.630057, va_score: 0.690000
te_loss: 0.580919, te_score: 0.740000

time = 19
tr_loss: 0.583178, tr_score: 0.706250
va_loss: 0.643020, va_score: 0.670000
te_loss: 0.627721, te_score: 0.690000

time = 19
tr_loss: 0.582253, tr_score: 0.715000
va_loss: 0.619400, va_score: 0.690000
te_loss: 0.633026, te_score: 0.660000

time = 19
tr_loss: 0.622776, tr_score: 0.697500
va_loss: 0.597665, va_score: 0.700000
te_loss: 0.643207, te_score: 0.670000

time = 19
tr_loss: 0.545509, tr_score: 0.737500
va_loss: 0.607113, va_score: 0.690000
te_loss: 0.650854, te_score: 0.670000

time = 19
tr_loss: 0.508464, tr_score: 0.756250
va_loss: 0.510379, va_score: 0.760000
te_loss: 0.524263, te_score: 0.750000

time = 19
tr_loss: 0.623127, tr_score: 0.677500
va_loss: 0.617227, va_score: 0.680000
te_loss: 0.594499, te_score: 0.690000

time = 19
tr_loss: 0.584945, tr_score: 0.687500
va_loss: 0.546680, va_score: 0.760000
te_loss: 0.551096, te_score: 0.750000

time = 19
tr_loss: 0.576900, tr_score: 0.707500
va_loss: 0.556857, va_score: 0.700000
te_loss: 0.595217, te_score: 0.680000

time = 19
tr_loss: 0.594500, tr_score: 0.711250
va_loss: 0.615862, va_score: 0.680000
te_loss: 0.565579, te_score: 0.730000

time = 19
tr_loss: 0.602755, tr_score: 0.708750
va_loss: 0.567570, va_score: 0.740000
te_loss: 0.590934, te_score: 0.720000

time = 19
tr_loss: 0.569836, tr_score: 0.722500
va_loss: 0.650129, va_score: 0.660000
te_loss: 0.560862, te_score: 0.760000

======================================================
19  Seed:  [3709. 6253. 7969. 4492. 4878.  212. 2129. 7387.  610. 9877. 6936. 8416.
 1824. 6324. 9841. 5493. 7619. 7977.  518. 1963.]
tr_loss: 0.583183, tr_score: 0.713750
va_loss: 0.591839, va_score: 0.706500
te_loss: 0.594727, te_score: 0.707500
time = 20
tr_loss: 0.587266, tr_score: 0.710000
va_loss: 0.567094, va_score: 0.700000
te_loss: 0.598289, te_score: 0.670000

time = 20
tr_loss: 0.596521, tr_score: 0.715000
va_loss: 0.575644, va_score: 0.730000
te_loss: 0.553305, te_score: 0.770000

time = 20
tr_loss: 0.566744, tr_score: 0.722500
va_loss: 0.610217, va_score: 0.730000
te_loss: 0.648184, te_score: 0.670000

time = 20
tr_loss: 0.570427, tr_score: 0.718750
va_loss: 0.646828, va_score: 0.640000
te_loss: 0.503749, te_score: 0.750000

time = 20
tr_loss: 0.555399, tr_score: 0.735000
va_loss: 0.643266, va_score: 0.630000
te_loss: 0.565494, te_score: 0.710000

time = 20
tr_loss: 0.615859, tr_score: 0.705000
va_loss: 0.562598, va_score: 0.760000
te_loss: 0.606444, te_score: 0.720000

time = 20
tr_loss: 0.548815, tr_score: 0.741250
va_loss: 0.502999, va_score: 0.750000
te_loss: 0.534975, te_score: 0.760000

time = 20
tr_loss: 0.576589, tr_score: 0.716250
va_loss: 0.658096, va_score: 0.650000
te_loss: 0.586999, te_score: 0.720000

time = 20
tr_loss: 0.614487, tr_score: 0.692500
va_loss: 0.597031, va_score: 0.700000
te_loss: 0.585812, te_score: 0.760000

time = 20
tr_loss: 0.630676, tr_score: 0.691250
va_loss: 0.541165, va_score: 0.790000
te_loss: 0.576350, te_score: 0.730000

time = 20
tr_loss: 0.537089, tr_score: 0.737500
va_loss: 0.551720, va_score: 0.730000
te_loss: 0.543466, te_score: 0.730000

time = 20
tr_loss: 0.580815, tr_score: 0.693750
va_loss: 0.560038, va_score: 0.720000
te_loss: 0.560556, te_score: 0.730000

time = 20
tr_loss: 0.590722, tr_score: 0.690000
va_loss: 0.577617, va_score: 0.750000
te_loss: 0.609625, te_score: 0.650000

time = 20
tr_loss: 0.497471, tr_score: 0.757500
va_loss: 0.519553, va_score: 0.740000
te_loss: 0.494768, te_score: 0.720000

time = 20
tr_loss: 0.530430, tr_score: 0.722500
va_loss: 0.523851, va_score: 0.720000
te_loss: 0.581081, te_score: 0.700000

time = 20
tr_loss: 0.569652, tr_score: 0.726250
va_loss: 0.649430, va_score: 0.620000
te_loss: 0.581297, te_score: 0.700000

time = 20
tr_loss: 0.573824, tr_score: 0.702500
va_loss: 0.536351, va_score: 0.740000
te_loss: 0.540074, te_score: 0.770000

time = 20
tr_loss: 0.493777, tr_score: 0.762500
va_loss: 0.533309, va_score: 0.700000
te_loss: 0.599630, te_score: 0.700000

time = 20
tr_loss: 0.493599, tr_score: 0.748750
va_loss: 0.449167, va_score: 0.770000
te_loss: 0.470003, te_score: 0.790000

time = 20
tr_loss: 0.549180, tr_score: 0.730000
va_loss: 0.588251, va_score: 0.670000
te_loss: 0.569710, te_score: 0.710000

======================================================
20  Seed:  [8890. 5137. 6638. 5364. 3035. 4210. 5798. 9783. 7946.  146. 8127. 1556.
 1338. 7812. 5900. 6230. 6141. 6234. 5455. 7649.]
tr_loss: 0.563967, tr_score: 0.720938
va_loss: 0.569711, va_score: 0.712000
te_loss: 0.565491, te_score: 0.723000


mid seed:  [ 667. 3641. 1333. 4721. 6871. 9519. 4778.  927. 8338.   13. 3683. 6570.
 1422. 3821. 5722.  599. 3527. 1784. 1921. 2070.]
mid test scores 0.7040000000000001
