time = 0
tr_loss: 0.584898, tr_score: 0.695000
va_loss: 0.606778, va_score: 0.700000
te_loss: 0.542156, te_score: 0.730000

time = 0
tr_loss: 0.548675, tr_score: 0.740000
va_loss: 0.634800, va_score: 0.680000
te_loss: 0.642362, te_score: 0.630000

time = 0
tr_loss: 0.570849, tr_score: 0.712500
va_loss: 0.639936, va_score: 0.670000
te_loss: 0.650906, te_score: 0.640000

time = 0
tr_loss: 0.574462, tr_score: 0.707500
va_loss: 0.575658, va_score: 0.710000
te_loss: 0.549518, te_score: 0.720000

time = 0
tr_loss: 0.584128, tr_score: 0.700000
va_loss: 0.591765, va_score: 0.680000
te_loss: 0.547308, te_score: 0.780000

time = 0
tr_loss: 0.572198, tr_score: 0.682500
va_loss: 0.620722, va_score: 0.680000
te_loss: 0.719748, te_score: 0.620000

time = 0
tr_loss: 0.540496, tr_score: 0.732500
va_loss: 0.566933, va_score: 0.650000
te_loss: 0.497500, te_score: 0.750000

time = 0
tr_loss: 0.605814, tr_score: 0.686250
va_loss: 0.530884, va_score: 0.770000
te_loss: 0.602019, te_score: 0.690000

time = 0
tr_loss: 0.549800, tr_score: 0.720000
va_loss: 0.504537, va_score: 0.770000
te_loss: 0.559234, te_score: 0.700000

time = 0
tr_loss: 0.593756, tr_score: 0.692500
va_loss: 0.667595, va_score: 0.650000
te_loss: 0.519523, te_score: 0.790000

time = 0
tr_loss: 0.580553, tr_score: 0.708750
va_loss: 0.553371, va_score: 0.740000
te_loss: 0.690782, te_score: 0.610000

time = 0
tr_loss: 0.609865, tr_score: 0.715000
va_loss: 0.653932, va_score: 0.710000
te_loss: 0.733146, te_score: 0.550000

time = 0
tr_loss: 0.574810, tr_score: 0.722500
va_loss: 0.587727, va_score: 0.720000
te_loss: 0.685769, te_score: 0.630000

time = 0
tr_loss: 0.603151, tr_score: 0.710000
va_loss: 0.532747, va_score: 0.750000
te_loss: 0.690056, te_score: 0.620000

time = 0
tr_loss: 0.580462, tr_score: 0.703750
va_loss: 0.638307, va_score: 0.670000
te_loss: 0.615066, te_score: 0.700000

time = 0
tr_loss: 0.575001, tr_score: 0.730000
va_loss: 0.645774, va_score: 0.690000
te_loss: 0.597558, te_score: 0.720000

time = 0
tr_loss: 0.607953, tr_score: 0.685000
va_loss: 0.714549, va_score: 0.600000
te_loss: 0.593879, te_score: 0.690000

time = 0
tr_loss: 0.608136, tr_score: 0.680000
va_loss: 0.597750, va_score: 0.720000
te_loss: 0.645973, te_score: 0.600000

time = 0
tr_loss: 0.499534, tr_score: 0.765000
va_loss: 0.510198, va_score: 0.720000
te_loss: 0.626159, te_score: 0.640000

time = 0
tr_loss: 0.592608, tr_score: 0.707500
va_loss: 0.534145, va_score: 0.800000
te_loss: 0.646963, te_score: 0.670000

======================================================
0  Seed:  [ 140. 2411. 2238. 5068. 2300. 9812. 6334. 4380. 4021. 8554. 2226. 8534.
 4715. 7921. 4457. 6212.  255.  495. 8301.  932.]
tr_loss: 0.577857, tr_score: 0.709813
va_loss: 0.595405, va_score: 0.704000
te_loss: 0.617781, te_score: 0.674000
time = 1
tr_loss: 0.608018, tr_score: 0.715000
va_loss: 0.632329, va_score: 0.630000
te_loss: 0.631905, te_score: 0.720000

time = 1
tr_loss: 0.592382, tr_score: 0.706250
va_loss: 0.644754, va_score: 0.640000
te_loss: 0.582661, te_score: 0.730000

time = 1
tr_loss: 0.608375, tr_score: 0.693750
va_loss: 0.607982, va_score: 0.690000
te_loss: 0.525192, te_score: 0.760000

time = 1
tr_loss: 0.579347, tr_score: 0.708750
va_loss: 0.598024, va_score: 0.720000
te_loss: 0.594208, te_score: 0.650000

time = 1
tr_loss: 0.596091, tr_score: 0.702500
va_loss: 0.615015, va_score: 0.650000
te_loss: 0.550344, te_score: 0.730000

time = 1
tr_loss: 0.615388, tr_score: 0.697500
va_loss: 0.599136, va_score: 0.670000
te_loss: 0.541395, te_score: 0.750000

time = 1
tr_loss: 0.614885, tr_score: 0.706250
va_loss: 0.594936, va_score: 0.720000
te_loss: 0.645368, te_score: 0.670000

time = 1
tr_loss: 0.578901, tr_score: 0.695000
va_loss: 0.547347, va_score: 0.730000
te_loss: 0.543941, te_score: 0.720000

time = 1
tr_loss: 0.594592, tr_score: 0.713750
va_loss: 0.616850, va_score: 0.650000
te_loss: 0.552459, te_score: 0.770000

time = 1
tr_loss: 0.604165, tr_score: 0.711250
va_loss: 0.567434, va_score: 0.730000
te_loss: 0.703773, te_score: 0.610000

time = 1
tr_loss: 0.586357, tr_score: 0.702500
va_loss: 0.617592, va_score: 0.660000
te_loss: 0.528372, te_score: 0.740000

time = 1
tr_loss: 0.588482, tr_score: 0.706250
va_loss: 0.629000, va_score: 0.700000
te_loss: 0.596468, te_score: 0.720000

time = 1
tr_loss: 0.622068, tr_score: 0.698750
va_loss: 0.527409, va_score: 0.810000
te_loss: 0.691670, te_score: 0.650000

time = 1
tr_loss: 0.590168, tr_score: 0.698750
va_loss: 0.563034, va_score: 0.690000
te_loss: 0.574087, te_score: 0.730000

time = 1
tr_loss: 0.619076, tr_score: 0.630000
va_loss: 0.704810, va_score: 0.550000
te_loss: 0.650266, te_score: 0.540000

time = 1
tr_loss: 0.626389, tr_score: 0.692500
va_loss: 0.627888, va_score: 0.710000
te_loss: 0.615179, te_score: 0.700000

time = 1
tr_loss: 0.596770, tr_score: 0.700000
va_loss: 0.547450, va_score: 0.750000
te_loss: 0.658793, te_score: 0.660000

time = 1
tr_loss: 0.596681, tr_score: 0.707500
va_loss: 0.635402, va_score: 0.650000
te_loss: 0.582704, te_score: 0.710000

time = 1
tr_loss: 0.558820, tr_score: 0.708750
va_loss: 0.534495, va_score: 0.780000
te_loss: 0.590541, te_score: 0.650000

time = 1
tr_loss: 0.566649, tr_score: 0.713750
va_loss: 0.560525, va_score: 0.740000
te_loss: 0.524293, te_score: 0.770000

======================================================
1  Seed:  [8640.  888. 4066.  552. 1437. 6591. 8969.  824. 8811.  938.  550. 9822.
 6241. 3057. 1352. 8361. 5326. 3377. 2314. 8889.]
tr_loss: 0.597180, tr_score: 0.700437
va_loss: 0.598571, va_score: 0.693500
te_loss: 0.594181, te_score: 0.699000
time = 2
tr_loss: 0.576020, tr_score: 0.727500
va_loss: 0.573647, va_score: 0.720000
te_loss: 0.628802, te_score: 0.610000

time = 2
tr_loss: 0.597469, tr_score: 0.702500
va_loss: 0.542425, va_score: 0.750000
te_loss: 0.608550, te_score: 0.700000

time = 2
tr_loss: 0.572741, tr_score: 0.696250
va_loss: 0.538969, va_score: 0.740000
te_loss: 0.578742, te_score: 0.700000

time = 2
tr_loss: 0.559642, tr_score: 0.720000
va_loss: 0.648478, va_score: 0.670000
te_loss: 0.600819, te_score: 0.720000

time = 2
tr_loss: 0.604586, tr_score: 0.693750
va_loss: 0.622015, va_score: 0.690000
te_loss: 0.506869, te_score: 0.780000

time = 2
tr_loss: 0.596605, tr_score: 0.713750
va_loss: 0.593795, va_score: 0.710000
te_loss: 0.634634, te_score: 0.670000

time = 2
tr_loss: 0.584385, tr_score: 0.711250
va_loss: 0.647295, va_score: 0.650000
te_loss: 0.610797, te_score: 0.710000

time = 2
tr_loss: 0.608001, tr_score: 0.703750
va_loss: 0.551750, va_score: 0.780000
te_loss: 0.579636, te_score: 0.740000

time = 2
tr_loss: 0.584176, tr_score: 0.707500
va_loss: 0.548597, va_score: 0.720000
te_loss: 0.640995, te_score: 0.660000

time = 2
tr_loss: 0.576909, tr_score: 0.701250
va_loss: 0.569056, va_score: 0.710000
te_loss: 0.573478, te_score: 0.670000

time = 2
tr_loss: 0.592709, tr_score: 0.707500
va_loss: 0.600621, va_score: 0.690000
te_loss: 0.649766, te_score: 0.650000

time = 2
tr_loss: 0.607529, tr_score: 0.697500
va_loss: 0.609838, va_score: 0.720000
te_loss: 0.485523, te_score: 0.800000

time = 2
tr_loss: 0.592565, tr_score: 0.698750
va_loss: 0.585232, va_score: 0.730000
te_loss: 0.610485, te_score: 0.690000

time = 2
tr_loss: 0.592322, tr_score: 0.712500
va_loss: 0.556248, va_score: 0.750000
te_loss: 0.596750, te_score: 0.690000

time = 2
tr_loss: 0.578495, tr_score: 0.707500
va_loss: 0.583307, va_score: 0.700000
te_loss: 0.544344, te_score: 0.730000

time = 2
tr_loss: 0.603610, tr_score: 0.690000
va_loss: 0.535502, va_score: 0.750000
te_loss: 0.546350, te_score: 0.770000

time = 2
tr_loss: 0.583013, tr_score: 0.718750
va_loss: 0.568138, va_score: 0.710000
te_loss: 0.588510, te_score: 0.740000

time = 2
tr_loss: 0.596925, tr_score: 0.705000
va_loss: 0.637566, va_score: 0.670000
te_loss: 0.540882, te_score: 0.750000

time = 2
tr_loss: 0.577276, tr_score: 0.712500
va_loss: 0.551637, va_score: 0.730000
te_loss: 0.602174, te_score: 0.700000

time = 2
tr_loss: 0.569951, tr_score: 0.705000
va_loss: 0.571190, va_score: 0.720000
te_loss: 0.566549, te_score: 0.700000

======================================================
2  Seed:  [5478. 7027. 2150. 7559. 3662. 2043. 8598. 4158. 6442. 4398. 3939. 9768.
 5143. 2231.  162. 6860. 3496. 7749. 2530. 2730.]
tr_loss: 0.587746, tr_score: 0.706625
va_loss: 0.581765, va_score: 0.715500
te_loss: 0.584733, te_score: 0.709000
time = 3
tr_loss: 0.580880, tr_score: 0.711250
va_loss: 0.589952, va_score: 0.710000
te_loss: 0.565216, te_score: 0.740000

time = 3
tr_loss: 0.545958, tr_score: 0.732500
va_loss: 0.604202, va_score: 0.660000
te_loss: 0.522576, te_score: 0.750000

time = 3
tr_loss: 0.582964, tr_score: 0.731250
va_loss: 0.631131, va_score: 0.670000
te_loss: 0.670862, te_score: 0.630000

time = 3
tr_loss: 0.570241, tr_score: 0.707500
va_loss: 0.570872, va_score: 0.750000
te_loss: 0.563134, te_score: 0.740000

time = 3
tr_loss: 0.582655, tr_score: 0.700000
va_loss: 0.550718, va_score: 0.690000
te_loss: 0.596631, te_score: 0.690000

time = 3
tr_loss: 0.583979, tr_score: 0.700000
va_loss: 0.517192, va_score: 0.770000
te_loss: 0.571557, te_score: 0.660000

time = 3
tr_loss: 0.587273, tr_score: 0.716250
va_loss: 0.669860, va_score: 0.650000
te_loss: 0.584712, te_score: 0.710000

time = 3
tr_loss: 0.575735, tr_score: 0.717500
va_loss: 0.634839, va_score: 0.660000
te_loss: 0.666633, te_score: 0.630000

time = 3
tr_loss: 0.589577, tr_score: 0.725000
va_loss: 0.641146, va_score: 0.690000
te_loss: 0.585709, te_score: 0.730000

time = 3
tr_loss: 0.598283, tr_score: 0.701250
va_loss: 0.589336, va_score: 0.710000
te_loss: 0.568380, te_score: 0.710000

time = 3
tr_loss: 0.589490, tr_score: 0.708750
va_loss: 0.594094, va_score: 0.710000
te_loss: 0.598979, te_score: 0.710000

time = 3
tr_loss: 0.579942, tr_score: 0.708750
va_loss: 0.540817, va_score: 0.740000
te_loss: 0.603594, te_score: 0.690000

time = 3
tr_loss: 0.517006, tr_score: 0.747500
va_loss: 0.464549, va_score: 0.800000
te_loss: 0.561006, te_score: 0.740000

time = 3
tr_loss: 0.576625, tr_score: 0.715000
va_loss: 0.620794, va_score: 0.660000
te_loss: 0.491755, te_score: 0.790000

time = 3
tr_loss: 0.568612, tr_score: 0.730000
va_loss: 0.642353, va_score: 0.630000
te_loss: 0.604712, te_score: 0.680000

time = 3
tr_loss: 0.553087, tr_score: 0.718750
va_loss: 0.579902, va_score: 0.700000
te_loss: 0.552500, te_score: 0.710000

time = 3
tr_loss: 0.523230, tr_score: 0.738750
va_loss: 0.551197, va_score: 0.690000
te_loss: 0.589962, te_score: 0.660000

time = 3
tr_loss: 0.577877, tr_score: 0.700000
va_loss: 0.655302, va_score: 0.640000
te_loss: 0.577412, te_score: 0.720000

time = 3
tr_loss: 0.592656, tr_score: 0.711250
va_loss: 0.605884, va_score: 0.680000
te_loss: 0.618913, te_score: 0.700000

time = 3
tr_loss: 0.567921, tr_score: 0.731250
va_loss: 0.569362, va_score: 0.720000
te_loss: 0.579258, te_score: 0.730000

======================================================
3  Seed:  [6469. 3301. 7178. 4323. 9525.  454. 7215. 4562. 5178. 3971. 9338. 3960.
 2970. 9630. 2254.  396. 4264. 8949. 7913. 1289.]
tr_loss: 0.572199, tr_score: 0.717625
va_loss: 0.591175, va_score: 0.696500
te_loss: 0.583675, te_score: 0.706000
time = 4
tr_loss: 0.604189, tr_score: 0.700000
va_loss: 0.581621, va_score: 0.770000
te_loss: 0.602626, te_score: 0.730000

time = 4
tr_loss: 0.533893, tr_score: 0.738750
va_loss: 0.457265, va_score: 0.790000
te_loss: 0.519907, te_score: 0.730000

time = 4
tr_loss: 0.580633, tr_score: 0.710000
va_loss: 0.568039, va_score: 0.710000
te_loss: 0.572728, te_score: 0.730000

time = 4
tr_loss: 0.590562, tr_score: 0.696250
va_loss: 0.599559, va_score: 0.660000
te_loss: 0.637484, te_score: 0.690000

time = 4
tr_loss: 0.578173, tr_score: 0.720000
va_loss: 0.631152, va_score: 0.640000
te_loss: 0.572196, te_score: 0.740000

time = 4
tr_loss: 0.576422, tr_score: 0.716250
va_loss: 0.579010, va_score: 0.690000
te_loss: 0.564474, te_score: 0.720000

time = 4
tr_loss: 0.539943, tr_score: 0.721250
va_loss: 0.551776, va_score: 0.740000
te_loss: 0.546454, te_score: 0.740000

time = 4
tr_loss: 0.576610, tr_score: 0.706250
va_loss: 0.654171, va_score: 0.640000
te_loss: 0.543281, te_score: 0.750000

time = 4
tr_loss: 0.587403, tr_score: 0.698750
va_loss: 0.633509, va_score: 0.650000
te_loss: 0.538153, te_score: 0.760000

time = 4
tr_loss: 0.548653, tr_score: 0.718750
va_loss: 0.541215, va_score: 0.730000
te_loss: 0.544923, te_score: 0.730000

time = 4
tr_loss: 0.609575, tr_score: 0.706250
va_loss: 0.658577, va_score: 0.640000
te_loss: 0.595852, te_score: 0.710000

time = 4
tr_loss: 0.570437, tr_score: 0.731250
va_loss: 0.579154, va_score: 0.710000
te_loss: 0.584510, te_score: 0.690000

time = 4
tr_loss: 0.546657, tr_score: 0.745000
va_loss: 0.485640, va_score: 0.770000
te_loss: 0.589719, te_score: 0.710000

time = 4
tr_loss: 0.583714, tr_score: 0.701250
va_loss: 0.508341, va_score: 0.840000
te_loss: 0.548876, te_score: 0.770000

time = 4
tr_loss: 0.573711, tr_score: 0.716250
va_loss: 0.602096, va_score: 0.680000
te_loss: 0.647004, te_score: 0.660000

time = 4
tr_loss: 0.582720, tr_score: 0.692500
va_loss: 0.529085, va_score: 0.710000
te_loss: 0.600131, te_score: 0.700000

time = 4
tr_loss: 0.592823, tr_score: 0.711250
va_loss: 0.542060, va_score: 0.760000
te_loss: 0.620517, te_score: 0.670000

time = 4
tr_loss: 0.592430, tr_score: 0.702500
va_loss: 0.593676, va_score: 0.740000
te_loss: 0.623459, te_score: 0.700000

time = 4
tr_loss: 0.607720, tr_score: 0.707500
va_loss: 0.708233, va_score: 0.620000
te_loss: 0.623889, te_score: 0.720000

time = 4
tr_loss: 0.591220, tr_score: 0.701250
va_loss: 0.545372, va_score: 0.720000
te_loss: 0.568616, te_score: 0.740000

======================================================
4  Seed:  [8744.  130. 2730. 2289. 3436.   91. 5431.  214. 1996. 7906. 4318. 5189.
 9458. 5884. 7590. 9032. 7937. 3024. 1021. 9551.]
tr_loss: 0.578374, tr_score: 0.712062
va_loss: 0.577477, va_score: 0.710500
te_loss: 0.582240, te_score: 0.719500
time = 5
tr_loss: 0.577957, tr_score: 0.711250
va_loss: 0.605565, va_score: 0.650000
te_loss: 0.624167, te_score: 0.650000

time = 5
tr_loss: 0.608156, tr_score: 0.695000
va_loss: 0.601481, va_score: 0.720000
te_loss: 0.561900, te_score: 0.750000

time = 5
tr_loss: 0.602848, tr_score: 0.707500
va_loss: 0.643132, va_score: 0.680000
te_loss: 0.613931, te_score: 0.660000

time = 5
tr_loss: 0.556559, tr_score: 0.718750
va_loss: 0.578087, va_score: 0.690000
te_loss: 0.545439, te_score: 0.770000

time = 5
tr_loss: 0.622869, tr_score: 0.693750
va_loss: 0.633665, va_score: 0.670000
te_loss: 0.594913, te_score: 0.760000

time = 5
tr_loss: 0.637046, tr_score: 0.692500
va_loss: 0.597539, va_score: 0.720000
te_loss: 0.574966, te_score: 0.760000

time = 5
tr_loss: 0.525911, tr_score: 0.756250
va_loss: 0.461303, va_score: 0.790000
te_loss: 0.608529, te_score: 0.730000

time = 5
tr_loss: 0.559310, tr_score: 0.722500
va_loss: 0.548659, va_score: 0.730000
te_loss: 0.577399, te_score: 0.710000

time = 5
tr_loss: 0.557805, tr_score: 0.702500
va_loss: 0.574708, va_score: 0.680000
te_loss: 0.566906, te_score: 0.740000

time = 5
tr_loss: 0.548738, tr_score: 0.718750
va_loss: 0.515400, va_score: 0.760000
te_loss: 0.607874, te_score: 0.690000

time = 5
tr_loss: 0.592445, tr_score: 0.706250
va_loss: 0.670099, va_score: 0.640000
te_loss: 0.598119, te_score: 0.690000

time = 5
tr_loss: 0.577586, tr_score: 0.702500
va_loss: 0.512225, va_score: 0.790000
te_loss: 0.530800, te_score: 0.770000

time = 5
tr_loss: 0.609380, tr_score: 0.697500
va_loss: 0.595131, va_score: 0.740000
te_loss: 0.625474, te_score: 0.700000

time = 5
tr_loss: 0.584441, tr_score: 0.698750
va_loss: 0.570245, va_score: 0.740000
te_loss: 0.638306, te_score: 0.670000

time = 5
tr_loss: 0.588342, tr_score: 0.703750
va_loss: 0.589950, va_score: 0.700000
te_loss: 0.605049, te_score: 0.670000

time = 5
tr_loss: 0.588935, tr_score: 0.718750
va_loss: 0.476877, va_score: 0.810000
te_loss: 0.663897, te_score: 0.630000

time = 5
tr_loss: 0.567873, tr_score: 0.723750
va_loss: 0.622657, va_score: 0.690000
te_loss: 0.586119, te_score: 0.700000

time = 5
tr_loss: 0.596162, tr_score: 0.697500
va_loss: 0.530102, va_score: 0.780000
te_loss: 0.624788, te_score: 0.680000

time = 5
tr_loss: 0.572169, tr_score: 0.701250
va_loss: 0.499076, va_score: 0.810000
te_loss: 0.673768, te_score: 0.580000

time = 5
tr_loss: 0.574718, tr_score: 0.728750
va_loss: 0.647712, va_score: 0.670000
te_loss: 0.629828, te_score: 0.660000

======================================================
5  Seed:  [1237. 6412. 2121. 6405. 4525. 1302. 1340. 7513. 9914. 1173. 2339. 2687.
 5417. 1769. 4522. 4161. 3470. 2003. 6862. 6659.]
tr_loss: 0.582463, tr_score: 0.709875
va_loss: 0.573681, va_score: 0.723000
te_loss: 0.602609, te_score: 0.698500
time = 6
tr_loss: 0.574256, tr_score: 0.700000
va_loss: 0.542100, va_score: 0.740000
te_loss: 0.572478, te_score: 0.720000

time = 6
tr_loss: 0.570084, tr_score: 0.728750
va_loss: 0.647982, va_score: 0.630000
te_loss: 0.628563, te_score: 0.640000

time = 6
tr_loss: 0.548406, tr_score: 0.726250
va_loss: 0.564499, va_score: 0.700000
te_loss: 0.617766, te_score: 0.660000

time = 6
tr_loss: 0.587810, tr_score: 0.722500
va_loss: 0.583478, va_score: 0.720000
te_loss: 0.634021, te_score: 0.690000

time = 6
tr_loss: 0.562879, tr_score: 0.707500
va_loss: 0.562795, va_score: 0.710000
te_loss: 0.487539, te_score: 0.780000

time = 6
tr_loss: 0.571816, tr_score: 0.720000
va_loss: 0.635912, va_score: 0.680000
te_loss: 0.660850, te_score: 0.600000

time = 6
tr_loss: 0.617350, tr_score: 0.665000
va_loss: 0.614279, va_score: 0.690000
te_loss: 0.576582, te_score: 0.730000

time = 6
tr_loss: 0.576029, tr_score: 0.732500
va_loss: 0.619472, va_score: 0.670000
te_loss: 0.564431, te_score: 0.750000

time = 6
tr_loss: 0.609563, tr_score: 0.688750
va_loss: 0.572072, va_score: 0.760000
te_loss: 0.547469, te_score: 0.760000

time = 6
tr_loss: 0.569972, tr_score: 0.723750
va_loss: 0.534157, va_score: 0.770000
te_loss: 0.624436, te_score: 0.660000

time = 6
tr_loss: 0.573102, tr_score: 0.726250
va_loss: 0.605183, va_score: 0.680000
te_loss: 0.691702, te_score: 0.590000

time = 6
tr_loss: 0.545180, tr_score: 0.737500
va_loss: 0.550714, va_score: 0.740000
te_loss: 0.628832, te_score: 0.650000

time = 6
tr_loss: 0.613369, tr_score: 0.698750
va_loss: 0.548014, va_score: 0.750000
te_loss: 0.615873, te_score: 0.680000

time = 6
tr_loss: 0.588163, tr_score: 0.696250
va_loss: 0.598305, va_score: 0.730000
te_loss: 0.530423, te_score: 0.780000

time = 6
tr_loss: 0.571285, tr_score: 0.725000
va_loss: 0.583342, va_score: 0.720000
te_loss: 0.596197, te_score: 0.690000

time = 6
tr_loss: 0.522483, tr_score: 0.737500
va_loss: 0.588560, va_score: 0.660000
te_loss: 0.545237, te_score: 0.720000

time = 6
tr_loss: 0.599364, tr_score: 0.706250
va_loss: 0.596681, va_score: 0.700000
te_loss: 0.627774, te_score: 0.680000

time = 6
tr_loss: 0.578570, tr_score: 0.702500
va_loss: 0.561632, va_score: 0.770000
te_loss: 0.556161, te_score: 0.710000

time = 6
tr_loss: 0.567514, tr_score: 0.722500
va_loss: 0.609057, va_score: 0.660000
te_loss: 0.579119, te_score: 0.730000

time = 6
tr_loss: 0.594342, tr_score: 0.716250
va_loss: 0.613516, va_score: 0.690000
te_loss: 0.581840, te_score: 0.720000

======================================================
6  Seed:  [7694. 6294. 7622. 3529.   96. 7204. 5217. 3436.  887. 8110. 7803. 3805.
 1114. 2222. 9584. 2008. 1959. 4210.  576. 6097.]
tr_loss: 0.577077, tr_score: 0.714188
va_loss: 0.586587, va_score: 0.708500
te_loss: 0.593365, te_score: 0.697000
time = 7
tr_loss: 0.565733, tr_score: 0.717500
va_loss: 0.587131, va_score: 0.680000
te_loss: 0.530582, te_score: 0.740000

time = 7
tr_loss: 0.587999, tr_score: 0.696250
va_loss: 0.537525, va_score: 0.760000
te_loss: 0.562421, te_score: 0.720000

time = 7
tr_loss: 0.602080, tr_score: 0.702500
va_loss: 0.555671, va_score: 0.760000
te_loss: 0.577164, te_score: 0.730000

time = 7
tr_loss: 0.591179, tr_score: 0.701250
va_loss: 0.547360, va_score: 0.740000
te_loss: 0.590230, te_score: 0.750000

time = 7
tr_loss: 0.528170, tr_score: 0.733750
va_loss: 0.530548, va_score: 0.740000
te_loss: 0.549130, te_score: 0.730000

time = 7
tr_loss: 0.548954, tr_score: 0.730000
va_loss: 0.628633, va_score: 0.640000
te_loss: 0.554086, te_score: 0.700000

time = 7
tr_loss: 0.588565, tr_score: 0.711250
va_loss: 0.610344, va_score: 0.640000
te_loss: 0.530654, te_score: 0.780000

time = 7
tr_loss: 0.601128, tr_score: 0.707500
va_loss: 0.612257, va_score: 0.670000
te_loss: 0.643734, te_score: 0.700000

time = 7
tr_loss: 0.601301, tr_score: 0.705000
va_loss: 0.619898, va_score: 0.690000
te_loss: 0.637437, te_score: 0.670000

time = 7
tr_loss: 0.557495, tr_score: 0.710000
va_loss: 0.564312, va_score: 0.700000
te_loss: 0.554511, te_score: 0.740000

time = 7
tr_loss: 0.515958, tr_score: 0.730000
va_loss: 0.541058, va_score: 0.730000
te_loss: 0.551357, te_score: 0.700000

time = 7
tr_loss: 0.587337, tr_score: 0.715000
va_loss: 0.654087, va_score: 0.660000
te_loss: 0.533863, te_score: 0.750000

time = 7
tr_loss: 0.709906, tr_score: 0.632500
va_loss: 0.811172, va_score: 0.550000
te_loss: 0.729062, te_score: 0.550000

time = 7
tr_loss: 0.589214, tr_score: 0.700000
va_loss: 0.567010, va_score: 0.750000
te_loss: 0.625880, te_score: 0.660000

time = 7
tr_loss: 0.586045, tr_score: 0.713750
va_loss: 0.615343, va_score: 0.650000
te_loss: 0.606311, te_score: 0.680000

time = 7
tr_loss: 0.548407, tr_score: 0.740000
va_loss: 0.653020, va_score: 0.670000
te_loss: 0.520538, te_score: 0.760000

time = 7
tr_loss: 0.587819, tr_score: 0.713750
va_loss: 0.566304, va_score: 0.720000
te_loss: 0.669088, te_score: 0.640000

time = 7
tr_loss: 0.584720, tr_score: 0.708750
va_loss: 0.536933, va_score: 0.730000
te_loss: 0.648972, te_score: 0.670000

time = 7
tr_loss: 0.592889, tr_score: 0.706250
va_loss: 0.583965, va_score: 0.720000
te_loss: 0.586083, te_score: 0.750000

time = 7
tr_loss: 0.578404, tr_score: 0.695000
va_loss: 0.592257, va_score: 0.740000
te_loss: 0.604278, te_score: 0.730000

======================================================
7  Seed:  [ 667. 3641. 1333. 4721. 6871. 9519. 4778.  927. 8338.   13. 3683. 6570.
 1422. 3821. 5722.  599. 3527. 1784. 1921. 2070.]
tr_loss: 0.582665, tr_score: 0.708500
va_loss: 0.595741, va_score: 0.697000
te_loss: 0.590269, te_score: 0.707500
time = 8
tr_loss: 0.578508, tr_score: 0.710000
va_loss: 0.642538, va_score: 0.660000
te_loss: 0.503974, te_score: 0.750000

time = 8
tr_loss: 0.646455, tr_score: 0.637500
va_loss: 0.800747, va_score: 0.540000
te_loss: 0.577273, te_score: 0.720000

time = 8
tr_loss: 0.561170, tr_score: 0.722500
va_loss: 0.607890, va_score: 0.700000
te_loss: 0.523585, te_score: 0.760000

time = 8
tr_loss: 0.504625, tr_score: 0.756250
va_loss: 0.522960, va_score: 0.760000
te_loss: 0.509279, te_score: 0.750000

time = 8
tr_loss: 0.553067, tr_score: 0.736250
va_loss: 0.522843, va_score: 0.750000
te_loss: 0.516016, te_score: 0.770000

time = 8
tr_loss: 0.596790, tr_score: 0.705000
va_loss: 0.596780, va_score: 0.670000
te_loss: 0.633178, te_score: 0.690000

time = 8
tr_loss: 0.556752, tr_score: 0.730000
va_loss: 0.537985, va_score: 0.710000
te_loss: 0.608394, te_score: 0.680000

time = 8
tr_loss: 0.613710, tr_score: 0.698750
va_loss: 0.545428, va_score: 0.780000
te_loss: 0.651220, te_score: 0.670000

time = 8
tr_loss: 0.593798, tr_score: 0.702500
va_loss: 0.634160, va_score: 0.630000
te_loss: 0.536897, te_score: 0.770000

time = 8
tr_loss: 0.598270, tr_score: 0.725000
va_loss: 0.670794, va_score: 0.630000
te_loss: 0.598768, te_score: 0.730000

time = 8
tr_loss: 0.581404, tr_score: 0.716250
va_loss: 0.502826, va_score: 0.780000
te_loss: 0.521755, te_score: 0.750000

time = 8
tr_loss: 0.569078, tr_score: 0.706250
va_loss: 0.513131, va_score: 0.770000
te_loss: 0.579077, te_score: 0.680000

time = 8
tr_loss: 0.600625, tr_score: 0.712500
va_loss: 0.588485, va_score: 0.690000
te_loss: 0.611353, te_score: 0.680000

time = 8
tr_loss: 0.580141, tr_score: 0.702500
va_loss: 0.505663, va_score: 0.760000
te_loss: 0.551576, te_score: 0.710000

time = 8
tr_loss: 0.611468, tr_score: 0.633750
va_loss: 0.557469, va_score: 0.720000
te_loss: 0.579683, te_score: 0.670000

time = 8
tr_loss: 0.565516, tr_score: 0.738750
va_loss: 0.513058, va_score: 0.760000
te_loss: 0.698791, te_score: 0.600000

time = 8
tr_loss: 0.561279, tr_score: 0.720000
va_loss: 0.577420, va_score: 0.710000
te_loss: 0.582419, te_score: 0.690000

time = 8
tr_loss: 0.603573, tr_score: 0.697500
va_loss: 0.614104, va_score: 0.710000
te_loss: 0.576709, te_score: 0.710000

time = 8
tr_loss: 0.517415, tr_score: 0.766250
va_loss: 0.546913, va_score: 0.760000
te_loss: 0.527831, te_score: 0.750000

time = 8
tr_loss: 0.555776, tr_score: 0.713750
va_loss: 0.576147, va_score: 0.730000
te_loss: 0.670811, te_score: 0.620000

======================================================
8  Seed:  [4860. 8426. 6918. 8393. 2977. 1581. 7001.  814. 5947. 4477. 3311. 7270.
 5082. 4712. 7103. 6080. 5821. 8708. 4579. 2324.]
tr_loss: 0.577471, tr_score: 0.711562
va_loss: 0.578867, va_score: 0.711000
te_loss: 0.577929, te_score: 0.707500
time = 9
tr_loss: 0.594081, tr_score: 0.700000
va_loss: 0.574129, va_score: 0.720000
te_loss: 0.581416, te_score: 0.690000

time = 9
tr_loss: 0.599471, tr_score: 0.711250
va_loss: 0.647954, va_score: 0.610000
te_loss: 0.584270, te_score: 0.700000

time = 9
tr_loss: 0.570306, tr_score: 0.708750
va_loss: 0.589804, va_score: 0.700000
te_loss: 0.645271, te_score: 0.670000

time = 9
tr_loss: 0.542821, tr_score: 0.735000
va_loss: 0.673159, va_score: 0.690000
te_loss: 0.609175, te_score: 0.670000

time = 9
tr_loss: 0.604459, tr_score: 0.705000
va_loss: 0.534791, va_score: 0.770000
te_loss: 0.687994, te_score: 0.600000

time = 9
tr_loss: 0.554272, tr_score: 0.728750
va_loss: 0.524986, va_score: 0.740000
te_loss: 0.585215, te_score: 0.680000

time = 9
tr_loss: 0.511744, tr_score: 0.756250
va_loss: 0.494426, va_score: 0.760000
te_loss: 0.489319, te_score: 0.720000

time = 9
tr_loss: 0.571942, tr_score: 0.712500
va_loss: 0.562502, va_score: 0.730000
te_loss: 0.626311, te_score: 0.670000

time = 9
tr_loss: 0.511932, tr_score: 0.771250
va_loss: 0.454929, va_score: 0.790000
te_loss: 0.500830, te_score: 0.770000

time = 9
tr_loss: 0.564407, tr_score: 0.726250
va_loss: 0.641042, va_score: 0.630000
te_loss: 0.552867, te_score: 0.730000

time = 9
tr_loss: 0.555251, tr_score: 0.717500
va_loss: 0.556708, va_score: 0.760000
te_loss: 0.553383, te_score: 0.710000

time = 9
tr_loss: 0.589322, tr_score: 0.702500
va_loss: 0.523951, va_score: 0.750000
te_loss: 0.534211, te_score: 0.770000

time = 9
tr_loss: 0.569764, tr_score: 0.715000
va_loss: 0.588477, va_score: 0.730000
te_loss: 0.523187, te_score: 0.800000

time = 9
tr_loss: 0.587600, tr_score: 0.696250
va_loss: 0.623148, va_score: 0.630000
te_loss: 0.588533, te_score: 0.710000

time = 9
tr_loss: 0.583960, tr_score: 0.715000
va_loss: 0.720208, va_score: 0.600000
te_loss: 0.644279, te_score: 0.680000

time = 9
tr_loss: 0.630411, tr_score: 0.640000
va_loss: 0.574921, va_score: 0.720000
te_loss: 0.580299, te_score: 0.710000

time = 9
tr_loss: 0.583490, tr_score: 0.703750
va_loss: 0.600880, va_score: 0.710000
te_loss: 0.620513, te_score: 0.660000

time = 9
tr_loss: 0.552786, tr_score: 0.730000
va_loss: 0.565553, va_score: 0.720000
te_loss: 0.563209, te_score: 0.710000

time = 9
tr_loss: 0.548920, tr_score: 0.728750
va_loss: 0.514281, va_score: 0.720000
te_loss: 0.561567, te_score: 0.690000

time = 9
tr_loss: 0.607880, tr_score: 0.690000
va_loss: 0.556086, va_score: 0.760000
te_loss: 0.565203, te_score: 0.720000

======================================================
9  Seed:  [9948.  542.  232.  666. 5686. 1955. 6679. 1732. 8003. 9621. 2645. 4622.
 2831. 7236. 6932. 8781. 1798. 9886. 2715. 5559.]
tr_loss: 0.571741, tr_score: 0.714687
va_loss: 0.576097, va_score: 0.712000
te_loss: 0.579853, te_score: 0.703000
time = 10
tr_loss: 0.550555, tr_score: 0.708750
va_loss: 0.529031, va_score: 0.720000
te_loss: 0.526257, te_score: 0.740000

time = 10
tr_loss: 0.559707, tr_score: 0.733750
va_loss: 0.585368, va_score: 0.710000
te_loss: 0.499293, te_score: 0.780000

time = 10
tr_loss: 0.548596, tr_score: 0.722500
va_loss: 0.541841, va_score: 0.750000
te_loss: 0.648577, te_score: 0.620000

time = 10
tr_loss: 0.597533, tr_score: 0.687500
va_loss: 0.514112, va_score: 0.770000
te_loss: 0.561508, te_score: 0.730000

time = 10
tr_loss: 0.549222, tr_score: 0.720000
va_loss: 0.557845, va_score: 0.700000
te_loss: 0.499127, te_score: 0.740000

time = 10
tr_loss: 0.592109, tr_score: 0.681250
va_loss: 0.563890, va_score: 0.680000
te_loss: 0.573698, te_score: 0.670000

time = 10
tr_loss: 0.561407, tr_score: 0.706250
va_loss: 0.545481, va_score: 0.730000
te_loss: 0.516991, te_score: 0.780000

time = 10
tr_loss: 0.590512, tr_score: 0.697500
va_loss: 0.507508, va_score: 0.790000
te_loss: 0.587278, te_score: 0.690000

time = 10
tr_loss: 0.537463, tr_score: 0.721250
va_loss: 0.549910, va_score: 0.720000
te_loss: 0.572553, te_score: 0.680000

time = 10
tr_loss: 0.594397, tr_score: 0.712500
va_loss: 0.564955, va_score: 0.750000
te_loss: 0.601426, te_score: 0.710000

time = 10
tr_loss: 0.571333, tr_score: 0.720000
va_loss: 0.594142, va_score: 0.690000
te_loss: 0.570923, te_score: 0.700000

time = 10
tr_loss: 0.567505, tr_score: 0.715000
va_loss: 0.676914, va_score: 0.630000
te_loss: 0.571911, te_score: 0.710000

time = 10
tr_loss: 0.576999, tr_score: 0.722500
va_loss: 0.568507, va_score: 0.720000
te_loss: 0.528907, te_score: 0.740000

time = 10
tr_loss: 0.611179, tr_score: 0.680000
va_loss: 0.563515, va_score: 0.730000
te_loss: 0.530090, te_score: 0.770000

time = 10
tr_loss: 0.571548, tr_score: 0.725000
va_loss: 0.681696, va_score: 0.620000
te_loss: 0.604980, te_score: 0.690000

time = 10
tr_loss: 0.589993, tr_score: 0.708750
va_loss: 0.582879, va_score: 0.730000
te_loss: 0.592011, te_score: 0.740000

time = 10
tr_loss: 0.604299, tr_score: 0.702500
va_loss: 0.553888, va_score: 0.760000
te_loss: 0.634791, te_score: 0.670000

time = 10
tr_loss: 0.612167, tr_score: 0.697500
va_loss: 0.632206, va_score: 0.690000
te_loss: 0.572314, te_score: 0.730000

time = 10
tr_loss: 0.574125, tr_score: 0.711250
va_loss: 0.560992, va_score: 0.720000
te_loss: 0.615486, te_score: 0.690000

time = 10
tr_loss: 0.569194, tr_score: 0.701250
va_loss: 0.696868, va_score: 0.580000
te_loss: 0.556426, te_score: 0.740000

======================================================
10  Seed:  [9217. 8758. 9318. 9902. 9257. 5433. 4194. 5342. 6064. 1182. 7632. 9724.
 4507. 4141. 7028. 4431.  710. 9505. 6403. 3797.]
tr_loss: 0.576492, tr_score: 0.708750
va_loss: 0.578577, va_score: 0.709500
te_loss: 0.568227, te_score: 0.716000
time = 11
tr_loss: 0.593142, tr_score: 0.691250
va_loss: 0.480511, va_score: 0.820000
te_loss: 0.671473, te_score: 0.660000

time = 11
tr_loss: 0.566588, tr_score: 0.715000
va_loss: 0.587754, va_score: 0.690000
te_loss: 0.656789, te_score: 0.670000

time = 11
tr_loss: 0.572334, tr_score: 0.703750
va_loss: 0.630547, va_score: 0.700000
te_loss: 0.536648, te_score: 0.750000

time = 11
tr_loss: 0.578823, tr_score: 0.708750
va_loss: 0.572341, va_score: 0.710000
te_loss: 0.543513, te_score: 0.740000

time = 11
tr_loss: 0.538012, tr_score: 0.725000
va_loss: 0.603063, va_score: 0.680000
te_loss: 0.567514, te_score: 0.680000

time = 11
tr_loss: 0.625825, tr_score: 0.698750
va_loss: 0.646363, va_score: 0.670000
te_loss: 0.626049, te_score: 0.740000

time = 11
tr_loss: 0.530876, tr_score: 0.738750
va_loss: 0.582719, va_score: 0.680000
te_loss: 0.576713, te_score: 0.700000

time = 11
tr_loss: 0.579798, tr_score: 0.711250
va_loss: 0.478764, va_score: 0.850000
te_loss: 0.618659, te_score: 0.670000

time = 11
tr_loss: 0.533044, tr_score: 0.742500
va_loss: 0.577764, va_score: 0.710000
te_loss: 0.571723, te_score: 0.710000

time = 11
tr_loss: 0.588274, tr_score: 0.713750
va_loss: 0.629709, va_score: 0.670000
te_loss: 0.631448, te_score: 0.680000

time = 11
tr_loss: 0.581291, tr_score: 0.700000
va_loss: 0.627614, va_score: 0.660000
te_loss: 0.523810, te_score: 0.760000

time = 11
tr_loss: 0.558827, tr_score: 0.725000
va_loss: 0.647671, va_score: 0.640000
te_loss: 0.693750, te_score: 0.580000

time = 11
tr_loss: 0.524056, tr_score: 0.725000
va_loss: 0.574012, va_score: 0.700000
te_loss: 0.596870, te_score: 0.620000

time = 11
tr_loss: 0.576513, tr_score: 0.710000
va_loss: 0.535434, va_score: 0.730000
te_loss: 0.654588, te_score: 0.670000

time = 11
tr_loss: 0.598241, tr_score: 0.700000
va_loss: 0.544188, va_score: 0.760000
te_loss: 0.646366, te_score: 0.680000

time = 11
tr_loss: 0.591053, tr_score: 0.720000
va_loss: 0.661592, va_score: 0.610000
te_loss: 0.576051, te_score: 0.720000

time = 11
tr_loss: 0.599268, tr_score: 0.702500
va_loss: 0.555563, va_score: 0.760000
te_loss: 0.624807, te_score: 0.660000

time = 11
tr_loss: 0.583464, tr_score: 0.717500
va_loss: 0.591579, va_score: 0.720000
te_loss: 0.644523, te_score: 0.660000

time = 11
tr_loss: 0.544880, tr_score: 0.717500
va_loss: 0.530021, va_score: 0.730000
te_loss: 0.620560, te_score: 0.640000

time = 11
tr_loss: 0.589724, tr_score: 0.698750
va_loss: 0.540332, va_score: 0.710000
te_loss: 0.633204, te_score: 0.660000

======================================================
11  Seed:  [ 276. 7096. 7576. 7225. 8005. 7496. 1258. 6191. 8489. 5152. 4572. 4247.
 5941. 8136.  978. 3169. 6643. 4121. 8439. 9382.]
tr_loss: 0.572702, tr_score: 0.713250
va_loss: 0.579877, va_score: 0.710000
te_loss: 0.610753, te_score: 0.682500
time = 12
tr_loss: 0.590753, tr_score: 0.700000
va_loss: 0.604892, va_score: 0.680000
te_loss: 0.536571, te_score: 0.730000

time = 12
tr_loss: 0.527715, tr_score: 0.740000
va_loss: 0.564444, va_score: 0.730000
te_loss: 0.511773, te_score: 0.720000

time = 12
tr_loss: 0.555088, tr_score: 0.722500
va_loss: 0.594651, va_score: 0.680000
te_loss: 0.657966, te_score: 0.620000

time = 12
tr_loss: 0.559422, tr_score: 0.728750
va_loss: 0.601475, va_score: 0.700000
te_loss: 0.704011, te_score: 0.610000

time = 12
tr_loss: 0.578482, tr_score: 0.713750
va_loss: 0.653752, va_score: 0.670000
te_loss: 0.627997, te_score: 0.630000

time = 12
tr_loss: 0.624134, tr_score: 0.695000
va_loss: 0.617773, va_score: 0.680000
te_loss: 0.642319, te_score: 0.700000

time = 12
tr_loss: 0.608933, tr_score: 0.667500
va_loss: 0.683833, va_score: 0.600000
te_loss: 0.656781, te_score: 0.600000

time = 12
tr_loss: 0.581743, tr_score: 0.712500
va_loss: 0.624701, va_score: 0.660000
te_loss: 0.621409, te_score: 0.680000

time = 12
tr_loss: 0.610941, tr_score: 0.701250
va_loss: 0.602351, va_score: 0.710000
te_loss: 0.628696, te_score: 0.680000

time = 12
tr_loss: 0.605481, tr_score: 0.703750
va_loss: 0.660417, va_score: 0.660000
te_loss: 0.636944, te_score: 0.640000

time = 12
tr_loss: 0.561660, tr_score: 0.722500
va_loss: 0.601286, va_score: 0.700000
te_loss: 0.600239, te_score: 0.710000

time = 12
tr_loss: 0.587106, tr_score: 0.708750
va_loss: 0.561114, va_score: 0.710000
te_loss: 0.639256, te_score: 0.610000

time = 12
tr_loss: 0.574304, tr_score: 0.726250
va_loss: 0.591747, va_score: 0.730000
te_loss: 0.681189, te_score: 0.660000

time = 12
tr_loss: 0.585888, tr_score: 0.702500
va_loss: 0.550231, va_score: 0.750000
te_loss: 0.558484, te_score: 0.710000

time = 12
tr_loss: 0.570303, tr_score: 0.720000
va_loss: 0.574980, va_score: 0.780000
te_loss: 0.605336, te_score: 0.680000

time = 12
tr_loss: 0.588889, tr_score: 0.713750
va_loss: 0.609003, va_score: 0.680000
te_loss: 0.600497, te_score: 0.710000

time = 12
tr_loss: 0.573233, tr_score: 0.717500
va_loss: 0.628923, va_score: 0.660000
te_loss: 0.524364, te_score: 0.790000

time = 12
tr_loss: 0.572653, tr_score: 0.706250
va_loss: 0.581362, va_score: 0.690000
te_loss: 0.564987, te_score: 0.730000

time = 12
tr_loss: 0.589148, tr_score: 0.701250
va_loss: 0.604180, va_score: 0.700000
te_loss: 0.586684, te_score: 0.690000

time = 12
tr_loss: 0.563090, tr_score: 0.716250
va_loss: 0.617863, va_score: 0.640000
te_loss: 0.582675, te_score: 0.660000

======================================================
12  Seed:  [5995. 5359. 4959. 8841. 2084. 6283. 5803. 5547. 5856. 6466. 1029. 9406.
 1119. 6504. 6270.   89. 4601. 8528. 5236. 3309.]
tr_loss: 0.580448, tr_score: 0.711000
va_loss: 0.606449, va_score: 0.690500
te_loss: 0.608409, te_score: 0.678000
time = 13
tr_loss: 0.600648, tr_score: 0.710000
va_loss: 0.621057, va_score: 0.700000
te_loss: 0.578370, te_score: 0.750000

time = 13
tr_loss: 0.593944, tr_score: 0.707500
va_loss: 0.532617, va_score: 0.780000
te_loss: 0.569977, te_score: 0.720000

time = 13
tr_loss: 0.587784, tr_score: 0.710000
va_loss: 0.556259, va_score: 0.730000
te_loss: 0.736041, te_score: 0.590000

time = 13
tr_loss: 0.606367, tr_score: 0.693750
va_loss: 0.682029, va_score: 0.640000
te_loss: 0.559646, te_score: 0.750000

time = 13
tr_loss: 0.605619, tr_score: 0.697500
va_loss: 0.610499, va_score: 0.710000
te_loss: 0.584982, te_score: 0.710000

time = 13
tr_loss: 0.582612, tr_score: 0.725000
va_loss: 0.649787, va_score: 0.660000
te_loss: 0.631255, te_score: 0.710000

time = 13
tr_loss: 0.554412, tr_score: 0.733750
va_loss: 0.593402, va_score: 0.690000
te_loss: 0.544821, te_score: 0.710000

time = 13
tr_loss: 0.587336, tr_score: 0.711250
va_loss: 0.578869, va_score: 0.710000
te_loss: 0.580338, te_score: 0.710000

time = 13
tr_loss: 0.584430, tr_score: 0.693750
va_loss: 0.581322, va_score: 0.730000
te_loss: 0.536381, te_score: 0.760000

time = 13
tr_loss: 0.652695, tr_score: 0.566250
va_loss: 0.693426, va_score: 0.510000
te_loss: 0.604055, te_score: 0.560000

time = 13
tr_loss: 0.543126, tr_score: 0.708750
va_loss: 0.604625, va_score: 0.690000
te_loss: 0.674134, te_score: 0.610000

time = 13
tr_loss: 0.567783, tr_score: 0.707500
va_loss: 0.565061, va_score: 0.680000
te_loss: 0.605250, te_score: 0.710000

time = 13
tr_loss: 0.568879, tr_score: 0.710000
va_loss: 0.604921, va_score: 0.690000
te_loss: 0.553957, te_score: 0.680000

time = 13
tr_loss: 0.602663, tr_score: 0.701250
va_loss: 0.567928, va_score: 0.730000
te_loss: 0.585368, te_score: 0.710000

time = 13
tr_loss: 0.591182, tr_score: 0.696250
va_loss: 0.548201, va_score: 0.730000
te_loss: 0.512691, te_score: 0.780000

time = 13
tr_loss: 0.577860, tr_score: 0.710000
va_loss: 0.601606, va_score: 0.700000
te_loss: 0.606200, te_score: 0.710000

time = 13
tr_loss: 0.551676, tr_score: 0.723750
va_loss: 0.562668, va_score: 0.700000
te_loss: 0.662789, te_score: 0.620000

time = 13
tr_loss: 0.602745, tr_score: 0.691250
va_loss: 0.540091, va_score: 0.750000
te_loss: 0.601625, te_score: 0.720000

time = 13
tr_loss: 0.557443, tr_score: 0.723750
va_loss: 0.504025, va_score: 0.760000
te_loss: 0.576497, te_score: 0.680000

time = 13
tr_loss: 0.639660, tr_score: 0.685000
va_loss: 0.599513, va_score: 0.740000
te_loss: 0.555553, te_score: 0.780000

======================================================
13  Seed:  [3706. 3756. 2533. 6590. 1761. 5957. 4965. 8699. 1302.  214. 1426. 3422.
 9979.   35. 8073. 6183. 7853. 8174. 4923.  725.]
tr_loss: 0.587943, tr_score: 0.700313
va_loss: 0.589895, va_score: 0.701500
te_loss: 0.592997, te_score: 0.698500
time = 14
tr_loss: 0.602949, tr_score: 0.703750
va_loss: 0.667161, va_score: 0.670000
te_loss: 0.642713, te_score: 0.640000

time = 14
tr_loss: 0.581208, tr_score: 0.707500
va_loss: 0.617934, va_score: 0.690000
te_loss: 0.572287, te_score: 0.700000

time = 14
tr_loss: 0.584079, tr_score: 0.696250
va_loss: 0.542146, va_score: 0.710000
te_loss: 0.555270, te_score: 0.710000

time = 14
tr_loss: 0.607905, tr_score: 0.708750
va_loss: 0.619336, va_score: 0.690000
te_loss: 0.567891, te_score: 0.760000

time = 14
tr_loss: 0.539243, tr_score: 0.728750
va_loss: 0.583804, va_score: 0.670000
te_loss: 0.552004, te_score: 0.730000

time = 14
tr_loss: 0.572756, tr_score: 0.713750
va_loss: 0.583325, va_score: 0.730000
te_loss: 0.644235, te_score: 0.670000

time = 14
tr_loss: 0.595707, tr_score: 0.693750
va_loss: 0.512128, va_score: 0.800000
te_loss: 0.710400, te_score: 0.630000

time = 14
tr_loss: 0.605593, tr_score: 0.706250
va_loss: 0.636718, va_score: 0.660000
te_loss: 0.579791, te_score: 0.730000

time = 14
tr_loss: 0.553663, tr_score: 0.736250
va_loss: 0.540608, va_score: 0.740000
te_loss: 0.586070, te_score: 0.680000

time = 14
tr_loss: 0.578143, tr_score: 0.713750
va_loss: 0.489348, va_score: 0.820000
te_loss: 0.673904, te_score: 0.650000

time = 14
tr_loss: 0.554620, tr_score: 0.706250
va_loss: 0.493026, va_score: 0.740000
te_loss: 0.546866, te_score: 0.750000

time = 14
tr_loss: 0.538677, tr_score: 0.736250
va_loss: 0.536854, va_score: 0.740000
te_loss: 0.609523, te_score: 0.700000

time = 14
tr_loss: 0.603438, tr_score: 0.701250
va_loss: 0.559212, va_score: 0.750000
te_loss: 0.650573, te_score: 0.670000

time = 14
tr_loss: 0.544682, tr_score: 0.722500
va_loss: 0.551375, va_score: 0.770000
te_loss: 0.572135, te_score: 0.720000

time = 14
tr_loss: 0.561863, tr_score: 0.720000
va_loss: 0.639755, va_score: 0.680000
te_loss: 0.570395, te_score: 0.710000

time = 14
tr_loss: 0.594107, tr_score: 0.712500
va_loss: 0.582786, va_score: 0.720000
te_loss: 0.563967, te_score: 0.800000

time = 14
tr_loss: 0.525956, tr_score: 0.736250
va_loss: 0.508609, va_score: 0.790000
te_loss: 0.588209, te_score: 0.680000

time = 14
tr_loss: 0.570853, tr_score: 0.720000
va_loss: 0.574087, va_score: 0.730000
te_loss: 0.609214, te_score: 0.710000

time = 14
tr_loss: 0.598676, tr_score: 0.686250
va_loss: 0.635678, va_score: 0.650000
te_loss: 0.590791, te_score: 0.690000

time = 14
tr_loss: 0.599024, tr_score: 0.695000
va_loss: 0.639036, va_score: 0.680000
te_loss: 0.574076, te_score: 0.750000

======================================================
14  Seed:  [6736. 9332. 4026. 8791. 2185. 8095. 4925. 3877. 8332. 6847. 5871. 5004.
 2796. 4961. 1467. 7787. 3868. 5255. 9307. 9073.]
tr_loss: 0.575657, tr_score: 0.712250
va_loss: 0.575646, va_score: 0.721500
te_loss: 0.598016, te_score: 0.704000
time = 15
tr_loss: 0.542654, tr_score: 0.716250
va_loss: 0.540314, va_score: 0.720000
te_loss: 0.590075, te_score: 0.700000

time = 15
tr_loss: 0.640671, tr_score: 0.670000
va_loss: 0.626346, va_score: 0.700000
te_loss: 0.573844, te_score: 0.760000

time = 15
tr_loss: 0.595781, tr_score: 0.702500
va_loss: 0.609741, va_score: 0.670000
te_loss: 0.646189, te_score: 0.740000

time = 15
tr_loss: 0.551917, tr_score: 0.730000
va_loss: 0.487103, va_score: 0.790000
te_loss: 0.600709, te_score: 0.680000

time = 15
tr_loss: 0.593454, tr_score: 0.715000
va_loss: 0.562594, va_score: 0.740000
te_loss: 0.589730, te_score: 0.710000

time = 15
tr_loss: 0.548825, tr_score: 0.742500
va_loss: 0.591403, va_score: 0.700000
te_loss: 0.565214, te_score: 0.730000

time = 15
tr_loss: 0.589029, tr_score: 0.707500
va_loss: 0.600833, va_score: 0.680000
te_loss: 0.568918, te_score: 0.710000

time = 15
tr_loss: 0.554321, tr_score: 0.692500
va_loss: 0.561295, va_score: 0.710000
te_loss: 0.585147, te_score: 0.680000

time = 15
tr_loss: 0.609921, tr_score: 0.691250
va_loss: 0.570118, va_score: 0.740000
te_loss: 0.578805, te_score: 0.730000

time = 15
tr_loss: 0.610527, tr_score: 0.700000
va_loss: 0.681161, va_score: 0.640000
te_loss: 0.598467, te_score: 0.710000

time = 15
tr_loss: 0.578268, tr_score: 0.696250
va_loss: 0.526121, va_score: 0.750000
te_loss: 0.570468, te_score: 0.730000

time = 15
tr_loss: 0.554018, tr_score: 0.723750
va_loss: 0.597720, va_score: 0.710000
te_loss: 0.613803, te_score: 0.660000

time = 15
tr_loss: 0.566705, tr_score: 0.735000
va_loss: 0.569075, va_score: 0.730000
te_loss: 0.634793, te_score: 0.650000

time = 15
tr_loss: 0.551874, tr_score: 0.715000
va_loss: 0.549695, va_score: 0.740000
te_loss: 0.552679, te_score: 0.730000

time = 15
tr_loss: 0.512978, tr_score: 0.753750
va_loss: 0.515407, va_score: 0.730000
te_loss: 0.587890, te_score: 0.750000

time = 15
tr_loss: 0.595895, tr_score: 0.717500
va_loss: 0.656487, va_score: 0.650000
te_loss: 0.584209, te_score: 0.670000

time = 15
tr_loss: 0.583045, tr_score: 0.707500
va_loss: 0.506835, va_score: 0.780000
te_loss: 0.661266, te_score: 0.680000

time = 15
tr_loss: 0.548566, tr_score: 0.720000
va_loss: 0.600764, va_score: 0.670000
te_loss: 0.633933, te_score: 0.650000

time = 15
tr_loss: 0.610509, tr_score: 0.691250
va_loss: 0.579462, va_score: 0.710000
te_loss: 0.572085, te_score: 0.740000

time = 15
tr_loss: 0.556289, tr_score: 0.735000
va_loss: 0.598905, va_score: 0.690000
te_loss: 0.557078, te_score: 0.740000

======================================================
15  Seed:  [ 879. 4612.  287.  491. 3659. 8251. 7507. 1140. 3507. 4318. 9716. 8900.
 3870. 2555. 7340. 8792.  757. 6674. 3143.  691.]
tr_loss: 0.574762, tr_score: 0.713125
va_loss: 0.576569, va_score: 0.712500
te_loss: 0.593265, te_score: 0.707500
time = 16
tr_loss: 0.554469, tr_score: 0.732500
va_loss: 0.539730, va_score: 0.730000
te_loss: 0.549649, te_score: 0.750000

time = 16
tr_loss: 0.586130, tr_score: 0.718750
va_loss: 0.567043, va_score: 0.730000
te_loss: 0.659137, te_score: 0.600000

time = 16
tr_loss: 0.584626, tr_score: 0.717500
va_loss: 0.538655, va_score: 0.780000
te_loss: 0.611898, te_score: 0.700000

time = 16
tr_loss: 0.570542, tr_score: 0.718750
va_loss: 0.608764, va_score: 0.670000
te_loss: 0.545382, te_score: 0.750000

time = 16
tr_loss: 0.602035, tr_score: 0.706250
va_loss: 0.529920, va_score: 0.760000
te_loss: 0.596013, te_score: 0.710000

time = 16
tr_loss: 0.574547, tr_score: 0.708750
va_loss: 0.581847, va_score: 0.700000
te_loss: 0.630366, te_score: 0.680000

time = 16
tr_loss: 0.585464, tr_score: 0.708750
va_loss: 0.585454, va_score: 0.700000
te_loss: 0.551120, te_score: 0.740000

time = 16
tr_loss: 0.518780, tr_score: 0.751250
va_loss: 0.516496, va_score: 0.720000
te_loss: 0.536183, te_score: 0.680000

time = 16
tr_loss: 0.564236, tr_score: 0.720000
va_loss: 0.551439, va_score: 0.740000
te_loss: 0.555904, te_score: 0.730000

time = 16
tr_loss: 0.573499, tr_score: 0.720000
va_loss: 0.659151, va_score: 0.670000
te_loss: 0.640317, te_score: 0.700000

time = 16
tr_loss: 0.555281, tr_score: 0.718750
va_loss: 0.598327, va_score: 0.740000
te_loss: 0.602345, te_score: 0.680000

time = 16
tr_loss: 0.558963, tr_score: 0.740000
va_loss: 0.629667, va_score: 0.690000
te_loss: 0.623290, te_score: 0.700000

time = 16
tr_loss: 0.588920, tr_score: 0.698750
va_loss: 0.663319, va_score: 0.660000
te_loss: 0.556003, te_score: 0.710000

time = 16
tr_loss: 0.578270, tr_score: 0.708750
va_loss: 0.503902, va_score: 0.780000
te_loss: 0.527347, te_score: 0.730000

time = 16
tr_loss: 0.579011, tr_score: 0.702500
va_loss: 0.520335, va_score: 0.790000
te_loss: 0.532669, te_score: 0.770000

time = 16
tr_loss: 0.580352, tr_score: 0.706250
va_loss: 0.634452, va_score: 0.650000
te_loss: 0.606664, te_score: 0.710000

time = 16
tr_loss: 0.576783, tr_score: 0.701250
va_loss: 0.572657, va_score: 0.730000
te_loss: 0.611749, te_score: 0.680000

time = 16
tr_loss: 0.612324, tr_score: 0.697500
va_loss: 0.622483, va_score: 0.700000
te_loss: 0.632748, te_score: 0.660000

time = 16
tr_loss: 0.530168, tr_score: 0.745000
va_loss: 0.464999, va_score: 0.780000
te_loss: 0.527922, te_score: 0.760000

time = 16
tr_loss: 0.550593, tr_score: 0.718750
va_loss: 0.562750, va_score: 0.710000
te_loss: 0.552821, te_score: 0.730000

======================================================
16  Seed:  [9082. 6878.  978. 6918.   35. 3547.  812. 1562. 5243. 8191. 5330. 4602.
 2929. 4830.  303. 9956. 3156. 7475. 4637.  734.]
tr_loss: 0.571250, tr_score: 0.717000
va_loss: 0.572569, va_score: 0.721500
te_loss: 0.582476, te_score: 0.708500
time = 17
tr_loss: 0.588444, tr_score: 0.688750
va_loss: 0.591694, va_score: 0.720000
te_loss: 0.581466, te_score: 0.680000

time = 17
tr_loss: 0.586592, tr_score: 0.722500
va_loss: 0.675985, va_score: 0.620000
te_loss: 0.612611, te_score: 0.690000

time = 17
tr_loss: 0.598930, tr_score: 0.718750
va_loss: 0.624457, va_score: 0.670000
te_loss: 0.591724, te_score: 0.710000

time = 17
tr_loss: 0.618737, tr_score: 0.677500
va_loss: 0.671302, va_score: 0.610000
te_loss: 0.603172, te_score: 0.700000

time = 17
tr_loss: 0.597911, tr_score: 0.693750
va_loss: 0.545385, va_score: 0.760000
te_loss: 0.572658, te_score: 0.760000

time = 17
tr_loss: 0.617071, tr_score: 0.708750
va_loss: 0.642013, va_score: 0.700000
te_loss: 0.637399, te_score: 0.680000

time = 17
tr_loss: 0.555120, tr_score: 0.726250
va_loss: 0.605070, va_score: 0.690000
te_loss: 0.563214, te_score: 0.730000

time = 17
tr_loss: 0.527382, tr_score: 0.732500
va_loss: 0.599462, va_score: 0.690000
te_loss: 0.652840, te_score: 0.650000

time = 17
tr_loss: 0.584308, tr_score: 0.700000
va_loss: 0.580780, va_score: 0.710000
te_loss: 0.574401, te_score: 0.760000

time = 17
tr_loss: 0.593109, tr_score: 0.711250
va_loss: 0.620375, va_score: 0.700000
te_loss: 0.681620, te_score: 0.610000

time = 17
tr_loss: 0.586470, tr_score: 0.707500
va_loss: 0.617239, va_score: 0.670000
te_loss: 0.613659, te_score: 0.710000

time = 17
tr_loss: 0.582369, tr_score: 0.702500
va_loss: 0.649046, va_score: 0.700000
te_loss: 0.574779, te_score: 0.690000

time = 17
tr_loss: 0.551851, tr_score: 0.731250
va_loss: 0.532434, va_score: 0.750000
te_loss: 0.520905, te_score: 0.730000

time = 17
tr_loss: 0.567384, tr_score: 0.720000
va_loss: 0.539747, va_score: 0.740000
te_loss: 0.516766, te_score: 0.800000

time = 17
tr_loss: 0.579232, tr_score: 0.720000
va_loss: 0.640920, va_score: 0.640000
te_loss: 0.663267, te_score: 0.660000

time = 17
tr_loss: 0.637623, tr_score: 0.696250
va_loss: 0.611385, va_score: 0.730000
te_loss: 0.622281, te_score: 0.750000

time = 17
tr_loss: 0.577787, tr_score: 0.725000
va_loss: 0.686095, va_score: 0.620000
te_loss: 0.583584, te_score: 0.690000

time = 17
tr_loss: 0.601783, tr_score: 0.703750
va_loss: 0.616877, va_score: 0.710000
te_loss: 0.599862, te_score: 0.750000

time = 17
tr_loss: 0.581566, tr_score: 0.700000
va_loss: 0.539888, va_score: 0.760000
te_loss: 0.601601, te_score: 0.710000

time = 17
tr_loss: 0.544552, tr_score: 0.726250
va_loss: 0.555413, va_score: 0.760000
te_loss: 0.543621, te_score: 0.710000

======================================================
17  Seed:  [9997. 6891. 7283.  296. 4194.  627. 9187. 9699.  412. 3964. 5059. 1882.
 6859. 7098. 9012. 6459. 3018. 8410. 9321. 1260.]
tr_loss: 0.583911, tr_score: 0.710625
va_loss: 0.607278, va_score: 0.697500
te_loss: 0.595572, te_score: 0.708500
time = 18
tr_loss: 0.612091, tr_score: 0.697500
va_loss: 0.626176, va_score: 0.690000
te_loss: 0.589055, te_score: 0.700000

time = 18
tr_loss: 0.553111, tr_score: 0.710000
va_loss: 0.542480, va_score: 0.720000
te_loss: 0.538481, te_score: 0.690000

time = 18
tr_loss: 0.525222, tr_score: 0.743750
va_loss: 0.485140, va_score: 0.770000
te_loss: 0.563910, te_score: 0.720000

time = 18
tr_loss: 0.515355, tr_score: 0.748750
va_loss: 0.532528, va_score: 0.740000
te_loss: 0.527332, te_score: 0.750000

time = 18
tr_loss: 0.583685, tr_score: 0.717500
va_loss: 0.585639, va_score: 0.740000
te_loss: 0.545305, te_score: 0.760000

time = 18
tr_loss: 0.569230, tr_score: 0.703750
va_loss: 0.558478, va_score: 0.690000
te_loss: 0.554215, te_score: 0.710000

time = 18
tr_loss: 0.595516, tr_score: 0.720000
va_loss: 0.694639, va_score: 0.640000
te_loss: 0.589117, te_score: 0.720000

time = 18
tr_loss: 0.584581, tr_score: 0.720000
va_loss: 0.610465, va_score: 0.710000
te_loss: 0.710275, te_score: 0.580000

time = 18
tr_loss: 0.564517, tr_score: 0.716250
va_loss: 0.539395, va_score: 0.750000
te_loss: 0.588366, te_score: 0.710000

time = 18
tr_loss: 0.605369, tr_score: 0.715000
va_loss: 0.616549, va_score: 0.690000
te_loss: 0.606632, te_score: 0.690000

time = 18
tr_loss: 0.627928, tr_score: 0.667500
va_loss: 0.700720, va_score: 0.590000
te_loss: 0.600680, te_score: 0.740000

time = 18
tr_loss: 0.607513, tr_score: 0.707500
va_loss: 0.605832, va_score: 0.710000
te_loss: 0.596628, te_score: 0.720000

time = 18
tr_loss: 0.559193, tr_score: 0.701250
va_loss: 0.573898, va_score: 0.700000
te_loss: 0.571195, te_score: 0.720000

time = 18
tr_loss: 0.579658, tr_score: 0.701250
va_loss: 0.577395, va_score: 0.700000
te_loss: 0.546038, te_score: 0.750000

time = 18
tr_loss: 0.613549, tr_score: 0.681250
va_loss: 0.563796, va_score: 0.760000
te_loss: 0.537970, te_score: 0.730000

time = 18
tr_loss: 0.621922, tr_score: 0.701250
va_loss: 0.584709, va_score: 0.770000
te_loss: 0.544926, te_score: 0.730000

time = 18
tr_loss: 0.539595, tr_score: 0.736250
va_loss: 0.590294, va_score: 0.720000
te_loss: 0.503732, te_score: 0.790000

time = 18
tr_loss: 0.583512, tr_score: 0.703750
va_loss: 0.603025, va_score: 0.720000
te_loss: 0.624295, te_score: 0.670000

time = 18
tr_loss: 0.594457, tr_score: 0.701250
va_loss: 0.545090, va_score: 0.760000
te_loss: 0.587753, te_score: 0.720000

time = 18
tr_loss: 0.585044, tr_score: 0.710000
va_loss: 0.504418, va_score: 0.800000
te_loss: 0.622930, te_score: 0.700000

======================================================
18  Seed:  [ 873. 4207. 9606. 9170. 6333. 9407. 8590.  438. 6112. 2282. 5826. 4132.
 5788. 3773.  899. 1544. 7119. 3120. 1138. 3253.]
tr_loss: 0.581052, tr_score: 0.710187
va_loss: 0.582033, va_score: 0.718500
te_loss: 0.577442, te_score: 0.715000
time = 19
tr_loss: 0.582456, tr_score: 0.731250
va_loss: 0.638872, va_score: 0.660000
te_loss: 0.610097, te_score: 0.690000

time = 19
tr_loss: 0.541692, tr_score: 0.737500
va_loss: 0.554848, va_score: 0.710000
te_loss: 0.606832, te_score: 0.640000

time = 19
tr_loss: 0.580288, tr_score: 0.713750
va_loss: 0.527161, va_score: 0.760000
te_loss: 0.626779, te_score: 0.650000

time = 19
tr_loss: 0.509109, tr_score: 0.752500
va_loss: 0.509665, va_score: 0.740000
te_loss: 0.562946, te_score: 0.690000

time = 19
tr_loss: 0.562983, tr_score: 0.707500
va_loss: 0.570019, va_score: 0.730000
te_loss: 0.510077, te_score: 0.750000

time = 19
tr_loss: 0.573009, tr_score: 0.713750
va_loss: 0.572285, va_score: 0.740000
te_loss: 0.628048, te_score: 0.680000

time = 19
tr_loss: 0.544576, tr_score: 0.705000
va_loss: 0.507085, va_score: 0.760000
te_loss: 0.567496, te_score: 0.680000

time = 19
tr_loss: 0.575750, tr_score: 0.717500
va_loss: 0.627445, va_score: 0.650000
te_loss: 0.614261, te_score: 0.700000

time = 19
tr_loss: 0.614852, tr_score: 0.696250
va_loss: 0.646867, va_score: 0.690000
te_loss: 0.589937, te_score: 0.740000

time = 19
tr_loss: 0.565775, tr_score: 0.712500
va_loss: 0.591379, va_score: 0.700000
te_loss: 0.607762, te_score: 0.690000

time = 19
tr_loss: 0.600910, tr_score: 0.705000
va_loss: 0.608569, va_score: 0.700000
te_loss: 0.631398, te_score: 0.670000

time = 19
tr_loss: 0.597024, tr_score: 0.708750
va_loss: 0.605106, va_score: 0.690000
te_loss: 0.622110, te_score: 0.690000

time = 19
tr_loss: 0.584116, tr_score: 0.708750
va_loss: 0.640496, va_score: 0.670000
te_loss: 0.671667, te_score: 0.660000

time = 19
tr_loss: 0.542326, tr_score: 0.722500
va_loss: 0.524880, va_score: 0.720000
te_loss: 0.549401, te_score: 0.710000

time = 19
tr_loss: 0.597923, tr_score: 0.706250
va_loss: 0.617897, va_score: 0.680000
te_loss: 0.562649, te_score: 0.720000

time = 19
tr_loss: 0.587378, tr_score: 0.712500
va_loss: 0.560754, va_score: 0.770000
te_loss: 0.560547, te_score: 0.730000

time = 19
tr_loss: 0.600024, tr_score: 0.717500
va_loss: 0.600957, va_score: 0.700000
te_loss: 0.603969, te_score: 0.720000

time = 19
tr_loss: 0.599203, tr_score: 0.715000
va_loss: 0.630164, va_score: 0.670000
te_loss: 0.575301, te_score: 0.720000

time = 19
tr_loss: 0.604034, tr_score: 0.693750
va_loss: 0.561892, va_score: 0.750000
te_loss: 0.623204, te_score: 0.700000

time = 19
tr_loss: 0.575691, tr_score: 0.715000
va_loss: 0.609425, va_score: 0.650000
te_loss: 0.577745, te_score: 0.770000

======================================================
19  Seed:  [3709. 6253. 7969. 4492. 4878.  212. 2129. 7387.  610. 9877. 6936. 8416.
 1824. 6324. 9841. 5493. 7619. 7977.  518. 1963.]
tr_loss: 0.576956, tr_score: 0.714625
va_loss: 0.585288, va_score: 0.707000
te_loss: 0.595111, te_score: 0.700000
time = 20
tr_loss: 0.612377, tr_score: 0.677500
va_loss: 0.581921, va_score: 0.710000
te_loss: 0.610008, te_score: 0.700000

time = 20
tr_loss: 0.569893, tr_score: 0.707500
va_loss: 0.541214, va_score: 0.760000
te_loss: 0.541642, te_score: 0.710000

time = 20
tr_loss: 0.567288, tr_score: 0.718750
va_loss: 0.583321, va_score: 0.730000
te_loss: 0.649037, te_score: 0.700000

time = 20
tr_loss: 0.627146, tr_score: 0.655000
va_loss: 0.676686, va_score: 0.640000
te_loss: 0.560050, te_score: 0.790000

time = 20
tr_loss: 0.592923, tr_score: 0.705000
va_loss: 0.637125, va_score: 0.680000
te_loss: 0.538893, te_score: 0.720000

time = 20
tr_loss: 0.565675, tr_score: 0.730000
va_loss: 0.549811, va_score: 0.750000
te_loss: 0.588127, te_score: 0.730000

time = 20
tr_loss: 0.584658, tr_score: 0.712500
va_loss: 0.547996, va_score: 0.750000
te_loss: 0.564049, te_score: 0.740000

time = 20
tr_loss: 0.584715, tr_score: 0.721250
va_loss: 0.660844, va_score: 0.660000
te_loss: 0.590853, te_score: 0.720000

time = 20
tr_loss: 0.594958, tr_score: 0.690000
va_loss: 0.600088, va_score: 0.690000
te_loss: 0.566096, te_score: 0.720000

time = 20
tr_loss: 0.608450, tr_score: 0.692500
va_loss: 0.557546, va_score: 0.760000
te_loss: 0.588873, te_score: 0.730000

time = 20
tr_loss: 0.588814, tr_score: 0.720000
va_loss: 0.624924, va_score: 0.700000
te_loss: 0.599070, te_score: 0.730000

time = 20
tr_loss: 0.611262, tr_score: 0.706250
va_loss: 0.605420, va_score: 0.700000
te_loss: 0.610535, te_score: 0.710000

time = 20
tr_loss: 0.568785, tr_score: 0.707500
va_loss: 0.536823, va_score: 0.790000
te_loss: 0.652729, te_score: 0.630000

time = 20
tr_loss: 0.573331, tr_score: 0.713750
va_loss: 0.623280, va_score: 0.690000
te_loss: 0.556226, te_score: 0.720000

time = 20
tr_loss: 0.556163, tr_score: 0.726250
va_loss: 0.568819, va_score: 0.700000
te_loss: 0.598580, te_score: 0.690000

time = 20
tr_loss: 0.550575, tr_score: 0.738750
va_loss: 0.649376, va_score: 0.690000
te_loss: 0.564156, te_score: 0.700000

time = 20
tr_loss: 0.555198, tr_score: 0.711250
va_loss: 0.544720, va_score: 0.710000
te_loss: 0.545537, te_score: 0.730000

time = 20
tr_loss: 0.606039, tr_score: 0.707500
va_loss: 0.568034, va_score: 0.730000
te_loss: 0.549411, te_score: 0.740000

time = 20
tr_loss: 0.600557, tr_score: 0.673750
va_loss: 0.541481, va_score: 0.730000
te_loss: 0.593679, te_score: 0.690000

time = 20
tr_loss: 0.579719, tr_score: 0.735000
va_loss: 0.637112, va_score: 0.660000
te_loss: 0.628388, te_score: 0.700000

======================================================
20  Seed:  [8890. 5137. 6638. 5364. 3035. 4210. 5798. 9783. 7946.  146. 8127. 1556.
 1338. 7812. 5900. 6230. 6141. 6234. 5455. 7649.]
tr_loss: 0.584926, tr_score: 0.707500
va_loss: 0.591827, va_score: 0.711500
te_loss: 0.584797, te_score: 0.715000


mid seed:  [6469. 3301. 7178. 4323. 9525.  454. 7215. 4562. 5178. 3971. 9338. 3960.
 2970. 9630. 2254.  396. 4264. 8949. 7913. 1289.]
mid test scores 0.706
