time = 0
tr_loss: 0.596984, tr_score: 0.695000
va_loss: 0.615269, va_score: 0.690000
te_loss: 0.538098, te_score: 0.730000

time = 0
tr_loss: 0.600918, tr_score: 0.716250
va_loss: 0.654891, va_score: 0.650000
te_loss: 0.658424, te_score: 0.620000

time = 0
tr_loss: 0.557677, tr_score: 0.722500
va_loss: 0.607062, va_score: 0.670000
te_loss: 0.620877, te_score: 0.650000

time = 0
tr_loss: 0.571761, tr_score: 0.708750
va_loss: 0.596370, va_score: 0.720000
te_loss: 0.544293, te_score: 0.700000

time = 0
tr_loss: 0.589520, tr_score: 0.707500
va_loss: 0.640982, va_score: 0.700000
te_loss: 0.557408, te_score: 0.760000

time = 0
tr_loss: 0.578807, tr_score: 0.718750
va_loss: 0.677765, va_score: 0.640000
te_loss: 0.711751, te_score: 0.620000

time = 0
tr_loss: 0.582606, tr_score: 0.722500
va_loss: 0.602592, va_score: 0.680000
te_loss: 0.481673, te_score: 0.830000

time = 0
tr_loss: 0.610575, tr_score: 0.702500
va_loss: 0.541388, va_score: 0.790000
te_loss: 0.623912, te_score: 0.690000

time = 0
tr_loss: 0.634285, tr_score: 0.693750
va_loss: 0.554322, va_score: 0.740000
te_loss: 0.601023, te_score: 0.710000

time = 0
tr_loss: 0.574591, tr_score: 0.708750
va_loss: 0.606952, va_score: 0.650000
te_loss: 0.526121, te_score: 0.800000

time = 0
tr_loss: 0.590411, tr_score: 0.711250
va_loss: 0.533975, va_score: 0.760000
te_loss: 0.604944, te_score: 0.660000

time = 0
tr_loss: 0.566536, tr_score: 0.728750
va_loss: 0.618377, va_score: 0.700000
te_loss: 0.728321, te_score: 0.570000

time = 0
tr_loss: 0.581156, tr_score: 0.713750
va_loss: 0.607865, va_score: 0.690000
te_loss: 0.663017, te_score: 0.610000

time = 0
tr_loss: 0.551748, tr_score: 0.720000
va_loss: 0.546506, va_score: 0.700000
te_loss: 0.641338, te_score: 0.650000

time = 0
tr_loss: 0.581189, tr_score: 0.713750
va_loss: 0.626366, va_score: 0.670000
te_loss: 0.635099, te_score: 0.690000

time = 0
tr_loss: 0.603453, tr_score: 0.720000
va_loss: 0.623870, va_score: 0.660000
te_loss: 0.603935, te_score: 0.710000

time = 0
tr_loss: 0.594054, tr_score: 0.716250
va_loss: 0.620115, va_score: 0.690000
te_loss: 0.594009, te_score: 0.720000

time = 0
tr_loss: 0.602435, tr_score: 0.716250
va_loss: 0.598455, va_score: 0.710000
te_loss: 0.609706, te_score: 0.670000

time = 0
tr_loss: 0.595877, tr_score: 0.706250
va_loss: 0.624038, va_score: 0.700000
te_loss: 0.688378, te_score: 0.640000

time = 0
tr_loss: 0.569899, tr_score: 0.716250
va_loss: 0.552069, va_score: 0.780000
te_loss: 0.619476, te_score: 0.680000

======================================================
0  Seed:  [ 140. 2411. 2238. 5068. 2300. 9812. 6334. 4380. 4021. 8554. 2226. 8534.
 4715. 7921. 4457. 6212.  255.  495. 8301.  932.]
tr_loss: 0.586724, tr_score: 0.712938
va_loss: 0.602462, va_score: 0.699500
te_loss: 0.612590, te_score: 0.685500
time = 1
tr_loss: 0.564624, tr_score: 0.726250
va_loss: 0.674881, va_score: 0.620000
te_loss: 0.608101, te_score: 0.710000

time = 1
tr_loss: 0.566322, tr_score: 0.716250
va_loss: 0.582886, va_score: 0.690000
te_loss: 0.552256, te_score: 0.740000

time = 1
tr_loss: 0.606165, tr_score: 0.698750
va_loss: 0.616450, va_score: 0.700000
te_loss: 0.536523, te_score: 0.760000

time = 1
tr_loss: 0.552096, tr_score: 0.708750
va_loss: 0.567828, va_score: 0.720000
te_loss: 0.633335, te_score: 0.640000

time = 1
tr_loss: 0.487930, tr_score: 0.778750
va_loss: 0.541165, va_score: 0.710000
te_loss: 0.489868, te_score: 0.770000

time = 1
tr_loss: 0.578450, tr_score: 0.721250
va_loss: 0.520346, va_score: 0.700000
te_loss: 0.562930, te_score: 0.730000

time = 1
tr_loss: 0.568657, tr_score: 0.707500
va_loss: 0.564739, va_score: 0.710000
te_loss: 0.548037, te_score: 0.700000

time = 1
tr_loss: 0.596798, tr_score: 0.696250
va_loss: 0.569781, va_score: 0.730000
te_loss: 0.563267, te_score: 0.720000

time = 1
tr_loss: 0.578818, tr_score: 0.713750
va_loss: 0.621652, va_score: 0.670000
te_loss: 0.518161, te_score: 0.750000

time = 1
tr_loss: 0.562558, tr_score: 0.731250
va_loss: 0.539498, va_score: 0.760000
te_loss: 0.642692, te_score: 0.640000

time = 1
tr_loss: 0.585879, tr_score: 0.713750
va_loss: 0.615663, va_score: 0.670000
te_loss: 0.555683, te_score: 0.750000

time = 1
tr_loss: 0.524749, tr_score: 0.736250
va_loss: 0.501865, va_score: 0.750000
te_loss: 0.555048, te_score: 0.740000

time = 1
tr_loss: 0.597594, tr_score: 0.695000
va_loss: 0.503537, va_score: 0.810000
te_loss: 0.619802, te_score: 0.630000

time = 1
tr_loss: 0.621059, tr_score: 0.701250
va_loss: 0.554392, va_score: 0.700000
te_loss: 0.593687, te_score: 0.730000

time = 1
tr_loss: 0.586004, tr_score: 0.711250
va_loss: 0.657915, va_score: 0.670000
te_loss: 0.637567, te_score: 0.670000

time = 1
tr_loss: 0.564678, tr_score: 0.725000
va_loss: 0.633311, va_score: 0.670000
te_loss: 0.577473, te_score: 0.720000

time = 1
tr_loss: 0.583205, tr_score: 0.710000
va_loss: 0.548480, va_score: 0.750000
te_loss: 0.608391, te_score: 0.650000

time = 1
tr_loss: 0.573021, tr_score: 0.705000
va_loss: 0.638256, va_score: 0.660000
te_loss: 0.552656, te_score: 0.710000

time = 1
tr_loss: 0.625073, tr_score: 0.686250
va_loss: 0.558864, va_score: 0.740000
te_loss: 0.644169, te_score: 0.650000

time = 1
tr_loss: 0.623190, tr_score: 0.685000
va_loss: 0.573783, va_score: 0.750000
te_loss: 0.544907, te_score: 0.790000

======================================================
1  Seed:  [8640.  888. 4066.  552. 1437. 6591. 8969.  824. 8811.  938.  550. 9822.
 6241. 3057. 1352. 8361. 5326. 3377. 2314. 8889.]
tr_loss: 0.577344, tr_score: 0.713375
va_loss: 0.579265, va_score: 0.709000
te_loss: 0.577228, te_score: 0.710000
time = 2
tr_loss: 0.575652, tr_score: 0.715000
va_loss: 0.597816, va_score: 0.690000
te_loss: 0.629945, te_score: 0.650000

time = 2
tr_loss: 0.548743, tr_score: 0.731250
va_loss: 0.485070, va_score: 0.800000
te_loss: 0.578514, te_score: 0.720000

time = 2
tr_loss: 0.601333, tr_score: 0.707500
va_loss: 0.588613, va_score: 0.720000
te_loss: 0.616071, te_score: 0.700000

time = 2
tr_loss: 0.615124, tr_score: 0.683750
va_loss: 0.643817, va_score: 0.660000
te_loss: 0.582833, te_score: 0.710000

time = 2
tr_loss: 0.619814, tr_score: 0.682500
va_loss: 0.637836, va_score: 0.670000
te_loss: 0.550166, te_score: 0.780000

time = 2
tr_loss: 0.581124, tr_score: 0.720000
va_loss: 0.606244, va_score: 0.720000
te_loss: 0.678540, te_score: 0.630000

time = 2
tr_loss: 0.548839, tr_score: 0.705000
va_loss: 0.650558, va_score: 0.630000
te_loss: 0.613771, te_score: 0.700000

time = 2
tr_loss: 0.593719, tr_score: 0.705000
va_loss: 0.566599, va_score: 0.770000
te_loss: 0.564439, te_score: 0.720000

time = 2
tr_loss: 0.555228, tr_score: 0.738750
va_loss: 0.535308, va_score: 0.740000
te_loss: 0.583098, te_score: 0.700000

time = 2
tr_loss: 0.581506, tr_score: 0.700000
va_loss: 0.594609, va_score: 0.660000
te_loss: 0.535021, te_score: 0.750000

time = 2
tr_loss: 0.579434, tr_score: 0.722500
va_loss: 0.590469, va_score: 0.670000
te_loss: 0.608345, te_score: 0.650000

time = 2
tr_loss: 0.605593, tr_score: 0.688750
va_loss: 0.594821, va_score: 0.730000
te_loss: 0.527119, te_score: 0.760000

time = 2
tr_loss: 0.571533, tr_score: 0.703750
va_loss: 0.583953, va_score: 0.720000
te_loss: 0.595425, te_score: 0.690000

time = 2
tr_loss: 0.560585, tr_score: 0.720000
va_loss: 0.562717, va_score: 0.750000
te_loss: 0.558326, te_score: 0.720000

time = 2
tr_loss: 0.593672, tr_score: 0.701250
va_loss: 0.597391, va_score: 0.670000
te_loss: 0.585080, te_score: 0.720000

time = 2
tr_loss: 0.569277, tr_score: 0.713750
va_loss: 0.533918, va_score: 0.750000
te_loss: 0.575179, te_score: 0.730000

time = 2
tr_loss: 0.561363, tr_score: 0.712500
va_loss: 0.580681, va_score: 0.720000
te_loss: 0.594450, te_score: 0.680000

time = 2
tr_loss: 0.589330, tr_score: 0.697500
va_loss: 0.608804, va_score: 0.670000
te_loss: 0.537904, te_score: 0.750000

time = 2
tr_loss: 0.592793, tr_score: 0.725000
va_loss: 0.596378, va_score: 0.720000
te_loss: 0.610164, te_score: 0.670000

time = 2
tr_loss: 0.545955, tr_score: 0.710000
va_loss: 0.546836, va_score: 0.740000
te_loss: 0.595472, te_score: 0.660000

======================================================
2  Seed:  [5478. 7027. 2150. 7559. 3662. 2043. 8598. 4158. 6442. 4398. 3939. 9768.
 5143. 2231.  162. 6860. 3496. 7749. 2530. 2730.]
tr_loss: 0.579531, tr_score: 0.709187
va_loss: 0.585122, va_score: 0.710000
te_loss: 0.585993, te_score: 0.704500
time = 3
tr_loss: 0.569795, tr_score: 0.721250
va_loss: 0.640308, va_score: 0.680000
te_loss: 0.589913, te_score: 0.700000

time = 3
tr_loss: 0.588666, tr_score: 0.688750
va_loss: 0.617710, va_score: 0.650000
te_loss: 0.595522, te_score: 0.650000

time = 3
tr_loss: 0.560995, tr_score: 0.722500
va_loss: 0.639147, va_score: 0.710000
te_loss: 0.640697, te_score: 0.680000

time = 3
tr_loss: 0.569398, tr_score: 0.710000
va_loss: 0.569441, va_score: 0.740000
te_loss: 0.537698, te_score: 0.740000

time = 3
tr_loss: 0.553355, tr_score: 0.721250
va_loss: 0.567088, va_score: 0.700000
te_loss: 0.561698, te_score: 0.710000

time = 3
tr_loss: 0.589691, tr_score: 0.700000
va_loss: 0.519649, va_score: 0.790000
te_loss: 0.616899, te_score: 0.630000

time = 3
tr_loss: 0.617341, tr_score: 0.712500
va_loss: 0.633415, va_score: 0.670000
te_loss: 0.587718, te_score: 0.710000

time = 3
tr_loss: 0.574002, tr_score: 0.728750
va_loss: 0.624370, va_score: 0.660000
te_loss: 0.635362, te_score: 0.650000

time = 3
tr_loss: 0.525514, tr_score: 0.722500
va_loss: 0.579170, va_score: 0.660000
te_loss: 0.578458, te_score: 0.680000

time = 3
tr_loss: 0.575686, tr_score: 0.715000
va_loss: 0.574838, va_score: 0.730000
te_loss: 0.571237, te_score: 0.730000

time = 3
tr_loss: 0.572157, tr_score: 0.706250
va_loss: 0.634174, va_score: 0.670000
te_loss: 0.558789, te_score: 0.720000

time = 3
tr_loss: 0.603630, tr_score: 0.708750
va_loss: 0.550023, va_score: 0.760000
te_loss: 0.590211, te_score: 0.710000

time = 3
tr_loss: 0.544580, tr_score: 0.730000
va_loss: 0.544332, va_score: 0.780000
te_loss: 0.563228, te_score: 0.740000

time = 3
tr_loss: 0.607445, tr_score: 0.693750
va_loss: 0.634412, va_score: 0.660000
te_loss: 0.549407, te_score: 0.760000

time = 3
tr_loss: 0.618905, tr_score: 0.702500
va_loss: 0.709106, va_score: 0.570000
te_loss: 0.638116, te_score: 0.690000

time = 3
tr_loss: 0.577223, tr_score: 0.708750
va_loss: 0.571412, va_score: 0.690000
te_loss: 0.598246, te_score: 0.680000

time = 3
tr_loss: 0.551183, tr_score: 0.743750
va_loss: 0.540815, va_score: 0.750000
te_loss: 0.598640, te_score: 0.660000

time = 3
tr_loss: 0.559411, tr_score: 0.715000
va_loss: 0.715108, va_score: 0.580000
te_loss: 0.578671, te_score: 0.730000

time = 3
tr_loss: 0.565762, tr_score: 0.708750
va_loss: 0.618808, va_score: 0.670000
te_loss: 0.581238, te_score: 0.660000

time = 3
tr_loss: 0.545752, tr_score: 0.721250
va_loss: 0.566201, va_score: 0.710000
te_loss: 0.547827, te_score: 0.750000

======================================================
3  Seed:  [6469. 3301. 7178. 4323. 9525.  454. 7215. 4562. 5178. 3971. 9338. 3960.
 2970. 9630. 2254.  396. 4264. 8949. 7913. 1289.]
tr_loss: 0.573525, tr_score: 0.714063
va_loss: 0.602476, va_score: 0.691500
te_loss: 0.585979, te_score: 0.699000
time = 4
tr_loss: 0.594124, tr_score: 0.691250
va_loss: 0.510447, va_score: 0.810000
te_loss: 0.568569, te_score: 0.720000

time = 4
tr_loss: 0.601867, tr_score: 0.696250
va_loss: 0.588328, va_score: 0.750000
te_loss: 0.606691, te_score: 0.720000

time = 4
tr_loss: 0.574726, tr_score: 0.721250
va_loss: 0.562715, va_score: 0.720000
te_loss: 0.576249, te_score: 0.660000

time = 4
tr_loss: 0.566635, tr_score: 0.726250
va_loss: 0.563953, va_score: 0.730000
te_loss: 0.593957, te_score: 0.710000

time = 4
tr_loss: 0.558250, tr_score: 0.712500
va_loss: 0.643398, va_score: 0.660000
te_loss: 0.571591, te_score: 0.730000

time = 4
tr_loss: 0.523325, tr_score: 0.762500
va_loss: 0.506382, va_score: 0.770000
te_loss: 0.512804, te_score: 0.740000

time = 4
tr_loss: 0.621150, tr_score: 0.695000
va_loss: 0.596377, va_score: 0.720000
te_loss: 0.612939, te_score: 0.720000

time = 4
tr_loss: 0.581916, tr_score: 0.702500
va_loss: 0.654928, va_score: 0.620000
te_loss: 0.531357, te_score: 0.770000

time = 4
tr_loss: 0.561064, tr_score: 0.710000
va_loss: 0.621259, va_score: 0.630000
te_loss: 0.502679, te_score: 0.780000

time = 4
tr_loss: 0.599013, tr_score: 0.701250
va_loss: 0.606553, va_score: 0.700000
te_loss: 0.599140, te_score: 0.700000

time = 4
tr_loss: 0.580473, tr_score: 0.710000
va_loss: 0.649204, va_score: 0.640000
te_loss: 0.607786, te_score: 0.650000

time = 4
tr_loss: 0.599488, tr_score: 0.718750
va_loss: 0.577485, va_score: 0.730000
te_loss: 0.639503, te_score: 0.670000

time = 4
tr_loss: 0.495116, tr_score: 0.775000
va_loss: 0.466559, va_score: 0.810000
te_loss: 0.552754, te_score: 0.720000

time = 4
tr_loss: 0.682186, tr_score: 0.687500
va_loss: 0.578940, va_score: 0.760000
te_loss: 0.617131, te_score: 0.740000

time = 4
tr_loss: 0.607568, tr_score: 0.708750
va_loss: 0.637731, va_score: 0.710000
te_loss: 0.719488, te_score: 0.610000

time = 4
tr_loss: 0.607923, tr_score: 0.686250
va_loss: 0.580759, va_score: 0.710000
te_loss: 0.632288, te_score: 0.660000

time = 4
tr_loss: 0.585297, tr_score: 0.707500
va_loss: 0.543359, va_score: 0.760000
te_loss: 0.566337, te_score: 0.710000

time = 4
tr_loss: 0.593682, tr_score: 0.706250
va_loss: 0.605826, va_score: 0.680000
te_loss: 0.608726, te_score: 0.670000

time = 4
tr_loss: 0.590384, tr_score: 0.713750
va_loss: 0.663241, va_score: 0.630000
te_loss: 0.565741, te_score: 0.730000

time = 4
tr_loss: 0.557539, tr_score: 0.732500
va_loss: 0.576604, va_score: 0.710000
te_loss: 0.548305, te_score: 0.750000

======================================================
4  Seed:  [8744.  130. 2730. 2289. 3436.   91. 5431.  214. 1996. 7906. 4318. 5189.
 9458. 5884. 7590. 9032. 7937. 3024. 1021. 9551.]
tr_loss: 0.584086, tr_score: 0.713250
va_loss: 0.586702, va_score: 0.712500
te_loss: 0.586702, te_score: 0.708000
time = 5
tr_loss: 0.551089, tr_score: 0.740000
va_loss: 0.589200, va_score: 0.690000
te_loss: 0.591521, te_score: 0.720000

time = 5
tr_loss: 0.594622, tr_score: 0.681250
va_loss: 0.648528, va_score: 0.610000
te_loss: 0.558603, te_score: 0.720000

time = 5
tr_loss: 0.555283, tr_score: 0.720000
va_loss: 0.588741, va_score: 0.690000
te_loss: 0.581307, te_score: 0.660000

time = 5
tr_loss: 0.590191, tr_score: 0.718750
va_loss: 0.613523, va_score: 0.690000
te_loss: 0.557043, te_score: 0.750000

time = 5
tr_loss: 0.575853, tr_score: 0.712500
va_loss: 0.603650, va_score: 0.670000
te_loss: 0.546201, te_score: 0.760000

time = 5
tr_loss: 0.575893, tr_score: 0.703750
va_loss: 0.571361, va_score: 0.740000
te_loss: 0.525563, te_score: 0.750000

time = 5
tr_loss: 0.539937, tr_score: 0.743750
va_loss: 0.462713, va_score: 0.790000
te_loss: 0.569187, te_score: 0.750000

time = 5
tr_loss: 0.573700, tr_score: 0.696250
va_loss: 0.561880, va_score: 0.710000
te_loss: 0.553378, te_score: 0.720000

time = 5
tr_loss: 0.539540, tr_score: 0.738750
va_loss: 0.531032, va_score: 0.750000
te_loss: 0.541053, te_score: 0.750000

time = 5
tr_loss: 0.570499, tr_score: 0.721250
va_loss: 0.573599, va_score: 0.730000
te_loss: 0.597436, te_score: 0.740000

time = 5
tr_loss: 0.581110, tr_score: 0.710000
va_loss: 0.670925, va_score: 0.630000
te_loss: 0.567069, te_score: 0.740000

time = 5
tr_loss: 0.575025, tr_score: 0.715000
va_loss: 0.505857, va_score: 0.780000
te_loss: 0.549522, te_score: 0.800000

time = 5
tr_loss: 0.575078, tr_score: 0.706250
va_loss: 0.529485, va_score: 0.730000
te_loss: 0.568169, te_score: 0.720000

time = 5
tr_loss: 0.604896, tr_score: 0.708750
va_loss: 0.568575, va_score: 0.740000
te_loss: 0.627076, te_score: 0.660000

time = 5
tr_loss: 0.568058, tr_score: 0.706250
va_loss: 0.607554, va_score: 0.670000
te_loss: 0.562357, te_score: 0.690000

time = 5
tr_loss: 0.579169, tr_score: 0.708750
va_loss: 0.524089, va_score: 0.800000
te_loss: 0.643054, te_score: 0.620000

time = 5
tr_loss: 0.593423, tr_score: 0.710000
va_loss: 0.647430, va_score: 0.650000
te_loss: 0.612597, te_score: 0.700000

time = 5
tr_loss: 0.595807, tr_score: 0.702500
va_loss: 0.528302, va_score: 0.810000
te_loss: 0.635767, te_score: 0.670000

time = 5
tr_loss: 0.594487, tr_score: 0.711250
va_loss: 0.535625, va_score: 0.810000
te_loss: 0.708511, te_score: 0.600000

time = 5
tr_loss: 0.569154, tr_score: 0.717500
va_loss: 0.653035, va_score: 0.620000
te_loss: 0.626618, te_score: 0.670000

======================================================
5  Seed:  [1237. 6412. 2121. 6405. 4525. 1302. 1340. 7513. 9914. 1173. 2339. 2687.
 5417. 1769. 4522. 4161. 3470. 2003. 6862. 6659.]
tr_loss: 0.575141, tr_score: 0.713625
va_loss: 0.575755, va_score: 0.715500
te_loss: 0.586102, te_score: 0.709500
time = 6
tr_loss: 0.597720, tr_score: 0.693750
va_loss: 0.556925, va_score: 0.740000
te_loss: 0.606545, te_score: 0.710000

time = 6
tr_loss: 0.588471, tr_score: 0.673750
va_loss: 0.652680, va_score: 0.640000
te_loss: 0.622480, te_score: 0.670000

time = 6
tr_loss: 0.580512, tr_score: 0.713750
va_loss: 0.559850, va_score: 0.700000
te_loss: 0.671457, te_score: 0.660000

time = 6
tr_loss: 0.600501, tr_score: 0.712500
va_loss: 0.601714, va_score: 0.710000
te_loss: 0.644280, te_score: 0.650000

time = 6
tr_loss: 0.607144, tr_score: 0.707500
va_loss: 0.615583, va_score: 0.660000
te_loss: 0.520238, te_score: 0.800000

time = 6
tr_loss: 0.543526, tr_score: 0.733750
va_loss: 0.601641, va_score: 0.660000
te_loss: 0.627568, te_score: 0.590000

time = 6
tr_loss: 0.545658, tr_score: 0.738750
va_loss: 0.623354, va_score: 0.660000
te_loss: 0.532260, te_score: 0.760000

time = 6
tr_loss: 0.599358, tr_score: 0.701250
va_loss: 0.654683, va_score: 0.650000
te_loss: 0.589339, te_score: 0.750000

time = 6
tr_loss: 0.616224, tr_score: 0.692500
va_loss: 0.524631, va_score: 0.780000
te_loss: 0.592698, te_score: 0.690000

time = 6
tr_loss: 0.614044, tr_score: 0.701250
va_loss: 0.601477, va_score: 0.720000
te_loss: 0.640897, te_score: 0.670000

time = 6
tr_loss: 0.578886, tr_score: 0.716250
va_loss: 0.635437, va_score: 0.680000
te_loss: 0.653442, te_score: 0.610000

time = 6
tr_loss: 0.571675, tr_score: 0.706250
va_loss: 0.593608, va_score: 0.690000
te_loss: 0.598342, te_score: 0.700000

time = 6
tr_loss: 0.549576, tr_score: 0.707500
va_loss: 0.536063, va_score: 0.760000
te_loss: 0.584050, te_score: 0.680000

time = 6
tr_loss: 0.536724, tr_score: 0.725000
va_loss: 0.517513, va_score: 0.760000
te_loss: 0.495487, te_score: 0.770000

time = 6
tr_loss: 0.554652, tr_score: 0.717500
va_loss: 0.582134, va_score: 0.680000
te_loss: 0.594931, te_score: 0.690000

time = 6
tr_loss: 0.577376, tr_score: 0.715000
va_loss: 0.620192, va_score: 0.670000
te_loss: 0.589330, te_score: 0.710000

time = 6
tr_loss: 0.572815, tr_score: 0.711250
va_loss: 0.602247, va_score: 0.720000
te_loss: 0.636879, te_score: 0.700000

time = 6
tr_loss: 0.594789, tr_score: 0.700000
va_loss: 0.550499, va_score: 0.740000
te_loss: 0.570266, te_score: 0.710000

time = 6
tr_loss: 0.531655, tr_score: 0.727500
va_loss: 0.567256, va_score: 0.670000
te_loss: 0.552088, te_score: 0.720000

time = 6
tr_loss: 0.548505, tr_score: 0.743750
va_loss: 0.567699, va_score: 0.740000
te_loss: 0.573962, te_score: 0.740000

======================================================
6  Seed:  [7694. 6294. 7622. 3529.   96. 7204. 5217. 3436.  887. 8110. 7803. 3805.
 1114. 2222. 9584. 2008. 1959. 4210.  576. 6097.]
tr_loss: 0.575491, tr_score: 0.711937
va_loss: 0.588259, va_score: 0.701500
te_loss: 0.594827, te_score: 0.699000
time = 7
tr_loss: 0.596433, tr_score: 0.705000
va_loss: 0.608322, va_score: 0.710000
te_loss: 0.538026, te_score: 0.740000

time = 7
tr_loss: 0.588165, tr_score: 0.700000
va_loss: 0.558078, va_score: 0.760000
te_loss: 0.575190, te_score: 0.730000

time = 7
tr_loss: 0.563333, tr_score: 0.705000
va_loss: 0.481924, va_score: 0.760000
te_loss: 0.557247, te_score: 0.750000

time = 7
tr_loss: 0.607235, tr_score: 0.706250
va_loss: 0.577442, va_score: 0.690000
te_loss: 0.595974, te_score: 0.730000

time = 7
tr_loss: 0.614859, tr_score: 0.693750
va_loss: 0.587276, va_score: 0.730000
te_loss: 0.592740, te_score: 0.730000

time = 7
tr_loss: 0.570376, tr_score: 0.727500
va_loss: 0.648818, va_score: 0.620000
te_loss: 0.587696, te_score: 0.690000

time = 7
tr_loss: 0.594661, tr_score: 0.708750
va_loss: 0.622027, va_score: 0.670000
te_loss: 0.538069, te_score: 0.760000

time = 7
tr_loss: 0.583851, tr_score: 0.718750
va_loss: 0.617488, va_score: 0.710000
te_loss: 0.586393, te_score: 0.700000

time = 7
tr_loss: 0.609394, tr_score: 0.702500
va_loss: 0.667361, va_score: 0.700000
te_loss: 0.633859, te_score: 0.670000

time = 7
tr_loss: 0.597990, tr_score: 0.706250
va_loss: 0.579176, va_score: 0.730000
te_loss: 0.625770, te_score: 0.720000

time = 7
tr_loss: 0.587513, tr_score: 0.705000
va_loss: 0.604187, va_score: 0.710000
te_loss: 0.599741, te_score: 0.690000

time = 7
tr_loss: 0.661800, tr_score: 0.700000
va_loss: 0.711807, va_score: 0.620000
te_loss: 0.587634, te_score: 0.800000

time = 7
tr_loss: 0.566173, tr_score: 0.736250
va_loss: 0.741054, va_score: 0.570000
te_loss: 0.655833, te_score: 0.660000

time = 7
tr_loss: 0.571818, tr_score: 0.710000
va_loss: 0.569904, va_score: 0.760000
te_loss: 0.613365, te_score: 0.680000

time = 7
tr_loss: 0.575808, tr_score: 0.718750
va_loss: 0.595199, va_score: 0.710000
te_loss: 0.626200, te_score: 0.650000

time = 7
tr_loss: 0.491208, tr_score: 0.757500
va_loss: 0.554366, va_score: 0.680000
te_loss: 0.463653, te_score: 0.810000

time = 7
tr_loss: 0.594475, tr_score: 0.692500
va_loss: 0.550622, va_score: 0.720000
te_loss: 0.654630, te_score: 0.630000

time = 7
tr_loss: 0.518882, tr_score: 0.748750
va_loss: 0.544229, va_score: 0.740000
te_loss: 0.612762, te_score: 0.660000

time = 7
tr_loss: 0.612830, tr_score: 0.692500
va_loss: 0.630924, va_score: 0.690000
te_loss: 0.576832, te_score: 0.740000

time = 7
tr_loss: 0.577604, tr_score: 0.708750
va_loss: 0.582369, va_score: 0.710000
te_loss: 0.585370, te_score: 0.740000

======================================================
7  Seed:  [ 667. 3641. 1333. 4721. 6871. 9519. 4778.  927. 8338.   13. 3683. 6570.
 1422. 3821. 5722.  599. 3527. 1784. 1921. 2070.]
tr_loss: 0.584220, tr_score: 0.712187
va_loss: 0.601629, va_score: 0.699500
te_loss: 0.590349, te_score: 0.714000
time = 8
tr_loss: 0.571554, tr_score: 0.702500
va_loss: 0.650689, va_score: 0.640000
te_loss: 0.498747, te_score: 0.770000

time = 8
tr_loss: 0.574960, tr_score: 0.707500
va_loss: 0.654313, va_score: 0.660000
te_loss: 0.529571, te_score: 0.780000

time = 8
tr_loss: 0.597463, tr_score: 0.697500
va_loss: 0.600365, va_score: 0.690000
te_loss: 0.570658, te_score: 0.730000

time = 8
tr_loss: 0.595579, tr_score: 0.698750
va_loss: 0.606356, va_score: 0.710000
te_loss: 0.579159, te_score: 0.730000

time = 8
tr_loss: 0.588625, tr_score: 0.701250
va_loss: 0.558257, va_score: 0.710000
te_loss: 0.560148, te_score: 0.710000

time = 8
tr_loss: 0.617739, tr_score: 0.700000
va_loss: 0.640527, va_score: 0.660000
te_loss: 0.636559, te_score: 0.690000

time = 8
tr_loss: 0.559198, tr_score: 0.718750
va_loss: 0.543550, va_score: 0.720000
te_loss: 0.599330, te_score: 0.660000

time = 8
tr_loss: 0.595480, tr_score: 0.676250
va_loss: 0.506385, va_score: 0.770000
te_loss: 0.630200, te_score: 0.650000

time = 8
tr_loss: 0.575798, tr_score: 0.722500
va_loss: 0.599301, va_score: 0.690000
te_loss: 0.517740, te_score: 0.800000

time = 8
tr_loss: 0.598920, tr_score: 0.678750
va_loss: 0.692255, va_score: 0.670000
te_loss: 0.622011, te_score: 0.690000

time = 8
tr_loss: 0.573686, tr_score: 0.696250
va_loss: 0.514026, va_score: 0.770000
te_loss: 0.521330, te_score: 0.790000

time = 8
tr_loss: 0.592191, tr_score: 0.702500
va_loss: 0.565405, va_score: 0.740000
te_loss: 0.627755, te_score: 0.670000

time = 8
tr_loss: 0.595301, tr_score: 0.705000
va_loss: 0.636654, va_score: 0.680000
te_loss: 0.642798, te_score: 0.680000

time = 8
tr_loss: 0.608245, tr_score: 0.698750
va_loss: 0.539595, va_score: 0.780000
te_loss: 0.596914, te_score: 0.690000

time = 8
tr_loss: 0.614530, tr_score: 0.691250
va_loss: 0.596577, va_score: 0.720000
te_loss: 0.550434, te_score: 0.750000

time = 8
tr_loss: 0.540716, tr_score: 0.740000
va_loss: 0.512329, va_score: 0.740000
te_loss: 0.697873, te_score: 0.580000

time = 8
tr_loss: 0.545648, tr_score: 0.731250
va_loss: 0.561540, va_score: 0.690000
te_loss: 0.604635, te_score: 0.680000

time = 8
tr_loss: 0.577690, tr_score: 0.698750
va_loss: 0.550477, va_score: 0.730000
te_loss: 0.569421, te_score: 0.700000

time = 8
tr_loss: 0.572905, tr_score: 0.702500
va_loss: 0.558855, va_score: 0.680000
te_loss: 0.577785, te_score: 0.740000

time = 8
tr_loss: 0.587615, tr_score: 0.715000
va_loss: 0.614217, va_score: 0.710000
te_loss: 0.721200, te_score: 0.600000

======================================================
8  Seed:  [4860. 8426. 6918. 8393. 2977. 1581. 7001.  814. 5947. 4477. 3311. 7270.
 5082. 4712. 7103. 6080. 5821. 8708. 4579. 2324.]
tr_loss: 0.584192, tr_score: 0.704250
va_loss: 0.585084, va_score: 0.708000
te_loss: 0.592713, te_score: 0.704500
time = 9
tr_loss: 0.561703, tr_score: 0.720000
va_loss: 0.511317, va_score: 0.740000
te_loss: 0.586950, te_score: 0.710000

time = 9
tr_loss: 0.598110, tr_score: 0.702500
va_loss: 0.683224, va_score: 0.610000
te_loss: 0.560712, te_score: 0.720000

time = 9
tr_loss: 0.576849, tr_score: 0.703750
va_loss: 0.587560, va_score: 0.700000
te_loss: 0.654330, te_score: 0.670000

time = 9
tr_loss: 0.574029, tr_score: 0.716250
va_loss: 0.570908, va_score: 0.730000
te_loss: 0.602664, te_score: 0.690000

time = 9
tr_loss: 0.560648, tr_score: 0.712500
va_loss: 0.503128, va_score: 0.770000
te_loss: 0.650708, te_score: 0.600000

time = 9
tr_loss: 0.503278, tr_score: 0.748750
va_loss: 0.469572, va_score: 0.780000
te_loss: 0.562734, te_score: 0.710000

time = 9
tr_loss: 0.569540, tr_score: 0.717500
va_loss: 0.551150, va_score: 0.740000
te_loss: 0.544295, te_score: 0.720000

time = 9
tr_loss: 0.535537, tr_score: 0.736250
va_loss: 0.538174, va_score: 0.740000
te_loss: 0.599359, te_score: 0.680000

time = 9
tr_loss: 0.575930, tr_score: 0.717500
va_loss: 0.553957, va_score: 0.740000
te_loss: 0.562465, te_score: 0.720000

time = 9
tr_loss: 0.599247, tr_score: 0.706250
va_loss: 0.654596, va_score: 0.620000
te_loss: 0.610102, te_score: 0.690000

time = 9
tr_loss: 0.594496, tr_score: 0.717500
va_loss: 0.586841, va_score: 0.760000
te_loss: 0.598318, te_score: 0.690000

time = 9
tr_loss: 0.584850, tr_score: 0.703750
va_loss: 0.548964, va_score: 0.720000
te_loss: 0.586739, te_score: 0.730000

time = 9
tr_loss: 0.605565, tr_score: 0.688750
va_loss: 0.610739, va_score: 0.680000
te_loss: 0.526509, te_score: 0.760000

time = 9
tr_loss: 0.565993, tr_score: 0.711250
va_loss: 0.540822, va_score: 0.710000
te_loss: 0.554434, te_score: 0.750000

time = 9
tr_loss: 0.575054, tr_score: 0.722500
va_loss: 0.689945, va_score: 0.610000
te_loss: 0.617996, te_score: 0.680000

time = 9
tr_loss: 0.579998, tr_score: 0.708750
va_loss: 0.551252, va_score: 0.740000
te_loss: 0.549694, te_score: 0.740000

time = 9
tr_loss: 0.588163, tr_score: 0.706250
va_loss: 0.557582, va_score: 0.710000
te_loss: 0.594439, te_score: 0.670000

time = 9
tr_loss: 0.550138, tr_score: 0.723750
va_loss: 0.550756, va_score: 0.680000
te_loss: 0.577749, te_score: 0.670000

time = 9
tr_loss: 0.587446, tr_score: 0.705000
va_loss: 0.584763, va_score: 0.680000
te_loss: 0.604534, te_score: 0.690000

time = 9
tr_loss: 0.586079, tr_score: 0.692500
va_loss: 0.539850, va_score: 0.740000
te_loss: 0.575408, te_score: 0.730000

======================================================
9  Seed:  [9948.  542.  232.  666. 5686. 1955. 6679. 1732. 8003. 9621. 2645. 4622.
 2831. 7236. 6932. 8781. 1798. 9886. 2715. 5559.]
tr_loss: 0.573633, tr_score: 0.713063
va_loss: 0.569255, va_score: 0.710000
te_loss: 0.586007, te_score: 0.701000
time = 10
tr_loss: 0.601593, tr_score: 0.706250
va_loss: 0.611639, va_score: 0.710000
te_loss: 0.564540, te_score: 0.740000

time = 10
tr_loss: 0.608606, tr_score: 0.701250
va_loss: 0.616480, va_score: 0.710000
te_loss: 0.586969, te_score: 0.700000

time = 10
tr_loss: 0.577264, tr_score: 0.706250
va_loss: 0.539356, va_score: 0.760000
te_loss: 0.662879, te_score: 0.660000

time = 10
tr_loss: 0.604631, tr_score: 0.706250
va_loss: 0.563669, va_score: 0.750000
te_loss: 0.562574, te_score: 0.750000

time = 10
tr_loss: 0.613569, tr_score: 0.697500
va_loss: 0.611138, va_score: 0.680000
te_loss: 0.544437, te_score: 0.740000

time = 10
tr_loss: 0.585527, tr_score: 0.720000
va_loss: 0.553160, va_score: 0.740000
te_loss: 0.533725, te_score: 0.780000

time = 10
tr_loss: 0.576481, tr_score: 0.707500
va_loss: 0.517362, va_score: 0.770000
te_loss: 0.533713, te_score: 0.750000

time = 10
tr_loss: 0.618625, tr_score: 0.670000
va_loss: 0.510050, va_score: 0.830000
te_loss: 0.568061, te_score: 0.740000

time = 10
tr_loss: 0.568797, tr_score: 0.711250
va_loss: 0.593339, va_score: 0.680000
te_loss: 0.606673, te_score: 0.650000

time = 10
tr_loss: 0.583051, tr_score: 0.698750
va_loss: 0.565798, va_score: 0.720000
te_loss: 0.561966, te_score: 0.710000

time = 10
tr_loss: 0.613668, tr_score: 0.702500
va_loss: 0.651028, va_score: 0.650000
te_loss: 0.580952, te_score: 0.720000

time = 10
tr_loss: 0.553916, tr_score: 0.720000
va_loss: 0.618487, va_score: 0.630000
te_loss: 0.578447, te_score: 0.710000

time = 10
tr_loss: 0.527742, tr_score: 0.737500
va_loss: 0.531411, va_score: 0.750000
te_loss: 0.551359, te_score: 0.750000

time = 10
tr_loss: 0.579943, tr_score: 0.701250
va_loss: 0.527874, va_score: 0.770000
te_loss: 0.505748, te_score: 0.820000

time = 10
tr_loss: 0.542944, tr_score: 0.736250
va_loss: 0.602438, va_score: 0.650000
te_loss: 0.616182, te_score: 0.660000

time = 10
tr_loss: 0.603317, tr_score: 0.698750
va_loss: 0.545518, va_score: 0.780000
te_loss: 0.587904, te_score: 0.730000

time = 10
tr_loss: 0.575397, tr_score: 0.715000
va_loss: 0.512045, va_score: 0.760000
te_loss: 0.641972, te_score: 0.660000

time = 10
tr_loss: 0.607273, tr_score: 0.701250
va_loss: 0.650920, va_score: 0.690000
te_loss: 0.566835, te_score: 0.730000

time = 10
tr_loss: 0.529417, tr_score: 0.722500
va_loss: 0.520183, va_score: 0.740000
te_loss: 0.534795, te_score: 0.710000

time = 10
tr_loss: 0.569150, tr_score: 0.712500
va_loss: 0.674898, va_score: 0.580000
te_loss: 0.552126, te_score: 0.740000

======================================================
10  Seed:  [9217. 8758. 9318. 9902. 9257. 5433. 4194. 5342. 6064. 1182. 7632. 9724.
 4507. 4141. 7028. 4431.  710. 9505. 6403. 3797.]
tr_loss: 0.582046, tr_score: 0.708625
va_loss: 0.575840, va_score: 0.717500
te_loss: 0.572093, te_score: 0.722500
time = 11
tr_loss: 0.610580, tr_score: 0.692500
va_loss: 0.510241, va_score: 0.820000
te_loss: 0.662150, te_score: 0.650000

time = 11
tr_loss: 0.578442, tr_score: 0.716250
va_loss: 0.627680, va_score: 0.710000
te_loss: 0.612841, te_score: 0.700000

time = 11
tr_loss: 0.579808, tr_score: 0.692500
va_loss: 0.606832, va_score: 0.700000
te_loss: 0.560180, te_score: 0.740000

time = 11
tr_loss: 0.580131, tr_score: 0.710000
va_loss: 0.614192, va_score: 0.690000
te_loss: 0.535537, te_score: 0.750000

time = 11
tr_loss: 0.589771, tr_score: 0.710000
va_loss: 0.631455, va_score: 0.670000
te_loss: 0.611913, te_score: 0.690000

time = 11
tr_loss: 0.573414, tr_score: 0.702500
va_loss: 0.565879, va_score: 0.700000
te_loss: 0.560244, te_score: 0.710000

time = 11
tr_loss: 0.589191, tr_score: 0.722500
va_loss: 0.626977, va_score: 0.670000
te_loss: 0.625924, te_score: 0.680000

time = 11
tr_loss: 0.626589, tr_score: 0.630000
va_loss: 0.476732, va_score: 0.750000
te_loss: 0.665291, te_score: 0.660000

time = 11
tr_loss: 0.586782, tr_score: 0.716250
va_loss: 0.637788, va_score: 0.690000
te_loss: 0.614426, te_score: 0.690000

time = 11
tr_loss: 0.583058, tr_score: 0.723750
va_loss: 0.690969, va_score: 0.620000
te_loss: 0.619796, te_score: 0.680000

time = 11
tr_loss: 0.528155, tr_score: 0.752500
va_loss: 0.565599, va_score: 0.730000
te_loss: 0.503608, te_score: 0.750000

time = 11
tr_loss: 0.540139, tr_score: 0.740000
va_loss: 0.626633, va_score: 0.650000
te_loss: 0.693375, te_score: 0.570000

time = 11
tr_loss: 0.571663, tr_score: 0.722500
va_loss: 0.571440, va_score: 0.720000
te_loss: 0.615399, te_score: 0.680000

time = 11
tr_loss: 0.541323, tr_score: 0.718750
va_loss: 0.514797, va_score: 0.760000
te_loss: 0.593555, te_score: 0.670000

time = 11
tr_loss: 0.607117, tr_score: 0.706250
va_loss: 0.526987, va_score: 0.770000
te_loss: 0.634526, te_score: 0.660000

time = 11
tr_loss: 0.516518, tr_score: 0.728750
va_loss: 0.578533, va_score: 0.670000
te_loss: 0.526351, te_score: 0.780000

time = 11
tr_loss: 0.578645, tr_score: 0.706250
va_loss: 0.576655, va_score: 0.720000
te_loss: 0.686928, te_score: 0.690000

time = 11
tr_loss: 0.569910, tr_score: 0.715000
va_loss: 0.529320, va_score: 0.750000
te_loss: 0.588239, te_score: 0.680000

time = 11
tr_loss: 0.544635, tr_score: 0.728750
va_loss: 0.515584, va_score: 0.760000
te_loss: 0.621977, te_score: 0.650000

time = 11
tr_loss: 0.589115, tr_score: 0.695000
va_loss: 0.549099, va_score: 0.770000
te_loss: 0.636883, te_score: 0.670000

======================================================
11  Seed:  [ 276. 7096. 7576. 7225. 8005. 7496. 1258. 6191. 8489. 5152. 4572. 4247.
 5941. 8136.  978. 3169. 6643. 4121. 8439. 9382.]
tr_loss: 0.574249, tr_score: 0.711500
va_loss: 0.577170, va_score: 0.716000
te_loss: 0.608457, te_score: 0.687500
time = 12
tr_loss: 0.578552, tr_score: 0.727500
va_loss: 0.595283, va_score: 0.700000
te_loss: 0.553218, te_score: 0.750000

time = 12
tr_loss: 0.589174, tr_score: 0.710000
va_loss: 0.628052, va_score: 0.660000
te_loss: 0.527865, te_score: 0.760000

time = 12
tr_loss: 0.550233, tr_score: 0.728750
va_loss: 0.578407, va_score: 0.680000
te_loss: 0.596377, te_score: 0.660000

time = 12
tr_loss: 0.577524, tr_score: 0.716250
va_loss: 0.618803, va_score: 0.670000
te_loss: 0.653718, te_score: 0.610000

time = 12
tr_loss: 0.585289, tr_score: 0.713750
va_loss: 0.614711, va_score: 0.720000
te_loss: 0.638230, te_score: 0.650000

time = 12
tr_loss: 0.514311, tr_score: 0.757500
va_loss: 0.537334, va_score: 0.730000
te_loss: 0.545463, te_score: 0.740000

time = 12
tr_loss: 0.559482, tr_score: 0.732500
va_loss: 0.677506, va_score: 0.590000
te_loss: 0.629726, te_score: 0.660000

time = 12
tr_loss: 0.587937, tr_score: 0.708750
va_loss: 0.641940, va_score: 0.660000
te_loss: 0.598199, te_score: 0.680000

time = 12
tr_loss: 0.590370, tr_score: 0.725000
va_loss: 0.593976, va_score: 0.700000
te_loss: 0.603165, te_score: 0.720000

time = 12
tr_loss: 0.597692, tr_score: 0.702500
va_loss: 0.639585, va_score: 0.650000
te_loss: 0.615320, te_score: 0.670000

time = 12
tr_loss: 0.506242, tr_score: 0.752500
va_loss: 0.527035, va_score: 0.760000
te_loss: 0.536500, te_score: 0.700000

time = 12
tr_loss: 0.568112, tr_score: 0.702500
va_loss: 0.530483, va_score: 0.750000
te_loss: 0.579627, te_score: 0.660000

time = 12
tr_loss: 0.602562, tr_score: 0.711250
va_loss: 0.587535, va_score: 0.730000
te_loss: 0.627856, te_score: 0.690000

time = 12
tr_loss: 0.590845, tr_score: 0.697500
va_loss: 0.571127, va_score: 0.710000
te_loss: 0.590178, te_score: 0.700000

time = 12
tr_loss: 0.596670, tr_score: 0.695000
va_loss: 0.566726, va_score: 0.750000
te_loss: 0.635750, te_score: 0.650000

time = 12
tr_loss: 0.561141, tr_score: 0.701250
va_loss: 0.596171, va_score: 0.720000
te_loss: 0.595549, te_score: 0.700000

time = 12
tr_loss: 0.598736, tr_score: 0.687500
va_loss: 0.700724, va_score: 0.610000
te_loss: 0.538772, te_score: 0.720000

time = 12
tr_loss: 0.585665, tr_score: 0.701250
va_loss: 0.559241, va_score: 0.720000
te_loss: 0.549226, te_score: 0.740000

time = 12
tr_loss: 0.589672, tr_score: 0.712500
va_loss: 0.617800, va_score: 0.690000
te_loss: 0.609776, te_score: 0.670000

time = 12
tr_loss: 0.522535, tr_score: 0.727500
va_loss: 0.592634, va_score: 0.650000
te_loss: 0.539881, te_score: 0.670000

======================================================
12  Seed:  [5995. 5359. 4959. 8841. 2084. 6283. 5803. 5547. 5856. 6466. 1029. 9406.
 1119. 6504. 6270.   89. 4601. 8528. 5236. 3309.]
tr_loss: 0.572637, tr_score: 0.715563
va_loss: 0.598754, va_score: 0.692500
te_loss: 0.588220, te_score: 0.690000
time = 13
tr_loss: 0.585852, tr_score: 0.710000
va_loss: 0.594045, va_score: 0.710000
te_loss: 0.561075, te_score: 0.740000

time = 13
tr_loss: 0.586668, tr_score: 0.698750
va_loss: 0.527873, va_score: 0.760000
te_loss: 0.563635, te_score: 0.730000

time = 13
tr_loss: 0.588358, tr_score: 0.726250
va_loss: 0.568254, va_score: 0.740000
te_loss: 0.712872, te_score: 0.590000

time = 13
tr_loss: 0.570532, tr_score: 0.731250
va_loss: 0.638433, va_score: 0.680000
te_loss: 0.550400, te_score: 0.740000

time = 13
tr_loss: 0.569380, tr_score: 0.718750
va_loss: 0.584113, va_score: 0.710000
te_loss: 0.574473, te_score: 0.720000

time = 13
tr_loss: 0.594030, tr_score: 0.693750
va_loss: 0.662694, va_score: 0.660000
te_loss: 0.657111, te_score: 0.660000

time = 13
tr_loss: 0.521016, tr_score: 0.763750
va_loss: 0.558224, va_score: 0.730000
te_loss: 0.525343, te_score: 0.720000

time = 13
tr_loss: 0.579264, tr_score: 0.712500
va_loss: 0.567158, va_score: 0.710000
te_loss: 0.591432, te_score: 0.700000

time = 13
tr_loss: 0.534118, tr_score: 0.745000
va_loss: 0.476814, va_score: 0.790000
te_loss: 0.487890, te_score: 0.760000

time = 13
tr_loss: 0.578094, tr_score: 0.703750
va_loss: 0.636430, va_score: 0.610000
te_loss: 0.521344, te_score: 0.770000

time = 13
tr_loss: 0.596497, tr_score: 0.718750
va_loss: 0.629665, va_score: 0.700000
te_loss: 0.764843, te_score: 0.580000

time = 13
tr_loss: 0.605024, tr_score: 0.712500
va_loss: 0.602450, va_score: 0.710000
te_loss: 0.629701, te_score: 0.680000

time = 13
tr_loss: 0.569016, tr_score: 0.710000
va_loss: 0.608347, va_score: 0.700000
te_loss: 0.544148, te_score: 0.690000

time = 13
tr_loss: 0.542438, tr_score: 0.725000
va_loss: 0.520413, va_score: 0.780000
te_loss: 0.590429, te_score: 0.680000

time = 13
tr_loss: 0.599852, tr_score: 0.686250
va_loss: 0.551809, va_score: 0.740000
te_loss: 0.550082, te_score: 0.780000

time = 13
tr_loss: 0.556914, tr_score: 0.716250
va_loss: 0.594519, va_score: 0.710000
te_loss: 0.618400, te_score: 0.660000

time = 13
tr_loss: 0.584895, tr_score: 0.718750
va_loss: 0.593195, va_score: 0.700000
te_loss: 0.676968, te_score: 0.630000

time = 13
tr_loss: 0.593447, tr_score: 0.710000
va_loss: 0.547533, va_score: 0.760000
te_loss: 0.593341, te_score: 0.680000

time = 13
tr_loss: 0.577179, tr_score: 0.713750
va_loss: 0.523454, va_score: 0.780000
te_loss: 0.628873, te_score: 0.660000

time = 13
tr_loss: 0.635763, tr_score: 0.681250
va_loss: 0.601117, va_score: 0.730000
te_loss: 0.532789, te_score: 0.780000

======================================================
13  Seed:  [3706. 3756. 2533. 6590. 1761. 5957. 4965. 8699. 1302.  214. 1426. 3422.
 9979.   35. 8073. 6183. 7853. 8174. 4923.  725.]
tr_loss: 0.578417, tr_score: 0.714813
va_loss: 0.579327, va_score: 0.720500
te_loss: 0.593757, te_score: 0.697500
time = 14
tr_loss: 0.571360, tr_score: 0.717500
va_loss: 0.645465, va_score: 0.640000
te_loss: 0.627159, te_score: 0.670000

time = 14
tr_loss: 0.611471, tr_score: 0.703750
va_loss: 0.635636, va_score: 0.680000
te_loss: 0.622775, te_score: 0.690000

time = 14
tr_loss: 0.576700, tr_score: 0.717500
va_loss: 0.538289, va_score: 0.740000
te_loss: 0.584200, te_score: 0.720000

time = 14
tr_loss: 0.600949, tr_score: 0.702500
va_loss: 0.623140, va_score: 0.680000
te_loss: 0.557917, te_score: 0.750000

time = 14
tr_loss: 0.544616, tr_score: 0.730000
va_loss: 0.599139, va_score: 0.680000
te_loss: 0.556814, te_score: 0.740000

time = 14
tr_loss: 0.567300, tr_score: 0.721250
va_loss: 0.557450, va_score: 0.730000
te_loss: 0.665087, te_score: 0.660000

time = 14
tr_loss: 0.562987, tr_score: 0.713750
va_loss: 0.478706, va_score: 0.820000
te_loss: 0.600070, te_score: 0.700000

time = 14
tr_loss: 0.570823, tr_score: 0.717500
va_loss: 0.617911, va_score: 0.700000
te_loss: 0.574735, te_score: 0.720000

time = 14
tr_loss: 0.607031, tr_score: 0.700000
va_loss: 0.583778, va_score: 0.730000
te_loss: 0.579190, te_score: 0.750000

time = 14
tr_loss: 0.635459, tr_score: 0.698750
va_loss: 0.572714, va_score: 0.780000
te_loss: 0.683228, te_score: 0.640000

time = 14
tr_loss: 0.608494, tr_score: 0.685000
va_loss: 0.538811, va_score: 0.770000
te_loss: 0.569326, te_score: 0.750000

time = 14
tr_loss: 0.583271, tr_score: 0.710000
va_loss: 0.584069, va_score: 0.710000
te_loss: 0.587264, te_score: 0.730000

time = 14
tr_loss: 0.605605, tr_score: 0.700000
va_loss: 0.559968, va_score: 0.760000
te_loss: 0.659761, te_score: 0.640000

time = 14
tr_loss: 0.583195, tr_score: 0.717500
va_loss: 0.566107, va_score: 0.740000
te_loss: 0.580176, te_score: 0.700000

time = 14
tr_loss: 0.608422, tr_score: 0.700000
va_loss: 0.630643, va_score: 0.670000
te_loss: 0.613832, te_score: 0.730000

time = 14
tr_loss: 0.625485, tr_score: 0.685000
va_loss: 0.583056, va_score: 0.740000
te_loss: 0.585427, te_score: 0.740000

time = 14
tr_loss: 0.545600, tr_score: 0.717500
va_loss: 0.499702, va_score: 0.760000
te_loss: 0.599366, te_score: 0.660000

time = 14
tr_loss: 0.581413, tr_score: 0.718750
va_loss: 0.611774, va_score: 0.700000
te_loss: 0.572929, te_score: 0.720000

time = 14
tr_loss: 0.558779, tr_score: 0.720000
va_loss: 0.585314, va_score: 0.700000
te_loss: 0.577050, te_score: 0.680000

time = 14
tr_loss: 0.558723, tr_score: 0.736250
va_loss: 0.607986, va_score: 0.700000
te_loss: 0.494802, te_score: 0.760000

======================================================
14  Seed:  [6736. 9332. 4026. 8791. 2185. 8095. 4925. 3877. 8332. 6847. 5871. 5004.
 2796. 4961. 1467. 7787. 3868. 5255. 9307. 9073.]
tr_loss: 0.585384, tr_score: 0.710625
va_loss: 0.580983, va_score: 0.721500
te_loss: 0.594555, te_score: 0.707500
time = 15
tr_loss: 0.610461, tr_score: 0.698750
va_loss: 0.607799, va_score: 0.700000
te_loss: 0.632259, te_score: 0.660000

time = 15
tr_loss: 0.581708, tr_score: 0.711250
va_loss: 0.576812, va_score: 0.720000
te_loss: 0.513075, te_score: 0.760000

time = 15
tr_loss: 0.527671, tr_score: 0.738750
va_loss: 0.579234, va_score: 0.720000
te_loss: 0.554112, te_score: 0.770000

time = 15
tr_loss: 0.596274, tr_score: 0.710000
va_loss: 0.535317, va_score: 0.770000
te_loss: 0.643341, te_score: 0.650000

time = 15
tr_loss: 0.607837, tr_score: 0.708750
va_loss: 0.558905, va_score: 0.710000
te_loss: 0.596332, te_score: 0.680000

time = 15
tr_loss: 0.545687, tr_score: 0.733750
va_loss: 0.570481, va_score: 0.700000
te_loss: 0.588121, te_score: 0.690000

time = 15
tr_loss: 0.579300, tr_score: 0.718750
va_loss: 0.552517, va_score: 0.690000
te_loss: 0.582890, te_score: 0.720000

time = 15
tr_loss: 0.579634, tr_score: 0.711250
va_loss: 0.581725, va_score: 0.710000
te_loss: 0.550953, te_score: 0.720000

time = 15
tr_loss: 0.591848, tr_score: 0.720000
va_loss: 0.592906, va_score: 0.690000
te_loss: 0.572159, te_score: 0.710000

time = 15
tr_loss: 0.583429, tr_score: 0.706250
va_loss: 0.640573, va_score: 0.640000
te_loss: 0.596673, te_score: 0.710000

time = 15
tr_loss: 0.570443, tr_score: 0.705000
va_loss: 0.548521, va_score: 0.730000
te_loss: 0.568023, te_score: 0.710000

time = 15
tr_loss: 0.558413, tr_score: 0.728750
va_loss: 0.601076, va_score: 0.680000
te_loss: 0.629078, te_score: 0.700000

time = 15
tr_loss: 0.600267, tr_score: 0.712500
va_loss: 0.556601, va_score: 0.750000
te_loss: 0.635779, te_score: 0.690000

time = 15
tr_loss: 0.571080, tr_score: 0.712500
va_loss: 0.557695, va_score: 0.710000
te_loss: 0.585567, te_score: 0.720000

time = 15
tr_loss: 0.574508, tr_score: 0.723750
va_loss: 0.580168, va_score: 0.700000
te_loss: 0.581729, te_score: 0.730000

time = 15
tr_loss: 0.556641, tr_score: 0.728750
va_loss: 0.616883, va_score: 0.680000
te_loss: 0.541553, te_score: 0.740000

time = 15
tr_loss: 0.561502, tr_score: 0.738750
va_loss: 0.566084, va_score: 0.720000
te_loss: 0.616089, te_score: 0.680000

time = 15
tr_loss: 0.565282, tr_score: 0.723750
va_loss: 0.603309, va_score: 0.690000
te_loss: 0.639695, te_score: 0.640000

time = 15
tr_loss: 0.584229, tr_score: 0.696250
va_loss: 0.549948, va_score: 0.700000
te_loss: 0.590873, te_score: 0.720000

time = 15
tr_loss: 0.629902, tr_score: 0.702500
va_loss: 0.648335, va_score: 0.700000
te_loss: 0.649424, te_score: 0.700000

======================================================
15  Seed:  [ 879. 4612.  287.  491. 3659. 8251. 7507. 1140. 3507. 4318. 9716. 8900.
 3870. 2555. 7340. 8792.  757. 6674. 3143.  691.]
tr_loss: 0.578806, tr_score: 0.716500
va_loss: 0.581244, va_score: 0.705500
te_loss: 0.593386, te_score: 0.705000
time = 16
tr_loss: 0.564450, tr_score: 0.716250
va_loss: 0.531905, va_score: 0.740000
te_loss: 0.594704, te_score: 0.680000

time = 16
tr_loss: 0.572778, tr_score: 0.722500
va_loss: 0.590153, va_score: 0.680000
te_loss: 0.604140, te_score: 0.660000

time = 16
tr_loss: 0.603301, tr_score: 0.708750
va_loss: 0.587343, va_score: 0.770000
te_loss: 0.622876, te_score: 0.700000

time = 16
tr_loss: 0.577694, tr_score: 0.698750
va_loss: 0.601120, va_score: 0.680000
te_loss: 0.542181, te_score: 0.730000

time = 16
tr_loss: 0.549265, tr_score: 0.728750
va_loss: 0.533765, va_score: 0.730000
te_loss: 0.557633, te_score: 0.720000

time = 16
tr_loss: 0.535429, tr_score: 0.740000
va_loss: 0.561322, va_score: 0.700000
te_loss: 0.610851, te_score: 0.680000

time = 16
tr_loss: 0.615566, tr_score: 0.700000
va_loss: 0.639871, va_score: 0.690000
te_loss: 0.606662, te_score: 0.710000

time = 16
tr_loss: 0.575561, tr_score: 0.710000
va_loss: 0.619787, va_score: 0.650000
te_loss: 0.620930, te_score: 0.670000

time = 16
tr_loss: 0.607183, tr_score: 0.682500
va_loss: 0.576572, va_score: 0.720000
te_loss: 0.569307, te_score: 0.760000

time = 16
tr_loss: 0.540131, tr_score: 0.736250
va_loss: 0.645540, va_score: 0.640000
te_loss: 0.605092, te_score: 0.720000

time = 16
tr_loss: 0.579936, tr_score: 0.713750
va_loss: 0.609588, va_score: 0.680000
te_loss: 0.631668, te_score: 0.690000

time = 16
tr_loss: 0.588356, tr_score: 0.715000
va_loss: 0.612381, va_score: 0.690000
te_loss: 0.616486, te_score: 0.690000

time = 16
tr_loss: 0.591904, tr_score: 0.726250
va_loss: 0.654572, va_score: 0.670000
te_loss: 0.597863, te_score: 0.710000

time = 16
tr_loss: 0.560780, tr_score: 0.723750
va_loss: 0.499947, va_score: 0.790000
te_loss: 0.507289, te_score: 0.790000

time = 16
tr_loss: 0.580201, tr_score: 0.691250
va_loss: 0.508878, va_score: 0.750000
te_loss: 0.532334, te_score: 0.760000

time = 16
tr_loss: 0.593021, tr_score: 0.710000
va_loss: 0.633103, va_score: 0.650000
te_loss: 0.624775, te_score: 0.720000

time = 16
tr_loss: 0.596089, tr_score: 0.707500
va_loss: 0.572208, va_score: 0.730000
te_loss: 0.615947, te_score: 0.700000

time = 16
tr_loss: 0.589948, tr_score: 0.745000
va_loss: 0.623204, va_score: 0.690000
te_loss: 0.601636, te_score: 0.700000

time = 16
tr_loss: 0.593100, tr_score: 0.698750
va_loss: 0.515842, va_score: 0.810000
te_loss: 0.610061, te_score: 0.660000

time = 16
tr_loss: 0.589680, tr_score: 0.691250
va_loss: 0.635973, va_score: 0.660000
te_loss: 0.563314, te_score: 0.720000

======================================================
16  Seed:  [9082. 6878.  978. 6918.   35. 3547.  812. 1562. 5243. 8191. 5330. 4602.
 2929. 4830.  303. 9956. 3156. 7475. 4637.  734.]
tr_loss: 0.580219, tr_score: 0.713313
va_loss: 0.587654, va_score: 0.706000
te_loss: 0.591787, te_score: 0.708500
time = 17
tr_loss: 0.600114, tr_score: 0.705000
va_loss: 0.579033, va_score: 0.730000
te_loss: 0.584969, te_score: 0.730000

time = 17
tr_loss: 0.596090, tr_score: 0.710000
va_loss: 0.632392, va_score: 0.680000
te_loss: 0.604841, te_score: 0.720000

time = 17
tr_loss: 0.584084, tr_score: 0.721250
va_loss: 0.656837, va_score: 0.650000
te_loss: 0.609468, te_score: 0.690000

time = 17
tr_loss: 0.589086, tr_score: 0.707500
va_loss: 0.678952, va_score: 0.640000
te_loss: 0.607585, te_score: 0.690000

time = 17
tr_loss: 0.575401, tr_score: 0.676250
va_loss: 0.542218, va_score: 0.730000
te_loss: 0.533768, te_score: 0.710000

time = 17
tr_loss: 0.537117, tr_score: 0.725000
va_loss: 0.517655, va_score: 0.740000
te_loss: 0.585812, te_score: 0.720000

time = 17
tr_loss: 0.594636, tr_score: 0.668750
va_loss: 0.694300, va_score: 0.660000
te_loss: 0.648950, te_score: 0.650000

time = 17
tr_loss: 0.551531, tr_score: 0.730000
va_loss: 0.576493, va_score: 0.700000
te_loss: 0.662789, te_score: 0.630000

time = 17
tr_loss: 0.565191, tr_score: 0.720000
va_loss: 0.559314, va_score: 0.740000
te_loss: 0.526237, te_score: 0.770000

time = 17
tr_loss: 0.573453, tr_score: 0.726250
va_loss: 0.624131, va_score: 0.710000
te_loss: 0.666521, te_score: 0.630000

time = 17
tr_loss: 0.573317, tr_score: 0.717500
va_loss: 0.630373, va_score: 0.680000
te_loss: 0.594440, te_score: 0.690000

time = 17
tr_loss: 0.586989, tr_score: 0.705000
va_loss: 0.598774, va_score: 0.680000
te_loss: 0.591898, te_score: 0.680000

time = 17
tr_loss: 0.565884, tr_score: 0.728750
va_loss: 0.565759, va_score: 0.710000
te_loss: 0.533773, te_score: 0.770000

time = 17
tr_loss: 0.600263, tr_score: 0.706250
va_loss: 0.555225, va_score: 0.740000
te_loss: 0.538127, te_score: 0.770000

time = 17
tr_loss: 0.619738, tr_score: 0.712500
va_loss: 0.660325, va_score: 0.640000
te_loss: 0.715942, te_score: 0.660000

time = 17
tr_loss: 0.575058, tr_score: 0.711250
va_loss: 0.547047, va_score: 0.750000
te_loss: 0.595453, te_score: 0.680000

time = 17
tr_loss: 0.609365, tr_score: 0.710000
va_loss: 0.714804, va_score: 0.610000
te_loss: 0.602921, te_score: 0.710000

time = 17
tr_loss: 0.558422, tr_score: 0.698750
va_loss: 0.591406, va_score: 0.690000
te_loss: 0.540613, te_score: 0.730000

time = 17
tr_loss: 0.562324, tr_score: 0.721250
va_loss: 0.548893, va_score: 0.740000
te_loss: 0.601094, te_score: 0.690000

time = 17
tr_loss: 0.590746, tr_score: 0.703750
va_loss: 0.542448, va_score: 0.750000
te_loss: 0.612131, te_score: 0.690000

======================================================
17  Seed:  [9997. 6891. 7283.  296. 4194.  627. 9187. 9699.  412. 3964. 5059. 1882.
 6859. 7098. 9012. 6459. 3018. 8410. 9321. 1260.]
tr_loss: 0.580440, tr_score: 0.710250
va_loss: 0.600819, va_score: 0.698500
te_loss: 0.597867, te_score: 0.700500
time = 18
tr_loss: 0.575891, tr_score: 0.726250
va_loss: 0.617689, va_score: 0.690000
te_loss: 0.583438, te_score: 0.700000

time = 18
tr_loss: 0.570057, tr_score: 0.715000
va_loss: 0.545180, va_score: 0.730000
te_loss: 0.539527, te_score: 0.730000

time = 18
tr_loss: 0.481198, tr_score: 0.765000
va_loss: 0.456958, va_score: 0.750000
te_loss: 0.570692, te_score: 0.710000

time = 18
tr_loss: 0.592085, tr_score: 0.697500
va_loss: 0.574327, va_score: 0.710000
te_loss: 0.571673, te_score: 0.720000

time = 18
tr_loss: 0.636587, tr_score: 0.652500
va_loss: 0.621499, va_score: 0.670000
te_loss: 0.571084, te_score: 0.730000

time = 18
tr_loss: 0.579862, tr_score: 0.693750
va_loss: 0.564762, va_score: 0.710000
te_loss: 0.556456, te_score: 0.740000

time = 18
tr_loss: 0.614034, tr_score: 0.695000
va_loss: 0.704974, va_score: 0.650000
te_loss: 0.579507, te_score: 0.760000

time = 18
tr_loss: 0.542484, tr_score: 0.737500
va_loss: 0.606056, va_score: 0.710000
te_loss: 0.669578, te_score: 0.610000

time = 18
tr_loss: 0.586984, tr_score: 0.710000
va_loss: 0.549906, va_score: 0.760000
te_loss: 0.625585, te_score: 0.700000

time = 18
tr_loss: 0.568026, tr_score: 0.716250
va_loss: 0.568865, va_score: 0.700000
te_loss: 0.606080, te_score: 0.650000

time = 18
tr_loss: 0.549261, tr_score: 0.741250
va_loss: 0.613979, va_score: 0.690000
te_loss: 0.513314, te_score: 0.750000

time = 18
tr_loss: 0.551307, tr_score: 0.710000
va_loss: 0.578207, va_score: 0.710000
te_loss: 0.557545, te_score: 0.710000

time = 18
tr_loss: 0.556299, tr_score: 0.712500
va_loss: 0.600663, va_score: 0.690000
te_loss: 0.603353, te_score: 0.670000

time = 18
tr_loss: 0.602271, tr_score: 0.707500
va_loss: 0.591563, va_score: 0.730000
te_loss: 0.605998, te_score: 0.730000

time = 18
tr_loss: 0.583133, tr_score: 0.697500
va_loss: 0.554947, va_score: 0.760000
te_loss: 0.541149, te_score: 0.740000

time = 18
tr_loss: 0.579942, tr_score: 0.703750
va_loss: 0.546374, va_score: 0.760000
te_loss: 0.497604, te_score: 0.810000

time = 18
tr_loss: 0.573253, tr_score: 0.712500
va_loss: 0.591885, va_score: 0.690000
te_loss: 0.550231, te_score: 0.700000

time = 18
tr_loss: 0.613134, tr_score: 0.700000
va_loss: 0.575919, va_score: 0.730000
te_loss: 0.672769, te_score: 0.670000

time = 18
tr_loss: 0.596548, tr_score: 0.698750
va_loss: 0.572412, va_score: 0.730000
te_loss: 0.617820, te_score: 0.660000

time = 18
tr_loss: 0.602608, tr_score: 0.711250
va_loss: 0.610868, va_score: 0.710000
te_loss: 0.660811, te_score: 0.670000

======================================================
18  Seed:  [ 873. 4207. 9606. 9170. 6333. 9407. 8590.  438. 6112. 2282. 5826. 4132.
 5788. 3773.  899. 1544. 7119. 3120. 1138. 3253.]
tr_loss: 0.577748, tr_score: 0.710188
va_loss: 0.582352, va_score: 0.714000
te_loss: 0.584711, te_score: 0.708000
time = 19
tr_loss: 0.583256, tr_score: 0.708750
va_loss: 0.671668, va_score: 0.650000
te_loss: 0.616439, te_score: 0.660000

time = 19
tr_loss: 0.541173, tr_score: 0.732500
va_loss: 0.572493, va_score: 0.670000
te_loss: 0.591086, te_score: 0.670000

time = 19
tr_loss: 0.604109, tr_score: 0.688750
va_loss: 0.531230, va_score: 0.770000
te_loss: 0.609986, te_score: 0.740000

time = 19
tr_loss: 0.548234, tr_score: 0.726250
va_loss: 0.568388, va_score: 0.680000
te_loss: 0.571069, te_score: 0.720000

time = 19
tr_loss: 0.602784, tr_score: 0.703750
va_loss: 0.609833, va_score: 0.670000
te_loss: 0.541025, te_score: 0.750000

time = 19
tr_loss: 0.559127, tr_score: 0.712500
va_loss: 0.551026, va_score: 0.750000
te_loss: 0.593460, te_score: 0.670000

time = 19
tr_loss: 0.607488, tr_score: 0.705000
va_loss: 0.564213, va_score: 0.760000
te_loss: 0.648687, te_score: 0.660000

time = 19
tr_loss: 0.595652, tr_score: 0.708750
va_loss: 0.636695, va_score: 0.670000
te_loss: 0.619297, te_score: 0.670000

time = 19
tr_loss: 0.548930, tr_score: 0.715000
va_loss: 0.592642, va_score: 0.650000
te_loss: 0.512090, te_score: 0.750000

time = 19
tr_loss: 0.566238, tr_score: 0.732500
va_loss: 0.625495, va_score: 0.670000
te_loss: 0.627757, te_score: 0.690000

time = 19
tr_loss: 0.599672, tr_score: 0.703750
va_loss: 0.595461, va_score: 0.700000
te_loss: 0.616060, te_score: 0.670000

time = 19
tr_loss: 0.560059, tr_score: 0.715000
va_loss: 0.587499, va_score: 0.710000
te_loss: 0.583063, te_score: 0.710000

time = 19
tr_loss: 0.570879, tr_score: 0.720000
va_loss: 0.624171, va_score: 0.660000
te_loss: 0.642366, te_score: 0.660000

time = 19
tr_loss: 0.577788, tr_score: 0.712500
va_loss: 0.589676, va_score: 0.720000
te_loss: 0.591697, te_score: 0.700000

time = 19
tr_loss: 0.565072, tr_score: 0.698750
va_loss: 0.576067, va_score: 0.690000
te_loss: 0.525799, te_score: 0.750000

time = 19
tr_loss: 0.524937, tr_score: 0.756250
va_loss: 0.434145, va_score: 0.830000
te_loss: 0.520690, te_score: 0.770000

time = 19
tr_loss: 0.583208, tr_score: 0.722500
va_loss: 0.596343, va_score: 0.690000
te_loss: 0.585057, te_score: 0.690000

time = 19
tr_loss: 0.588874, tr_score: 0.705000
va_loss: 0.579920, va_score: 0.730000
te_loss: 0.571936, te_score: 0.730000

time = 19
tr_loss: 0.591900, tr_score: 0.707500
va_loss: 0.566287, va_score: 0.730000
te_loss: 0.555927, te_score: 0.740000

time = 19
tr_loss: 0.579922, tr_score: 0.732500
va_loss: 0.631843, va_score: 0.700000
te_loss: 0.548989, te_score: 0.780000

======================================================
19  Seed:  [3709. 6253. 7969. 4492. 4878.  212. 2129. 7387.  610. 9877. 6936. 8416.
 1824. 6324. 9841. 5493. 7619. 7977.  518. 1963.]
tr_loss: 0.574965, tr_score: 0.715375
va_loss: 0.585255, va_score: 0.705000
te_loss: 0.583624, te_score: 0.709000
time = 20
tr_loss: 0.560219, tr_score: 0.713750
va_loss: 0.552965, va_score: 0.700000
te_loss: 0.576554, te_score: 0.680000

time = 20
tr_loss: 0.563555, tr_score: 0.726250
va_loss: 0.564009, va_score: 0.690000
te_loss: 0.535641, te_score: 0.770000

time = 20
tr_loss: 0.582485, tr_score: 0.701250
va_loss: 0.591858, va_score: 0.700000
te_loss: 0.614649, te_score: 0.690000

time = 20
tr_loss: 0.590538, tr_score: 0.698750
va_loss: 0.628587, va_score: 0.670000
te_loss: 0.538752, te_score: 0.800000

time = 20
tr_loss: 0.591862, tr_score: 0.713750
va_loss: 0.665159, va_score: 0.620000
te_loss: 0.598007, te_score: 0.700000

time = 20
tr_loss: 0.668488, tr_score: 0.685000
va_loss: 0.584270, va_score: 0.770000
te_loss: 0.657429, te_score: 0.700000

time = 20
tr_loss: 0.600452, tr_score: 0.691250
va_loss: 0.567298, va_score: 0.740000
te_loss: 0.602609, te_score: 0.690000

time = 20
tr_loss: 0.590252, tr_score: 0.711250
va_loss: 0.710831, va_score: 0.630000
te_loss: 0.592578, te_score: 0.720000

time = 20
tr_loss: 0.606322, tr_score: 0.715000
va_loss: 0.593186, va_score: 0.680000
te_loss: 0.579627, te_score: 0.750000

time = 20
tr_loss: 0.612404, tr_score: 0.690000
va_loss: 0.544304, va_score: 0.780000
te_loss: 0.577673, te_score: 0.710000

time = 20
tr_loss: 0.587085, tr_score: 0.707500
va_loss: 0.611808, va_score: 0.700000
te_loss: 0.605573, te_score: 0.700000

time = 20
tr_loss: 0.590913, tr_score: 0.698750
va_loss: 0.591570, va_score: 0.720000
te_loss: 0.547027, te_score: 0.760000

time = 20
tr_loss: 0.562338, tr_score: 0.721250
va_loss: 0.548825, va_score: 0.740000
te_loss: 0.681612, te_score: 0.630000

time = 20
tr_loss: 0.652335, tr_score: 0.706250
va_loss: 0.675914, va_score: 0.670000
te_loss: 0.581580, te_score: 0.720000

time = 20
tr_loss: 0.530309, tr_score: 0.731250
va_loss: 0.526128, va_score: 0.740000
te_loss: 0.582207, te_score: 0.720000

time = 20
tr_loss: 0.572660, tr_score: 0.717500
va_loss: 0.640817, va_score: 0.640000
te_loss: 0.580454, te_score: 0.680000

time = 20
tr_loss: 0.586920, tr_score: 0.715000
va_loss: 0.543213, va_score: 0.760000
te_loss: 0.552604, te_score: 0.760000

time = 20
tr_loss: 0.575903, tr_score: 0.713750
va_loss: 0.582317, va_score: 0.670000
te_loss: 0.570731, te_score: 0.700000

time = 20
tr_loss: 0.537887, tr_score: 0.723750
va_loss: 0.498414, va_score: 0.790000
te_loss: 0.483388, te_score: 0.770000

time = 20
tr_loss: 0.590787, tr_score: 0.718750
va_loss: 0.630290, va_score: 0.680000
te_loss: 0.577419, te_score: 0.730000

======================================================
20  Seed:  [8890. 5137. 6638. 5364. 3035. 4210. 5798. 9783. 7946.  146. 8127. 1556.
 1338. 7812. 5900. 6230. 6141. 6234. 5455. 7649.]
tr_loss: 0.587686, tr_score: 0.710000
va_loss: 0.592588, va_score: 0.704500
te_loss: 0.581806, te_score: 0.719000


mid seed:  [ 879. 4612.  287.  491. 3659. 8251. 7507. 1140. 3507. 4318. 9716. 8900.
 3870. 2555. 7340. 8792.  757. 6674. 3143.  691.]
mid test scores 0.705
