time = 0
tr_loss: 0.564926, tr_score: 0.715000
va_loss: 0.546326, va_score: 0.720000
te_loss: 0.550188, te_score: 0.750000

time = 0
tr_loss: 0.579543, tr_score: 0.721250
va_loss: 0.643405, va_score: 0.660000
te_loss: 0.665985, te_score: 0.620000

time = 0
tr_loss: 0.580250, tr_score: 0.712500
va_loss: 0.623273, va_score: 0.660000
te_loss: 0.656496, te_score: 0.620000

time = 0
tr_loss: 0.588191, tr_score: 0.706250
va_loss: 0.570115, va_score: 0.740000
te_loss: 0.587669, te_score: 0.700000

time = 0
tr_loss: 0.572941, tr_score: 0.717500
va_loss: 0.586164, va_score: 0.710000
te_loss: 0.544790, te_score: 0.770000

time = 0
tr_loss: 0.588850, tr_score: 0.735000
va_loss: 0.649826, va_score: 0.640000
te_loss: 0.669337, te_score: 0.630000

time = 0
tr_loss: 0.545292, tr_score: 0.721250
va_loss: 0.545639, va_score: 0.680000
te_loss: 0.464136, te_score: 0.840000

time = 0
tr_loss: 0.604614, tr_score: 0.708750
va_loss: 0.537339, va_score: 0.770000
te_loss: 0.616603, te_score: 0.690000

time = 0
tr_loss: 0.626726, tr_score: 0.693750
va_loss: 0.552416, va_score: 0.740000
te_loss: 0.613617, te_score: 0.710000

time = 0
tr_loss: 0.608505, tr_score: 0.692500
va_loss: 0.648847, va_score: 0.660000
te_loss: 0.533601, te_score: 0.800000

time = 0
tr_loss: 0.616055, tr_score: 0.698750
va_loss: 0.574409, va_score: 0.780000
te_loss: 0.686644, te_score: 0.630000

time = 0
tr_loss: 0.581274, tr_score: 0.716250
va_loss: 0.591909, va_score: 0.710000
te_loss: 0.736698, te_score: 0.560000

time = 0
tr_loss: 0.570718, tr_score: 0.713750
va_loss: 0.591202, va_score: 0.690000
te_loss: 0.659109, te_score: 0.620000

time = 0
tr_loss: 0.580829, tr_score: 0.722500
va_loss: 0.585588, va_score: 0.730000
te_loss: 0.694128, te_score: 0.630000

time = 0
tr_loss: 0.581023, tr_score: 0.703750
va_loss: 0.611903, va_score: 0.670000
te_loss: 0.597796, te_score: 0.700000

time = 0
tr_loss: 0.561057, tr_score: 0.728750
va_loss: 0.584906, va_score: 0.680000
te_loss: 0.559901, te_score: 0.730000

time = 0
tr_loss: 0.546457, tr_score: 0.723750
va_loss: 0.642641, va_score: 0.660000
te_loss: 0.556597, te_score: 0.750000

time = 0
tr_loss: 0.572078, tr_score: 0.717500
va_loss: 0.641751, va_score: 0.640000
te_loss: 0.607149, te_score: 0.710000

time = 0
tr_loss: 0.528993, tr_score: 0.730000
va_loss: 0.570793, va_score: 0.680000
te_loss: 0.612680, te_score: 0.690000

time = 0
tr_loss: 0.553274, tr_score: 0.718750
va_loss: 0.545074, va_score: 0.790000
te_loss: 0.583234, te_score: 0.680000

======================================================
0  Seed:  [ 140. 2411. 2238. 5068. 2300. 9812. 6334. 4380. 4021. 8554. 2226. 8534.
 4715. 7921. 4457. 6212.  255.  495. 8301.  932.]
tr_loss: 0.577580, tr_score: 0.714875
va_loss: 0.592176, va_score: 0.700500
te_loss: 0.609818, te_score: 0.691500
time = 1
tr_loss: 0.559126, tr_score: 0.713750
va_loss: 0.629196, va_score: 0.630000
te_loss: 0.592332, te_score: 0.700000

time = 1
tr_loss: 0.579399, tr_score: 0.703750
va_loss: 0.649745, va_score: 0.640000
te_loss: 0.560234, te_score: 0.730000

time = 1
tr_loss: 0.510292, tr_score: 0.748750
va_loss: 0.508564, va_score: 0.740000
te_loss: 0.464417, te_score: 0.810000

time = 1
tr_loss: 0.568911, tr_score: 0.708750
va_loss: 0.564466, va_score: 0.730000
te_loss: 0.600062, te_score: 0.660000

time = 1
tr_loss: 0.542589, tr_score: 0.736250
va_loss: 0.613713, va_score: 0.680000
te_loss: 0.548551, te_score: 0.710000

time = 1
tr_loss: 0.565660, tr_score: 0.711250
va_loss: 0.586434, va_score: 0.660000
te_loss: 0.564056, te_score: 0.770000

time = 1
tr_loss: 0.582841, tr_score: 0.710000
va_loss: 0.590524, va_score: 0.710000
te_loss: 0.553441, te_score: 0.690000

time = 1
tr_loss: 0.594227, tr_score: 0.697500
va_loss: 0.602871, va_score: 0.740000
te_loss: 0.545297, te_score: 0.760000

time = 1
tr_loss: 0.543625, tr_score: 0.713750
va_loss: 0.575288, va_score: 0.640000
te_loss: 0.512181, te_score: 0.740000

time = 1
tr_loss: 0.558223, tr_score: 0.725000
va_loss: 0.572222, va_score: 0.730000
te_loss: 0.629741, te_score: 0.650000

time = 1
tr_loss: 0.508028, tr_score: 0.751250
va_loss: 0.509372, va_score: 0.780000
te_loss: 0.478854, te_score: 0.750000

time = 1
tr_loss: 0.552234, tr_score: 0.718750
va_loss: 0.595104, va_score: 0.700000
te_loss: 0.569608, te_score: 0.750000

time = 1
tr_loss: 0.612849, tr_score: 0.695000
va_loss: 0.516861, va_score: 0.810000
te_loss: 0.672584, te_score: 0.630000

time = 1
tr_loss: 0.573875, tr_score: 0.716250
va_loss: 0.513296, va_score: 0.790000
te_loss: 0.570770, te_score: 0.690000

time = 1
tr_loss: 0.633200, tr_score: 0.702500
va_loss: 0.651535, va_score: 0.650000
te_loss: 0.582467, te_score: 0.720000

time = 1
tr_loss: 0.571682, tr_score: 0.720000
va_loss: 0.629428, va_score: 0.710000
te_loss: 0.570697, te_score: 0.750000

time = 1
tr_loss: 0.564455, tr_score: 0.697500
va_loss: 0.499319, va_score: 0.790000
te_loss: 0.596497, te_score: 0.660000

time = 1
tr_loss: 0.611160, tr_score: 0.703750
va_loss: 0.652382, va_score: 0.660000
te_loss: 0.622688, te_score: 0.710000

time = 1
tr_loss: 0.600342, tr_score: 0.705000
va_loss: 0.528274, va_score: 0.780000
te_loss: 0.650684, te_score: 0.650000

time = 1
tr_loss: 0.596493, tr_score: 0.693750
va_loss: 0.554645, va_score: 0.750000
te_loss: 0.520502, te_score: 0.790000

======================================================
1  Seed:  [8640.  888. 4066.  552. 1437. 6591. 8969.  824. 8811.  938.  550. 9822.
 6241. 3057. 1352. 8361. 5326. 3377. 2314. 8889.]
tr_loss: 0.571461, tr_score: 0.713625
va_loss: 0.577162, va_score: 0.716000
te_loss: 0.570283, te_score: 0.716000
time = 2
tr_loss: 0.573938, tr_score: 0.721250
va_loss: 0.549220, va_score: 0.760000
te_loss: 0.647816, te_score: 0.630000

time = 2
tr_loss: 0.578146, tr_score: 0.713750
va_loss: 0.509713, va_score: 0.770000
te_loss: 0.603576, te_score: 0.670000

time = 2
tr_loss: 0.589472, tr_score: 0.697500
va_loss: 0.556452, va_score: 0.730000
te_loss: 0.571995, te_score: 0.740000

time = 2
tr_loss: 0.527545, tr_score: 0.731250
va_loss: 0.566789, va_score: 0.740000
te_loss: 0.553584, te_score: 0.710000

time = 2
tr_loss: 0.573319, tr_score: 0.716250
va_loss: 0.565128, va_score: 0.740000
te_loss: 0.531670, te_score: 0.760000

time = 2
tr_loss: 0.582908, tr_score: 0.708750
va_loss: 0.573171, va_score: 0.700000
te_loss: 0.653973, te_score: 0.630000

time = 2
tr_loss: 0.605098, tr_score: 0.710000
va_loss: 0.683298, va_score: 0.640000
te_loss: 0.616935, te_score: 0.690000

time = 2
tr_loss: 0.598562, tr_score: 0.685000
va_loss: 0.552650, va_score: 0.800000
te_loss: 0.551626, te_score: 0.740000

time = 2
tr_loss: 0.561008, tr_score: 0.713750
va_loss: 0.541970, va_score: 0.720000
te_loss: 0.592127, te_score: 0.690000

time = 2
tr_loss: 0.614958, tr_score: 0.686250
va_loss: 0.572000, va_score: 0.720000
te_loss: 0.630846, te_score: 0.700000

time = 2
tr_loss: 0.498698, tr_score: 0.750000
va_loss: 0.477159, va_score: 0.760000
te_loss: 0.599425, te_score: 0.690000

time = 2
tr_loss: 0.610212, tr_score: 0.691250
va_loss: 0.602123, va_score: 0.720000
te_loss: 0.541514, te_score: 0.750000

time = 2
tr_loss: 0.570247, tr_score: 0.736250
va_loss: 0.567494, va_score: 0.740000
te_loss: 0.608408, te_score: 0.690000

time = 2
tr_loss: 0.570227, tr_score: 0.716250
va_loss: 0.569753, va_score: 0.730000
te_loss: 0.568260, te_score: 0.690000

time = 2
tr_loss: 0.541517, tr_score: 0.727500
va_loss: 0.524483, va_score: 0.690000
te_loss: 0.542693, te_score: 0.720000

time = 2
tr_loss: 0.611939, tr_score: 0.693750
va_loss: 0.545800, va_score: 0.760000
te_loss: 0.564367, te_score: 0.760000

time = 2
tr_loss: 0.576544, tr_score: 0.710000
va_loss: 0.577715, va_score: 0.680000
te_loss: 0.616710, te_score: 0.670000

time = 2
tr_loss: 0.577025, tr_score: 0.708750
va_loss: 0.611901, va_score: 0.670000
te_loss: 0.546180, te_score: 0.760000

time = 2
tr_loss: 0.540395, tr_score: 0.737500
va_loss: 0.556182, va_score: 0.720000
te_loss: 0.573479, te_score: 0.680000

time = 2
tr_loss: 0.591634, tr_score: 0.698750
va_loss: 0.597921, va_score: 0.720000
te_loss: 0.603525, te_score: 0.690000

======================================================
2  Seed:  [5478. 7027. 2150. 7559. 3662. 2043. 8598. 4158. 6442. 4398. 3939. 9768.
 5143. 2231.  162. 6860. 3496. 7749. 2530. 2730.]
tr_loss: 0.574670, tr_score: 0.712688
va_loss: 0.565046, va_score: 0.725500
te_loss: 0.585935, te_score: 0.703000
time = 3
tr_loss: 0.573982, tr_score: 0.717500
va_loss: 0.645845, va_score: 0.660000
te_loss: 0.604465, te_score: 0.710000

time = 3
tr_loss: 0.558004, tr_score: 0.718750
va_loss: 0.611781, va_score: 0.660000
te_loss: 0.566660, te_score: 0.710000

time = 3
tr_loss: 0.569173, tr_score: 0.708750
va_loss: 0.624647, va_score: 0.680000
te_loss: 0.656827, te_score: 0.690000

time = 3
tr_loss: 0.591303, tr_score: 0.698750
va_loss: 0.571686, va_score: 0.750000
te_loss: 0.570899, te_score: 0.710000

time = 3
tr_loss: 0.537146, tr_score: 0.721250
va_loss: 0.493646, va_score: 0.760000
te_loss: 0.557607, te_score: 0.700000

time = 3
tr_loss: 0.568047, tr_score: 0.710000
va_loss: 0.510629, va_score: 0.790000
te_loss: 0.570433, te_score: 0.660000

time = 3
tr_loss: 0.574356, tr_score: 0.715000
va_loss: 0.684369, va_score: 0.610000
te_loss: 0.562233, te_score: 0.680000

time = 3
tr_loss: 0.542520, tr_score: 0.723750
va_loss: 0.598317, va_score: 0.690000
te_loss: 0.621610, te_score: 0.650000

time = 3
tr_loss: 0.583751, tr_score: 0.722500
va_loss: 0.631015, va_score: 0.680000
te_loss: 0.598876, te_score: 0.700000

time = 3
tr_loss: 0.565187, tr_score: 0.723750
va_loss: 0.557238, va_score: 0.760000
te_loss: 0.551173, te_score: 0.740000

time = 3
tr_loss: 0.539686, tr_score: 0.725000
va_loss: 0.600420, va_score: 0.700000
te_loss: 0.555373, te_score: 0.710000

time = 3
tr_loss: 0.611600, tr_score: 0.673750
va_loss: 0.591037, va_score: 0.680000
te_loss: 0.635965, te_score: 0.660000

time = 3
tr_loss: 0.610502, tr_score: 0.707500
va_loss: 0.611727, va_score: 0.730000
te_loss: 0.599343, te_score: 0.710000

time = 3
tr_loss: 0.579879, tr_score: 0.706250
va_loss: 0.627964, va_score: 0.660000
te_loss: 0.523545, te_score: 0.770000

time = 3
tr_loss: 0.580651, tr_score: 0.721250
va_loss: 0.669610, va_score: 0.640000
te_loss: 0.600554, te_score: 0.690000

time = 3
tr_loss: 0.582548, tr_score: 0.701250
va_loss: 0.587981, va_score: 0.680000
te_loss: 0.582033, te_score: 0.710000

time = 3
tr_loss: 0.542720, tr_score: 0.740000
va_loss: 0.547515, va_score: 0.750000
te_loss: 0.586552, te_score: 0.710000

time = 3
tr_loss: 0.589287, tr_score: 0.717500
va_loss: 0.686889, va_score: 0.600000
te_loss: 0.575058, te_score: 0.730000

time = 3
tr_loss: 0.571128, tr_score: 0.730000
va_loss: 0.609358, va_score: 0.690000
te_loss: 0.579879, te_score: 0.700000

time = 3
tr_loss: 0.587005, tr_score: 0.696250
va_loss: 0.601384, va_score: 0.680000
te_loss: 0.579865, te_score: 0.690000

======================================================
3  Seed:  [6469. 3301. 7178. 4323. 9525.  454. 7215. 4562. 5178. 3971. 9338. 3960.
 2970. 9630. 2254.  396. 4264. 8949. 7913. 1289.]
tr_loss: 0.572924, tr_score: 0.713937
va_loss: 0.603153, va_score: 0.692500
te_loss: 0.583948, te_score: 0.701500
time = 4
tr_loss: 0.568839, tr_score: 0.700000
va_loss: 0.577499, va_score: 0.740000
te_loss: 0.540002, te_score: 0.720000

time = 4
tr_loss: 0.601076, tr_score: 0.692500
va_loss: 0.572143, va_score: 0.740000
te_loss: 0.593653, te_score: 0.720000

time = 4
tr_loss: 0.598217, tr_score: 0.698750
va_loss: 0.601353, va_score: 0.720000
te_loss: 0.624448, te_score: 0.690000

time = 4
tr_loss: 0.611895, tr_score: 0.680000
va_loss: 0.589283, va_score: 0.710000
te_loss: 0.585532, te_score: 0.680000

time = 4
tr_loss: 0.562578, tr_score: 0.713750
va_loss: 0.609342, va_score: 0.690000
te_loss: 0.593628, te_score: 0.680000

time = 4
tr_loss: 0.597810, tr_score: 0.688750
va_loss: 0.596721, va_score: 0.690000
te_loss: 0.586569, te_score: 0.710000

time = 4
tr_loss: 0.589157, tr_score: 0.697500
va_loss: 0.573588, va_score: 0.720000
te_loss: 0.559275, te_score: 0.730000

time = 4
tr_loss: 0.534142, tr_score: 0.728750
va_loss: 0.611589, va_score: 0.620000
te_loss: 0.531704, te_score: 0.760000

time = 4
tr_loss: 0.528650, tr_score: 0.736250
va_loss: 0.553172, va_score: 0.660000
te_loss: 0.502097, te_score: 0.750000

time = 4
tr_loss: 0.565152, tr_score: 0.706250
va_loss: 0.564919, va_score: 0.700000
te_loss: 0.568905, te_score: 0.700000

time = 4
tr_loss: 0.608936, tr_score: 0.706250
va_loss: 0.654544, va_score: 0.660000
te_loss: 0.599166, te_score: 0.720000

time = 4
tr_loss: 0.582222, tr_score: 0.715000
va_loss: 0.572328, va_score: 0.720000
te_loss: 0.596027, te_score: 0.710000

time = 4
tr_loss: 0.576862, tr_score: 0.713750
va_loss: 0.539749, va_score: 0.740000
te_loss: 0.592616, te_score: 0.700000

time = 4
tr_loss: 0.589389, tr_score: 0.708750
va_loss: 0.545005, va_score: 0.770000
te_loss: 0.546098, te_score: 0.750000

time = 4
tr_loss: 0.569704, tr_score: 0.713750
va_loss: 0.576912, va_score: 0.710000
te_loss: 0.647813, te_score: 0.620000

time = 4
tr_loss: 0.587581, tr_score: 0.695000
va_loss: 0.545436, va_score: 0.780000
te_loss: 0.553380, te_score: 0.730000

time = 4
tr_loss: 0.610762, tr_score: 0.695000
va_loss: 0.559957, va_score: 0.750000
te_loss: 0.643660, te_score: 0.650000

time = 4
tr_loss: 0.579673, tr_score: 0.727500
va_loss: 0.569790, va_score: 0.750000
te_loss: 0.638364, te_score: 0.680000

time = 4
tr_loss: 0.598892, tr_score: 0.716250
va_loss: 0.725875, va_score: 0.640000
te_loss: 0.563826, te_score: 0.700000

time = 4
tr_loss: 0.585801, tr_score: 0.720000
va_loss: 0.556439, va_score: 0.730000
te_loss: 0.593692, te_score: 0.700000

======================================================
4  Seed:  [8744.  130. 2730. 2289. 3436.   91. 5431.  214. 1996. 7906. 4318. 5189.
 9458. 5884. 7590. 9032. 7937. 3024. 1021. 9551.]
tr_loss: 0.582367, tr_score: 0.707688
va_loss: 0.584782, va_score: 0.712000
te_loss: 0.583023, te_score: 0.705000
time = 5
tr_loss: 0.591106, tr_score: 0.715000
va_loss: 0.627161, va_score: 0.660000
te_loss: 0.643304, te_score: 0.670000

time = 5
tr_loss: 0.569689, tr_score: 0.727500
va_loss: 0.614957, va_score: 0.690000
te_loss: 0.552406, te_score: 0.770000

time = 5
tr_loss: 0.518063, tr_score: 0.752500
va_loss: 0.591190, va_score: 0.720000
te_loss: 0.586994, te_score: 0.680000

time = 5
tr_loss: 0.559653, tr_score: 0.720000
va_loss: 0.574979, va_score: 0.710000
te_loss: 0.538602, te_score: 0.730000

time = 5
tr_loss: 0.574563, tr_score: 0.712500
va_loss: 0.608241, va_score: 0.670000
te_loss: 0.517973, te_score: 0.780000

time = 5
tr_loss: 0.580411, tr_score: 0.703750
va_loss: 0.584378, va_score: 0.720000
te_loss: 0.522117, te_score: 0.790000

time = 5
tr_loss: 0.588545, tr_score: 0.696250
va_loss: 0.510521, va_score: 0.780000
te_loss: 0.601192, te_score: 0.730000

time = 5
tr_loss: 0.579286, tr_score: 0.721250
va_loss: 0.561541, va_score: 0.700000
te_loss: 0.566141, te_score: 0.700000

time = 5
tr_loss: 0.521005, tr_score: 0.748750
va_loss: 0.499851, va_score: 0.770000
te_loss: 0.522243, te_score: 0.790000

time = 5
tr_loss: 0.606213, tr_score: 0.697500
va_loss: 0.583774, va_score: 0.730000
te_loss: 0.591003, te_score: 0.730000

time = 5
tr_loss: 0.577559, tr_score: 0.712500
va_loss: 0.685569, va_score: 0.590000
te_loss: 0.585109, te_score: 0.740000

time = 5
tr_loss: 0.601362, tr_score: 0.670000
va_loss: 0.496038, va_score: 0.800000
te_loss: 0.552589, te_score: 0.730000

time = 5
tr_loss: 0.602820, tr_score: 0.700000
va_loss: 0.543577, va_score: 0.760000
te_loss: 0.596460, te_score: 0.720000

time = 5
tr_loss: 0.572366, tr_score: 0.728750
va_loss: 0.564783, va_score: 0.730000
te_loss: 0.612085, te_score: 0.680000

time = 5
tr_loss: 0.589998, tr_score: 0.703750
va_loss: 0.608574, va_score: 0.680000
te_loss: 0.588939, te_score: 0.710000

time = 5
tr_loss: 0.584656, tr_score: 0.700000
va_loss: 0.511550, va_score: 0.790000
te_loss: 0.636536, te_score: 0.640000

time = 5
tr_loss: 0.581307, tr_score: 0.711250
va_loss: 0.630002, va_score: 0.660000
te_loss: 0.573499, te_score: 0.710000

time = 5
tr_loss: 0.585651, tr_score: 0.692500
va_loss: 0.498535, va_score: 0.810000
te_loss: 0.612704, te_score: 0.670000

time = 5
tr_loss: 0.571110, tr_score: 0.712500
va_loss: 0.511508, va_score: 0.800000
te_loss: 0.702319, te_score: 0.600000

time = 5
tr_loss: 0.601883, tr_score: 0.701250
va_loss: 0.650663, va_score: 0.680000
te_loss: 0.601368, te_score: 0.710000

======================================================
5  Seed:  [1237. 6412. 2121. 6405. 4525. 1302. 1340. 7513. 9914. 1173. 2339. 2687.
 5417. 1769. 4522. 4161. 3470. 2003. 6862. 6659.]
tr_loss: 0.577862, tr_score: 0.711375
va_loss: 0.572870, va_score: 0.722500
te_loss: 0.585179, te_score: 0.714000
time = 6
tr_loss: 0.585816, tr_score: 0.692500
va_loss: 0.541668, va_score: 0.750000
te_loss: 0.556489, te_score: 0.720000

time = 6
tr_loss: 0.575148, tr_score: 0.725000
va_loss: 0.634583, va_score: 0.680000
te_loss: 0.631551, te_score: 0.650000

time = 6
tr_loss: 0.579088, tr_score: 0.710000
va_loss: 0.625990, va_score: 0.670000
te_loss: 0.640018, te_score: 0.670000

time = 6
tr_loss: 0.533043, tr_score: 0.732500
va_loss: 0.546106, va_score: 0.720000
te_loss: 0.568599, te_score: 0.720000

time = 6
tr_loss: 0.591155, tr_score: 0.692500
va_loss: 0.557349, va_score: 0.700000
te_loss: 0.480312, te_score: 0.810000

time = 6
tr_loss: 0.587784, tr_score: 0.727500
va_loss: 0.613260, va_score: 0.690000
te_loss: 0.665081, te_score: 0.620000

time = 6
tr_loss: 0.592945, tr_score: 0.712500
va_loss: 0.639550, va_score: 0.660000
te_loss: 0.558159, te_score: 0.740000

time = 6
tr_loss: 0.579662, tr_score: 0.708750
va_loss: 0.619319, va_score: 0.680000
te_loss: 0.585108, te_score: 0.710000

time = 6
tr_loss: 0.570174, tr_score: 0.732500
va_loss: 0.531630, va_score: 0.780000
te_loss: 0.586283, te_score: 0.690000

time = 6
tr_loss: 0.576883, tr_score: 0.713750
va_loss: 0.574369, va_score: 0.710000
te_loss: 0.593972, te_score: 0.680000

time = 6
tr_loss: 0.581450, tr_score: 0.713750
va_loss: 0.612561, va_score: 0.680000
te_loss: 0.664878, te_score: 0.610000

time = 6
tr_loss: 0.586792, tr_score: 0.710000
va_loss: 0.596333, va_score: 0.690000
te_loss: 0.604984, te_score: 0.700000

time = 6
tr_loss: 0.619569, tr_score: 0.696250
va_loss: 0.561131, va_score: 0.750000
te_loss: 0.631787, te_score: 0.680000

time = 6
tr_loss: 0.604648, tr_score: 0.696250
va_loss: 0.569739, va_score: 0.740000
te_loss: 0.554029, te_score: 0.760000

time = 6
tr_loss: 0.576324, tr_score: 0.712500
va_loss: 0.589967, va_score: 0.710000
te_loss: 0.612026, te_score: 0.630000

time = 6
tr_loss: 0.561756, tr_score: 0.708750
va_loss: 0.544158, va_score: 0.740000
te_loss: 0.571909, te_score: 0.720000

time = 6
tr_loss: 0.561733, tr_score: 0.728750
va_loss: 0.559564, va_score: 0.690000
te_loss: 0.584799, te_score: 0.720000

time = 6
tr_loss: 0.545596, tr_score: 0.736250
va_loss: 0.519535, va_score: 0.770000
te_loss: 0.553747, te_score: 0.720000

time = 6
tr_loss: 0.574370, tr_score: 0.716250
va_loss: 0.576681, va_score: 0.740000
te_loss: 0.589562, te_score: 0.700000

time = 6
tr_loss: 0.579081, tr_score: 0.718750
va_loss: 0.627528, va_score: 0.700000
te_loss: 0.570991, te_score: 0.730000

======================================================
6  Seed:  [7694. 6294. 7622. 3529.   96. 7204. 5217. 3436.  887. 8110. 7803. 3805.
 1114. 2222. 9584. 2008. 1959. 4210.  576. 6097.]
tr_loss: 0.578151, tr_score: 0.714250
va_loss: 0.582051, va_score: 0.712500
te_loss: 0.590214, te_score: 0.699000
time = 7
tr_loss: 0.606769, tr_score: 0.701250
va_loss: 0.612881, va_score: 0.690000
te_loss: 0.567165, te_score: 0.730000

time = 7
tr_loss: 0.591254, tr_score: 0.687500
va_loss: 0.548470, va_score: 0.770000
te_loss: 0.551066, te_score: 0.750000

time = 7
tr_loss: 0.548457, tr_score: 0.707500
va_loss: 0.499478, va_score: 0.750000
te_loss: 0.556807, te_score: 0.730000

time = 7
tr_loss: 0.592316, tr_score: 0.696250
va_loss: 0.600067, va_score: 0.710000
te_loss: 0.569125, te_score: 0.740000

time = 7
tr_loss: 0.538516, tr_score: 0.728750
va_loss: 0.552022, va_score: 0.740000
te_loss: 0.545541, te_score: 0.740000

time = 7
tr_loss: 0.632037, tr_score: 0.653750
va_loss: 0.649637, va_score: 0.680000
te_loss: 0.643699, te_score: 0.620000

time = 7
tr_loss: 0.516089, tr_score: 0.742500
va_loss: 0.498484, va_score: 0.690000
te_loss: 0.444422, te_score: 0.780000

time = 7
tr_loss: 0.564720, tr_score: 0.716250
va_loss: 0.603422, va_score: 0.670000
te_loss: 0.608384, te_score: 0.650000

time = 7
tr_loss: 0.588117, tr_score: 0.705000
va_loss: 0.656197, va_score: 0.680000
te_loss: 0.613425, te_score: 0.670000

time = 7
tr_loss: 0.572992, tr_score: 0.711250
va_loss: 0.585222, va_score: 0.710000
te_loss: 0.582350, te_score: 0.730000

time = 7
tr_loss: 0.539387, tr_score: 0.732500
va_loss: 0.581489, va_score: 0.740000
te_loss: 0.574322, te_score: 0.670000

time = 7
tr_loss: 0.601881, tr_score: 0.705000
va_loss: 0.660420, va_score: 0.650000
te_loss: 0.559851, te_score: 0.780000

time = 7
tr_loss: 0.614321, tr_score: 0.653750
va_loss: 0.692900, va_score: 0.560000
te_loss: 0.648866, te_score: 0.660000

time = 7
tr_loss: 0.573769, tr_score: 0.727500
va_loss: 0.555429, va_score: 0.730000
te_loss: 0.575166, te_score: 0.760000

time = 7
tr_loss: 0.569970, tr_score: 0.715000
va_loss: 0.614948, va_score: 0.690000
te_loss: 0.612244, te_score: 0.640000

time = 7
tr_loss: 0.550976, tr_score: 0.721250
va_loss: 0.643017, va_score: 0.660000
te_loss: 0.553913, te_score: 0.740000

time = 7
tr_loss: 0.522185, tr_score: 0.756250
va_loss: 0.499573, va_score: 0.760000
te_loss: 0.590851, te_score: 0.660000

time = 7
tr_loss: 0.592682, tr_score: 0.702500
va_loss: 0.519369, va_score: 0.760000
te_loss: 0.682096, te_score: 0.640000

time = 7
tr_loss: 0.538825, tr_score: 0.727500
va_loss: 0.541132, va_score: 0.740000
te_loss: 0.506279, te_score: 0.750000

time = 7
tr_loss: 0.615265, tr_score: 0.716250
va_loss: 0.575081, va_score: 0.750000
te_loss: 0.580740, te_score: 0.710000

======================================================
7  Seed:  [ 667. 3641. 1333. 4721. 6871. 9519. 4778.  927. 8338.   13. 3683. 6570.
 1422. 3821. 5722.  599. 3527. 1784. 1921. 2070.]
tr_loss: 0.573526, tr_score: 0.710375
va_loss: 0.584462, va_score: 0.706500
te_loss: 0.578316, te_score: 0.707500
time = 8
tr_loss: 0.599216, tr_score: 0.703750
va_loss: 0.595901, va_score: 0.700000
te_loss: 0.513786, te_score: 0.790000

time = 8
tr_loss: 0.641351, tr_score: 0.678750
va_loss: 0.675334, va_score: 0.590000
te_loss: 0.598660, te_score: 0.750000

time = 8
tr_loss: 0.562343, tr_score: 0.730000
va_loss: 0.590416, va_score: 0.740000
te_loss: 0.547973, te_score: 0.730000

time = 8
tr_loss: 0.599872, tr_score: 0.703750
va_loss: 0.635601, va_score: 0.710000
te_loss: 0.577410, te_score: 0.750000

time = 8
tr_loss: 0.588816, tr_score: 0.703750
va_loss: 0.552882, va_score: 0.710000
te_loss: 0.551323, te_score: 0.740000

time = 8
tr_loss: 0.579942, tr_score: 0.711250
va_loss: 0.598995, va_score: 0.670000
te_loss: 0.594154, te_score: 0.700000

time = 8
tr_loss: 0.576170, tr_score: 0.705000
va_loss: 0.591744, va_score: 0.700000
te_loss: 0.640641, te_score: 0.650000

time = 8
tr_loss: 0.568920, tr_score: 0.701250
va_loss: 0.517291, va_score: 0.770000
te_loss: 0.573201, te_score: 0.720000

time = 8
tr_loss: 0.535585, tr_score: 0.731250
va_loss: 0.589232, va_score: 0.690000
te_loss: 0.472980, te_score: 0.770000

time = 8
tr_loss: 0.601211, tr_score: 0.688750
va_loss: 0.679574, va_score: 0.610000
te_loss: 0.635484, te_score: 0.660000

time = 8
tr_loss: 0.562162, tr_score: 0.733750
va_loss: 0.483409, va_score: 0.800000
te_loss: 0.524440, te_score: 0.770000

time = 8
tr_loss: 0.579050, tr_score: 0.718750
va_loss: 0.516092, va_score: 0.730000
te_loss: 0.599538, te_score: 0.680000

time = 8
tr_loss: 0.581903, tr_score: 0.713750
va_loss: 0.585920, va_score: 0.670000
te_loss: 0.594091, te_score: 0.690000

time = 8
tr_loss: 0.600316, tr_score: 0.686250
va_loss: 0.541969, va_score: 0.800000
te_loss: 0.622628, te_score: 0.710000

time = 8
tr_loss: 0.607438, tr_score: 0.702500
va_loss: 0.589587, va_score: 0.720000
te_loss: 0.558180, te_score: 0.710000

time = 8
tr_loss: 0.561602, tr_score: 0.728750
va_loss: 0.506433, va_score: 0.770000
te_loss: 0.684862, te_score: 0.590000

time = 8
tr_loss: 0.522014, tr_score: 0.745000
va_loss: 0.532552, va_score: 0.740000
te_loss: 0.546501, te_score: 0.690000

time = 8
tr_loss: 0.603694, tr_score: 0.702500
va_loss: 0.576702, va_score: 0.720000
te_loss: 0.567960, te_score: 0.700000

time = 8
tr_loss: 0.528495, tr_score: 0.745000
va_loss: 0.534989, va_score: 0.760000
te_loss: 0.539117, te_score: 0.780000

time = 8
tr_loss: 0.597109, tr_score: 0.691250
va_loss: 0.617933, va_score: 0.670000
te_loss: 0.676690, te_score: 0.640000

======================================================
8  Seed:  [4860. 8426. 6918. 8393. 2977. 1581. 7001.  814. 5947. 4477. 3311. 7270.
 5082. 4712. 7103. 6080. 5821. 8708. 4579. 2324.]
tr_loss: 0.579860, tr_score: 0.711250
va_loss: 0.575628, va_score: 0.713500
te_loss: 0.580981, te_score: 0.711000
time = 9
tr_loss: 0.571654, tr_score: 0.720000
va_loss: 0.525941, va_score: 0.740000
te_loss: 0.580593, te_score: 0.710000

time = 9
tr_loss: 0.578292, tr_score: 0.716250
va_loss: 0.664141, va_score: 0.610000
te_loss: 0.575638, te_score: 0.690000

time = 9
tr_loss: 0.581884, tr_score: 0.712500
va_loss: 0.578490, va_score: 0.720000
te_loss: 0.644250, te_score: 0.670000

time = 9
tr_loss: 0.591504, tr_score: 0.698750
va_loss: 0.598706, va_score: 0.740000
te_loss: 0.640379, te_score: 0.680000

time = 9
tr_loss: 0.600647, tr_score: 0.700000
va_loss: 0.562949, va_score: 0.760000
te_loss: 0.690901, te_score: 0.600000

time = 9
tr_loss: 0.566985, tr_score: 0.708750
va_loss: 0.552825, va_score: 0.740000
te_loss: 0.610108, te_score: 0.640000

time = 9
tr_loss: 0.583795, tr_score: 0.712500
va_loss: 0.538216, va_score: 0.740000
te_loss: 0.560024, te_score: 0.710000

time = 9
tr_loss: 0.533869, tr_score: 0.732500
va_loss: 0.517338, va_score: 0.710000
te_loss: 0.574156, te_score: 0.710000

time = 9
tr_loss: 0.598299, tr_score: 0.696250
va_loss: 0.553467, va_score: 0.740000
te_loss: 0.569161, te_score: 0.710000

time = 9
tr_loss: 0.536284, tr_score: 0.732500
va_loss: 0.601651, va_score: 0.660000
te_loss: 0.539870, te_score: 0.720000

time = 9
tr_loss: 0.563381, tr_score: 0.707500
va_loss: 0.569151, va_score: 0.720000
te_loss: 0.560638, te_score: 0.700000

time = 9
tr_loss: 0.610415, tr_score: 0.696250
va_loss: 0.551437, va_score: 0.760000
te_loss: 0.553397, te_score: 0.760000

time = 9
tr_loss: 0.567065, tr_score: 0.722500
va_loss: 0.580163, va_score: 0.680000
te_loss: 0.508771, te_score: 0.760000

time = 9
tr_loss: 0.634848, tr_score: 0.676250
va_loss: 0.603312, va_score: 0.680000
te_loss: 0.587360, te_score: 0.700000

time = 9
tr_loss: 0.555520, tr_score: 0.725000
va_loss: 0.659856, va_score: 0.610000
te_loss: 0.589087, te_score: 0.670000

time = 9
tr_loss: 0.556309, tr_score: 0.727500
va_loss: 0.545371, va_score: 0.730000
te_loss: 0.539821, te_score: 0.730000

time = 9
tr_loss: 0.579099, tr_score: 0.726250
va_loss: 0.580813, va_score: 0.730000
te_loss: 0.625734, te_score: 0.620000

time = 9
tr_loss: 0.592722, tr_score: 0.712500
va_loss: 0.631595, va_score: 0.670000
te_loss: 0.646934, te_score: 0.660000

time = 9
tr_loss: 0.594624, tr_score: 0.708750
va_loss: 0.601403, va_score: 0.710000
te_loss: 0.618087, te_score: 0.680000

time = 9
tr_loss: 0.584303, tr_score: 0.701250
va_loss: 0.577820, va_score: 0.750000
te_loss: 0.576274, te_score: 0.720000

======================================================
9  Seed:  [9948.  542.  232.  666. 5686. 1955. 6679. 1732. 8003. 9621. 2645. 4622.
 2831. 7236. 6932. 8781. 1798. 9886. 2715. 5559.]
tr_loss: 0.579075, tr_score: 0.711688
va_loss: 0.579732, va_score: 0.710000
te_loss: 0.589559, te_score: 0.692000
time = 10
tr_loss: 0.614651, tr_score: 0.695000
va_loss: 0.605151, va_score: 0.710000
te_loss: 0.594716, te_score: 0.740000

time = 10
tr_loss: 0.598236, tr_score: 0.698750
va_loss: 0.609001, va_score: 0.690000
te_loss: 0.577779, te_score: 0.730000

time = 10
tr_loss: 0.570791, tr_score: 0.710000
va_loss: 0.543696, va_score: 0.740000
te_loss: 0.644480, te_score: 0.670000

time = 10
tr_loss: 0.611292, tr_score: 0.708750
va_loss: 0.520967, va_score: 0.770000
te_loss: 0.541920, te_score: 0.760000

time = 10
tr_loss: 0.577173, tr_score: 0.708750
va_loss: 0.566530, va_score: 0.720000
te_loss: 0.541489, te_score: 0.790000

time = 10
tr_loss: 0.519306, tr_score: 0.743750
va_loss: 0.512083, va_score: 0.760000
te_loss: 0.524927, te_score: 0.730000

time = 10
tr_loss: 0.589692, tr_score: 0.685000
va_loss: 0.549006, va_score: 0.750000
te_loss: 0.578520, te_score: 0.750000

time = 10
tr_loss: 0.684085, tr_score: 0.668750
va_loss: 0.487173, va_score: 0.790000
te_loss: 0.602063, te_score: 0.710000

time = 10
tr_loss: 0.594231, tr_score: 0.718750
va_loss: 0.604330, va_score: 0.710000
te_loss: 0.650513, te_score: 0.680000

time = 10
tr_loss: 0.573170, tr_score: 0.696250
va_loss: 0.544755, va_score: 0.760000
te_loss: 0.546548, te_score: 0.740000

time = 10
tr_loss: 0.594194, tr_score: 0.715000
va_loss: 0.604529, va_score: 0.670000
te_loss: 0.607848, te_score: 0.730000

time = 10
tr_loss: 0.582512, tr_score: 0.712500
va_loss: 0.665728, va_score: 0.650000
te_loss: 0.608320, te_score: 0.730000

time = 10
tr_loss: 0.594086, tr_score: 0.703750
va_loss: 0.596232, va_score: 0.740000
te_loss: 0.640782, te_score: 0.730000

time = 10
tr_loss: 0.611420, tr_score: 0.673750
va_loss: 0.565049, va_score: 0.720000
te_loss: 0.553764, te_score: 0.770000

time = 10
tr_loss: 0.606816, tr_score: 0.681250
va_loss: 0.668485, va_score: 0.600000
te_loss: 0.617729, te_score: 0.690000

time = 10
tr_loss: 0.630122, tr_score: 0.686250
va_loss: 0.528987, va_score: 0.770000
te_loss: 0.574196, te_score: 0.740000

time = 10
tr_loss: 0.575301, tr_score: 0.703750
va_loss: 0.517302, va_score: 0.780000
te_loss: 0.614667, te_score: 0.680000

time = 10
tr_loss: 0.573849, tr_score: 0.713750
va_loss: 0.627354, va_score: 0.680000
te_loss: 0.573602, te_score: 0.730000

time = 10
tr_loss: 0.551332, tr_score: 0.720000
va_loss: 0.524853, va_score: 0.750000
te_loss: 0.577000, te_score: 0.710000

time = 10
tr_loss: 0.549891, tr_score: 0.716250
va_loss: 0.655222, va_score: 0.620000
te_loss: 0.538670, te_score: 0.750000

======================================================
10  Seed:  [9217. 8758. 9318. 9902. 9257. 5433. 4194. 5342. 6064. 1182. 7632. 9724.
 4507. 4141. 7028. 4431.  710. 9505. 6403. 3797.]
tr_loss: 0.590108, tr_score: 0.703000
va_loss: 0.574822, va_score: 0.719000
te_loss: 0.585477, te_score: 0.728000
time = 11
tr_loss: 0.568011, tr_score: 0.708750
va_loss: 0.475153, va_score: 0.830000
te_loss: 0.620944, te_score: 0.670000

time = 11
tr_loss: 0.596677, tr_score: 0.691250
va_loss: 0.589608, va_score: 0.700000
te_loss: 0.694690, te_score: 0.650000

time = 11
tr_loss: 0.600472, tr_score: 0.712500
va_loss: 0.598052, va_score: 0.690000
te_loss: 0.566659, te_score: 0.740000

time = 11
tr_loss: 0.599692, tr_score: 0.707500
va_loss: 0.650297, va_score: 0.650000
te_loss: 0.539090, te_score: 0.710000

time = 11
tr_loss: 0.558693, tr_score: 0.736250
va_loss: 0.601052, va_score: 0.700000
te_loss: 0.607781, te_score: 0.690000

time = 11
tr_loss: 0.546367, tr_score: 0.718750
va_loss: 0.527526, va_score: 0.720000
te_loss: 0.552446, te_score: 0.750000

time = 11
tr_loss: 0.571301, tr_score: 0.725000
va_loss: 0.634040, va_score: 0.690000
te_loss: 0.630061, te_score: 0.680000

time = 11
tr_loss: 0.587638, tr_score: 0.703750
va_loss: 0.513005, va_score: 0.770000
te_loss: 0.619410, te_score: 0.660000

time = 11
tr_loss: 0.579847, tr_score: 0.710000
va_loss: 0.604968, va_score: 0.690000
te_loss: 0.605066, te_score: 0.680000

time = 11
tr_loss: 0.570337, tr_score: 0.710000
va_loss: 0.597944, va_score: 0.690000
te_loss: 0.591285, te_score: 0.670000

time = 11
tr_loss: 0.596834, tr_score: 0.705000
va_loss: 0.666117, va_score: 0.620000
te_loss: 0.536678, te_score: 0.770000

time = 11
tr_loss: 0.581852, tr_score: 0.725000
va_loss: 0.627512, va_score: 0.690000
te_loss: 0.646468, te_score: 0.670000

time = 11
tr_loss: 0.538160, tr_score: 0.708750
va_loss: 0.579599, va_score: 0.680000
te_loss: 0.597492, te_score: 0.640000

time = 11
tr_loss: 0.578483, tr_score: 0.707500
va_loss: 0.555417, va_score: 0.720000
te_loss: 0.696275, te_score: 0.620000

time = 11
tr_loss: 0.581797, tr_score: 0.711250
va_loss: 0.564920, va_score: 0.740000
te_loss: 0.612878, te_score: 0.660000

time = 11
tr_loss: 0.618837, tr_score: 0.711250
va_loss: 0.674843, va_score: 0.620000
te_loss: 0.586101, te_score: 0.750000

time = 11
tr_loss: 0.563921, tr_score: 0.705000
va_loss: 0.556262, va_score: 0.740000
te_loss: 0.592185, te_score: 0.690000

time = 11
tr_loss: 0.562655, tr_score: 0.713750
va_loss: 0.545346, va_score: 0.700000
te_loss: 0.592491, te_score: 0.680000

time = 11
tr_loss: 0.594243, tr_score: 0.717500
va_loss: 0.593096, va_score: 0.720000
te_loss: 0.653919, te_score: 0.640000

time = 11
tr_loss: 0.595004, tr_score: 0.695000
va_loss: 0.581789, va_score: 0.770000
te_loss: 0.615978, te_score: 0.670000

======================================================
11  Seed:  [ 276. 7096. 7576. 7225. 8005. 7496. 1258. 6191. 8489. 5152. 4572. 4247.
 5941. 8136.  978. 3169. 6643. 4121. 8439. 9382.]
tr_loss: 0.579541, tr_score: 0.711187
va_loss: 0.586827, va_score: 0.706500
te_loss: 0.607895, te_score: 0.684500
time = 12
tr_loss: 0.608484, tr_score: 0.705000
va_loss: 0.616156, va_score: 0.700000
te_loss: 0.584205, te_score: 0.750000

time = 12
tr_loss: 0.532555, tr_score: 0.735000
va_loss: 0.575846, va_score: 0.680000
te_loss: 0.497742, te_score: 0.740000

time = 12
tr_loss: 0.537805, tr_score: 0.736250
va_loss: 0.606722, va_score: 0.690000
te_loss: 0.602416, te_score: 0.660000

time = 12
tr_loss: 0.572691, tr_score: 0.701250
va_loss: 0.614903, va_score: 0.680000
te_loss: 0.748961, te_score: 0.540000

time = 12
tr_loss: 0.590969, tr_score: 0.710000
va_loss: 0.622398, va_score: 0.690000
te_loss: 0.607986, te_score: 0.670000

time = 12
tr_loss: 0.558489, tr_score: 0.710000
va_loss: 0.571975, va_score: 0.710000
te_loss: 0.578266, te_score: 0.710000

time = 12
tr_loss: 0.547015, tr_score: 0.728750
va_loss: 0.612656, va_score: 0.640000
te_loss: 0.656014, te_score: 0.660000

time = 12
tr_loss: 0.583503, tr_score: 0.717500
va_loss: 0.639575, va_score: 0.650000
te_loss: 0.580632, te_score: 0.720000

time = 12
tr_loss: 0.543003, tr_score: 0.712500
va_loss: 0.549522, va_score: 0.710000
te_loss: 0.617454, te_score: 0.670000

time = 12
tr_loss: 0.564612, tr_score: 0.717500
va_loss: 0.588952, va_score: 0.700000
te_loss: 0.609948, te_score: 0.620000

time = 12
tr_loss: 0.544128, tr_score: 0.721250
va_loss: 0.566795, va_score: 0.730000
te_loss: 0.552291, te_score: 0.720000

time = 12
tr_loss: 0.525680, tr_score: 0.732500
va_loss: 0.486599, va_score: 0.770000
te_loss: 0.574576, te_score: 0.700000

time = 12
tr_loss: 0.609950, tr_score: 0.702500
va_loss: 0.611657, va_score: 0.710000
te_loss: 0.674605, te_score: 0.650000

time = 12
tr_loss: 0.561070, tr_score: 0.713750
va_loss: 0.541750, va_score: 0.730000
te_loss: 0.541568, te_score: 0.730000

time = 12
tr_loss: 0.565909, tr_score: 0.718750
va_loss: 0.548655, va_score: 0.760000
te_loss: 0.593290, te_score: 0.700000

time = 12
tr_loss: 0.556490, tr_score: 0.721250
va_loss: 0.578237, va_score: 0.720000
te_loss: 0.583454, te_score: 0.720000

time = 12
tr_loss: 0.615168, tr_score: 0.705000
va_loss: 0.657106, va_score: 0.650000
te_loss: 0.583035, te_score: 0.750000

time = 12
tr_loss: 0.582316, tr_score: 0.696250
va_loss: 0.581642, va_score: 0.710000
te_loss: 0.546375, te_score: 0.750000

time = 12
tr_loss: 0.588980, tr_score: 0.721250
va_loss: 0.616249, va_score: 0.710000
te_loss: 0.603045, te_score: 0.690000

time = 12
tr_loss: 0.587239, tr_score: 0.697500
va_loss: 0.637085, va_score: 0.660000
te_loss: 0.592573, te_score: 0.690000

======================================================
12  Seed:  [5995. 5359. 4959. 8841. 2084. 6283. 5803. 5547. 5856. 6466. 1029. 9406.
 1119. 6504. 6270.   89. 4601. 8528. 5236. 3309.]
tr_loss: 0.568803, tr_score: 0.715188
va_loss: 0.591224, va_score: 0.700000
te_loss: 0.596422, te_score: 0.692000
time = 13
tr_loss: 0.580845, tr_score: 0.710000
va_loss: 0.612319, va_score: 0.670000
te_loss: 0.592880, te_score: 0.700000

time = 13
tr_loss: 0.596721, tr_score: 0.707500
va_loss: 0.526381, va_score: 0.770000
te_loss: 0.625021, te_score: 0.690000

time = 13
tr_loss: 0.537107, tr_score: 0.727500
va_loss: 0.524304, va_score: 0.790000
te_loss: 0.698120, te_score: 0.620000

time = 13
tr_loss: 0.628742, tr_score: 0.685000
va_loss: 0.654992, va_score: 0.660000
te_loss: 0.574821, te_score: 0.740000

time = 13
tr_loss: 0.527526, tr_score: 0.750000
va_loss: 0.560359, va_score: 0.770000
te_loss: 0.569839, te_score: 0.750000

time = 13
tr_loss: 0.583150, tr_score: 0.707500
va_loss: 0.633258, va_score: 0.660000
te_loss: 0.625908, te_score: 0.680000

time = 13
tr_loss: 0.588322, tr_score: 0.706250
va_loss: 0.610044, va_score: 0.660000
te_loss: 0.630053, te_score: 0.710000

time = 13
tr_loss: 0.568567, tr_score: 0.722500
va_loss: 0.570213, va_score: 0.750000
te_loss: 0.572374, te_score: 0.680000

time = 13
tr_loss: 0.571659, tr_score: 0.721250
va_loss: 0.539840, va_score: 0.790000
te_loss: 0.520978, te_score: 0.810000

time = 13
tr_loss: 0.614227, tr_score: 0.672500
va_loss: 0.694019, va_score: 0.620000
te_loss: 0.563124, te_score: 0.730000

time = 13
tr_loss: 0.598978, tr_score: 0.722500
va_loss: 0.620865, va_score: 0.690000
te_loss: 0.698588, te_score: 0.590000

time = 13
tr_loss: 0.532383, tr_score: 0.735000
va_loss: 0.581004, va_score: 0.680000
te_loss: 0.560097, te_score: 0.750000

time = 13
tr_loss: 0.578360, tr_score: 0.716250
va_loss: 0.628431, va_score: 0.680000
te_loss: 0.581632, te_score: 0.670000

time = 13
tr_loss: 0.618394, tr_score: 0.707500
va_loss: 0.519904, va_score: 0.760000
te_loss: 0.642699, te_score: 0.700000

time = 13
tr_loss: 0.544779, tr_score: 0.735000
va_loss: 0.538475, va_score: 0.790000
te_loss: 0.498764, te_score: 0.790000

time = 13
tr_loss: 0.570675, tr_score: 0.726250
va_loss: 0.580590, va_score: 0.690000
te_loss: 0.623391, te_score: 0.700000

time = 13
tr_loss: 0.576439, tr_score: 0.707500
va_loss: 0.525410, va_score: 0.770000
te_loss: 0.704967, te_score: 0.610000

time = 13
tr_loss: 0.590740, tr_score: 0.703750
va_loss: 0.509519, va_score: 0.810000
te_loss: 0.554957, te_score: 0.740000

time = 13
tr_loss: 0.573341, tr_score: 0.708750
va_loss: 0.509652, va_score: 0.790000
te_loss: 0.634415, te_score: 0.660000

time = 13
tr_loss: 0.564065, tr_score: 0.727500
va_loss: 0.564696, va_score: 0.720000
te_loss: 0.495139, te_score: 0.770000

======================================================
13  Seed:  [3706. 3756. 2533. 6590. 1761. 5957. 4965. 8699. 1302.  214. 1426. 3422.
 9979.   35. 8073. 6183. 7853. 8174. 4923.  725.]
tr_loss: 0.577251, tr_score: 0.715000
va_loss: 0.575214, va_score: 0.726000
te_loss: 0.598388, te_score: 0.704500
time = 14
tr_loss: 0.580822, tr_score: 0.718750
va_loss: 0.614427, va_score: 0.670000
te_loss: 0.592030, te_score: 0.690000

time = 14
tr_loss: 0.571082, tr_score: 0.720000
va_loss: 0.628269, va_score: 0.690000
te_loss: 0.568951, te_score: 0.680000

time = 14
tr_loss: 0.561587, tr_score: 0.718750
va_loss: 0.544697, va_score: 0.740000
te_loss: 0.584282, te_score: 0.690000

time = 14
tr_loss: 0.552637, tr_score: 0.712500
va_loss: 0.570888, va_score: 0.700000
te_loss: 0.519733, te_score: 0.790000

time = 14
tr_loss: 0.531207, tr_score: 0.733750
va_loss: 0.593787, va_score: 0.660000
te_loss: 0.566276, te_score: 0.700000

time = 14
tr_loss: 0.563268, tr_score: 0.736250
va_loss: 0.580816, va_score: 0.740000
te_loss: 0.664154, te_score: 0.660000

time = 14
tr_loss: 0.638907, tr_score: 0.686250
va_loss: 0.575536, va_score: 0.790000
te_loss: 0.629928, te_score: 0.670000

time = 14
tr_loss: 0.582014, tr_score: 0.702500
va_loss: 0.607079, va_score: 0.700000
te_loss: 0.577500, te_score: 0.690000

time = 14
tr_loss: 0.589088, tr_score: 0.697500
va_loss: 0.572490, va_score: 0.730000
te_loss: 0.562601, te_score: 0.720000

time = 14
tr_loss: 0.553828, tr_score: 0.726250
va_loss: 0.451666, va_score: 0.820000
te_loss: 0.640962, te_score: 0.640000

time = 14
tr_loss: 0.603264, tr_score: 0.698750
va_loss: 0.555119, va_score: 0.780000
te_loss: 0.556542, te_score: 0.740000

time = 14
tr_loss: 0.583022, tr_score: 0.725000
va_loss: 0.581445, va_score: 0.730000
te_loss: 0.584293, te_score: 0.740000

time = 14
tr_loss: 0.583889, tr_score: 0.693750
va_loss: 0.527076, va_score: 0.760000
te_loss: 0.588654, te_score: 0.720000

time = 14
tr_loss: 0.518240, tr_score: 0.752500
va_loss: 0.482652, va_score: 0.810000
te_loss: 0.522306, te_score: 0.770000

time = 14
tr_loss: 0.565104, tr_score: 0.720000
va_loss: 0.626626, va_score: 0.680000
te_loss: 0.555125, te_score: 0.780000

time = 14
tr_loss: 0.602998, tr_score: 0.690000
va_loss: 0.571255, va_score: 0.750000
te_loss: 0.562012, te_score: 0.730000

time = 14
tr_loss: 0.586150, tr_score: 0.718750
va_loss: 0.547747, va_score: 0.750000
te_loss: 0.665062, te_score: 0.660000

time = 14
tr_loss: 0.603055, tr_score: 0.713750
va_loss: 0.620477, va_score: 0.700000
te_loss: 0.584214, te_score: 0.730000

time = 14
tr_loss: 0.591019, tr_score: 0.693750
va_loss: 0.623334, va_score: 0.680000
te_loss: 0.661440, te_score: 0.670000

time = 14
tr_loss: 0.584910, tr_score: 0.708750
va_loss: 0.588046, va_score: 0.710000
te_loss: 0.528810, te_score: 0.780000

======================================================
14  Seed:  [6736. 9332. 4026. 8791. 2185. 8095. 4925. 3877. 8332. 6847. 5871. 5004.
 2796. 4961. 1467. 7787. 3868. 5255. 9307. 9073.]
tr_loss: 0.577305, tr_score: 0.713375
va_loss: 0.573171, va_score: 0.729500
te_loss: 0.585744, te_score: 0.712500
time = 15
tr_loss: 0.588487, tr_score: 0.708750
va_loss: 0.628014, va_score: 0.710000
te_loss: 0.622692, te_score: 0.690000

time = 15
tr_loss: 0.574417, tr_score: 0.698750
va_loss: 0.572861, va_score: 0.720000
te_loss: 0.507317, te_score: 0.750000

time = 15
tr_loss: 0.556888, tr_score: 0.728750
va_loss: 0.597530, va_score: 0.700000
te_loss: 0.595324, te_score: 0.710000

time = 15
tr_loss: 0.608448, tr_score: 0.698750
va_loss: 0.571580, va_score: 0.740000
te_loss: 0.668668, te_score: 0.640000

time = 15
tr_loss: 0.578622, tr_score: 0.703750
va_loss: 0.542638, va_score: 0.750000
te_loss: 0.582181, te_score: 0.690000

time = 15
tr_loss: 0.537857, tr_score: 0.713750
va_loss: 0.594476, va_score: 0.650000
te_loss: 0.574350, te_score: 0.700000

time = 15
tr_loss: 0.573068, tr_score: 0.727500
va_loss: 0.574494, va_score: 0.700000
te_loss: 0.530401, te_score: 0.760000

time = 15
tr_loss: 0.593398, tr_score: 0.698750
va_loss: 0.651800, va_score: 0.720000
te_loss: 0.624771, te_score: 0.710000

time = 15
tr_loss: 0.600932, tr_score: 0.651250
va_loss: 0.608373, va_score: 0.650000
te_loss: 0.572788, te_score: 0.670000

time = 15
tr_loss: 0.603709, tr_score: 0.705000
va_loss: 0.659860, va_score: 0.690000
te_loss: 0.643732, te_score: 0.660000

time = 15
tr_loss: 0.574197, tr_score: 0.706250
va_loss: 0.538073, va_score: 0.730000
te_loss: 0.572227, te_score: 0.700000

time = 15
tr_loss: 0.609670, tr_score: 0.711250
va_loss: 0.596687, va_score: 0.750000
te_loss: 0.632273, te_score: 0.690000

time = 15
tr_loss: 0.600519, tr_score: 0.715000
va_loss: 0.565368, va_score: 0.740000
te_loss: 0.663005, te_score: 0.680000

time = 15
tr_loss: 0.505185, tr_score: 0.760000
va_loss: 0.542499, va_score: 0.730000
te_loss: 0.512361, te_score: 0.730000

time = 15
tr_loss: 0.542234, tr_score: 0.736250
va_loss: 0.532519, va_score: 0.730000
te_loss: 0.590618, te_score: 0.710000

time = 15
tr_loss: 0.581035, tr_score: 0.710000
va_loss: 0.627006, va_score: 0.660000
te_loss: 0.604463, te_score: 0.660000

time = 15
tr_loss: 0.676675, tr_score: 0.693750
va_loss: 0.586196, va_score: 0.750000
te_loss: 0.671439, te_score: 0.670000

time = 15
tr_loss: 0.553875, tr_score: 0.736250
va_loss: 0.566460, va_score: 0.730000
te_loss: 0.635387, te_score: 0.650000

time = 15
tr_loss: 0.600457, tr_score: 0.712500
va_loss: 0.597426, va_score: 0.700000
te_loss: 0.609845, te_score: 0.700000

time = 15
tr_loss: 0.561415, tr_score: 0.721250
va_loss: 0.592058, va_score: 0.720000
te_loss: 0.532619, te_score: 0.740000

======================================================
15  Seed:  [ 879. 4612.  287.  491. 3659. 8251. 7507. 1140. 3507. 4318. 9716. 8900.
 3870. 2555. 7340. 8792.  757. 6674. 3143.  691.]
tr_loss: 0.581055, tr_score: 0.711875
va_loss: 0.587296, va_score: 0.713500
te_loss: 0.597323, te_score: 0.695500
time = 16
tr_loss: 0.578666, tr_score: 0.716250
va_loss: 0.575580, va_score: 0.730000
te_loss: 0.607126, te_score: 0.670000

time = 16
tr_loss: 0.555657, tr_score: 0.723750
va_loss: 0.563963, va_score: 0.710000
te_loss: 0.623845, te_score: 0.640000

time = 16
tr_loss: 0.562544, tr_score: 0.700000
va_loss: 0.539369, va_score: 0.740000
te_loss: 0.628996, te_score: 0.660000

time = 16
tr_loss: 0.582434, tr_score: 0.698750
va_loss: 0.602146, va_score: 0.680000
te_loss: 0.553048, te_score: 0.730000

time = 16
tr_loss: 0.565134, tr_score: 0.705000
va_loss: 0.546616, va_score: 0.780000
te_loss: 0.582815, te_score: 0.720000

time = 16
tr_loss: 0.563944, tr_score: 0.716250
va_loss: 0.565843, va_score: 0.720000
te_loss: 0.656656, te_score: 0.630000

time = 16
tr_loss: 0.594568, tr_score: 0.721250
va_loss: 0.657866, va_score: 0.670000
te_loss: 0.588705, te_score: 0.750000

time = 16
tr_loss: 0.551320, tr_score: 0.737500
va_loss: 0.588664, va_score: 0.700000
te_loss: 0.583151, te_score: 0.710000

time = 16
tr_loss: 0.588477, tr_score: 0.692500
va_loss: 0.600102, va_score: 0.720000
te_loss: 0.532344, te_score: 0.760000

time = 16
tr_loss: 0.616148, tr_score: 0.706250
va_loss: 0.668776, va_score: 0.670000
te_loss: 0.676118, te_score: 0.660000

time = 16
tr_loss: 0.561359, tr_score: 0.723750
va_loss: 0.591256, va_score: 0.710000
te_loss: 0.599303, te_score: 0.670000

time = 16
tr_loss: 0.582400, tr_score: 0.720000
va_loss: 0.602971, va_score: 0.690000
te_loss: 0.599765, te_score: 0.690000

time = 16
tr_loss: 0.545329, tr_score: 0.726250
va_loss: 0.634936, va_score: 0.650000
te_loss: 0.517043, te_score: 0.760000

time = 16
tr_loss: 0.587653, tr_score: 0.690000
va_loss: 0.545893, va_score: 0.750000
te_loss: 0.542039, te_score: 0.760000

time = 16
tr_loss: 0.588334, tr_score: 0.706250
va_loss: 0.518867, va_score: 0.730000
te_loss: 0.577407, te_score: 0.730000

time = 16
tr_loss: 0.598715, tr_score: 0.710000
va_loss: 0.651243, va_score: 0.650000
te_loss: 0.604655, te_score: 0.710000

time = 16
tr_loss: 0.565550, tr_score: 0.715000
va_loss: 0.557841, va_score: 0.720000
te_loss: 0.590662, te_score: 0.680000

time = 16
tr_loss: 0.596755, tr_score: 0.705000
va_loss: 0.614681, va_score: 0.650000
te_loss: 0.602452, te_score: 0.710000

time = 16
tr_loss: 0.564375, tr_score: 0.703750
va_loss: 0.465880, va_score: 0.810000
te_loss: 0.637384, te_score: 0.650000

time = 16
tr_loss: 0.622155, tr_score: 0.680000
va_loss: 0.605416, va_score: 0.700000
te_loss: 0.601174, te_score: 0.720000

======================================================
16  Seed:  [9082. 6878.  978. 6918.   35. 3547.  812. 1562. 5243. 8191. 5330. 4602.
 2929. 4830.  303. 9956. 3156. 7475. 4637.  734.]
tr_loss: 0.578576, tr_score: 0.709875
va_loss: 0.584895, va_score: 0.709000
te_loss: 0.595234, te_score: 0.700500
time = 17
tr_loss: 0.601808, tr_score: 0.706250
va_loss: 0.593886, va_score: 0.720000
te_loss: 0.622333, te_score: 0.680000

time = 17
tr_loss: 0.581077, tr_score: 0.711250
va_loss: 0.683666, va_score: 0.670000
te_loss: 0.597281, te_score: 0.680000

time = 17
tr_loss: 0.597220, tr_score: 0.715000
va_loss: 0.639000, va_score: 0.650000
te_loss: 0.595466, te_score: 0.710000

time = 17
tr_loss: 0.584266, tr_score: 0.717500
va_loss: 0.626785, va_score: 0.660000
te_loss: 0.579006, te_score: 0.710000

time = 17
tr_loss: 0.610682, tr_score: 0.696250
va_loss: 0.545323, va_score: 0.790000
te_loss: 0.597453, te_score: 0.740000

time = 17
tr_loss: 0.510986, tr_score: 0.753750
va_loss: 0.517655, va_score: 0.740000
te_loss: 0.583104, te_score: 0.700000

time = 17
tr_loss: 0.576728, tr_score: 0.721250
va_loss: 0.648194, va_score: 0.650000
te_loss: 0.669914, te_score: 0.670000

time = 17
tr_loss: 0.586550, tr_score: 0.722500
va_loss: 0.619548, va_score: 0.680000
te_loss: 0.683153, te_score: 0.640000

time = 17
tr_loss: 0.585081, tr_score: 0.695000
va_loss: 0.586870, va_score: 0.700000
te_loss: 0.555482, te_score: 0.740000

time = 17
tr_loss: 0.547785, tr_score: 0.737500
va_loss: 0.620455, va_score: 0.700000
te_loss: 0.646859, te_score: 0.660000

time = 17
tr_loss: 0.580466, tr_score: 0.708750
va_loss: 0.630713, va_score: 0.700000
te_loss: 0.624361, te_score: 0.660000

time = 17
tr_loss: 0.565818, tr_score: 0.705000
va_loss: 0.639807, va_score: 0.680000
te_loss: 0.564121, te_score: 0.680000

time = 17
tr_loss: 0.542930, tr_score: 0.726250
va_loss: 0.559731, va_score: 0.730000
te_loss: 0.501879, te_score: 0.770000

time = 17
tr_loss: 0.569130, tr_score: 0.703750
va_loss: 0.517473, va_score: 0.730000
te_loss: 0.523867, te_score: 0.770000

time = 17
tr_loss: 0.521648, tr_score: 0.740000
va_loss: 0.612969, va_score: 0.690000
te_loss: 0.600834, te_score: 0.680000

time = 17
tr_loss: 0.592215, tr_score: 0.708750
va_loss: 0.544463, va_score: 0.740000
te_loss: 0.587816, te_score: 0.710000

time = 17
tr_loss: 0.538683, tr_score: 0.722500
va_loss: 0.651431, va_score: 0.640000
te_loss: 0.567117, te_score: 0.740000

time = 17
tr_loss: 0.556867, tr_score: 0.732500
va_loss: 0.555303, va_score: 0.710000
te_loss: 0.536210, te_score: 0.720000

time = 17
tr_loss: 0.554291, tr_score: 0.720000
va_loss: 0.518141, va_score: 0.800000
te_loss: 0.562312, te_score: 0.730000

time = 17
tr_loss: 0.571160, tr_score: 0.726250
va_loss: 0.527186, va_score: 0.760000
te_loss: 0.579800, te_score: 0.720000

======================================================
17  Seed:  [9997. 6891. 7283.  296. 4194.  627. 9187. 9699.  412. 3964. 5059. 1882.
 6859. 7098. 9012. 6459. 3018. 8410. 9321. 1260.]
tr_loss: 0.568770, tr_score: 0.718500
va_loss: 0.591930, va_score: 0.707000
te_loss: 0.588918, te_score: 0.705500
time = 18
tr_loss: 0.521747, tr_score: 0.752500
va_loss: 0.504482, va_score: 0.770000
te_loss: 0.489333, te_score: 0.780000

time = 18
tr_loss: 0.600759, tr_score: 0.691250
va_loss: 0.571426, va_score: 0.720000
te_loss: 0.589760, te_score: 0.710000

time = 18
tr_loss: 0.552155, tr_score: 0.722500
va_loss: 0.523017, va_score: 0.730000
te_loss: 0.616787, te_score: 0.630000

time = 18
tr_loss: 0.543341, tr_score: 0.718750
va_loss: 0.562159, va_score: 0.730000
te_loss: 0.522699, te_score: 0.760000

time = 18
tr_loss: 0.574370, tr_score: 0.710000
va_loss: 0.637227, va_score: 0.670000
te_loss: 0.514805, te_score: 0.780000

time = 18
tr_loss: 0.586298, tr_score: 0.715000
va_loss: 0.567909, va_score: 0.670000
te_loss: 0.564932, te_score: 0.760000

time = 18
tr_loss: 0.578683, tr_score: 0.715000
va_loss: 0.626393, va_score: 0.680000
te_loss: 0.545277, te_score: 0.770000

time = 18
tr_loss: 0.573848, tr_score: 0.715000
va_loss: 0.617662, va_score: 0.700000
te_loss: 0.700511, te_score: 0.580000

time = 18
tr_loss: 0.599875, tr_score: 0.706250
va_loss: 0.541556, va_score: 0.760000
te_loss: 0.610897, te_score: 0.680000

time = 18
tr_loss: 0.507894, tr_score: 0.775000
va_loss: 0.512000, va_score: 0.760000
te_loss: 0.540444, te_score: 0.710000

time = 18
tr_loss: 0.566231, tr_score: 0.727500
va_loss: 0.673878, va_score: 0.630000
te_loss: 0.568884, te_score: 0.730000

time = 18
tr_loss: 0.542078, tr_score: 0.735000
va_loss: 0.587034, va_score: 0.690000
te_loss: 0.556852, te_score: 0.740000

time = 18
tr_loss: 0.598018, tr_score: 0.700000
va_loss: 0.630939, va_score: 0.700000
te_loss: 0.588106, te_score: 0.730000

time = 18
tr_loss: 0.552845, tr_score: 0.722500
va_loss: 0.545551, va_score: 0.750000
te_loss: 0.539192, te_score: 0.730000

time = 18
tr_loss: 0.592793, tr_score: 0.702500
va_loss: 0.542678, va_score: 0.740000
te_loss: 0.520693, te_score: 0.760000

time = 18
tr_loss: 0.607608, tr_score: 0.686250
va_loss: 0.550126, va_score: 0.750000
te_loss: 0.514484, te_score: 0.780000

time = 18
tr_loss: 0.573979, tr_score: 0.725000
va_loss: 0.622265, va_score: 0.670000
te_loss: 0.514720, te_score: 0.780000

time = 18
tr_loss: 0.589009, tr_score: 0.702500
va_loss: 0.558140, va_score: 0.730000
te_loss: 0.639252, te_score: 0.670000

time = 18
tr_loss: 0.571923, tr_score: 0.727500
va_loss: 0.568149, va_score: 0.750000
te_loss: 0.619737, te_score: 0.680000

time = 18
tr_loss: 0.535839, tr_score: 0.728750
va_loss: 0.487942, va_score: 0.780000
te_loss: 0.566087, te_score: 0.720000

======================================================
18  Seed:  [ 873. 4207. 9606. 9170. 6333. 9407. 8590.  438. 6112. 2282. 5826. 4132.
 5788. 3773.  899. 1544. 7119. 3120. 1138. 3253.]
tr_loss: 0.568465, tr_score: 0.718937
va_loss: 0.571527, va_score: 0.719000
te_loss: 0.566173, te_score: 0.724000
time = 19
tr_loss: 0.562193, tr_score: 0.723750
va_loss: 0.619804, va_score: 0.650000
te_loss: 0.614501, te_score: 0.700000

time = 19
tr_loss: 0.582083, tr_score: 0.718750
va_loss: 0.570743, va_score: 0.700000
te_loss: 0.637300, te_score: 0.650000

time = 19
tr_loss: 0.565397, tr_score: 0.720000
va_loss: 0.493397, va_score: 0.790000
te_loss: 0.600475, te_score: 0.720000

time = 19
tr_loss: 0.604261, tr_score: 0.707500
va_loss: 0.631803, va_score: 0.660000
te_loss: 0.640832, te_score: 0.690000

time = 19
tr_loss: 0.582921, tr_score: 0.700000
va_loss: 0.561151, va_score: 0.740000
te_loss: 0.535760, te_score: 0.740000

time = 19
tr_loss: 0.582608, tr_score: 0.713750
va_loss: 0.585471, va_score: 0.720000
te_loss: 0.631269, te_score: 0.670000

time = 19
tr_loss: 0.601181, tr_score: 0.705000
va_loss: 0.567193, va_score: 0.720000
te_loss: 0.649472, te_score: 0.670000

time = 19
tr_loss: 0.530804, tr_score: 0.730000
va_loss: 0.601113, va_score: 0.690000
te_loss: 0.577241, te_score: 0.690000

time = 19
tr_loss: 0.596554, tr_score: 0.696250
va_loss: 0.606247, va_score: 0.680000
te_loss: 0.569371, te_score: 0.730000

time = 19
tr_loss: 0.567223, tr_score: 0.706250
va_loss: 0.577463, va_score: 0.660000
te_loss: 0.612010, te_score: 0.700000

time = 19
tr_loss: 0.572544, tr_score: 0.711250
va_loss: 0.611146, va_score: 0.690000
te_loss: 0.606621, te_score: 0.680000

time = 19
tr_loss: 0.532512, tr_score: 0.743750
va_loss: 0.567212, va_score: 0.720000
te_loss: 0.535524, te_score: 0.740000

time = 19
tr_loss: 0.549034, tr_score: 0.742500
va_loss: 0.564721, va_score: 0.680000
te_loss: 0.586723, te_score: 0.680000

time = 19
tr_loss: 0.551217, tr_score: 0.721250
va_loss: 0.531434, va_score: 0.760000
te_loss: 0.569111, te_score: 0.730000

time = 19
tr_loss: 0.617029, tr_score: 0.687500
va_loss: 0.670181, va_score: 0.680000
te_loss: 0.573470, te_score: 0.700000

time = 19
tr_loss: 0.575358, tr_score: 0.688750
va_loss: 0.552670, va_score: 0.680000
te_loss: 0.587744, te_score: 0.650000

time = 19
tr_loss: 0.544378, tr_score: 0.733750
va_loss: 0.562753, va_score: 0.710000
te_loss: 0.574170, te_score: 0.710000

time = 19
tr_loss: 0.625913, tr_score: 0.701250
va_loss: 0.668954, va_score: 0.680000
te_loss: 0.628752, te_score: 0.710000

time = 19
tr_loss: 0.582971, tr_score: 0.706250
va_loss: 0.546292, va_score: 0.710000
te_loss: 0.600801, te_score: 0.690000

time = 19
tr_loss: 0.571925, tr_score: 0.711250
va_loss: 0.633265, va_score: 0.640000
te_loss: 0.575425, te_score: 0.770000

======================================================
19  Seed:  [3709. 6253. 7969. 4492. 4878.  212. 2129. 7387.  610. 9877. 6936. 8416.
 1824. 6324. 9841. 5493. 7619. 7977.  518. 1963.]
tr_loss: 0.574905, tr_score: 0.713438
va_loss: 0.586151, va_score: 0.698000
te_loss: 0.595329, te_score: 0.701000
time = 20
tr_loss: 0.572274, tr_score: 0.711250
va_loss: 0.588085, va_score: 0.700000
te_loss: 0.586981, te_score: 0.720000

time = 20
tr_loss: 0.581303, tr_score: 0.692500
va_loss: 0.569212, va_score: 0.740000
te_loss: 0.544531, te_score: 0.710000

time = 20
tr_loss: 0.596049, tr_score: 0.707500
va_loss: 0.594474, va_score: 0.720000
te_loss: 0.624681, te_score: 0.670000

time = 20
tr_loss: 0.607120, tr_score: 0.697500
va_loss: 0.655653, va_score: 0.680000
te_loss: 0.511339, te_score: 0.790000

time = 20
tr_loss: 0.584750, tr_score: 0.708750
va_loss: 0.636752, va_score: 0.650000
te_loss: 0.605221, te_score: 0.690000

time = 20
tr_loss: 0.557733, tr_score: 0.708750
va_loss: 0.541157, va_score: 0.770000
te_loss: 0.550757, te_score: 0.700000

time = 20
tr_loss: 0.567360, tr_score: 0.707500
va_loss: 0.543029, va_score: 0.770000
te_loss: 0.560575, te_score: 0.720000

time = 20
tr_loss: 0.601046, tr_score: 0.705000
va_loss: 0.646580, va_score: 0.660000
te_loss: 0.569178, te_score: 0.730000

time = 20
tr_loss: 0.600207, tr_score: 0.691250
va_loss: 0.627201, va_score: 0.670000
te_loss: 0.521081, te_score: 0.770000

time = 20
tr_loss: 0.607407, tr_score: 0.705000
va_loss: 0.506864, va_score: 0.810000
te_loss: 0.568791, te_score: 0.700000

time = 20
tr_loss: 0.588135, tr_score: 0.696250
va_loss: 0.591362, va_score: 0.690000
te_loss: 0.553920, te_score: 0.730000

time = 20
tr_loss: 0.573555, tr_score: 0.701250
va_loss: 0.569783, va_score: 0.740000
te_loss: 0.570154, te_score: 0.760000

time = 20
tr_loss: 0.580991, tr_score: 0.698750
va_loss: 0.581146, va_score: 0.730000
te_loss: 0.606386, te_score: 0.690000

time = 20
tr_loss: 0.612525, tr_score: 0.707500
va_loss: 0.618209, va_score: 0.690000
te_loss: 0.603861, te_score: 0.700000

time = 20
tr_loss: 0.610066, tr_score: 0.702500
va_loss: 0.605337, va_score: 0.720000
te_loss: 0.618808, te_score: 0.700000

time = 20
tr_loss: 0.586568, tr_score: 0.716250
va_loss: 0.639944, va_score: 0.660000
te_loss: 0.581146, te_score: 0.750000

time = 20
tr_loss: 0.565575, tr_score: 0.713750
va_loss: 0.570552, va_score: 0.680000
te_loss: 0.580212, te_score: 0.690000

time = 20
tr_loss: 0.602634, tr_score: 0.696250
va_loss: 0.606172, va_score: 0.690000
te_loss: 0.548793, te_score: 0.720000

time = 20
tr_loss: 0.573799, tr_score: 0.708750
va_loss: 0.545952, va_score: 0.700000
te_loss: 0.554332, te_score: 0.760000

time = 20
tr_loss: 0.613276, tr_score: 0.685000
va_loss: 0.616436, va_score: 0.690000
te_loss: 0.606558, te_score: 0.690000

======================================================
20  Seed:  [8890. 5137. 6638. 5364. 3035. 4210. 5798. 9783. 7946.  146. 8127. 1556.
 1338. 7812. 5900. 6230. 6141. 6234. 5455. 7649.]
tr_loss: 0.589119, tr_score: 0.703063
va_loss: 0.592695, va_score: 0.708000
te_loss: 0.573365, te_score: 0.719500


mid seed:  [3706. 3756. 2533. 6590. 1761. 5957. 4965. 8699. 1302.  214. 1426. 3422.
 9979.   35. 8073. 6183. 7853. 8174. 4923.  725.]
mid test scores 0.7044999999999999
