time = 0
tr_loss: 0.599941, tr_score: 0.701250
va_loss: 0.605015, va_score: 0.720000
te_loss: 0.597477, te_score: 0.730000

time = 0
tr_loss: 0.567533, tr_score: 0.727500
va_loss: 0.659780, va_score: 0.660000
te_loss: 0.711535, te_score: 0.600000

time = 0
tr_loss: 0.532439, tr_score: 0.720000
va_loss: 0.566849, va_score: 0.680000
te_loss: 0.625891, te_score: 0.680000

time = 0
tr_loss: 0.584832, tr_score: 0.716250
va_loss: 0.562673, va_score: 0.730000
te_loss: 0.569151, te_score: 0.700000

time = 0
tr_loss: 0.586980, tr_score: 0.692500
va_loss: 0.605105, va_score: 0.690000
te_loss: 0.540940, te_score: 0.790000

time = 0
tr_loss: 0.570471, tr_score: 0.733750
va_loss: 0.663641, va_score: 0.640000
te_loss: 0.673762, te_score: 0.620000

time = 0
tr_loss: 0.577862, tr_score: 0.705000
va_loss: 0.611723, va_score: 0.640000
te_loss: 0.503555, te_score: 0.780000

time = 0
tr_loss: 0.581923, tr_score: 0.691250
va_loss: 0.519200, va_score: 0.790000
te_loss: 0.603279, te_score: 0.670000

time = 0
tr_loss: 0.574343, tr_score: 0.716250
va_loss: 0.532347, va_score: 0.770000
te_loss: 0.580949, te_score: 0.710000

time = 0
tr_loss: 0.575134, tr_score: 0.716250
va_loss: 0.618195, va_score: 0.660000
te_loss: 0.528109, te_score: 0.760000

time = 0
tr_loss: 0.588617, tr_score: 0.702500
va_loss: 0.522354, va_score: 0.770000
te_loss: 0.658490, te_score: 0.640000

time = 0
tr_loss: 0.586511, tr_score: 0.717500
va_loss: 0.600743, va_score: 0.710000
te_loss: 0.731089, te_score: 0.560000

time = 0
tr_loss: 0.507188, tr_score: 0.756250
va_loss: 0.533955, va_score: 0.730000
te_loss: 0.535497, te_score: 0.760000

time = 0
tr_loss: 0.546134, tr_score: 0.717500
va_loss: 0.576826, va_score: 0.670000
te_loss: 0.665147, te_score: 0.570000

time = 0
tr_loss: 0.556433, tr_score: 0.710000
va_loss: 0.595532, va_score: 0.660000
te_loss: 0.601149, te_score: 0.680000

time = 0
tr_loss: 0.571332, tr_score: 0.713750
va_loss: 0.616639, va_score: 0.640000
te_loss: 0.573579, te_score: 0.740000

time = 0
tr_loss: 0.588932, tr_score: 0.712500
va_loss: 0.650139, va_score: 0.680000
te_loss: 0.581346, te_score: 0.740000

time = 0
tr_loss: 0.553397, tr_score: 0.712500
va_loss: 0.619019, va_score: 0.650000
te_loss: 0.626886, te_score: 0.640000

time = 0
tr_loss: 0.562475, tr_score: 0.720000
va_loss: 0.587921, va_score: 0.700000
te_loss: 0.662789, te_score: 0.670000

time = 0
tr_loss: 0.599949, tr_score: 0.693750
va_loss: 0.522375, va_score: 0.790000
te_loss: 0.653299, te_score: 0.630000

======================================================
0  Seed:  [ 140. 2411. 2238. 5068. 2300. 9812. 6334. 4380. 4021. 8554. 2226. 8534.
 4715. 7921. 4457. 6212.  255.  495. 8301.  932.]
tr_loss: 0.570621, tr_score: 0.713813
va_loss: 0.588502, va_score: 0.699000
te_loss: 0.611196, te_score: 0.683500
time = 1
tr_loss: 0.547115, tr_score: 0.727500
va_loss: 0.629103, va_score: 0.660000
te_loss: 0.556034, te_score: 0.730000

time = 1
tr_loss: 0.616908, tr_score: 0.705000
va_loss: 0.685604, va_score: 0.640000
te_loss: 0.605124, te_score: 0.730000

time = 1
tr_loss: 0.589668, tr_score: 0.695000
va_loss: 0.600129, va_score: 0.690000
te_loss: 0.527727, te_score: 0.760000

time = 1
tr_loss: 0.556694, tr_score: 0.733750
va_loss: 0.515236, va_score: 0.790000
te_loss: 0.571161, te_score: 0.700000

time = 1
tr_loss: 0.582987, tr_score: 0.722500
va_loss: 0.647032, va_score: 0.630000
te_loss: 0.625422, te_score: 0.680000

time = 1
tr_loss: 0.583804, tr_score: 0.716250
va_loss: 0.616749, va_score: 0.680000
te_loss: 0.559322, te_score: 0.770000

time = 1
tr_loss: 0.574643, tr_score: 0.716250
va_loss: 0.544206, va_score: 0.720000
te_loss: 0.560908, te_score: 0.690000

time = 1
tr_loss: 0.570005, tr_score: 0.717500
va_loss: 0.553683, va_score: 0.740000
te_loss: 0.512829, te_score: 0.730000

time = 1
tr_loss: 0.583136, tr_score: 0.708750
va_loss: 0.615530, va_score: 0.690000
te_loss: 0.532324, te_score: 0.770000

time = 1
tr_loss: 0.629868, tr_score: 0.707500
va_loss: 0.591602, va_score: 0.730000
te_loss: 0.728572, te_score: 0.610000

time = 1
tr_loss: 0.533592, tr_score: 0.740000
va_loss: 0.573234, va_score: 0.700000
te_loss: 0.492671, te_score: 0.750000

time = 1
tr_loss: 0.548742, tr_score: 0.716250
va_loss: 0.566213, va_score: 0.700000
te_loss: 0.580177, te_score: 0.720000

time = 1
tr_loss: 0.579473, tr_score: 0.715000
va_loss: 0.491536, va_score: 0.810000
te_loss: 0.635661, te_score: 0.640000

time = 1
tr_loss: 0.586073, tr_score: 0.697500
va_loss: 0.616873, va_score: 0.690000
te_loss: 0.583354, te_score: 0.730000

time = 1
tr_loss: 0.537442, tr_score: 0.710000
va_loss: 0.586267, va_score: 0.670000
te_loss: 0.547786, te_score: 0.720000

time = 1
tr_loss: 0.577575, tr_score: 0.712500
va_loss: 0.576136, va_score: 0.700000
te_loss: 0.593551, te_score: 0.690000

time = 1
tr_loss: 0.621617, tr_score: 0.698750
va_loss: 0.541243, va_score: 0.760000
te_loss: 0.670745, te_score: 0.650000

time = 1
tr_loss: 0.591189, tr_score: 0.702500
va_loss: 0.638699, va_score: 0.670000
te_loss: 0.583243, te_score: 0.710000

time = 1
tr_loss: 0.627578, tr_score: 0.690000
va_loss: 0.500398, va_score: 0.770000
te_loss: 0.660938, te_score: 0.610000

time = 1
tr_loss: 0.598421, tr_score: 0.690000
va_loss: 0.573023, va_score: 0.710000
te_loss: 0.524660, te_score: 0.790000

======================================================
1  Seed:  [8640.  888. 4066.  552. 1437. 6591. 8969.  824. 8811.  938.  550. 9822.
 6241. 3057. 1352. 8361. 5326. 3377. 2314. 8889.]
tr_loss: 0.581827, tr_score: 0.711125
va_loss: 0.583125, va_score: 0.707500
te_loss: 0.582611, te_score: 0.709000
time = 2
tr_loss: 0.590278, tr_score: 0.710000
va_loss: 0.591221, va_score: 0.740000
te_loss: 0.655623, te_score: 0.670000

time = 2
tr_loss: 0.597714, tr_score: 0.702500
va_loss: 0.534564, va_score: 0.760000
te_loss: 0.610663, te_score: 0.710000

time = 2
tr_loss: 0.557164, tr_score: 0.712500
va_loss: 0.537724, va_score: 0.780000
te_loss: 0.599032, te_score: 0.720000

time = 2
tr_loss: 0.587998, tr_score: 0.700000
va_loss: 0.630718, va_score: 0.690000
te_loss: 0.566998, te_score: 0.740000

time = 2
tr_loss: 0.561674, tr_score: 0.725000
va_loss: 0.546129, va_score: 0.750000
te_loss: 0.501219, te_score: 0.800000

time = 2
tr_loss: 0.564575, tr_score: 0.718750
va_loss: 0.592916, va_score: 0.680000
te_loss: 0.657453, te_score: 0.630000

time = 2
tr_loss: 0.591258, tr_score: 0.703750
va_loss: 0.644684, va_score: 0.670000
te_loss: 0.601069, te_score: 0.700000

time = 2
tr_loss: 0.567292, tr_score: 0.732500
va_loss: 0.542881, va_score: 0.790000
te_loss: 0.544293, te_score: 0.750000

time = 2
tr_loss: 0.567467, tr_score: 0.715000
va_loss: 0.528712, va_score: 0.720000
te_loss: 0.598160, te_score: 0.680000

time = 2
tr_loss: 0.582210, tr_score: 0.721250
va_loss: 0.555522, va_score: 0.740000
te_loss: 0.580556, te_score: 0.730000

time = 2
tr_loss: 0.577995, tr_score: 0.716250
va_loss: 0.589435, va_score: 0.700000
te_loss: 0.614927, te_score: 0.650000

time = 2
tr_loss: 0.605520, tr_score: 0.698750
va_loss: 0.591505, va_score: 0.730000
te_loss: 0.515010, te_score: 0.800000

time = 2
tr_loss: 0.597402, tr_score: 0.708750
va_loss: 0.561596, va_score: 0.760000
te_loss: 0.584974, te_score: 0.720000

time = 2
tr_loss: 0.562780, tr_score: 0.715000
va_loss: 0.560239, va_score: 0.730000
te_loss: 0.519718, te_score: 0.760000

time = 2
tr_loss: 0.582628, tr_score: 0.706250
va_loss: 0.560065, va_score: 0.730000
te_loss: 0.579704, te_score: 0.720000

time = 2
tr_loss: 0.572267, tr_score: 0.698750
va_loss: 0.524461, va_score: 0.710000
te_loss: 0.526223, te_score: 0.770000

time = 2
tr_loss: 0.568559, tr_score: 0.743750
va_loss: 0.563018, va_score: 0.730000
te_loss: 0.597377, te_score: 0.710000

time = 2
tr_loss: 0.599390, tr_score: 0.698750
va_loss: 0.630407, va_score: 0.660000
te_loss: 0.536780, te_score: 0.750000

time = 2
tr_loss: 0.580451, tr_score: 0.703750
va_loss: 0.585306, va_score: 0.700000
te_loss: 0.611320, te_score: 0.670000

time = 2
tr_loss: 0.593896, tr_score: 0.700000
va_loss: 0.606911, va_score: 0.680000
te_loss: 0.586836, te_score: 0.710000

======================================================
2  Seed:  [5478. 7027. 2150. 7559. 3662. 2043. 8598. 4158. 6442. 4398. 3939. 9768.
 5143. 2231.  162. 6860. 3496. 7749. 2530. 2730.]
tr_loss: 0.580426, tr_score: 0.711562
va_loss: 0.573901, va_score: 0.722500
te_loss: 0.579397, te_score: 0.719500
time = 3
tr_loss: 0.598214, tr_score: 0.703750
va_loss: 0.629175, va_score: 0.670000
te_loss: 0.601386, te_score: 0.700000

time = 3
tr_loss: 0.522667, tr_score: 0.732500
va_loss: 0.554378, va_score: 0.670000
te_loss: 0.516801, te_score: 0.750000

time = 3
tr_loss: 0.560271, tr_score: 0.716250
va_loss: 0.630710, va_score: 0.660000
te_loss: 0.607023, te_score: 0.680000

time = 3
tr_loss: 0.595259, tr_score: 0.698750
va_loss: 0.569008, va_score: 0.760000
te_loss: 0.576972, te_score: 0.720000

time = 3
tr_loss: 0.557301, tr_score: 0.727500
va_loss: 0.523901, va_score: 0.740000
te_loss: 0.582960, te_score: 0.720000

time = 3
tr_loss: 0.572205, tr_score: 0.717500
va_loss: 0.535947, va_score: 0.750000
te_loss: 0.587188, te_score: 0.650000

time = 3
tr_loss: 0.610305, tr_score: 0.711250
va_loss: 0.730675, va_score: 0.600000
te_loss: 0.633862, te_score: 0.700000

time = 3
tr_loss: 0.567895, tr_score: 0.727500
va_loss: 0.618661, va_score: 0.670000
te_loss: 0.611370, te_score: 0.660000

time = 3
tr_loss: 0.582487, tr_score: 0.718750
va_loss: 0.660614, va_score: 0.640000
te_loss: 0.586404, te_score: 0.700000

time = 3
tr_loss: 0.580236, tr_score: 0.712500
va_loss: 0.569173, va_score: 0.710000
te_loss: 0.585452, te_score: 0.670000

time = 3
tr_loss: 0.583996, tr_score: 0.707500
va_loss: 0.595849, va_score: 0.700000
te_loss: 0.567459, te_score: 0.740000

time = 3
tr_loss: 0.571829, tr_score: 0.725000
va_loss: 0.563485, va_score: 0.730000
te_loss: 0.597978, te_score: 0.700000

time = 3
tr_loss: 0.573688, tr_score: 0.721250
va_loss: 0.574364, va_score: 0.750000
te_loss: 0.570795, te_score: 0.740000

time = 3
tr_loss: 0.596146, tr_score: 0.697500
va_loss: 0.651165, va_score: 0.660000
te_loss: 0.535815, te_score: 0.760000

time = 3
tr_loss: 0.573211, tr_score: 0.711250
va_loss: 0.674126, va_score: 0.620000
te_loss: 0.607730, te_score: 0.680000

time = 3
tr_loss: 0.582662, tr_score: 0.715000
va_loss: 0.601302, va_score: 0.670000
te_loss: 0.566346, te_score: 0.730000

time = 3
tr_loss: 0.546731, tr_score: 0.743750
va_loss: 0.536587, va_score: 0.740000
te_loss: 0.628707, te_score: 0.670000

time = 3
tr_loss: 0.589910, tr_score: 0.716250
va_loss: 0.750774, va_score: 0.570000
te_loss: 0.592464, te_score: 0.700000

time = 3
tr_loss: 0.579015, tr_score: 0.712500
va_loss: 0.616713, va_score: 0.660000
te_loss: 0.597329, te_score: 0.650000

time = 3
tr_loss: 0.598763, tr_score: 0.711250
va_loss: 0.600002, va_score: 0.710000
te_loss: 0.585724, te_score: 0.730000

======================================================
3  Seed:  [6469. 3301. 7178. 4323. 9525.  454. 7215. 4562. 5178. 3971. 9338. 3960.
 2970. 9630. 2254.  396. 4264. 8949. 7913. 1289.]
tr_loss: 0.577140, tr_score: 0.716375
va_loss: 0.609331, va_score: 0.684000
te_loss: 0.586988, te_score: 0.702500
time = 4
tr_loss: 0.592429, tr_score: 0.691250
va_loss: 0.548936, va_score: 0.770000
te_loss: 0.567789, te_score: 0.730000

time = 4
tr_loss: 0.599384, tr_score: 0.698750
va_loss: 0.577292, va_score: 0.720000
te_loss: 0.565838, te_score: 0.730000

time = 4
tr_loss: 0.594735, tr_score: 0.708750
va_loss: 0.592190, va_score: 0.730000
te_loss: 0.604043, te_score: 0.680000

time = 4
tr_loss: 0.585290, tr_score: 0.713750
va_loss: 0.574858, va_score: 0.730000
te_loss: 0.628641, te_score: 0.700000

time = 4
tr_loss: 0.579307, tr_score: 0.721250
va_loss: 0.636281, va_score: 0.640000
te_loss: 0.596147, te_score: 0.720000

time = 4
tr_loss: 0.557279, tr_score: 0.718750
va_loss: 0.566570, va_score: 0.720000
te_loss: 0.515788, te_score: 0.730000

time = 4
tr_loss: 0.575740, tr_score: 0.713750
va_loss: 0.583177, va_score: 0.740000
te_loss: 0.573359, te_score: 0.720000

time = 4
tr_loss: 0.597896, tr_score: 0.703750
va_loss: 0.646376, va_score: 0.640000
te_loss: 0.545024, te_score: 0.750000

time = 4
tr_loss: 0.617346, tr_score: 0.701250
va_loss: 0.654015, va_score: 0.650000
te_loss: 0.547151, te_score: 0.750000

time = 4
tr_loss: 0.581751, tr_score: 0.702500
va_loss: 0.619400, va_score: 0.680000
te_loss: 0.600455, te_score: 0.660000

time = 4
tr_loss: 0.553144, tr_score: 0.715000
va_loss: 0.633257, va_score: 0.640000
te_loss: 0.554075, te_score: 0.680000

time = 4
tr_loss: 0.504972, tr_score: 0.757500
va_loss: 0.498887, va_score: 0.770000
te_loss: 0.513382, te_score: 0.730000

time = 4
tr_loss: 0.621697, tr_score: 0.688750
va_loss: 0.528809, va_score: 0.770000
te_loss: 0.645187, te_score: 0.650000

time = 4
tr_loss: 0.561389, tr_score: 0.713750
va_loss: 0.525804, va_score: 0.760000
te_loss: 0.489208, te_score: 0.770000

time = 4
tr_loss: 0.550073, tr_score: 0.745000
va_loss: 0.529350, va_score: 0.750000
te_loss: 0.615217, te_score: 0.680000

time = 4
tr_loss: 0.603167, tr_score: 0.692500
va_loss: 0.554565, va_score: 0.750000
te_loss: 0.594211, te_score: 0.700000

time = 4
tr_loss: 0.609772, tr_score: 0.698750
va_loss: 0.572087, va_score: 0.750000
te_loss: 0.639220, te_score: 0.660000

time = 4
tr_loss: 0.602282, tr_score: 0.696250
va_loss: 0.571009, va_score: 0.720000
te_loss: 0.599685, te_score: 0.690000

time = 4
tr_loss: 0.570536, tr_score: 0.717500
va_loss: 0.749822, va_score: 0.620000
te_loss: 0.649978, te_score: 0.690000

time = 4
tr_loss: 0.555537, tr_score: 0.712500
va_loss: 0.554554, va_score: 0.710000
te_loss: 0.501169, te_score: 0.760000

======================================================
4  Seed:  [8744.  130. 2730. 2289. 3436.   91. 5431.  214. 1996. 7906. 4318. 5189.
 9458. 5884. 7590. 9032. 7937. 3024. 1021. 9551.]
tr_loss: 0.580686, tr_score: 0.710562
va_loss: 0.585862, va_score: 0.713000
te_loss: 0.577278, te_score: 0.709000
time = 5
tr_loss: 0.596792, tr_score: 0.711250
va_loss: 0.616683, va_score: 0.660000
te_loss: 0.625595, te_score: 0.650000

time = 5
tr_loss: 0.601315, tr_score: 0.686250
va_loss: 0.605140, va_score: 0.720000
te_loss: 0.568686, te_score: 0.730000

time = 5
tr_loss: 0.588561, tr_score: 0.707500
va_loss: 0.604909, va_score: 0.680000
te_loss: 0.632553, te_score: 0.660000

time = 5
tr_loss: 0.570019, tr_score: 0.706250
va_loss: 0.581900, va_score: 0.710000
te_loss: 0.562854, te_score: 0.710000

time = 5
tr_loss: 0.583865, tr_score: 0.737500
va_loss: 0.616995, va_score: 0.690000
te_loss: 0.524489, te_score: 0.750000

time = 5
tr_loss: 0.642437, tr_score: 0.648750
va_loss: 0.662797, va_score: 0.600000
te_loss: 0.654945, te_score: 0.690000

time = 5
tr_loss: 0.571866, tr_score: 0.723750
va_loss: 0.478331, va_score: 0.780000
te_loss: 0.581473, te_score: 0.730000

time = 5
tr_loss: 0.562378, tr_score: 0.700000
va_loss: 0.576998, va_score: 0.690000
te_loss: 0.533103, te_score: 0.720000

time = 5
tr_loss: 0.555557, tr_score: 0.718750
va_loss: 0.565421, va_score: 0.730000
te_loss: 0.551012, te_score: 0.760000

time = 5
tr_loss: 0.580445, tr_score: 0.720000
va_loss: 0.607399, va_score: 0.710000
te_loss: 0.598648, te_score: 0.710000

time = 5
tr_loss: 0.568170, tr_score: 0.712500
va_loss: 0.708242, va_score: 0.610000
te_loss: 0.569973, te_score: 0.730000

time = 5
tr_loss: 0.559265, tr_score: 0.713750
va_loss: 0.452815, va_score: 0.810000
te_loss: 0.505251, te_score: 0.770000

time = 5
tr_loss: 0.574715, tr_score: 0.708750
va_loss: 0.543258, va_score: 0.740000
te_loss: 0.536739, te_score: 0.730000

time = 5
tr_loss: 0.605428, tr_score: 0.701250
va_loss: 0.538284, va_score: 0.790000
te_loss: 0.710030, te_score: 0.630000

time = 5
tr_loss: 0.573800, tr_score: 0.711250
va_loss: 0.612783, va_score: 0.710000
te_loss: 0.589513, te_score: 0.700000

time = 5
tr_loss: 0.589912, tr_score: 0.703750
va_loss: 0.502913, va_score: 0.740000
te_loss: 0.672239, te_score: 0.630000

time = 5
tr_loss: 0.559235, tr_score: 0.717500
va_loss: 0.631892, va_score: 0.660000
te_loss: 0.554570, te_score: 0.720000

time = 5
tr_loss: 0.597344, tr_score: 0.692500
va_loss: 0.541633, va_score: 0.800000
te_loss: 0.611279, te_score: 0.690000

time = 5
tr_loss: 0.596504, tr_score: 0.711250
va_loss: 0.502048, va_score: 0.830000
te_loss: 0.666100, te_score: 0.590000

time = 5
tr_loss: 0.543404, tr_score: 0.735000
va_loss: 0.601983, va_score: 0.700000
te_loss: 0.579878, te_score: 0.710000

======================================================
5  Seed:  [1237. 6412. 2121. 6405. 4525. 1302. 1340. 7513. 9914. 1173. 2339. 2687.
 5417. 1769. 4522. 4161. 3470. 2003. 6862. 6659.]
tr_loss: 0.581051, tr_score: 0.708375
va_loss: 0.577621, va_score: 0.718000
te_loss: 0.591446, te_score: 0.700500
time = 6
tr_loss: 0.602078, tr_score: 0.706250
va_loss: 0.548590, va_score: 0.770000
te_loss: 0.646685, te_score: 0.600000

time = 6
tr_loss: 0.577955, tr_score: 0.717500
va_loss: 0.629212, va_score: 0.640000
te_loss: 0.604122, te_score: 0.660000

time = 6
tr_loss: 0.535110, tr_score: 0.738750
va_loss: 0.578819, va_score: 0.710000
te_loss: 0.633697, te_score: 0.690000

time = 6
tr_loss: 0.550565, tr_score: 0.730000
va_loss: 0.556516, va_score: 0.730000
te_loss: 0.600339, te_score: 0.650000

time = 6
tr_loss: 0.569749, tr_score: 0.717500
va_loss: 0.571161, va_score: 0.730000
te_loss: 0.525267, te_score: 0.780000

time = 6
tr_loss: 0.529982, tr_score: 0.726250
va_loss: 0.568547, va_score: 0.710000
te_loss: 0.674818, te_score: 0.610000

time = 6
tr_loss: 0.588187, tr_score: 0.683750
va_loss: 0.606028, va_score: 0.700000
te_loss: 0.530986, te_score: 0.750000

time = 6
tr_loss: 0.581265, tr_score: 0.701250
va_loss: 0.633994, va_score: 0.670000
te_loss: 0.614437, te_score: 0.700000

time = 6
tr_loss: 0.619587, tr_score: 0.686250
va_loss: 0.555731, va_score: 0.760000
te_loss: 0.618980, te_score: 0.750000

time = 6
tr_loss: 0.602369, tr_score: 0.703750
va_loss: 0.568592, va_score: 0.720000
te_loss: 0.643714, te_score: 0.670000

time = 6
tr_loss: 0.594141, tr_score: 0.690000
va_loss: 0.667693, va_score: 0.640000
te_loss: 0.685275, te_score: 0.610000

time = 6
tr_loss: 0.594379, tr_score: 0.710000
va_loss: 0.598520, va_score: 0.710000
te_loss: 0.575484, te_score: 0.710000

time = 6
tr_loss: 0.575330, tr_score: 0.708750
va_loss: 0.540428, va_score: 0.750000
te_loss: 0.601345, te_score: 0.690000

time = 6
tr_loss: 0.563830, tr_score: 0.725000
va_loss: 0.534834, va_score: 0.740000
te_loss: 0.532517, te_score: 0.740000

time = 6
tr_loss: 0.548723, tr_score: 0.737500
va_loss: 0.561249, va_score: 0.710000
te_loss: 0.604046, te_score: 0.650000

time = 6
tr_loss: 0.600933, tr_score: 0.711250
va_loss: 0.644523, va_score: 0.680000
te_loss: 0.605082, te_score: 0.710000

time = 6
tr_loss: 0.572274, tr_score: 0.718750
va_loss: 0.569881, va_score: 0.700000
te_loss: 0.614342, te_score: 0.690000

time = 6
tr_loss: 0.568571, tr_score: 0.730000
va_loss: 0.524807, va_score: 0.770000
te_loss: 0.573816, te_score: 0.710000

time = 6
tr_loss: 0.522009, tr_score: 0.750000
va_loss: 0.567952, va_score: 0.690000
te_loss: 0.529442, te_score: 0.730000

time = 6
tr_loss: 0.588513, tr_score: 0.707500
va_loss: 0.607493, va_score: 0.680000
te_loss: 0.565785, te_score: 0.750000

======================================================
6  Seed:  [7694. 6294. 7622. 3529.   96. 7204. 5217. 3436.  887. 8110. 7803. 3805.
 1114. 2222. 9584. 2008. 1959. 4210.  576. 6097.]
tr_loss: 0.574277, tr_score: 0.715000
va_loss: 0.581729, va_score: 0.710500
te_loss: 0.599009, te_score: 0.692500
time = 7
tr_loss: 0.576653, tr_score: 0.713750
va_loss: 0.563855, va_score: 0.690000
te_loss: 0.536793, te_score: 0.740000

time = 7
tr_loss: 0.614465, tr_score: 0.690000
va_loss: 0.551626, va_score: 0.760000
te_loss: 0.590980, te_score: 0.710000

time = 7
tr_loss: 0.560806, tr_score: 0.702500
va_loss: 0.511008, va_score: 0.770000
te_loss: 0.549451, te_score: 0.750000

time = 7
tr_loss: 0.590038, tr_score: 0.693750
va_loss: 0.563727, va_score: 0.710000
te_loss: 0.570790, te_score: 0.740000

time = 7
tr_loss: 0.558725, tr_score: 0.720000
va_loss: 0.551199, va_score: 0.760000
te_loss: 0.591947, te_score: 0.720000

time = 7
tr_loss: 0.585943, tr_score: 0.725000
va_loss: 0.633142, va_score: 0.690000
te_loss: 0.601120, te_score: 0.710000

time = 7
tr_loss: 0.604874, tr_score: 0.703750
va_loss: 0.615849, va_score: 0.660000
te_loss: 0.503304, te_score: 0.810000

time = 7
tr_loss: 0.601534, tr_score: 0.710000
va_loss: 0.632684, va_score: 0.670000
te_loss: 0.701840, te_score: 0.650000

time = 7
tr_loss: 0.613806, tr_score: 0.708750
va_loss: 0.624803, va_score: 0.690000
te_loss: 0.647572, te_score: 0.670000

time = 7
tr_loss: 0.598132, tr_score: 0.715000
va_loss: 0.628017, va_score: 0.690000
te_loss: 0.565980, te_score: 0.730000

time = 7
tr_loss: 0.590291, tr_score: 0.700000
va_loss: 0.602674, va_score: 0.710000
te_loss: 0.621285, te_score: 0.690000

time = 7
tr_loss: 0.563945, tr_score: 0.717500
va_loss: 0.640161, va_score: 0.650000
te_loss: 0.524929, te_score: 0.750000

time = 7
tr_loss: 0.616392, tr_score: 0.722500
va_loss: 0.810644, va_score: 0.570000
te_loss: 0.725273, te_score: 0.650000

time = 7
tr_loss: 0.618152, tr_score: 0.697500
va_loss: 0.585320, va_score: 0.750000
te_loss: 0.640510, te_score: 0.670000

time = 7
tr_loss: 0.569389, tr_score: 0.728750
va_loss: 0.611697, va_score: 0.680000
te_loss: 0.602958, te_score: 0.690000

time = 7
tr_loss: 0.579766, tr_score: 0.718750
va_loss: 0.654285, va_score: 0.640000
te_loss: 0.602056, te_score: 0.730000

time = 7
tr_loss: 0.581094, tr_score: 0.730000
va_loss: 0.572554, va_score: 0.710000
te_loss: 0.657488, te_score: 0.660000

time = 7
tr_loss: 0.553722, tr_score: 0.707500
va_loss: 0.541980, va_score: 0.770000
te_loss: 0.688810, te_score: 0.630000

time = 7
tr_loss: 0.594252, tr_score: 0.708750
va_loss: 0.589044, va_score: 0.710000
te_loss: 0.575047, te_score: 0.750000

time = 7
tr_loss: 0.562356, tr_score: 0.712500
va_loss: 0.552009, va_score: 0.730000
te_loss: 0.582126, te_score: 0.700000

======================================================
7  Seed:  [ 667. 3641. 1333. 4721. 6871. 9519. 4778.  927. 8338.   13. 3683. 6570.
 1422. 3821. 5722.  599. 3527. 1784. 1921. 2070.]
tr_loss: 0.586717, tr_score: 0.711313
va_loss: 0.601814, va_score: 0.700500
te_loss: 0.604013, te_score: 0.707500
time = 8
tr_loss: 0.596420, tr_score: 0.715000
va_loss: 0.630195, va_score: 0.650000
te_loss: 0.552775, te_score: 0.730000

time = 8
tr_loss: 0.609990, tr_score: 0.646250
va_loss: 0.776750, va_score: 0.540000
te_loss: 0.533711, te_score: 0.720000

time = 8
tr_loss: 0.587550, tr_score: 0.716250
va_loss: 0.627776, va_score: 0.680000
te_loss: 0.590409, te_score: 0.730000

time = 8
tr_loss: 0.614212, tr_score: 0.691250
va_loss: 0.597186, va_score: 0.690000
te_loss: 0.584941, te_score: 0.740000

time = 8
tr_loss: 0.509599, tr_score: 0.750000
va_loss: 0.499286, va_score: 0.770000
te_loss: 0.521912, te_score: 0.740000

time = 8
tr_loss: 0.621572, tr_score: 0.690000
va_loss: 0.686778, va_score: 0.650000
te_loss: 0.590774, te_score: 0.750000

time = 8
tr_loss: 0.567880, tr_score: 0.717500
va_loss: 0.581669, va_score: 0.730000
te_loss: 0.617375, te_score: 0.680000

time = 8
tr_loss: 0.601652, tr_score: 0.703750
va_loss: 0.521225, va_score: 0.800000
te_loss: 0.593472, te_score: 0.730000

time = 8
tr_loss: 0.632536, tr_score: 0.665000
va_loss: 0.626991, va_score: 0.680000
te_loss: 0.606299, te_score: 0.730000

time = 8
tr_loss: 0.563459, tr_score: 0.711250
va_loss: 0.643525, va_score: 0.610000
te_loss: 0.580274, te_score: 0.700000

time = 8
tr_loss: 0.555886, tr_score: 0.718750
va_loss: 0.504436, va_score: 0.770000
te_loss: 0.477680, te_score: 0.800000

time = 8
tr_loss: 0.597143, tr_score: 0.693750
va_loss: 0.527132, va_score: 0.760000
te_loss: 0.644577, te_score: 0.640000

time = 8
tr_loss: 0.581542, tr_score: 0.713750
va_loss: 0.614510, va_score: 0.680000
te_loss: 0.607269, te_score: 0.670000

time = 8
tr_loss: 0.612402, tr_score: 0.696250
va_loss: 0.527314, va_score: 0.800000
te_loss: 0.590192, te_score: 0.720000

time = 8
tr_loss: 0.544178, tr_score: 0.728750
va_loss: 0.567482, va_score: 0.710000
te_loss: 0.495652, te_score: 0.770000

time = 8
tr_loss: 0.587503, tr_score: 0.715000
va_loss: 0.526453, va_score: 0.760000
te_loss: 0.758011, te_score: 0.590000

time = 8
tr_loss: 0.589565, tr_score: 0.710000
va_loss: 0.609496, va_score: 0.690000
te_loss: 0.615168, te_score: 0.670000

time = 8
tr_loss: 0.561143, tr_score: 0.723750
va_loss: 0.563327, va_score: 0.730000
te_loss: 0.598316, te_score: 0.720000

time = 8
tr_loss: 0.539276, tr_score: 0.741250
va_loss: 0.565955, va_score: 0.720000
te_loss: 0.574851, te_score: 0.710000

time = 8
tr_loss: 0.602152, tr_score: 0.703750
va_loss: 0.622837, va_score: 0.700000
te_loss: 0.668554, te_score: 0.640000

======================================================
8  Seed:  [4860. 8426. 6918. 8393. 2977. 1581. 7001.  814. 5947. 4477. 3311. 7270.
 5082. 4712. 7103. 6080. 5821. 8708. 4579. 2324.]
tr_loss: 0.583783, tr_score: 0.707563
va_loss: 0.591016, va_score: 0.706000
te_loss: 0.590111, te_score: 0.709000
time = 9
tr_loss: 0.554743, tr_score: 0.726250
va_loss: 0.510641, va_score: 0.740000
te_loss: 0.522524, te_score: 0.770000

time = 9
tr_loss: 0.571727, tr_score: 0.711250
va_loss: 0.626990, va_score: 0.610000
te_loss: 0.573144, te_score: 0.700000

time = 9
tr_loss: 0.542415, tr_score: 0.738750
va_loss: 0.577014, va_score: 0.720000
te_loss: 0.598654, te_score: 0.700000

time = 9
tr_loss: 0.545426, tr_score: 0.716250
va_loss: 0.586530, va_score: 0.720000
te_loss: 0.593663, te_score: 0.670000

time = 9
tr_loss: 0.581257, tr_score: 0.720000
va_loss: 0.538866, va_score: 0.770000
te_loss: 0.670342, te_score: 0.610000

time = 9
tr_loss: 0.549966, tr_score: 0.732500
va_loss: 0.554227, va_score: 0.730000
te_loss: 0.607784, te_score: 0.680000

time = 9
tr_loss: 0.606972, tr_score: 0.712500
va_loss: 0.537864, va_score: 0.750000
te_loss: 0.581402, te_score: 0.730000

time = 9
tr_loss: 0.597328, tr_score: 0.691250
va_loss: 0.603778, va_score: 0.700000
te_loss: 0.641048, te_score: 0.690000

time = 9
tr_loss: 0.580791, tr_score: 0.698750
va_loss: 0.569481, va_score: 0.720000
te_loss: 0.524199, te_score: 0.770000

time = 9
tr_loss: 0.550459, tr_score: 0.733750
va_loss: 0.634919, va_score: 0.690000
te_loss: 0.589041, te_score: 0.710000

time = 9
tr_loss: 0.628301, tr_score: 0.695000
va_loss: 0.627819, va_score: 0.700000
te_loss: 0.631969, te_score: 0.690000

time = 9
tr_loss: 0.620447, tr_score: 0.650000
va_loss: 0.577010, va_score: 0.730000
te_loss: 0.602107, te_score: 0.640000

time = 9
tr_loss: 0.547359, tr_score: 0.710000
va_loss: 0.564651, va_score: 0.700000
te_loss: 0.496630, te_score: 0.730000

time = 9
tr_loss: 0.531465, tr_score: 0.740000
va_loss: 0.548481, va_score: 0.670000
te_loss: 0.504226, te_score: 0.770000

time = 9
tr_loss: 0.585081, tr_score: 0.727500
va_loss: 0.670262, va_score: 0.640000
te_loss: 0.631798, te_score: 0.680000

time = 9
tr_loss: 0.554461, tr_score: 0.711250
va_loss: 0.538913, va_score: 0.730000
te_loss: 0.566805, te_score: 0.720000

time = 9
tr_loss: 0.588555, tr_score: 0.707500
va_loss: 0.594561, va_score: 0.720000
te_loss: 0.614757, te_score: 0.670000

time = 9
tr_loss: 0.583265, tr_score: 0.711250
va_loss: 0.602769, va_score: 0.670000
te_loss: 0.619719, te_score: 0.650000

time = 9
tr_loss: 0.584024, tr_score: 0.705000
va_loss: 0.552229, va_score: 0.730000
te_loss: 0.589878, te_score: 0.690000

time = 9
tr_loss: 0.599406, tr_score: 0.707500
va_loss: 0.551319, va_score: 0.750000
te_loss: 0.579832, te_score: 0.720000

======================================================
9  Seed:  [9948.  542.  232.  666. 5686. 1955. 6679. 1732. 8003. 9621. 2645. 4622.
 2831. 7236. 6932. 8781. 1798. 9886. 2715. 5559.]
tr_loss: 0.575172, tr_score: 0.712312
va_loss: 0.578416, va_score: 0.709500
te_loss: 0.586976, te_score: 0.699500
time = 10
tr_loss: 0.564151, tr_score: 0.722500
va_loss: 0.556956, va_score: 0.700000
te_loss: 0.522308, te_score: 0.740000

time = 10
tr_loss: 0.562225, tr_score: 0.702500
va_loss: 0.584876, va_score: 0.690000
te_loss: 0.549289, te_score: 0.690000

time = 10
tr_loss: 0.566842, tr_score: 0.710000
va_loss: 0.554893, va_score: 0.710000
te_loss: 0.665629, te_score: 0.620000

time = 10
tr_loss: 0.587599, tr_score: 0.705000
va_loss: 0.528483, va_score: 0.760000
te_loss: 0.515500, te_score: 0.770000

time = 10
tr_loss: 0.583503, tr_score: 0.693750
va_loss: 0.575941, va_score: 0.710000
te_loss: 0.522707, te_score: 0.780000

time = 10
tr_loss: 0.574885, tr_score: 0.708750
va_loss: 0.525612, va_score: 0.710000
te_loss: 0.517715, te_score: 0.780000

time = 10
tr_loss: 0.578187, tr_score: 0.705000
va_loss: 0.511192, va_score: 0.800000
te_loss: 0.518154, te_score: 0.770000

time = 10
tr_loss: 0.555147, tr_score: 0.717500
va_loss: 0.463257, va_score: 0.850000
te_loss: 0.534156, te_score: 0.750000

time = 10
tr_loss: 0.541065, tr_score: 0.723750
va_loss: 0.573692, va_score: 0.680000
te_loss: 0.557906, te_score: 0.680000

time = 10
tr_loss: 0.509705, tr_score: 0.753750
va_loss: 0.515319, va_score: 0.710000
te_loss: 0.515421, te_score: 0.790000

time = 10
tr_loss: 0.542671, tr_score: 0.733750
va_loss: 0.558704, va_score: 0.720000
te_loss: 0.526868, te_score: 0.780000

time = 10
tr_loss: 0.544689, tr_score: 0.728750
va_loss: 0.651662, va_score: 0.640000
te_loss: 0.596334, te_score: 0.690000

time = 10
tr_loss: 0.572494, tr_score: 0.708750
va_loss: 0.563766, va_score: 0.710000
te_loss: 0.577000, te_score: 0.720000

time = 10
tr_loss: 0.606603, tr_score: 0.691250
va_loss: 0.525920, va_score: 0.780000
te_loss: 0.544169, te_score: 0.770000

time = 10
tr_loss: 0.591957, tr_score: 0.725000
va_loss: 0.685361, va_score: 0.610000
te_loss: 0.628627, te_score: 0.690000

time = 10
tr_loss: 0.618166, tr_score: 0.686250
va_loss: 0.580477, va_score: 0.760000
te_loss: 0.602455, te_score: 0.720000

time = 10
tr_loss: 0.591990, tr_score: 0.701250
va_loss: 0.498709, va_score: 0.770000
te_loss: 0.607214, te_score: 0.710000

time = 10
tr_loss: 0.541162, tr_score: 0.707500
va_loss: 0.531435, va_score: 0.730000
te_loss: 0.480501, te_score: 0.770000

time = 10
tr_loss: 0.553324, tr_score: 0.728750
va_loss: 0.541089, va_score: 0.720000
te_loss: 0.563517, te_score: 0.760000

time = 10
tr_loss: 0.568779, tr_score: 0.721250
va_loss: 0.667262, va_score: 0.620000
te_loss: 0.556349, te_score: 0.730000

======================================================
10  Seed:  [9217. 8758. 9318. 9902. 9257. 5433. 4194. 5342. 6064. 1182. 7632. 9724.
 4507. 4141. 7028. 4431.  710. 9505. 6403. 3797.]
tr_loss: 0.567757, tr_score: 0.713750
va_loss: 0.559730, va_score: 0.719000
te_loss: 0.555091, te_score: 0.735500
time = 11
tr_loss: 0.567301, tr_score: 0.727500
va_loss: 0.482867, va_score: 0.800000
te_loss: 0.629278, te_score: 0.690000

time = 11
tr_loss: 0.579226, tr_score: 0.712500
va_loss: 0.634574, va_score: 0.670000
te_loss: 0.624351, te_score: 0.670000

time = 11
tr_loss: 0.596643, tr_score: 0.696250
va_loss: 0.581494, va_score: 0.690000
te_loss: 0.579569, te_score: 0.700000

time = 11
tr_loss: 0.596073, tr_score: 0.700000
va_loss: 0.612378, va_score: 0.670000
te_loss: 0.573655, te_score: 0.730000

time = 11
tr_loss: 0.552549, tr_score: 0.728750
va_loss: 0.601848, va_score: 0.650000
te_loss: 0.566359, te_score: 0.710000

time = 11
tr_loss: 0.591031, tr_score: 0.705000
va_loss: 0.664580, va_score: 0.610000
te_loss: 0.588164, te_score: 0.700000

time = 11
tr_loss: 0.576027, tr_score: 0.717500
va_loss: 0.610433, va_score: 0.670000
te_loss: 0.627389, te_score: 0.650000

time = 11
tr_loss: 0.584691, tr_score: 0.705000
va_loss: 0.453538, va_score: 0.830000
te_loss: 0.609425, te_score: 0.670000

time = 11
tr_loss: 0.589231, tr_score: 0.708750
va_loss: 0.624620, va_score: 0.680000
te_loss: 0.603462, te_score: 0.680000

time = 11
tr_loss: 0.580494, tr_score: 0.710000
va_loss: 0.642710, va_score: 0.680000
te_loss: 0.593123, te_score: 0.660000

time = 11
tr_loss: 0.588662, tr_score: 0.700000
va_loss: 0.629876, va_score: 0.650000
te_loss: 0.523112, te_score: 0.770000

time = 11
tr_loss: 0.577868, tr_score: 0.723750
va_loss: 0.627073, va_score: 0.650000
te_loss: 0.680731, te_score: 0.580000

time = 11
tr_loss: 0.579710, tr_score: 0.723750
va_loss: 0.593867, va_score: 0.700000
te_loss: 0.632582, te_score: 0.660000

time = 11
tr_loss: 0.536767, tr_score: 0.730000
va_loss: 0.509106, va_score: 0.790000
te_loss: 0.614800, te_score: 0.650000

time = 11
tr_loss: 0.591215, tr_score: 0.711250
va_loss: 0.533083, va_score: 0.770000
te_loss: 0.615929, te_score: 0.690000

time = 11
tr_loss: 0.592139, tr_score: 0.706250
va_loss: 0.626607, va_score: 0.670000
te_loss: 0.556842, te_score: 0.710000

time = 11
tr_loss: 0.591830, tr_score: 0.711250
va_loss: 0.532133, va_score: 0.790000
te_loss: 0.576973, te_score: 0.700000

time = 11
tr_loss: 0.581355, tr_score: 0.731250
va_loss: 0.542726, va_score: 0.760000
te_loss: 0.588505, te_score: 0.690000

time = 11
tr_loss: 0.551133, tr_score: 0.722500
va_loss: 0.536502, va_score: 0.800000
te_loss: 0.601656, te_score: 0.650000

time = 11
tr_loss: 0.614936, tr_score: 0.696250
va_loss: 0.527573, va_score: 0.760000
te_loss: 0.635192, te_score: 0.680000

======================================================
11  Seed:  [ 276. 7096. 7576. 7225. 8005. 7496. 1258. 6191. 8489. 5152. 4572. 4247.
 5941. 8136.  978. 3169. 6643. 4121. 8439. 9382.]
tr_loss: 0.580944, tr_score: 0.713375
va_loss: 0.578379, va_score: 0.714500
te_loss: 0.601055, te_score: 0.682000
time = 12
tr_loss: 0.600779, tr_score: 0.696250
va_loss: 0.610516, va_score: 0.700000
te_loss: 0.580207, te_score: 0.750000

time = 12
tr_loss: 0.591919, tr_score: 0.701250
va_loss: 0.611814, va_score: 0.690000
te_loss: 0.564778, te_score: 0.730000

time = 12
tr_loss: 0.511837, tr_score: 0.750000
va_loss: 0.539663, va_score: 0.730000
te_loss: 0.546240, te_score: 0.720000

time = 12
tr_loss: 0.575100, tr_score: 0.727500
va_loss: 0.637297, va_score: 0.710000
te_loss: 0.708758, te_score: 0.620000

time = 12
tr_loss: 0.579714, tr_score: 0.715000
va_loss: 0.621969, va_score: 0.700000
te_loss: 0.619217, te_score: 0.660000

time = 12
tr_loss: 0.574692, tr_score: 0.705000
va_loss: 0.582532, va_score: 0.710000
te_loss: 0.625504, te_score: 0.720000

time = 12
tr_loss: 0.574845, tr_score: 0.731250
va_loss: 0.697923, va_score: 0.620000
te_loss: 0.651353, te_score: 0.660000

time = 12
tr_loss: 0.539833, tr_score: 0.720000
va_loss: 0.556318, va_score: 0.700000
te_loss: 0.577701, te_score: 0.670000

time = 12
tr_loss: 0.561152, tr_score: 0.733750
va_loss: 0.559658, va_score: 0.750000
te_loss: 0.582832, te_score: 0.740000

time = 12
tr_loss: 0.571599, tr_score: 0.706250
va_loss: 0.604019, va_score: 0.680000
te_loss: 0.632694, te_score: 0.660000

time = 12
tr_loss: 0.638664, tr_score: 0.671250
va_loss: 0.628765, va_score: 0.640000
te_loss: 0.640520, te_score: 0.700000

time = 12
tr_loss: 0.585248, tr_score: 0.698750
va_loss: 0.525928, va_score: 0.750000
te_loss: 0.631416, te_score: 0.680000

time = 12
tr_loss: 0.605649, tr_score: 0.703750
va_loss: 0.656979, va_score: 0.700000
te_loss: 0.662180, te_score: 0.650000

time = 12
tr_loss: 0.589810, tr_score: 0.706250
va_loss: 0.566771, va_score: 0.720000
te_loss: 0.568838, te_score: 0.740000

time = 12
tr_loss: 0.519945, tr_score: 0.753750
va_loss: 0.472830, va_score: 0.790000
te_loss: 0.574103, te_score: 0.700000

time = 12
tr_loss: 0.582664, tr_score: 0.692500
va_loss: 0.629615, va_score: 0.660000
te_loss: 0.625464, te_score: 0.660000

time = 12
tr_loss: 0.525309, tr_score: 0.732500
va_loss: 0.599856, va_score: 0.670000
te_loss: 0.512731, te_score: 0.760000

time = 12
tr_loss: 0.602822, tr_score: 0.692500
va_loss: 0.587607, va_score: 0.710000
te_loss: 0.540597, te_score: 0.750000

time = 12
tr_loss: 0.588881, tr_score: 0.711250
va_loss: 0.613755, va_score: 0.710000
te_loss: 0.595633, te_score: 0.700000

time = 12
tr_loss: 0.602869, tr_score: 0.713750
va_loss: 0.670498, va_score: 0.620000
te_loss: 0.635100, te_score: 0.670000

======================================================
12  Seed:  [5995. 5359. 4959. 8841. 2084. 6283. 5803. 5547. 5856. 6466. 1029. 9406.
 1119. 6504. 6270.   89. 4601. 8528. 5236. 3309.]
tr_loss: 0.576167, tr_score: 0.713125
va_loss: 0.598716, va_score: 0.698000
te_loss: 0.603793, te_score: 0.697000
time = 13
tr_loss: 0.566821, tr_score: 0.711250
va_loss: 0.584190, va_score: 0.660000
te_loss: 0.539586, te_score: 0.750000

time = 13
tr_loss: 0.593666, tr_score: 0.701250
va_loss: 0.576620, va_score: 0.750000
te_loss: 0.597628, te_score: 0.750000

time = 13
tr_loss: 0.561773, tr_score: 0.728750
va_loss: 0.546298, va_score: 0.740000
te_loss: 0.730505, te_score: 0.590000

time = 13
tr_loss: 0.586740, tr_score: 0.696250
va_loss: 0.598424, va_score: 0.680000
te_loss: 0.513865, te_score: 0.730000

time = 13
tr_loss: 0.592544, tr_score: 0.702500
va_loss: 0.605302, va_score: 0.720000
te_loss: 0.594782, te_score: 0.700000

time = 13
tr_loss: 0.574220, tr_score: 0.722500
va_loss: 0.627751, va_score: 0.680000
te_loss: 0.632374, te_score: 0.710000

time = 13
tr_loss: 0.566797, tr_score: 0.707500
va_loss: 0.597881, va_score: 0.690000
te_loss: 0.571129, te_score: 0.700000

time = 13
tr_loss: 0.582018, tr_score: 0.712500
va_loss: 0.602312, va_score: 0.700000
te_loss: 0.584236, te_score: 0.690000

time = 13
tr_loss: 0.541046, tr_score: 0.712500
va_loss: 0.525443, va_score: 0.740000
te_loss: 0.500733, te_score: 0.790000

time = 13
tr_loss: 0.616685, tr_score: 0.691250
va_loss: 0.638297, va_score: 0.650000
te_loss: 0.555085, te_score: 0.760000

time = 13
tr_loss: 0.552711, tr_score: 0.733750
va_loss: 0.597485, va_score: 0.710000
te_loss: 0.661191, te_score: 0.590000

time = 13
tr_loss: 0.555774, tr_score: 0.710000
va_loss: 0.585568, va_score: 0.700000
te_loss: 0.597856, te_score: 0.680000

time = 13
tr_loss: 0.530885, tr_score: 0.732500
va_loss: 0.586607, va_score: 0.710000
te_loss: 0.492205, te_score: 0.740000

time = 13
tr_loss: 0.581693, tr_score: 0.707500
va_loss: 0.546827, va_score: 0.770000
te_loss: 0.569877, te_score: 0.720000

time = 13
tr_loss: 0.506348, tr_score: 0.748750
va_loss: 0.488110, va_score: 0.780000
te_loss: 0.466243, te_score: 0.780000

time = 13
tr_loss: 0.580996, tr_score: 0.713750
va_loss: 0.562973, va_score: 0.740000
te_loss: 0.606648, te_score: 0.660000

time = 13
tr_loss: 0.595982, tr_score: 0.708750
va_loss: 0.524310, va_score: 0.760000
te_loss: 0.670368, te_score: 0.640000

time = 13
tr_loss: 0.628836, tr_score: 0.697500
va_loss: 0.621638, va_score: 0.710000
te_loss: 0.612016, te_score: 0.730000

time = 13
tr_loss: 0.538588, tr_score: 0.725000
va_loss: 0.469072, va_score: 0.790000
te_loss: 0.572458, te_score: 0.660000

time = 13
tr_loss: 0.614702, tr_score: 0.686250
va_loss: 0.573173, va_score: 0.750000
te_loss: 0.537439, te_score: 0.780000

======================================================
13  Seed:  [3706. 3756. 2533. 6590. 1761. 5957. 4965. 8699. 1302.  214. 1426. 3422.
 9979.   35. 8073. 6183. 7853. 8174. 4923.  725.]
tr_loss: 0.573441, tr_score: 0.712500
va_loss: 0.572914, va_score: 0.721500
te_loss: 0.580311, te_score: 0.707500
time = 14
tr_loss: 0.590233, tr_score: 0.716250
va_loss: 0.639076, va_score: 0.660000
te_loss: 0.605198, te_score: 0.700000

time = 14
tr_loss: 0.586151, tr_score: 0.722500
va_loss: 0.630478, va_score: 0.710000
te_loss: 0.606073, te_score: 0.700000

time = 14
tr_loss: 0.591731, tr_score: 0.690000
va_loss: 0.561235, va_score: 0.710000
te_loss: 0.579885, te_score: 0.720000

time = 14
tr_loss: 0.630938, tr_score: 0.698750
va_loss: 0.661412, va_score: 0.710000
te_loss: 0.585235, te_score: 0.740000

time = 14
tr_loss: 0.586056, tr_score: 0.705000
va_loss: 0.632046, va_score: 0.670000
te_loss: 0.602819, te_score: 0.690000

time = 14
tr_loss: 0.579402, tr_score: 0.722500
va_loss: 0.586210, va_score: 0.710000
te_loss: 0.646136, te_score: 0.650000

time = 14
tr_loss: 0.602274, tr_score: 0.706250
va_loss: 0.591542, va_score: 0.740000
te_loss: 0.596180, te_score: 0.690000

time = 14
tr_loss: 0.596671, tr_score: 0.701250
va_loss: 0.623187, va_score: 0.660000
te_loss: 0.580813, te_score: 0.730000

time = 14
tr_loss: 0.596422, tr_score: 0.700000
va_loss: 0.572779, va_score: 0.740000
te_loss: 0.569930, te_score: 0.700000

time = 14
tr_loss: 0.573521, tr_score: 0.717500
va_loss: 0.488762, va_score: 0.800000
te_loss: 0.649606, te_score: 0.660000

time = 14
tr_loss: 0.562699, tr_score: 0.723750
va_loss: 0.528202, va_score: 0.750000
te_loss: 0.559363, te_score: 0.740000

time = 14
tr_loss: 0.558023, tr_score: 0.725000
va_loss: 0.548813, va_score: 0.710000
te_loss: 0.612984, te_score: 0.680000

time = 14
tr_loss: 0.605398, tr_score: 0.703750
va_loss: 0.566012, va_score: 0.750000
te_loss: 0.642827, te_score: 0.640000

time = 14
tr_loss: 0.588424, tr_score: 0.698750
va_loss: 0.589957, va_score: 0.710000
te_loss: 0.610333, te_score: 0.710000

time = 14
tr_loss: 0.532059, tr_score: 0.728750
va_loss: 0.573369, va_score: 0.700000
te_loss: 0.587981, te_score: 0.710000

time = 14
tr_loss: 0.543975, tr_score: 0.732500
va_loss: 0.522489, va_score: 0.750000
te_loss: 0.555420, te_score: 0.780000

time = 14
tr_loss: 0.586259, tr_score: 0.710000
va_loss: 0.549219, va_score: 0.780000
te_loss: 0.654746, te_score: 0.660000

time = 14
tr_loss: 0.578685, tr_score: 0.711250
va_loss: 0.649375, va_score: 0.670000
te_loss: 0.600002, te_score: 0.710000

time = 14
tr_loss: 0.577321, tr_score: 0.731250
va_loss: 0.602985, va_score: 0.690000
te_loss: 0.615050, te_score: 0.700000

time = 14
tr_loss: 0.590962, tr_score: 0.693750
va_loss: 0.621068, va_score: 0.680000
te_loss: 0.541862, te_score: 0.750000

======================================================
14  Seed:  [6736. 9332. 4026. 8791. 2185. 8095. 4925. 3877. 8332. 6847. 5871. 5004.
 2796. 4961. 1467. 7787. 3868. 5255. 9307. 9073.]
tr_loss: 0.582860, tr_score: 0.711937
va_loss: 0.586911, va_score: 0.715000
te_loss: 0.600122, te_score: 0.703000
time = 15
tr_loss: 0.533288, tr_score: 0.742500
va_loss: 0.481574, va_score: 0.760000
te_loss: 0.584015, te_score: 0.690000

time = 15
tr_loss: 0.552895, tr_score: 0.723750
va_loss: 0.570041, va_score: 0.720000
te_loss: 0.481437, te_score: 0.830000

time = 15
tr_loss: 0.549080, tr_score: 0.717500
va_loss: 0.603845, va_score: 0.710000
te_loss: 0.592573, te_score: 0.660000

time = 15
tr_loss: 0.549712, tr_score: 0.712500
va_loss: 0.478817, va_score: 0.800000
te_loss: 0.587978, te_score: 0.690000

time = 15
tr_loss: 0.524698, tr_score: 0.737500
va_loss: 0.496193, va_score: 0.730000
te_loss: 0.551024, te_score: 0.700000

time = 15
tr_loss: 0.580597, tr_score: 0.706250
va_loss: 0.624706, va_score: 0.660000
te_loss: 0.605812, te_score: 0.690000

time = 15
tr_loss: 0.581167, tr_score: 0.703750
va_loss: 0.593187, va_score: 0.670000
te_loss: 0.540474, te_score: 0.750000

time = 15
tr_loss: 0.566173, tr_score: 0.727500
va_loss: 0.549966, va_score: 0.740000
te_loss: 0.559747, te_score: 0.710000

time = 15
tr_loss: 0.567265, tr_score: 0.703750
va_loss: 0.598460, va_score: 0.670000
te_loss: 0.536273, te_score: 0.730000

time = 15
tr_loss: 0.556242, tr_score: 0.740000
va_loss: 0.673223, va_score: 0.660000
te_loss: 0.587608, te_score: 0.720000

time = 15
tr_loss: 0.583461, tr_score: 0.711250
va_loss: 0.550311, va_score: 0.740000
te_loss: 0.556414, te_score: 0.690000

time = 15
tr_loss: 0.584895, tr_score: 0.706250
va_loss: 0.592858, va_score: 0.700000
te_loss: 0.565314, te_score: 0.680000

time = 15
tr_loss: 0.528030, tr_score: 0.725000
va_loss: 0.492838, va_score: 0.750000
te_loss: 0.579059, te_score: 0.720000

time = 15
tr_loss: 0.574173, tr_score: 0.707500
va_loss: 0.596886, va_score: 0.690000
te_loss: 0.580972, te_score: 0.700000

time = 15
tr_loss: 0.564603, tr_score: 0.710000
va_loss: 0.567031, va_score: 0.690000
te_loss: 0.623056, te_score: 0.680000

time = 15
tr_loss: 0.591373, tr_score: 0.711250
va_loss: 0.652398, va_score: 0.660000
te_loss: 0.643572, te_score: 0.660000

time = 15
tr_loss: 0.595551, tr_score: 0.702500
va_loss: 0.549555, va_score: 0.750000
te_loss: 0.614953, te_score: 0.670000

time = 15
tr_loss: 0.519099, tr_score: 0.765000
va_loss: 0.575757, va_score: 0.720000
te_loss: 0.611150, te_score: 0.730000

time = 15
tr_loss: 0.592768, tr_score: 0.700000
va_loss: 0.572209, va_score: 0.690000
te_loss: 0.577792, te_score: 0.720000

time = 15
tr_loss: 0.608653, tr_score: 0.700000
va_loss: 0.637729, va_score: 0.700000
te_loss: 0.630814, te_score: 0.700000

======================================================
15  Seed:  [ 879. 4612.  287.  491. 3659. 8251. 7507. 1140. 3507. 4318. 9716. 8900.
 3870. 2555. 7340. 8792.  757. 6674. 3143.  691.]
tr_loss: 0.565186, tr_score: 0.717688
va_loss: 0.572879, va_score: 0.710500
te_loss: 0.580502, te_score: 0.706000
time = 16
tr_loss: 0.532806, tr_score: 0.732500
va_loss: 0.542081, va_score: 0.720000
te_loss: 0.544676, te_score: 0.710000

time = 16
tr_loss: 0.527538, tr_score: 0.751250
va_loss: 0.510642, va_score: 0.790000
te_loss: 0.612412, te_score: 0.610000

time = 16
tr_loss: 0.585854, tr_score: 0.646250
va_loss: 0.574274, va_score: 0.680000
te_loss: 0.607683, te_score: 0.640000

time = 16
tr_loss: 0.624257, tr_score: 0.670000
va_loss: 0.637477, va_score: 0.660000
te_loss: 0.576313, te_score: 0.750000

time = 16
tr_loss: 0.581252, tr_score: 0.716250
va_loss: 0.556767, va_score: 0.760000
te_loss: 0.578688, te_score: 0.710000

time = 16
tr_loss: 0.590078, tr_score: 0.705000
va_loss: 0.582007, va_score: 0.700000
te_loss: 0.634579, te_score: 0.660000

time = 16
tr_loss: 0.576045, tr_score: 0.710000
va_loss: 0.605145, va_score: 0.640000
te_loss: 0.527165, te_score: 0.720000

time = 16
tr_loss: 0.534772, tr_score: 0.728750
va_loss: 0.543936, va_score: 0.720000
te_loss: 0.592956, te_score: 0.670000

time = 16
tr_loss: 0.617943, tr_score: 0.711250
va_loss: 0.615003, va_score: 0.690000
te_loss: 0.569545, te_score: 0.730000

time = 16
tr_loss: 0.566707, tr_score: 0.720000
va_loss: 0.612902, va_score: 0.680000
te_loss: 0.604903, te_score: 0.700000

time = 16
tr_loss: 0.579800, tr_score: 0.731250
va_loss: 0.583964, va_score: 0.760000
te_loss: 0.611056, te_score: 0.710000

time = 16
tr_loss: 0.586552, tr_score: 0.708750
va_loss: 0.612469, va_score: 0.680000
te_loss: 0.616453, te_score: 0.660000

time = 16
tr_loss: 0.679606, tr_score: 0.617500
va_loss: 0.663923, va_score: 0.660000
te_loss: 0.669668, te_score: 0.630000

time = 16
tr_loss: 0.562234, tr_score: 0.718750
va_loss: 0.518308, va_score: 0.790000
te_loss: 0.504376, te_score: 0.770000

time = 16
tr_loss: 0.626550, tr_score: 0.640000
va_loss: 0.573949, va_score: 0.650000
te_loss: 0.562656, te_score: 0.690000

time = 16
tr_loss: 0.602102, tr_score: 0.706250
va_loss: 0.645164, va_score: 0.640000
te_loss: 0.608648, te_score: 0.710000

time = 16
tr_loss: 0.608419, tr_score: 0.698750
va_loss: 0.613289, va_score: 0.730000
te_loss: 0.627820, te_score: 0.670000

time = 16
tr_loss: 0.531309, tr_score: 0.746250
va_loss: 0.600814, va_score: 0.670000
te_loss: 0.545048, te_score: 0.700000

time = 16
tr_loss: 0.583884, tr_score: 0.700000
va_loss: 0.492049, va_score: 0.810000
te_loss: 0.629383, te_score: 0.660000

time = 16
tr_loss: 0.590515, tr_score: 0.658750
va_loss: 0.554740, va_score: 0.670000
te_loss: 0.600511, te_score: 0.660000

======================================================
16  Seed:  [9082. 6878.  978. 6918.   35. 3547.  812. 1562. 5243. 8191. 5330. 4602.
 2929. 4830.  303. 9956. 3156. 7475. 4637.  734.]
tr_loss: 0.584411, tr_score: 0.700875
va_loss: 0.581945, va_score: 0.705000
te_loss: 0.591227, te_score: 0.688000
time = 17
tr_loss: 0.584202, tr_score: 0.701250
va_loss: 0.577648, va_score: 0.730000
te_loss: 0.580065, te_score: 0.690000

time = 17
tr_loss: 0.591183, tr_score: 0.705000
va_loss: 0.626652, va_score: 0.680000
te_loss: 0.615558, te_score: 0.700000

time = 17
tr_loss: 0.611207, tr_score: 0.705000
va_loss: 0.678250, va_score: 0.640000
te_loss: 0.663337, te_score: 0.670000

time = 17
tr_loss: 0.557459, tr_score: 0.717500
va_loss: 0.611036, va_score: 0.630000
te_loss: 0.560511, te_score: 0.720000

time = 17
tr_loss: 0.576958, tr_score: 0.700000
va_loss: 0.504580, va_score: 0.750000
te_loss: 0.530247, te_score: 0.730000

time = 17
tr_loss: 0.579767, tr_score: 0.705000
va_loss: 0.588548, va_score: 0.690000
te_loss: 0.625337, te_score: 0.670000

time = 17
tr_loss: 0.569795, tr_score: 0.718750
va_loss: 0.651136, va_score: 0.640000
te_loss: 0.617781, te_score: 0.690000

time = 17
tr_loss: 0.573138, tr_score: 0.715000
va_loss: 0.617741, va_score: 0.680000
te_loss: 0.667965, te_score: 0.610000

time = 17
tr_loss: 0.595935, tr_score: 0.710000
va_loss: 0.575004, va_score: 0.720000
te_loss: 0.583780, te_score: 0.740000

time = 17
tr_loss: 0.611121, tr_score: 0.700000
va_loss: 0.669503, va_score: 0.690000
te_loss: 0.712817, te_score: 0.610000

time = 17
tr_loss: 0.580105, tr_score: 0.712500
va_loss: 0.628276, va_score: 0.690000
te_loss: 0.629507, te_score: 0.660000

time = 17
tr_loss: 0.576284, tr_score: 0.720000
va_loss: 0.586865, va_score: 0.700000
te_loss: 0.574684, te_score: 0.670000

time = 17
tr_loss: 0.544674, tr_score: 0.718750
va_loss: 0.560498, va_score: 0.670000
te_loss: 0.489790, te_score: 0.780000

time = 17
tr_loss: 0.579299, tr_score: 0.693750
va_loss: 0.542601, va_score: 0.740000
te_loss: 0.540538, te_score: 0.770000

time = 17
tr_loss: 0.586150, tr_score: 0.712500
va_loss: 0.671341, va_score: 0.630000
te_loss: 0.622123, te_score: 0.660000

time = 17
tr_loss: 0.609816, tr_score: 0.698750
va_loss: 0.577604, va_score: 0.730000
te_loss: 0.640189, te_score: 0.680000

time = 17
tr_loss: 0.569218, tr_score: 0.721250
va_loss: 0.675933, va_score: 0.610000
te_loss: 0.563986, te_score: 0.750000

time = 17
tr_loss: 0.548398, tr_score: 0.715000
va_loss: 0.530255, va_score: 0.720000
te_loss: 0.537105, te_score: 0.710000

time = 17
tr_loss: 0.596588, tr_score: 0.716250
va_loss: 0.559643, va_score: 0.770000
te_loss: 0.632784, te_score: 0.720000

time = 17
tr_loss: 0.557930, tr_score: 0.723750
va_loss: 0.550696, va_score: 0.720000
te_loss: 0.565077, te_score: 0.720000

======================================================
17  Seed:  [9997. 6891. 7283.  296. 4194.  627. 9187. 9699.  412. 3964. 5059. 1882.
 6859. 7098. 9012. 6459. 3018. 8410. 9321. 1260.]
tr_loss: 0.579961, tr_score: 0.710500
va_loss: 0.599190, va_score: 0.691500
te_loss: 0.597659, te_score: 0.697500
time = 18
tr_loss: 0.543131, tr_score: 0.718750
va_loss: 0.559462, va_score: 0.670000
te_loss: 0.539767, te_score: 0.710000

time = 18
tr_loss: 0.608846, tr_score: 0.708750
va_loss: 0.586564, va_score: 0.700000
te_loss: 0.580918, te_score: 0.720000

time = 18
tr_loss: 0.611055, tr_score: 0.713750
va_loss: 0.590572, va_score: 0.720000
te_loss: 0.643279, te_score: 0.680000

time = 18
tr_loss: 0.562792, tr_score: 0.710000
va_loss: 0.552603, va_score: 0.730000
te_loss: 0.524454, te_score: 0.750000

time = 18
tr_loss: 0.558447, tr_score: 0.728750
va_loss: 0.634617, va_score: 0.680000
te_loss: 0.472126, te_score: 0.800000

time = 18
tr_loss: 0.579357, tr_score: 0.702500
va_loss: 0.555931, va_score: 0.710000
te_loss: 0.558294, te_score: 0.750000

time = 18
tr_loss: 0.604042, tr_score: 0.716250
va_loss: 0.672199, va_score: 0.630000
te_loss: 0.588914, te_score: 0.750000

time = 18
tr_loss: 0.637281, tr_score: 0.685000
va_loss: 0.697778, va_score: 0.660000
te_loss: 0.771661, te_score: 0.550000

time = 18
tr_loss: 0.601691, tr_score: 0.710000
va_loss: 0.572527, va_score: 0.750000
te_loss: 0.622142, te_score: 0.680000

time = 18
tr_loss: 0.525426, tr_score: 0.731250
va_loss: 0.561630, va_score: 0.670000
te_loss: 0.558098, te_score: 0.700000

time = 18
tr_loss: 0.587769, tr_score: 0.708750
va_loss: 0.661896, va_score: 0.630000
te_loss: 0.523951, te_score: 0.770000

time = 18
tr_loss: 0.610721, tr_score: 0.706250
va_loss: 0.633060, va_score: 0.700000
te_loss: 0.609532, te_score: 0.720000

time = 18
tr_loss: 0.524868, tr_score: 0.752500
va_loss: 0.584807, va_score: 0.720000
te_loss: 0.599929, te_score: 0.680000

time = 18
tr_loss: 0.569911, tr_score: 0.710000
va_loss: 0.529959, va_score: 0.720000
te_loss: 0.550083, te_score: 0.750000

time = 18
tr_loss: 0.591871, tr_score: 0.702500
va_loss: 0.539612, va_score: 0.770000
te_loss: 0.541502, te_score: 0.750000

time = 18
tr_loss: 0.581316, tr_score: 0.712500
va_loss: 0.544481, va_score: 0.740000
te_loss: 0.536218, te_score: 0.740000

time = 18
tr_loss: 0.582561, tr_score: 0.713750
va_loss: 0.627158, va_score: 0.700000
te_loss: 0.566026, te_score: 0.740000

time = 18
tr_loss: 0.536185, tr_score: 0.741250
va_loss: 0.514577, va_score: 0.740000
te_loss: 0.583433, te_score: 0.700000

time = 18
tr_loss: 0.611846, tr_score: 0.691250
va_loss: 0.575123, va_score: 0.730000
te_loss: 0.627714, te_score: 0.650000

time = 18
tr_loss: 0.591733, tr_score: 0.698750
va_loss: 0.555597, va_score: 0.730000
te_loss: 0.655456, te_score: 0.690000

======================================================
18  Seed:  [ 873. 4207. 9606. 9170. 6333. 9407. 8590.  438. 6112. 2282. 5826. 4132.
 5788. 3773.  899. 1544. 7119. 3120. 1138. 3253.]
tr_loss: 0.581042, tr_score: 0.713125
va_loss: 0.587507, va_score: 0.705000
te_loss: 0.582675, te_score: 0.714000
time = 19
tr_loss: 0.579183, tr_score: 0.711250
va_loss: 0.673369, va_score: 0.660000
te_loss: 0.664248, te_score: 0.650000

time = 19
tr_loss: 0.543414, tr_score: 0.740000
va_loss: 0.578185, va_score: 0.730000
te_loss: 0.609925, te_score: 0.670000

time = 19
tr_loss: 0.609394, tr_score: 0.687500
va_loss: 0.537293, va_score: 0.760000
te_loss: 0.612610, te_score: 0.680000

time = 19
tr_loss: 0.506116, tr_score: 0.761250
va_loss: 0.517821, va_score: 0.750000
te_loss: 0.535011, te_score: 0.740000

time = 19
tr_loss: 0.594514, tr_score: 0.690000
va_loss: 0.574138, va_score: 0.710000
te_loss: 0.544933, te_score: 0.760000

time = 19
tr_loss: 0.581534, tr_score: 0.720000
va_loss: 0.580359, va_score: 0.700000
te_loss: 0.601228, te_score: 0.730000

time = 19
tr_loss: 0.581796, tr_score: 0.710000
va_loss: 0.561931, va_score: 0.740000
te_loss: 0.595982, te_score: 0.700000

time = 19
tr_loss: 0.551991, tr_score: 0.711250
va_loss: 0.584033, va_score: 0.690000
te_loss: 0.595260, te_score: 0.670000

time = 19
tr_loss: 0.594310, tr_score: 0.698750
va_loss: 0.619100, va_score: 0.710000
te_loss: 0.538001, te_score: 0.750000

time = 19
tr_loss: 0.551566, tr_score: 0.707500
va_loss: 0.559155, va_score: 0.710000
te_loss: 0.590856, te_score: 0.690000

time = 19
tr_loss: 0.545936, tr_score: 0.737500
va_loss: 0.580749, va_score: 0.700000
te_loss: 0.561475, te_score: 0.740000

time = 19
tr_loss: 0.564782, tr_score: 0.712500
va_loss: 0.580936, va_score: 0.720000
te_loss: 0.594838, te_score: 0.680000

time = 19
tr_loss: 0.540378, tr_score: 0.730000
va_loss: 0.578621, va_score: 0.680000
te_loss: 0.600177, te_score: 0.700000

time = 19
tr_loss: 0.610948, tr_score: 0.695000
va_loss: 0.601865, va_score: 0.710000
te_loss: 0.582033, te_score: 0.730000

time = 19
tr_loss: 0.604947, tr_score: 0.705000
va_loss: 0.612742, va_score: 0.680000
te_loss: 0.578625, te_score: 0.710000

time = 19
tr_loss: 0.578491, tr_score: 0.715000
va_loss: 0.578560, va_score: 0.730000
te_loss: 0.555744, te_score: 0.790000

time = 19
tr_loss: 0.578124, tr_score: 0.708750
va_loss: 0.600818, va_score: 0.710000
te_loss: 0.587634, te_score: 0.660000

time = 19
tr_loss: 0.540614, tr_score: 0.733750
va_loss: 0.582165, va_score: 0.660000
te_loss: 0.495029, te_score: 0.790000

time = 19
tr_loss: 0.588816, tr_score: 0.703750
va_loss: 0.549637, va_score: 0.760000
te_loss: 0.588718, te_score: 0.690000

time = 19
tr_loss: 0.570036, tr_score: 0.703750
va_loss: 0.626878, va_score: 0.650000
te_loss: 0.569946, te_score: 0.760000

======================================================
19  Seed:  [3709. 6253. 7969. 4492. 4878.  212. 2129. 7387.  610. 9877. 6936. 8416.
 1824. 6324. 9841. 5493. 7619. 7977.  518. 1963.]
tr_loss: 0.570845, tr_score: 0.714125
va_loss: 0.583918, va_score: 0.708000
te_loss: 0.580114, te_score: 0.714500
time = 20
tr_loss: 0.593667, tr_score: 0.717500
va_loss: 0.617590, va_score: 0.690000
te_loss: 0.604124, te_score: 0.710000

time = 20
tr_loss: 0.604799, tr_score: 0.692500
va_loss: 0.553760, va_score: 0.750000
te_loss: 0.586262, te_score: 0.710000

time = 20
tr_loss: 0.541577, tr_score: 0.717500
va_loss: 0.579596, va_score: 0.700000
te_loss: 0.599584, te_score: 0.670000

time = 20
tr_loss: 0.572346, tr_score: 0.698750
va_loss: 0.672911, va_score: 0.650000
te_loss: 0.502021, te_score: 0.800000

time = 20
tr_loss: 0.548847, tr_score: 0.726250
va_loss: 0.588695, va_score: 0.680000
te_loss: 0.516421, te_score: 0.750000

time = 20
tr_loss: 0.547244, tr_score: 0.735000
va_loss: 0.514579, va_score: 0.750000
te_loss: 0.550720, te_score: 0.710000

time = 20
tr_loss: 0.581417, tr_score: 0.718750
va_loss: 0.540926, va_score: 0.770000
te_loss: 0.591284, te_score: 0.720000

time = 20
tr_loss: 0.583581, tr_score: 0.705000
va_loss: 0.641880, va_score: 0.650000
te_loss: 0.592833, te_score: 0.740000

time = 20
tr_loss: 0.588092, tr_score: 0.711250
va_loss: 0.623982, va_score: 0.670000
te_loss: 0.533792, te_score: 0.770000

time = 20
tr_loss: 0.614273, tr_score: 0.678750
va_loss: 0.548505, va_score: 0.720000
te_loss: 0.563569, te_score: 0.750000

time = 20
tr_loss: 0.594074, tr_score: 0.693750
va_loss: 0.610884, va_score: 0.690000
te_loss: 0.612934, te_score: 0.720000

time = 20
tr_loss: 0.499239, tr_score: 0.772500
va_loss: 0.493933, va_score: 0.780000
te_loss: 0.499845, te_score: 0.750000

time = 20
tr_loss: 0.562522, tr_score: 0.720000
va_loss: 0.540773, va_score: 0.760000
te_loss: 0.614392, te_score: 0.680000

time = 20
tr_loss: 0.592288, tr_score: 0.693750
va_loss: 0.600192, va_score: 0.700000
te_loss: 0.558458, te_score: 0.720000

time = 20
tr_loss: 0.550771, tr_score: 0.736250
va_loss: 0.531853, va_score: 0.750000
te_loss: 0.575193, te_score: 0.700000

time = 20
tr_loss: 0.554233, tr_score: 0.732500
va_loss: 0.652299, va_score: 0.680000
te_loss: 0.587714, te_score: 0.720000

time = 20
tr_loss: 0.611627, tr_score: 0.695000
va_loss: 0.578121, va_score: 0.710000
te_loss: 0.583654, te_score: 0.730000

time = 20
tr_loss: 0.543196, tr_score: 0.711250
va_loss: 0.585713, va_score: 0.690000
te_loss: 0.568715, te_score: 0.720000

time = 20
tr_loss: 0.593044, tr_score: 0.722500
va_loss: 0.569132, va_score: 0.760000
te_loss: 0.593005, te_score: 0.710000

time = 20
tr_loss: 0.599604, tr_score: 0.717500
va_loss: 0.631186, va_score: 0.670000
te_loss: 0.578402, te_score: 0.700000

======================================================
20  Seed:  [8890. 5137. 6638. 5364. 3035. 4210. 5798. 9783. 7946.  146. 8127. 1556.
 1338. 7812. 5900. 6230. 6141. 6234. 5455. 7649.]
tr_loss: 0.573822, tr_score: 0.714812
va_loss: 0.583826, va_score: 0.711000
te_loss: 0.570646, te_score: 0.724000


mid seed:  [ 879. 4612.  287.  491. 3659. 8251. 7507. 1140. 3507. 4318. 9716. 8900.
 3870. 2555. 7340. 8792.  757. 6674. 3143.  691.]
mid test scores 0.706
