time = 0
tr_loss: 0.515460, tr_score: 0.760000
va_loss: 0.533896, va_score: 0.780000
te_loss: 0.563302, te_score: 0.720000

time = 0
tr_loss: 0.514570, tr_score: 0.748750
va_loss: 0.568733, va_score: 0.700000
te_loss: 0.650731, te_score: 0.630000

time = 0
tr_loss: 0.552853, tr_score: 0.731250
va_loss: 0.565250, va_score: 0.710000
te_loss: 0.622841, te_score: 0.660000

time = 0
tr_loss: 0.539703, tr_score: 0.747500
va_loss: 0.553780, va_score: 0.680000
te_loss: 0.527903, te_score: 0.800000

time = 0
tr_loss: 0.593477, tr_score: 0.702500
va_loss: 0.597888, va_score: 0.690000
te_loss: 0.557005, te_score: 0.780000

time = 0
tr_loss: 0.586630, tr_score: 0.690000
va_loss: 0.701832, va_score: 0.640000
te_loss: 0.698120, te_score: 0.610000

time = 0
tr_loss: 0.590251, tr_score: 0.696250
va_loss: 0.574241, va_score: 0.680000
te_loss: 0.504434, te_score: 0.820000

time = 0
tr_loss: 0.621703, tr_score: 0.691250
va_loss: 0.521467, va_score: 0.780000
te_loss: 0.654331, te_score: 0.690000

time = 0
tr_loss: 0.546066, tr_score: 0.730000
va_loss: 0.523952, va_score: 0.680000
te_loss: 0.546362, te_score: 0.750000

time = 0
tr_loss: 0.557081, tr_score: 0.711250
va_loss: 0.571372, va_score: 0.670000
te_loss: 0.465016, te_score: 0.800000

time = 0
tr_loss: 0.589628, tr_score: 0.715000
va_loss: 0.561059, va_score: 0.770000
te_loss: 0.663786, te_score: 0.640000

time = 0
tr_loss: 0.575235, tr_score: 0.716250
va_loss: 0.602791, va_score: 0.710000
te_loss: 0.767745, te_score: 0.560000

time = 0
tr_loss: 0.579840, tr_score: 0.713750
va_loss: 0.620511, va_score: 0.670000
te_loss: 0.664383, te_score: 0.640000

time = 0
tr_loss: 0.561737, tr_score: 0.712500
va_loss: 0.588771, va_score: 0.680000
te_loss: 0.602155, te_score: 0.630000

time = 0
tr_loss: 0.581381, tr_score: 0.715000
va_loss: 0.606082, va_score: 0.670000
te_loss: 0.607893, te_score: 0.710000

time = 0
tr_loss: 0.595012, tr_score: 0.677500
va_loss: 0.623902, va_score: 0.670000
te_loss: 0.584215, te_score: 0.690000

time = 0
tr_loss: 0.600076, tr_score: 0.708750
va_loss: 0.664866, va_score: 0.620000
te_loss: 0.582589, te_score: 0.720000

time = 0
tr_loss: 0.586154, tr_score: 0.711250
va_loss: 0.605913, va_score: 0.650000
te_loss: 0.604739, te_score: 0.660000

time = 0
tr_loss: 0.568710, tr_score: 0.732500
va_loss: 0.605564, va_score: 0.710000
te_loss: 0.637942, te_score: 0.660000

time = 0
tr_loss: 0.572756, tr_score: 0.720000
va_loss: 0.529110, va_score: 0.790000
te_loss: 0.594261, te_score: 0.710000

======================================================
0  Seed:  [ 140. 2411. 2238. 5068. 2300. 9812. 6334. 4380. 4021. 8554. 2226. 8534.
 4715. 7921. 4457. 6212.  255.  495. 8301.  932.]
tr_loss: 0.571416, tr_score: 0.716562
va_loss: 0.586049, va_score: 0.697500
te_loss: 0.604988, te_score: 0.694000
time = 1
tr_loss: 0.555082, tr_score: 0.721250
va_loss: 0.682686, va_score: 0.620000
te_loss: 0.581820, te_score: 0.700000

time = 1
tr_loss: 0.597827, tr_score: 0.703750
va_loss: 0.667452, va_score: 0.650000
te_loss: 0.573601, te_score: 0.730000

time = 1
tr_loss: 0.583335, tr_score: 0.701250
va_loss: 0.561308, va_score: 0.700000
te_loss: 0.523362, te_score: 0.770000

time = 1
tr_loss: 0.554889, tr_score: 0.725000
va_loss: 0.536455, va_score: 0.760000
te_loss: 0.581996, te_score: 0.720000

time = 1
tr_loss: 0.557044, tr_score: 0.718750
va_loss: 0.604780, va_score: 0.650000
te_loss: 0.557210, te_score: 0.740000

time = 1
tr_loss: 0.519258, tr_score: 0.747500
va_loss: 0.515376, va_score: 0.740000
te_loss: 0.503102, te_score: 0.780000

time = 1
tr_loss: 0.597048, tr_score: 0.720000
va_loss: 0.597507, va_score: 0.710000
te_loss: 0.618020, te_score: 0.680000

time = 1
tr_loss: 0.591988, tr_score: 0.695000
va_loss: 0.571267, va_score: 0.730000
te_loss: 0.552162, te_score: 0.720000

time = 1
tr_loss: 0.588183, tr_score: 0.708750
va_loss: 0.626510, va_score: 0.670000
te_loss: 0.537627, te_score: 0.740000

time = 1
tr_loss: 0.587078, tr_score: 0.707500
va_loss: 0.567126, va_score: 0.730000
te_loss: 0.676172, te_score: 0.610000

time = 1
tr_loss: 0.591158, tr_score: 0.708750
va_loss: 0.630292, va_score: 0.680000
te_loss: 0.530718, te_score: 0.770000

time = 1
tr_loss: 0.563636, tr_score: 0.723750
va_loss: 0.568108, va_score: 0.720000
te_loss: 0.574438, te_score: 0.730000

time = 1
tr_loss: 0.603819, tr_score: 0.688750
va_loss: 0.497111, va_score: 0.820000
te_loss: 0.625416, te_score: 0.620000

time = 1
tr_loss: 0.583784, tr_score: 0.678750
va_loss: 0.513427, va_score: 0.800000
te_loss: 0.567770, te_score: 0.680000

time = 1
tr_loss: 0.595562, tr_score: 0.711250
va_loss: 0.664010, va_score: 0.630000
te_loss: 0.607624, te_score: 0.690000

time = 1
tr_loss: 0.526346, tr_score: 0.722500
va_loss: 0.543766, va_score: 0.700000
te_loss: 0.567066, te_score: 0.690000

time = 1
tr_loss: 0.522249, tr_score: 0.757500
va_loss: 0.481296, va_score: 0.820000
te_loss: 0.572661, te_score: 0.710000

time = 1
tr_loss: 0.616637, tr_score: 0.696250
va_loss: 0.620620, va_score: 0.650000
te_loss: 0.613474, te_score: 0.650000

time = 1
tr_loss: 0.616390, tr_score: 0.675000
va_loss: 0.593691, va_score: 0.670000
te_loss: 0.613691, te_score: 0.660000

time = 1
tr_loss: 0.572853, tr_score: 0.713750
va_loss: 0.588017, va_score: 0.740000
te_loss: 0.552781, te_score: 0.740000

======================================================
1  Seed:  [8640.  888. 4066.  552. 1437. 6591. 8969.  824. 8811.  938.  550. 9822.
 6241. 3057. 1352. 8361. 5326. 3377. 2314. 8889.]
tr_loss: 0.576208, tr_score: 0.711250
va_loss: 0.581540, va_score: 0.709500
te_loss: 0.576536, te_score: 0.706500
time = 2
tr_loss: 0.552129, tr_score: 0.725000
va_loss: 0.550108, va_score: 0.720000
te_loss: 0.626349, te_score: 0.640000

time = 2
tr_loss: 0.595710, tr_score: 0.697500
va_loss: 0.512369, va_score: 0.780000
te_loss: 0.613714, te_score: 0.700000

time = 2
tr_loss: 0.603870, tr_score: 0.716250
va_loss: 0.617584, va_score: 0.700000
te_loss: 0.617217, te_score: 0.720000

time = 2
tr_loss: 0.612132, tr_score: 0.691250
va_loss: 0.649232, va_score: 0.680000
te_loss: 0.561914, te_score: 0.740000

time = 2
tr_loss: 0.534630, tr_score: 0.725000
va_loss: 0.516902, va_score: 0.780000
te_loss: 0.461174, te_score: 0.780000

time = 2
tr_loss: 0.574295, tr_score: 0.708750
va_loss: 0.568447, va_score: 0.700000
te_loss: 0.644057, te_score: 0.630000

time = 2
tr_loss: 0.561001, tr_score: 0.712500
va_loss: 0.670739, va_score: 0.630000
te_loss: 0.606747, te_score: 0.700000

time = 2
tr_loss: 0.596796, tr_score: 0.686250
va_loss: 0.534133, va_score: 0.780000
te_loss: 0.568422, te_score: 0.730000

time = 2
tr_loss: 0.570548, tr_score: 0.717500
va_loss: 0.545550, va_score: 0.710000
te_loss: 0.624009, te_score: 0.660000

time = 2
tr_loss: 0.551011, tr_score: 0.726250
va_loss: 0.545870, va_score: 0.760000
te_loss: 0.540011, te_score: 0.730000

time = 2
tr_loss: 0.541781, tr_score: 0.742500
va_loss: 0.523351, va_score: 0.750000
te_loss: 0.576733, te_score: 0.710000

time = 2
tr_loss: 0.611876, tr_score: 0.688750
va_loss: 0.586106, va_score: 0.730000
te_loss: 0.540025, te_score: 0.760000

time = 2
tr_loss: 0.585647, tr_score: 0.707500
va_loss: 0.591765, va_score: 0.730000
te_loss: 0.649534, te_score: 0.660000

time = 2
tr_loss: 0.565943, tr_score: 0.713750
va_loss: 0.559748, va_score: 0.740000
te_loss: 0.526493, te_score: 0.740000

time = 2
tr_loss: 0.593526, tr_score: 0.703750
va_loss: 0.597351, va_score: 0.700000
te_loss: 0.573148, te_score: 0.710000

time = 2
tr_loss: 0.579758, tr_score: 0.706250
va_loss: 0.492436, va_score: 0.790000
te_loss: 0.539730, te_score: 0.760000

time = 2
tr_loss: 0.585462, tr_score: 0.700000
va_loss: 0.608781, va_score: 0.700000
te_loss: 0.581874, te_score: 0.680000

time = 2
tr_loss: 0.597866, tr_score: 0.703750
va_loss: 0.627264, va_score: 0.670000
te_loss: 0.551104, te_score: 0.750000

time = 2
tr_loss: 0.607043, tr_score: 0.701250
va_loss: 0.598884, va_score: 0.680000
te_loss: 0.617288, te_score: 0.710000

time = 2
tr_loss: 0.508156, tr_score: 0.760000
va_loss: 0.523041, va_score: 0.760000
te_loss: 0.544435, te_score: 0.760000

======================================================
2  Seed:  [5478. 7027. 2150. 7559. 3662. 2043. 8598. 4158. 6442. 4398. 3939. 9768.
 5143. 2231.  162. 6860. 3496. 7749. 2530. 2730.]
tr_loss: 0.576459, tr_score: 0.711687
va_loss: 0.570983, va_score: 0.724500
te_loss: 0.578199, te_score: 0.713500
time = 3
tr_loss: 0.549877, tr_score: 0.713750
va_loss: 0.556954, va_score: 0.690000
te_loss: 0.551021, te_score: 0.700000

time = 3
tr_loss: 0.538161, tr_score: 0.740000
va_loss: 0.585930, va_score: 0.670000
te_loss: 0.561114, te_score: 0.720000

time = 3
tr_loss: 0.545254, tr_score: 0.743750
va_loss: 0.592718, va_score: 0.710000
te_loss: 0.594733, te_score: 0.690000

time = 3
tr_loss: 0.580874, tr_score: 0.718750
va_loss: 0.551839, va_score: 0.750000
te_loss: 0.569974, te_score: 0.750000

time = 3
tr_loss: 0.599594, tr_score: 0.712500
va_loss: 0.622785, va_score: 0.710000
te_loss: 0.600560, te_score: 0.700000

time = 3
tr_loss: 0.571891, tr_score: 0.727500
va_loss: 0.504286, va_score: 0.780000
te_loss: 0.540388, te_score: 0.740000

time = 3
tr_loss: 0.581225, tr_score: 0.703750
va_loss: 0.657974, va_score: 0.620000
te_loss: 0.544671, te_score: 0.740000

time = 3
tr_loss: 0.573459, tr_score: 0.713750
va_loss: 0.627358, va_score: 0.650000
te_loss: 0.628058, te_score: 0.640000

time = 3
tr_loss: 0.598621, tr_score: 0.716250
va_loss: 0.711826, va_score: 0.650000
te_loss: 0.640719, te_score: 0.700000

time = 3
tr_loss: 0.576282, tr_score: 0.710000
va_loss: 0.546458, va_score: 0.730000
te_loss: 0.602425, te_score: 0.740000

time = 3
tr_loss: 0.539488, tr_score: 0.740000
va_loss: 0.606973, va_score: 0.720000
te_loss: 0.548127, te_score: 0.720000

time = 3
tr_loss: 0.582989, tr_score: 0.702500
va_loss: 0.551665, va_score: 0.720000
te_loss: 0.606858, te_score: 0.660000

time = 3
tr_loss: 0.588913, tr_score: 0.675000
va_loss: 0.568992, va_score: 0.690000
te_loss: 0.607042, te_score: 0.650000

time = 3
tr_loss: 0.585531, tr_score: 0.720000
va_loss: 0.653035, va_score: 0.630000
te_loss: 0.524146, te_score: 0.790000

time = 3
tr_loss: 0.583133, tr_score: 0.711250
va_loss: 0.672647, va_score: 0.620000
te_loss: 0.593411, te_score: 0.690000

time = 3
tr_loss: 0.632675, tr_score: 0.683750
va_loss: 0.597590, va_score: 0.690000
te_loss: 0.576052, te_score: 0.710000

time = 3
tr_loss: 0.605907, tr_score: 0.691250
va_loss: 0.598456, va_score: 0.700000
te_loss: 0.660659, te_score: 0.660000

time = 3
tr_loss: 0.611733, tr_score: 0.677500
va_loss: 0.682327, va_score: 0.610000
te_loss: 0.604763, te_score: 0.650000

time = 3
tr_loss: 0.590144, tr_score: 0.703750
va_loss: 0.625805, va_score: 0.670000
te_loss: 0.601622, te_score: 0.670000

time = 3
tr_loss: 0.604382, tr_score: 0.696250
va_loss: 0.603986, va_score: 0.700000
te_loss: 0.596462, te_score: 0.740000

======================================================
3  Seed:  [6469. 3301. 7178. 4323. 9525.  454. 7215. 4562. 5178. 3971. 9338. 3960.
 2970. 9630. 2254.  396. 4264. 8949. 7913. 1289.]
tr_loss: 0.582007, tr_score: 0.710063
va_loss: 0.605980, va_score: 0.685500
te_loss: 0.587640, te_score: 0.703000
time = 4
tr_loss: 0.561663, tr_score: 0.732500
va_loss: 0.559769, va_score: 0.730000
te_loss: 0.496939, te_score: 0.800000

time = 4
tr_loss: 0.566239, tr_score: 0.718750
va_loss: 0.536106, va_score: 0.750000
te_loss: 0.549316, te_score: 0.740000

time = 4
tr_loss: 0.611976, tr_score: 0.690000
va_loss: 0.600234, va_score: 0.710000
te_loss: 0.610409, te_score: 0.680000

time = 4
tr_loss: 0.576803, tr_score: 0.720000
va_loss: 0.546293, va_score: 0.760000
te_loss: 0.619770, te_score: 0.670000

time = 4
tr_loss: 0.586020, tr_score: 0.707500
va_loss: 0.622174, va_score: 0.670000
te_loss: 0.565430, te_score: 0.700000

time = 4
tr_loss: 0.572285, tr_score: 0.728750
va_loss: 0.613956, va_score: 0.690000
te_loss: 0.545593, te_score: 0.710000

time = 4
tr_loss: 0.565044, tr_score: 0.717500
va_loss: 0.573729, va_score: 0.740000
te_loss: 0.549933, te_score: 0.700000

time = 4
tr_loss: 0.605721, tr_score: 0.660000
va_loss: 0.626076, va_score: 0.680000
te_loss: 0.569569, te_score: 0.730000

time = 4
tr_loss: 0.593770, tr_score: 0.698750
va_loss: 0.616268, va_score: 0.650000
te_loss: 0.547044, te_score: 0.760000

time = 4
tr_loss: 0.589365, tr_score: 0.706250
va_loss: 0.625595, va_score: 0.700000
te_loss: 0.584268, te_score: 0.700000

time = 4
tr_loss: 0.603882, tr_score: 0.706250
va_loss: 0.662376, va_score: 0.640000
te_loss: 0.600392, te_score: 0.710000

time = 4
tr_loss: 0.547470, tr_score: 0.717500
va_loss: 0.532588, va_score: 0.730000
te_loss: 0.560188, te_score: 0.690000

time = 4
tr_loss: 0.548457, tr_score: 0.723750
va_loss: 0.511396, va_score: 0.790000
te_loss: 0.589901, te_score: 0.710000

time = 4
tr_loss: 0.573457, tr_score: 0.702500
va_loss: 0.541767, va_score: 0.760000
te_loss: 0.532065, te_score: 0.790000

time = 4
tr_loss: 0.549789, tr_score: 0.727500
va_loss: 0.541705, va_score: 0.720000
te_loss: 0.631466, te_score: 0.640000

time = 4
tr_loss: 0.565222, tr_score: 0.708750
va_loss: 0.489474, va_score: 0.800000
te_loss: 0.542640, te_score: 0.760000

time = 4
tr_loss: 0.610180, tr_score: 0.706250
va_loss: 0.554392, va_score: 0.790000
te_loss: 0.643316, te_score: 0.730000

time = 4
tr_loss: 0.566325, tr_score: 0.706250
va_loss: 0.572565, va_score: 0.720000
te_loss: 0.577373, te_score: 0.680000

time = 4
tr_loss: 0.601050, tr_score: 0.712500
va_loss: 0.679938, va_score: 0.630000
te_loss: 0.593563, te_score: 0.720000

time = 4
tr_loss: 0.559524, tr_score: 0.706250
va_loss: 0.573101, va_score: 0.700000
te_loss: 0.552477, te_score: 0.760000

======================================================
4  Seed:  [8744.  130. 2730. 2289. 3436.   91. 5431.  214. 1996. 7906. 4318. 5189.
 9458. 5884. 7590. 9032. 7937. 3024. 1021. 9551.]
tr_loss: 0.577712, tr_score: 0.709875
va_loss: 0.578975, va_score: 0.718000
te_loss: 0.573083, te_score: 0.719000
time = 5
tr_loss: 0.571348, tr_score: 0.718750
va_loss: 0.627301, va_score: 0.660000
te_loss: 0.606036, te_score: 0.660000

time = 5
tr_loss: 0.582992, tr_score: 0.727500
va_loss: 0.616586, va_score: 0.680000
te_loss: 0.554835, te_score: 0.730000

time = 5
tr_loss: 0.577097, tr_score: 0.723750
va_loss: 0.608950, va_score: 0.690000
te_loss: 0.571568, te_score: 0.700000

time = 5
tr_loss: 0.611436, tr_score: 0.702500
va_loss: 0.627160, va_score: 0.680000
te_loss: 0.619556, te_score: 0.700000

time = 5
tr_loss: 0.586556, tr_score: 0.717500
va_loss: 0.610937, va_score: 0.680000
te_loss: 0.543643, te_score: 0.740000

time = 5
tr_loss: 0.588241, tr_score: 0.696250
va_loss: 0.575595, va_score: 0.700000
te_loss: 0.503479, te_score: 0.810000

time = 5
tr_loss: 0.565303, tr_score: 0.722500
va_loss: 0.521716, va_score: 0.730000
te_loss: 0.583269, te_score: 0.690000

time = 5
tr_loss: 0.636963, tr_score: 0.698750
va_loss: 0.652065, va_score: 0.690000
te_loss: 0.634756, te_score: 0.720000

time = 5
tr_loss: 0.636936, tr_score: 0.680000
va_loss: 0.629887, va_score: 0.690000
te_loss: 0.620922, te_score: 0.700000

time = 5
tr_loss: 0.578310, tr_score: 0.711250
va_loss: 0.577627, va_score: 0.710000
te_loss: 0.605947, te_score: 0.670000

time = 5
tr_loss: 0.577262, tr_score: 0.728750
va_loss: 0.610740, va_score: 0.680000
te_loss: 0.551813, te_score: 0.770000

time = 5
tr_loss: 0.615096, tr_score: 0.637500
va_loss: 0.496145, va_score: 0.750000
te_loss: 0.585020, te_score: 0.670000

time = 5
tr_loss: 0.542704, tr_score: 0.737500
va_loss: 0.502343, va_score: 0.790000
te_loss: 0.520584, te_score: 0.780000

time = 5
tr_loss: 0.581435, tr_score: 0.705000
va_loss: 0.545445, va_score: 0.760000
te_loss: 0.638992, te_score: 0.640000

time = 5
tr_loss: 0.568585, tr_score: 0.715000
va_loss: 0.614910, va_score: 0.690000
te_loss: 0.599028, te_score: 0.670000

time = 5
tr_loss: 0.597019, tr_score: 0.700000
va_loss: 0.519541, va_score: 0.770000
te_loss: 0.646099, te_score: 0.630000

time = 5
tr_loss: 0.595653, tr_score: 0.700000
va_loss: 0.601664, va_score: 0.680000
te_loss: 0.586687, te_score: 0.720000

time = 5
tr_loss: 0.600326, tr_score: 0.711250
va_loss: 0.501600, va_score: 0.760000
te_loss: 0.617982, te_score: 0.720000

time = 5
tr_loss: 0.592663, tr_score: 0.716250
va_loss: 0.511720, va_score: 0.820000
te_loss: 0.665664, te_score: 0.640000

time = 5
tr_loss: 0.562900, tr_score: 0.731250
va_loss: 0.588862, va_score: 0.710000
te_loss: 0.603656, te_score: 0.660000

======================================================
5  Seed:  [1237. 6412. 2121. 6405. 4525. 1302. 1340. 7513. 9914. 1173. 2339. 2687.
 5417. 1769. 4522. 4161. 3470. 2003. 6862. 6659.]
tr_loss: 0.588441, tr_score: 0.709063
va_loss: 0.577040, va_score: 0.716000
te_loss: 0.592977, te_score: 0.701000
time = 6
tr_loss: 0.573035, tr_score: 0.695000
va_loss: 0.536244, va_score: 0.720000
te_loss: 0.576782, te_score: 0.730000

time = 6
tr_loss: 0.516180, tr_score: 0.730000
va_loss: 0.588411, va_score: 0.670000
te_loss: 0.573586, te_score: 0.710000

time = 6
tr_loss: 0.573294, tr_score: 0.733750
va_loss: 0.607507, va_score: 0.680000
te_loss: 0.620017, te_score: 0.670000

time = 6
tr_loss: 0.595327, tr_score: 0.713750
va_loss: 0.619240, va_score: 0.710000
te_loss: 0.671016, te_score: 0.650000

time = 6
tr_loss: 0.594946, tr_score: 0.706250
va_loss: 0.623925, va_score: 0.670000
te_loss: 0.525654, te_score: 0.770000

time = 6
tr_loss: 0.591869, tr_score: 0.720000
va_loss: 0.611165, va_score: 0.720000
te_loss: 0.678646, te_score: 0.680000

time = 6
tr_loss: 0.604705, tr_score: 0.691250
va_loss: 0.638218, va_score: 0.670000
te_loss: 0.558665, te_score: 0.770000

time = 6
tr_loss: 0.595872, tr_score: 0.700000
va_loss: 0.648033, va_score: 0.670000
te_loss: 0.617562, te_score: 0.700000

time = 6
tr_loss: 0.609498, tr_score: 0.686250
va_loss: 0.589512, va_score: 0.760000
te_loss: 0.573238, te_score: 0.750000

time = 6
tr_loss: 0.563118, tr_score: 0.720000
va_loss: 0.560063, va_score: 0.730000
te_loss: 0.590585, te_score: 0.710000

time = 6
tr_loss: 0.579931, tr_score: 0.720000
va_loss: 0.582100, va_score: 0.680000
te_loss: 0.683435, te_score: 0.630000

time = 6
tr_loss: 0.594275, tr_score: 0.705000
va_loss: 0.630330, va_score: 0.670000
te_loss: 0.641965, te_score: 0.680000

time = 6
tr_loss: 0.592125, tr_score: 0.716250
va_loss: 0.572035, va_score: 0.740000
te_loss: 0.660751, te_score: 0.630000

time = 6
tr_loss: 0.571090, tr_score: 0.708750
va_loss: 0.574690, va_score: 0.720000
te_loss: 0.530369, te_score: 0.740000

time = 6
tr_loss: 0.518815, tr_score: 0.733750
va_loss: 0.551329, va_score: 0.720000
te_loss: 0.585313, te_score: 0.660000

time = 6
tr_loss: 0.588837, tr_score: 0.710000
va_loss: 0.611582, va_score: 0.690000
te_loss: 0.572659, te_score: 0.690000

time = 6
tr_loss: 0.551925, tr_score: 0.738750
va_loss: 0.530916, va_score: 0.740000
te_loss: 0.600248, te_score: 0.710000

time = 6
tr_loss: 0.580490, tr_score: 0.707500
va_loss: 0.526446, va_score: 0.720000
te_loss: 0.557145, te_score: 0.730000

time = 6
tr_loss: 0.597469, tr_score: 0.703750
va_loss: 0.611380, va_score: 0.670000
te_loss: 0.595827, te_score: 0.700000

time = 6
tr_loss: 0.504941, tr_score: 0.735000
va_loss: 0.583648, va_score: 0.710000
te_loss: 0.518790, te_score: 0.780000

======================================================
6  Seed:  [7694. 6294. 7622. 3529.   96. 7204. 5217. 3436.  887. 8110. 7803. 3805.
 1114. 2222. 9584. 2008. 1959. 4210.  576. 6097.]
tr_loss: 0.574887, tr_score: 0.713750
va_loss: 0.589839, va_score: 0.703000
te_loss: 0.596613, te_score: 0.704500
time = 7
tr_loss: 0.530363, tr_score: 0.760000
va_loss: 0.529688, va_score: 0.710000
te_loss: 0.497704, te_score: 0.790000

time = 7
tr_loss: 0.599312, tr_score: 0.698750
va_loss: 0.537911, va_score: 0.780000
te_loss: 0.573869, te_score: 0.710000

time = 7
tr_loss: 0.554743, tr_score: 0.720000
va_loss: 0.470236, va_score: 0.770000
te_loss: 0.548020, te_score: 0.730000

time = 7
tr_loss: 0.579740, tr_score: 0.701250
va_loss: 0.584751, va_score: 0.700000
te_loss: 0.548899, te_score: 0.760000

time = 7
tr_loss: 0.581451, tr_score: 0.700000
va_loss: 0.565201, va_score: 0.730000
te_loss: 0.584145, te_score: 0.740000

time = 7
tr_loss: 0.603944, tr_score: 0.712500
va_loss: 0.677784, va_score: 0.610000
te_loss: 0.640453, te_score: 0.730000

time = 7
tr_loss: 0.562660, tr_score: 0.720000
va_loss: 0.571765, va_score: 0.740000
te_loss: 0.508985, te_score: 0.740000

time = 7
tr_loss: 0.591048, tr_score: 0.712500
va_loss: 0.619798, va_score: 0.670000
te_loss: 0.653508, te_score: 0.660000

time = 7
tr_loss: 0.566820, tr_score: 0.705000
va_loss: 0.602175, va_score: 0.690000
te_loss: 0.572189, te_score: 0.670000

time = 7
tr_loss: 0.598542, tr_score: 0.717500
va_loss: 0.551681, va_score: 0.760000
te_loss: 0.604214, te_score: 0.720000

time = 7
tr_loss: 0.579304, tr_score: 0.713750
va_loss: 0.557068, va_score: 0.700000
te_loss: 0.604700, te_score: 0.670000

time = 7
tr_loss: 0.577284, tr_score: 0.717500
va_loss: 0.672703, va_score: 0.630000
te_loss: 0.487131, te_score: 0.790000

time = 7
tr_loss: 0.567352, tr_score: 0.725000
va_loss: 0.718575, va_score: 0.610000
te_loss: 0.603705, te_score: 0.650000

time = 7
tr_loss: 0.583312, tr_score: 0.710000
va_loss: 0.575835, va_score: 0.710000
te_loss: 0.628948, te_score: 0.630000

time = 7
tr_loss: 0.557341, tr_score: 0.721250
va_loss: 0.615933, va_score: 0.650000
te_loss: 0.567312, te_score: 0.680000

time = 7
tr_loss: 0.573756, tr_score: 0.722500
va_loss: 0.635993, va_score: 0.660000
te_loss: 0.583854, te_score: 0.710000

time = 7
tr_loss: 0.611072, tr_score: 0.703750
va_loss: 0.600064, va_score: 0.720000
te_loss: 0.695475, te_score: 0.640000

time = 7
tr_loss: 0.561096, tr_score: 0.718750
va_loss: 0.517433, va_score: 0.770000
te_loss: 0.650885, te_score: 0.630000

time = 7
tr_loss: 0.600003, tr_score: 0.703750
va_loss: 0.564857, va_score: 0.750000
te_loss: 0.550824, te_score: 0.740000

time = 7
tr_loss: 0.579488, tr_score: 0.717500
va_loss: 0.556454, va_score: 0.770000
te_loss: 0.585765, te_score: 0.700000

======================================================
7  Seed:  [ 667. 3641. 1333. 4721. 6871. 9519. 4778.  927. 8338.   13. 3683. 6570.
 1422. 3821. 5722.  599. 3527. 1784. 1921. 2070.]
tr_loss: 0.577932, tr_score: 0.715062
va_loss: 0.586295, va_score: 0.706500
te_loss: 0.584529, te_score: 0.704500
time = 8
tr_loss: 0.575822, tr_score: 0.723750
va_loss: 0.598438, va_score: 0.740000
te_loss: 0.518765, te_score: 0.790000

time = 8
tr_loss: 0.607193, tr_score: 0.710000
va_loss: 0.708437, va_score: 0.610000
te_loss: 0.553254, te_score: 0.760000

time = 8
tr_loss: 0.570575, tr_score: 0.708750
va_loss: 0.582425, va_score: 0.700000
te_loss: 0.537466, te_score: 0.780000

time = 8
tr_loss: 0.603665, tr_score: 0.700000
va_loss: 0.620849, va_score: 0.710000
te_loss: 0.619891, te_score: 0.710000

time = 8
tr_loss: 0.592916, tr_score: 0.712500
va_loss: 0.584696, va_score: 0.700000
te_loss: 0.555244, te_score: 0.730000

time = 8
tr_loss: 0.581972, tr_score: 0.710000
va_loss: 0.583632, va_score: 0.690000
te_loss: 0.580442, te_score: 0.700000

time = 8
tr_loss: 0.594539, tr_score: 0.705000
va_loss: 0.595163, va_score: 0.710000
te_loss: 0.648698, te_score: 0.650000

time = 8
tr_loss: 0.589668, tr_score: 0.685000
va_loss: 0.513184, va_score: 0.760000
te_loss: 0.569047, te_score: 0.700000

time = 8
tr_loss: 0.540957, tr_score: 0.721250
va_loss: 0.556501, va_score: 0.720000
te_loss: 0.503921, te_score: 0.780000

time = 8
tr_loss: 0.585050, tr_score: 0.730000
va_loss: 0.643218, va_score: 0.630000
te_loss: 0.598589, te_score: 0.720000

time = 8
tr_loss: 0.562057, tr_score: 0.702500
va_loss: 0.495237, va_score: 0.780000
te_loss: 0.507179, te_score: 0.750000

time = 8
tr_loss: 0.603040, tr_score: 0.688750
va_loss: 0.584766, va_score: 0.760000
te_loss: 0.645678, te_score: 0.680000

time = 8
tr_loss: 0.607632, tr_score: 0.676250
va_loss: 0.616854, va_score: 0.660000
te_loss: 0.651941, te_score: 0.690000

time = 8
tr_loss: 0.570289, tr_score: 0.706250
va_loss: 0.470661, va_score: 0.830000
te_loss: 0.550584, te_score: 0.710000

time = 8
tr_loss: 0.615041, tr_score: 0.702500
va_loss: 0.597243, va_score: 0.690000
te_loss: 0.595174, te_score: 0.710000

time = 8
tr_loss: 0.583087, tr_score: 0.731250
va_loss: 0.586062, va_score: 0.710000
te_loss: 0.677228, te_score: 0.610000

time = 8
tr_loss: 0.493671, tr_score: 0.750000
va_loss: 0.528930, va_score: 0.750000
te_loss: 0.514606, te_score: 0.730000

time = 8
tr_loss: 0.605144, tr_score: 0.696250
va_loss: 0.581227, va_score: 0.730000
te_loss: 0.591228, te_score: 0.700000

time = 8
tr_loss: 0.558584, tr_score: 0.712500
va_loss: 0.563703, va_score: 0.740000
te_loss: 0.570207, te_score: 0.720000

time = 8
tr_loss: 0.583148, tr_score: 0.723750
va_loss: 0.611470, va_score: 0.690000
te_loss: 0.668935, te_score: 0.610000

======================================================
8  Seed:  [4860. 8426. 6918. 8393. 2977. 1581. 7001.  814. 5947. 4477. 3311. 7270.
 5082. 4712. 7103. 6080. 5821. 8708. 4579. 2324.]
tr_loss: 0.581203, tr_score: 0.709812
va_loss: 0.581135, va_score: 0.715500
te_loss: 0.582904, te_score: 0.711500
time = 9
tr_loss: 0.618802, tr_score: 0.700000
va_loss: 0.552890, va_score: 0.720000
te_loss: 0.615195, te_score: 0.690000

time = 9
tr_loss: 0.599705, tr_score: 0.720000
va_loss: 0.679669, va_score: 0.620000
te_loss: 0.602735, te_score: 0.720000

time = 9
tr_loss: 0.559441, tr_score: 0.717500
va_loss: 0.567849, va_score: 0.710000
te_loss: 0.611982, te_score: 0.700000

time = 9
tr_loss: 0.575393, tr_score: 0.710000
va_loss: 0.546251, va_score: 0.760000
te_loss: 0.608129, te_score: 0.700000

time = 9
tr_loss: 0.558486, tr_score: 0.725000
va_loss: 0.569125, va_score: 0.730000
te_loss: 0.636456, te_score: 0.650000

time = 9
tr_loss: 0.577134, tr_score: 0.706250
va_loss: 0.569874, va_score: 0.700000
te_loss: 0.638936, te_score: 0.630000

time = 9
tr_loss: 0.591204, tr_score: 0.698750
va_loss: 0.548089, va_score: 0.750000
te_loss: 0.582011, te_score: 0.710000

time = 9
tr_loss: 0.569265, tr_score: 0.721250
va_loss: 0.599045, va_score: 0.700000
te_loss: 0.608202, te_score: 0.710000

time = 9
tr_loss: 0.657142, tr_score: 0.666250
va_loss: 0.632484, va_score: 0.680000
te_loss: 0.619983, te_score: 0.680000

time = 9
tr_loss: 0.580632, tr_score: 0.711250
va_loss: 0.635554, va_score: 0.660000
te_loss: 0.579379, te_score: 0.710000

time = 9
tr_loss: 0.587835, tr_score: 0.713750
va_loss: 0.577670, va_score: 0.680000
te_loss: 0.615509, te_score: 0.670000

time = 9
tr_loss: 0.568013, tr_score: 0.706250
va_loss: 0.534874, va_score: 0.740000
te_loss: 0.551070, te_score: 0.770000

time = 9
tr_loss: 0.573008, tr_score: 0.702500
va_loss: 0.630345, va_score: 0.680000
te_loss: 0.549467, te_score: 0.740000

time = 9
tr_loss: 0.599664, tr_score: 0.708750
va_loss: 0.611619, va_score: 0.690000
te_loss: 0.580115, te_score: 0.740000

time = 9
tr_loss: 0.587445, tr_score: 0.716250
va_loss: 0.677698, va_score: 0.680000
te_loss: 0.652405, te_score: 0.700000

time = 9
tr_loss: 0.570250, tr_score: 0.718750
va_loss: 0.551291, va_score: 0.730000
te_loss: 0.571949, te_score: 0.750000

time = 9
tr_loss: 0.581599, tr_score: 0.702500
va_loss: 0.565402, va_score: 0.760000
te_loss: 0.592299, te_score: 0.670000

time = 9
tr_loss: 0.503602, tr_score: 0.738750
va_loss: 0.501253, va_score: 0.720000
te_loss: 0.558924, te_score: 0.690000

time = 9
tr_loss: 0.497327, tr_score: 0.753750
va_loss: 0.502299, va_score: 0.770000
te_loss: 0.545268, te_score: 0.730000

time = 9
tr_loss: 0.590234, tr_score: 0.712500
va_loss: 0.562917, va_score: 0.740000
te_loss: 0.587449, te_score: 0.730000

======================================================
9  Seed:  [9948.  542.  232.  666. 5686. 1955. 6679. 1732. 8003. 9621. 2645. 4622.
 2831. 7236. 6932. 8781. 1798. 9886. 2715. 5559.]
tr_loss: 0.577309, tr_score: 0.712500
va_loss: 0.580810, va_score: 0.711000
te_loss: 0.595373, te_score: 0.704500
time = 10
tr_loss: 0.583733, tr_score: 0.716250
va_loss: 0.588102, va_score: 0.710000
te_loss: 0.544108, te_score: 0.730000

time = 10
tr_loss: 0.600153, tr_score: 0.702500
va_loss: 0.612201, va_score: 0.690000
te_loss: 0.528913, te_score: 0.820000

time = 10
tr_loss: 0.591662, tr_score: 0.708750
va_loss: 0.552432, va_score: 0.730000
te_loss: 0.685897, te_score: 0.650000

time = 10
tr_loss: 0.591459, tr_score: 0.692500
va_loss: 0.544842, va_score: 0.760000
te_loss: 0.526039, te_score: 0.750000

time = 10
tr_loss: 0.586382, tr_score: 0.697500
va_loss: 0.635022, va_score: 0.610000
te_loss: 0.577764, te_score: 0.760000

time = 10
tr_loss: 0.566673, tr_score: 0.716250
va_loss: 0.542217, va_score: 0.720000
te_loss: 0.588747, te_score: 0.720000

time = 10
tr_loss: 0.599634, tr_score: 0.703750
va_loss: 0.526837, va_score: 0.800000
te_loss: 0.562805, te_score: 0.750000

time = 10
tr_loss: 0.572527, tr_score: 0.706250
va_loss: 0.441691, va_score: 0.870000
te_loss: 0.563854, te_score: 0.740000

time = 10
tr_loss: 0.574763, tr_score: 0.730000
va_loss: 0.605982, va_score: 0.720000
te_loss: 0.601224, te_score: 0.660000

time = 10
tr_loss: 0.578545, tr_score: 0.708750
va_loss: 0.583617, va_score: 0.710000
te_loss: 0.588572, te_score: 0.710000

time = 10
tr_loss: 0.503755, tr_score: 0.767500
va_loss: 0.535927, va_score: 0.750000
te_loss: 0.490735, te_score: 0.760000

time = 10
tr_loss: 0.586720, tr_score: 0.715000
va_loss: 0.640572, va_score: 0.680000
te_loss: 0.594453, te_score: 0.710000

time = 10
tr_loss: 0.600813, tr_score: 0.678750
va_loss: 0.595893, va_score: 0.710000
te_loss: 0.622682, te_score: 0.640000

time = 10
tr_loss: 0.536127, tr_score: 0.726250
va_loss: 0.544673, va_score: 0.700000
te_loss: 0.506464, te_score: 0.750000

time = 10
tr_loss: 0.602620, tr_score: 0.713750
va_loss: 0.666117, va_score: 0.630000
te_loss: 0.647189, te_score: 0.650000

time = 10
tr_loss: 0.601024, tr_score: 0.698750
va_loss: 0.531876, va_score: 0.780000
te_loss: 0.555116, te_score: 0.750000

time = 10
tr_loss: 0.615070, tr_score: 0.701250
va_loss: 0.576465, va_score: 0.750000
te_loss: 0.675029, te_score: 0.690000

time = 10
tr_loss: 0.589401, tr_score: 0.700000
va_loss: 0.597141, va_score: 0.690000
te_loss: 0.557371, te_score: 0.730000

time = 10
tr_loss: 0.581356, tr_score: 0.718750
va_loss: 0.569595, va_score: 0.760000
te_loss: 0.598630, te_score: 0.690000

time = 10
tr_loss: 0.630813, tr_score: 0.707500
va_loss: 0.743443, va_score: 0.590000
te_loss: 0.615236, te_score: 0.750000

======================================================
10  Seed:  [9217. 8758. 9318. 9902. 9257. 5433. 4194. 5342. 6064. 1182. 7632. 9724.
 4507. 4141. 7028. 4431.  710. 9505. 6403. 3797.]
tr_loss: 0.584661, tr_score: 0.710500
va_loss: 0.581732, va_score: 0.718000
te_loss: 0.581541, te_score: 0.720500
time = 11
tr_loss: 0.597659, tr_score: 0.710000
va_loss: 0.515007, va_score: 0.820000
te_loss: 0.660105, te_score: 0.640000

time = 11
tr_loss: 0.559493, tr_score: 0.726250
va_loss: 0.602552, va_score: 0.720000
te_loss: 0.635561, te_score: 0.660000

time = 11
tr_loss: 0.579349, tr_score: 0.697500
va_loss: 0.612252, va_score: 0.680000
te_loss: 0.556942, te_score: 0.740000

time = 11
tr_loss: 0.551035, tr_score: 0.725000
va_loss: 0.548793, va_score: 0.730000
te_loss: 0.500981, te_score: 0.780000

time = 11
tr_loss: 0.553562, tr_score: 0.728750
va_loss: 0.616794, va_score: 0.670000
te_loss: 0.587235, te_score: 0.660000

time = 11
tr_loss: 0.562107, tr_score: 0.723750
va_loss: 0.559835, va_score: 0.750000
te_loss: 0.539435, te_score: 0.760000

time = 11
tr_loss: 0.563809, tr_score: 0.720000
va_loss: 0.667870, va_score: 0.620000
te_loss: 0.595134, te_score: 0.660000

time = 11
tr_loss: 0.591245, tr_score: 0.697500
va_loss: 0.486684, va_score: 0.760000
te_loss: 0.616781, te_score: 0.650000

time = 11
tr_loss: 0.560748, tr_score: 0.718750
va_loss: 0.602659, va_score: 0.710000
te_loss: 0.567825, te_score: 0.750000

time = 11
tr_loss: 0.584121, tr_score: 0.710000
va_loss: 0.629537, va_score: 0.620000
te_loss: 0.586233, te_score: 0.710000

time = 11
tr_loss: 0.525464, tr_score: 0.732500
va_loss: 0.547554, va_score: 0.720000
te_loss: 0.510637, te_score: 0.740000

time = 11
tr_loss: 0.588179, tr_score: 0.722500
va_loss: 0.640748, va_score: 0.650000
te_loss: 0.718884, te_score: 0.580000

time = 11
tr_loss: 0.499055, tr_score: 0.763750
va_loss: 0.541542, va_score: 0.770000
te_loss: 0.564703, te_score: 0.660000

time = 11
tr_loss: 0.561352, tr_score: 0.705000
va_loss: 0.544505, va_score: 0.730000
te_loss: 0.632509, te_score: 0.650000

time = 11
tr_loss: 0.613978, tr_score: 0.695000
va_loss: 0.572622, va_score: 0.750000
te_loss: 0.616733, te_score: 0.690000

time = 11
tr_loss: 0.602873, tr_score: 0.708750
va_loss: 0.687429, va_score: 0.610000
te_loss: 0.588227, te_score: 0.720000

time = 11
tr_loss: 0.609109, tr_score: 0.713750
va_loss: 0.588243, va_score: 0.750000
te_loss: 0.590777, te_score: 0.740000

time = 11
tr_loss: 0.591466, tr_score: 0.713750
va_loss: 0.568557, va_score: 0.730000
te_loss: 0.637982, te_score: 0.670000

time = 11
tr_loss: 0.527691, tr_score: 0.738750
va_loss: 0.514848, va_score: 0.750000
te_loss: 0.636609, te_score: 0.670000

time = 11
tr_loss: 0.623494, tr_score: 0.695000
va_loss: 0.558759, va_score: 0.770000
te_loss: 0.674670, te_score: 0.670000

======================================================
11  Seed:  [ 276. 7096. 7576. 7225. 8005. 7496. 1258. 6191. 8489. 5152. 4572. 4247.
 5941. 8136.  978. 3169. 6643. 4121. 8439. 9382.]
tr_loss: 0.572290, tr_score: 0.717312
va_loss: 0.580340, va_score: 0.715500
te_loss: 0.600898, te_score: 0.690000
time = 12
tr_loss: 0.575739, tr_score: 0.716250
va_loss: 0.632502, va_score: 0.610000
te_loss: 0.555244, te_score: 0.710000

time = 12
tr_loss: 0.581948, tr_score: 0.706250
va_loss: 0.606414, va_score: 0.690000
te_loss: 0.544824, te_score: 0.740000

time = 12
tr_loss: 0.582139, tr_score: 0.715000
va_loss: 0.618082, va_score: 0.670000
te_loss: 0.673036, te_score: 0.620000

time = 12
tr_loss: 0.540217, tr_score: 0.738750
va_loss: 0.581477, va_score: 0.700000
te_loss: 0.741483, te_score: 0.620000

time = 12
tr_loss: 0.580805, tr_score: 0.726250
va_loss: 0.607099, va_score: 0.700000
te_loss: 0.617419, te_score: 0.680000

time = 12
tr_loss: 0.588227, tr_score: 0.701250
va_loss: 0.580520, va_score: 0.700000
te_loss: 0.596876, te_score: 0.700000

time = 12
tr_loss: 0.575026, tr_score: 0.718750
va_loss: 0.688826, va_score: 0.590000
te_loss: 0.671652, te_score: 0.640000

time = 12
tr_loss: 0.577361, tr_score: 0.712500
va_loss: 0.647030, va_score: 0.650000
te_loss: 0.570643, te_score: 0.710000

time = 12
tr_loss: 0.577073, tr_score: 0.715000
va_loss: 0.576297, va_score: 0.730000
te_loss: 0.610672, te_score: 0.690000

time = 12
tr_loss: 0.583649, tr_score: 0.710000
va_loss: 0.629427, va_score: 0.670000
te_loss: 0.634733, te_score: 0.660000

time = 12
tr_loss: 0.542287, tr_score: 0.728750
va_loss: 0.570538, va_score: 0.700000
te_loss: 0.612975, te_score: 0.650000

time = 12
tr_loss: 0.608280, tr_score: 0.698750
va_loss: 0.581129, va_score: 0.740000
te_loss: 0.607763, te_score: 0.670000

time = 12
tr_loss: 0.554161, tr_score: 0.723750
va_loss: 0.578323, va_score: 0.710000
te_loss: 0.621383, te_score: 0.680000

time = 12
tr_loss: 0.599476, tr_score: 0.678750
va_loss: 0.558980, va_score: 0.730000
te_loss: 0.557996, te_score: 0.730000

time = 12
tr_loss: 0.634646, tr_score: 0.661250
va_loss: 0.585640, va_score: 0.740000
te_loss: 0.654366, te_score: 0.640000

time = 12
tr_loss: 0.566125, tr_score: 0.721250
va_loss: 0.581172, va_score: 0.680000
te_loss: 0.578538, te_score: 0.720000

time = 12
tr_loss: 0.564807, tr_score: 0.728750
va_loss: 0.643619, va_score: 0.660000
te_loss: 0.563052, te_score: 0.770000

time = 12
tr_loss: 0.595808, tr_score: 0.692500
va_loss: 0.583201, va_score: 0.710000
te_loss: 0.550845, te_score: 0.750000

time = 12
tr_loss: 0.576346, tr_score: 0.728750
va_loss: 0.615935, va_score: 0.700000
te_loss: 0.580720, te_score: 0.700000

time = 12
tr_loss: 0.572367, tr_score: 0.697500
va_loss: 0.657551, va_score: 0.610000
te_loss: 0.604138, te_score: 0.670000

======================================================
12  Seed:  [5995. 5359. 4959. 8841. 2084. 6283. 5803. 5547. 5856. 6466. 1029. 9406.
 1119. 6504. 6270.   89. 4601. 8528. 5236. 3309.]
tr_loss: 0.578824, tr_score: 0.711000
va_loss: 0.606188, va_score: 0.684500
te_loss: 0.607418, te_score: 0.687500
time = 13
tr_loss: 0.592983, tr_score: 0.698750
va_loss: 0.630535, va_score: 0.680000
te_loss: 0.596181, te_score: 0.730000

time = 13
tr_loss: 0.584030, tr_score: 0.706250
va_loss: 0.537341, va_score: 0.740000
te_loss: 0.579528, te_score: 0.720000

time = 13
tr_loss: 0.598151, tr_score: 0.708750
va_loss: 0.577410, va_score: 0.730000
te_loss: 0.710816, te_score: 0.590000

time = 13
tr_loss: 0.538154, tr_score: 0.736250
va_loss: 0.626729, va_score: 0.660000
te_loss: 0.506087, te_score: 0.770000

time = 13
tr_loss: 0.599628, tr_score: 0.702500
va_loss: 0.606512, va_score: 0.710000
te_loss: 0.595055, te_score: 0.700000

time = 13
tr_loss: 0.586436, tr_score: 0.713750
va_loss: 0.645674, va_score: 0.660000
te_loss: 0.631375, te_score: 0.670000

time = 13
tr_loss: 0.591904, tr_score: 0.703750
va_loss: 0.647341, va_score: 0.660000
te_loss: 0.575198, te_score: 0.710000

time = 13
tr_loss: 0.568613, tr_score: 0.715000
va_loss: 0.558177, va_score: 0.700000
te_loss: 0.567512, te_score: 0.680000

time = 13
tr_loss: 0.596319, tr_score: 0.698750
va_loss: 0.577458, va_score: 0.740000
te_loss: 0.534787, te_score: 0.740000

time = 13
tr_loss: 0.546408, tr_score: 0.721250
va_loss: 0.621878, va_score: 0.610000
te_loss: 0.532449, te_score: 0.770000

time = 13
tr_loss: 0.591418, tr_score: 0.730000
va_loss: 0.599867, va_score: 0.720000
te_loss: 0.728823, te_score: 0.600000

time = 13
tr_loss: 0.574856, tr_score: 0.711250
va_loss: 0.534213, va_score: 0.710000
te_loss: 0.602778, te_score: 0.700000

time = 13
tr_loss: 0.594848, tr_score: 0.712500
va_loss: 0.619859, va_score: 0.670000
te_loss: 0.601488, te_score: 0.700000

time = 13
tr_loss: 0.600554, tr_score: 0.705000
va_loss: 0.570627, va_score: 0.750000
te_loss: 0.595348, te_score: 0.720000

time = 13
tr_loss: 0.602115, tr_score: 0.688750
va_loss: 0.562840, va_score: 0.730000
te_loss: 0.533620, te_score: 0.770000

time = 13
tr_loss: 0.588767, tr_score: 0.703750
va_loss: 0.610006, va_score: 0.680000
te_loss: 0.631584, te_score: 0.710000

time = 13
tr_loss: 0.579809, tr_score: 0.726250
va_loss: 0.597571, va_score: 0.690000
te_loss: 0.672857, te_score: 0.640000

time = 13
tr_loss: 0.553306, tr_score: 0.730000
va_loss: 0.502539, va_score: 0.790000
te_loss: 0.527662, te_score: 0.760000

time = 13
tr_loss: 0.621327, tr_score: 0.701250
va_loss: 0.584824, va_score: 0.780000
te_loss: 0.640329, te_score: 0.650000

time = 13
tr_loss: 0.609570, tr_score: 0.685000
va_loss: 0.582573, va_score: 0.740000
te_loss: 0.527929, te_score: 0.780000

======================================================
13  Seed:  [3706. 3756. 2533. 6590. 1761. 5957. 4965. 8699. 1302.  214. 1426. 3422.
 9979.   35. 8073. 6183. 7853. 8174. 4923.  725.]
tr_loss: 0.585960, tr_score: 0.709937
va_loss: 0.589699, va_score: 0.707500
te_loss: 0.594570, te_score: 0.705500
time = 14
tr_loss: 0.554988, tr_score: 0.722500
va_loss: 0.601333, va_score: 0.670000
te_loss: 0.547064, te_score: 0.710000

time = 14
tr_loss: 0.590090, tr_score: 0.696250
va_loss: 0.655699, va_score: 0.670000
te_loss: 0.624672, te_score: 0.700000

time = 14
tr_loss: 0.575384, tr_score: 0.712500
va_loss: 0.540786, va_score: 0.770000
te_loss: 0.563510, te_score: 0.720000

time = 14
tr_loss: 0.596135, tr_score: 0.720000
va_loss: 0.644463, va_score: 0.680000
te_loss: 0.565225, te_score: 0.750000

time = 14
tr_loss: 0.581495, tr_score: 0.708750
va_loss: 0.612250, va_score: 0.680000
te_loss: 0.604369, te_score: 0.700000

time = 14
tr_loss: 0.602615, tr_score: 0.703750
va_loss: 0.591391, va_score: 0.730000
te_loss: 0.676876, te_score: 0.640000

time = 14
tr_loss: 0.576094, tr_score: 0.701250
va_loss: 0.517560, va_score: 0.780000
te_loss: 0.619949, te_score: 0.660000

time = 14
tr_loss: 0.566907, tr_score: 0.725000
va_loss: 0.595899, va_score: 0.660000
te_loss: 0.545044, te_score: 0.750000

time = 14
tr_loss: 0.589552, tr_score: 0.712500
va_loss: 0.582110, va_score: 0.710000
te_loss: 0.587164, te_score: 0.730000

time = 14
tr_loss: 0.597258, tr_score: 0.697500
va_loss: 0.537660, va_score: 0.780000
te_loss: 0.658266, te_score: 0.640000

time = 14
tr_loss: 0.612311, tr_score: 0.688750
va_loss: 0.547806, va_score: 0.760000
te_loss: 0.581011, te_score: 0.730000

time = 14
tr_loss: 0.553609, tr_score: 0.710000
va_loss: 0.544540, va_score: 0.720000
te_loss: 0.580920, te_score: 0.700000

time = 14
tr_loss: 0.613803, tr_score: 0.701250
va_loss: 0.564178, va_score: 0.760000
te_loss: 0.651878, te_score: 0.640000

time = 14
tr_loss: 0.588318, tr_score: 0.715000
va_loss: 0.557760, va_score: 0.740000
te_loss: 0.596987, te_score: 0.710000

time = 14
tr_loss: 0.611045, tr_score: 0.717500
va_loss: 0.643891, va_score: 0.650000
te_loss: 0.604876, te_score: 0.730000

time = 14
tr_loss: 0.597347, tr_score: 0.713750
va_loss: 0.572811, va_score: 0.720000
te_loss: 0.588609, te_score: 0.750000

time = 14
tr_loss: 0.566880, tr_score: 0.723750
va_loss: 0.513449, va_score: 0.770000
te_loss: 0.672352, te_score: 0.610000

time = 14
tr_loss: 0.588865, tr_score: 0.713750
va_loss: 0.624156, va_score: 0.700000
te_loss: 0.603779, te_score: 0.710000

time = 14
tr_loss: 0.528029, tr_score: 0.733750
va_loss: 0.566873, va_score: 0.730000
te_loss: 0.576663, te_score: 0.700000

time = 14
tr_loss: 0.564084, tr_score: 0.707500
va_loss: 0.613993, va_score: 0.690000
te_loss: 0.541287, te_score: 0.760000

======================================================
14  Seed:  [6736. 9332. 4026. 8791. 2185. 8095. 4925. 3877. 8332. 6847. 5871. 5004.
 2796. 4961. 1467. 7787. 3868. 5255. 9307. 9073.]
tr_loss: 0.582740, tr_score: 0.711250
va_loss: 0.581430, va_score: 0.718500
te_loss: 0.599525, te_score: 0.702000
time = 15
tr_loss: 0.578148, tr_score: 0.706250
va_loss: 0.564799, va_score: 0.700000
te_loss: 0.609015, te_score: 0.680000

time = 15
tr_loss: 0.579753, tr_score: 0.707500
va_loss: 0.583009, va_score: 0.710000
te_loss: 0.529754, te_score: 0.770000

time = 15
tr_loss: 0.585191, tr_score: 0.665000
va_loss: 0.589917, va_score: 0.610000
te_loss: 0.646359, te_score: 0.630000

time = 15
tr_loss: 0.568188, tr_score: 0.707500
va_loss: 0.484610, va_score: 0.750000
te_loss: 0.606532, te_score: 0.660000

time = 15
tr_loss: 0.546472, tr_score: 0.735000
va_loss: 0.536204, va_score: 0.740000
te_loss: 0.570171, te_score: 0.700000

time = 15
tr_loss: 0.593308, tr_score: 0.711250
va_loss: 0.630903, va_score: 0.670000
te_loss: 0.613792, te_score: 0.700000

time = 15
tr_loss: 0.582687, tr_score: 0.708750
va_loss: 0.583372, va_score: 0.700000
te_loss: 0.560911, te_score: 0.730000

time = 15
tr_loss: 0.589901, tr_score: 0.720000
va_loss: 0.578892, va_score: 0.720000
te_loss: 0.559272, te_score: 0.740000

time = 15
tr_loss: 0.548981, tr_score: 0.728750
va_loss: 0.534646, va_score: 0.760000
te_loss: 0.535894, te_score: 0.720000

time = 15
tr_loss: 0.580708, tr_score: 0.718750
va_loss: 0.633174, va_score: 0.660000
te_loss: 0.579652, te_score: 0.680000

time = 15
tr_loss: 0.528393, tr_score: 0.717500
va_loss: 0.501676, va_score: 0.740000
te_loss: 0.548363, te_score: 0.700000

time = 15
tr_loss: 0.567330, tr_score: 0.728750
va_loss: 0.585511, va_score: 0.720000
te_loss: 0.603022, te_score: 0.660000

time = 15
tr_loss: 0.575074, tr_score: 0.717500
va_loss: 0.558578, va_score: 0.750000
te_loss: 0.619183, te_score: 0.690000

time = 15
tr_loss: 0.604933, tr_score: 0.701250
va_loss: 0.634220, va_score: 0.710000
te_loss: 0.549444, te_score: 0.730000

time = 15
tr_loss: 0.537665, tr_score: 0.736250
va_loss: 0.536458, va_score: 0.740000
te_loss: 0.575369, te_score: 0.750000

time = 15
tr_loss: 0.536961, tr_score: 0.727500
va_loss: 0.650868, va_score: 0.670000
te_loss: 0.584942, te_score: 0.690000

time = 15
tr_loss: 0.588543, tr_score: 0.697500
va_loss: 0.562836, va_score: 0.760000
te_loss: 0.635598, te_score: 0.660000

time = 15
tr_loss: 0.559180, tr_score: 0.726250
va_loss: 0.625282, va_score: 0.680000
te_loss: 0.629611, te_score: 0.650000

time = 15
tr_loss: 0.611575, tr_score: 0.695000
va_loss: 0.606238, va_score: 0.710000
te_loss: 0.589884, te_score: 0.730000

time = 15
tr_loss: 0.590553, tr_score: 0.700000
va_loss: 0.598163, va_score: 0.700000
te_loss: 0.600092, te_score: 0.700000

======================================================
15  Seed:  [ 879. 4612.  287.  491. 3659. 8251. 7507. 1140. 3507. 4318. 9716. 8900.
 3870. 2555. 7340. 8792.  757. 6674. 3143.  691.]
tr_loss: 0.572677, tr_score: 0.712812
va_loss: 0.578968, va_score: 0.710000
te_loss: 0.587343, te_score: 0.698500
time = 16
tr_loss: 0.589196, tr_score: 0.703750
va_loss: 0.594235, va_score: 0.700000
te_loss: 0.605239, te_score: 0.700000

time = 16
tr_loss: 0.604658, tr_score: 0.722500
va_loss: 0.650302, va_score: 0.690000
te_loss: 0.637278, te_score: 0.650000

time = 16
tr_loss: 0.619561, tr_score: 0.696250
va_loss: 0.544325, va_score: 0.750000
te_loss: 0.634834, te_score: 0.690000

time = 16
tr_loss: 0.604603, tr_score: 0.710000
va_loss: 0.634318, va_score: 0.700000
te_loss: 0.563689, te_score: 0.750000

time = 16
tr_loss: 0.587289, tr_score: 0.713750
va_loss: 0.551284, va_score: 0.720000
te_loss: 0.557617, te_score: 0.720000

time = 16
tr_loss: 0.500071, tr_score: 0.775000
va_loss: 0.515124, va_score: 0.780000
te_loss: 0.632324, te_score: 0.690000

time = 16
tr_loss: 0.553612, tr_score: 0.733750
va_loss: 0.554533, va_score: 0.700000
te_loss: 0.516758, te_score: 0.770000

time = 16
tr_loss: 0.604375, tr_score: 0.707500
va_loss: 0.676439, va_score: 0.650000
te_loss: 0.636804, te_score: 0.680000

time = 16
tr_loss: 0.552379, tr_score: 0.715000
va_loss: 0.566099, va_score: 0.740000
te_loss: 0.539053, te_score: 0.760000

time = 16
tr_loss: 0.523586, tr_score: 0.742500
va_loss: 0.566267, va_score: 0.680000
te_loss: 0.599630, te_score: 0.690000

time = 16
tr_loss: 0.625097, tr_score: 0.700000
va_loss: 0.609565, va_score: 0.700000
te_loss: 0.678790, te_score: 0.640000

time = 16
tr_loss: 0.557907, tr_score: 0.727500
va_loss: 0.625754, va_score: 0.640000
te_loss: 0.618893, te_score: 0.690000

time = 16
tr_loss: 0.594234, tr_score: 0.698750
va_loss: 0.666042, va_score: 0.650000
te_loss: 0.567614, te_score: 0.720000

time = 16
tr_loss: 0.587591, tr_score: 0.701250
va_loss: 0.538202, va_score: 0.760000
te_loss: 0.523144, te_score: 0.740000

time = 16
tr_loss: 0.579428, tr_score: 0.715000
va_loss: 0.526283, va_score: 0.750000
te_loss: 0.521901, te_score: 0.760000

time = 16
tr_loss: 0.596606, tr_score: 0.710000
va_loss: 0.660533, va_score: 0.640000
te_loss: 0.603274, te_score: 0.710000

time = 16
tr_loss: 0.582281, tr_score: 0.712500
va_loss: 0.558563, va_score: 0.730000
te_loss: 0.591602, te_score: 0.710000

time = 16
tr_loss: 0.557646, tr_score: 0.718750
va_loss: 0.611019, va_score: 0.710000
te_loss: 0.584093, te_score: 0.700000

time = 16
tr_loss: 0.612271, tr_score: 0.693750
va_loss: 0.536516, va_score: 0.800000
te_loss: 0.595412, te_score: 0.710000

time = 16
tr_loss: 0.569284, tr_score: 0.715000
va_loss: 0.591917, va_score: 0.680000
te_loss: 0.534707, te_score: 0.760000

======================================================
16  Seed:  [9082. 6878.  978. 6918.   35. 3547.  812. 1562. 5243. 8191. 5330. 4602.
 2929. 4830.  303. 9956. 3156. 7475. 4637.  734.]
tr_loss: 0.580084, tr_score: 0.715625
va_loss: 0.588866, va_score: 0.708500
te_loss: 0.587133, te_score: 0.712000
time = 17
tr_loss: 0.546125, tr_score: 0.725000
va_loss: 0.568691, va_score: 0.720000
te_loss: 0.564535, te_score: 0.730000

time = 17
tr_loss: 0.588629, tr_score: 0.703750
va_loss: 0.591781, va_score: 0.670000
te_loss: 0.610593, te_score: 0.700000

time = 17
tr_loss: 0.548530, tr_score: 0.737500
va_loss: 0.628938, va_score: 0.680000
te_loss: 0.597293, te_score: 0.690000

time = 17
tr_loss: 0.557641, tr_score: 0.732500
va_loss: 0.647623, va_score: 0.590000
te_loss: 0.596861, te_score: 0.680000

time = 17
tr_loss: 0.583937, tr_score: 0.702500
va_loss: 0.526315, va_score: 0.790000
te_loss: 0.555563, te_score: 0.730000

time = 17
tr_loss: 0.597686, tr_score: 0.711250
va_loss: 0.595327, va_score: 0.690000
te_loss: 0.633267, te_score: 0.670000

time = 17
tr_loss: 0.535116, tr_score: 0.731250
va_loss: 0.586199, va_score: 0.720000
te_loss: 0.596278, te_score: 0.660000

time = 17
tr_loss: 0.471323, tr_score: 0.780000
va_loss: 0.519893, va_score: 0.780000
te_loss: 0.624741, te_score: 0.650000

time = 17
tr_loss: 0.590830, tr_score: 0.716250
va_loss: 0.570680, va_score: 0.730000
te_loss: 0.571855, te_score: 0.720000

time = 17
tr_loss: 0.581781, tr_score: 0.728750
va_loss: 0.649772, va_score: 0.670000
te_loss: 0.683908, te_score: 0.670000

time = 17
tr_loss: 0.571422, tr_score: 0.721250
va_loss: 0.595425, va_score: 0.710000
te_loss: 0.620636, te_score: 0.660000

time = 17
tr_loss: 0.543186, tr_score: 0.742500
va_loss: 0.585945, va_score: 0.700000
te_loss: 0.557025, te_score: 0.680000

time = 17
tr_loss: 0.592229, tr_score: 0.717500
va_loss: 0.607026, va_score: 0.680000
te_loss: 0.518449, te_score: 0.770000

time = 17
tr_loss: 0.536747, tr_score: 0.745000
va_loss: 0.488965, va_score: 0.770000
te_loss: 0.490676, te_score: 0.790000

time = 17
tr_loss: 0.519462, tr_score: 0.750000
va_loss: 0.601943, va_score: 0.720000
te_loss: 0.660984, te_score: 0.630000

time = 17
tr_loss: 0.569314, tr_score: 0.721250
va_loss: 0.534231, va_score: 0.730000
te_loss: 0.571543, te_score: 0.700000

time = 17
tr_loss: 0.577864, tr_score: 0.711250
va_loss: 0.703366, va_score: 0.610000
te_loss: 0.570192, te_score: 0.710000

time = 17
tr_loss: 0.558334, tr_score: 0.712500
va_loss: 0.570615, va_score: 0.700000
te_loss: 0.563236, te_score: 0.730000

time = 17
tr_loss: 0.607575, tr_score: 0.703750
va_loss: 0.587951, va_score: 0.770000
te_loss: 0.600303, te_score: 0.710000

time = 17
tr_loss: 0.572861, tr_score: 0.707500
va_loss: 0.581383, va_score: 0.710000
te_loss: 0.574719, te_score: 0.680000

======================================================
17  Seed:  [9997. 6891. 7283.  296. 4194.  627. 9187. 9699.  412. 3964. 5059. 1882.
 6859. 7098. 9012. 6459. 3018. 8410. 9321. 1260.]
tr_loss: 0.562530, tr_score: 0.725062
va_loss: 0.587104, va_score: 0.707000
te_loss: 0.588133, te_score: 0.698000
time = 18
tr_loss: 0.581153, tr_score: 0.717500
va_loss: 0.593661, va_score: 0.720000
te_loss: 0.538428, te_score: 0.780000

time = 18
tr_loss: 0.578335, tr_score: 0.711250
va_loss: 0.610203, va_score: 0.700000
te_loss: 0.574819, te_score: 0.720000

time = 18
tr_loss: 0.519048, tr_score: 0.736250
va_loss: 0.499887, va_score: 0.750000
te_loss: 0.597178, te_score: 0.660000

time = 18
tr_loss: 0.591274, tr_score: 0.698750
va_loss: 0.583051, va_score: 0.720000
te_loss: 0.556492, te_score: 0.720000

time = 18
tr_loss: 0.602935, tr_score: 0.686250
va_loss: 0.627664, va_score: 0.700000
te_loss: 0.542020, te_score: 0.750000

time = 18
tr_loss: 0.528461, tr_score: 0.738750
va_loss: 0.501731, va_score: 0.780000
te_loss: 0.531667, te_score: 0.700000

time = 18
tr_loss: 0.571039, tr_score: 0.727500
va_loss: 0.624377, va_score: 0.700000
te_loss: 0.525657, te_score: 0.770000

time = 18
tr_loss: 0.565524, tr_score: 0.716250
va_loss: 0.598961, va_score: 0.720000
te_loss: 0.683435, te_score: 0.590000

time = 18
tr_loss: 0.578966, tr_score: 0.708750
va_loss: 0.557896, va_score: 0.720000
te_loss: 0.578908, te_score: 0.720000

time = 18
tr_loss: 0.566386, tr_score: 0.711250
va_loss: 0.613946, va_score: 0.670000
te_loss: 0.583943, te_score: 0.690000

time = 18
tr_loss: 0.587139, tr_score: 0.718750
va_loss: 0.658611, va_score: 0.660000
te_loss: 0.555458, te_score: 0.760000

time = 18
tr_loss: 0.593284, tr_score: 0.713750
va_loss: 0.587335, va_score: 0.720000
te_loss: 0.605144, te_score: 0.720000

time = 18
tr_loss: 0.627565, tr_score: 0.692500
va_loss: 0.674906, va_score: 0.690000
te_loss: 0.613412, te_score: 0.720000

time = 18
tr_loss: 0.609045, tr_score: 0.696250
va_loss: 0.590139, va_score: 0.730000
te_loss: 0.581528, te_score: 0.720000

time = 18
tr_loss: 0.562611, tr_score: 0.730000
va_loss: 0.520290, va_score: 0.770000
te_loss: 0.524821, te_score: 0.750000

time = 18
tr_loss: 0.577272, tr_score: 0.715000
va_loss: 0.519299, va_score: 0.750000
te_loss: 0.515324, te_score: 0.780000

time = 18
tr_loss: 0.533891, tr_score: 0.735000
va_loss: 0.572983, va_score: 0.730000
te_loss: 0.490785, te_score: 0.810000

time = 18
tr_loss: 0.567067, tr_score: 0.702500
va_loss: 0.551224, va_score: 0.730000
te_loss: 0.625411, te_score: 0.670000

time = 18
tr_loss: 0.562075, tr_score: 0.718750
va_loss: 0.533739, va_score: 0.800000
te_loss: 0.561815, te_score: 0.710000

time = 18
tr_loss: 0.570353, tr_score: 0.715000
va_loss: 0.514948, va_score: 0.760000
te_loss: 0.616358, te_score: 0.700000

======================================================
18  Seed:  [ 873. 4207. 9606. 9170. 6333. 9407. 8590.  438. 6112. 2282. 5826. 4132.
 5788. 3773.  899. 1544. 7119. 3120. 1138. 3253.]
tr_loss: 0.573671, tr_score: 0.714500
va_loss: 0.576743, va_score: 0.726000
te_loss: 0.570130, te_score: 0.722000
time = 19
tr_loss: 0.598180, tr_score: 0.721250
va_loss: 0.647410, va_score: 0.670000
te_loss: 0.664379, te_score: 0.660000

time = 19
tr_loss: 0.571313, tr_score: 0.723750
va_loss: 0.578841, va_score: 0.720000
te_loss: 0.650887, te_score: 0.610000

time = 19
tr_loss: 0.597520, tr_score: 0.705000
va_loss: 0.478091, va_score: 0.810000
te_loss: 0.596909, te_score: 0.740000

time = 19
tr_loss: 0.572867, tr_score: 0.710000
va_loss: 0.600283, va_score: 0.680000
te_loss: 0.576450, te_score: 0.710000

time = 19
tr_loss: 0.582801, tr_score: 0.703750
va_loss: 0.587587, va_score: 0.700000
te_loss: 0.529392, te_score: 0.760000

time = 19
tr_loss: 0.576291, tr_score: 0.710000
va_loss: 0.562574, va_score: 0.740000
te_loss: 0.609977, te_score: 0.680000

time = 19
tr_loss: 0.586209, tr_score: 0.712500
va_loss: 0.536774, va_score: 0.760000
te_loss: 0.603153, te_score: 0.680000

time = 19
tr_loss: 0.549365, tr_score: 0.732500
va_loss: 0.608860, va_score: 0.670000
te_loss: 0.600369, te_score: 0.690000

time = 19
tr_loss: 0.592188, tr_score: 0.696250
va_loss: 0.612383, va_score: 0.690000
te_loss: 0.558869, te_score: 0.770000

time = 19
tr_loss: 0.592728, tr_score: 0.717500
va_loss: 0.632425, va_score: 0.690000
te_loss: 0.619775, te_score: 0.710000

time = 19
tr_loss: 0.588785, tr_score: 0.703750
va_loss: 0.595669, va_score: 0.700000
te_loss: 0.627962, te_score: 0.670000

time = 19
tr_loss: 0.581735, tr_score: 0.708750
va_loss: 0.575115, va_score: 0.710000
te_loss: 0.629675, te_score: 0.700000

time = 19
tr_loss: 0.522235, tr_score: 0.750000
va_loss: 0.514256, va_score: 0.770000
te_loss: 0.560006, te_score: 0.740000

time = 19
tr_loss: 0.585842, tr_score: 0.711250
va_loss: 0.593229, va_score: 0.720000
te_loss: 0.604486, te_score: 0.720000

time = 19
tr_loss: 0.563998, tr_score: 0.736250
va_loss: 0.638296, va_score: 0.680000
te_loss: 0.527901, te_score: 0.780000

time = 19
tr_loss: 0.613856, tr_score: 0.702500
va_loss: 0.577816, va_score: 0.690000
te_loss: 0.589015, te_score: 0.730000

time = 19
tr_loss: 0.568966, tr_score: 0.713750
va_loss: 0.567101, va_score: 0.690000
te_loss: 0.616114, te_score: 0.660000

time = 19
tr_loss: 0.542726, tr_score: 0.728750
va_loss: 0.584146, va_score: 0.680000
te_loss: 0.549517, te_score: 0.710000

time = 19
tr_loss: 0.583326, tr_score: 0.716250
va_loss: 0.543637, va_score: 0.730000
te_loss: 0.591085, te_score: 0.700000

time = 19
tr_loss: 0.586697, tr_score: 0.721250
va_loss: 0.623366, va_score: 0.660000
te_loss: 0.573749, te_score: 0.760000

======================================================
19  Seed:  [3709. 6253. 7969. 4492. 4878.  212. 2129. 7387.  610. 9877. 6936. 8416.
 1824. 6324. 9841. 5493. 7619. 7977.  518. 1963.]
tr_loss: 0.577881, tr_score: 0.716250
va_loss: 0.582893, va_score: 0.708000
te_loss: 0.593983, te_score: 0.709000
time = 20
tr_loss: 0.602425, tr_score: 0.705000
va_loss: 0.618586, va_score: 0.680000
te_loss: 0.639765, te_score: 0.680000

time = 20
tr_loss: 0.621826, tr_score: 0.691250
va_loss: 0.568026, va_score: 0.740000
te_loss: 0.623712, te_score: 0.700000

time = 20
tr_loss: 0.589955, tr_score: 0.705000
va_loss: 0.604366, va_score: 0.700000
te_loss: 0.615375, te_score: 0.690000

time = 20
tr_loss: 0.627474, tr_score: 0.693750
va_loss: 0.644607, va_score: 0.660000
te_loss: 0.555668, te_score: 0.790000

time = 20
tr_loss: 0.530139, tr_score: 0.741250
va_loss: 0.570167, va_score: 0.690000
te_loss: 0.499484, te_score: 0.740000

time = 20
tr_loss: 0.578588, tr_score: 0.702500
va_loss: 0.526417, va_score: 0.740000
te_loss: 0.555797, te_score: 0.710000

time = 20
tr_loss: 0.599307, tr_score: 0.708750
va_loss: 0.558496, va_score: 0.750000
te_loss: 0.590144, te_score: 0.710000

time = 20
tr_loss: 0.604045, tr_score: 0.705000
va_loss: 0.663006, va_score: 0.640000
te_loss: 0.586262, te_score: 0.730000

time = 20
tr_loss: 0.605520, tr_score: 0.703750
va_loss: 0.610639, va_score: 0.690000
te_loss: 0.563127, te_score: 0.760000

time = 20
tr_loss: 0.580014, tr_score: 0.701250
va_loss: 0.503926, va_score: 0.800000
te_loss: 0.548426, te_score: 0.750000

time = 20
tr_loss: 0.557559, tr_score: 0.711250
va_loss: 0.572667, va_score: 0.730000
te_loss: 0.527649, te_score: 0.720000

time = 20
tr_loss: 0.619033, tr_score: 0.691250
va_loss: 0.610699, va_score: 0.720000
te_loss: 0.570850, te_score: 0.750000

time = 20
tr_loss: 0.567856, tr_score: 0.728750
va_loss: 0.572338, va_score: 0.730000
te_loss: 0.622258, te_score: 0.660000

time = 20
tr_loss: 0.598600, tr_score: 0.697500
va_loss: 0.623644, va_score: 0.690000
te_loss: 0.572923, te_score: 0.730000

time = 20
tr_loss: 0.521613, tr_score: 0.742500
va_loss: 0.535707, va_score: 0.730000
te_loss: 0.556738, te_score: 0.740000

time = 20
tr_loss: 0.611064, tr_score: 0.702500
va_loss: 0.659552, va_score: 0.660000
te_loss: 0.613292, te_score: 0.670000

time = 20
tr_loss: 0.604401, tr_score: 0.701250
va_loss: 0.574605, va_score: 0.730000
te_loss: 0.575958, te_score: 0.730000

time = 20
tr_loss: 0.557018, tr_score: 0.718750
va_loss: 0.562084, va_score: 0.700000
te_loss: 0.581362, te_score: 0.750000

time = 20
tr_loss: 0.572057, tr_score: 0.703750
va_loss: 0.530966, va_score: 0.740000
te_loss: 0.578522, te_score: 0.690000

time = 20
tr_loss: 0.566750, tr_score: 0.722500
va_loss: 0.580304, va_score: 0.680000
te_loss: 0.564916, te_score: 0.710000

======================================================
20  Seed:  [8890. 5137. 6638. 5364. 3035. 4210. 5798. 9783. 7946.  146. 8127. 1556.
 1338. 7812. 5900. 6230. 6141. 6234. 5455. 7649.]
tr_loss: 0.585762, tr_score: 0.708875
va_loss: 0.584540, va_score: 0.710000
te_loss: 0.577111, te_score: 0.720500


mid seed:  [9948.  542.  232.  666. 5686. 1955. 6679. 1732. 8003. 9621. 2645. 4622.
 2831. 7236. 6932. 8781. 1798. 9886. 2715. 5559.]
mid test scores 0.7045
