time = 0
tr_loss: 0.563439, tr_score: 0.723750
va_loss: 0.586391, va_score: 0.710000
te_loss: 0.561850, te_score: 0.700000

time = 0
tr_loss: 0.563273, tr_score: 0.737500
va_loss: 0.638067, va_score: 0.660000
te_loss: 0.694536, te_score: 0.590000

time = 0
tr_loss: 0.577142, tr_score: 0.715000
va_loss: 0.664266, va_score: 0.670000
te_loss: 0.651475, te_score: 0.630000

time = 0
tr_loss: 0.615425, tr_score: 0.698750
va_loss: 0.595597, va_score: 0.740000
te_loss: 0.627096, te_score: 0.670000

time = 0
tr_loss: 0.594022, tr_score: 0.706250
va_loss: 0.597962, va_score: 0.730000
te_loss: 0.558163, te_score: 0.780000

time = 0
tr_loss: 0.574882, tr_score: 0.718750
va_loss: 0.693982, va_score: 0.600000
te_loss: 0.694862, te_score: 0.630000

time = 0
tr_loss: 0.582280, tr_score: 0.698750
va_loss: 0.606905, va_score: 0.680000
te_loss: 0.503606, te_score: 0.790000

time = 0
tr_loss: 0.591051, tr_score: 0.705000
va_loss: 0.550525, va_score: 0.760000
te_loss: 0.581318, te_score: 0.700000

time = 0
tr_loss: 0.610477, tr_score: 0.696250
va_loss: 0.538553, va_score: 0.750000
te_loss: 0.600910, te_score: 0.700000

time = 0
tr_loss: 0.587173, tr_score: 0.697500
va_loss: 0.599061, va_score: 0.670000
te_loss: 0.526027, te_score: 0.780000

time = 0
tr_loss: 0.622167, tr_score: 0.670000
va_loss: 0.544136, va_score: 0.720000
te_loss: 0.692501, te_score: 0.610000

time = 0
tr_loss: 0.540273, tr_score: 0.738750
va_loss: 0.579605, va_score: 0.700000
te_loss: 0.706102, te_score: 0.590000

time = 0
tr_loss: 0.562925, tr_score: 0.727500
va_loss: 0.586369, va_score: 0.680000
te_loss: 0.620533, te_score: 0.670000

time = 0
tr_loss: 0.590860, tr_score: 0.717500
va_loss: 0.627334, va_score: 0.680000
te_loss: 0.675853, te_score: 0.630000

time = 0
tr_loss: 0.579874, tr_score: 0.715000
va_loss: 0.616567, va_score: 0.680000
te_loss: 0.602703, te_score: 0.720000

time = 0
tr_loss: 0.600905, tr_score: 0.705000
va_loss: 0.646387, va_score: 0.670000
te_loss: 0.613838, te_score: 0.700000

time = 0
tr_loss: 0.572791, tr_score: 0.703750
va_loss: 0.688152, va_score: 0.640000
te_loss: 0.547340, te_score: 0.730000

time = 0
tr_loss: 0.582048, tr_score: 0.707500
va_loss: 0.635150, va_score: 0.690000
te_loss: 0.618517, te_score: 0.650000

time = 0
tr_loss: 0.577383, tr_score: 0.715000
va_loss: 0.587711, va_score: 0.670000
te_loss: 0.665586, te_score: 0.620000

time = 0
tr_loss: 0.577558, tr_score: 0.721250
va_loss: 0.534403, va_score: 0.770000
te_loss: 0.625400, te_score: 0.660000

======================================================
0  Seed:  [ 140. 2411. 2238. 5068. 2300. 9812. 6334. 4380. 4021. 8554. 2226. 8534.
 4715. 7921. 4457. 6212.  255.  495. 8301.  932.]
tr_loss: 0.583297, tr_score: 0.710937
va_loss: 0.605856, va_score: 0.693500
te_loss: 0.618411, te_score: 0.677500
time = 1
tr_loss: 0.563837, tr_score: 0.727500
va_loss: 0.679255, va_score: 0.620000
te_loss: 0.592904, te_score: 0.700000

time = 1
tr_loss: 0.584523, tr_score: 0.713750
va_loss: 0.617780, va_score: 0.690000
te_loss: 0.581328, te_score: 0.740000

time = 1
tr_loss: 0.504631, tr_score: 0.763750
va_loss: 0.491100, va_score: 0.760000
te_loss: 0.452850, te_score: 0.790000

time = 1
tr_loss: 0.574642, tr_score: 0.705000
va_loss: 0.576348, va_score: 0.730000
te_loss: 0.644352, te_score: 0.640000

time = 1
tr_loss: 0.540295, tr_score: 0.722500
va_loss: 0.570362, va_score: 0.690000
te_loss: 0.510844, te_score: 0.780000

time = 1
tr_loss: 0.596624, tr_score: 0.706250
va_loss: 0.618247, va_score: 0.670000
te_loss: 0.559512, te_score: 0.750000

time = 1
tr_loss: 0.592803, tr_score: 0.707500
va_loss: 0.590444, va_score: 0.710000
te_loss: 0.609525, te_score: 0.670000

time = 1
tr_loss: 0.603354, tr_score: 0.707500
va_loss: 0.561320, va_score: 0.730000
te_loss: 0.562659, te_score: 0.760000

time = 1
tr_loss: 0.612065, tr_score: 0.701250
va_loss: 0.646269, va_score: 0.660000
te_loss: 0.583761, te_score: 0.730000

time = 1
tr_loss: 0.584040, tr_score: 0.707500
va_loss: 0.581114, va_score: 0.730000
te_loss: 0.679310, te_score: 0.610000

time = 1
tr_loss: 0.581241, tr_score: 0.707500
va_loss: 0.603064, va_score: 0.700000
te_loss: 0.519826, te_score: 0.770000

time = 1
tr_loss: 0.628085, tr_score: 0.682500
va_loss: 0.591100, va_score: 0.710000
te_loss: 0.604025, te_score: 0.700000

time = 1
tr_loss: 0.608034, tr_score: 0.693750
va_loss: 0.519703, va_score: 0.810000
te_loss: 0.669587, te_score: 0.630000

time = 1
tr_loss: 0.633747, tr_score: 0.676250
va_loss: 0.516355, va_score: 0.740000
te_loss: 0.582029, te_score: 0.730000

time = 1
tr_loss: 0.537228, tr_score: 0.726250
va_loss: 0.617739, va_score: 0.660000
te_loss: 0.591053, te_score: 0.700000

time = 1
tr_loss: 0.562318, tr_score: 0.712500
va_loss: 0.575254, va_score: 0.720000
te_loss: 0.564513, te_score: 0.740000

time = 1
tr_loss: 0.613174, tr_score: 0.696250
va_loss: 0.548803, va_score: 0.760000
te_loss: 0.647677, te_score: 0.620000

time = 1
tr_loss: 0.591960, tr_score: 0.710000
va_loss: 0.618434, va_score: 0.710000
te_loss: 0.583096, te_score: 0.730000

time = 1
tr_loss: 0.582901, tr_score: 0.700000
va_loss: 0.566470, va_score: 0.800000
te_loss: 0.617275, te_score: 0.680000

time = 1
tr_loss: 0.590891, tr_score: 0.685000
va_loss: 0.554514, va_score: 0.750000
te_loss: 0.524244, te_score: 0.780000

======================================================
1  Seed:  [8640.  888. 4066.  552. 1437. 6591. 8969.  824. 8811.  938.  550. 9822.
 6241. 3057. 1352. 8361. 5326. 3377. 2314. 8889.]
tr_loss: 0.584320, tr_score: 0.707625
va_loss: 0.582184, va_score: 0.717500
te_loss: 0.584018, te_score: 0.712500
time = 2
tr_loss: 0.623817, tr_score: 0.693750
va_loss: 0.589392, va_score: 0.700000
te_loss: 0.614826, te_score: 0.700000

time = 2
tr_loss: 0.612118, tr_score: 0.688750
va_loss: 0.533048, va_score: 0.780000
te_loss: 0.597454, te_score: 0.710000

time = 2
tr_loss: 0.554752, tr_score: 0.720000
va_loss: 0.517962, va_score: 0.750000
te_loss: 0.560522, te_score: 0.710000

time = 2
tr_loss: 0.561946, tr_score: 0.718750
va_loss: 0.574467, va_score: 0.720000
te_loss: 0.562573, te_score: 0.710000

time = 2
tr_loss: 0.597146, tr_score: 0.710000
va_loss: 0.581409, va_score: 0.710000
te_loss: 0.493478, te_score: 0.760000

time = 2
tr_loss: 0.593338, tr_score: 0.708750
va_loss: 0.586043, va_score: 0.740000
te_loss: 0.644982, te_score: 0.670000

time = 2
tr_loss: 0.578187, tr_score: 0.716250
va_loss: 0.641503, va_score: 0.630000
te_loss: 0.643803, te_score: 0.680000

time = 2
tr_loss: 0.590453, tr_score: 0.703750
va_loss: 0.554968, va_score: 0.770000
te_loss: 0.561065, te_score: 0.740000

time = 2
tr_loss: 0.603020, tr_score: 0.707500
va_loss: 0.611849, va_score: 0.720000
te_loss: 0.667593, te_score: 0.680000

time = 2
tr_loss: 0.568781, tr_score: 0.711250
va_loss: 0.560434, va_score: 0.720000
te_loss: 0.548654, te_score: 0.700000

time = 2
tr_loss: 0.506649, tr_score: 0.757500
va_loss: 0.496953, va_score: 0.750000
te_loss: 0.610605, te_score: 0.680000

time = 2
tr_loss: 0.589605, tr_score: 0.713750
va_loss: 0.597175, va_score: 0.720000
te_loss: 0.505631, te_score: 0.800000

time = 2
tr_loss: 0.604164, tr_score: 0.711250
va_loss: 0.595930, va_score: 0.750000
te_loss: 0.657112, te_score: 0.690000

time = 2
tr_loss: 0.575271, tr_score: 0.695000
va_loss: 0.555989, va_score: 0.760000
te_loss: 0.550603, te_score: 0.710000

time = 2
tr_loss: 0.589193, tr_score: 0.710000
va_loss: 0.524706, va_score: 0.760000
te_loss: 0.568384, te_score: 0.710000

time = 2
tr_loss: 0.618235, tr_score: 0.680000
va_loss: 0.557192, va_score: 0.740000
te_loss: 0.563794, te_score: 0.760000

time = 2
tr_loss: 0.572162, tr_score: 0.725000
va_loss: 0.600512, va_score: 0.710000
te_loss: 0.609959, te_score: 0.670000

time = 2
tr_loss: 0.588965, tr_score: 0.712500
va_loss: 0.620412, va_score: 0.670000
te_loss: 0.532149, te_score: 0.720000

time = 2
tr_loss: 0.587845, tr_score: 0.717500
va_loss: 0.590647, va_score: 0.740000
te_loss: 0.602453, te_score: 0.690000

time = 2
tr_loss: 0.557052, tr_score: 0.712500
va_loss: 0.554974, va_score: 0.720000
te_loss: 0.573178, te_score: 0.710000

======================================================
2  Seed:  [5478. 7027. 2150. 7559. 3662. 2043. 8598. 4158. 6442. 4398. 3939. 9768.
 5143. 2231.  162. 6860. 3496. 7749. 2530. 2730.]
tr_loss: 0.583635, tr_score: 0.710687
va_loss: 0.572278, va_score: 0.728000
te_loss: 0.583441, te_score: 0.710000
time = 3
tr_loss: 0.588971, tr_score: 0.708750
va_loss: 0.609527, va_score: 0.680000
te_loss: 0.580876, te_score: 0.720000

time = 3
tr_loss: 0.552907, tr_score: 0.720000
va_loss: 0.605937, va_score: 0.650000
te_loss: 0.552391, te_score: 0.670000

time = 3
tr_loss: 0.560498, tr_score: 0.715000
va_loss: 0.658549, va_score: 0.670000
te_loss: 0.611079, te_score: 0.700000

time = 3
tr_loss: 0.559984, tr_score: 0.711250
va_loss: 0.574641, va_score: 0.740000
te_loss: 0.590840, te_score: 0.690000

time = 3
tr_loss: 0.606873, tr_score: 0.697500
va_loss: 0.569722, va_score: 0.720000
te_loss: 0.600163, te_score: 0.700000

time = 3
tr_loss: 0.607706, tr_score: 0.700000
va_loss: 0.552765, va_score: 0.770000
te_loss: 0.584076, te_score: 0.680000

time = 3
tr_loss: 0.581321, tr_score: 0.712500
va_loss: 0.696327, va_score: 0.640000
te_loss: 0.597729, te_score: 0.720000

time = 3
tr_loss: 0.580573, tr_score: 0.718750
va_loss: 0.655912, va_score: 0.640000
te_loss: 0.680446, te_score: 0.630000

time = 3
tr_loss: 0.583735, tr_score: 0.715000
va_loss: 0.636856, va_score: 0.680000
te_loss: 0.593007, te_score: 0.710000

time = 3
tr_loss: 0.558296, tr_score: 0.715000
va_loss: 0.539546, va_score: 0.730000
te_loss: 0.546335, te_score: 0.750000

time = 3
tr_loss: 0.597160, tr_score: 0.698750
va_loss: 0.613260, va_score: 0.690000
te_loss: 0.587977, te_score: 0.720000

time = 3
tr_loss: 0.528677, tr_score: 0.745000
va_loss: 0.503574, va_score: 0.790000
te_loss: 0.588348, te_score: 0.720000

time = 3
tr_loss: 0.572398, tr_score: 0.697500
va_loss: 0.543195, va_score: 0.750000
te_loss: 0.598172, te_score: 0.710000

time = 3
tr_loss: 0.555883, tr_score: 0.712500
va_loss: 0.593220, va_score: 0.650000
te_loss: 0.492720, te_score: 0.770000

time = 3
tr_loss: 0.570764, tr_score: 0.737500
va_loss: 0.659417, va_score: 0.640000
te_loss: 0.609298, te_score: 0.700000

time = 3
tr_loss: 0.557062, tr_score: 0.716250
va_loss: 0.564332, va_score: 0.690000
te_loss: 0.569539, te_score: 0.730000

time = 3
tr_loss: 0.590801, tr_score: 0.705000
va_loss: 0.603464, va_score: 0.700000
te_loss: 0.627451, te_score: 0.660000

time = 3
tr_loss: 0.602767, tr_score: 0.727500
va_loss: 0.702562, va_score: 0.570000
te_loss: 0.629034, te_score: 0.690000

time = 3
tr_loss: 0.574719, tr_score: 0.731250
va_loss: 0.585269, va_score: 0.700000
te_loss: 0.551383, te_score: 0.760000

time = 3
tr_loss: 0.601636, tr_score: 0.703750
va_loss: 0.602323, va_score: 0.690000
te_loss: 0.577278, te_score: 0.750000

======================================================
3  Seed:  [6469. 3301. 7178. 4323. 9525.  454. 7215. 4562. 5178. 3971. 9338. 3960.
 2970. 9630. 2254.  396. 4264. 8949. 7913. 1289.]
tr_loss: 0.576637, tr_score: 0.714438
va_loss: 0.603520, va_score: 0.689500
te_loss: 0.588407, te_score: 0.709000
time = 4
tr_loss: 0.591230, tr_score: 0.666250
va_loss: 0.561113, va_score: 0.690000
te_loss: 0.567910, te_score: 0.680000

time = 4
tr_loss: 0.605601, tr_score: 0.696250
va_loss: 0.569103, va_score: 0.740000
te_loss: 0.587652, te_score: 0.720000

time = 4
tr_loss: 0.521345, tr_score: 0.750000
va_loss: 0.515807, va_score: 0.820000
te_loss: 0.564028, te_score: 0.720000

time = 4
tr_loss: 0.603762, tr_score: 0.697500
va_loss: 0.566886, va_score: 0.760000
te_loss: 0.655873, te_score: 0.660000

time = 4
tr_loss: 0.511551, tr_score: 0.751250
va_loss: 0.574678, va_score: 0.720000
te_loss: 0.540948, te_score: 0.790000

time = 4
tr_loss: 0.622356, tr_score: 0.676250
va_loss: 0.615566, va_score: 0.690000
te_loss: 0.576267, te_score: 0.740000

time = 4
tr_loss: 0.558255, tr_score: 0.712500
va_loss: 0.579928, va_score: 0.750000
te_loss: 0.575573, te_score: 0.690000

time = 4
tr_loss: 0.592673, tr_score: 0.700000
va_loss: 0.668760, va_score: 0.630000
te_loss: 0.534355, te_score: 0.760000

time = 4
tr_loss: 0.566037, tr_score: 0.715000
va_loss: 0.620743, va_score: 0.660000
te_loss: 0.512810, te_score: 0.760000

time = 4
tr_loss: 0.576945, tr_score: 0.712500
va_loss: 0.570198, va_score: 0.730000
te_loss: 0.562792, te_score: 0.760000

time = 4
tr_loss: 0.563914, tr_score: 0.715000
va_loss: 0.641438, va_score: 0.630000
te_loss: 0.563082, te_score: 0.700000

time = 4
tr_loss: 0.592715, tr_score: 0.698750
va_loss: 0.569587, va_score: 0.700000
te_loss: 0.603438, te_score: 0.680000

time = 4
tr_loss: 0.641279, tr_score: 0.693750
va_loss: 0.547027, va_score: 0.750000
te_loss: 0.678199, te_score: 0.670000

time = 4
tr_loss: 0.545560, tr_score: 0.718750
va_loss: 0.492497, va_score: 0.790000
te_loss: 0.500873, te_score: 0.750000

time = 4
tr_loss: 0.520564, tr_score: 0.742500
va_loss: 0.574143, va_score: 0.680000
te_loss: 0.564727, te_score: 0.690000

time = 4
tr_loss: 0.598047, tr_score: 0.698750
va_loss: 0.536791, va_score: 0.760000
te_loss: 0.557553, te_score: 0.720000

time = 4
tr_loss: 0.616368, tr_score: 0.688750
va_loss: 0.566649, va_score: 0.740000
te_loss: 0.651561, te_score: 0.650000

time = 4
tr_loss: 0.613778, tr_score: 0.700000
va_loss: 0.601252, va_score: 0.720000
te_loss: 0.623262, te_score: 0.690000

time = 4
tr_loss: 0.607268, tr_score: 0.710000
va_loss: 0.655780, va_score: 0.640000
te_loss: 0.610898, te_score: 0.720000

time = 4
tr_loss: 0.574491, tr_score: 0.698750
va_loss: 0.579548, va_score: 0.720000
te_loss: 0.544529, te_score: 0.750000

======================================================
4  Seed:  [8744.  130. 2730. 2289. 3436.   91. 5431.  214. 1996. 7906. 4318. 5189.
 9458. 5884. 7590. 9032. 7937. 3024. 1021. 9551.]
tr_loss: 0.581187, tr_score: 0.707125
va_loss: 0.580375, va_score: 0.716000
te_loss: 0.578817, te_score: 0.715000
time = 5
tr_loss: 0.594194, tr_score: 0.720000
va_loss: 0.607888, va_score: 0.680000
te_loss: 0.622032, te_score: 0.700000

time = 5
tr_loss: 0.551085, tr_score: 0.735000
va_loss: 0.604816, va_score: 0.690000
te_loss: 0.547516, te_score: 0.780000

time = 5
tr_loss: 0.579542, tr_score: 0.728750
va_loss: 0.617471, va_score: 0.690000
te_loss: 0.613751, te_score: 0.710000

time = 5
tr_loss: 0.544419, tr_score: 0.723750
va_loss: 0.591355, va_score: 0.690000
te_loss: 0.546530, te_score: 0.710000

time = 5
tr_loss: 0.572556, tr_score: 0.713750
va_loss: 0.596133, va_score: 0.690000
te_loss: 0.488599, te_score: 0.780000

time = 5
tr_loss: 0.593847, tr_score: 0.693750
va_loss: 0.598652, va_score: 0.730000
te_loss: 0.516690, te_score: 0.760000

time = 5
tr_loss: 0.574234, tr_score: 0.702500
va_loss: 0.511423, va_score: 0.770000
te_loss: 0.630033, te_score: 0.730000

time = 5
tr_loss: 0.577053, tr_score: 0.698750
va_loss: 0.581885, va_score: 0.690000
te_loss: 0.543930, te_score: 0.720000

time = 5
tr_loss: 0.600242, tr_score: 0.701250
va_loss: 0.588099, va_score: 0.770000
te_loss: 0.568503, te_score: 0.730000

time = 5
tr_loss: 0.553182, tr_score: 0.706250
va_loss: 0.549681, va_score: 0.740000
te_loss: 0.547407, te_score: 0.720000

time = 5
tr_loss: 0.612107, tr_score: 0.685000
va_loss: 0.701415, va_score: 0.570000
te_loss: 0.612536, te_score: 0.690000

time = 5
tr_loss: 0.610458, tr_score: 0.701250
va_loss: 0.515610, va_score: 0.800000
te_loss: 0.586013, te_score: 0.720000

time = 5
tr_loss: 0.542939, tr_score: 0.727500
va_loss: 0.499491, va_score: 0.790000
te_loss: 0.532847, te_score: 0.730000

time = 5
tr_loss: 0.575708, tr_score: 0.712500
va_loss: 0.555733, va_score: 0.740000
te_loss: 0.618205, te_score: 0.660000

time = 5
tr_loss: 0.598751, tr_score: 0.702500
va_loss: 0.612483, va_score: 0.700000
te_loss: 0.599747, te_score: 0.670000

time = 5
tr_loss: 0.565786, tr_score: 0.728750
va_loss: 0.504184, va_score: 0.790000
te_loss: 0.605680, te_score: 0.650000

time = 5
tr_loss: 0.541720, tr_score: 0.733750
va_loss: 0.608864, va_score: 0.680000
te_loss: 0.552816, te_score: 0.710000

time = 5
tr_loss: 0.549073, tr_score: 0.727500
va_loss: 0.467654, va_score: 0.830000
te_loss: 0.600204, te_score: 0.660000

time = 5
tr_loss: 0.554733, tr_score: 0.723750
va_loss: 0.492962, va_score: 0.780000
te_loss: 0.689482, te_score: 0.570000

time = 5
tr_loss: 0.621856, tr_score: 0.701250
va_loss: 0.629408, va_score: 0.680000
te_loss: 0.601780, te_score: 0.710000

======================================================
5  Seed:  [1237. 6412. 2121. 6405. 4525. 1302. 1340. 7513. 9914. 1173. 2339. 2687.
 5417. 1769. 4522. 4161. 3470. 2003. 6862. 6659.]
tr_loss: 0.575674, tr_score: 0.713375
va_loss: 0.571760, va_score: 0.725000
te_loss: 0.581215, te_score: 0.705500
time = 6
tr_loss: 0.548258, tr_score: 0.720000
va_loss: 0.511784, va_score: 0.770000
te_loss: 0.587404, te_score: 0.700000

time = 6
tr_loss: 0.592775, tr_score: 0.712500
va_loss: 0.651005, va_score: 0.650000
te_loss: 0.602832, te_score: 0.730000

time = 6
tr_loss: 0.575311, tr_score: 0.717500
va_loss: 0.551042, va_score: 0.720000
te_loss: 0.667153, te_score: 0.640000

time = 6
tr_loss: 0.530095, tr_score: 0.732500
va_loss: 0.533308, va_score: 0.750000
te_loss: 0.523427, te_score: 0.720000

time = 6
tr_loss: 0.601254, tr_score: 0.701250
va_loss: 0.602690, va_score: 0.700000
te_loss: 0.514332, te_score: 0.790000

time = 6
tr_loss: 0.556934, tr_score: 0.718750
va_loss: 0.595587, va_score: 0.670000
te_loss: 0.636463, te_score: 0.610000

time = 6
tr_loss: 0.599254, tr_score: 0.693750
va_loss: 0.607006, va_score: 0.710000
te_loss: 0.560859, te_score: 0.730000

time = 6
tr_loss: 0.573735, tr_score: 0.715000
va_loss: 0.624939, va_score: 0.660000
te_loss: 0.581439, te_score: 0.710000

time = 6
tr_loss: 0.574524, tr_score: 0.692500
va_loss: 0.543616, va_score: 0.740000
te_loss: 0.518956, te_score: 0.770000

time = 6
tr_loss: 0.566196, tr_score: 0.701250
va_loss: 0.554252, va_score: 0.720000
te_loss: 0.603419, te_score: 0.710000

time = 6
tr_loss: 0.562288, tr_score: 0.715000
va_loss: 0.590010, va_score: 0.700000
te_loss: 0.614885, te_score: 0.630000

time = 6
tr_loss: 0.557468, tr_score: 0.723750
va_loss: 0.572380, va_score: 0.700000
te_loss: 0.587822, te_score: 0.680000

time = 6
tr_loss: 0.585539, tr_score: 0.705000
va_loss: 0.548077, va_score: 0.750000
te_loss: 0.593931, te_score: 0.710000

time = 6
tr_loss: 0.514020, tr_score: 0.766250
va_loss: 0.511333, va_score: 0.760000
te_loss: 0.464907, te_score: 0.810000

time = 6
tr_loss: 0.581218, tr_score: 0.726250
va_loss: 0.578447, va_score: 0.690000
te_loss: 0.649999, te_score: 0.650000

time = 6
tr_loss: 0.567947, tr_score: 0.720000
va_loss: 0.595087, va_score: 0.700000
te_loss: 0.545838, te_score: 0.730000

time = 6
tr_loss: 0.543291, tr_score: 0.745000
va_loss: 0.507255, va_score: 0.770000
te_loss: 0.549217, te_score: 0.750000

time = 6
tr_loss: 0.602522, tr_score: 0.675000
va_loss: 0.572064, va_score: 0.720000
te_loss: 0.580326, te_score: 0.700000

time = 6
tr_loss: 0.584198, tr_score: 0.717500
va_loss: 0.592100, va_score: 0.690000
te_loss: 0.595815, te_score: 0.670000

time = 6
tr_loss: 0.553896, tr_score: 0.723750
va_loss: 0.593415, va_score: 0.720000
te_loss: 0.547098, te_score: 0.770000

======================================================
6  Seed:  [7694. 6294. 7622. 3529.   96. 7204. 5217. 3436.  887. 8110. 7803. 3805.
 1114. 2222. 9584. 2008. 1959. 4210.  576. 6097.]
tr_loss: 0.568536, tr_score: 0.716125
va_loss: 0.571770, va_score: 0.714500
te_loss: 0.576306, te_score: 0.710500
time = 7
tr_loss: 0.571851, tr_score: 0.713750
va_loss: 0.598159, va_score: 0.700000
te_loss: 0.508044, te_score: 0.800000

time = 7
tr_loss: 0.645151, tr_score: 0.691250
va_loss: 0.583053, va_score: 0.760000
te_loss: 0.615737, te_score: 0.710000

time = 7
tr_loss: 0.580814, tr_score: 0.710000
va_loss: 0.510237, va_score: 0.750000
te_loss: 0.554418, te_score: 0.750000

time = 7
tr_loss: 0.592029, tr_score: 0.685000
va_loss: 0.562758, va_score: 0.730000
te_loss: 0.604460, te_score: 0.710000

time = 7
tr_loss: 0.562938, tr_score: 0.716250
va_loss: 0.560061, va_score: 0.750000
te_loss: 0.573838, te_score: 0.750000

time = 7
tr_loss: 0.593891, tr_score: 0.706250
va_loss: 0.669285, va_score: 0.610000
te_loss: 0.586193, te_score: 0.730000

time = 7
tr_loss: 0.601394, tr_score: 0.707500
va_loss: 0.599802, va_score: 0.680000
te_loss: 0.496570, te_score: 0.770000

time = 7
tr_loss: 0.548481, tr_score: 0.736250
va_loss: 0.582115, va_score: 0.710000
te_loss: 0.591982, te_score: 0.700000

time = 7
tr_loss: 0.571088, tr_score: 0.723750
va_loss: 0.599647, va_score: 0.700000
te_loss: 0.573297, te_score: 0.690000

time = 7
tr_loss: 0.602964, tr_score: 0.701250
va_loss: 0.628270, va_score: 0.710000
te_loss: 0.567127, te_score: 0.710000

time = 7
tr_loss: 0.633376, tr_score: 0.693750
va_loss: 0.640309, va_score: 0.670000
te_loss: 0.629807, te_score: 0.720000

time = 7
tr_loss: 0.654324, tr_score: 0.578750
va_loss: 0.697506, va_score: 0.560000
te_loss: 0.569426, te_score: 0.660000

time = 7
tr_loss: 0.609652, tr_score: 0.721250
va_loss: 0.725687, va_score: 0.610000
te_loss: 0.722199, te_score: 0.620000

time = 7
tr_loss: 0.589373, tr_score: 0.697500
va_loss: 0.561504, va_score: 0.720000
te_loss: 0.614065, te_score: 0.700000

time = 7
tr_loss: 0.575082, tr_score: 0.717500
va_loss: 0.597657, va_score: 0.710000
te_loss: 0.596784, te_score: 0.680000

time = 7
tr_loss: 0.563667, tr_score: 0.726250
va_loss: 0.606852, va_score: 0.660000
te_loss: 0.555951, te_score: 0.720000

time = 7
tr_loss: 0.622780, tr_score: 0.705000
va_loss: 0.576569, va_score: 0.710000
te_loss: 0.667408, te_score: 0.650000

time = 7
tr_loss: 0.597457, tr_score: 0.702500
va_loss: 0.551041, va_score: 0.760000
te_loss: 0.687876, te_score: 0.620000

time = 7
tr_loss: 0.552136, tr_score: 0.711250
va_loss: 0.557132, va_score: 0.710000
te_loss: 0.526114, te_score: 0.750000

time = 7
tr_loss: 0.572833, tr_score: 0.711250
va_loss: 0.545918, va_score: 0.750000
te_loss: 0.608025, te_score: 0.710000

======================================================
7  Seed:  [ 667. 3641. 1333. 4721. 6871. 9519. 4778.  927. 8338.   13. 3683. 6570.
 1422. 3821. 5722.  599. 3527. 1784. 1921. 2070.]
tr_loss: 0.592064, tr_score: 0.702813
va_loss: 0.597678, va_score: 0.698000
te_loss: 0.592466, te_score: 0.707500
time = 8
tr_loss: 0.558514, tr_score: 0.733750
va_loss: 0.598604, va_score: 0.730000
te_loss: 0.477985, te_score: 0.800000

time = 8
tr_loss: 0.594747, tr_score: 0.720000
va_loss: 0.702987, va_score: 0.600000
te_loss: 0.535286, te_score: 0.770000

time = 8
tr_loss: 0.594585, tr_score: 0.703750
va_loss: 0.616230, va_score: 0.680000
te_loss: 0.578766, te_score: 0.730000

time = 8
tr_loss: 0.571141, tr_score: 0.716250
va_loss: 0.580379, va_score: 0.750000
te_loss: 0.563021, te_score: 0.740000

time = 8
tr_loss: 0.566096, tr_score: 0.718750
va_loss: 0.541239, va_score: 0.740000
te_loss: 0.538855, te_score: 0.710000

time = 8
tr_loss: 0.582515, tr_score: 0.725000
va_loss: 0.676702, va_score: 0.680000
te_loss: 0.612886, te_score: 0.690000

time = 8
tr_loss: 0.582555, tr_score: 0.731250
va_loss: 0.563950, va_score: 0.750000
te_loss: 0.612748, te_score: 0.690000

time = 8
tr_loss: 0.605778, tr_score: 0.690000
va_loss: 0.538054, va_score: 0.770000
te_loss: 0.610780, te_score: 0.710000

time = 8
tr_loss: 0.572236, tr_score: 0.716250
va_loss: 0.611412, va_score: 0.650000
te_loss: 0.506002, te_score: 0.770000

time = 8
tr_loss: 0.557431, tr_score: 0.725000
va_loss: 0.655888, va_score: 0.620000
te_loss: 0.579985, te_score: 0.700000

time = 8
tr_loss: 0.574702, tr_score: 0.696250
va_loss: 0.510001, va_score: 0.780000
te_loss: 0.509360, te_score: 0.800000

time = 8
tr_loss: 0.640007, tr_score: 0.647500
va_loss: 0.579927, va_score: 0.730000
te_loss: 0.644868, te_score: 0.610000

time = 8
tr_loss: 0.571907, tr_score: 0.713750
va_loss: 0.568682, va_score: 0.690000
te_loss: 0.582701, te_score: 0.700000

time = 8
tr_loss: 0.618438, tr_score: 0.686250
va_loss: 0.512867, va_score: 0.800000
te_loss: 0.606535, te_score: 0.710000

time = 8
tr_loss: 0.574115, tr_score: 0.706250
va_loss: 0.543855, va_score: 0.700000
te_loss: 0.537660, te_score: 0.720000

time = 8
tr_loss: 0.571139, tr_score: 0.723750
va_loss: 0.522328, va_score: 0.770000
te_loss: 0.729390, te_score: 0.590000

time = 8
tr_loss: 0.553439, tr_score: 0.728750
va_loss: 0.598022, va_score: 0.690000
te_loss: 0.582933, te_score: 0.690000

time = 8
tr_loss: 0.581241, tr_score: 0.723750
va_loss: 0.570639, va_score: 0.720000
te_loss: 0.597665, te_score: 0.670000

time = 8
tr_loss: 0.520615, tr_score: 0.740000
va_loss: 0.549871, va_score: 0.710000
te_loss: 0.582930, te_score: 0.720000

time = 8
tr_loss: 0.503230, tr_score: 0.756250
va_loss: 0.504929, va_score: 0.760000
te_loss: 0.573081, te_score: 0.700000

======================================================
8  Seed:  [4860. 8426. 6918. 8393. 2977. 1581. 7001.  814. 5947. 4477. 3311. 7270.
 5082. 4712. 7103. 6080. 5821. 8708. 4579. 2324.]
tr_loss: 0.574722, tr_score: 0.715125
va_loss: 0.577328, va_score: 0.716000
te_loss: 0.578172, te_score: 0.711000
time = 9
tr_loss: 0.569410, tr_score: 0.703750
va_loss: 0.540880, va_score: 0.720000
te_loss: 0.547207, te_score: 0.700000

time = 9
tr_loss: 0.605524, tr_score: 0.707500
va_loss: 0.691125, va_score: 0.610000
te_loss: 0.596134, te_score: 0.720000

time = 9
tr_loss: 0.592468, tr_score: 0.716250
va_loss: 0.599122, va_score: 0.690000
te_loss: 0.644055, te_score: 0.670000

time = 9
tr_loss: 0.563004, tr_score: 0.727500
va_loss: 0.584103, va_score: 0.710000
te_loss: 0.620672, te_score: 0.670000

time = 9
tr_loss: 0.550615, tr_score: 0.727500
va_loss: 0.505772, va_score: 0.770000
te_loss: 0.636451, te_score: 0.640000

time = 9
tr_loss: 0.630933, tr_score: 0.698750
va_loss: 0.630620, va_score: 0.690000
te_loss: 0.655597, te_score: 0.630000

time = 9
tr_loss: 0.598305, tr_score: 0.696250
va_loss: 0.542744, va_score: 0.730000
te_loss: 0.579054, te_score: 0.720000

time = 9
tr_loss: 0.532313, tr_score: 0.745000
va_loss: 0.513299, va_score: 0.720000
te_loss: 0.580135, te_score: 0.690000

time = 9
tr_loss: 0.589969, tr_score: 0.700000
va_loss: 0.585010, va_score: 0.750000
te_loss: 0.536908, te_score: 0.720000

time = 9
tr_loss: 0.586423, tr_score: 0.722500
va_loss: 0.685129, va_score: 0.660000
te_loss: 0.571570, te_score: 0.720000

time = 9
tr_loss: 0.627965, tr_score: 0.697500
va_loss: 0.587939, va_score: 0.720000
te_loss: 0.626217, te_score: 0.700000

time = 9
tr_loss: 0.605974, tr_score: 0.702500
va_loss: 0.551045, va_score: 0.760000
te_loss: 0.572362, te_score: 0.750000

time = 9
tr_loss: 0.582182, tr_score: 0.711250
va_loss: 0.580854, va_score: 0.680000
te_loss: 0.498172, te_score: 0.780000

time = 9
tr_loss: 0.597732, tr_score: 0.697500
va_loss: 0.598820, va_score: 0.680000
te_loss: 0.538148, te_score: 0.750000

time = 9
tr_loss: 0.567744, tr_score: 0.721250
va_loss: 0.670030, va_score: 0.620000
te_loss: 0.611215, te_score: 0.700000

time = 9
tr_loss: 0.551728, tr_score: 0.702500
va_loss: 0.521975, va_score: 0.730000
te_loss: 0.526832, te_score: 0.720000

time = 9
tr_loss: 0.580641, tr_score: 0.713750
va_loss: 0.593987, va_score: 0.710000
te_loss: 0.621193, te_score: 0.650000

time = 9
tr_loss: 0.599008, tr_score: 0.710000
va_loss: 0.615021, va_score: 0.670000
te_loss: 0.651373, te_score: 0.650000

time = 9
tr_loss: 0.576653, tr_score: 0.725000
va_loss: 0.598938, va_score: 0.660000
te_loss: 0.591567, te_score: 0.690000

time = 9
tr_loss: 0.601298, tr_score: 0.690000
va_loss: 0.555078, va_score: 0.760000
te_loss: 0.590876, te_score: 0.720000

======================================================
9  Seed:  [9948.  542.  232.  666. 5686. 1955. 6679. 1732. 8003. 9621. 2645. 4622.
 2831. 7236. 6932. 8781. 1798. 9886. 2715. 5559.]
tr_loss: 0.585494, tr_score: 0.710812
va_loss: 0.587575, va_score: 0.702000
te_loss: 0.589787, te_score: 0.699500
time = 10
tr_loss: 0.531721, tr_score: 0.722500
va_loss: 0.511269, va_score: 0.750000
te_loss: 0.513057, te_score: 0.760000

time = 10
tr_loss: 0.560468, tr_score: 0.700000
va_loss: 0.570491, va_score: 0.700000
te_loss: 0.540123, te_score: 0.730000

time = 10
tr_loss: 0.523779, tr_score: 0.748750
va_loss: 0.540930, va_score: 0.730000
te_loss: 0.672546, te_score: 0.610000

time = 10
tr_loss: 0.615346, tr_score: 0.685000
va_loss: 0.535513, va_score: 0.760000
te_loss: 0.584898, te_score: 0.730000

time = 10
tr_loss: 0.543957, tr_score: 0.736250
va_loss: 0.528249, va_score: 0.750000
te_loss: 0.509777, te_score: 0.760000

time = 10
tr_loss: 0.559844, tr_score: 0.725000
va_loss: 0.550794, va_score: 0.740000
te_loss: 0.535305, te_score: 0.750000

time = 10
tr_loss: 0.590221, tr_score: 0.697500
va_loss: 0.535868, va_score: 0.790000
te_loss: 0.552684, te_score: 0.750000

time = 10
tr_loss: 0.626998, tr_score: 0.681250
va_loss: 0.530585, va_score: 0.820000
te_loss: 0.597995, te_score: 0.720000

time = 10
tr_loss: 0.569825, tr_score: 0.706250
va_loss: 0.579501, va_score: 0.700000
te_loss: 0.657201, te_score: 0.620000

time = 10
tr_loss: 0.597200, tr_score: 0.697500
va_loss: 0.574731, va_score: 0.730000
te_loss: 0.598760, te_score: 0.710000

time = 10
tr_loss: 0.593804, tr_score: 0.703750
va_loss: 0.627183, va_score: 0.650000
te_loss: 0.572116, te_score: 0.720000

time = 10
tr_loss: 0.601904, tr_score: 0.700000
va_loss: 0.665141, va_score: 0.620000
te_loss: 0.631674, te_score: 0.710000

time = 10
tr_loss: 0.583915, tr_score: 0.695000
va_loss: 0.585574, va_score: 0.720000
te_loss: 0.587477, te_score: 0.730000

time = 10
tr_loss: 0.627169, tr_score: 0.683750
va_loss: 0.548586, va_score: 0.740000
te_loss: 0.519217, te_score: 0.790000

time = 10
tr_loss: 0.638705, tr_score: 0.631250
va_loss: 0.696860, va_score: 0.600000
te_loss: 0.612906, te_score: 0.680000

time = 10
tr_loss: 0.597692, tr_score: 0.687500
va_loss: 0.607235, va_score: 0.750000
te_loss: 0.523893, te_score: 0.750000

time = 10
tr_loss: 0.576146, tr_score: 0.710000
va_loss: 0.494395, va_score: 0.770000
te_loss: 0.616305, te_score: 0.680000

time = 10
tr_loss: 0.569051, tr_score: 0.711250
va_loss: 0.584370, va_score: 0.710000
te_loss: 0.533988, te_score: 0.750000

time = 10
tr_loss: 0.583269, tr_score: 0.713750
va_loss: 0.551791, va_score: 0.720000
te_loss: 0.590910, te_score: 0.720000

time = 10
tr_loss: 0.513157, tr_score: 0.740000
va_loss: 0.635597, va_score: 0.620000
te_loss: 0.498104, te_score: 0.770000

======================================================
10  Seed:  [9217. 8758. 9318. 9902. 9257. 5433. 4194. 5342. 6064. 1182. 7632. 9724.
 4507. 4141. 7028. 4431.  710. 9505. 6403. 3797.]
tr_loss: 0.580209, tr_score: 0.703812
va_loss: 0.572733, va_score: 0.718500
te_loss: 0.572447, te_score: 0.722000
time = 11
tr_loss: 0.563077, tr_score: 0.711250
va_loss: 0.452269, va_score: 0.820000
te_loss: 0.643706, te_score: 0.640000

time = 11
tr_loss: 0.544371, tr_score: 0.721250
va_loss: 0.593107, va_score: 0.690000
te_loss: 0.605491, te_score: 0.680000

time = 11
tr_loss: 0.524077, tr_score: 0.756250
va_loss: 0.570218, va_score: 0.740000
te_loss: 0.531394, te_score: 0.740000

time = 11
tr_loss: 0.596726, tr_score: 0.697500
va_loss: 0.616085, va_score: 0.660000
te_loss: 0.547677, te_score: 0.730000

time = 11
tr_loss: 0.610817, tr_score: 0.710000
va_loss: 0.638852, va_score: 0.660000
te_loss: 0.644564, te_score: 0.660000

time = 11
tr_loss: 0.561610, tr_score: 0.718750
va_loss: 0.594961, va_score: 0.710000
te_loss: 0.540838, te_score: 0.760000

time = 11
tr_loss: 0.574932, tr_score: 0.716250
va_loss: 0.622944, va_score: 0.680000
te_loss: 0.638828, te_score: 0.680000

time = 11
tr_loss: 0.552267, tr_score: 0.698750
va_loss: 0.462462, va_score: 0.790000
te_loss: 0.592497, te_score: 0.670000

time = 11
tr_loss: 0.585583, tr_score: 0.722500
va_loss: 0.589237, va_score: 0.710000
te_loss: 0.595248, te_score: 0.680000

time = 11
tr_loss: 0.544594, tr_score: 0.741250
va_loss: 0.622299, va_score: 0.680000
te_loss: 0.580970, te_score: 0.720000

time = 11
tr_loss: 0.576871, tr_score: 0.702500
va_loss: 0.623354, va_score: 0.660000
te_loss: 0.551787, te_score: 0.770000

time = 11
tr_loss: 0.543684, tr_score: 0.732500
va_loss: 0.653505, va_score: 0.650000
te_loss: 0.611708, te_score: 0.620000

time = 11
tr_loss: 0.559791, tr_score: 0.712500
va_loss: 0.590891, va_score: 0.680000
te_loss: 0.603013, te_score: 0.680000

time = 11
tr_loss: 0.561416, tr_score: 0.735000
va_loss: 0.507621, va_score: 0.770000
te_loss: 0.641570, te_score: 0.630000

time = 11
tr_loss: 0.556152, tr_score: 0.741250
va_loss: 0.525342, va_score: 0.770000
te_loss: 0.571908, te_score: 0.700000

time = 11
tr_loss: 0.608583, tr_score: 0.667500
va_loss: 0.642906, va_score: 0.660000
te_loss: 0.575788, te_score: 0.680000

time = 11
tr_loss: 0.514305, tr_score: 0.748750
va_loss: 0.517179, va_score: 0.760000
te_loss: 0.609400, te_score: 0.610000

time = 11
tr_loss: 0.535375, tr_score: 0.725000
va_loss: 0.525727, va_score: 0.740000
te_loss: 0.594841, te_score: 0.680000

time = 11
tr_loss: 0.616671, tr_score: 0.717500
va_loss: 0.579473, va_score: 0.750000
te_loss: 0.690839, te_score: 0.640000

time = 11
tr_loss: 0.583241, tr_score: 0.721250
va_loss: 0.551953, va_score: 0.760000
te_loss: 0.649958, te_score: 0.680000

======================================================
11  Seed:  [ 276. 7096. 7576. 7225. 8005. 7496. 1258. 6191. 8489. 5152. 4572. 4247.
 5941. 8136.  978. 3169. 6643. 4121. 8439. 9382.]
tr_loss: 0.565707, tr_score: 0.719875
va_loss: 0.574019, va_score: 0.717000
te_loss: 0.601101, te_score: 0.682500
time = 12
tr_loss: 0.587961, tr_score: 0.707500
va_loss: 0.586015, va_score: 0.720000
te_loss: 0.537588, te_score: 0.760000

time = 12
tr_loss: 0.550029, tr_score: 0.716250
va_loss: 0.583284, va_score: 0.660000
te_loss: 0.507551, te_score: 0.760000

time = 12
tr_loss: 0.517945, tr_score: 0.730000
va_loss: 0.571247, va_score: 0.680000
te_loss: 0.575384, te_score: 0.690000

time = 12
tr_loss: 0.570867, tr_score: 0.713750
va_loss: 0.630139, va_score: 0.660000
te_loss: 0.702636, te_score: 0.610000

time = 12
tr_loss: 0.600570, tr_score: 0.711250
va_loss: 0.630324, va_score: 0.720000
te_loss: 0.626590, te_score: 0.650000

time = 12
tr_loss: 0.593889, tr_score: 0.681250
va_loss: 0.583693, va_score: 0.690000
te_loss: 0.626115, te_score: 0.710000

time = 12
tr_loss: 0.560843, tr_score: 0.755000
va_loss: 0.636974, va_score: 0.700000
te_loss: 0.645179, te_score: 0.650000

time = 12
tr_loss: 0.606355, tr_score: 0.707500
va_loss: 0.661889, va_score: 0.650000
te_loss: 0.633741, te_score: 0.680000

time = 12
tr_loss: 0.547048, tr_score: 0.727500
va_loss: 0.571220, va_score: 0.720000
te_loss: 0.628569, te_score: 0.660000

time = 12
tr_loss: 0.594831, tr_score: 0.708750
va_loss: 0.646513, va_score: 0.670000
te_loss: 0.625617, te_score: 0.660000

time = 12
tr_loss: 0.593121, tr_score: 0.718750
va_loss: 0.594377, va_score: 0.720000
te_loss: 0.644010, te_score: 0.680000

time = 12
tr_loss: 0.575837, tr_score: 0.712500
va_loss: 0.538569, va_score: 0.750000
te_loss: 0.586915, te_score: 0.660000

time = 12
tr_loss: 0.568627, tr_score: 0.728750
va_loss: 0.567384, va_score: 0.750000
te_loss: 0.642393, te_score: 0.650000

time = 12
tr_loss: 0.567530, tr_score: 0.708750
va_loss: 0.557613, va_score: 0.730000
te_loss: 0.564874, te_score: 0.730000

time = 12
tr_loss: 0.562395, tr_score: 0.730000
va_loss: 0.529575, va_score: 0.760000
te_loss: 0.628112, te_score: 0.630000

time = 12
tr_loss: 0.584940, tr_score: 0.710000
va_loss: 0.640008, va_score: 0.630000
te_loss: 0.582909, te_score: 0.710000

time = 12
tr_loss: 0.620383, tr_score: 0.701250
va_loss: 0.649580, va_score: 0.660000
te_loss: 0.575313, te_score: 0.760000

time = 12
tr_loss: 0.580451, tr_score: 0.706250
va_loss: 0.610589, va_score: 0.710000
te_loss: 0.551602, te_score: 0.790000

time = 12
tr_loss: 0.581552, tr_score: 0.711250
va_loss: 0.598192, va_score: 0.710000
te_loss: 0.612329, te_score: 0.670000

time = 12
tr_loss: 0.551265, tr_score: 0.735000
va_loss: 0.617479, va_score: 0.680000
te_loss: 0.566391, te_score: 0.730000

======================================================
12  Seed:  [5995. 5359. 4959. 8841. 2084. 6283. 5803. 5547. 5856. 6466. 1029. 9406.
 1119. 6504. 6270.   89. 4601. 8528. 5236. 3309.]
tr_loss: 0.575822, tr_score: 0.716063
va_loss: 0.600233, va_score: 0.698500
te_loss: 0.603191, te_score: 0.692000
time = 13
tr_loss: 0.584666, tr_score: 0.713750
va_loss: 0.608629, va_score: 0.680000
te_loss: 0.559471, te_score: 0.710000

time = 13
tr_loss: 0.619706, tr_score: 0.693750
va_loss: 0.553728, va_score: 0.770000
te_loss: 0.590446, te_score: 0.710000

time = 13
tr_loss: 0.596081, tr_score: 0.723750
va_loss: 0.621227, va_score: 0.730000
te_loss: 0.749379, te_score: 0.560000

time = 13
tr_loss: 0.605589, tr_score: 0.706250
va_loss: 0.625905, va_score: 0.670000
te_loss: 0.574098, te_score: 0.770000

time = 13
tr_loss: 0.593811, tr_score: 0.695000
va_loss: 0.587371, va_score: 0.730000
te_loss: 0.591987, te_score: 0.720000

time = 13
tr_loss: 0.567193, tr_score: 0.708750
va_loss: 0.637607, va_score: 0.630000
te_loss: 0.615763, te_score: 0.690000

time = 13
tr_loss: 0.517471, tr_score: 0.748750
va_loss: 0.549919, va_score: 0.730000
te_loss: 0.521366, te_score: 0.740000

time = 13
tr_loss: 0.527585, tr_score: 0.730000
va_loss: 0.536111, va_score: 0.700000
te_loss: 0.510403, te_score: 0.740000

time = 13
tr_loss: 0.603421, tr_score: 0.705000
va_loss: 0.590372, va_score: 0.700000
te_loss: 0.524632, te_score: 0.760000

time = 13
tr_loss: 0.564446, tr_score: 0.723750
va_loss: 0.630491, va_score: 0.660000
te_loss: 0.537215, te_score: 0.730000

time = 13
tr_loss: 0.560186, tr_score: 0.712500
va_loss: 0.616643, va_score: 0.700000
te_loss: 0.703365, te_score: 0.590000

time = 13
tr_loss: 0.597871, tr_score: 0.702500
va_loss: 0.633094, va_score: 0.700000
te_loss: 0.672028, te_score: 0.680000

time = 13
tr_loss: 0.608041, tr_score: 0.705000
va_loss: 0.661004, va_score: 0.680000
te_loss: 0.604276, te_score: 0.690000

time = 13
tr_loss: 0.557525, tr_score: 0.700000
va_loss: 0.523953, va_score: 0.750000
te_loss: 0.566410, te_score: 0.710000

time = 13
tr_loss: 0.569176, tr_score: 0.710000
va_loss: 0.518953, va_score: 0.770000
te_loss: 0.483497, te_score: 0.800000

time = 13
tr_loss: 0.563063, tr_score: 0.725000
va_loss: 0.599970, va_score: 0.700000
te_loss: 0.635091, te_score: 0.680000

time = 13
tr_loss: 0.601907, tr_score: 0.696250
va_loss: 0.557715, va_score: 0.730000
te_loss: 0.719956, te_score: 0.610000

time = 13
tr_loss: 0.568968, tr_score: 0.723750
va_loss: 0.517916, va_score: 0.780000
te_loss: 0.533869, te_score: 0.730000

time = 13
tr_loss: 0.614896, tr_score: 0.697500
va_loss: 0.534106, va_score: 0.770000
te_loss: 0.633030, te_score: 0.650000

time = 13
tr_loss: 0.597881, tr_score: 0.680000
va_loss: 0.550689, va_score: 0.750000
te_loss: 0.478462, te_score: 0.830000

======================================================
13  Seed:  [3706. 3756. 2533. 6590. 1761. 5957. 4965. 8699. 1302.  214. 1426. 3422.
 9979.   35. 8073. 6183. 7853. 8174. 4923.  725.]
tr_loss: 0.580974, tr_score: 0.710062
va_loss: 0.582770, va_score: 0.716500
te_loss: 0.590237, te_score: 0.705000
time = 14
tr_loss: 0.579115, tr_score: 0.715000
va_loss: 0.644180, va_score: 0.650000
te_loss: 0.609946, te_score: 0.670000

time = 14
tr_loss: 0.584925, tr_score: 0.705000
va_loss: 0.607625, va_score: 0.680000
te_loss: 0.599728, te_score: 0.690000

time = 14
tr_loss: 0.559056, tr_score: 0.715000
va_loss: 0.552263, va_score: 0.750000
te_loss: 0.548136, te_score: 0.760000

time = 14
tr_loss: 0.504591, tr_score: 0.741250
va_loss: 0.510433, va_score: 0.760000
te_loss: 0.491671, te_score: 0.800000

time = 14
tr_loss: 0.585122, tr_score: 0.706250
va_loss: 0.613302, va_score: 0.670000
te_loss: 0.601345, te_score: 0.690000

time = 14
tr_loss: 0.571680, tr_score: 0.727500
va_loss: 0.557983, va_score: 0.740000
te_loss: 0.630558, te_score: 0.640000

time = 14
tr_loss: 0.588494, tr_score: 0.702500
va_loss: 0.509391, va_score: 0.800000
te_loss: 0.635590, te_score: 0.680000

time = 14
tr_loss: 0.552375, tr_score: 0.725000
va_loss: 0.605865, va_score: 0.690000
te_loss: 0.575110, te_score: 0.720000

time = 14
tr_loss: 0.609690, tr_score: 0.693750
va_loss: 0.589362, va_score: 0.720000
te_loss: 0.598455, te_score: 0.710000

time = 14
tr_loss: 0.591309, tr_score: 0.702500
va_loss: 0.526036, va_score: 0.760000
te_loss: 0.637586, te_score: 0.650000

time = 14
tr_loss: 0.609937, tr_score: 0.698750
va_loss: 0.538322, va_score: 0.760000
te_loss: 0.577341, te_score: 0.740000

time = 14
tr_loss: 0.547901, tr_score: 0.710000
va_loss: 0.537424, va_score: 0.710000
te_loss: 0.592251, te_score: 0.720000

time = 14
tr_loss: 0.581445, tr_score: 0.706250
va_loss: 0.552213, va_score: 0.750000
te_loss: 0.588797, te_score: 0.690000

time = 14
tr_loss: 0.599343, tr_score: 0.697500
va_loss: 0.592474, va_score: 0.710000
te_loss: 0.594530, te_score: 0.720000

time = 14
tr_loss: 0.581383, tr_score: 0.708750
va_loss: 0.657719, va_score: 0.680000
te_loss: 0.628460, te_score: 0.720000

time = 14
tr_loss: 0.596116, tr_score: 0.692500
va_loss: 0.568611, va_score: 0.750000
te_loss: 0.590859, te_score: 0.730000

time = 14
tr_loss: 0.520684, tr_score: 0.745000
va_loss: 0.476518, va_score: 0.760000
te_loss: 0.586894, te_score: 0.670000

time = 14
tr_loss: 0.564501, tr_score: 0.707500
va_loss: 0.612249, va_score: 0.680000
te_loss: 0.574062, te_score: 0.690000

time = 14
tr_loss: 0.572229, tr_score: 0.723750
va_loss: 0.606133, va_score: 0.720000
te_loss: 0.615965, te_score: 0.720000

time = 14
tr_loss: 0.603804, tr_score: 0.700000
va_loss: 0.599914, va_score: 0.710000
te_loss: 0.558571, te_score: 0.760000

======================================================
14  Seed:  [6736. 9332. 4026. 8791. 2185. 8095. 4925. 3877. 8332. 6847. 5871. 5004.
 2796. 4961. 1467. 7787. 3868. 5255. 9307. 9073.]
tr_loss: 0.575185, tr_score: 0.711187
va_loss: 0.572901, va_score: 0.722500
te_loss: 0.591793, te_score: 0.708500
time = 15
tr_loss: 0.553229, tr_score: 0.712500
va_loss: 0.551236, va_score: 0.690000
te_loss: 0.556662, te_score: 0.720000

time = 15
tr_loss: 0.612887, tr_score: 0.688750
va_loss: 0.579086, va_score: 0.730000
te_loss: 0.522348, te_score: 0.770000

time = 15
tr_loss: 0.591612, tr_score: 0.712500
va_loss: 0.603377, va_score: 0.730000
te_loss: 0.608738, te_score: 0.690000

time = 15
tr_loss: 0.557024, tr_score: 0.711250
va_loss: 0.502646, va_score: 0.760000
te_loss: 0.572747, te_score: 0.660000

time = 15
tr_loss: 0.547133, tr_score: 0.710000
va_loss: 0.525390, va_score: 0.710000
te_loss: 0.560965, te_score: 0.700000

time = 15
tr_loss: 0.586895, tr_score: 0.710000
va_loss: 0.600559, va_score: 0.680000
te_loss: 0.615002, te_score: 0.670000

time = 15
tr_loss: 0.578568, tr_score: 0.697500
va_loss: 0.604721, va_score: 0.670000
te_loss: 0.557104, te_score: 0.740000

time = 15
tr_loss: 0.573398, tr_score: 0.706250
va_loss: 0.586319, va_score: 0.720000
te_loss: 0.607572, te_score: 0.720000

time = 15
tr_loss: 0.596439, tr_score: 0.710000
va_loss: 0.584627, va_score: 0.730000
te_loss: 0.559785, te_score: 0.750000

time = 15
tr_loss: 0.530248, tr_score: 0.740000
va_loss: 0.605061, va_score: 0.690000
te_loss: 0.546530, te_score: 0.730000

time = 15
tr_loss: 0.599691, tr_score: 0.703750
va_loss: 0.567719, va_score: 0.730000
te_loss: 0.581019, te_score: 0.700000

time = 15
tr_loss: 0.566543, tr_score: 0.715000
va_loss: 0.602674, va_score: 0.700000
te_loss: 0.583942, te_score: 0.700000

time = 15
tr_loss: 0.570538, tr_score: 0.718750
va_loss: 0.523944, va_score: 0.750000
te_loss: 0.660021, te_score: 0.660000

time = 15
tr_loss: 0.590926, tr_score: 0.672500
va_loss: 0.626279, va_score: 0.600000
te_loss: 0.554870, te_score: 0.710000

time = 15
tr_loss: 0.582761, tr_score: 0.713750
va_loss: 0.595291, va_score: 0.690000
te_loss: 0.585214, te_score: 0.720000

time = 15
tr_loss: 0.595195, tr_score: 0.712500
va_loss: 0.664244, va_score: 0.670000
te_loss: 0.687193, te_score: 0.670000

time = 15
tr_loss: 0.593855, tr_score: 0.707500
va_loss: 0.544697, va_score: 0.760000
te_loss: 0.585528, te_score: 0.680000

time = 15
tr_loss: 0.616618, tr_score: 0.716250
va_loss: 0.640243, va_score: 0.680000
te_loss: 0.708978, te_score: 0.640000

time = 15
tr_loss: 0.581600, tr_score: 0.705000
va_loss: 0.543791, va_score: 0.750000
te_loss: 0.569519, te_score: 0.750000

time = 15
tr_loss: 0.513452, tr_score: 0.751250
va_loss: 0.512057, va_score: 0.760000
te_loss: 0.523771, te_score: 0.760000

======================================================
15  Seed:  [ 879. 4612.  287.  491. 3659. 8251. 7507. 1140. 3507. 4318. 9716. 8900.
 3870. 2555. 7340. 8792.  757. 6674. 3143.  691.]
tr_loss: 0.576931, tr_score: 0.710750
va_loss: 0.578198, va_score: 0.710000
te_loss: 0.587375, te_score: 0.707000
time = 16
tr_loss: 0.557897, tr_score: 0.713750
va_loss: 0.567055, va_score: 0.740000
te_loss: 0.575553, te_score: 0.690000

time = 16
tr_loss: 0.557171, tr_score: 0.726250
va_loss: 0.564682, va_score: 0.730000
te_loss: 0.628859, te_score: 0.660000

time = 16
tr_loss: 0.577445, tr_score: 0.712500
va_loss: 0.567855, va_score: 0.730000
te_loss: 0.602703, te_score: 0.670000

time = 16
tr_loss: 0.583461, tr_score: 0.717500
va_loss: 0.601497, va_score: 0.660000
te_loss: 0.569171, te_score: 0.720000

time = 16
tr_loss: 0.624302, tr_score: 0.701250
va_loss: 0.550401, va_score: 0.740000
te_loss: 0.629683, te_score: 0.710000

time = 16
tr_loss: 0.499228, tr_score: 0.762500
va_loss: 0.515393, va_score: 0.730000
te_loss: 0.633163, te_score: 0.670000

time = 16
tr_loss: 0.586518, tr_score: 0.703750
va_loss: 0.565287, va_score: 0.690000
te_loss: 0.572292, te_score: 0.710000

time = 16
tr_loss: 0.620795, tr_score: 0.703750
va_loss: 0.726043, va_score: 0.640000
te_loss: 0.681854, te_score: 0.660000

time = 16
tr_loss: 0.587466, tr_score: 0.687500
va_loss: 0.548571, va_score: 0.710000
te_loss: 0.586445, te_score: 0.650000

time = 16
tr_loss: 0.549886, tr_score: 0.733750
va_loss: 0.650817, va_score: 0.640000
te_loss: 0.625080, te_score: 0.630000

time = 16
tr_loss: 0.540614, tr_score: 0.725000
va_loss: 0.569079, va_score: 0.690000
te_loss: 0.539761, te_score: 0.740000

time = 16
tr_loss: 0.633880, tr_score: 0.678750
va_loss: 0.623412, va_score: 0.690000
te_loss: 0.666737, te_score: 0.710000

time = 16
tr_loss: 0.584410, tr_score: 0.713750
va_loss: 0.623283, va_score: 0.660000
te_loss: 0.597512, te_score: 0.690000

time = 16
tr_loss: 0.569115, tr_score: 0.711250
va_loss: 0.516999, va_score: 0.800000
te_loss: 0.529243, te_score: 0.780000

time = 16
tr_loss: 0.565113, tr_score: 0.713750
va_loss: 0.512495, va_score: 0.780000
te_loss: 0.544497, te_score: 0.730000

time = 16
tr_loss: 0.525405, tr_score: 0.747500
va_loss: 0.575941, va_score: 0.700000
te_loss: 0.564792, te_score: 0.750000

time = 16
tr_loss: 0.604260, tr_score: 0.698750
va_loss: 0.572386, va_score: 0.730000
te_loss: 0.610775, te_score: 0.680000

time = 16
tr_loss: 0.598951, tr_score: 0.703750
va_loss: 0.661065, va_score: 0.660000
te_loss: 0.620318, te_score: 0.680000

time = 16
tr_loss: 0.562984, tr_score: 0.716250
va_loss: 0.471900, va_score: 0.820000
te_loss: 0.625997, te_score: 0.670000

time = 16
tr_loss: 0.510879, tr_score: 0.742500
va_loss: 0.545308, va_score: 0.750000
te_loss: 0.555232, te_score: 0.760000

======================================================
16  Seed:  [9082. 6878.  978. 6918.   35. 3547.  812. 1562. 5243. 8191. 5330. 4602.
 2929. 4830.  303. 9956. 3156. 7475. 4637.  734.]
tr_loss: 0.571989, tr_score: 0.715688
va_loss: 0.576473, va_score: 0.714500
te_loss: 0.597983, te_score: 0.698000
time = 17
tr_loss: 0.556433, tr_score: 0.740000
va_loss: 0.577858, va_score: 0.740000
te_loss: 0.559967, te_score: 0.730000

time = 17
tr_loss: 0.536622, tr_score: 0.732500
va_loss: 0.586168, va_score: 0.680000
te_loss: 0.583437, te_score: 0.680000

time = 17
tr_loss: 0.631379, tr_score: 0.691250
va_loss: 0.661276, va_score: 0.660000
te_loss: 0.695861, te_score: 0.680000

time = 17
tr_loss: 0.591514, tr_score: 0.730000
va_loss: 0.598765, va_score: 0.650000
te_loss: 0.578652, te_score: 0.680000

time = 17
tr_loss: 0.617806, tr_score: 0.698750
va_loss: 0.538452, va_score: 0.780000
te_loss: 0.598924, te_score: 0.720000

time = 17
tr_loss: 0.587156, tr_score: 0.707500
va_loss: 0.599988, va_score: 0.720000
te_loss: 0.671464, te_score: 0.610000

time = 17
tr_loss: 0.568705, tr_score: 0.730000
va_loss: 0.656652, va_score: 0.630000
te_loss: 0.627769, te_score: 0.690000

time = 17
tr_loss: 0.571142, tr_score: 0.731250
va_loss: 0.587023, va_score: 0.740000
te_loss: 0.680405, te_score: 0.620000

time = 17
tr_loss: 0.565192, tr_score: 0.712500
va_loss: 0.580641, va_score: 0.690000
te_loss: 0.570651, te_score: 0.730000

time = 17
tr_loss: 0.611858, tr_score: 0.711250
va_loss: 0.609187, va_score: 0.700000
te_loss: 0.725617, te_score: 0.610000

time = 17
tr_loss: 0.553725, tr_score: 0.716250
va_loss: 0.591586, va_score: 0.700000
te_loss: 0.598217, te_score: 0.660000

time = 17
tr_loss: 0.546874, tr_score: 0.705000
va_loss: 0.592116, va_score: 0.680000
te_loss: 0.558679, te_score: 0.680000

time = 17
tr_loss: 0.564544, tr_score: 0.711250
va_loss: 0.605373, va_score: 0.690000
te_loss: 0.520810, te_score: 0.790000

time = 17
tr_loss: 0.577956, tr_score: 0.716250
va_loss: 0.545454, va_score: 0.760000
te_loss: 0.549240, te_score: 0.750000

time = 17
tr_loss: 0.559099, tr_score: 0.733750
va_loss: 0.647802, va_score: 0.660000
te_loss: 0.655377, te_score: 0.660000

time = 17
tr_loss: 0.565838, tr_score: 0.707500
va_loss: 0.511973, va_score: 0.760000
te_loss: 0.578331, te_score: 0.690000

time = 17
tr_loss: 0.618758, tr_score: 0.707500
va_loss: 0.704358, va_score: 0.590000
te_loss: 0.630919, te_score: 0.690000

time = 17
tr_loss: 0.581405, tr_score: 0.697500
va_loss: 0.590707, va_score: 0.700000
te_loss: 0.578703, te_score: 0.720000

time = 17
tr_loss: 0.602653, tr_score: 0.687500
va_loss: 0.564658, va_score: 0.740000
te_loss: 0.623666, te_score: 0.680000

time = 17
tr_loss: 0.556620, tr_score: 0.713750
va_loss: 0.534827, va_score: 0.720000
te_loss: 0.606425, te_score: 0.670000

======================================================
17  Seed:  [9997. 6891. 7283.  296. 4194.  627. 9187. 9699.  412. 3964. 5059. 1882.
 6859. 7098. 9012. 6459. 3018. 8410. 9321. 1260.]
tr_loss: 0.578264, tr_score: 0.714063
va_loss: 0.594243, va_score: 0.699500
te_loss: 0.609656, te_score: 0.687000
time = 18
tr_loss: 0.576796, tr_score: 0.715000
va_loss: 0.602203, va_score: 0.670000
te_loss: 0.557745, te_score: 0.730000

time = 18
tr_loss: 0.556317, tr_score: 0.720000
va_loss: 0.535852, va_score: 0.760000
te_loss: 0.528849, te_score: 0.740000

time = 18
tr_loss: 0.576464, tr_score: 0.716250
va_loss: 0.533853, va_score: 0.750000
te_loss: 0.599729, te_score: 0.700000

time = 18
tr_loss: 0.579346, tr_score: 0.711250
va_loss: 0.573127, va_score: 0.700000
te_loss: 0.551093, te_score: 0.730000

time = 18
tr_loss: 0.560005, tr_score: 0.730000
va_loss: 0.658564, va_score: 0.690000
te_loss: 0.478384, te_score: 0.780000

time = 18
tr_loss: 0.596869, tr_score: 0.700000
va_loss: 0.590765, va_score: 0.700000
te_loss: 0.537496, te_score: 0.750000

time = 18
tr_loss: 0.590361, tr_score: 0.705000
va_loss: 0.649109, va_score: 0.650000
te_loss: 0.549873, te_score: 0.730000

time = 18
tr_loss: 0.616078, tr_score: 0.715000
va_loss: 0.617244, va_score: 0.700000
te_loss: 0.720142, te_score: 0.580000

time = 18
tr_loss: 0.503771, tr_score: 0.750000
va_loss: 0.501771, va_score: 0.790000
te_loss: 0.530068, te_score: 0.750000

time = 18
tr_loss: 0.600441, tr_score: 0.721250
va_loss: 0.637515, va_score: 0.690000
te_loss: 0.628173, te_score: 0.680000

time = 18
tr_loss: 0.604195, tr_score: 0.710000
va_loss: 0.674355, va_score: 0.640000
te_loss: 0.528118, te_score: 0.770000

time = 18
tr_loss: 0.574981, tr_score: 0.717500
va_loss: 0.596853, va_score: 0.690000
te_loss: 0.586556, te_score: 0.730000

time = 18
tr_loss: 0.558939, tr_score: 0.725000
va_loss: 0.578887, va_score: 0.700000
te_loss: 0.583840, te_score: 0.720000

time = 18
tr_loss: 0.595914, tr_score: 0.701250
va_loss: 0.594918, va_score: 0.720000
te_loss: 0.562203, te_score: 0.740000

time = 18
tr_loss: 0.600180, tr_score: 0.705000
va_loss: 0.562764, va_score: 0.760000
te_loss: 0.541059, te_score: 0.750000

time = 18
tr_loss: 0.617135, tr_score: 0.671250
va_loss: 0.562640, va_score: 0.730000
te_loss: 0.519880, te_score: 0.780000

time = 18
tr_loss: 0.564422, tr_score: 0.732500
va_loss: 0.597867, va_score: 0.690000
te_loss: 0.553431, te_score: 0.720000

time = 18
tr_loss: 0.584673, tr_score: 0.711250
va_loss: 0.571251, va_score: 0.740000
te_loss: 0.614892, te_score: 0.680000

time = 18
tr_loss: 0.581135, tr_score: 0.718750
va_loss: 0.556061, va_score: 0.720000
te_loss: 0.617895, te_score: 0.660000

time = 18
tr_loss: 0.563737, tr_score: 0.713750
va_loss: 0.556321, va_score: 0.760000
te_loss: 0.646430, te_score: 0.680000

======================================================
18  Seed:  [ 873. 4207. 9606. 9170. 6333. 9407. 8590.  438. 6112. 2282. 5826. 4132.
 5788. 3773.  899. 1544. 7119. 3120. 1138. 3253.]
tr_loss: 0.580088, tr_score: 0.714500
va_loss: 0.587596, va_score: 0.712500
te_loss: 0.571793, te_score: 0.720000
time = 19
tr_loss: 0.569026, tr_score: 0.726250
va_loss: 0.677625, va_score: 0.620000
te_loss: 0.621733, te_score: 0.690000

time = 19
tr_loss: 0.584126, tr_score: 0.711250
va_loss: 0.597543, va_score: 0.700000
te_loss: 0.660126, te_score: 0.610000

time = 19
tr_loss: 0.616068, tr_score: 0.705000
va_loss: 0.522337, va_score: 0.770000
te_loss: 0.632621, te_score: 0.650000

time = 19
tr_loss: 0.550472, tr_score: 0.722500
va_loss: 0.546236, va_score: 0.720000
te_loss: 0.594853, te_score: 0.690000

time = 19
tr_loss: 0.570494, tr_score: 0.710000
va_loss: 0.553531, va_score: 0.750000
te_loss: 0.515615, te_score: 0.780000

time = 19
tr_loss: 0.641880, tr_score: 0.701250
va_loss: 0.609676, va_score: 0.720000
te_loss: 0.703022, te_score: 0.670000

time = 19
tr_loss: 0.579716, tr_score: 0.720000
va_loss: 0.555478, va_score: 0.750000
te_loss: 0.632188, te_score: 0.660000

time = 19
tr_loss: 0.598809, tr_score: 0.715000
va_loss: 0.651495, va_score: 0.700000
te_loss: 0.627499, te_score: 0.690000

time = 19
tr_loss: 0.664506, tr_score: 0.688750
va_loss: 0.658523, va_score: 0.690000
te_loss: 0.612971, te_score: 0.730000

time = 19
tr_loss: 0.562201, tr_score: 0.706250
va_loss: 0.600433, va_score: 0.690000
te_loss: 0.615017, te_score: 0.690000

time = 19
tr_loss: 0.587910, tr_score: 0.708750
va_loss: 0.585472, va_score: 0.700000
te_loss: 0.598262, te_score: 0.710000

time = 19
tr_loss: 0.577236, tr_score: 0.701250
va_loss: 0.590809, va_score: 0.710000
te_loss: 0.585469, te_score: 0.680000

time = 19
tr_loss: 0.557469, tr_score: 0.728750
va_loss: 0.584871, va_score: 0.710000
te_loss: 0.634518, te_score: 0.680000

time = 19
tr_loss: 0.558189, tr_score: 0.706250
va_loss: 0.529709, va_score: 0.730000
te_loss: 0.594800, te_score: 0.720000

time = 19
tr_loss: 0.564602, tr_score: 0.693750
va_loss: 0.587710, va_score: 0.690000
te_loss: 0.501954, te_score: 0.760000

time = 19
tr_loss: 0.577557, tr_score: 0.716250
va_loss: 0.515444, va_score: 0.780000
te_loss: 0.553932, te_score: 0.740000

time = 19
tr_loss: 0.578124, tr_score: 0.723750
va_loss: 0.605075, va_score: 0.700000
te_loss: 0.604599, te_score: 0.710000

time = 19
tr_loss: 0.588600, tr_score: 0.701250
va_loss: 0.608938, va_score: 0.680000
te_loss: 0.563378, te_score: 0.710000

time = 19
tr_loss: 0.584806, tr_score: 0.696250
va_loss: 0.533958, va_score: 0.740000
te_loss: 0.600095, te_score: 0.700000

time = 19
tr_loss: 0.572541, tr_score: 0.696250
va_loss: 0.637271, va_score: 0.630000
te_loss: 0.551431, te_score: 0.770000

======================================================
19  Seed:  [3709. 6253. 7969. 4492. 4878.  212. 2129. 7387.  610. 9877. 6936. 8416.
 1824. 6324. 9841. 5493. 7619. 7977.  518. 1963.]
tr_loss: 0.584217, tr_score: 0.708937
va_loss: 0.587607, va_score: 0.709000
te_loss: 0.600204, te_score: 0.702000
time = 20
tr_loss: 0.604746, tr_score: 0.693750
va_loss: 0.603019, va_score: 0.710000
te_loss: 0.625349, te_score: 0.690000

time = 20
tr_loss: 0.593817, tr_score: 0.706250
va_loss: 0.537880, va_score: 0.770000
te_loss: 0.574954, te_score: 0.730000

time = 20
tr_loss: 0.569875, tr_score: 0.711250
va_loss: 0.596233, va_score: 0.690000
te_loss: 0.674454, te_score: 0.650000

time = 20
tr_loss: 0.591137, tr_score: 0.700000
va_loss: 0.631378, va_score: 0.670000
te_loss: 0.540268, te_score: 0.760000

time = 20
tr_loss: 0.566401, tr_score: 0.723750
va_loss: 0.677141, va_score: 0.660000
te_loss: 0.584964, te_score: 0.690000

time = 20
tr_loss: 0.570051, tr_score: 0.715000
va_loss: 0.542830, va_score: 0.770000
te_loss: 0.566217, te_score: 0.700000

time = 20
tr_loss: 0.555517, tr_score: 0.700000
va_loss: 0.530640, va_score: 0.760000
te_loss: 0.541987, te_score: 0.710000

time = 20
tr_loss: 0.594733, tr_score: 0.702500
va_loss: 0.639155, va_score: 0.650000
te_loss: 0.577079, te_score: 0.740000

time = 20
tr_loss: 0.573562, tr_score: 0.708750
va_loss: 0.608546, va_score: 0.690000
te_loss: 0.520182, te_score: 0.750000

time = 20
tr_loss: 0.580523, tr_score: 0.677500
va_loss: 0.531221, va_score: 0.740000
te_loss: 0.557467, te_score: 0.730000

time = 20
tr_loss: 0.588007, tr_score: 0.715000
va_loss: 0.609572, va_score: 0.700000
te_loss: 0.597363, te_score: 0.720000

time = 20
tr_loss: 0.599686, tr_score: 0.707500
va_loss: 0.598291, va_score: 0.710000
te_loss: 0.562040, te_score: 0.760000

time = 20
tr_loss: 0.585803, tr_score: 0.717500
va_loss: 0.591311, va_score: 0.700000
te_loss: 0.622994, te_score: 0.670000

time = 20
tr_loss: 0.612929, tr_score: 0.678750
va_loss: 0.622118, va_score: 0.670000
te_loss: 0.588580, te_score: 0.710000

time = 20
tr_loss: 0.537063, tr_score: 0.738750
va_loss: 0.537486, va_score: 0.730000
te_loss: 0.606167, te_score: 0.710000

time = 20
tr_loss: 0.575298, tr_score: 0.712500
va_loss: 0.662674, va_score: 0.620000
te_loss: 0.578743, te_score: 0.680000

time = 20
tr_loss: 0.594391, tr_score: 0.716250
va_loss: 0.615908, va_score: 0.700000
te_loss: 0.630511, te_score: 0.720000

time = 20
tr_loss: 0.598682, tr_score: 0.698750
va_loss: 0.575815, va_score: 0.730000
te_loss: 0.619507, te_score: 0.710000

time = 20
tr_loss: 0.576533, tr_score: 0.702500
va_loss: 0.533048, va_score: 0.740000
te_loss: 0.545881, te_score: 0.730000

time = 20
tr_loss: 0.603089, tr_score: 0.720000
va_loss: 0.611619, va_score: 0.680000
te_loss: 0.624416, te_score: 0.710000

======================================================
20  Seed:  [8890. 5137. 6638. 5364. 3035. 4210. 5798. 9783. 7946.  146. 8127. 1556.
 1338. 7812. 5900. 6230. 6141. 6234. 5455. 7649.]
tr_loss: 0.583592, tr_score: 0.707313
va_loss: 0.592794, va_score: 0.704500
te_loss: 0.586956, te_score: 0.713500


mid seed:  [ 667. 3641. 1333. 4721. 6871. 9519. 4778.  927. 8338.   13. 3683. 6570.
 1422. 3821. 5722.  599. 3527. 1784. 1921. 2070.]
mid test scores 0.7074999999999999
