time = 0
tr_loss: 0.592074, tr_score: 0.701250
va_loss: 0.609903, va_score: 0.690000
te_loss: 0.589150, te_score: 0.730000

time = 0
tr_loss: 0.550015, tr_score: 0.741250
va_loss: 0.607230, va_score: 0.720000
te_loss: 0.686600, te_score: 0.600000

time = 0
tr_loss: 0.575974, tr_score: 0.717500
va_loss: 0.627806, va_score: 0.650000
te_loss: 0.646104, te_score: 0.650000

time = 0
tr_loss: 0.589490, tr_score: 0.705000
va_loss: 0.565059, va_score: 0.720000
te_loss: 0.565816, te_score: 0.710000

time = 0
tr_loss: 0.584350, tr_score: 0.697500
va_loss: 0.633277, va_score: 0.680000
te_loss: 0.538733, te_score: 0.780000

time = 0
tr_loss: 0.562393, tr_score: 0.728750
va_loss: 0.708391, va_score: 0.610000
te_loss: 0.702382, te_score: 0.630000

time = 0
tr_loss: 0.581314, tr_score: 0.717500
va_loss: 0.545083, va_score: 0.730000
te_loss: 0.479705, te_score: 0.820000

time = 0
tr_loss: 0.598909, tr_score: 0.712500
va_loss: 0.545138, va_score: 0.770000
te_loss: 0.623082, te_score: 0.680000

time = 0
tr_loss: 0.602023, tr_score: 0.698750
va_loss: 0.560011, va_score: 0.740000
te_loss: 0.587259, te_score: 0.710000

time = 0
tr_loss: 0.555969, tr_score: 0.731250
va_loss: 0.520508, va_score: 0.730000
te_loss: 0.495009, te_score: 0.840000

time = 0
tr_loss: 0.591189, tr_score: 0.710000
va_loss: 0.535108, va_score: 0.750000
te_loss: 0.660205, te_score: 0.620000

time = 0
tr_loss: 0.558767, tr_score: 0.733750
va_loss: 0.581846, va_score: 0.690000
te_loss: 0.736621, te_score: 0.540000

time = 0
tr_loss: 0.546952, tr_score: 0.743750
va_loss: 0.560447, va_score: 0.670000
te_loss: 0.630445, te_score: 0.670000

time = 0
tr_loss: 0.567681, tr_score: 0.712500
va_loss: 0.609595, va_score: 0.680000
te_loss: 0.640143, te_score: 0.630000

time = 0
tr_loss: 0.595048, tr_score: 0.703750
va_loss: 0.627364, va_score: 0.670000
te_loss: 0.582466, te_score: 0.720000

time = 0
tr_loss: 0.623820, tr_score: 0.703750
va_loss: 0.663781, va_score: 0.670000
te_loss: 0.603410, te_score: 0.700000

time = 0
tr_loss: 0.562856, tr_score: 0.735000
va_loss: 0.651635, va_score: 0.670000
te_loss: 0.561607, te_score: 0.760000

time = 0
tr_loss: 0.587319, tr_score: 0.711250
va_loss: 0.633449, va_score: 0.650000
te_loss: 0.639019, te_score: 0.670000

time = 0
tr_loss: 0.547995, tr_score: 0.732500
va_loss: 0.571195, va_score: 0.690000
te_loss: 0.688389, te_score: 0.650000

time = 0
tr_loss: 0.582404, tr_score: 0.703750
va_loss: 0.536697, va_score: 0.780000
te_loss: 0.626038, te_score: 0.640000

======================================================
0  Seed:  [ 140. 2411. 2238. 5068. 2300. 9812. 6334. 4380. 4021. 8554. 2226. 8534.
 4715. 7921. 4457. 6212.  255.  495. 8301.  932.]
tr_loss: 0.577827, tr_score: 0.717062
va_loss: 0.594676, va_score: 0.698000
te_loss: 0.614109, te_score: 0.687500
time = 1
tr_loss: 0.598313, tr_score: 0.715000
va_loss: 0.654412, va_score: 0.650000
te_loss: 0.584326, te_score: 0.740000

time = 1
tr_loss: 0.566858, tr_score: 0.710000
va_loss: 0.606314, va_score: 0.650000
te_loss: 0.539451, te_score: 0.740000

time = 1
tr_loss: 0.572734, tr_score: 0.711250
va_loss: 0.619576, va_score: 0.680000
te_loss: 0.526982, te_score: 0.730000

time = 1
tr_loss: 0.581939, tr_score: 0.716250
va_loss: 0.555071, va_score: 0.750000
te_loss: 0.622583, te_score: 0.670000

time = 1
tr_loss: 0.567457, tr_score: 0.717500
va_loss: 0.583799, va_score: 0.680000
te_loss: 0.540236, te_score: 0.750000

time = 1
tr_loss: 0.590803, tr_score: 0.697500
va_loss: 0.550179, va_score: 0.670000
te_loss: 0.528392, te_score: 0.750000

time = 1
tr_loss: 0.510422, tr_score: 0.745000
va_loss: 0.513040, va_score: 0.740000
te_loss: 0.531933, te_score: 0.740000

time = 1
tr_loss: 0.586740, tr_score: 0.708750
va_loss: 0.558977, va_score: 0.740000
te_loss: 0.533381, te_score: 0.760000

time = 1
tr_loss: 0.629750, tr_score: 0.691250
va_loss: 0.638385, va_score: 0.680000
te_loss: 0.620071, te_score: 0.720000

time = 1
tr_loss: 0.493594, tr_score: 0.770000
va_loss: 0.510355, va_score: 0.750000
te_loss: 0.550162, te_score: 0.700000

time = 1
tr_loss: 0.570649, tr_score: 0.715000
va_loss: 0.648636, va_score: 0.650000
te_loss: 0.517540, te_score: 0.740000

time = 1
tr_loss: 0.548057, tr_score: 0.738750
va_loss: 0.603704, va_score: 0.660000
te_loss: 0.606528, te_score: 0.650000

time = 1
tr_loss: 0.620931, tr_score: 0.705000
va_loss: 0.519559, va_score: 0.820000
te_loss: 0.694817, te_score: 0.630000

time = 1
tr_loss: 0.595493, tr_score: 0.701250
va_loss: 0.602455, va_score: 0.690000
te_loss: 0.572507, te_score: 0.730000

time = 1
tr_loss: 0.576459, tr_score: 0.725000
va_loss: 0.653029, va_score: 0.660000
te_loss: 0.580303, te_score: 0.700000

time = 1
tr_loss: 0.583066, tr_score: 0.712500
va_loss: 0.599659, va_score: 0.700000
te_loss: 0.592282, te_score: 0.710000

time = 1
tr_loss: 0.610428, tr_score: 0.698750
va_loss: 0.594673, va_score: 0.720000
te_loss: 0.630816, te_score: 0.640000

time = 1
tr_loss: 0.590301, tr_score: 0.703750
va_loss: 0.607917, va_score: 0.660000
te_loss: 0.580469, te_score: 0.710000

time = 1
tr_loss: 0.619068, tr_score: 0.695000
va_loss: 0.553754, va_score: 0.760000
te_loss: 0.628748, te_score: 0.650000

time = 1
tr_loss: 0.638635, tr_score: 0.681250
va_loss: 0.574254, va_score: 0.740000
te_loss: 0.547013, te_score: 0.790000

======================================================
1  Seed:  [8640.  888. 4066.  552. 1437. 6591. 8969.  824. 8811.  938.  550. 9822.
 6241. 3057. 1352. 8361. 5326. 3377. 2314. 8889.]
tr_loss: 0.582585, tr_score: 0.712938
va_loss: 0.587388, va_score: 0.702500
te_loss: 0.576427, te_score: 0.712500
time = 2
tr_loss: 0.515972, tr_score: 0.736250
va_loss: 0.522424, va_score: 0.790000
te_loss: 0.589785, te_score: 0.690000

time = 2
tr_loss: 0.624573, tr_score: 0.685000
va_loss: 0.548260, va_score: 0.780000
te_loss: 0.628280, te_score: 0.700000

time = 2
tr_loss: 0.629199, tr_score: 0.690000
va_loss: 0.584907, va_score: 0.740000
te_loss: 0.606783, te_score: 0.700000

time = 2
tr_loss: 0.578963, tr_score: 0.707500
va_loss: 0.641238, va_score: 0.670000
te_loss: 0.582727, te_score: 0.720000

time = 2
tr_loss: 0.587624, tr_score: 0.713750
va_loss: 0.583676, va_score: 0.690000
te_loss: 0.514941, te_score: 0.770000

time = 2
tr_loss: 0.578086, tr_score: 0.708750
va_loss: 0.580117, va_score: 0.720000
te_loss: 0.638771, te_score: 0.680000

time = 2
tr_loss: 0.595748, tr_score: 0.708750
va_loss: 0.683329, va_score: 0.630000
te_loss: 0.605742, te_score: 0.700000

time = 2
tr_loss: 0.616280, tr_score: 0.686250
va_loss: 0.569918, va_score: 0.770000
te_loss: 0.589042, te_score: 0.720000

time = 2
tr_loss: 0.542127, tr_score: 0.730000
va_loss: 0.520782, va_score: 0.730000
te_loss: 0.607808, te_score: 0.670000

time = 2
tr_loss: 0.602567, tr_score: 0.693750
va_loss: 0.610384, va_score: 0.760000
te_loss: 0.586541, te_score: 0.700000

time = 2
tr_loss: 0.589982, tr_score: 0.710000
va_loss: 0.556024, va_score: 0.720000
te_loss: 0.614526, te_score: 0.660000

time = 2
tr_loss: 0.620947, tr_score: 0.627500
va_loss: 0.595171, va_score: 0.630000
te_loss: 0.552277, te_score: 0.720000

time = 2
tr_loss: 0.572050, tr_score: 0.720000
va_loss: 0.547553, va_score: 0.750000
te_loss: 0.575359, te_score: 0.730000

time = 2
tr_loss: 0.595782, tr_score: 0.691250
va_loss: 0.573246, va_score: 0.760000
te_loss: 0.579676, te_score: 0.710000

time = 2
tr_loss: 0.568112, tr_score: 0.702500
va_loss: 0.584078, va_score: 0.700000
te_loss: 0.564811, te_score: 0.700000

time = 2
tr_loss: 0.545117, tr_score: 0.721250
va_loss: 0.524687, va_score: 0.780000
te_loss: 0.504716, te_score: 0.760000

time = 2
tr_loss: 0.571730, tr_score: 0.711250
va_loss: 0.584209, va_score: 0.690000
te_loss: 0.598851, te_score: 0.660000

time = 2
tr_loss: 0.533772, tr_score: 0.717500
va_loss: 0.568611, va_score: 0.670000
te_loss: 0.478999, te_score: 0.770000

time = 2
tr_loss: 0.585901, tr_score: 0.708750
va_loss: 0.552778, va_score: 0.710000
te_loss: 0.611714, te_score: 0.650000

time = 2
tr_loss: 0.536417, tr_score: 0.740000
va_loss: 0.549439, va_score: 0.710000
te_loss: 0.561099, te_score: 0.710000

======================================================
2  Seed:  [5478. 7027. 2150. 7559. 3662. 2043. 8598. 4158. 6442. 4398. 3939. 9768.
 5143. 2231.  162. 6860. 3496. 7749. 2530. 2730.]
tr_loss: 0.579547, tr_score: 0.705500
va_loss: 0.574042, va_score: 0.720000
te_loss: 0.579623, te_score: 0.706000
time = 3
tr_loss: 0.614557, tr_score: 0.696250
va_loss: 0.647753, va_score: 0.650000
te_loss: 0.616998, te_score: 0.680000

time = 3
tr_loss: 0.545643, tr_score: 0.715000
va_loss: 0.548739, va_score: 0.720000
te_loss: 0.576931, te_score: 0.690000

time = 3
tr_loss: 0.546694, tr_score: 0.735000
va_loss: 0.598447, va_score: 0.720000
te_loss: 0.611077, te_score: 0.690000

time = 3
tr_loss: 0.551440, tr_score: 0.711250
va_loss: 0.560607, va_score: 0.740000
te_loss: 0.547337, te_score: 0.750000

time = 3
tr_loss: 0.536036, tr_score: 0.733750
va_loss: 0.499716, va_score: 0.750000
te_loss: 0.561462, te_score: 0.700000

time = 3
tr_loss: 0.586612, tr_score: 0.712500
va_loss: 0.517078, va_score: 0.800000
te_loss: 0.630315, te_score: 0.660000

time = 3
tr_loss: 0.542005, tr_score: 0.718750
va_loss: 0.647557, va_score: 0.610000
te_loss: 0.580825, te_score: 0.700000

time = 3
tr_loss: 0.594746, tr_score: 0.721250
va_loss: 0.632111, va_score: 0.680000
te_loss: 0.638403, te_score: 0.660000

time = 3
tr_loss: 0.600366, tr_score: 0.703750
va_loss: 0.633126, va_score: 0.660000
te_loss: 0.606460, te_score: 0.690000

time = 3
tr_loss: 0.584827, tr_score: 0.711250
va_loss: 0.555344, va_score: 0.730000
te_loss: 0.575159, te_score: 0.760000

time = 3
tr_loss: 0.583164, tr_score: 0.702500
va_loss: 0.623567, va_score: 0.680000
te_loss: 0.576794, te_score: 0.720000

time = 3
tr_loss: 0.535695, tr_score: 0.740000
va_loss: 0.498355, va_score: 0.790000
te_loss: 0.592470, te_score: 0.700000

time = 3
tr_loss: 0.577732, tr_score: 0.707500
va_loss: 0.555094, va_score: 0.710000
te_loss: 0.598293, te_score: 0.720000

time = 3
tr_loss: 0.575080, tr_score: 0.708750
va_loss: 0.648544, va_score: 0.660000
te_loss: 0.513119, te_score: 0.750000

time = 3
tr_loss: 0.591211, tr_score: 0.723750
va_loss: 0.637115, va_score: 0.680000
te_loss: 0.614832, te_score: 0.700000

time = 3
tr_loss: 0.604224, tr_score: 0.703750
va_loss: 0.643443, va_score: 0.680000
te_loss: 0.654569, te_score: 0.710000

time = 3
tr_loss: 0.595360, tr_score: 0.711250
va_loss: 0.624460, va_score: 0.690000
te_loss: 0.664465, te_score: 0.670000

time = 3
tr_loss: 0.601113, tr_score: 0.707500
va_loss: 0.641037, va_score: 0.650000
te_loss: 0.608420, te_score: 0.730000

time = 3
tr_loss: 0.583704, tr_score: 0.693750
va_loss: 0.594027, va_score: 0.670000
te_loss: 0.611286, te_score: 0.660000

time = 3
tr_loss: 0.593659, tr_score: 0.707500
va_loss: 0.612862, va_score: 0.670000
te_loss: 0.581598, te_score: 0.750000

======================================================
3  Seed:  [6469. 3301. 7178. 4323. 9525.  454. 7215. 4562. 5178. 3971. 9338. 3960.
 2970. 9630. 2254.  396. 4264. 8949. 7913. 1289.]
tr_loss: 0.577193, tr_score: 0.713250
va_loss: 0.595949, va_score: 0.697000
te_loss: 0.598041, te_score: 0.704500
time = 4
tr_loss: 0.582469, tr_score: 0.706250
va_loss: 0.525722, va_score: 0.770000
te_loss: 0.527737, te_score: 0.740000

time = 4
tr_loss: 0.583107, tr_score: 0.696250
va_loss: 0.571340, va_score: 0.700000
te_loss: 0.577483, te_score: 0.670000

time = 4
tr_loss: 0.598634, tr_score: 0.698750
va_loss: 0.604692, va_score: 0.720000
te_loss: 0.605132, te_score: 0.690000

time = 4
tr_loss: 0.588709, tr_score: 0.708750
va_loss: 0.570389, va_score: 0.730000
te_loss: 0.597036, te_score: 0.700000

time = 4
tr_loss: 0.549516, tr_score: 0.713750
va_loss: 0.607105, va_score: 0.670000
te_loss: 0.609110, te_score: 0.720000

time = 4
tr_loss: 0.600411, tr_score: 0.705000
va_loss: 0.583536, va_score: 0.740000
te_loss: 0.534721, te_score: 0.770000

time = 4
tr_loss: 0.611898, tr_score: 0.718750
va_loss: 0.608934, va_score: 0.690000
te_loss: 0.601755, te_score: 0.740000

time = 4
tr_loss: 0.565459, tr_score: 0.721250
va_loss: 0.638781, va_score: 0.600000
te_loss: 0.530643, te_score: 0.750000

time = 4
tr_loss: 0.559331, tr_score: 0.725000
va_loss: 0.599783, va_score: 0.650000
te_loss: 0.521744, te_score: 0.760000

time = 4
tr_loss: 0.603693, tr_score: 0.697500
va_loss: 0.586242, va_score: 0.720000
te_loss: 0.615537, te_score: 0.710000

time = 4
tr_loss: 0.556896, tr_score: 0.731250
va_loss: 0.656243, va_score: 0.690000
te_loss: 0.630408, te_score: 0.620000

time = 4
tr_loss: 0.584856, tr_score: 0.705000
va_loss: 0.549289, va_score: 0.700000
te_loss: 0.602871, te_score: 0.690000

time = 4
tr_loss: 0.580050, tr_score: 0.701250
va_loss: 0.540129, va_score: 0.780000
te_loss: 0.604796, te_score: 0.670000

time = 4
tr_loss: 0.567962, tr_score: 0.735000
va_loss: 0.527858, va_score: 0.780000
te_loss: 0.528039, te_score: 0.760000

time = 4
tr_loss: 0.567304, tr_score: 0.725000
va_loss: 0.560520, va_score: 0.720000
te_loss: 0.622124, te_score: 0.660000

time = 4
tr_loss: 0.594901, tr_score: 0.703750
va_loss: 0.557583, va_score: 0.780000
te_loss: 0.592370, te_score: 0.740000

time = 4
tr_loss: 0.607163, tr_score: 0.710000
va_loss: 0.574345, va_score: 0.730000
te_loss: 0.654355, te_score: 0.670000

time = 4
tr_loss: 0.556285, tr_score: 0.727500
va_loss: 0.603570, va_score: 0.700000
te_loss: 0.590993, te_score: 0.700000

time = 4
tr_loss: 0.571248, tr_score: 0.713750
va_loss: 0.705576, va_score: 0.630000
te_loss: 0.617501, te_score: 0.730000

time = 4
tr_loss: 0.576076, tr_score: 0.701250
va_loss: 0.566057, va_score: 0.700000
te_loss: 0.558876, te_score: 0.720000

======================================================
4  Seed:  [8744.  130. 2730. 2289. 3436.   91. 5431.  214. 1996. 7906. 4318. 5189.
 9458. 5884. 7590. 9032. 7937. 3024. 1021. 9551.]
tr_loss: 0.580298, tr_score: 0.712250
va_loss: 0.586885, va_score: 0.710000
te_loss: 0.586162, te_score: 0.710500
time = 5
tr_loss: 0.575508, tr_score: 0.721250
va_loss: 0.614621, va_score: 0.680000
te_loss: 0.593671, te_score: 0.670000

time = 5
tr_loss: 0.569376, tr_score: 0.710000
va_loss: 0.601608, va_score: 0.710000
te_loss: 0.534357, te_score: 0.780000

time = 5
tr_loss: 0.506856, tr_score: 0.742500
va_loss: 0.524898, va_score: 0.710000
te_loss: 0.518695, te_score: 0.700000

time = 5
tr_loss: 0.595402, tr_score: 0.706250
va_loss: 0.608457, va_score: 0.690000
te_loss: 0.585780, te_score: 0.710000

time = 5
tr_loss: 0.589226, tr_score: 0.708750
va_loss: 0.621682, va_score: 0.650000
te_loss: 0.529537, te_score: 0.770000

time = 5
tr_loss: 0.622519, tr_score: 0.702500
va_loss: 0.564784, va_score: 0.750000
te_loss: 0.565697, te_score: 0.760000

time = 5
tr_loss: 0.585714, tr_score: 0.696250
va_loss: 0.532989, va_score: 0.760000
te_loss: 0.598031, te_score: 0.690000

time = 5
tr_loss: 0.576447, tr_score: 0.698750
va_loss: 0.604526, va_score: 0.690000
te_loss: 0.575382, te_score: 0.720000

time = 5
tr_loss: 0.587623, tr_score: 0.711250
va_loss: 0.585204, va_score: 0.700000
te_loss: 0.557040, te_score: 0.750000

time = 5
tr_loss: 0.585475, tr_score: 0.707500
va_loss: 0.584399, va_score: 0.740000
te_loss: 0.569714, te_score: 0.750000

time = 5
tr_loss: 0.606761, tr_score: 0.711250
va_loss: 0.675396, va_score: 0.590000
te_loss: 0.586609, te_score: 0.740000

time = 5
tr_loss: 0.549173, tr_score: 0.741250
va_loss: 0.499283, va_score: 0.810000
te_loss: 0.550601, te_score: 0.740000

time = 5
tr_loss: 0.540038, tr_score: 0.718750
va_loss: 0.526362, va_score: 0.760000
te_loss: 0.536097, te_score: 0.730000

time = 5
tr_loss: 0.613254, tr_score: 0.700000
va_loss: 0.556577, va_score: 0.760000
te_loss: 0.671666, te_score: 0.640000

time = 5
tr_loss: 0.595319, tr_score: 0.715000
va_loss: 0.600970, va_score: 0.710000
te_loss: 0.635798, te_score: 0.700000

time = 5
tr_loss: 0.588230, tr_score: 0.713750
va_loss: 0.496344, va_score: 0.770000
te_loss: 0.647431, te_score: 0.660000

time = 5
tr_loss: 0.589147, tr_score: 0.707500
va_loss: 0.640141, va_score: 0.650000
te_loss: 0.600496, te_score: 0.680000

time = 5
tr_loss: 0.608971, tr_score: 0.692500
va_loss: 0.509545, va_score: 0.780000
te_loss: 0.626715, te_score: 0.680000

time = 5
tr_loss: 0.622695, tr_score: 0.703750
va_loss: 0.498776, va_score: 0.810000
te_loss: 0.749756, te_score: 0.580000

time = 5
tr_loss: 0.547809, tr_score: 0.751250
va_loss: 0.647017, va_score: 0.660000
te_loss: 0.603351, te_score: 0.680000

======================================================
5  Seed:  [1237. 6412. 2121. 6405. 4525. 1302. 1340. 7513. 9914. 1173. 2339. 2687.
 5417. 1769. 4522. 4161. 3470. 2003. 6862. 6659.]
tr_loss: 0.582777, tr_score: 0.713000
va_loss: 0.574679, va_score: 0.719000
te_loss: 0.591821, te_score: 0.706500
time = 6
tr_loss: 0.593454, tr_score: 0.698750
va_loss: 0.539010, va_score: 0.750000
te_loss: 0.577437, te_score: 0.710000

time = 6
tr_loss: 0.594555, tr_score: 0.711250
va_loss: 0.706460, va_score: 0.670000
te_loss: 0.608964, te_score: 0.720000

time = 6
tr_loss: 0.564264, tr_score: 0.708750
va_loss: 0.594847, va_score: 0.670000
te_loss: 0.619975, te_score: 0.660000

time = 6
tr_loss: 0.589874, tr_score: 0.707500
va_loss: 0.597319, va_score: 0.700000
te_loss: 0.633485, te_score: 0.650000

time = 6
tr_loss: 0.570341, tr_score: 0.712500
va_loss: 0.582404, va_score: 0.680000
te_loss: 0.509874, te_score: 0.780000

time = 6
tr_loss: 0.543750, tr_score: 0.740000
va_loss: 0.609831, va_score: 0.690000
te_loss: 0.629251, te_score: 0.690000

time = 6
tr_loss: 0.557782, tr_score: 0.737500
va_loss: 0.623504, va_score: 0.670000
te_loss: 0.543563, te_score: 0.710000

time = 6
tr_loss: 0.594885, tr_score: 0.706250
va_loss: 0.638388, va_score: 0.670000
te_loss: 0.573131, te_score: 0.700000

time = 6
tr_loss: 0.581719, tr_score: 0.706250
va_loss: 0.501945, va_score: 0.790000
te_loss: 0.607309, te_score: 0.670000

time = 6
tr_loss: 0.599687, tr_score: 0.713750
va_loss: 0.593066, va_score: 0.710000
te_loss: 0.641649, te_score: 0.660000

time = 6
tr_loss: 0.558352, tr_score: 0.717500
va_loss: 0.607187, va_score: 0.680000
te_loss: 0.634950, te_score: 0.610000

time = 6
tr_loss: 0.556672, tr_score: 0.711250
va_loss: 0.577284, va_score: 0.690000
te_loss: 0.569844, te_score: 0.700000

time = 6
tr_loss: 0.609221, tr_score: 0.703750
va_loss: 0.540202, va_score: 0.760000
te_loss: 0.626772, te_score: 0.690000

time = 6
tr_loss: 0.615286, tr_score: 0.691250
va_loss: 0.576611, va_score: 0.730000
te_loss: 0.596264, te_score: 0.750000

time = 6
tr_loss: 0.572564, tr_score: 0.716250
va_loss: 0.571887, va_score: 0.730000
te_loss: 0.605517, te_score: 0.690000

time = 6
tr_loss: 0.621441, tr_score: 0.701250
va_loss: 0.645960, va_score: 0.680000
te_loss: 0.654146, te_score: 0.680000

time = 6
tr_loss: 0.572104, tr_score: 0.717500
va_loss: 0.535149, va_score: 0.710000
te_loss: 0.599447, te_score: 0.690000

time = 6
tr_loss: 0.587539, tr_score: 0.692500
va_loss: 0.527961, va_score: 0.730000
te_loss: 0.586081, te_score: 0.700000

time = 6
tr_loss: 0.595356, tr_score: 0.718750
va_loss: 0.623232, va_score: 0.680000
te_loss: 0.608107, te_score: 0.710000

time = 6
tr_loss: 0.622185, tr_score: 0.718750
va_loss: 0.653999, va_score: 0.670000
te_loss: 0.613792, te_score: 0.720000

======================================================
6  Seed:  [7694. 6294. 7622. 3529.   96. 7204. 5217. 3436.  887. 8110. 7803. 3805.
 1114. 2222. 9584. 2008. 1959. 4210.  576. 6097.]
tr_loss: 0.585052, tr_score: 0.711563
va_loss: 0.592312, va_score: 0.703000
te_loss: 0.601978, te_score: 0.694500
time = 7
tr_loss: 0.553833, tr_score: 0.723750
va_loss: 0.588426, va_score: 0.690000
te_loss: 0.533406, te_score: 0.750000

time = 7
tr_loss: 0.595655, tr_score: 0.698750
va_loss: 0.522749, va_score: 0.780000
te_loss: 0.594391, te_score: 0.710000

time = 7
tr_loss: 0.648984, tr_score: 0.688750
va_loss: 0.610221, va_score: 0.740000
te_loss: 0.586488, te_score: 0.750000

time = 7
tr_loss: 0.595479, tr_score: 0.705000
va_loss: 0.575316, va_score: 0.760000
te_loss: 0.590571, te_score: 0.740000

time = 7
tr_loss: 0.592945, tr_score: 0.692500
va_loss: 0.571485, va_score: 0.730000
te_loss: 0.577054, te_score: 0.730000

time = 7
tr_loss: 0.618112, tr_score: 0.702500
va_loss: 0.748021, va_score: 0.600000
te_loss: 0.593235, te_score: 0.740000

time = 7
tr_loss: 0.607950, tr_score: 0.700000
va_loss: 0.642384, va_score: 0.650000
te_loss: 0.562425, te_score: 0.750000

time = 7
tr_loss: 0.609578, tr_score: 0.706250
va_loss: 0.621653, va_score: 0.680000
te_loss: 0.646790, te_score: 0.660000

time = 7
tr_loss: 0.572418, tr_score: 0.716250
va_loss: 0.619840, va_score: 0.700000
te_loss: 0.556299, te_score: 0.710000

time = 7
tr_loss: 0.522053, tr_score: 0.745000
va_loss: 0.545064, va_score: 0.700000
te_loss: 0.535338, te_score: 0.740000

time = 7
tr_loss: 0.587942, tr_score: 0.708750
va_loss: 0.593845, va_score: 0.690000
te_loss: 0.589939, te_score: 0.650000

time = 7
tr_loss: 0.566739, tr_score: 0.717500
va_loss: 0.632248, va_score: 0.620000
te_loss: 0.482606, te_score: 0.770000

time = 7
tr_loss: 0.599426, tr_score: 0.688750
va_loss: 0.673288, va_score: 0.630000
te_loss: 0.620935, te_score: 0.690000

time = 7
tr_loss: 0.599367, tr_score: 0.705000
va_loss: 0.546287, va_score: 0.760000
te_loss: 0.599779, te_score: 0.710000

time = 7
tr_loss: 0.581313, tr_score: 0.712500
va_loss: 0.658363, va_score: 0.670000
te_loss: 0.622601, te_score: 0.660000

time = 7
tr_loss: 0.502850, tr_score: 0.766250
va_loss: 0.543278, va_score: 0.740000
te_loss: 0.503029, te_score: 0.800000

time = 7
tr_loss: 0.516108, tr_score: 0.745000
va_loss: 0.488492, va_score: 0.780000
te_loss: 0.575854, te_score: 0.690000

time = 7
tr_loss: 0.585516, tr_score: 0.715000
va_loss: 0.558541, va_score: 0.750000
te_loss: 0.682121, te_score: 0.630000

time = 7
tr_loss: 0.564901, tr_score: 0.695000
va_loss: 0.568708, va_score: 0.710000
te_loss: 0.540061, te_score: 0.730000

time = 7
tr_loss: 0.594915, tr_score: 0.700000
va_loss: 0.577986, va_score: 0.730000
te_loss: 0.593029, te_score: 0.740000

======================================================
7  Seed:  [ 667. 3641. 1333. 4721. 6871. 9519. 4778.  927. 8338.   13. 3683. 6570.
 1422. 3821. 5722.  599. 3527. 1784. 1921. 2070.]
tr_loss: 0.580804, tr_score: 0.711625
va_loss: 0.594310, va_score: 0.705500
te_loss: 0.579298, te_score: 0.717500
time = 8
tr_loss: 0.607571, tr_score: 0.703750
va_loss: 0.606378, va_score: 0.690000
te_loss: 0.538207, te_score: 0.810000

time = 8
tr_loss: 0.533169, tr_score: 0.728750
va_loss: 0.726228, va_score: 0.640000
te_loss: 0.493588, te_score: 0.770000

time = 8
tr_loss: 0.604879, tr_score: 0.708750
va_loss: 0.626097, va_score: 0.700000
te_loss: 0.564422, te_score: 0.740000

time = 8
tr_loss: 0.565918, tr_score: 0.712500
va_loss: 0.617240, va_score: 0.700000
te_loss: 0.562044, te_score: 0.740000

time = 8
tr_loss: 0.570369, tr_score: 0.715000
va_loss: 0.555263, va_score: 0.730000
te_loss: 0.560533, te_score: 0.700000

time = 8
tr_loss: 0.539597, tr_score: 0.735000
va_loss: 0.536692, va_score: 0.730000
te_loss: 0.544273, te_score: 0.710000

time = 8
tr_loss: 0.541248, tr_score: 0.711250
va_loss: 0.527956, va_score: 0.710000
te_loss: 0.587969, te_score: 0.660000

time = 8
tr_loss: 0.622099, tr_score: 0.690000
va_loss: 0.559949, va_score: 0.770000
te_loss: 0.602277, te_score: 0.710000

time = 8
tr_loss: 0.577844, tr_score: 0.708750
va_loss: 0.587635, va_score: 0.690000
te_loss: 0.541065, te_score: 0.760000

time = 8
tr_loss: 0.575483, tr_score: 0.711250
va_loss: 0.662233, va_score: 0.640000
te_loss: 0.585475, te_score: 0.700000

time = 8
tr_loss: 0.572794, tr_score: 0.713750
va_loss: 0.505227, va_score: 0.770000
te_loss: 0.514975, te_score: 0.760000

time = 8
tr_loss: 0.643498, tr_score: 0.703750
va_loss: 0.577476, va_score: 0.740000
te_loss: 0.692410, te_score: 0.660000

time = 8
tr_loss: 0.586566, tr_score: 0.708750
va_loss: 0.598769, va_score: 0.680000
te_loss: 0.602780, te_score: 0.680000

time = 8
tr_loss: 0.609402, tr_score: 0.693750
va_loss: 0.516339, va_score: 0.800000
te_loss: 0.598197, te_score: 0.710000

time = 8
tr_loss: 0.589738, tr_score: 0.705000
va_loss: 0.587844, va_score: 0.740000
te_loss: 0.620093, te_score: 0.660000

time = 8
tr_loss: 0.566353, tr_score: 0.721250
va_loss: 0.537398, va_score: 0.760000
te_loss: 0.682162, te_score: 0.600000

time = 8
tr_loss: 0.598440, tr_score: 0.700000
va_loss: 0.625238, va_score: 0.680000
te_loss: 0.621203, te_score: 0.670000

time = 8
tr_loss: 0.574539, tr_score: 0.737500
va_loss: 0.578956, va_score: 0.710000
te_loss: 0.605423, te_score: 0.690000

time = 8
tr_loss: 0.572894, tr_score: 0.722500
va_loss: 0.584672, va_score: 0.750000
te_loss: 0.562419, te_score: 0.740000

time = 8
tr_loss: 0.556997, tr_score: 0.706250
va_loss: 0.573593, va_score: 0.710000
te_loss: 0.689033, te_score: 0.640000

======================================================
8  Seed:  [4860. 8426. 6918. 8393. 2977. 1581. 7001.  814. 5947. 4477. 3311. 7270.
 5082. 4712. 7103. 6080. 5821. 8708. 4579. 2324.]
tr_loss: 0.580470, tr_score: 0.711875
va_loss: 0.584559, va_score: 0.717000
te_loss: 0.588427, te_score: 0.705500
time = 9
tr_loss: 0.575019, tr_score: 0.720000
va_loss: 0.542762, va_score: 0.760000
te_loss: 0.582797, te_score: 0.680000

time = 9
tr_loss: 0.577662, tr_score: 0.712500
va_loss: 0.682568, va_score: 0.620000
te_loss: 0.609627, te_score: 0.720000

time = 9
tr_loss: 0.564061, tr_score: 0.712500
va_loss: 0.606031, va_score: 0.680000
te_loss: 0.622087, te_score: 0.690000

time = 9
tr_loss: 0.560013, tr_score: 0.720000
va_loss: 0.548417, va_score: 0.750000
te_loss: 0.592880, te_score: 0.700000

time = 9
tr_loss: 0.574999, tr_score: 0.697500
va_loss: 0.550401, va_score: 0.720000
te_loss: 0.671165, te_score: 0.640000

time = 9
tr_loss: 0.539591, tr_score: 0.718750
va_loss: 0.531785, va_score: 0.720000
te_loss: 0.596838, te_score: 0.630000

time = 9
tr_loss: 0.617859, tr_score: 0.665000
va_loss: 0.538092, va_score: 0.700000
te_loss: 0.588037, te_score: 0.680000

time = 9
tr_loss: 0.571218, tr_score: 0.701250
va_loss: 0.567021, va_score: 0.710000
te_loss: 0.612171, te_score: 0.680000

time = 9
tr_loss: 0.568668, tr_score: 0.733750
va_loss: 0.535550, va_score: 0.740000
te_loss: 0.537501, te_score: 0.740000

time = 9
tr_loss: 0.571090, tr_score: 0.706250
va_loss: 0.613439, va_score: 0.660000
te_loss: 0.595369, te_score: 0.710000

time = 9
tr_loss: 0.612278, tr_score: 0.697500
va_loss: 0.591415, va_score: 0.720000
te_loss: 0.609925, te_score: 0.700000

time = 9
tr_loss: 0.590744, tr_score: 0.710000
va_loss: 0.521399, va_score: 0.760000
te_loss: 0.556110, te_score: 0.760000

time = 9
tr_loss: 0.592610, tr_score: 0.702500
va_loss: 0.651719, va_score: 0.660000
te_loss: 0.582878, te_score: 0.740000

time = 9
tr_loss: 0.575697, tr_score: 0.706250
va_loss: 0.543911, va_score: 0.720000
te_loss: 0.572611, te_score: 0.740000

time = 9
tr_loss: 0.573760, tr_score: 0.717500
va_loss: 0.685653, va_score: 0.590000
te_loss: 0.592825, te_score: 0.670000

time = 9
tr_loss: 0.612482, tr_score: 0.695000
va_loss: 0.538988, va_score: 0.730000
te_loss: 0.583933, te_score: 0.720000

time = 9
tr_loss: 0.598115, tr_score: 0.718750
va_loss: 0.588764, va_score: 0.720000
te_loss: 0.638689, te_score: 0.620000

time = 9
tr_loss: 0.583166, tr_score: 0.718750
va_loss: 0.584375, va_score: 0.710000
te_loss: 0.646989, te_score: 0.640000

time = 9
tr_loss: 0.583203, tr_score: 0.702500
va_loss: 0.558973, va_score: 0.700000
te_loss: 0.615382, te_score: 0.670000

time = 9
tr_loss: 0.594862, tr_score: 0.702500
va_loss: 0.554146, va_score: 0.730000
te_loss: 0.618078, te_score: 0.680000

======================================================
9  Seed:  [9948.  542.  232.  666. 5686. 1955. 6679. 1732. 8003. 9621. 2645. 4622.
 2831. 7236. 6932. 8781. 1798. 9886. 2715. 5559.]
tr_loss: 0.581855, tr_score: 0.707938
va_loss: 0.576770, va_score: 0.705000
te_loss: 0.601295, te_score: 0.690500
time = 10
tr_loss: 0.579877, tr_score: 0.711250
va_loss: 0.561479, va_score: 0.750000
te_loss: 0.546477, te_score: 0.770000

time = 10
tr_loss: 0.565339, tr_score: 0.703750
va_loss: 0.566571, va_score: 0.680000
te_loss: 0.554138, te_score: 0.720000

time = 10
tr_loss: 0.571597, tr_score: 0.717500
va_loss: 0.585096, va_score: 0.700000
te_loss: 0.676592, te_score: 0.640000

time = 10
tr_loss: 0.612698, tr_score: 0.683750
va_loss: 0.557767, va_score: 0.760000
te_loss: 0.576520, te_score: 0.710000

time = 10
tr_loss: 0.598223, tr_score: 0.707500
va_loss: 0.567241, va_score: 0.740000
te_loss: 0.550885, te_score: 0.760000

time = 10
tr_loss: 0.570442, tr_score: 0.716250
va_loss: 0.561092, va_score: 0.710000
te_loss: 0.580858, te_score: 0.710000

time = 10
tr_loss: 0.596363, tr_score: 0.686250
va_loss: 0.529424, va_score: 0.810000
te_loss: 0.525463, te_score: 0.780000

time = 10
tr_loss: 0.583392, tr_score: 0.705000
va_loss: 0.482770, va_score: 0.840000
te_loss: 0.567693, te_score: 0.730000

time = 10
tr_loss: 0.573328, tr_score: 0.717500
va_loss: 0.558630, va_score: 0.740000
te_loss: 0.610208, te_score: 0.650000

time = 10
tr_loss: 0.594091, tr_score: 0.695000
va_loss: 0.596272, va_score: 0.730000
te_loss: 0.583652, te_score: 0.710000

time = 10
tr_loss: 0.540263, tr_score: 0.717500
va_loss: 0.576054, va_score: 0.690000
te_loss: 0.499205, te_score: 0.780000

time = 10
tr_loss: 0.582483, tr_score: 0.708750
va_loss: 0.695947, va_score: 0.610000
te_loss: 0.635503, te_score: 0.690000

time = 10
tr_loss: 0.589006, tr_score: 0.705000
va_loss: 0.577404, va_score: 0.740000
te_loss: 0.570439, te_score: 0.730000

time = 10
tr_loss: 0.521978, tr_score: 0.733750
va_loss: 0.543642, va_score: 0.720000
te_loss: 0.540470, te_score: 0.760000

time = 10
tr_loss: 0.537281, tr_score: 0.727500
va_loss: 0.590198, va_score: 0.650000
te_loss: 0.585347, te_score: 0.680000

time = 10
tr_loss: 0.589957, tr_score: 0.692500
va_loss: 0.578386, va_score: 0.770000
te_loss: 0.561783, te_score: 0.740000

time = 10
tr_loss: 0.584400, tr_score: 0.698750
va_loss: 0.520617, va_score: 0.770000
te_loss: 0.636799, te_score: 0.690000

time = 10
tr_loss: 0.582568, tr_score: 0.716250
va_loss: 0.598834, va_score: 0.710000
te_loss: 0.567309, te_score: 0.750000

time = 10
tr_loss: 0.560900, tr_score: 0.726250
va_loss: 0.547805, va_score: 0.720000
te_loss: 0.599308, te_score: 0.660000

time = 10
tr_loss: 0.566207, tr_score: 0.717500
va_loss: 0.694492, va_score: 0.590000
te_loss: 0.565085, te_score: 0.750000

======================================================
10  Seed:  [9217. 8758. 9318. 9902. 9257. 5433. 4194. 5342. 6064. 1182. 7632. 9724.
 4507. 4141. 7028. 4431.  710. 9505. 6403. 3797.]
tr_loss: 0.575020, tr_score: 0.709375
va_loss: 0.574486, va_score: 0.721500
te_loss: 0.576687, te_score: 0.720500
time = 11
tr_loss: 0.623721, tr_score: 0.691250
va_loss: 0.511120, va_score: 0.820000
te_loss: 0.696905, te_score: 0.650000

time = 11
tr_loss: 0.550291, tr_score: 0.742500
va_loss: 0.580269, va_score: 0.750000
te_loss: 0.623105, te_score: 0.710000

time = 11
tr_loss: 0.594958, tr_score: 0.712500
va_loss: 0.605664, va_score: 0.720000
te_loss: 0.596473, te_score: 0.720000

time = 11
tr_loss: 0.586852, tr_score: 0.715000
va_loss: 0.601686, va_score: 0.710000
te_loss: 0.536880, te_score: 0.760000

time = 11
tr_loss: 0.585238, tr_score: 0.717500
va_loss: 0.625476, va_score: 0.680000
te_loss: 0.586545, te_score: 0.670000

time = 11
tr_loss: 0.581073, tr_score: 0.708750
va_loss: 0.587342, va_score: 0.710000
te_loss: 0.550054, te_score: 0.750000

time = 11
tr_loss: 0.549366, tr_score: 0.728750
va_loss: 0.630701, va_score: 0.640000
te_loss: 0.603647, te_score: 0.660000

time = 11
tr_loss: 0.588742, tr_score: 0.702500
va_loss: 0.485383, va_score: 0.820000
te_loss: 0.641690, te_score: 0.670000

time = 11
tr_loss: 0.569710, tr_score: 0.713750
va_loss: 0.639300, va_score: 0.670000
te_loss: 0.588916, te_score: 0.710000

time = 11
tr_loss: 0.594250, tr_score: 0.720000
va_loss: 0.637119, va_score: 0.630000
te_loss: 0.620518, te_score: 0.690000

time = 11
tr_loss: 0.574713, tr_score: 0.710000
va_loss: 0.591910, va_score: 0.670000
te_loss: 0.531963, te_score: 0.770000

time = 11
tr_loss: 0.604027, tr_score: 0.717500
va_loss: 0.646921, va_score: 0.650000
te_loss: 0.736078, te_score: 0.570000

time = 11
tr_loss: 0.605509, tr_score: 0.702500
va_loss: 0.622538, va_score: 0.680000
te_loss: 0.671764, te_score: 0.630000

time = 11
tr_loss: 0.565746, tr_score: 0.713750
va_loss: 0.535532, va_score: 0.720000
te_loss: 0.686508, te_score: 0.620000

time = 11
tr_loss: 0.593782, tr_score: 0.710000
va_loss: 0.549079, va_score: 0.750000
te_loss: 0.624842, te_score: 0.690000

time = 11
tr_loss: 0.533472, tr_score: 0.726250
va_loss: 0.644356, va_score: 0.600000
te_loss: 0.536409, te_score: 0.720000

time = 11
tr_loss: 0.625581, tr_score: 0.698750
va_loss: 0.571080, va_score: 0.750000
te_loss: 0.617702, te_score: 0.680000

time = 11
tr_loss: 0.603322, tr_score: 0.708750
va_loss: 0.561200, va_score: 0.720000
te_loss: 0.629048, te_score: 0.650000

time = 11
tr_loss: 0.607892, tr_score: 0.705000
va_loss: 0.577378, va_score: 0.730000
te_loss: 0.688126, te_score: 0.630000

time = 11
tr_loss: 0.571978, tr_score: 0.716250
va_loss: 0.504886, va_score: 0.750000
te_loss: 0.620940, te_score: 0.640000

======================================================
11  Seed:  [ 276. 7096. 7576. 7225. 8005. 7496. 1258. 6191. 8489. 5152. 4572. 4247.
 5941. 8136.  978. 3169. 6643. 4121. 8439. 9382.]
tr_loss: 0.585511, tr_score: 0.713063
va_loss: 0.585447, va_score: 0.708500
te_loss: 0.619406, te_score: 0.679500
time = 12
tr_loss: 0.549461, tr_score: 0.712500
va_loss: 0.566588, va_score: 0.680000
te_loss: 0.513568, te_score: 0.730000

time = 12
tr_loss: 0.599640, tr_score: 0.708750
va_loss: 0.646144, va_score: 0.660000
te_loss: 0.549468, te_score: 0.760000

time = 12
tr_loss: 0.563344, tr_score: 0.727500
va_loss: 0.609262, va_score: 0.680000
te_loss: 0.630027, te_score: 0.650000

time = 12
tr_loss: 0.517654, tr_score: 0.752500
va_loss: 0.571105, va_score: 0.690000
te_loss: 0.649485, te_score: 0.670000

time = 12
tr_loss: 0.561608, tr_score: 0.731250
va_loss: 0.563597, va_score: 0.740000
te_loss: 0.638476, te_score: 0.620000

time = 12
tr_loss: 0.574624, tr_score: 0.702500
va_loss: 0.595279, va_score: 0.680000
te_loss: 0.647680, te_score: 0.690000

time = 12
tr_loss: 0.582832, tr_score: 0.715000
va_loss: 0.662611, va_score: 0.680000
te_loss: 0.698579, te_score: 0.650000

time = 12
tr_loss: 0.553793, tr_score: 0.720000
va_loss: 0.558382, va_score: 0.670000
te_loss: 0.638375, te_score: 0.640000

time = 12
tr_loss: 0.580122, tr_score: 0.700000
va_loss: 0.586637, va_score: 0.670000
te_loss: 0.626452, te_score: 0.690000

time = 12
tr_loss: 0.628343, tr_score: 0.710000
va_loss: 0.627970, va_score: 0.700000
te_loss: 0.708083, te_score: 0.660000

time = 12
tr_loss: 0.581010, tr_score: 0.707500
va_loss: 0.603268, va_score: 0.720000
te_loss: 0.648641, te_score: 0.640000

time = 12
tr_loss: 0.611094, tr_score: 0.696250
va_loss: 0.561785, va_score: 0.750000
te_loss: 0.627163, te_score: 0.680000

time = 12
tr_loss: 0.582523, tr_score: 0.706250
va_loss: 0.608850, va_score: 0.700000
te_loss: 0.639305, te_score: 0.660000

time = 12
tr_loss: 0.600493, tr_score: 0.696250
va_loss: 0.579288, va_score: 0.700000
te_loss: 0.589898, te_score: 0.720000

time = 12
tr_loss: 0.594105, tr_score: 0.701250
va_loss: 0.565620, va_score: 0.710000
te_loss: 0.648065, te_score: 0.630000

time = 12
tr_loss: 0.594419, tr_score: 0.721250
va_loss: 0.647967, va_score: 0.640000
te_loss: 0.608870, te_score: 0.710000

time = 12
tr_loss: 0.584259, tr_score: 0.703750
va_loss: 0.652012, va_score: 0.650000
te_loss: 0.550286, te_score: 0.770000

time = 12
tr_loss: 0.550911, tr_score: 0.700000
va_loss: 0.543164, va_score: 0.710000
te_loss: 0.509657, te_score: 0.780000

time = 12
tr_loss: 0.593253, tr_score: 0.711250
va_loss: 0.580944, va_score: 0.720000
te_loss: 0.603253, te_score: 0.700000

time = 12
tr_loss: 0.578431, tr_score: 0.726250
va_loss: 0.635440, va_score: 0.660000
te_loss: 0.595468, te_score: 0.690000

======================================================
12  Seed:  [5995. 5359. 4959. 8841. 2084. 6283. 5803. 5547. 5856. 6466. 1029. 9406.
 1119. 6504. 6270.   89. 4601. 8528. 5236. 3309.]
tr_loss: 0.579096, tr_score: 0.712500
va_loss: 0.598296, va_score: 0.690500
te_loss: 0.616040, te_score: 0.687000
time = 13
tr_loss: 0.586123, tr_score: 0.712500
va_loss: 0.600242, va_score: 0.700000
te_loss: 0.576159, te_score: 0.720000

time = 13
tr_loss: 0.583747, tr_score: 0.705000
va_loss: 0.533801, va_score: 0.780000
te_loss: 0.601515, te_score: 0.700000

time = 13
tr_loss: 0.565756, tr_score: 0.722500
va_loss: 0.572754, va_score: 0.720000
te_loss: 0.710309, te_score: 0.580000

time = 13
tr_loss: 0.500063, tr_score: 0.763750
va_loss: 0.570059, va_score: 0.680000
te_loss: 0.487722, te_score: 0.800000

time = 13
tr_loss: 0.550773, tr_score: 0.722500
va_loss: 0.577038, va_score: 0.700000
te_loss: 0.536188, te_score: 0.750000

time = 13
tr_loss: 0.561867, tr_score: 0.710000
va_loss: 0.670007, va_score: 0.620000
te_loss: 0.584333, te_score: 0.690000

time = 13
tr_loss: 0.566887, tr_score: 0.721250
va_loss: 0.586681, va_score: 0.700000
te_loss: 0.554723, te_score: 0.740000

time = 13
tr_loss: 0.561307, tr_score: 0.718750
va_loss: 0.578418, va_score: 0.720000
te_loss: 0.566126, te_score: 0.700000

time = 13
tr_loss: 0.602979, tr_score: 0.687500
va_loss: 0.595874, va_score: 0.720000
te_loss: 0.533364, te_score: 0.760000

time = 13
tr_loss: 0.564697, tr_score: 0.727500
va_loss: 0.628768, va_score: 0.640000
te_loss: 0.528527, te_score: 0.780000

time = 13
tr_loss: 0.580257, tr_score: 0.728750
va_loss: 0.598981, va_score: 0.720000
te_loss: 0.703343, te_score: 0.590000

time = 13
tr_loss: 0.518949, tr_score: 0.735000
va_loss: 0.559335, va_score: 0.730000
te_loss: 0.526168, te_score: 0.750000

time = 13
tr_loss: 0.523066, tr_score: 0.743750
va_loss: 0.556678, va_score: 0.700000
te_loss: 0.495237, te_score: 0.720000

time = 13
tr_loss: 0.637298, tr_score: 0.692500
va_loss: 0.591021, va_score: 0.750000
te_loss: 0.632971, te_score: 0.710000

time = 13
tr_loss: 0.584393, tr_score: 0.698750
va_loss: 0.525165, va_score: 0.770000
te_loss: 0.518549, te_score: 0.760000

time = 13
tr_loss: 0.543570, tr_score: 0.713750
va_loss: 0.560281, va_score: 0.730000
te_loss: 0.600892, te_score: 0.680000

time = 13
tr_loss: 0.569926, tr_score: 0.723750
va_loss: 0.543706, va_score: 0.790000
te_loss: 0.626280, te_score: 0.640000

time = 13
tr_loss: 0.583539, tr_score: 0.703750
va_loss: 0.493089, va_score: 0.790000
te_loss: 0.556515, te_score: 0.740000

time = 13
tr_loss: 0.612840, tr_score: 0.685000
va_loss: 0.565939, va_score: 0.730000
te_loss: 0.660939, te_score: 0.640000

time = 13
tr_loss: 0.585127, tr_score: 0.695000
va_loss: 0.600910, va_score: 0.720000
te_loss: 0.576698, te_score: 0.780000

======================================================
13  Seed:  [3706. 3756. 2533. 6590. 1761. 5957. 4965. 8699. 1302.  214. 1426. 3422.
 9979.   35. 8073. 6183. 7853. 8174. 4923.  725.]
tr_loss: 0.569158, tr_score: 0.715563
va_loss: 0.575437, va_score: 0.720500
te_loss: 0.578828, te_score: 0.711500
time = 14
tr_loss: 0.566384, tr_score: 0.716250
va_loss: 0.629068, va_score: 0.660000
te_loss: 0.583295, te_score: 0.710000

time = 14
tr_loss: 0.599064, tr_score: 0.712500
va_loss: 0.617151, va_score: 0.690000
te_loss: 0.566517, te_score: 0.700000

time = 14
tr_loss: 0.579975, tr_score: 0.695000
va_loss: 0.539279, va_score: 0.760000
te_loss: 0.571011, te_score: 0.720000

time = 14
tr_loss: 0.502843, tr_score: 0.758750
va_loss: 0.521229, va_score: 0.730000
te_loss: 0.496395, te_score: 0.800000

time = 14
tr_loss: 0.570795, tr_score: 0.728750
va_loss: 0.620896, va_score: 0.670000
te_loss: 0.566835, te_score: 0.720000

time = 14
tr_loss: 0.577332, tr_score: 0.712500
va_loss: 0.541482, va_score: 0.770000
te_loss: 0.671907, te_score: 0.640000

time = 14
tr_loss: 0.586397, tr_score: 0.706250
va_loss: 0.517200, va_score: 0.800000
te_loss: 0.634096, te_score: 0.670000

time = 14
tr_loss: 0.548610, tr_score: 0.730000
va_loss: 0.608219, va_score: 0.660000
te_loss: 0.570590, te_score: 0.740000

time = 14
tr_loss: 0.613262, tr_score: 0.696250
va_loss: 0.583607, va_score: 0.720000
te_loss: 0.585800, te_score: 0.720000

time = 14
tr_loss: 0.638722, tr_score: 0.697500
va_loss: 0.588683, va_score: 0.790000
te_loss: 0.716076, te_score: 0.640000

time = 14
tr_loss: 0.600680, tr_score: 0.688750
va_loss: 0.545400, va_score: 0.760000
te_loss: 0.571585, te_score: 0.730000

time = 14
tr_loss: 0.587157, tr_score: 0.708750
va_loss: 0.566217, va_score: 0.720000
te_loss: 0.566600, te_score: 0.730000

time = 14
tr_loss: 0.544766, tr_score: 0.722500
va_loss: 0.502700, va_score: 0.790000
te_loss: 0.555749, te_score: 0.710000

time = 14
tr_loss: 0.579065, tr_score: 0.710000
va_loss: 0.534986, va_score: 0.750000
te_loss: 0.575272, te_score: 0.740000

time = 14
tr_loss: 0.584762, tr_score: 0.721250
va_loss: 0.650526, va_score: 0.660000
te_loss: 0.599508, te_score: 0.720000

time = 14
tr_loss: 0.587005, tr_score: 0.697500
va_loss: 0.548741, va_score: 0.750000
te_loss: 0.575899, te_score: 0.730000

time = 14
tr_loss: 0.588688, tr_score: 0.705000
va_loss: 0.551987, va_score: 0.750000
te_loss: 0.647708, te_score: 0.620000

time = 14
tr_loss: 0.591445, tr_score: 0.708750
va_loss: 0.632136, va_score: 0.690000
te_loss: 0.601778, te_score: 0.730000

time = 14
tr_loss: 0.504394, tr_score: 0.770000
va_loss: 0.564975, va_score: 0.750000
te_loss: 0.526526, te_score: 0.710000

time = 14
tr_loss: 0.610802, tr_score: 0.697500
va_loss: 0.638488, va_score: 0.680000
te_loss: 0.571895, te_score: 0.750000

======================================================
14  Seed:  [6736. 9332. 4026. 8791. 2185. 8095. 4925. 3877. 8332. 6847. 5871. 5004.
 2796. 4961. 1467. 7787. 3868. 5255. 9307. 9073.]
tr_loss: 0.578107, tr_score: 0.714187
va_loss: 0.575148, va_score: 0.727500
te_loss: 0.587752, te_score: 0.711500
time = 15
tr_loss: 0.582734, tr_score: 0.718750
va_loss: 0.586673, va_score: 0.720000
te_loss: 0.607222, te_score: 0.690000

time = 15
tr_loss: 0.574828, tr_score: 0.702500
va_loss: 0.566653, va_score: 0.730000
te_loss: 0.481717, te_score: 0.770000

time = 15
tr_loss: 0.591362, tr_score: 0.703750
va_loss: 0.607181, va_score: 0.710000
te_loss: 0.628535, te_score: 0.670000

time = 15
tr_loss: 0.546465, tr_score: 0.721250
va_loss: 0.480226, va_score: 0.770000
te_loss: 0.605707, te_score: 0.660000

time = 15
tr_loss: 0.550712, tr_score: 0.712500
va_loss: 0.532859, va_score: 0.800000
te_loss: 0.542546, te_score: 0.700000

time = 15
tr_loss: 0.594940, tr_score: 0.693750
va_loss: 0.638319, va_score: 0.630000
te_loss: 0.615764, te_score: 0.680000

time = 15
tr_loss: 0.582297, tr_score: 0.722500
va_loss: 0.557197, va_score: 0.710000
te_loss: 0.556837, te_score: 0.700000

time = 15
tr_loss: 0.575831, tr_score: 0.713750
va_loss: 0.578040, va_score: 0.770000
te_loss: 0.595834, te_score: 0.650000

time = 15
tr_loss: 0.570204, tr_score: 0.701250
va_loss: 0.585884, va_score: 0.690000
te_loss: 0.568115, te_score: 0.700000

time = 15
tr_loss: 0.545852, tr_score: 0.748750
va_loss: 0.647276, va_score: 0.660000
te_loss: 0.624204, te_score: 0.670000

time = 15
tr_loss: 0.586759, tr_score: 0.700000
va_loss: 0.558990, va_score: 0.730000
te_loss: 0.566425, te_score: 0.740000

time = 15
tr_loss: 0.543817, tr_score: 0.712500
va_loss: 0.580916, va_score: 0.710000
te_loss: 0.583855, te_score: 0.680000

time = 15
tr_loss: 0.560171, tr_score: 0.726250
va_loss: 0.538995, va_score: 0.730000
te_loss: 0.602348, te_score: 0.680000

time = 15
tr_loss: 0.543534, tr_score: 0.723750
va_loss: 0.540786, va_score: 0.730000
te_loss: 0.524451, te_score: 0.740000

time = 15
tr_loss: 0.563405, tr_score: 0.723750
va_loss: 0.578530, va_score: 0.720000
te_loss: 0.628295, te_score: 0.690000

time = 15
tr_loss: 0.618877, tr_score: 0.696250
va_loss: 0.656919, va_score: 0.670000
te_loss: 0.582707, te_score: 0.710000

time = 15
tr_loss: 0.614340, tr_score: 0.697500
va_loss: 0.569043, va_score: 0.740000
te_loss: 0.662839, te_score: 0.640000

time = 15
tr_loss: 0.584606, tr_score: 0.713750
va_loss: 0.637620, va_score: 0.670000
te_loss: 0.675541, te_score: 0.660000

time = 15
tr_loss: 0.575687, tr_score: 0.712500
va_loss: 0.570265, va_score: 0.730000
te_loss: 0.577022, te_score: 0.690000

time = 15
tr_loss: 0.593451, tr_score: 0.696250
va_loss: 0.580401, va_score: 0.720000
te_loss: 0.577725, te_score: 0.690000

======================================================
15  Seed:  [ 879. 4612.  287.  491. 3659. 8251. 7507. 1140. 3507. 4318. 9716. 8900.
 3870. 2555. 7340. 8792.  757. 6674. 3143.  691.]
tr_loss: 0.574994, tr_score: 0.712063
va_loss: 0.579639, va_score: 0.717000
te_loss: 0.590384, te_score: 0.690500
time = 16
tr_loss: 0.585626, tr_score: 0.718750
va_loss: 0.575689, va_score: 0.750000
te_loss: 0.615805, te_score: 0.690000

time = 16
tr_loss: 0.597159, tr_score: 0.706250
va_loss: 0.612908, va_score: 0.700000
te_loss: 0.623147, te_score: 0.650000

time = 16
tr_loss: 0.570921, tr_score: 0.695000
va_loss: 0.566770, va_score: 0.750000
te_loss: 0.615784, te_score: 0.690000

time = 16
tr_loss: 0.594969, tr_score: 0.705000
va_loss: 0.605414, va_score: 0.680000
te_loss: 0.569535, te_score: 0.730000

time = 16
tr_loss: 0.570330, tr_score: 0.707500
va_loss: 0.544058, va_score: 0.760000
te_loss: 0.549843, te_score: 0.700000

time = 16
tr_loss: 0.593173, tr_score: 0.721250
va_loss: 0.637708, va_score: 0.690000
te_loss: 0.659959, te_score: 0.630000

time = 16
tr_loss: 0.596311, tr_score: 0.708750
va_loss: 0.642604, va_score: 0.660000
te_loss: 0.510989, te_score: 0.770000

time = 16
tr_loss: 0.572597, tr_score: 0.723750
va_loss: 0.597105, va_score: 0.700000
te_loss: 0.602337, te_score: 0.690000

time = 16
tr_loss: 0.592518, tr_score: 0.692500
va_loss: 0.571434, va_score: 0.700000
te_loss: 0.562159, te_score: 0.740000

time = 16
tr_loss: 0.588364, tr_score: 0.708750
va_loss: 0.656178, va_score: 0.650000
te_loss: 0.671947, te_score: 0.660000

time = 16
tr_loss: 0.583125, tr_score: 0.707500
va_loss: 0.589596, va_score: 0.710000
te_loss: 0.591260, te_score: 0.700000

time = 16
tr_loss: 0.640302, tr_score: 0.675000
va_loss: 0.670669, va_score: 0.650000
te_loss: 0.647144, te_score: 0.650000

time = 16
tr_loss: 0.586257, tr_score: 0.706250
va_loss: 0.637344, va_score: 0.660000
te_loss: 0.568069, te_score: 0.720000

time = 16
tr_loss: 0.578752, tr_score: 0.708750
va_loss: 0.541258, va_score: 0.780000
te_loss: 0.524127, te_score: 0.800000

time = 16
tr_loss: 0.579773, tr_score: 0.697500
va_loss: 0.520861, va_score: 0.770000
te_loss: 0.533137, te_score: 0.730000

time = 16
tr_loss: 0.553608, tr_score: 0.726250
va_loss: 0.585730, va_score: 0.660000
te_loss: 0.571453, te_score: 0.700000

time = 16
tr_loss: 0.571370, tr_score: 0.707500
va_loss: 0.534147, va_score: 0.740000
te_loss: 0.598113, te_score: 0.670000

time = 16
tr_loss: 0.587647, tr_score: 0.718750
va_loss: 0.647664, va_score: 0.650000
te_loss: 0.606086, te_score: 0.700000

time = 16
tr_loss: 0.625128, tr_score: 0.705000
va_loss: 0.537548, va_score: 0.750000
te_loss: 0.607969, te_score: 0.730000

time = 16
tr_loss: 0.586503, tr_score: 0.708750
va_loss: 0.616499, va_score: 0.680000
te_loss: 0.586123, te_score: 0.760000

======================================================
16  Seed:  [9082. 6878.  978. 6918.   35. 3547.  812. 1562. 5243. 8191. 5330. 4602.
 2929. 4830.  303. 9956. 3156. 7475. 4637.  734.]
tr_loss: 0.587722, tr_score: 0.707437
va_loss: 0.594559, va_score: 0.704500
te_loss: 0.590749, te_score: 0.705500
time = 17
tr_loss: 0.608797, tr_score: 0.690000
va_loss: 0.604719, va_score: 0.690000
te_loss: 0.597474, te_score: 0.690000

time = 17
tr_loss: 0.605171, tr_score: 0.702500
va_loss: 0.682703, va_score: 0.640000
te_loss: 0.620520, te_score: 0.670000

time = 17
tr_loss: 0.574159, tr_score: 0.708750
va_loss: 0.606110, va_score: 0.670000
te_loss: 0.602913, te_score: 0.660000

time = 17
tr_loss: 0.609710, tr_score: 0.715000
va_loss: 0.669218, va_score: 0.640000
te_loss: 0.603746, te_score: 0.740000

time = 17
tr_loss: 0.587567, tr_score: 0.688750
va_loss: 0.530568, va_score: 0.760000
te_loss: 0.564130, te_score: 0.730000

time = 17
tr_loss: 0.605080, tr_score: 0.711250
va_loss: 0.606063, va_score: 0.690000
te_loss: 0.666376, te_score: 0.660000

time = 17
tr_loss: 0.563846, tr_score: 0.702500
va_loss: 0.634985, va_score: 0.680000
te_loss: 0.599168, te_score: 0.700000

time = 17
tr_loss: 0.570517, tr_score: 0.723750
va_loss: 0.623028, va_score: 0.690000
te_loss: 0.672203, te_score: 0.610000

time = 17
tr_loss: 0.626143, tr_score: 0.671250
va_loss: 0.629415, va_score: 0.620000
te_loss: 0.605625, te_score: 0.670000

time = 17
tr_loss: 0.588746, tr_score: 0.722500
va_loss: 0.610542, va_score: 0.710000
te_loss: 0.648474, te_score: 0.640000

time = 17
tr_loss: 0.602239, tr_score: 0.706250
va_loss: 0.620466, va_score: 0.690000
te_loss: 0.648546, te_score: 0.660000

time = 17
tr_loss: 0.597152, tr_score: 0.701250
va_loss: 0.627758, va_score: 0.670000
te_loss: 0.593716, te_score: 0.680000

time = 17
tr_loss: 0.587711, tr_score: 0.726250
va_loss: 0.588519, va_score: 0.730000
te_loss: 0.535564, te_score: 0.760000

time = 17
tr_loss: 0.599152, tr_score: 0.692500
va_loss: 0.568430, va_score: 0.730000
te_loss: 0.565474, te_score: 0.760000

time = 17
tr_loss: 0.605880, tr_score: 0.712500
va_loss: 0.707027, va_score: 0.640000
te_loss: 0.635297, te_score: 0.660000

time = 17
tr_loss: 0.603899, tr_score: 0.698750
va_loss: 0.618549, va_score: 0.730000
te_loss: 0.642435, te_score: 0.690000

time = 17
tr_loss: 0.580163, tr_score: 0.711250
va_loss: 0.657954, va_score: 0.620000
te_loss: 0.583826, te_score: 0.710000

time = 17
tr_loss: 0.595626, tr_score: 0.711250
va_loss: 0.575912, va_score: 0.720000
te_loss: 0.571807, te_score: 0.710000

time = 17
tr_loss: 0.569131, tr_score: 0.708750
va_loss: 0.559704, va_score: 0.720000
te_loss: 0.642719, te_score: 0.690000

time = 17
tr_loss: 0.578023, tr_score: 0.703750
va_loss: 0.588094, va_score: 0.700000
te_loss: 0.588840, te_score: 0.680000

======================================================
17  Seed:  [9997. 6891. 7283.  296. 4194.  627. 9187. 9699.  412. 3964. 5059. 1882.
 6859. 7098. 9012. 6459. 3018. 8410. 9321. 1260.]
tr_loss: 0.592936, tr_score: 0.705437
va_loss: 0.615488, va_score: 0.687000
te_loss: 0.609443, te_score: 0.688500
time = 18
tr_loss: 0.591095, tr_score: 0.703750
va_loss: 0.580908, va_score: 0.670000
te_loss: 0.559242, te_score: 0.710000

time = 18
tr_loss: 0.588569, tr_score: 0.711250
va_loss: 0.563931, va_score: 0.720000
te_loss: 0.558672, te_score: 0.700000

time = 18
tr_loss: 0.597160, tr_score: 0.663750
va_loss: 0.584225, va_score: 0.690000
te_loss: 0.596098, te_score: 0.700000

time = 18
tr_loss: 0.635432, tr_score: 0.687500
va_loss: 0.595376, va_score: 0.730000
te_loss: 0.614534, te_score: 0.730000

time = 18
tr_loss: 0.600801, tr_score: 0.696250
va_loss: 0.611119, va_score: 0.660000
te_loss: 0.517941, te_score: 0.760000

time = 18
tr_loss: 0.591138, tr_score: 0.706250
va_loss: 0.560006, va_score: 0.750000
te_loss: 0.574358, te_score: 0.710000

time = 18
tr_loss: 0.598788, tr_score: 0.718750
va_loss: 0.662436, va_score: 0.650000
te_loss: 0.561780, te_score: 0.750000

time = 18
tr_loss: 0.557771, tr_score: 0.736250
va_loss: 0.610358, va_score: 0.710000
te_loss: 0.659344, te_score: 0.620000

time = 18
tr_loss: 0.589315, tr_score: 0.691250
va_loss: 0.551301, va_score: 0.710000
te_loss: 0.620581, te_score: 0.650000

time = 18
tr_loss: 0.555290, tr_score: 0.713750
va_loss: 0.557453, va_score: 0.690000
te_loss: 0.587559, te_score: 0.690000

time = 18
tr_loss: 0.666231, tr_score: 0.677500
va_loss: 0.797687, va_score: 0.620000
te_loss: 0.654020, te_score: 0.710000

time = 18
tr_loss: 0.583731, tr_score: 0.706250
va_loss: 0.590744, va_score: 0.710000
te_loss: 0.601248, te_score: 0.710000

time = 18
tr_loss: 0.563977, tr_score: 0.716250
va_loss: 0.609445, va_score: 0.720000
te_loss: 0.614419, te_score: 0.690000

time = 18
tr_loss: 0.612717, tr_score: 0.695000
va_loss: 0.614014, va_score: 0.710000
te_loss: 0.583497, te_score: 0.730000

time = 18
tr_loss: 0.545181, tr_score: 0.716250
va_loss: 0.528488, va_score: 0.780000
te_loss: 0.515914, te_score: 0.720000

time = 18
tr_loss: 0.582169, tr_score: 0.700000
va_loss: 0.529245, va_score: 0.770000
te_loss: 0.520824, te_score: 0.750000

time = 18
tr_loss: 0.584652, tr_score: 0.698750
va_loss: 0.620928, va_score: 0.670000
te_loss: 0.573192, te_score: 0.750000

time = 18
tr_loss: 0.624409, tr_score: 0.706250
va_loss: 0.535238, va_score: 0.780000
te_loss: 0.689863, te_score: 0.660000

time = 18
tr_loss: 0.595467, tr_score: 0.713750
va_loss: 0.536772, va_score: 0.780000
te_loss: 0.614897, te_score: 0.700000

time = 18
tr_loss: 0.598802, tr_score: 0.710000
va_loss: 0.549880, va_score: 0.760000
te_loss: 0.620266, te_score: 0.690000

======================================================
18  Seed:  [ 873. 4207. 9606. 9170. 6333. 9407. 8590.  438. 6112. 2282. 5826. 4132.
 5788. 3773.  899. 1544. 7119. 3120. 1138. 3253.]
tr_loss: 0.593135, tr_score: 0.703438
va_loss: 0.589478, va_score: 0.714000
te_loss: 0.591912, te_score: 0.706500
time = 19
tr_loss: 0.566881, tr_score: 0.720000
va_loss: 0.631041, va_score: 0.690000
te_loss: 0.614898, te_score: 0.640000

time = 19
tr_loss: 0.545893, tr_score: 0.728750
va_loss: 0.557636, va_score: 0.720000
te_loss: 0.610563, te_score: 0.630000

time = 19
tr_loss: 0.571035, tr_score: 0.723750
va_loss: 0.562495, va_score: 0.790000
te_loss: 0.605606, te_score: 0.720000

time = 19
tr_loss: 0.583826, tr_score: 0.683750
va_loss: 0.548629, va_score: 0.720000
te_loss: 0.581927, te_score: 0.700000

time = 19
tr_loss: 0.585545, tr_score: 0.712500
va_loss: 0.578994, va_score: 0.730000
te_loss: 0.534506, te_score: 0.760000

time = 19
tr_loss: 0.567109, tr_score: 0.703750
va_loss: 0.559186, va_score: 0.690000
te_loss: 0.610197, te_score: 0.670000

time = 19
tr_loss: 0.572870, tr_score: 0.720000
va_loss: 0.540277, va_score: 0.770000
te_loss: 0.621031, te_score: 0.680000

time = 19
tr_loss: 0.561902, tr_score: 0.732500
va_loss: 0.637987, va_score: 0.660000
te_loss: 0.603690, te_score: 0.700000

time = 19
tr_loss: 0.613452, tr_score: 0.687500
va_loss: 0.617370, va_score: 0.690000
te_loss: 0.535017, te_score: 0.760000

time = 19
tr_loss: 0.565530, tr_score: 0.722500
va_loss: 0.615303, va_score: 0.690000
te_loss: 0.606169, te_score: 0.690000

time = 19
tr_loss: 0.576026, tr_score: 0.710000
va_loss: 0.616321, va_score: 0.650000
te_loss: 0.594715, te_score: 0.670000

time = 19
tr_loss: 0.552867, tr_score: 0.727500
va_loss: 0.628556, va_score: 0.700000
te_loss: 0.596768, te_score: 0.740000

time = 19
tr_loss: 0.570845, tr_score: 0.708750
va_loss: 0.587992, va_score: 0.670000
te_loss: 0.606700, te_score: 0.660000

time = 19
tr_loss: 0.561712, tr_score: 0.728750
va_loss: 0.566722, va_score: 0.750000
te_loss: 0.563556, te_score: 0.710000

time = 19
tr_loss: 0.519594, tr_score: 0.756250
va_loss: 0.587454, va_score: 0.690000
te_loss: 0.451416, te_score: 0.830000

time = 19
tr_loss: 0.569822, tr_score: 0.722500
va_loss: 0.548309, va_score: 0.730000
te_loss: 0.508904, te_score: 0.760000

time = 19
tr_loss: 0.567960, tr_score: 0.728750
va_loss: 0.592875, va_score: 0.730000
te_loss: 0.632423, te_score: 0.690000

time = 19
tr_loss: 0.575362, tr_score: 0.707500
va_loss: 0.600799, va_score: 0.690000
te_loss: 0.548298, te_score: 0.710000

time = 19
tr_loss: 0.582035, tr_score: 0.705000
va_loss: 0.555004, va_score: 0.730000
te_loss: 0.597169, te_score: 0.710000

time = 19
tr_loss: 0.583260, tr_score: 0.722500
va_loss: 0.651067, va_score: 0.640000
te_loss: 0.576524, te_score: 0.770000

======================================================
19  Seed:  [3709. 6253. 7969. 4492. 4878.  212. 2129. 7387.  610. 9877. 6936. 8416.
 1824. 6324. 9841. 5493. 7619. 7977.  518. 1963.]
tr_loss: 0.569676, tr_score: 0.717625
va_loss: 0.589201, va_score: 0.706500
te_loss: 0.580004, te_score: 0.710000
time = 20
tr_loss: 0.603499, tr_score: 0.705000
va_loss: 0.635351, va_score: 0.680000
te_loss: 0.636932, te_score: 0.680000

time = 20
tr_loss: 0.579788, tr_score: 0.718750
va_loss: 0.545480, va_score: 0.750000
te_loss: 0.591254, te_score: 0.720000

time = 20
tr_loss: 0.574165, tr_score: 0.706250
va_loss: 0.559044, va_score: 0.750000
te_loss: 0.617223, te_score: 0.660000

time = 20
tr_loss: 0.624450, tr_score: 0.695000
va_loss: 0.650726, va_score: 0.660000
te_loss: 0.542327, te_score: 0.790000

time = 20
tr_loss: 0.632020, tr_score: 0.657500
va_loss: 0.692597, va_score: 0.580000
te_loss: 0.625349, te_score: 0.660000

time = 20
tr_loss: 0.570648, tr_score: 0.715000
va_loss: 0.534213, va_score: 0.760000
te_loss: 0.565766, te_score: 0.690000

time = 20
tr_loss: 0.594133, tr_score: 0.695000
va_loss: 0.537678, va_score: 0.750000
te_loss: 0.577619, te_score: 0.720000

time = 20
tr_loss: 0.603501, tr_score: 0.718750
va_loss: 0.706149, va_score: 0.640000
te_loss: 0.644989, te_score: 0.710000

time = 20
tr_loss: 0.596044, tr_score: 0.712500
va_loss: 0.601608, va_score: 0.680000
te_loss: 0.552275, te_score: 0.750000

time = 20
tr_loss: 0.522749, tr_score: 0.757500
va_loss: 0.457854, va_score: 0.810000
te_loss: 0.470354, te_score: 0.830000

time = 20
tr_loss: 0.614660, tr_score: 0.697500
va_loss: 0.619253, va_score: 0.690000
te_loss: 0.586186, te_score: 0.730000

time = 20
tr_loss: 0.571505, tr_score: 0.710000
va_loss: 0.571573, va_score: 0.720000
te_loss: 0.531104, te_score: 0.770000

time = 20
tr_loss: 0.523503, tr_score: 0.722500
va_loss: 0.521455, va_score: 0.760000
te_loss: 0.613479, te_score: 0.690000

time = 20
tr_loss: 0.505135, tr_score: 0.761250
va_loss: 0.506896, va_score: 0.750000
te_loss: 0.496153, te_score: 0.750000

time = 20
tr_loss: 0.583844, tr_score: 0.708750
va_loss: 0.555483, va_score: 0.710000
te_loss: 0.600123, te_score: 0.690000

time = 20
tr_loss: 0.597965, tr_score: 0.707500
va_loss: 0.671134, va_score: 0.610000
te_loss: 0.617881, te_score: 0.660000

time = 20
tr_loss: 0.552640, tr_score: 0.727500
va_loss: 0.519906, va_score: 0.770000
te_loss: 0.529169, te_score: 0.730000

time = 20
tr_loss: 0.550911, tr_score: 0.716250
va_loss: 0.551438, va_score: 0.720000
te_loss: 0.543380, te_score: 0.720000

time = 20
tr_loss: 0.591077, tr_score: 0.706250
va_loss: 0.566792, va_score: 0.730000
te_loss: 0.574016, te_score: 0.710000

time = 20
tr_loss: 0.604700, tr_score: 0.703750
va_loss: 0.611202, va_score: 0.680000
te_loss: 0.612803, te_score: 0.710000

======================================================
20  Seed:  [8890. 5137. 6638. 5364. 3035. 4210. 5798. 9783. 7946.  146. 8127. 1556.
 1338. 7812. 5900. 6230. 6141. 6234. 5455. 7649.]
tr_loss: 0.579847, tr_score: 0.712125
va_loss: 0.580792, va_score: 0.710000
te_loss: 0.576419, te_score: 0.718500


mid seed:  [5478. 7027. 2150. 7559. 3662. 2043. 8598. 4158. 6442. 4398. 3939. 9768.
 5143. 2231.  162. 6860. 3496. 7749. 2530. 2730.]
mid test scores 0.7059999999999998
