time = 0
tr_loss: 0.547903, tr_score: 0.710000
va_loss: 0.558671, va_score: 0.670000
te_loss: 0.549470, te_score: 0.690000

time = 0
tr_loss: 0.544159, tr_score: 0.740000
va_loss: 0.583661, va_score: 0.700000
te_loss: 0.672308, te_score: 0.610000

time = 0
tr_loss: 0.590036, tr_score: 0.712500
va_loss: 0.639441, va_score: 0.670000
te_loss: 0.654037, te_score: 0.630000

time = 0
tr_loss: 0.583900, tr_score: 0.705000
va_loss: 0.575643, va_score: 0.740000
te_loss: 0.594663, te_score: 0.710000

time = 0
tr_loss: 0.567666, tr_score: 0.716250
va_loss: 0.611881, va_score: 0.670000
te_loss: 0.559845, te_score: 0.760000

time = 0
tr_loss: 0.564169, tr_score: 0.723750
va_loss: 0.659346, va_score: 0.610000
te_loss: 0.679590, te_score: 0.630000

time = 0
tr_loss: 0.626938, tr_score: 0.695000
va_loss: 0.698462, va_score: 0.670000
te_loss: 0.532986, te_score: 0.790000

time = 0
tr_loss: 0.566132, tr_score: 0.706250
va_loss: 0.521626, va_score: 0.790000
te_loss: 0.580437, te_score: 0.690000

time = 0
tr_loss: 0.571672, tr_score: 0.708750
va_loss: 0.528083, va_score: 0.770000
te_loss: 0.610905, te_score: 0.690000

time = 0
tr_loss: 0.577550, tr_score: 0.722500
va_loss: 0.592067, va_score: 0.660000
te_loss: 0.490543, te_score: 0.810000

time = 0
tr_loss: 0.560492, tr_score: 0.706250
va_loss: 0.525822, va_score: 0.740000
te_loss: 0.598272, te_score: 0.690000

time = 0
tr_loss: 0.552790, tr_score: 0.746250
va_loss: 0.597876, va_score: 0.690000
te_loss: 0.726795, te_score: 0.560000

time = 0
tr_loss: 0.558286, tr_score: 0.715000
va_loss: 0.572803, va_score: 0.670000
te_loss: 0.671251, te_score: 0.630000

time = 0
tr_loss: 0.560655, tr_score: 0.726250
va_loss: 0.548207, va_score: 0.740000
te_loss: 0.666380, te_score: 0.620000

time = 0
tr_loss: 0.567846, tr_score: 0.730000
va_loss: 0.623672, va_score: 0.650000
te_loss: 0.591608, te_score: 0.710000

time = 0
tr_loss: 0.579496, tr_score: 0.703750
va_loss: 0.613810, va_score: 0.670000
te_loss: 0.560014, te_score: 0.700000

time = 0
tr_loss: 0.583948, tr_score: 0.703750
va_loss: 0.669609, va_score: 0.650000
te_loss: 0.596850, te_score: 0.720000

time = 0
tr_loss: 0.569384, tr_score: 0.713750
va_loss: 0.613609, va_score: 0.660000
te_loss: 0.573610, te_score: 0.660000

time = 0
tr_loss: 0.600437, tr_score: 0.715000
va_loss: 0.653165, va_score: 0.670000
te_loss: 0.680456, te_score: 0.620000

time = 0
tr_loss: 0.573901, tr_score: 0.711250
va_loss: 0.537134, va_score: 0.790000
te_loss: 0.642285, te_score: 0.660000

======================================================
0  Seed:  [ 140. 2411. 2238. 5068. 2300. 9812. 6334. 4380. 4021. 8554. 2226. 8534.
 4715. 7921. 4457. 6212.  255.  495. 8301.  932.]
tr_loss: 0.572368, tr_score: 0.715562
va_loss: 0.596229, va_score: 0.694000
te_loss: 0.611615, te_score: 0.679000
time = 1
tr_loss: 0.592469, tr_score: 0.708750
va_loss: 0.699360, va_score: 0.610000
te_loss: 0.598926, te_score: 0.700000

time = 1
tr_loss: 0.572695, tr_score: 0.720000
va_loss: 0.655502, va_score: 0.630000
te_loss: 0.562354, te_score: 0.740000

time = 1
tr_loss: 0.593970, tr_score: 0.693750
va_loss: 0.583762, va_score: 0.690000
te_loss: 0.539177, te_score: 0.760000

time = 1
tr_loss: 0.565799, tr_score: 0.727500
va_loss: 0.549375, va_score: 0.740000
te_loss: 0.594859, te_score: 0.690000

time = 1
tr_loss: 0.596758, tr_score: 0.710000
va_loss: 0.650748, va_score: 0.650000
te_loss: 0.581222, te_score: 0.720000

time = 1
tr_loss: 0.524896, tr_score: 0.745000
va_loss: 0.497289, va_score: 0.750000
te_loss: 0.523389, te_score: 0.780000

time = 1
tr_loss: 0.538481, tr_score: 0.746250
va_loss: 0.495924, va_score: 0.770000
te_loss: 0.526690, te_score: 0.720000

time = 1
tr_loss: 0.600155, tr_score: 0.696250
va_loss: 0.565166, va_score: 0.740000
te_loss: 0.566560, te_score: 0.720000

time = 1
tr_loss: 0.590791, tr_score: 0.712500
va_loss: 0.618828, va_score: 0.670000
te_loss: 0.540494, te_score: 0.760000

time = 1
tr_loss: 0.544773, tr_score: 0.740000
va_loss: 0.522773, va_score: 0.760000
te_loss: 0.628012, te_score: 0.670000

time = 1
tr_loss: 0.569908, tr_score: 0.715000
va_loss: 0.612341, va_score: 0.670000
te_loss: 0.530198, te_score: 0.760000

time = 1
tr_loss: 0.591018, tr_score: 0.712500
va_loss: 0.606534, va_score: 0.700000
te_loss: 0.608651, te_score: 0.720000

time = 1
tr_loss: 0.595455, tr_score: 0.712500
va_loss: 0.520271, va_score: 0.780000
te_loss: 0.655665, te_score: 0.650000

time = 1
tr_loss: 0.533148, tr_score: 0.743750
va_loss: 0.497765, va_score: 0.780000
te_loss: 0.559013, te_score: 0.730000

time = 1
tr_loss: 0.622650, tr_score: 0.685000
va_loss: 0.724528, va_score: 0.610000
te_loss: 0.684617, te_score: 0.620000

time = 1
tr_loss: 0.558568, tr_score: 0.721250
va_loss: 0.635148, va_score: 0.680000
te_loss: 0.570610, te_score: 0.690000

time = 1
tr_loss: 0.567243, tr_score: 0.735000
va_loss: 0.520894, va_score: 0.780000
te_loss: 0.656863, te_score: 0.650000

time = 1
tr_loss: 0.587602, tr_score: 0.708750
va_loss: 0.588730, va_score: 0.670000
te_loss: 0.570328, te_score: 0.710000

time = 1
tr_loss: 0.576055, tr_score: 0.713750
va_loss: 0.515983, va_score: 0.780000
te_loss: 0.636341, te_score: 0.660000

time = 1
tr_loss: 0.626264, tr_score: 0.682500
va_loss: 0.597934, va_score: 0.750000
te_loss: 0.540477, te_score: 0.790000

======================================================
1  Seed:  [8640.  888. 4066.  552. 1437. 6591. 8969.  824. 8811.  938.  550. 9822.
 6241. 3057. 1352. 8361. 5326. 3377. 2314. 8889.]
tr_loss: 0.577435, tr_score: 0.716500
va_loss: 0.582943, va_score: 0.710500
te_loss: 0.583722, te_score: 0.712000
time = 2
tr_loss: 0.556209, tr_score: 0.712500
va_loss: 0.519913, va_score: 0.770000
te_loss: 0.624344, te_score: 0.690000

time = 2
tr_loss: 0.599320, tr_score: 0.711250
va_loss: 0.554095, va_score: 0.770000
te_loss: 0.628515, te_score: 0.680000

time = 2
tr_loss: 0.565082, tr_score: 0.717500
va_loss: 0.538925, va_score: 0.730000
te_loss: 0.589919, te_score: 0.720000

time = 2
tr_loss: 0.588248, tr_score: 0.696250
va_loss: 0.610691, va_score: 0.690000
te_loss: 0.558600, te_score: 0.740000

time = 2
tr_loss: 0.565066, tr_score: 0.715000
va_loss: 0.539454, va_score: 0.720000
te_loss: 0.494250, te_score: 0.800000

time = 2
tr_loss: 0.517187, tr_score: 0.752500
va_loss: 0.543329, va_score: 0.720000
te_loss: 0.632837, te_score: 0.660000

time = 2
tr_loss: 0.555705, tr_score: 0.727500
va_loss: 0.696848, va_score: 0.580000
te_loss: 0.592581, te_score: 0.690000

time = 2
tr_loss: 0.586227, tr_score: 0.716250
va_loss: 0.543953, va_score: 0.760000
te_loss: 0.587530, te_score: 0.700000

time = 2
tr_loss: 0.586556, tr_score: 0.716250
va_loss: 0.556949, va_score: 0.720000
te_loss: 0.624155, te_score: 0.660000

time = 2
tr_loss: 0.567503, tr_score: 0.711250
va_loss: 0.562490, va_score: 0.720000
te_loss: 0.526242, te_score: 0.760000

time = 2
tr_loss: 0.533887, tr_score: 0.751250
va_loss: 0.535187, va_score: 0.760000
te_loss: 0.584706, te_score: 0.690000

time = 2
tr_loss: 0.583993, tr_score: 0.701250
va_loss: 0.559444, va_score: 0.730000
te_loss: 0.495952, te_score: 0.800000

time = 2
tr_loss: 0.566657, tr_score: 0.726250
va_loss: 0.554164, va_score: 0.740000
te_loss: 0.595458, te_score: 0.690000

time = 2
tr_loss: 0.562619, tr_score: 0.713750
va_loss: 0.552780, va_score: 0.740000
te_loss: 0.556258, te_score: 0.730000

time = 2
tr_loss: 0.551386, tr_score: 0.727500
va_loss: 0.542854, va_score: 0.720000
te_loss: 0.536237, te_score: 0.720000

time = 2
tr_loss: 0.580044, tr_score: 0.696250
va_loss: 0.524160, va_score: 0.770000
te_loss: 0.537830, te_score: 0.750000

time = 2
tr_loss: 0.585536, tr_score: 0.716250
va_loss: 0.589066, va_score: 0.730000
te_loss: 0.606539, te_score: 0.680000

time = 2
tr_loss: 0.585512, tr_score: 0.697500
va_loss: 0.593014, va_score: 0.670000
te_loss: 0.546957, te_score: 0.750000

time = 2
tr_loss: 0.598140, tr_score: 0.716250
va_loss: 0.634594, va_score: 0.690000
te_loss: 0.591750, te_score: 0.720000

time = 2
tr_loss: 0.608521, tr_score: 0.698750
va_loss: 0.571014, va_score: 0.720000
te_loss: 0.615677, te_score: 0.690000

======================================================
2  Seed:  [5478. 7027. 2150. 7559. 3662. 2043. 8598. 4158. 6442. 4398. 3939. 9768.
 5143. 2231.  162. 6860. 3496. 7749. 2530. 2730.]
tr_loss: 0.572170, tr_score: 0.716063
va_loss: 0.566146, va_score: 0.722500
te_loss: 0.576317, te_score: 0.716000
time = 3
tr_loss: 0.583940, tr_score: 0.716250
va_loss: 0.637481, va_score: 0.630000
te_loss: 0.596371, te_score: 0.710000

time = 3
tr_loss: 0.599922, tr_score: 0.701250
va_loss: 0.635539, va_score: 0.670000
te_loss: 0.598234, te_score: 0.700000

time = 3
tr_loss: 0.590536, tr_score: 0.721250
va_loss: 0.627059, va_score: 0.680000
te_loss: 0.662260, te_score: 0.660000

time = 3
tr_loss: 0.575664, tr_score: 0.722500
va_loss: 0.554449, va_score: 0.740000
te_loss: 0.573753, te_score: 0.740000

time = 3
tr_loss: 0.558993, tr_score: 0.733750
va_loss: 0.545226, va_score: 0.740000
te_loss: 0.594936, te_score: 0.670000

time = 3
tr_loss: 0.582855, tr_score: 0.711250
va_loss: 0.538611, va_score: 0.790000
te_loss: 0.652327, te_score: 0.610000

time = 3
tr_loss: 0.616998, tr_score: 0.703750
va_loss: 0.694029, va_score: 0.630000
te_loss: 0.618707, te_score: 0.730000

time = 3
tr_loss: 0.550161, tr_score: 0.747500
va_loss: 0.638935, va_score: 0.660000
te_loss: 0.664591, te_score: 0.640000

time = 3
tr_loss: 0.591264, tr_score: 0.708750
va_loss: 0.635543, va_score: 0.640000
te_loss: 0.594835, te_score: 0.690000

time = 3
tr_loss: 0.517632, tr_score: 0.732500
va_loss: 0.536232, va_score: 0.730000
te_loss: 0.533757, te_score: 0.760000

time = 3
tr_loss: 0.577631, tr_score: 0.707500
va_loss: 0.598982, va_score: 0.720000
te_loss: 0.580419, te_score: 0.700000

time = 3
tr_loss: 0.558609, tr_score: 0.741250
va_loss: 0.561121, va_score: 0.720000
te_loss: 0.649355, te_score: 0.650000

time = 3
tr_loss: 0.514103, tr_score: 0.755000
va_loss: 0.465623, va_score: 0.810000
te_loss: 0.578476, te_score: 0.700000

time = 3
tr_loss: 0.595021, tr_score: 0.702500
va_loss: 0.706269, va_score: 0.630000
te_loss: 0.499175, te_score: 0.800000

time = 3
tr_loss: 0.569691, tr_score: 0.725000
va_loss: 0.702293, va_score: 0.620000
te_loss: 0.612260, te_score: 0.690000

time = 3
tr_loss: 0.577100, tr_score: 0.706250
va_loss: 0.605771, va_score: 0.690000
te_loss: 0.591284, te_score: 0.710000

time = 3
tr_loss: 0.584128, tr_score: 0.705000
va_loss: 0.593350, va_score: 0.700000
te_loss: 0.651022, te_score: 0.660000

time = 3
tr_loss: 0.598590, tr_score: 0.732500
va_loss: 0.667437, va_score: 0.610000
te_loss: 0.595312, te_score: 0.750000

time = 3
tr_loss: 0.590432, tr_score: 0.718750
va_loss: 0.606758, va_score: 0.670000
te_loss: 0.637199, te_score: 0.690000

time = 3
tr_loss: 0.524287, tr_score: 0.733750
va_loss: 0.563275, va_score: 0.710000
te_loss: 0.526289, te_score: 0.750000

======================================================
3  Seed:  [6469. 3301. 7178. 4323. 9525.  454. 7215. 4562. 5178. 3971. 9338. 3960.
 2970. 9630. 2254.  396. 4264. 8949. 7913. 1289.]
tr_loss: 0.572878, tr_score: 0.721313
va_loss: 0.605699, va_score: 0.689500
te_loss: 0.600528, te_score: 0.700500
time = 4
tr_loss: 0.590552, tr_score: 0.680000
va_loss: 0.546144, va_score: 0.750000
te_loss: 0.567435, te_score: 0.670000

time = 4
tr_loss: 0.567714, tr_score: 0.710000
va_loss: 0.524998, va_score: 0.730000
te_loss: 0.535401, te_score: 0.720000

time = 4
tr_loss: 0.575166, tr_score: 0.703750
va_loss: 0.578175, va_score: 0.720000
te_loss: 0.574253, te_score: 0.740000

time = 4
tr_loss: 0.564991, tr_score: 0.712500
va_loss: 0.524483, va_score: 0.760000
te_loss: 0.599933, te_score: 0.680000

time = 4
tr_loss: 0.569739, tr_score: 0.718750
va_loss: 0.620681, va_score: 0.670000
te_loss: 0.575022, te_score: 0.740000

time = 4
tr_loss: 0.579728, tr_score: 0.705000
va_loss: 0.595672, va_score: 0.710000
te_loss: 0.533815, te_score: 0.740000

time = 4
tr_loss: 0.594262, tr_score: 0.698750
va_loss: 0.583264, va_score: 0.710000
te_loss: 0.583033, te_score: 0.720000

time = 4
tr_loss: 0.594342, tr_score: 0.720000
va_loss: 0.631920, va_score: 0.670000
te_loss: 0.559115, te_score: 0.770000

time = 4
tr_loss: 0.572986, tr_score: 0.715000
va_loss: 0.617143, va_score: 0.660000
te_loss: 0.548471, te_score: 0.770000

time = 4
tr_loss: 0.586878, tr_score: 0.705000
va_loss: 0.593762, va_score: 0.680000
te_loss: 0.578144, te_score: 0.700000

time = 4
tr_loss: 0.566475, tr_score: 0.737500
va_loss: 0.699820, va_score: 0.600000
te_loss: 0.624088, te_score: 0.630000

time = 4
tr_loss: 0.568569, tr_score: 0.717500
va_loss: 0.534541, va_score: 0.730000
te_loss: 0.587019, te_score: 0.710000

time = 4
tr_loss: 0.574360, tr_score: 0.696250
va_loss: 0.531892, va_score: 0.770000
te_loss: 0.609842, te_score: 0.660000

time = 4
tr_loss: 0.531600, tr_score: 0.750000
va_loss: 0.482872, va_score: 0.770000
te_loss: 0.493444, te_score: 0.810000

time = 4
tr_loss: 0.567750, tr_score: 0.732500
va_loss: 0.593913, va_score: 0.690000
te_loss: 0.627586, te_score: 0.670000

time = 4
tr_loss: 0.594282, tr_score: 0.698750
va_loss: 0.541718, va_score: 0.760000
te_loss: 0.562835, te_score: 0.740000

time = 4
tr_loss: 0.611559, tr_score: 0.703750
va_loss: 0.559827, va_score: 0.760000
te_loss: 0.656438, te_score: 0.680000

time = 4
tr_loss: 0.583902, tr_score: 0.711250
va_loss: 0.597108, va_score: 0.700000
te_loss: 0.587624, te_score: 0.720000

time = 4
tr_loss: 0.593456, tr_score: 0.715000
va_loss: 0.671820, va_score: 0.620000
te_loss: 0.604352, te_score: 0.730000

time = 4
tr_loss: 0.574784, tr_score: 0.712500
va_loss: 0.560375, va_score: 0.730000
te_loss: 0.549320, te_score: 0.770000

======================================================
4  Seed:  [8744.  130. 2730. 2289. 3436.   91. 5431.  214. 1996. 7906. 4318. 5189.
 9458. 5884. 7590. 9032. 7937. 3024. 1021. 9551.]
tr_loss: 0.578155, tr_score: 0.712187
va_loss: 0.579506, va_score: 0.709500
te_loss: 0.577858, te_score: 0.718500
time = 5
tr_loss: 0.588013, tr_score: 0.717500
va_loss: 0.626684, va_score: 0.680000
te_loss: 0.634154, te_score: 0.660000

time = 5
tr_loss: 0.620790, tr_score: 0.692500
va_loss: 0.624512, va_score: 0.680000
te_loss: 0.569302, te_score: 0.730000

time = 5
tr_loss: 0.577281, tr_score: 0.707500
va_loss: 0.614368, va_score: 0.680000
te_loss: 0.610448, te_score: 0.660000

time = 5
tr_loss: 0.552211, tr_score: 0.703750
va_loss: 0.565286, va_score: 0.710000
te_loss: 0.568919, te_score: 0.720000

time = 5
tr_loss: 0.598746, tr_score: 0.708750
va_loss: 0.624745, va_score: 0.690000
te_loss: 0.543287, te_score: 0.750000

time = 5
tr_loss: 0.575641, tr_score: 0.711250
va_loss: 0.566242, va_score: 0.730000
te_loss: 0.494365, te_score: 0.760000

time = 5
tr_loss: 0.599386, tr_score: 0.705000
va_loss: 0.558966, va_score: 0.760000
te_loss: 0.583200, te_score: 0.720000

time = 5
tr_loss: 0.569455, tr_score: 0.721250
va_loss: 0.564089, va_score: 0.720000
te_loss: 0.516622, te_score: 0.730000

time = 5
tr_loss: 0.557156, tr_score: 0.712500
va_loss: 0.538956, va_score: 0.710000
te_loss: 0.554797, te_score: 0.730000

time = 5
tr_loss: 0.621639, tr_score: 0.677500
va_loss: 0.648617, va_score: 0.670000
te_loss: 0.628155, te_score: 0.720000

time = 5
tr_loss: 0.501322, tr_score: 0.751250
va_loss: 0.573942, va_score: 0.670000
te_loss: 0.556340, te_score: 0.720000

time = 5
tr_loss: 0.594740, tr_score: 0.692500
va_loss: 0.470295, va_score: 0.790000
te_loss: 0.611338, te_score: 0.650000

time = 5
tr_loss: 0.578478, tr_score: 0.701250
va_loss: 0.519379, va_score: 0.770000
te_loss: 0.575078, te_score: 0.720000

time = 5
tr_loss: 0.604850, tr_score: 0.697500
va_loss: 0.557026, va_score: 0.760000
te_loss: 0.649005, te_score: 0.640000

time = 5
tr_loss: 0.586758, tr_score: 0.706250
va_loss: 0.612215, va_score: 0.680000
te_loss: 0.596889, te_score: 0.670000

time = 5
tr_loss: 0.609723, tr_score: 0.703750
va_loss: 0.544784, va_score: 0.780000
te_loss: 0.672415, te_score: 0.630000

time = 5
tr_loss: 0.598831, tr_score: 0.703750
va_loss: 0.623903, va_score: 0.680000
te_loss: 0.594804, te_score: 0.720000

time = 5
tr_loss: 0.596104, tr_score: 0.711250
va_loss: 0.529960, va_score: 0.790000
te_loss: 0.602645, te_score: 0.700000

time = 5
tr_loss: 0.598994, tr_score: 0.716250
va_loss: 0.533496, va_score: 0.810000
te_loss: 0.691922, te_score: 0.610000

time = 5
tr_loss: 0.578681, tr_score: 0.727500
va_loss: 0.617836, va_score: 0.660000
te_loss: 0.613776, te_score: 0.710000

======================================================
5  Seed:  [1237. 6412. 2121. 6405. 4525. 1302. 1340. 7513. 9914. 1173. 2339. 2687.
 5417. 1769. 4522. 4161. 3470. 2003. 6862. 6659.]
tr_loss: 0.585440, tr_score: 0.708437
va_loss: 0.575765, va_score: 0.721000
te_loss: 0.593373, te_score: 0.697500
time = 6
tr_loss: 0.607405, tr_score: 0.693750
va_loss: 0.556069, va_score: 0.740000
te_loss: 0.610041, te_score: 0.710000

time = 6
tr_loss: 0.554235, tr_score: 0.728750
va_loss: 0.647539, va_score: 0.650000
te_loss: 0.655512, te_score: 0.650000

time = 6
tr_loss: 0.553943, tr_score: 0.717500
va_loss: 0.562570, va_score: 0.700000
te_loss: 0.625834, te_score: 0.670000

time = 6
tr_loss: 0.539242, tr_score: 0.740000
va_loss: 0.567735, va_score: 0.720000
te_loss: 0.589057, te_score: 0.730000

time = 6
tr_loss: 0.597183, tr_score: 0.697500
va_loss: 0.599167, va_score: 0.670000
te_loss: 0.547933, te_score: 0.770000

time = 6
tr_loss: 0.639015, tr_score: 0.716250
va_loss: 0.705039, va_score: 0.670000
te_loss: 0.778132, te_score: 0.600000

time = 6
tr_loss: 0.547339, tr_score: 0.732500
va_loss: 0.613542, va_score: 0.640000
te_loss: 0.516072, te_score: 0.750000

time = 6
tr_loss: 0.517174, tr_score: 0.721250
va_loss: 0.576823, va_score: 0.650000
te_loss: 0.562466, te_score: 0.700000

time = 6
tr_loss: 0.594034, tr_score: 0.702500
va_loss: 0.526506, va_score: 0.790000
te_loss: 0.560063, te_score: 0.750000

time = 6
tr_loss: 0.617667, tr_score: 0.705000
va_loss: 0.623413, va_score: 0.740000
te_loss: 0.686573, te_score: 0.680000

time = 6
tr_loss: 0.590554, tr_score: 0.716250
va_loss: 0.614638, va_score: 0.680000
te_loss: 0.696615, te_score: 0.610000

time = 6
tr_loss: 0.556689, tr_score: 0.740000
va_loss: 0.549129, va_score: 0.750000
te_loss: 0.581357, te_score: 0.680000

time = 6
tr_loss: 0.575562, tr_score: 0.716250
va_loss: 0.560109, va_score: 0.760000
te_loss: 0.600275, te_score: 0.700000

time = 6
tr_loss: 0.596489, tr_score: 0.686250
va_loss: 0.574536, va_score: 0.730000
te_loss: 0.560601, te_score: 0.740000

time = 6
tr_loss: 0.550700, tr_score: 0.720000
va_loss: 0.551199, va_score: 0.710000
te_loss: 0.584910, te_score: 0.660000

time = 6
tr_loss: 0.588650, tr_score: 0.703750
va_loss: 0.600962, va_score: 0.690000
te_loss: 0.596431, te_score: 0.680000

time = 6
tr_loss: 0.534060, tr_score: 0.737500
va_loss: 0.491264, va_score: 0.760000
te_loss: 0.575495, te_score: 0.710000

time = 6
tr_loss: 0.604530, tr_score: 0.685000
va_loss: 0.552412, va_score: 0.740000
te_loss: 0.580291, te_score: 0.710000

time = 6
tr_loss: 0.561669, tr_score: 0.710000
va_loss: 0.564768, va_score: 0.680000
te_loss: 0.550085, te_score: 0.700000

time = 6
tr_loss: 0.537403, tr_score: 0.742500
va_loss: 0.581970, va_score: 0.740000
te_loss: 0.525925, te_score: 0.770000

======================================================
6  Seed:  [7694. 6294. 7622. 3529.   96. 7204. 5217. 3436.  887. 8110. 7803. 3805.
 1114. 2222. 9584. 2008. 1959. 4210.  576. 6097.]
tr_loss: 0.573177, tr_score: 0.715625
va_loss: 0.580969, va_score: 0.710500
te_loss: 0.599183, te_score: 0.698500
time = 7
tr_loss: 0.625409, tr_score: 0.668750
va_loss: 0.611398, va_score: 0.690000
te_loss: 0.552586, te_score: 0.720000

time = 7
tr_loss: 0.586999, tr_score: 0.698750
va_loss: 0.530366, va_score: 0.780000
te_loss: 0.566938, te_score: 0.710000

time = 7
tr_loss: 0.584706, tr_score: 0.696250
va_loss: 0.521288, va_score: 0.770000
te_loss: 0.550236, te_score: 0.740000

time = 7
tr_loss: 0.545764, tr_score: 0.732500
va_loss: 0.496136, va_score: 0.800000
te_loss: 0.549538, te_score: 0.740000

time = 7
tr_loss: 0.598776, tr_score: 0.688750
va_loss: 0.549418, va_score: 0.740000
te_loss: 0.613748, te_score: 0.720000

time = 7
tr_loss: 0.644913, tr_score: 0.673750
va_loss: 0.670639, va_score: 0.660000
te_loss: 0.652625, te_score: 0.670000

time = 7
tr_loss: 0.563775, tr_score: 0.716250
va_loss: 0.559717, va_score: 0.730000
te_loss: 0.490591, te_score: 0.790000

time = 7
tr_loss: 0.596651, tr_score: 0.682500
va_loss: 0.645351, va_score: 0.620000
te_loss: 0.613714, te_score: 0.670000

time = 7
tr_loss: 0.609928, tr_score: 0.683750
va_loss: 0.649255, va_score: 0.700000
te_loss: 0.616137, te_score: 0.690000

time = 7
tr_loss: 0.613199, tr_score: 0.697500
va_loss: 0.622728, va_score: 0.710000
te_loss: 0.613798, te_score: 0.710000

time = 7
tr_loss: 0.502578, tr_score: 0.737500
va_loss: 0.547334, va_score: 0.680000
te_loss: 0.553815, te_score: 0.720000

time = 7
tr_loss: 0.641810, tr_score: 0.710000
va_loss: 0.693258, va_score: 0.680000
te_loss: 0.612829, te_score: 0.760000

time = 7
tr_loss: 0.546380, tr_score: 0.743750
va_loss: 0.703311, va_score: 0.590000
te_loss: 0.643369, te_score: 0.680000

time = 7
tr_loss: 0.581674, tr_score: 0.703750
va_loss: 0.541041, va_score: 0.760000
te_loss: 0.620939, te_score: 0.690000

time = 7
tr_loss: 0.564990, tr_score: 0.716250
va_loss: 0.640811, va_score: 0.630000
te_loss: 0.574233, te_score: 0.720000

time = 7
tr_loss: 0.594515, tr_score: 0.703750
va_loss: 0.665681, va_score: 0.640000
te_loss: 0.575653, te_score: 0.730000

time = 7
tr_loss: 0.552705, tr_score: 0.726250
va_loss: 0.555051, va_score: 0.770000
te_loss: 0.604209, te_score: 0.660000

time = 7
tr_loss: 0.552599, tr_score: 0.720000
va_loss: 0.534745, va_score: 0.750000
te_loss: 0.638500, te_score: 0.670000

time = 7
tr_loss: 0.606393, tr_score: 0.695000
va_loss: 0.588734, va_score: 0.710000
te_loss: 0.587896, te_score: 0.730000

time = 7
tr_loss: 0.589661, tr_score: 0.706250
va_loss: 0.597582, va_score: 0.710000
te_loss: 0.583026, te_score: 0.730000

======================================================
7  Seed:  [ 667. 3641. 1333. 4721. 6871. 9519. 4778.  927. 8338.   13. 3683. 6570.
 1422. 3821. 5722.  599. 3527. 1784. 1921. 2070.]
tr_loss: 0.585171, tr_score: 0.705063
va_loss: 0.596192, va_score: 0.706000
te_loss: 0.590719, te_score: 0.712500
time = 8
tr_loss: 0.606995, tr_score: 0.688750
va_loss: 0.590162, va_score: 0.680000
te_loss: 0.528669, te_score: 0.820000

time = 8
tr_loss: 0.608838, tr_score: 0.682500
va_loss: 0.726532, va_score: 0.590000
te_loss: 0.524139, te_score: 0.780000

time = 8
tr_loss: 0.556458, tr_score: 0.718750
va_loss: 0.580392, va_score: 0.730000
te_loss: 0.585020, te_score: 0.710000

time = 8
tr_loss: 0.652461, tr_score: 0.677500
va_loss: 0.634518, va_score: 0.680000
te_loss: 0.607208, te_score: 0.730000

time = 8
tr_loss: 0.554728, tr_score: 0.706250
va_loss: 0.540530, va_score: 0.700000
te_loss: 0.520218, te_score: 0.720000

time = 8
tr_loss: 0.584865, tr_score: 0.716250
va_loss: 0.633197, va_score: 0.670000
te_loss: 0.606172, te_score: 0.680000

time = 8
tr_loss: 0.579332, tr_score: 0.708750
va_loss: 0.570797, va_score: 0.710000
te_loss: 0.647308, te_score: 0.650000

time = 8
tr_loss: 0.590784, tr_score: 0.705000
va_loss: 0.524001, va_score: 0.790000
te_loss: 0.591348, te_score: 0.700000

time = 8
tr_loss: 0.605233, tr_score: 0.700000
va_loss: 0.616599, va_score: 0.710000
te_loss: 0.593961, te_score: 0.740000

time = 8
tr_loss: 0.564686, tr_score: 0.711250
va_loss: 0.629849, va_score: 0.610000
te_loss: 0.588619, te_score: 0.700000

time = 8
tr_loss: 0.596942, tr_score: 0.702500
va_loss: 0.534040, va_score: 0.740000
te_loss: 0.516975, te_score: 0.740000

time = 8
tr_loss: 0.608407, tr_score: 0.698750
va_loss: 0.553482, va_score: 0.760000
te_loss: 0.626859, te_score: 0.650000

time = 8
tr_loss: 0.587249, tr_score: 0.680000
va_loss: 0.572772, va_score: 0.700000
te_loss: 0.605124, te_score: 0.690000

time = 8
tr_loss: 0.599600, tr_score: 0.686250
va_loss: 0.520283, va_score: 0.800000
te_loss: 0.554212, te_score: 0.710000

time = 8
tr_loss: 0.540430, tr_score: 0.727500
va_loss: 0.544458, va_score: 0.720000
te_loss: 0.478106, te_score: 0.710000

time = 8
tr_loss: 0.577057, tr_score: 0.722500
va_loss: 0.557635, va_score: 0.740000
te_loss: 0.668682, te_score: 0.610000

time = 8
tr_loss: 0.523638, tr_score: 0.748750
va_loss: 0.556716, va_score: 0.690000
te_loss: 0.554998, te_score: 0.690000

time = 8
tr_loss: 0.552841, tr_score: 0.722500
va_loss: 0.569996, va_score: 0.720000
te_loss: 0.520177, te_score: 0.760000

time = 8
tr_loss: 0.545637, tr_score: 0.718750
va_loss: 0.555856, va_score: 0.730000
te_loss: 0.563664, te_score: 0.730000

time = 8
tr_loss: 0.561036, tr_score: 0.715000
va_loss: 0.586108, va_score: 0.690000
te_loss: 0.622071, te_score: 0.680000

======================================================
8  Seed:  [4860. 8426. 6918. 8393. 2977. 1581. 7001.  814. 5947. 4477. 3311. 7270.
 5082. 4712. 7103. 6080. 5821. 8708. 4579. 2324.]
tr_loss: 0.579861, tr_score: 0.706875
va_loss: 0.579896, va_score: 0.708000
te_loss: 0.575177, te_score: 0.710000
time = 9
tr_loss: 0.572529, tr_score: 0.717500
va_loss: 0.501798, va_score: 0.760000
te_loss: 0.576511, te_score: 0.710000

time = 9
tr_loss: 0.553221, tr_score: 0.728750
va_loss: 0.616574, va_score: 0.640000
te_loss: 0.567176, te_score: 0.730000

time = 9
tr_loss: 0.551848, tr_score: 0.721250
va_loss: 0.568784, va_score: 0.730000
te_loss: 0.606271, te_score: 0.680000

time = 9
tr_loss: 0.622767, tr_score: 0.691250
va_loss: 0.593231, va_score: 0.720000
te_loss: 0.641136, te_score: 0.650000

time = 9
tr_loss: 0.584395, tr_score: 0.705000
va_loss: 0.546265, va_score: 0.730000
te_loss: 0.675481, te_score: 0.620000

time = 9
tr_loss: 0.555635, tr_score: 0.713750
va_loss: 0.513163, va_score: 0.780000
te_loss: 0.595077, te_score: 0.690000

time = 9
tr_loss: 0.532678, tr_score: 0.735000
va_loss: 0.515516, va_score: 0.770000
te_loss: 0.500914, te_score: 0.710000

time = 9
tr_loss: 0.510651, tr_score: 0.761250
va_loss: 0.574930, va_score: 0.670000
te_loss: 0.593688, te_score: 0.720000

time = 9
tr_loss: 0.576199, tr_score: 0.711250
va_loss: 0.546075, va_score: 0.710000
te_loss: 0.552467, te_score: 0.750000

time = 9
tr_loss: 0.551997, tr_score: 0.737500
va_loss: 0.611565, va_score: 0.680000
te_loss: 0.569766, te_score: 0.740000

time = 9
tr_loss: 0.586429, tr_score: 0.713750
va_loss: 0.570601, va_score: 0.680000
te_loss: 0.594654, te_score: 0.720000

time = 9
tr_loss: 0.574749, tr_score: 0.703750
va_loss: 0.537535, va_score: 0.760000
te_loss: 0.539523, te_score: 0.770000

time = 9
tr_loss: 0.595053, tr_score: 0.700000
va_loss: 0.599864, va_score: 0.670000
te_loss: 0.578020, te_score: 0.720000

time = 9
tr_loss: 0.522083, tr_score: 0.760000
va_loss: 0.498304, va_score: 0.740000
te_loss: 0.468794, te_score: 0.770000

time = 9
tr_loss: 0.532607, tr_score: 0.740000
va_loss: 0.646172, va_score: 0.660000
te_loss: 0.531977, te_score: 0.770000

time = 9
tr_loss: 0.583648, tr_score: 0.715000
va_loss: 0.560807, va_score: 0.730000
te_loss: 0.582691, te_score: 0.710000

time = 9
tr_loss: 0.582896, tr_score: 0.705000
va_loss: 0.617322, va_score: 0.710000
te_loss: 0.656760, te_score: 0.660000

time = 9
tr_loss: 0.615713, tr_score: 0.710000
va_loss: 0.661609, va_score: 0.670000
te_loss: 0.701788, te_score: 0.650000

time = 9
tr_loss: 0.567759, tr_score: 0.717500
va_loss: 0.580957, va_score: 0.700000
te_loss: 0.597388, te_score: 0.680000

time = 9
tr_loss: 0.578983, tr_score: 0.711250
va_loss: 0.555244, va_score: 0.750000
te_loss: 0.577849, te_score: 0.700000

======================================================
9  Seed:  [9948.  542.  232.  666. 5686. 1955. 6679. 1732. 8003. 9621. 2645. 4622.
 2831. 7236. 6932. 8781. 1798. 9886. 2715. 5559.]
tr_loss: 0.567592, tr_score: 0.719937
va_loss: 0.570816, va_score: 0.713000
te_loss: 0.585397, te_score: 0.707500
time = 10
tr_loss: 0.580267, tr_score: 0.698750
va_loss: 0.561695, va_score: 0.730000
te_loss: 0.544539, te_score: 0.730000

time = 10
tr_loss: 0.544408, tr_score: 0.708750
va_loss: 0.567562, va_score: 0.710000
te_loss: 0.522395, te_score: 0.720000

time = 10
tr_loss: 0.571803, tr_score: 0.731250
va_loss: 0.554606, va_score: 0.700000
te_loss: 0.680967, te_score: 0.630000

time = 10
tr_loss: 0.555808, tr_score: 0.711250
va_loss: 0.494050, va_score: 0.780000
te_loss: 0.497528, te_score: 0.770000

time = 10
tr_loss: 0.560675, tr_score: 0.716250
va_loss: 0.588875, va_score: 0.700000
te_loss: 0.509813, te_score: 0.760000

time = 10
tr_loss: 0.560111, tr_score: 0.721250
va_loss: 0.543512, va_score: 0.720000
te_loss: 0.481803, te_score: 0.800000

time = 10
tr_loss: 0.584334, tr_score: 0.688750
va_loss: 0.540472, va_score: 0.760000
te_loss: 0.549253, te_score: 0.730000

time = 10
tr_loss: 0.585532, tr_score: 0.711250
va_loss: 0.504707, va_score: 0.820000
te_loss: 0.549980, te_score: 0.760000

time = 10
tr_loss: 0.567089, tr_score: 0.730000
va_loss: 0.553489, va_score: 0.730000
te_loss: 0.590629, te_score: 0.710000

time = 10
tr_loss: 0.579926, tr_score: 0.698750
va_loss: 0.550958, va_score: 0.730000
te_loss: 0.600026, te_score: 0.710000

time = 10
tr_loss: 0.574919, tr_score: 0.721250
va_loss: 0.580340, va_score: 0.720000
te_loss: 0.549310, te_score: 0.770000

time = 10
tr_loss: 0.560232, tr_score: 0.717500
va_loss: 0.627612, va_score: 0.630000
te_loss: 0.576947, te_score: 0.690000

time = 10
tr_loss: 0.556229, tr_score: 0.703750
va_loss: 0.535079, va_score: 0.740000
te_loss: 0.587458, te_score: 0.740000

time = 10
tr_loss: 0.616375, tr_score: 0.688750
va_loss: 0.498266, va_score: 0.780000
te_loss: 0.497750, te_score: 0.830000

time = 10
tr_loss: 0.652185, tr_score: 0.715000
va_loss: 0.750498, va_score: 0.630000
te_loss: 0.688834, te_score: 0.660000

time = 10
tr_loss: 0.594776, tr_score: 0.690000
va_loss: 0.552459, va_score: 0.770000
te_loss: 0.561479, te_score: 0.740000

time = 10
tr_loss: 0.504236, tr_score: 0.766250
va_loss: 0.422582, va_score: 0.840000
te_loss: 0.517043, te_score: 0.750000

time = 10
tr_loss: 0.590745, tr_score: 0.691250
va_loss: 0.604687, va_score: 0.670000
te_loss: 0.598217, te_score: 0.690000

time = 10
tr_loss: 0.582379, tr_score: 0.708750
va_loss: 0.606653, va_score: 0.690000
te_loss: 0.560557, te_score: 0.730000

time = 10
tr_loss: 0.593685, tr_score: 0.707500
va_loss: 0.693949, va_score: 0.590000
te_loss: 0.559763, te_score: 0.750000

======================================================
10  Seed:  [9217. 8758. 9318. 9902. 9257. 5433. 4194. 5342. 6064. 1182. 7632. 9724.
 4507. 4141. 7028. 4431.  710. 9505. 6403. 3797.]
tr_loss: 0.575786, tr_score: 0.711312
va_loss: 0.566603, va_score: 0.722000
te_loss: 0.561215, te_score: 0.733500
time = 11
tr_loss: 0.608509, tr_score: 0.692500
va_loss: 0.506055, va_score: 0.820000
te_loss: 0.648639, te_score: 0.640000

time = 11
tr_loss: 0.557511, tr_score: 0.725000
va_loss: 0.596452, va_score: 0.710000
te_loss: 0.606379, te_score: 0.710000

time = 11
tr_loss: 0.590865, tr_score: 0.697500
va_loss: 0.630578, va_score: 0.680000
te_loss: 0.575776, te_score: 0.720000

time = 11
tr_loss: 0.592797, tr_score: 0.710000
va_loss: 0.608033, va_score: 0.690000
te_loss: 0.561733, te_score: 0.770000

time = 11
tr_loss: 0.567739, tr_score: 0.721250
va_loss: 0.616521, va_score: 0.670000
te_loss: 0.594856, te_score: 0.660000

time = 11
tr_loss: 0.547562, tr_score: 0.732500
va_loss: 0.553181, va_score: 0.730000
te_loss: 0.498884, te_score: 0.770000

time = 11
tr_loss: 0.550244, tr_score: 0.732500
va_loss: 0.611069, va_score: 0.730000
te_loss: 0.589402, te_score: 0.710000

time = 11
tr_loss: 0.588166, tr_score: 0.693750
va_loss: 0.507300, va_score: 0.790000
te_loss: 0.631290, te_score: 0.660000

time = 11
tr_loss: 0.569339, tr_score: 0.712500
va_loss: 0.626181, va_score: 0.700000
te_loss: 0.600876, te_score: 0.690000

time = 11
tr_loss: 0.582613, tr_score: 0.697500
va_loss: 0.636877, va_score: 0.620000
te_loss: 0.622295, te_score: 0.650000

time = 11
tr_loss: 0.604761, tr_score: 0.697500
va_loss: 0.666594, va_score: 0.660000
te_loss: 0.543602, te_score: 0.760000

time = 11
tr_loss: 0.551596, tr_score: 0.725000
va_loss: 0.632573, va_score: 0.620000
te_loss: 0.654549, te_score: 0.570000

time = 11
tr_loss: 0.593705, tr_score: 0.671250
va_loss: 0.585942, va_score: 0.710000
te_loss: 0.664105, te_score: 0.610000

time = 11
tr_loss: 0.580347, tr_score: 0.730000
va_loss: 0.576669, va_score: 0.740000
te_loss: 0.653947, te_score: 0.630000

time = 11
tr_loss: 0.597526, tr_score: 0.693750
va_loss: 0.586094, va_score: 0.730000
te_loss: 0.639262, te_score: 0.640000

time = 11
tr_loss: 0.582362, tr_score: 0.707500
va_loss: 0.655392, va_score: 0.640000
te_loss: 0.540359, te_score: 0.750000

time = 11
tr_loss: 0.563734, tr_score: 0.708750
va_loss: 0.543211, va_score: 0.740000
te_loss: 0.655546, te_score: 0.670000

time = 11
tr_loss: 0.562324, tr_score: 0.716250
va_loss: 0.558040, va_score: 0.720000
te_loss: 0.617964, te_score: 0.680000

time = 11
tr_loss: 0.529382, tr_score: 0.737500
va_loss: 0.506716, va_score: 0.750000
te_loss: 0.590518, te_score: 0.670000

time = 11
tr_loss: 0.593074, tr_score: 0.710000
va_loss: 0.540048, va_score: 0.770000
te_loss: 0.639085, te_score: 0.660000

======================================================
11  Seed:  [ 276. 7096. 7576. 7225. 8005. 7496. 1258. 6191. 8489. 5152. 4572. 4247.
 5941. 8136.  978. 3169. 6643. 4121. 8439. 9382.]
tr_loss: 0.575708, tr_score: 0.710625
va_loss: 0.587176, va_score: 0.711000
te_loss: 0.606453, te_score: 0.681000
time = 12
tr_loss: 0.596172, tr_score: 0.706250
va_loss: 0.639275, va_score: 0.650000
te_loss: 0.568718, te_score: 0.720000

time = 12
tr_loss: 0.614103, tr_score: 0.703750
va_loss: 0.648262, va_score: 0.660000
te_loss: 0.568906, te_score: 0.750000

time = 12
tr_loss: 0.572975, tr_score: 0.715000
va_loss: 0.609630, va_score: 0.670000
te_loss: 0.651192, te_score: 0.620000

time = 12
tr_loss: 0.587538, tr_score: 0.682500
va_loss: 0.637384, va_score: 0.690000
te_loss: 0.771078, te_score: 0.520000

time = 12
tr_loss: 0.591955, tr_score: 0.728750
va_loss: 0.633087, va_score: 0.670000
te_loss: 0.619948, te_score: 0.680000

time = 12
tr_loss: 0.552990, tr_score: 0.737500
va_loss: 0.609036, va_score: 0.720000
te_loss: 0.602085, te_score: 0.700000

time = 12
tr_loss: 0.579158, tr_score: 0.722500
va_loss: 0.664144, va_score: 0.660000
te_loss: 0.663971, te_score: 0.660000

time = 12
tr_loss: 0.606656, tr_score: 0.707500
va_loss: 0.639540, va_score: 0.660000
te_loss: 0.651124, te_score: 0.680000

time = 12
tr_loss: 0.551296, tr_score: 0.741250
va_loss: 0.576073, va_score: 0.740000
te_loss: 0.591883, te_score: 0.700000

time = 12
tr_loss: 0.546140, tr_score: 0.723750
va_loss: 0.607466, va_score: 0.680000
te_loss: 0.624087, te_score: 0.650000

time = 12
tr_loss: 0.573098, tr_score: 0.712500
va_loss: 0.590236, va_score: 0.700000
te_loss: 0.636562, te_score: 0.650000

time = 12
tr_loss: 0.551247, tr_score: 0.697500
va_loss: 0.500123, va_score: 0.760000
te_loss: 0.580882, te_score: 0.700000

time = 12
tr_loss: 0.569615, tr_score: 0.718750
va_loss: 0.581086, va_score: 0.710000
te_loss: 0.632303, te_score: 0.690000

time = 12
tr_loss: 0.569424, tr_score: 0.713750
va_loss: 0.549185, va_score: 0.750000
te_loss: 0.565500, te_score: 0.750000

time = 12
tr_loss: 0.604906, tr_score: 0.706250
va_loss: 0.550091, va_score: 0.760000
te_loss: 0.648230, te_score: 0.630000

time = 12
tr_loss: 0.586923, tr_score: 0.722500
va_loss: 0.638554, va_score: 0.670000
te_loss: 0.610955, te_score: 0.710000

time = 12
tr_loss: 0.591674, tr_score: 0.711250
va_loss: 0.646267, va_score: 0.650000
te_loss: 0.571048, te_score: 0.750000

time = 12
tr_loss: 0.586423, tr_score: 0.693750
va_loss: 0.559502, va_score: 0.720000
te_loss: 0.515064, te_score: 0.780000

time = 12
tr_loss: 0.555057, tr_score: 0.720000
va_loss: 0.588800, va_score: 0.710000
te_loss: 0.580900, te_score: 0.680000

time = 12
tr_loss: 0.585384, tr_score: 0.717500
va_loss: 0.642078, va_score: 0.620000
te_loss: 0.605231, te_score: 0.690000

======================================================
12  Seed:  [5995. 5359. 4959. 8841. 2084. 6283. 5803. 5547. 5856. 6466. 1029. 9406.
 1119. 6504. 6270.   89. 4601. 8528. 5236. 3309.]
tr_loss: 0.578637, tr_score: 0.714125
va_loss: 0.605491, va_score: 0.692500
te_loss: 0.612983, te_score: 0.685500
time = 13
tr_loss: 0.593677, tr_score: 0.700000
va_loss: 0.628715, va_score: 0.660000
te_loss: 0.576587, te_score: 0.730000

time = 13
tr_loss: 0.566505, tr_score: 0.696250
va_loss: 0.504051, va_score: 0.750000
te_loss: 0.546313, te_score: 0.730000

time = 13
tr_loss: 0.556675, tr_score: 0.731250
va_loss: 0.549078, va_score: 0.780000
te_loss: 0.768008, te_score: 0.520000

time = 13
tr_loss: 0.545861, tr_score: 0.740000
va_loss: 0.642941, va_score: 0.650000
te_loss: 0.526512, te_score: 0.760000

time = 13
tr_loss: 0.557971, tr_score: 0.707500
va_loss: 0.567607, va_score: 0.740000
te_loss: 0.582604, te_score: 0.710000

time = 13
tr_loss: 0.581996, tr_score: 0.725000
va_loss: 0.605280, va_score: 0.700000
te_loss: 0.585558, te_score: 0.700000

time = 13
tr_loss: 0.556849, tr_score: 0.710000
va_loss: 0.590307, va_score: 0.640000
te_loss: 0.546250, te_score: 0.700000

time = 13
tr_loss: 0.598843, tr_score: 0.705000
va_loss: 0.580831, va_score: 0.750000
te_loss: 0.599090, te_score: 0.710000

time = 13
tr_loss: 0.609007, tr_score: 0.690000
va_loss: 0.589701, va_score: 0.720000
te_loss: 0.539176, te_score: 0.760000

time = 13
tr_loss: 0.539622, tr_score: 0.706250
va_loss: 0.658323, va_score: 0.610000
te_loss: 0.512579, te_score: 0.770000

time = 13
tr_loss: 0.550198, tr_score: 0.721250
va_loss: 0.613325, va_score: 0.670000
te_loss: 0.669568, te_score: 0.600000

time = 13
tr_loss: 0.553139, tr_score: 0.723750
va_loss: 0.582949, va_score: 0.700000
te_loss: 0.582570, te_score: 0.670000

time = 13
tr_loss: 0.601131, tr_score: 0.703750
va_loss: 0.626606, va_score: 0.680000
te_loss: 0.601989, te_score: 0.690000

time = 13
tr_loss: 0.595964, tr_score: 0.702500
va_loss: 0.551548, va_score: 0.720000
te_loss: 0.597723, te_score: 0.690000

time = 13
tr_loss: 0.564352, tr_score: 0.698750
va_loss: 0.545197, va_score: 0.740000
te_loss: 0.509205, te_score: 0.750000

time = 13
tr_loss: 0.591906, tr_score: 0.697500
va_loss: 0.625105, va_score: 0.690000
te_loss: 0.625220, te_score: 0.670000

time = 13
tr_loss: 0.577041, tr_score: 0.720000
va_loss: 0.530726, va_score: 0.780000
te_loss: 0.659574, te_score: 0.650000

time = 13
tr_loss: 0.603574, tr_score: 0.691250
va_loss: 0.547454, va_score: 0.770000
te_loss: 0.583315, te_score: 0.720000

time = 13
tr_loss: 0.597092, tr_score: 0.706250
va_loss: 0.519973, va_score: 0.800000
te_loss: 0.607069, te_score: 0.670000

time = 13
tr_loss: 0.598410, tr_score: 0.685000
va_loss: 0.568674, va_score: 0.730000
te_loss: 0.510830, te_score: 0.800000

======================================================
13  Seed:  [3706. 3756. 2533. 6590. 1761. 5957. 4965. 8699. 1302.  214. 1426. 3422.
 9979.   35. 8073. 6183. 7853. 8174. 4923.  725.]
tr_loss: 0.576991, tr_score: 0.708063
va_loss: 0.581420, va_score: 0.714000
te_loss: 0.586487, te_score: 0.700000
time = 14
tr_loss: 0.549936, tr_score: 0.738750
va_loss: 0.598775, va_score: 0.670000
te_loss: 0.576945, te_score: 0.690000

time = 14
tr_loss: 0.560794, tr_score: 0.718750
va_loss: 0.602961, va_score: 0.690000
te_loss: 0.581735, te_score: 0.690000

time = 14
tr_loss: 0.551777, tr_score: 0.716250
va_loss: 0.545778, va_score: 0.730000
te_loss: 0.553770, te_score: 0.750000

time = 14
tr_loss: 0.595727, tr_score: 0.691250
va_loss: 0.623416, va_score: 0.680000
te_loss: 0.563217, te_score: 0.750000

time = 14
tr_loss: 0.586759, tr_score: 0.717500
va_loss: 0.601658, va_score: 0.680000
te_loss: 0.582980, te_score: 0.720000

time = 14
tr_loss: 0.580993, tr_score: 0.703750
va_loss: 0.559244, va_score: 0.730000
te_loss: 0.639334, te_score: 0.640000

time = 14
tr_loss: 0.573213, tr_score: 0.710000
va_loss: 0.515078, va_score: 0.790000
te_loss: 0.609462, te_score: 0.680000

time = 14
tr_loss: 0.570328, tr_score: 0.701250
va_loss: 0.618159, va_score: 0.660000
te_loss: 0.565105, te_score: 0.730000

time = 14
tr_loss: 0.569707, tr_score: 0.698750
va_loss: 0.541620, va_score: 0.710000
te_loss: 0.536888, te_score: 0.730000

time = 14
tr_loss: 0.602469, tr_score: 0.698750
va_loss: 0.542528, va_score: 0.780000
te_loss: 0.667882, te_score: 0.640000

time = 14
tr_loss: 0.567695, tr_score: 0.712500
va_loss: 0.485985, va_score: 0.820000
te_loss: 0.539712, te_score: 0.750000

time = 14
tr_loss: 0.571960, tr_score: 0.718750
va_loss: 0.565196, va_score: 0.730000
te_loss: 0.592824, te_score: 0.670000

time = 14
tr_loss: 0.575511, tr_score: 0.716250
va_loss: 0.535497, va_score: 0.750000
te_loss: 0.626350, te_score: 0.680000

time = 14
tr_loss: 0.570394, tr_score: 0.711250
va_loss: 0.571459, va_score: 0.730000
te_loss: 0.542692, te_score: 0.730000

time = 14
tr_loss: 0.590653, tr_score: 0.701250
va_loss: 0.634214, va_score: 0.660000
te_loss: 0.614758, te_score: 0.710000

time = 14
tr_loss: 0.614306, tr_score: 0.693750
va_loss: 0.557453, va_score: 0.750000
te_loss: 0.582476, te_score: 0.730000

time = 14
tr_loss: 0.598921, tr_score: 0.698750
va_loss: 0.569948, va_score: 0.730000
te_loss: 0.657551, te_score: 0.620000

time = 14
tr_loss: 0.606672, tr_score: 0.716250
va_loss: 0.643275, va_score: 0.690000
te_loss: 0.609374, te_score: 0.720000

time = 14
tr_loss: 0.572775, tr_score: 0.701250
va_loss: 0.598086, va_score: 0.700000
te_loss: 0.601512, te_score: 0.710000

time = 14
tr_loss: 0.588651, tr_score: 0.706250
va_loss: 0.572589, va_score: 0.750000
te_loss: 0.553818, te_score: 0.760000

======================================================
14  Seed:  [6736. 9332. 4026. 8791. 2185. 8095. 4925. 3877. 8332. 6847. 5871. 5004.
 2796. 4961. 1467. 7787. 3868. 5255. 9307. 9073.]
tr_loss: 0.579962, tr_score: 0.708562
va_loss: 0.574146, va_score: 0.721500
te_loss: 0.589919, te_score: 0.705000
time = 15
tr_loss: 0.567892, tr_score: 0.716250
va_loss: 0.550794, va_score: 0.700000
te_loss: 0.606022, te_score: 0.730000

time = 15
tr_loss: 0.609986, tr_score: 0.696250
va_loss: 0.598411, va_score: 0.720000
te_loss: 0.503882, te_score: 0.820000

time = 15
tr_loss: 0.598427, tr_score: 0.702500
va_loss: 0.597038, va_score: 0.710000
te_loss: 0.639588, te_score: 0.670000

time = 15
tr_loss: 0.585364, tr_score: 0.712500
va_loss: 0.532920, va_score: 0.740000
te_loss: 0.625753, te_score: 0.630000

time = 15
tr_loss: 0.519533, tr_score: 0.735000
va_loss: 0.508175, va_score: 0.770000
te_loss: 0.516668, te_score: 0.730000

time = 15
tr_loss: 0.574598, tr_score: 0.718750
va_loss: 0.665123, va_score: 0.650000
te_loss: 0.597529, te_score: 0.680000

time = 15
tr_loss: 0.620664, tr_score: 0.715000
va_loss: 0.642643, va_score: 0.690000
te_loss: 0.589276, te_score: 0.730000

time = 15
tr_loss: 0.617758, tr_score: 0.676250
va_loss: 0.608867, va_score: 0.730000
te_loss: 0.606045, te_score: 0.720000

time = 15
tr_loss: 0.566997, tr_score: 0.708750
va_loss: 0.564088, va_score: 0.690000
te_loss: 0.537847, te_score: 0.730000

time = 15
tr_loss: 0.605302, tr_score: 0.706250
va_loss: 0.658117, va_score: 0.640000
te_loss: 0.602616, te_score: 0.710000

time = 15
tr_loss: 0.594254, tr_score: 0.723750
va_loss: 0.566907, va_score: 0.730000
te_loss: 0.588484, te_score: 0.700000

time = 15
tr_loss: 0.542227, tr_score: 0.708750
va_loss: 0.562491, va_score: 0.700000
te_loss: 0.591371, te_score: 0.650000

time = 15
tr_loss: 0.566932, tr_score: 0.735000
va_loss: 0.521937, va_score: 0.730000
te_loss: 0.607940, te_score: 0.680000

time = 15
tr_loss: 0.581811, tr_score: 0.713750
va_loss: 0.621021, va_score: 0.680000
te_loss: 0.586384, te_score: 0.680000

time = 15
tr_loss: 0.578782, tr_score: 0.717500
va_loss: 0.592157, va_score: 0.700000
te_loss: 0.599899, te_score: 0.700000

time = 15
tr_loss: 0.547475, tr_score: 0.727500
va_loss: 0.596563, va_score: 0.660000
te_loss: 0.634633, te_score: 0.660000

time = 15
tr_loss: 0.575110, tr_score: 0.707500
va_loss: 0.524926, va_score: 0.700000
te_loss: 0.608504, te_score: 0.730000

time = 15
tr_loss: 0.592993, tr_score: 0.712500
va_loss: 0.620651, va_score: 0.670000
te_loss: 0.706159, te_score: 0.630000

time = 15
tr_loss: 0.506511, tr_score: 0.746250
va_loss: 0.470631, va_score: 0.830000
te_loss: 0.540644, te_score: 0.710000

time = 15
tr_loss: 0.637712, tr_score: 0.683750
va_loss: 0.608644, va_score: 0.730000
te_loss: 0.634996, te_score: 0.660000

======================================================
15  Seed:  [ 879. 4612.  287.  491. 3659. 8251. 7507. 1140. 3507. 4318. 9716. 8900.
 3870. 2555. 7340. 8792.  757. 6674. 3143.  691.]
tr_loss: 0.579516, tr_score: 0.713187
va_loss: 0.580605, va_score: 0.708500
te_loss: 0.596212, te_score: 0.697500
time = 16
tr_loss: 0.592739, tr_score: 0.705000
va_loss: 0.597310, va_score: 0.730000
te_loss: 0.625206, te_score: 0.650000

time = 16
tr_loss: 0.545379, tr_score: 0.736250
va_loss: 0.534993, va_score: 0.760000
te_loss: 0.630247, te_score: 0.630000

time = 16
tr_loss: 0.596536, tr_score: 0.690000
va_loss: 0.556115, va_score: 0.750000
te_loss: 0.604578, te_score: 0.690000

time = 16
tr_loss: 0.561433, tr_score: 0.722500
va_loss: 0.592816, va_score: 0.720000
te_loss: 0.560072, te_score: 0.730000

time = 16
tr_loss: 0.602957, tr_score: 0.702500
va_loss: 0.570915, va_score: 0.750000
te_loss: 0.584094, te_score: 0.720000

time = 16
tr_loss: 0.519778, tr_score: 0.745000
va_loss: 0.551935, va_score: 0.710000
te_loss: 0.633854, te_score: 0.670000

time = 16
tr_loss: 0.588872, tr_score: 0.700000
va_loss: 0.611599, va_score: 0.690000
te_loss: 0.559346, te_score: 0.710000

time = 16
tr_loss: 0.606091, tr_score: 0.695000
va_loss: 0.635258, va_score: 0.640000
te_loss: 0.645551, te_score: 0.660000

time = 16
tr_loss: 0.623368, tr_score: 0.691250
va_loss: 0.590558, va_score: 0.720000
te_loss: 0.564578, te_score: 0.760000

time = 16
tr_loss: 0.591187, tr_score: 0.717500
va_loss: 0.642975, va_score: 0.650000
te_loss: 0.658394, te_score: 0.660000

time = 16
tr_loss: 0.571760, tr_score: 0.703750
va_loss: 0.592349, va_score: 0.700000
te_loss: 0.613597, te_score: 0.670000

time = 16
tr_loss: 0.573682, tr_score: 0.707500
va_loss: 0.587512, va_score: 0.680000
te_loss: 0.628723, te_score: 0.660000

time = 16
tr_loss: 0.573827, tr_score: 0.717500
va_loss: 0.657840, va_score: 0.660000
te_loss: 0.586363, te_score: 0.720000

time = 16
tr_loss: 0.594459, tr_score: 0.693750
va_loss: 0.536658, va_score: 0.780000
te_loss: 0.528343, te_score: 0.780000

time = 16
tr_loss: 0.600980, tr_score: 0.671250
va_loss: 0.522408, va_score: 0.770000
te_loss: 0.567551, te_score: 0.700000

time = 16
tr_loss: 0.602307, tr_score: 0.703750
va_loss: 0.665708, va_score: 0.660000
te_loss: 0.634660, te_score: 0.650000

time = 16
tr_loss: 0.624138, tr_score: 0.690000
va_loss: 0.555043, va_score: 0.730000
te_loss: 0.641093, te_score: 0.660000

time = 16
tr_loss: 0.599094, tr_score: 0.716250
va_loss: 0.647795, va_score: 0.670000
te_loss: 0.619814, te_score: 0.700000

time = 16
tr_loss: 0.595897, tr_score: 0.703750
va_loss: 0.536312, va_score: 0.770000
te_loss: 0.601843, te_score: 0.710000

time = 16
tr_loss: 0.532713, tr_score: 0.730000
va_loss: 0.582924, va_score: 0.680000
te_loss: 0.511820, te_score: 0.750000

======================================================
16  Seed:  [9082. 6878.  978. 6918.   35. 3547.  812. 1562. 5243. 8191. 5330. 4602.
 2929. 4830.  303. 9956. 3156. 7475. 4637.  734.]
tr_loss: 0.584860, tr_score: 0.707125
va_loss: 0.588451, va_score: 0.711000
te_loss: 0.599986, te_score: 0.694000
time = 17
tr_loss: 0.571067, tr_score: 0.700000
va_loss: 0.586285, va_score: 0.720000
te_loss: 0.564475, te_score: 0.680000

time = 17
tr_loss: 0.591765, tr_score: 0.713750
va_loss: 0.641873, va_score: 0.660000
te_loss: 0.611441, te_score: 0.730000

time = 17
tr_loss: 0.605902, tr_score: 0.723750
va_loss: 0.690792, va_score: 0.630000
te_loss: 0.635306, te_score: 0.690000

time = 17
tr_loss: 0.552002, tr_score: 0.723750
va_loss: 0.603497, va_score: 0.670000
te_loss: 0.568308, te_score: 0.760000

time = 17
tr_loss: 0.590579, tr_score: 0.698750
va_loss: 0.541269, va_score: 0.760000
te_loss: 0.548007, te_score: 0.750000

time = 17
tr_loss: 0.593860, tr_score: 0.706250
va_loss: 0.604224, va_score: 0.690000
te_loss: 0.632660, te_score: 0.670000

time = 17
tr_loss: 0.570787, tr_score: 0.715000
va_loss: 0.629501, va_score: 0.650000
te_loss: 0.589459, te_score: 0.680000

time = 17
tr_loss: 0.595773, tr_score: 0.717500
va_loss: 0.619435, va_score: 0.690000
te_loss: 0.661808, te_score: 0.660000

time = 17
tr_loss: 0.602229, tr_score: 0.695000
va_loss: 0.589708, va_score: 0.700000
te_loss: 0.584531, te_score: 0.740000

time = 17
tr_loss: 0.570018, tr_score: 0.716250
va_loss: 0.619520, va_score: 0.700000
te_loss: 0.685449, te_score: 0.580000

time = 17
tr_loss: 0.583418, tr_score: 0.718750
va_loss: 0.620114, va_score: 0.690000
te_loss: 0.614111, te_score: 0.680000

time = 17
tr_loss: 0.569864, tr_score: 0.713750
va_loss: 0.628901, va_score: 0.670000
te_loss: 0.586975, te_score: 0.700000

time = 17
tr_loss: 0.547076, tr_score: 0.727500
va_loss: 0.540904, va_score: 0.750000
te_loss: 0.512062, te_score: 0.720000

time = 17
tr_loss: 0.565298, tr_score: 0.706250
va_loss: 0.530759, va_score: 0.750000
te_loss: 0.556748, te_score: 0.770000

time = 17
tr_loss: 0.568337, tr_score: 0.728750
va_loss: 0.672580, va_score: 0.630000
te_loss: 0.606859, te_score: 0.690000

time = 17
tr_loss: 0.604308, tr_score: 0.692500
va_loss: 0.538385, va_score: 0.740000
te_loss: 0.549305, te_score: 0.740000

time = 17
tr_loss: 0.601542, tr_score: 0.710000
va_loss: 0.662131, va_score: 0.630000
te_loss: 0.584151, te_score: 0.740000

time = 17
tr_loss: 0.534943, tr_score: 0.712500
va_loss: 0.521315, va_score: 0.730000
te_loss: 0.534583, te_score: 0.740000

time = 17
tr_loss: 0.588143, tr_score: 0.708750
va_loss: 0.559651, va_score: 0.740000
te_loss: 0.600238, te_score: 0.700000

time = 17
tr_loss: 0.519493, tr_score: 0.743750
va_loss: 0.517350, va_score: 0.780000
te_loss: 0.547916, te_score: 0.730000

======================================================
17  Seed:  [9997. 6891. 7283.  296. 4194.  627. 9187. 9699.  412. 3964. 5059. 1882.
 6859. 7098. 9012. 6459. 3018. 8410. 9321. 1260.]
tr_loss: 0.576320, tr_score: 0.713625
va_loss: 0.595910, va_score: 0.699000
te_loss: 0.588720, te_score: 0.707500
time = 18
tr_loss: 0.576309, tr_score: 0.702500
va_loss: 0.555181, va_score: 0.730000
te_loss: 0.543012, te_score: 0.740000

time = 18
tr_loss: 0.566249, tr_score: 0.715000
va_loss: 0.553926, va_score: 0.720000
te_loss: 0.514020, te_score: 0.710000

time = 18
tr_loss: 0.583570, tr_score: 0.726250
va_loss: 0.556777, va_score: 0.760000
te_loss: 0.598878, te_score: 0.710000

time = 18
tr_loss: 0.559758, tr_score: 0.726250
va_loss: 0.580667, va_score: 0.710000
te_loss: 0.543419, te_score: 0.720000

time = 18
tr_loss: 0.582446, tr_score: 0.707500
va_loss: 0.674582, va_score: 0.650000
te_loss: 0.498901, te_score: 0.760000

time = 18
tr_loss: 0.581388, tr_score: 0.716250
va_loss: 0.618939, va_score: 0.670000
te_loss: 0.542595, te_score: 0.740000

time = 18
tr_loss: 0.585250, tr_score: 0.705000
va_loss: 0.627046, va_score: 0.630000
te_loss: 0.542439, te_score: 0.740000

time = 18
tr_loss: 0.554037, tr_score: 0.725000
va_loss: 0.597922, va_score: 0.700000
te_loss: 0.666341, te_score: 0.610000

time = 18
tr_loss: 0.570340, tr_score: 0.716250
va_loss: 0.579656, va_score: 0.730000
te_loss: 0.611363, te_score: 0.680000

time = 18
tr_loss: 0.605144, tr_score: 0.708750
va_loss: 0.603545, va_score: 0.700000
te_loss: 0.612216, te_score: 0.700000

time = 18
tr_loss: 0.589422, tr_score: 0.713750
va_loss: 0.686333, va_score: 0.630000
te_loss: 0.542087, te_score: 0.770000

time = 18
tr_loss: 0.587884, tr_score: 0.716250
va_loss: 0.599117, va_score: 0.730000
te_loss: 0.596165, te_score: 0.730000

time = 18
tr_loss: 0.624364, tr_score: 0.702500
va_loss: 0.654552, va_score: 0.700000
te_loss: 0.615828, te_score: 0.730000

time = 18
tr_loss: 0.594859, tr_score: 0.701250
va_loss: 0.531440, va_score: 0.740000
te_loss: 0.561161, te_score: 0.730000

time = 18
tr_loss: 0.612616, tr_score: 0.682500
va_loss: 0.552122, va_score: 0.750000
te_loss: 0.565786, te_score: 0.750000

time = 18
tr_loss: 0.585589, tr_score: 0.692500
va_loss: 0.517280, va_score: 0.760000
te_loss: 0.525787, te_score: 0.770000

time = 18
tr_loss: 0.578954, tr_score: 0.710000
va_loss: 0.597316, va_score: 0.700000
te_loss: 0.529909, te_score: 0.770000

time = 18
tr_loss: 0.594257, tr_score: 0.703750
va_loss: 0.537747, va_score: 0.780000
te_loss: 0.633979, te_score: 0.660000

time = 18
tr_loss: 0.608808, tr_score: 0.700000
va_loss: 0.577502, va_score: 0.740000
te_loss: 0.602982, te_score: 0.680000

time = 18
tr_loss: 0.607750, tr_score: 0.715000
va_loss: 0.531429, va_score: 0.750000
te_loss: 0.651375, te_score: 0.720000

======================================================
18  Seed:  [ 873. 4207. 9606. 9170. 6333. 9407. 8590.  438. 6112. 2282. 5826. 4132.
 5788. 3773.  899. 1544. 7119. 3120. 1138. 3253.]
tr_loss: 0.587450, tr_score: 0.709312
va_loss: 0.586654, va_score: 0.714000
te_loss: 0.574912, te_score: 0.721000
time = 19
tr_loss: 0.544683, tr_score: 0.713750
va_loss: 0.607967, va_score: 0.660000
te_loss: 0.609227, te_score: 0.650000

time = 19
tr_loss: 0.615152, tr_score: 0.651250
va_loss: 0.594665, va_score: 0.720000
te_loss: 0.652182, te_score: 0.630000

time = 19
tr_loss: 0.595796, tr_score: 0.705000
va_loss: 0.531758, va_score: 0.810000
te_loss: 0.608688, te_score: 0.710000

time = 19
tr_loss: 0.589301, tr_score: 0.715000
va_loss: 0.595928, va_score: 0.700000
te_loss: 0.605511, te_score: 0.710000

time = 19
tr_loss: 0.573652, tr_score: 0.712500
va_loss: 0.575717, va_score: 0.700000
te_loss: 0.569772, te_score: 0.720000

time = 19
tr_loss: 0.569790, tr_score: 0.702500
va_loss: 0.581175, va_score: 0.720000
te_loss: 0.624709, te_score: 0.670000

time = 19
tr_loss: 0.592029, tr_score: 0.708750
va_loss: 0.569038, va_score: 0.740000
te_loss: 0.664161, te_score: 0.670000

time = 19
tr_loss: 0.572295, tr_score: 0.718750
va_loss: 0.635164, va_score: 0.670000
te_loss: 0.585358, te_score: 0.730000

time = 19
tr_loss: 0.596425, tr_score: 0.698750
va_loss: 0.650063, va_score: 0.690000
te_loss: 0.569567, te_score: 0.750000

time = 19
tr_loss: 0.564187, tr_score: 0.707500
va_loss: 0.585063, va_score: 0.680000
te_loss: 0.628818, te_score: 0.700000

time = 19
tr_loss: 0.575636, tr_score: 0.715000
va_loss: 0.624495, va_score: 0.670000
te_loss: 0.602838, te_score: 0.720000

time = 19
tr_loss: 0.567207, tr_score: 0.722500
va_loss: 0.581873, va_score: 0.710000
te_loss: 0.588829, te_score: 0.710000

time = 19
tr_loss: 0.591410, tr_score: 0.711250
va_loss: 0.652791, va_score: 0.640000
te_loss: 0.675708, te_score: 0.640000

time = 19
tr_loss: 0.496299, tr_score: 0.768750
va_loss: 0.463879, va_score: 0.790000
te_loss: 0.530962, te_score: 0.780000

time = 19
tr_loss: 0.608487, tr_score: 0.701250
va_loss: 0.682277, va_score: 0.690000
te_loss: 0.577982, te_score: 0.730000

time = 19
tr_loss: 0.592897, tr_score: 0.700000
va_loss: 0.529517, va_score: 0.750000
te_loss: 0.566164, te_score: 0.750000

time = 19
tr_loss: 0.549686, tr_score: 0.728750
va_loss: 0.589166, va_score: 0.700000
te_loss: 0.574357, te_score: 0.710000

time = 19
tr_loss: 0.587340, tr_score: 0.706250
va_loss: 0.611649, va_score: 0.670000
te_loss: 0.570210, te_score: 0.730000

time = 19
tr_loss: 0.593867, tr_score: 0.708750
va_loss: 0.558328, va_score: 0.740000
te_loss: 0.595061, te_score: 0.710000

time = 19
tr_loss: 0.599259, tr_score: 0.700000
va_loss: 0.639158, va_score: 0.640000
te_loss: 0.547731, te_score: 0.770000

======================================================
19  Seed:  [3709. 6253. 7969. 4492. 4878.  212. 2129. 7387.  610. 9877. 6936. 8416.
 1824. 6324. 9841. 5493. 7619. 7977.  518. 1963.]
tr_loss: 0.578770, tr_score: 0.709813
va_loss: 0.592984, va_score: 0.704500
te_loss: 0.597392, te_score: 0.709500
time = 20
tr_loss: 0.588991, tr_score: 0.712500
va_loss: 0.596803, va_score: 0.700000
te_loss: 0.585224, te_score: 0.700000

time = 20
tr_loss: 0.578546, tr_score: 0.700000
va_loss: 0.557507, va_score: 0.750000
te_loss: 0.571284, te_score: 0.710000

time = 20
tr_loss: 0.587568, tr_score: 0.705000
va_loss: 0.605745, va_score: 0.690000
te_loss: 0.636926, te_score: 0.680000

time = 20
tr_loss: 0.528620, tr_score: 0.727500
va_loss: 0.598253, va_score: 0.710000
te_loss: 0.505847, te_score: 0.740000

time = 20
tr_loss: 0.605422, tr_score: 0.706250
va_loss: 0.668046, va_score: 0.630000
te_loss: 0.594566, te_score: 0.710000

time = 20
tr_loss: 0.605522, tr_score: 0.696250
va_loss: 0.548715, va_score: 0.750000
te_loss: 0.575069, te_score: 0.690000

time = 20
tr_loss: 0.586077, tr_score: 0.717500
va_loss: 0.545123, va_score: 0.770000
te_loss: 0.609048, te_score: 0.700000

time = 20
tr_loss: 0.589734, tr_score: 0.686250
va_loss: 0.675012, va_score: 0.600000
te_loss: 0.596910, te_score: 0.680000

time = 20
tr_loss: 0.594721, tr_score: 0.710000
va_loss: 0.585033, va_score: 0.720000
te_loss: 0.562297, te_score: 0.750000

time = 20
tr_loss: 0.596491, tr_score: 0.691250
va_loss: 0.536370, va_score: 0.780000
te_loss: 0.574414, te_score: 0.720000

time = 20
tr_loss: 0.609274, tr_score: 0.690000
va_loss: 0.622834, va_score: 0.630000
te_loss: 0.558734, te_score: 0.720000

time = 20
tr_loss: 0.586047, tr_score: 0.700000
va_loss: 0.590296, va_score: 0.720000
te_loss: 0.554090, te_score: 0.760000

time = 20
tr_loss: 0.586023, tr_score: 0.705000
va_loss: 0.574592, va_score: 0.730000
te_loss: 0.590877, te_score: 0.660000

time = 20
tr_loss: 0.563222, tr_score: 0.716250
va_loss: 0.624146, va_score: 0.680000
te_loss: 0.577001, te_score: 0.720000

time = 20
tr_loss: 0.601233, tr_score: 0.713750
va_loss: 0.602613, va_score: 0.720000
te_loss: 0.607704, te_score: 0.700000

time = 20
tr_loss: 0.557124, tr_score: 0.713750
va_loss: 0.644795, va_score: 0.640000
te_loss: 0.546350, te_score: 0.690000

time = 20
tr_loss: 0.567122, tr_score: 0.716250
va_loss: 0.573240, va_score: 0.700000
te_loss: 0.554905, te_score: 0.740000

time = 20
tr_loss: 0.563890, tr_score: 0.703750
va_loss: 0.551978, va_score: 0.700000
te_loss: 0.593231, te_score: 0.720000

time = 20
tr_loss: 0.560904, tr_score: 0.712500
va_loss: 0.512770, va_score: 0.760000
te_loss: 0.567209, te_score: 0.720000

time = 20
tr_loss: 0.595962, tr_score: 0.707500
va_loss: 0.606584, va_score: 0.680000
te_loss: 0.614638, te_score: 0.690000

======================================================
20  Seed:  [8890. 5137. 6638. 5364. 3035. 4210. 5798. 9783. 7946.  146. 8127. 1556.
 1338. 7812. 5900. 6230. 6141. 6234. 5455. 7649.]
tr_loss: 0.582625, tr_score: 0.706562
va_loss: 0.591023, va_score: 0.703000
te_loss: 0.578816, te_score: 0.710000


mid seed:  [9997. 6891. 7283.  296. 4194.  627. 9187. 9699.  412. 3964. 5059. 1882.
 6859. 7098. 9012. 6459. 3018. 8410. 9321. 1260.]
mid test scores 0.7075
