time = 0
tr_loss: 0.591085, tr_score: 0.707500
va_loss: 0.626036, va_score: 0.640000
te_loss: 0.571283, te_score: 0.750000

time = 0
tr_loss: 0.583689, tr_score: 0.713750
va_loss: 0.633419, va_score: 0.660000
te_loss: 0.672901, te_score: 0.630000

time = 0
tr_loss: 0.551727, tr_score: 0.723750
va_loss: 0.612741, va_score: 0.670000
te_loss: 0.627072, te_score: 0.670000

time = 0
tr_loss: 0.604164, tr_score: 0.697500
va_loss: 0.561321, va_score: 0.740000
te_loss: 0.575417, te_score: 0.710000

time = 0
tr_loss: 0.609484, tr_score: 0.692500
va_loss: 0.622537, va_score: 0.680000
te_loss: 0.549200, te_score: 0.780000

time = 0
tr_loss: 0.587149, tr_score: 0.718750
va_loss: 0.604382, va_score: 0.640000
te_loss: 0.677160, te_score: 0.630000

time = 0
tr_loss: 0.514845, tr_score: 0.738750
va_loss: 0.517700, va_score: 0.730000
te_loss: 0.437852, te_score: 0.820000

time = 0
tr_loss: 0.598947, tr_score: 0.703750
va_loss: 0.521639, va_score: 0.800000
te_loss: 0.617886, te_score: 0.700000

time = 0
tr_loss: 0.590778, tr_score: 0.708750
va_loss: 0.560408, va_score: 0.730000
te_loss: 0.579325, te_score: 0.730000

time = 0
tr_loss: 0.583488, tr_score: 0.697500
va_loss: 0.601249, va_score: 0.630000
te_loss: 0.474196, te_score: 0.800000

time = 0
tr_loss: 0.585492, tr_score: 0.696250
va_loss: 0.564826, va_score: 0.730000
te_loss: 0.681239, te_score: 0.620000

time = 0
tr_loss: 0.602640, tr_score: 0.713750
va_loss: 0.599287, va_score: 0.710000
te_loss: 0.759944, te_score: 0.560000

time = 0
tr_loss: 0.580372, tr_score: 0.718750
va_loss: 0.588572, va_score: 0.700000
te_loss: 0.683802, te_score: 0.620000

time = 0
tr_loss: 0.549802, tr_score: 0.728750
va_loss: 0.521456, va_score: 0.750000
te_loss: 0.652257, te_score: 0.610000

time = 0
tr_loss: 0.584791, tr_score: 0.707500
va_loss: 0.626770, va_score: 0.700000
te_loss: 0.617893, te_score: 0.700000

time = 0
tr_loss: 0.573932, tr_score: 0.716250
va_loss: 0.596041, va_score: 0.680000
te_loss: 0.564430, te_score: 0.700000

time = 0
tr_loss: 0.554675, tr_score: 0.703750
va_loss: 0.637254, va_score: 0.650000
te_loss: 0.566604, te_score: 0.720000

time = 0
tr_loss: 0.537633, tr_score: 0.735000
va_loss: 0.587626, va_score: 0.680000
te_loss: 0.576426, te_score: 0.690000

time = 0
tr_loss: 0.544486, tr_score: 0.740000
va_loss: 0.583836, va_score: 0.690000
te_loss: 0.691361, te_score: 0.640000

time = 0
tr_loss: 0.584397, tr_score: 0.698750
va_loss: 0.558379, va_score: 0.780000
te_loss: 0.613379, te_score: 0.650000

======================================================
0  Seed:  [ 140. 2411. 2238. 5068. 2300. 9812. 6334. 4380. 4021. 8554. 2226. 8534.
 4715. 7921. 4457. 6212.  255.  495. 8301.  932.]
tr_loss: 0.575679, tr_score: 0.713062
va_loss: 0.586274, va_score: 0.699500
te_loss: 0.609481, te_score: 0.686500
time = 1
tr_loss: 0.591771, tr_score: 0.731250
va_loss: 0.640219, va_score: 0.630000
te_loss: 0.633720, te_score: 0.710000

time = 1
tr_loss: 0.563096, tr_score: 0.731250
va_loss: 0.661915, va_score: 0.650000
te_loss: 0.548041, te_score: 0.740000

time = 1
tr_loss: 0.577116, tr_score: 0.697500
va_loss: 0.599253, va_score: 0.670000
te_loss: 0.529551, te_score: 0.730000

time = 1
tr_loss: 0.536175, tr_score: 0.721250
va_loss: 0.542197, va_score: 0.740000
te_loss: 0.587245, te_score: 0.680000

time = 1
tr_loss: 0.538506, tr_score: 0.718750
va_loss: 0.606682, va_score: 0.630000
te_loss: 0.545623, te_score: 0.700000

time = 1
tr_loss: 0.585833, tr_score: 0.708750
va_loss: 0.597459, va_score: 0.670000
te_loss: 0.543524, te_score: 0.770000

time = 1
tr_loss: 0.610175, tr_score: 0.702500
va_loss: 0.605200, va_score: 0.710000
te_loss: 0.665857, te_score: 0.670000

time = 1
tr_loss: 0.602576, tr_score: 0.687500
va_loss: 0.587363, va_score: 0.710000
te_loss: 0.580159, te_score: 0.680000

time = 1
tr_loss: 0.584128, tr_score: 0.711250
va_loss: 0.597123, va_score: 0.710000
te_loss: 0.540791, te_score: 0.750000

time = 1
tr_loss: 0.560626, tr_score: 0.726250
va_loss: 0.561912, va_score: 0.730000
te_loss: 0.618485, te_score: 0.670000

time = 1
tr_loss: 0.616560, tr_score: 0.693750
va_loss: 0.636596, va_score: 0.670000
te_loss: 0.545992, te_score: 0.780000

time = 1
tr_loss: 0.574937, tr_score: 0.723750
va_loss: 0.628755, va_score: 0.680000
te_loss: 0.595700, te_score: 0.710000

time = 1
tr_loss: 0.593381, tr_score: 0.713750
va_loss: 0.518415, va_score: 0.810000
te_loss: 0.664882, te_score: 0.630000

time = 1
tr_loss: 0.580382, tr_score: 0.703750
va_loss: 0.580713, va_score: 0.730000
te_loss: 0.563920, te_score: 0.720000

time = 1
tr_loss: 0.576417, tr_score: 0.712500
va_loss: 0.654144, va_score: 0.650000
te_loss: 0.577951, te_score: 0.700000

time = 1
tr_loss: 0.574664, tr_score: 0.708750
va_loss: 0.597221, va_score: 0.690000
te_loss: 0.583960, te_score: 0.700000

time = 1
tr_loss: 0.595487, tr_score: 0.701250
va_loss: 0.525327, va_score: 0.760000
te_loss: 0.598031, te_score: 0.650000

time = 1
tr_loss: 0.596551, tr_score: 0.703750
va_loss: 0.614500, va_score: 0.660000
te_loss: 0.600269, te_score: 0.710000

time = 1
tr_loss: 0.580236, tr_score: 0.715000
va_loss: 0.495853, va_score: 0.820000
te_loss: 0.644430, te_score: 0.680000

time = 1
tr_loss: 0.602051, tr_score: 0.703750
va_loss: 0.581911, va_score: 0.740000
te_loss: 0.547646, te_score: 0.770000

======================================================
1  Seed:  [8640.  888. 4066.  552. 1437. 6591. 8969.  824. 8811.  938.  550. 9822.
 6241. 3057. 1352. 8361. 5326. 3377. 2314. 8889.]
tr_loss: 0.582033, tr_score: 0.710812
va_loss: 0.591638, va_score: 0.703000
te_loss: 0.585789, te_score: 0.707500
time = 2
tr_loss: 0.636997, tr_score: 0.693750
va_loss: 0.715142, va_score: 0.700000
te_loss: 0.646514, te_score: 0.700000

time = 2
tr_loss: 0.596300, tr_score: 0.687500
va_loss: 0.555179, va_score: 0.780000
te_loss: 0.596334, te_score: 0.720000

time = 2
tr_loss: 0.559953, tr_score: 0.701250
va_loss: 0.511688, va_score: 0.770000
te_loss: 0.595108, te_score: 0.710000

time = 2
tr_loss: 0.580765, tr_score: 0.705000
va_loss: 0.621282, va_score: 0.680000
te_loss: 0.543852, te_score: 0.740000

time = 2
tr_loss: 0.557351, tr_score: 0.726250
va_loss: 0.550785, va_score: 0.720000
te_loss: 0.436514, te_score: 0.800000

time = 2
tr_loss: 0.573089, tr_score: 0.708750
va_loss: 0.585327, va_score: 0.700000
te_loss: 0.651394, te_score: 0.630000

time = 2
tr_loss: 0.581710, tr_score: 0.713750
va_loss: 0.664848, va_score: 0.650000
te_loss: 0.598520, te_score: 0.710000

time = 2
tr_loss: 0.588761, tr_score: 0.690000
va_loss: 0.559451, va_score: 0.770000
te_loss: 0.563118, te_score: 0.730000

time = 2
tr_loss: 0.588622, tr_score: 0.726250
va_loss: 0.534796, va_score: 0.730000
te_loss: 0.618998, te_score: 0.700000

time = 2
tr_loss: 0.579377, tr_score: 0.697500
va_loss: 0.559849, va_score: 0.750000
te_loss: 0.570493, te_score: 0.690000

time = 2
tr_loss: 0.579477, tr_score: 0.711250
va_loss: 0.553375, va_score: 0.710000
te_loss: 0.601739, te_score: 0.660000

time = 2
tr_loss: 0.598569, tr_score: 0.695000
va_loss: 0.570593, va_score: 0.730000
te_loss: 0.518528, te_score: 0.750000

time = 2
tr_loss: 0.576278, tr_score: 0.712500
va_loss: 0.558411, va_score: 0.730000
te_loss: 0.585949, te_score: 0.680000

time = 2
tr_loss: 0.554822, tr_score: 0.702500
va_loss: 0.546790, va_score: 0.780000
te_loss: 0.568092, te_score: 0.710000

time = 2
tr_loss: 0.582357, tr_score: 0.705000
va_loss: 0.542165, va_score: 0.720000
te_loss: 0.574878, te_score: 0.720000

time = 2
tr_loss: 0.612263, tr_score: 0.696250
va_loss: 0.567638, va_score: 0.720000
te_loss: 0.543560, te_score: 0.760000

time = 2
tr_loss: 0.581191, tr_score: 0.721250
va_loss: 0.623616, va_score: 0.680000
te_loss: 0.636644, te_score: 0.650000

time = 2
tr_loss: 0.616248, tr_score: 0.697500
va_loss: 0.646996, va_score: 0.630000
te_loss: 0.534536, te_score: 0.730000

time = 2
tr_loss: 0.503649, tr_score: 0.772500
va_loss: 0.513374, va_score: 0.740000
te_loss: 0.539159, te_score: 0.730000

time = 2
tr_loss: 0.606172, tr_score: 0.707500
va_loss: 0.572033, va_score: 0.740000
te_loss: 0.622655, te_score: 0.690000

======================================================
2  Seed:  [5478. 7027. 2150. 7559. 3662. 2043. 8598. 4158. 6442. 4398. 3939. 9768.
 5143. 2231.  162. 6860. 3496. 7749. 2530. 2730.]
tr_loss: 0.582698, tr_score: 0.708562
va_loss: 0.577667, va_score: 0.721500
te_loss: 0.577329, te_score: 0.710500
time = 3
tr_loss: 0.622357, tr_score: 0.702500
va_loss: 0.654498, va_score: 0.670000
te_loss: 0.632589, te_score: 0.690000

time = 3
tr_loss: 0.555275, tr_score: 0.723750
va_loss: 0.578067, va_score: 0.680000
te_loss: 0.557362, te_score: 0.720000

time = 3
tr_loss: 0.553872, tr_score: 0.721250
va_loss: 0.614162, va_score: 0.700000
te_loss: 0.628329, te_score: 0.700000

time = 3
tr_loss: 0.528563, tr_score: 0.747500
va_loss: 0.547543, va_score: 0.700000
te_loss: 0.546849, te_score: 0.770000

time = 3
tr_loss: 0.544377, tr_score: 0.730000
va_loss: 0.547857, va_score: 0.690000
te_loss: 0.585666, te_score: 0.690000

time = 3
tr_loss: 0.590788, tr_score: 0.706250
va_loss: 0.533550, va_score: 0.800000
te_loss: 0.602013, te_score: 0.650000

time = 3
tr_loss: 0.588468, tr_score: 0.718750
va_loss: 0.679289, va_score: 0.620000
te_loss: 0.619714, te_score: 0.700000

time = 3
tr_loss: 0.586442, tr_score: 0.686250
va_loss: 0.636061, va_score: 0.670000
te_loss: 0.620387, te_score: 0.670000

time = 3
tr_loss: 0.579381, tr_score: 0.716250
va_loss: 0.638761, va_score: 0.670000
te_loss: 0.583969, te_score: 0.700000

time = 3
tr_loss: 0.581591, tr_score: 0.707500
va_loss: 0.564679, va_score: 0.720000
te_loss: 0.567994, te_score: 0.720000

time = 3
tr_loss: 0.543954, tr_score: 0.733750
va_loss: 0.577367, va_score: 0.740000
te_loss: 0.556856, te_score: 0.710000

time = 3
tr_loss: 0.564347, tr_score: 0.723750
va_loss: 0.542483, va_score: 0.730000
te_loss: 0.603082, te_score: 0.670000

time = 3
tr_loss: 0.571878, tr_score: 0.712500
va_loss: 0.543510, va_score: 0.710000
te_loss: 0.605772, te_score: 0.690000

time = 3
tr_loss: 0.565866, tr_score: 0.716250
va_loss: 0.627588, va_score: 0.670000
te_loss: 0.486802, te_score: 0.810000

time = 3
tr_loss: 0.562800, tr_score: 0.716250
va_loss: 0.668697, va_score: 0.600000
te_loss: 0.584459, te_score: 0.680000

time = 3
tr_loss: 0.544399, tr_score: 0.737500
va_loss: 0.584844, va_score: 0.690000
te_loss: 0.515969, te_score: 0.770000

time = 3
tr_loss: 0.606192, tr_score: 0.708750
va_loss: 0.636928, va_score: 0.710000
te_loss: 0.640157, te_score: 0.680000

time = 3
tr_loss: 0.602607, tr_score: 0.711250
va_loss: 0.671871, va_score: 0.610000
te_loss: 0.590925, te_score: 0.730000

time = 3
tr_loss: 0.524107, tr_score: 0.751250
va_loss: 0.568827, va_score: 0.680000
te_loss: 0.511555, te_score: 0.730000

time = 3
tr_loss: 0.552010, tr_score: 0.720000
va_loss: 0.584919, va_score: 0.710000
te_loss: 0.530198, te_score: 0.740000

======================================================
3  Seed:  [6469. 3301. 7178. 4323. 9525.  454. 7215. 4562. 5178. 3971. 9338. 3960.
 2970. 9630. 2254.  396. 4264. 8949. 7913. 1289.]
tr_loss: 0.568464, tr_score: 0.719563
va_loss: 0.600075, va_score: 0.688500
te_loss: 0.578532, te_score: 0.711000
time = 4
tr_loss: 0.572587, tr_score: 0.687500
va_loss: 0.523008, va_score: 0.730000
te_loss: 0.506715, te_score: 0.780000

time = 4
tr_loss: 0.607653, tr_score: 0.692500
va_loss: 0.569920, va_score: 0.740000
te_loss: 0.583045, te_score: 0.720000

time = 4
tr_loss: 0.518076, tr_score: 0.755000
va_loss: 0.545706, va_score: 0.710000
te_loss: 0.582437, te_score: 0.710000

time = 4
tr_loss: 0.641451, tr_score: 0.693750
va_loss: 0.622490, va_score: 0.720000
te_loss: 0.650616, te_score: 0.650000

time = 4
tr_loss: 0.585597, tr_score: 0.705000
va_loss: 0.628264, va_score: 0.670000
te_loss: 0.582470, te_score: 0.700000

time = 4
tr_loss: 0.604549, tr_score: 0.710000
va_loss: 0.574823, va_score: 0.750000
te_loss: 0.541113, te_score: 0.760000

time = 4
tr_loss: 0.587917, tr_score: 0.693750
va_loss: 0.602900, va_score: 0.720000
te_loss: 0.566841, te_score: 0.720000

time = 4
tr_loss: 0.582770, tr_score: 0.707500
va_loss: 0.658153, va_score: 0.640000
te_loss: 0.539257, te_score: 0.760000

time = 4
tr_loss: 0.569079, tr_score: 0.718750
va_loss: 0.606262, va_score: 0.660000
te_loss: 0.506233, te_score: 0.760000

time = 4
tr_loss: 0.533446, tr_score: 0.725000
va_loss: 0.557127, va_score: 0.720000
te_loss: 0.521710, te_score: 0.740000

time = 4
tr_loss: 0.579171, tr_score: 0.706250
va_loss: 0.648577, va_score: 0.640000
te_loss: 0.583379, te_score: 0.710000

time = 4
tr_loss: 0.587734, tr_score: 0.720000
va_loss: 0.580870, va_score: 0.700000
te_loss: 0.593869, te_score: 0.710000

time = 4
tr_loss: 0.573344, tr_score: 0.703750
va_loss: 0.551740, va_score: 0.760000
te_loss: 0.594690, te_score: 0.660000

time = 4
tr_loss: 0.575891, tr_score: 0.703750
va_loss: 0.528889, va_score: 0.760000
te_loss: 0.538719, te_score: 0.750000

time = 4
tr_loss: 0.573692, tr_score: 0.713750
va_loss: 0.586325, va_score: 0.720000
te_loss: 0.670021, te_score: 0.610000

time = 4
tr_loss: 0.589046, tr_score: 0.693750
va_loss: 0.543126, va_score: 0.770000
te_loss: 0.575968, te_score: 0.720000

time = 4
tr_loss: 0.578055, tr_score: 0.698750
va_loss: 0.535518, va_score: 0.760000
te_loss: 0.547474, te_score: 0.680000

time = 4
tr_loss: 0.588783, tr_score: 0.718750
va_loss: 0.585116, va_score: 0.740000
te_loss: 0.586812, te_score: 0.700000

time = 4
tr_loss: 0.573445, tr_score: 0.722500
va_loss: 0.676586, va_score: 0.620000
te_loss: 0.589924, te_score: 0.690000

time = 4
tr_loss: 0.538104, tr_score: 0.741250
va_loss: 0.529618, va_score: 0.740000
te_loss: 0.489551, te_score: 0.790000

======================================================
4  Seed:  [8744.  130. 2730. 2289. 3436.   91. 5431.  214. 1996. 7906. 4318. 5189.
 9458. 5884. 7590. 9032. 7937. 3024. 1021. 9551.]
tr_loss: 0.578019, tr_score: 0.710562
va_loss: 0.582751, va_score: 0.713500
te_loss: 0.567542, te_score: 0.716000
time = 5
tr_loss: 0.559894, tr_score: 0.713750
va_loss: 0.557343, va_score: 0.720000
te_loss: 0.603239, te_score: 0.660000

time = 5
tr_loss: 0.669495, tr_score: 0.690000
va_loss: 0.605217, va_score: 0.720000
te_loss: 0.599502, te_score: 0.760000

time = 5
tr_loss: 0.514010, tr_score: 0.753750
va_loss: 0.536234, va_score: 0.740000
te_loss: 0.538415, te_score: 0.750000

time = 5
tr_loss: 0.584460, tr_score: 0.717500
va_loss: 0.616706, va_score: 0.680000
te_loss: 0.592089, te_score: 0.690000

time = 5
tr_loss: 0.613070, tr_score: 0.665000
va_loss: 0.620833, va_score: 0.650000
te_loss: 0.544653, te_score: 0.700000

time = 5
tr_loss: 0.586633, tr_score: 0.690000
va_loss: 0.577885, va_score: 0.720000
te_loss: 0.538784, te_score: 0.760000

time = 5
tr_loss: 0.547061, tr_score: 0.718750
va_loss: 0.473459, va_score: 0.790000
te_loss: 0.606318, te_score: 0.720000

time = 5
tr_loss: 0.557714, tr_score: 0.722500
va_loss: 0.564890, va_score: 0.690000
te_loss: 0.555649, te_score: 0.760000

time = 5
tr_loss: 0.574647, tr_score: 0.698750
va_loss: 0.569481, va_score: 0.730000
te_loss: 0.565023, te_score: 0.750000

time = 5
tr_loss: 0.578353, tr_score: 0.703750
va_loss: 0.555147, va_score: 0.740000
te_loss: 0.579751, te_score: 0.710000

time = 5
tr_loss: 0.575819, tr_score: 0.717500
va_loss: 0.704206, va_score: 0.590000
te_loss: 0.585662, te_score: 0.750000

time = 5
tr_loss: 0.587326, tr_score: 0.705000
va_loss: 0.481792, va_score: 0.770000
te_loss: 0.562255, te_score: 0.720000

time = 5
tr_loss: 0.579805, tr_score: 0.698750
va_loss: 0.552878, va_score: 0.750000
te_loss: 0.566195, te_score: 0.700000

time = 5
tr_loss: 0.535907, tr_score: 0.736250
va_loss: 0.528722, va_score: 0.720000
te_loss: 0.621823, te_score: 0.690000

time = 5
tr_loss: 0.543261, tr_score: 0.743750
va_loss: 0.577840, va_score: 0.740000
te_loss: 0.521231, te_score: 0.720000

time = 5
tr_loss: 0.572653, tr_score: 0.707500
va_loss: 0.505192, va_score: 0.790000
te_loss: 0.594630, te_score: 0.640000

time = 5
tr_loss: 0.566794, tr_score: 0.718750
va_loss: 0.621930, va_score: 0.660000
te_loss: 0.582849, te_score: 0.720000

time = 5
tr_loss: 0.598856, tr_score: 0.700000
va_loss: 0.536936, va_score: 0.760000
te_loss: 0.608661, te_score: 0.730000

time = 5
tr_loss: 0.590251, tr_score: 0.705000
va_loss: 0.529088, va_score: 0.800000
te_loss: 0.692153, te_score: 0.590000

time = 5
tr_loss: 0.581822, tr_score: 0.716250
va_loss: 0.634508, va_score: 0.660000
te_loss: 0.627544, te_score: 0.650000

======================================================
5  Seed:  [1237. 6412. 2121. 6405. 4525. 1302. 1340. 7513. 9914. 1173. 2339. 2687.
 5417. 1769. 4522. 4161. 3470. 2003. 6862. 6659.]
tr_loss: 0.575892, tr_score: 0.711125
va_loss: 0.567514, va_score: 0.721000
te_loss: 0.584321, te_score: 0.708500
time = 6
tr_loss: 0.595480, tr_score: 0.696250
va_loss: 0.534332, va_score: 0.750000
te_loss: 0.574842, te_score: 0.740000

time = 6
tr_loss: 0.619796, tr_score: 0.696250
va_loss: 0.640071, va_score: 0.680000
te_loss: 0.619305, te_score: 0.660000

time = 6
tr_loss: 0.535687, tr_score: 0.708750
va_loss: 0.538122, va_score: 0.670000
te_loss: 0.626265, te_score: 0.660000

time = 6
tr_loss: 0.546216, tr_score: 0.723750
va_loss: 0.543475, va_score: 0.700000
te_loss: 0.607765, te_score: 0.650000

time = 6
tr_loss: 0.605811, tr_score: 0.713750
va_loss: 0.611906, va_score: 0.700000
te_loss: 0.549655, te_score: 0.760000

time = 6
tr_loss: 0.570870, tr_score: 0.731250
va_loss: 0.605573, va_score: 0.670000
te_loss: 0.629767, te_score: 0.670000

time = 6
tr_loss: 0.582535, tr_score: 0.717500
va_loss: 0.650141, va_score: 0.640000
te_loss: 0.531734, te_score: 0.740000

time = 6
tr_loss: 0.547651, tr_score: 0.726250
va_loss: 0.618769, va_score: 0.660000
te_loss: 0.544827, te_score: 0.780000

time = 6
tr_loss: 0.599441, tr_score: 0.686250
va_loss: 0.584527, va_score: 0.760000
te_loss: 0.539908, te_score: 0.750000

time = 6
tr_loss: 0.594568, tr_score: 0.701250
va_loss: 0.575668, va_score: 0.720000
te_loss: 0.651074, te_score: 0.670000

time = 6
tr_loss: 0.570047, tr_score: 0.725000
va_loss: 0.605315, va_score: 0.670000
te_loss: 0.621595, te_score: 0.650000

time = 6
tr_loss: 0.561696, tr_score: 0.720000
va_loss: 0.566225, va_score: 0.710000
te_loss: 0.566117, te_score: 0.710000

time = 6
tr_loss: 0.556761, tr_score: 0.738750
va_loss: 0.520353, va_score: 0.780000
te_loss: 0.578369, te_score: 0.680000

time = 6
tr_loss: 0.589470, tr_score: 0.700000
va_loss: 0.566428, va_score: 0.760000
te_loss: 0.545725, te_score: 0.760000

time = 6
tr_loss: 0.605156, tr_score: 0.692500
va_loss: 0.610498, va_score: 0.710000
te_loss: 0.640053, te_score: 0.630000

time = 6
tr_loss: 0.569338, tr_score: 0.706250
va_loss: 0.607980, va_score: 0.690000
te_loss: 0.583665, te_score: 0.690000

time = 6
tr_loss: 0.569344, tr_score: 0.702500
va_loss: 0.521283, va_score: 0.720000
te_loss: 0.588760, te_score: 0.690000

time = 6
tr_loss: 0.597090, tr_score: 0.697500
va_loss: 0.531572, va_score: 0.740000
te_loss: 0.557378, te_score: 0.700000

time = 6
tr_loss: 0.524808, tr_score: 0.728750
va_loss: 0.550493, va_score: 0.730000
te_loss: 0.518171, te_score: 0.760000

time = 6
tr_loss: 0.555222, tr_score: 0.732500
va_loss: 0.604070, va_score: 0.710000
te_loss: 0.545488, te_score: 0.730000

======================================================
6  Seed:  [7694. 6294. 7622. 3529.   96. 7204. 5217. 3436.  887. 8110. 7803. 3805.
 1114. 2222. 9584. 2008. 1959. 4210.  576. 6097.]
tr_loss: 0.574849, tr_score: 0.712250
va_loss: 0.579340, va_score: 0.708500
te_loss: 0.581023, te_score: 0.704000
time = 7
tr_loss: 0.574126, tr_score: 0.715000
va_loss: 0.551681, va_score: 0.710000
te_loss: 0.534437, te_score: 0.750000

time = 7
tr_loss: 0.618516, tr_score: 0.696250
va_loss: 0.565798, va_score: 0.790000
te_loss: 0.589121, te_score: 0.710000

time = 7
tr_loss: 0.586923, tr_score: 0.705000
va_loss: 0.546627, va_score: 0.750000
te_loss: 0.554845, te_score: 0.730000

time = 7
tr_loss: 0.569989, tr_score: 0.713750
va_loss: 0.568640, va_score: 0.720000
te_loss: 0.603740, te_score: 0.700000

time = 7
tr_loss: 0.576412, tr_score: 0.708750
va_loss: 0.545845, va_score: 0.730000
te_loss: 0.583990, te_score: 0.730000

time = 7
tr_loss: 0.568336, tr_score: 0.716250
va_loss: 0.668081, va_score: 0.620000
te_loss: 0.600880, te_score: 0.690000

time = 7
tr_loss: 0.599508, tr_score: 0.702500
va_loss: 0.609997, va_score: 0.690000
te_loss: 0.525930, te_score: 0.740000

time = 7
tr_loss: 0.566754, tr_score: 0.718750
va_loss: 0.604107, va_score: 0.680000
te_loss: 0.628889, te_score: 0.670000

time = 7
tr_loss: 0.562892, tr_score: 0.717500
va_loss: 0.650063, va_score: 0.690000
te_loss: 0.543917, te_score: 0.700000

time = 7
tr_loss: 0.578550, tr_score: 0.700000
va_loss: 0.602328, va_score: 0.690000
te_loss: 0.561991, te_score: 0.720000

time = 7
tr_loss: 0.558403, tr_score: 0.723750
va_loss: 0.569148, va_score: 0.740000
te_loss: 0.591273, te_score: 0.680000

time = 7
tr_loss: 0.568211, tr_score: 0.717500
va_loss: 0.653458, va_score: 0.630000
te_loss: 0.466915, te_score: 0.820000

time = 7
tr_loss: 0.596065, tr_score: 0.731250
va_loss: 0.734362, va_score: 0.590000
te_loss: 0.685616, te_score: 0.630000

time = 7
tr_loss: 0.576011, tr_score: 0.711250
va_loss: 0.516809, va_score: 0.770000
te_loss: 0.645897, te_score: 0.660000

time = 7
tr_loss: 0.582020, tr_score: 0.713750
va_loss: 0.639546, va_score: 0.660000
te_loss: 0.613024, te_score: 0.680000

time = 7
tr_loss: 0.566570, tr_score: 0.708750
va_loss: 0.623291, va_score: 0.640000
te_loss: 0.545744, te_score: 0.740000

time = 7
tr_loss: 0.574959, tr_score: 0.721250
va_loss: 0.607134, va_score: 0.700000
te_loss: 0.650199, te_score: 0.660000

time = 7
tr_loss: 0.572071, tr_score: 0.701250
va_loss: 0.536208, va_score: 0.750000
te_loss: 0.674079, te_score: 0.620000

time = 7
tr_loss: 0.581199, tr_score: 0.722500
va_loss: 0.583971, va_score: 0.680000
te_loss: 0.589145, te_score: 0.770000

time = 7
tr_loss: 0.583745, tr_score: 0.705000
va_loss: 0.543740, va_score: 0.790000
te_loss: 0.606661, te_score: 0.660000

======================================================
7  Seed:  [ 667. 3641. 1333. 4721. 6871. 9519. 4778.  927. 8338.   13. 3683. 6570.
 1422. 3821. 5722.  599. 3527. 1784. 1921. 2070.]
tr_loss: 0.578063, tr_score: 0.712500
va_loss: 0.596042, va_score: 0.701000
te_loss: 0.589815, te_score: 0.703000
time = 8
tr_loss: 0.600667, tr_score: 0.695000
va_loss: 0.656420, va_score: 0.680000
te_loss: 0.532505, te_score: 0.780000

time = 8
tr_loss: 0.583818, tr_score: 0.705000
va_loss: 0.709055, va_score: 0.600000
te_loss: 0.543320, te_score: 0.760000

time = 8
tr_loss: 0.575198, tr_score: 0.718750
va_loss: 0.609467, va_score: 0.700000
te_loss: 0.549483, te_score: 0.720000

time = 8
tr_loss: 0.587690, tr_score: 0.720000
va_loss: 0.609230, va_score: 0.690000
te_loss: 0.573074, te_score: 0.700000

time = 8
tr_loss: 0.587568, tr_score: 0.695000
va_loss: 0.566809, va_score: 0.700000
te_loss: 0.530803, te_score: 0.770000

time = 8
tr_loss: 0.560755, tr_score: 0.736250
va_loss: 0.604982, va_score: 0.700000
te_loss: 0.564587, te_score: 0.730000

time = 8
tr_loss: 0.510675, tr_score: 0.745000
va_loss: 0.475362, va_score: 0.770000
te_loss: 0.563659, te_score: 0.710000

time = 8
tr_loss: 0.597518, tr_score: 0.692500
va_loss: 0.553931, va_score: 0.770000
te_loss: 0.574266, te_score: 0.720000

time = 8
tr_loss: 0.574923, tr_score: 0.717500
va_loss: 0.590263, va_score: 0.710000
te_loss: 0.518979, te_score: 0.770000

time = 8
tr_loss: 0.543887, tr_score: 0.722500
va_loss: 0.601488, va_score: 0.630000
te_loss: 0.565036, te_score: 0.710000

time = 8
tr_loss: 0.617957, tr_score: 0.681250
va_loss: 0.548576, va_score: 0.770000
te_loss: 0.548986, te_score: 0.780000

time = 8
tr_loss: 0.609139, tr_score: 0.706250
va_loss: 0.563815, va_score: 0.760000
te_loss: 0.680239, te_score: 0.660000

time = 8
tr_loss: 0.515826, tr_score: 0.737500
va_loss: 0.549653, va_score: 0.690000
te_loss: 0.535887, te_score: 0.720000

time = 8
tr_loss: 0.591120, tr_score: 0.713750
va_loss: 0.497144, va_score: 0.810000
te_loss: 0.592250, te_score: 0.710000

time = 8
tr_loss: 0.579161, tr_score: 0.702500
va_loss: 0.577182, va_score: 0.690000
te_loss: 0.568343, te_score: 0.700000

time = 8
tr_loss: 0.599846, tr_score: 0.713750
va_loss: 0.554254, va_score: 0.730000
te_loss: 0.788976, te_score: 0.570000

time = 8
tr_loss: 0.583059, tr_score: 0.722500
va_loss: 0.619309, va_score: 0.650000
te_loss: 0.618812, te_score: 0.680000

time = 8
tr_loss: 0.575430, tr_score: 0.713750
va_loss: 0.553084, va_score: 0.770000
te_loss: 0.554525, te_score: 0.720000

time = 8
tr_loss: 0.600076, tr_score: 0.707500
va_loss: 0.647198, va_score: 0.690000
te_loss: 0.594280, te_score: 0.720000

time = 8
tr_loss: 0.586714, tr_score: 0.723750
va_loss: 0.601430, va_score: 0.700000
te_loss: 0.662875, te_score: 0.650000

======================================================
8  Seed:  [4860. 8426. 6918. 8393. 2977. 1581. 7001.  814. 5947. 4477. 3311. 7270.
 5082. 4712. 7103. 6080. 5821. 8708. 4579. 2324.]
tr_loss: 0.579051, tr_score: 0.713500
va_loss: 0.584433, va_score: 0.710500
te_loss: 0.583044, te_score: 0.714000
time = 9
tr_loss: 0.582434, tr_score: 0.690000
va_loss: 0.515408, va_score: 0.780000
te_loss: 0.592354, te_score: 0.670000

time = 9
tr_loss: 0.548902, tr_score: 0.717500
va_loss: 0.637034, va_score: 0.620000
te_loss: 0.580289, te_score: 0.690000

time = 9
tr_loss: 0.604959, tr_score: 0.722500
va_loss: 0.604955, va_score: 0.700000
te_loss: 0.642814, te_score: 0.620000

time = 9
tr_loss: 0.571940, tr_score: 0.726250
va_loss: 0.597933, va_score: 0.710000
te_loss: 0.621234, te_score: 0.660000

time = 9
tr_loss: 0.583184, tr_score: 0.705000
va_loss: 0.547206, va_score: 0.770000
te_loss: 0.677673, te_score: 0.610000

time = 9
tr_loss: 0.544579, tr_score: 0.721250
va_loss: 0.548513, va_score: 0.720000
te_loss: 0.564023, te_score: 0.650000

time = 9
tr_loss: 0.609060, tr_score: 0.686250
va_loss: 0.583354, va_score: 0.720000
te_loss: 0.599630, te_score: 0.720000

time = 9
tr_loss: 0.549387, tr_score: 0.731250
va_loss: 0.539068, va_score: 0.730000
te_loss: 0.582928, te_score: 0.690000

time = 9
tr_loss: 0.570722, tr_score: 0.707500
va_loss: 0.558423, va_score: 0.730000
te_loss: 0.539086, te_score: 0.720000

time = 9
tr_loss: 0.575280, tr_score: 0.703750
va_loss: 0.632552, va_score: 0.650000
te_loss: 0.573755, te_score: 0.730000

time = 9
tr_loss: 0.600044, tr_score: 0.700000
va_loss: 0.600986, va_score: 0.720000
te_loss: 0.592804, te_score: 0.700000

time = 9
tr_loss: 0.576865, tr_score: 0.703750
va_loss: 0.529456, va_score: 0.750000
te_loss: 0.558529, te_score: 0.760000

time = 9
tr_loss: 0.562788, tr_score: 0.731250
va_loss: 0.599010, va_score: 0.690000
te_loss: 0.509841, te_score: 0.770000

time = 9
tr_loss: 0.596302, tr_score: 0.702500
va_loss: 0.600117, va_score: 0.700000
te_loss: 0.595273, te_score: 0.700000

time = 9
tr_loss: 0.547124, tr_score: 0.740000
va_loss: 0.689841, va_score: 0.600000
te_loss: 0.568438, te_score: 0.690000

time = 9
tr_loss: 0.590157, tr_score: 0.698750
va_loss: 0.573201, va_score: 0.720000
te_loss: 0.609567, te_score: 0.690000

time = 9
tr_loss: 0.522893, tr_score: 0.732500
va_loss: 0.557748, va_score: 0.710000
te_loss: 0.550257, te_score: 0.720000

time = 9
tr_loss: 0.590754, tr_score: 0.711250
va_loss: 0.556618, va_score: 0.730000
te_loss: 0.634200, te_score: 0.670000

time = 9
tr_loss: 0.514489, tr_score: 0.730000
va_loss: 0.493531, va_score: 0.710000
te_loss: 0.575479, te_score: 0.730000

time = 9
tr_loss: 0.579714, tr_score: 0.668750
va_loss: 0.608302, va_score: 0.610000
te_loss: 0.618648, te_score: 0.670000

======================================================
9  Seed:  [9948.  542.  232.  666. 5686. 1955. 6679. 1732. 8003. 9621. 2645. 4622.
 2831. 7236. 6932. 8781. 1798. 9886. 2715. 5559.]
tr_loss: 0.571079, tr_score: 0.711500
va_loss: 0.578663, va_score: 0.703500
te_loss: 0.589341, te_score: 0.693000
time = 10
tr_loss: 0.586696, tr_score: 0.698750
va_loss: 0.559323, va_score: 0.720000
te_loss: 0.567939, te_score: 0.740000

time = 10
tr_loss: 0.589045, tr_score: 0.696250
va_loss: 0.618723, va_score: 0.640000
te_loss: 0.524678, te_score: 0.740000

time = 10
tr_loss: 0.524764, tr_score: 0.748750
va_loss: 0.516786, va_score: 0.750000
te_loss: 0.679070, te_score: 0.640000

time = 10
tr_loss: 0.610987, tr_score: 0.688750
va_loss: 0.553024, va_score: 0.770000
te_loss: 0.567750, te_score: 0.730000

time = 10
tr_loss: 0.563591, tr_score: 0.706250
va_loss: 0.556009, va_score: 0.730000
te_loss: 0.505523, te_score: 0.750000

time = 10
tr_loss: 0.542470, tr_score: 0.732500
va_loss: 0.520312, va_score: 0.770000
te_loss: 0.532110, te_score: 0.780000

time = 10
tr_loss: 0.589472, tr_score: 0.686250
va_loss: 0.547020, va_score: 0.770000
te_loss: 0.566416, te_score: 0.720000

time = 10
tr_loss: 0.585938, tr_score: 0.681250
va_loss: 0.477852, va_score: 0.820000
te_loss: 0.571039, te_score: 0.730000

time = 10
tr_loss: 0.611772, tr_score: 0.685000
va_loss: 0.661155, va_score: 0.620000
te_loss: 0.626789, te_score: 0.680000

time = 10
tr_loss: 0.515200, tr_score: 0.742500
va_loss: 0.504326, va_score: 0.770000
te_loss: 0.526094, te_score: 0.720000

time = 10
tr_loss: 0.583513, tr_score: 0.703750
va_loss: 0.625768, va_score: 0.650000
te_loss: 0.569385, te_score: 0.720000

time = 10
tr_loss: 0.532008, tr_score: 0.733750
va_loss: 0.609331, va_score: 0.680000
te_loss: 0.549377, te_score: 0.700000

time = 10
tr_loss: 0.596708, tr_score: 0.696250
va_loss: 0.577483, va_score: 0.710000
te_loss: 0.579009, te_score: 0.720000

time = 10
tr_loss: 0.619034, tr_score: 0.682500
va_loss: 0.578234, va_score: 0.740000
te_loss: 0.530294, te_score: 0.790000

time = 10
tr_loss: 0.599363, tr_score: 0.715000
va_loss: 0.642818, va_score: 0.640000
te_loss: 0.629295, te_score: 0.660000

time = 10
tr_loss: 0.594810, tr_score: 0.708750
va_loss: 0.590784, va_score: 0.700000
te_loss: 0.574184, te_score: 0.710000

time = 10
tr_loss: 0.554399, tr_score: 0.708750
va_loss: 0.465970, va_score: 0.800000
te_loss: 0.562965, te_score: 0.700000

time = 10
tr_loss: 0.512250, tr_score: 0.757500
va_loss: 0.528278, va_score: 0.710000
te_loss: 0.515505, te_score: 0.780000

time = 10
tr_loss: 0.590078, tr_score: 0.708750
va_loss: 0.576449, va_score: 0.730000
te_loss: 0.566091, te_score: 0.740000

time = 10
tr_loss: 0.585333, tr_score: 0.710000
va_loss: 0.692723, va_score: 0.580000
te_loss: 0.570507, te_score: 0.770000

======================================================
10  Seed:  [9217. 8758. 9318. 9902. 9257. 5433. 4194. 5342. 6064. 1182. 7632. 9724.
 4507. 4141. 7028. 4431.  710. 9505. 6403. 3797.]
tr_loss: 0.574372, tr_score: 0.709562
va_loss: 0.570118, va_score: 0.715000
te_loss: 0.565701, te_score: 0.726000
time = 11
tr_loss: 0.606855, tr_score: 0.705000
va_loss: 0.503293, va_score: 0.810000
te_loss: 0.644543, te_score: 0.630000

time = 11
tr_loss: 0.560721, tr_score: 0.693750
va_loss: 0.590506, va_score: 0.690000
te_loss: 0.649900, te_score: 0.640000

time = 11
tr_loss: 0.606550, tr_score: 0.697500
va_loss: 0.621219, va_score: 0.680000
te_loss: 0.587831, te_score: 0.740000

time = 11
tr_loss: 0.571995, tr_score: 0.707500
va_loss: 0.591755, va_score: 0.740000
te_loss: 0.492330, te_score: 0.780000

time = 11
tr_loss: 0.591012, tr_score: 0.716250
va_loss: 0.650973, va_score: 0.650000
te_loss: 0.634763, te_score: 0.660000

time = 11
tr_loss: 0.569239, tr_score: 0.711250
va_loss: 0.594550, va_score: 0.680000
te_loss: 0.535256, te_score: 0.750000

time = 11
tr_loss: 0.559558, tr_score: 0.727500
va_loss: 0.615358, va_score: 0.680000
te_loss: 0.597832, te_score: 0.680000

time = 11
tr_loss: 0.607285, tr_score: 0.682500
va_loss: 0.530614, va_score: 0.790000
te_loss: 0.606994, te_score: 0.680000

time = 11
tr_loss: 0.566697, tr_score: 0.712500
va_loss: 0.606102, va_score: 0.700000
te_loss: 0.598941, te_score: 0.670000

time = 11
tr_loss: 0.577082, tr_score: 0.732500
va_loss: 0.663020, va_score: 0.640000
te_loss: 0.613978, te_score: 0.690000

time = 11
tr_loss: 0.565686, tr_score: 0.701250
va_loss: 0.610612, va_score: 0.660000
te_loss: 0.478286, te_score: 0.760000

time = 11
tr_loss: 0.567952, tr_score: 0.722500
va_loss: 0.613906, va_score: 0.650000
te_loss: 0.665730, te_score: 0.580000

time = 11
tr_loss: 0.531678, tr_score: 0.737500
va_loss: 0.586883, va_score: 0.700000
te_loss: 0.597858, te_score: 0.660000

time = 11
tr_loss: 0.609714, tr_score: 0.703750
va_loss: 0.604176, va_score: 0.720000
te_loss: 0.652055, te_score: 0.650000

time = 11
tr_loss: 0.615092, tr_score: 0.693750
va_loss: 0.591397, va_score: 0.740000
te_loss: 0.608173, te_score: 0.690000

time = 11
tr_loss: 0.635311, tr_score: 0.688750
va_loss: 0.747021, va_score: 0.610000
te_loss: 0.659324, te_score: 0.700000

time = 11
tr_loss: 0.555533, tr_score: 0.742500
va_loss: 0.572711, va_score: 0.730000
te_loss: 0.639774, te_score: 0.670000

time = 11
tr_loss: 0.591060, tr_score: 0.713750
va_loss: 0.587991, va_score: 0.750000
te_loss: 0.629079, te_score: 0.710000

time = 11
tr_loss: 0.591544, tr_score: 0.693750
va_loss: 0.567958, va_score: 0.740000
te_loss: 0.630342, te_score: 0.660000

time = 11
tr_loss: 0.593949, tr_score: 0.708750
va_loss: 0.556494, va_score: 0.780000
te_loss: 0.646456, te_score: 0.670000

======================================================
11  Seed:  [ 276. 7096. 7576. 7225. 8005. 7496. 1258. 6191. 8489. 5152. 4572. 4247.
 5941. 8136.  978. 3169. 6643. 4121. 8439. 9382.]
tr_loss: 0.583726, tr_score: 0.709625
va_loss: 0.600327, va_score: 0.707000
te_loss: 0.608472, te_score: 0.683500
time = 12
tr_loss: 0.609986, tr_score: 0.692500
va_loss: 0.626595, va_score: 0.680000
te_loss: 0.573546, te_score: 0.750000

time = 12
tr_loss: 0.561334, tr_score: 0.708750
va_loss: 0.617457, va_score: 0.650000
te_loss: 0.544877, te_score: 0.720000

time = 12
tr_loss: 0.536596, tr_score: 0.735000
va_loss: 0.557091, va_score: 0.690000
te_loss: 0.600422, te_score: 0.630000

time = 12
tr_loss: 0.588606, tr_score: 0.720000
va_loss: 0.620274, va_score: 0.690000
te_loss: 0.702190, te_score: 0.610000

time = 12
tr_loss: 0.571585, tr_score: 0.718750
va_loss: 0.584451, va_score: 0.730000
te_loss: 0.624180, te_score: 0.630000

time = 12
tr_loss: 0.587423, tr_score: 0.700000
va_loss: 0.580808, va_score: 0.700000
te_loss: 0.615786, te_score: 0.700000

time = 12
tr_loss: 0.580354, tr_score: 0.713750
va_loss: 0.651201, va_score: 0.670000
te_loss: 0.647877, te_score: 0.670000

time = 12
tr_loss: 0.615677, tr_score: 0.691250
va_loss: 0.632345, va_score: 0.700000
te_loss: 0.713274, te_score: 0.610000

time = 12
tr_loss: 0.591709, tr_score: 0.710000
va_loss: 0.558225, va_score: 0.740000
te_loss: 0.621475, te_score: 0.690000

time = 12
tr_loss: 0.592621, tr_score: 0.710000
va_loss: 0.682910, va_score: 0.660000
te_loss: 0.628217, te_score: 0.670000

time = 12
tr_loss: 0.556732, tr_score: 0.707500
va_loss: 0.561870, va_score: 0.740000
te_loss: 0.623080, te_score: 0.640000

time = 12
tr_loss: 0.540905, tr_score: 0.733750
va_loss: 0.480042, va_score: 0.780000
te_loss: 0.569676, te_score: 0.710000

time = 12
tr_loss: 0.627564, tr_score: 0.691250
va_loss: 0.593644, va_score: 0.700000
te_loss: 0.667826, te_score: 0.660000

time = 12
tr_loss: 0.644459, tr_score: 0.691250
va_loss: 0.560808, va_score: 0.750000
te_loss: 0.583635, te_score: 0.740000

time = 12
tr_loss: 0.585371, tr_score: 0.698750
va_loss: 0.558069, va_score: 0.760000
te_loss: 0.621140, te_score: 0.650000

time = 12
tr_loss: 0.582941, tr_score: 0.735000
va_loss: 0.609925, va_score: 0.710000
te_loss: 0.583697, te_score: 0.730000

time = 12
tr_loss: 0.577304, tr_score: 0.710000
va_loss: 0.646760, va_score: 0.640000
te_loss: 0.561128, te_score: 0.760000

time = 12
tr_loss: 0.563575, tr_score: 0.705000
va_loss: 0.583582, va_score: 0.710000
te_loss: 0.532854, te_score: 0.780000

time = 12
tr_loss: 0.529563, tr_score: 0.758750
va_loss: 0.563819, va_score: 0.680000
te_loss: 0.525663, te_score: 0.770000

time = 12
tr_loss: 0.544096, tr_score: 0.740000
va_loss: 0.613782, va_score: 0.680000
te_loss: 0.597541, te_score: 0.720000

======================================================
12  Seed:  [5995. 5359. 4959. 8841. 2084. 6283. 5803. 5547. 5856. 6466. 1029. 9406.
 1119. 6504. 6270.   89. 4601. 8528. 5236. 3309.]
tr_loss: 0.579420, tr_score: 0.713562
va_loss: 0.594183, va_score: 0.703000
te_loss: 0.606904, te_score: 0.692000
time = 13
tr_loss: 0.589417, tr_score: 0.726250
va_loss: 0.618409, va_score: 0.680000
te_loss: 0.584659, te_score: 0.730000

time = 13
tr_loss: 0.609283, tr_score: 0.703750
va_loss: 0.558332, va_score: 0.750000
te_loss: 0.580576, te_score: 0.750000

time = 13
tr_loss: 0.506995, tr_score: 0.753750
va_loss: 0.484358, va_score: 0.780000
te_loss: 0.723175, te_score: 0.550000

time = 13
tr_loss: 0.611013, tr_score: 0.707500
va_loss: 0.655417, va_score: 0.660000
te_loss: 0.572242, te_score: 0.750000

time = 13
tr_loss: 0.587755, tr_score: 0.707500
va_loss: 0.616693, va_score: 0.700000
te_loss: 0.594222, te_score: 0.720000

time = 13
tr_loss: 0.589949, tr_score: 0.720000
va_loss: 0.667200, va_score: 0.660000
te_loss: 0.591891, te_score: 0.680000

time = 13
tr_loss: 0.538502, tr_score: 0.702500
va_loss: 0.571606, va_score: 0.660000
te_loss: 0.569040, te_score: 0.720000

time = 13
tr_loss: 0.562850, tr_score: 0.721250
va_loss: 0.562909, va_score: 0.710000
te_loss: 0.544430, te_score: 0.710000

time = 13
tr_loss: 0.563817, tr_score: 0.711250
va_loss: 0.552344, va_score: 0.730000
te_loss: 0.489229, te_score: 0.780000

time = 13
tr_loss: 0.539107, tr_score: 0.731250
va_loss: 0.626554, va_score: 0.610000
te_loss: 0.513603, te_score: 0.780000

time = 13
tr_loss: 0.570463, tr_score: 0.722500
va_loss: 0.616895, va_score: 0.680000
te_loss: 0.684668, te_score: 0.610000

time = 13
tr_loss: 0.560650, tr_score: 0.712500
va_loss: 0.558476, va_score: 0.710000
te_loss: 0.599638, te_score: 0.680000

time = 13
tr_loss: 0.579981, tr_score: 0.727500
va_loss: 0.616725, va_score: 0.690000
te_loss: 0.576419, te_score: 0.700000

time = 13
tr_loss: 0.578122, tr_score: 0.705000
va_loss: 0.527152, va_score: 0.770000
te_loss: 0.582874, te_score: 0.710000

time = 13
tr_loss: 0.588311, tr_score: 0.697500
va_loss: 0.546120, va_score: 0.770000
te_loss: 0.526440, te_score: 0.780000

time = 13
tr_loss: 0.592175, tr_score: 0.707500
va_loss: 0.612915, va_score: 0.680000
te_loss: 0.658206, te_score: 0.650000

time = 13
tr_loss: 0.623260, tr_score: 0.708750
va_loss: 0.629960, va_score: 0.720000
te_loss: 0.733150, te_score: 0.620000

time = 13
tr_loss: 0.596583, tr_score: 0.695000
va_loss: 0.557992, va_score: 0.740000
te_loss: 0.590930, te_score: 0.730000

time = 13
tr_loss: 0.592902, tr_score: 0.702500
va_loss: 0.519044, va_score: 0.780000
te_loss: 0.608645, te_score: 0.700000

time = 13
tr_loss: 0.623282, tr_score: 0.691250
va_loss: 0.577267, va_score: 0.750000
te_loss: 0.560405, te_score: 0.740000

======================================================
13  Seed:  [3706. 3756. 2533. 6590. 1761. 5957. 4965. 8699. 1302.  214. 1426. 3422.
 9979.   35. 8073. 6183. 7853. 8174. 4923.  725.]
tr_loss: 0.580221, tr_score: 0.712750
va_loss: 0.583818, va_score: 0.711500
te_loss: 0.594222, te_score: 0.704500
time = 14
tr_loss: 0.563645, tr_score: 0.711250
va_loss: 0.633185, va_score: 0.650000
te_loss: 0.554682, te_score: 0.720000

time = 14
tr_loss: 0.564169, tr_score: 0.716250
va_loss: 0.646188, va_score: 0.670000
te_loss: 0.554678, te_score: 0.660000

time = 14
tr_loss: 0.583639, tr_score: 0.716250
va_loss: 0.562051, va_score: 0.760000
te_loss: 0.572932, te_score: 0.710000

time = 14
tr_loss: 0.571832, tr_score: 0.708750
va_loss: 0.591472, va_score: 0.690000
te_loss: 0.539949, te_score: 0.760000

time = 14
tr_loss: 0.523413, tr_score: 0.750000
va_loss: 0.586396, va_score: 0.690000
te_loss: 0.587477, te_score: 0.720000

time = 14
tr_loss: 0.574942, tr_score: 0.710000
va_loss: 0.579801, va_score: 0.730000
te_loss: 0.643059, te_score: 0.660000

time = 14
tr_loss: 0.612567, tr_score: 0.690000
va_loss: 0.532740, va_score: 0.800000
te_loss: 0.644193, te_score: 0.660000

time = 14
tr_loss: 0.557993, tr_score: 0.705000
va_loss: 0.578778, va_score: 0.710000
te_loss: 0.582926, te_score: 0.680000

time = 14
tr_loss: 0.574279, tr_score: 0.716250
va_loss: 0.576027, va_score: 0.720000
te_loss: 0.553954, te_score: 0.730000

time = 14
tr_loss: 0.589686, tr_score: 0.713750
va_loss: 0.527411, va_score: 0.790000
te_loss: 0.642523, te_score: 0.640000

time = 14
tr_loss: 0.582987, tr_score: 0.720000
va_loss: 0.544171, va_score: 0.760000
te_loss: 0.555265, te_score: 0.760000

time = 14
tr_loss: 0.562325, tr_score: 0.710000
va_loss: 0.553206, va_score: 0.760000
te_loss: 0.594553, te_score: 0.750000

time = 14
tr_loss: 0.559874, tr_score: 0.732500
va_loss: 0.537291, va_score: 0.720000
te_loss: 0.575350, te_score: 0.730000

time = 14
tr_loss: 0.560207, tr_score: 0.720000
va_loss: 0.556627, va_score: 0.740000
te_loss: 0.540178, te_score: 0.740000

time = 14
tr_loss: 0.625112, tr_score: 0.652500
va_loss: 0.688733, va_score: 0.600000
te_loss: 0.728545, te_score: 0.560000

time = 14
tr_loss: 0.604076, tr_score: 0.692500
va_loss: 0.560248, va_score: 0.750000
te_loss: 0.565880, te_score: 0.730000

time = 14
tr_loss: 0.587984, tr_score: 0.702500
va_loss: 0.555592, va_score: 0.760000
te_loss: 0.658126, te_score: 0.620000

time = 14
tr_loss: 0.579239, tr_score: 0.706250
va_loss: 0.632007, va_score: 0.680000
te_loss: 0.608325, te_score: 0.700000

time = 14
tr_loss: 0.562779, tr_score: 0.707500
va_loss: 0.588658, va_score: 0.700000
te_loss: 0.647603, te_score: 0.670000

time = 14
tr_loss: 0.578312, tr_score: 0.703750
va_loss: 0.563389, va_score: 0.700000
te_loss: 0.526094, te_score: 0.750000

======================================================
14  Seed:  [6736. 9332. 4026. 8791. 2185. 8095. 4925. 3877. 8332. 6847. 5871. 5004.
 2796. 4961. 1467. 7787. 3868. 5255. 9307. 9073.]
tr_loss: 0.575953, tr_score: 0.709250
va_loss: 0.579699, va_score: 0.719000
te_loss: 0.593815, te_score: 0.697500
time = 15
tr_loss: 0.555201, tr_score: 0.713750
va_loss: 0.541680, va_score: 0.710000
te_loss: 0.574062, te_score: 0.700000

time = 15
tr_loss: 0.585739, tr_score: 0.691250
va_loss: 0.576897, va_score: 0.720000
te_loss: 0.498078, te_score: 0.770000

time = 15
tr_loss: 0.583147, tr_score: 0.710000
va_loss: 0.575588, va_score: 0.740000
te_loss: 0.612790, te_score: 0.670000

time = 15
tr_loss: 0.549151, tr_score: 0.730000
va_loss: 0.433727, va_score: 0.830000
te_loss: 0.580428, te_score: 0.660000

time = 15
tr_loss: 0.562469, tr_score: 0.717500
va_loss: 0.528431, va_score: 0.740000
te_loss: 0.574767, te_score: 0.700000

time = 15
tr_loss: 0.585196, tr_score: 0.711250
va_loss: 0.626462, va_score: 0.670000
te_loss: 0.605596, te_score: 0.690000

time = 15
tr_loss: 0.526585, tr_score: 0.746250
va_loss: 0.532611, va_score: 0.740000
te_loss: 0.496568, te_score: 0.730000

time = 15
tr_loss: 0.600651, tr_score: 0.693750
va_loss: 0.595084, va_score: 0.730000
te_loss: 0.635953, te_score: 0.720000

time = 15
tr_loss: 0.579970, tr_score: 0.707500
va_loss: 0.586314, va_score: 0.740000
te_loss: 0.574858, te_score: 0.740000

time = 15
tr_loss: 0.534188, tr_score: 0.741250
va_loss: 0.637881, va_score: 0.640000
te_loss: 0.599934, te_score: 0.690000

time = 15
tr_loss: 0.624768, tr_score: 0.696250
va_loss: 0.614917, va_score: 0.740000
te_loss: 0.638711, te_score: 0.720000

time = 15
tr_loss: 0.543119, tr_score: 0.727500
va_loss: 0.576471, va_score: 0.670000
te_loss: 0.601230, te_score: 0.700000

time = 15
tr_loss: 0.602336, tr_score: 0.695000
va_loss: 0.551706, va_score: 0.750000
te_loss: 0.628574, te_score: 0.690000

time = 15
tr_loss: 0.589720, tr_score: 0.712500
va_loss: 0.607204, va_score: 0.700000
te_loss: 0.589345, te_score: 0.730000

time = 15
tr_loss: 0.536879, tr_score: 0.730000
va_loss: 0.569292, va_score: 0.670000
te_loss: 0.579933, te_score: 0.710000

time = 15
tr_loss: 0.595635, tr_score: 0.713750
va_loss: 0.661471, va_score: 0.670000
te_loss: 0.683399, te_score: 0.660000

time = 15
tr_loss: 0.567767, tr_score: 0.702500
va_loss: 0.557398, va_score: 0.760000
te_loss: 0.661009, te_score: 0.660000

time = 15
tr_loss: 0.541782, tr_score: 0.731250
va_loss: 0.570075, va_score: 0.700000
te_loss: 0.631481, te_score: 0.660000

time = 15
tr_loss: 0.559516, tr_score: 0.723750
va_loss: 0.535269, va_score: 0.770000
te_loss: 0.570191, te_score: 0.730000

time = 15
tr_loss: 0.575125, tr_score: 0.705000
va_loss: 0.621474, va_score: 0.690000
te_loss: 0.567722, te_score: 0.750000

======================================================
15  Seed:  [ 879. 4612.  287.  491. 3659. 8251. 7507. 1140. 3507. 4318. 9716. 8900.
 3870. 2555. 7340. 8792.  757. 6674. 3143.  691.]
tr_loss: 0.569947, tr_score: 0.715000
va_loss: 0.574998, va_score: 0.719000
te_loss: 0.595231, te_score: 0.704000
time = 16
tr_loss: 0.584281, tr_score: 0.720000
va_loss: 0.532546, va_score: 0.760000
te_loss: 0.533990, te_score: 0.750000

time = 16
tr_loss: 0.493146, tr_score: 0.775000
va_loss: 0.503845, va_score: 0.760000
te_loss: 0.638745, te_score: 0.660000

time = 16
tr_loss: 0.602109, tr_score: 0.695000
va_loss: 0.553150, va_score: 0.750000
te_loss: 0.611274, te_score: 0.690000

time = 16
tr_loss: 0.606941, tr_score: 0.673750
va_loss: 0.596849, va_score: 0.670000
te_loss: 0.589241, te_score: 0.680000

time = 16
tr_loss: 0.608694, tr_score: 0.692500
va_loss: 0.577984, va_score: 0.750000
te_loss: 0.608863, te_score: 0.710000

time = 16
tr_loss: 0.582062, tr_score: 0.705000
va_loss: 0.563722, va_score: 0.700000
te_loss: 0.656870, te_score: 0.660000

time = 16
tr_loss: 0.589725, tr_score: 0.706250
va_loss: 0.594515, va_score: 0.700000
te_loss: 0.560110, te_score: 0.730000

time = 16
tr_loss: 0.582833, tr_score: 0.715000
va_loss: 0.585388, va_score: 0.710000
te_loss: 0.616058, te_score: 0.680000

time = 16
tr_loss: 0.596196, tr_score: 0.691250
va_loss: 0.606499, va_score: 0.690000
te_loss: 0.575586, te_score: 0.690000

time = 16
tr_loss: 0.590885, tr_score: 0.708750
va_loss: 0.667640, va_score: 0.660000
te_loss: 0.665922, te_score: 0.670000

time = 16
tr_loss: 0.582921, tr_score: 0.706250
va_loss: 0.600342, va_score: 0.710000
te_loss: 0.619949, te_score: 0.670000

time = 16
tr_loss: 0.595523, tr_score: 0.712500
va_loss: 0.616685, va_score: 0.700000
te_loss: 0.602069, te_score: 0.710000

time = 16
tr_loss: 0.682983, tr_score: 0.692500
va_loss: 0.731836, va_score: 0.650000
te_loss: 0.659054, te_score: 0.700000

time = 16
tr_loss: 0.588892, tr_score: 0.715000
va_loss: 0.558738, va_score: 0.780000
te_loss: 0.552559, te_score: 0.760000

time = 16
tr_loss: 0.596139, tr_score: 0.692500
va_loss: 0.520258, va_score: 0.790000
te_loss: 0.510089, te_score: 0.750000

time = 16
tr_loss: 0.584919, tr_score: 0.721250
va_loss: 0.647423, va_score: 0.650000
te_loss: 0.627221, te_score: 0.680000

time = 16
tr_loss: 0.592829, tr_score: 0.701250
va_loss: 0.571958, va_score: 0.730000
te_loss: 0.630247, te_score: 0.690000

time = 16
tr_loss: 0.554152, tr_score: 0.725000
va_loss: 0.611800, va_score: 0.650000
te_loss: 0.558536, te_score: 0.760000

time = 16
tr_loss: 0.589033, tr_score: 0.708750
va_loss: 0.516079, va_score: 0.820000
te_loss: 0.633736, te_score: 0.670000

time = 16
tr_loss: 0.605557, tr_score: 0.705000
va_loss: 0.629562, va_score: 0.670000
te_loss: 0.587241, te_score: 0.740000

======================================================
16  Seed:  [9082. 6878.  978. 6918.   35. 3547.  812. 1562. 5243. 8191. 5330. 4602.
 2929. 4830.  303. 9956. 3156. 7475. 4637.  734.]
tr_loss: 0.590491, tr_score: 0.708125
va_loss: 0.589341, va_score: 0.715000
te_loss: 0.601868, te_score: 0.702500
time = 17
tr_loss: 0.544615, tr_score: 0.710000
va_loss: 0.563775, va_score: 0.720000
te_loss: 0.549082, te_score: 0.700000

time = 17
tr_loss: 0.574295, tr_score: 0.678750
va_loss: 0.629224, va_score: 0.630000
te_loss: 0.662745, te_score: 0.660000

time = 17
tr_loss: 0.567851, tr_score: 0.730000
va_loss: 0.647569, va_score: 0.650000
te_loss: 0.593998, te_score: 0.680000

time = 17
tr_loss: 0.515101, tr_score: 0.758750
va_loss: 0.600137, va_score: 0.670000
te_loss: 0.530201, te_score: 0.740000

time = 17
tr_loss: 0.617922, tr_score: 0.696250
va_loss: 0.600824, va_score: 0.730000
te_loss: 0.624325, te_score: 0.730000

time = 17
tr_loss: 0.558275, tr_score: 0.730000
va_loss: 0.569589, va_score: 0.740000
te_loss: 0.644231, te_score: 0.640000

time = 17
tr_loss: 0.624882, tr_score: 0.692500
va_loss: 0.706387, va_score: 0.590000
te_loss: 0.670602, te_score: 0.650000

time = 17
tr_loss: 0.565875, tr_score: 0.715000
va_loss: 0.612744, va_score: 0.670000
te_loss: 0.665142, te_score: 0.610000

time = 17
tr_loss: 0.602970, tr_score: 0.708750
va_loss: 0.594144, va_score: 0.720000
te_loss: 0.582260, te_score: 0.730000

time = 17
tr_loss: 0.571879, tr_score: 0.721250
va_loss: 0.587002, va_score: 0.710000
te_loss: 0.619361, te_score: 0.680000

time = 17
tr_loss: 0.584616, tr_score: 0.708750
va_loss: 0.626677, va_score: 0.690000
te_loss: 0.636327, te_score: 0.660000

time = 17
tr_loss: 0.599083, tr_score: 0.692500
va_loss: 0.597250, va_score: 0.670000
te_loss: 0.599431, te_score: 0.700000

time = 17
tr_loss: 0.573577, tr_score: 0.706250
va_loss: 0.564456, va_score: 0.710000
te_loss: 0.559646, te_score: 0.730000

time = 17
tr_loss: 0.577358, tr_score: 0.697500
va_loss: 0.541003, va_score: 0.730000
te_loss: 0.515815, te_score: 0.770000

time = 17
tr_loss: 0.574215, tr_score: 0.716250
va_loss: 0.608955, va_score: 0.640000
te_loss: 0.631900, te_score: 0.660000

time = 17
tr_loss: 0.588678, tr_score: 0.701250
va_loss: 0.553170, va_score: 0.710000
te_loss: 0.598927, te_score: 0.680000

time = 17
tr_loss: 0.595966, tr_score: 0.720000
va_loss: 0.737400, va_score: 0.610000
te_loss: 0.578952, te_score: 0.760000

time = 17
tr_loss: 0.543966, tr_score: 0.736250
va_loss: 0.512283, va_score: 0.750000
te_loss: 0.519790, te_score: 0.730000

time = 17
tr_loss: 0.588203, tr_score: 0.697500
va_loss: 0.552366, va_score: 0.730000
te_loss: 0.601549, te_score: 0.660000

time = 17
tr_loss: 0.584106, tr_score: 0.711250
va_loss: 0.592445, va_score: 0.700000
te_loss: 0.639052, te_score: 0.650000

======================================================
17  Seed:  [9997. 6891. 7283.  296. 4194.  627. 9187. 9699.  412. 3964. 5059. 1882.
 6859. 7098. 9012. 6459. 3018. 8410. 9321. 1260.]
tr_loss: 0.577672, tr_score: 0.711437
va_loss: 0.599870, va_score: 0.688500
te_loss: 0.601167, te_score: 0.691000
time = 18
tr_loss: 0.557036, tr_score: 0.722500
va_loss: 0.534273, va_score: 0.700000
te_loss: 0.551188, te_score: 0.720000

time = 18
tr_loss: 0.591671, tr_score: 0.698750
va_loss: 0.581713, va_score: 0.710000
te_loss: 0.562663, te_score: 0.720000

time = 18
tr_loss: 0.566791, tr_score: 0.735000
va_loss: 0.541963, va_score: 0.750000
te_loss: 0.668224, te_score: 0.670000

time = 18
tr_loss: 0.615658, tr_score: 0.697500
va_loss: 0.606793, va_score: 0.720000
te_loss: 0.605437, te_score: 0.720000

time = 18
tr_loss: 0.590675, tr_score: 0.711250
va_loss: 0.659157, va_score: 0.610000
te_loss: 0.515919, te_score: 0.780000

time = 18
tr_loss: 0.575641, tr_score: 0.708750
va_loss: 0.550117, va_score: 0.730000
te_loss: 0.557315, te_score: 0.750000

time = 18
tr_loss: 0.567537, tr_score: 0.712500
va_loss: 0.592384, va_score: 0.660000
te_loss: 0.512657, te_score: 0.750000

time = 18
tr_loss: 0.596407, tr_score: 0.708750
va_loss: 0.605131, va_score: 0.700000
te_loss: 0.734091, te_score: 0.570000

time = 18
tr_loss: 0.597373, tr_score: 0.675000
va_loss: 0.528786, va_score: 0.760000
te_loss: 0.610754, te_score: 0.720000

time = 18
tr_loss: 0.587276, tr_score: 0.712500
va_loss: 0.594779, va_score: 0.670000
te_loss: 0.581551, te_score: 0.680000

time = 18
tr_loss: 0.604383, tr_score: 0.687500
va_loss: 0.662802, va_score: 0.610000
te_loss: 0.589886, te_score: 0.720000

time = 18
tr_loss: 0.580355, tr_score: 0.725000
va_loss: 0.588649, va_score: 0.710000
te_loss: 0.591025, te_score: 0.710000

time = 18
tr_loss: 0.581747, tr_score: 0.717500
va_loss: 0.614327, va_score: 0.650000
te_loss: 0.612916, te_score: 0.680000

time = 18
tr_loss: 0.589135, tr_score: 0.711250
va_loss: 0.572854, va_score: 0.730000
te_loss: 0.562167, te_score: 0.730000

time = 18
tr_loss: 0.573335, tr_score: 0.718750
va_loss: 0.497647, va_score: 0.800000
te_loss: 0.515776, te_score: 0.800000

time = 18
tr_loss: 0.582045, tr_score: 0.688750
va_loss: 0.529875, va_score: 0.750000
te_loss: 0.500095, te_score: 0.780000

time = 18
tr_loss: 0.554202, tr_score: 0.721250
va_loss: 0.585719, va_score: 0.720000
te_loss: 0.516994, te_score: 0.750000

time = 18
tr_loss: 0.559256, tr_score: 0.717500
va_loss: 0.530534, va_score: 0.730000
te_loss: 0.606325, te_score: 0.690000

time = 18
tr_loss: 0.576295, tr_score: 0.718750
va_loss: 0.581420, va_score: 0.710000
te_loss: 0.648691, te_score: 0.660000

time = 18
tr_loss: 0.557378, tr_score: 0.728750
va_loss: 0.549900, va_score: 0.750000
te_loss: 0.603595, te_score: 0.680000

======================================================
18  Seed:  [ 873. 4207. 9606. 9170. 6333. 9407. 8590.  438. 6112. 2282. 5826. 4132.
 5788. 3773.  899. 1544. 7119. 3120. 1138. 3253.]
tr_loss: 0.580210, tr_score: 0.710875
va_loss: 0.575441, va_score: 0.708500
te_loss: 0.582364, te_score: 0.714000
time = 19
tr_loss: 0.589494, tr_score: 0.732500
va_loss: 0.659730, va_score: 0.650000
te_loss: 0.677677, te_score: 0.650000

time = 19
tr_loss: 0.566128, tr_score: 0.741250
va_loss: 0.568234, va_score: 0.720000
te_loss: 0.634406, te_score: 0.610000

time = 19
tr_loss: 0.589349, tr_score: 0.705000
va_loss: 0.525590, va_score: 0.770000
te_loss: 0.588353, te_score: 0.700000

time = 19
tr_loss: 0.598735, tr_score: 0.708750
va_loss: 0.595445, va_score: 0.660000
te_loss: 0.627085, te_score: 0.700000

time = 19
tr_loss: 0.572650, tr_score: 0.697500
va_loss: 0.563458, va_score: 0.680000
te_loss: 0.514548, te_score: 0.740000

time = 19
tr_loss: 0.586887, tr_score: 0.712500
va_loss: 0.583380, va_score: 0.740000
te_loss: 0.645045, te_score: 0.670000

time = 19
tr_loss: 0.595499, tr_score: 0.701250
va_loss: 0.587604, va_score: 0.720000
te_loss: 0.643796, te_score: 0.660000

time = 19
tr_loss: 0.575661, tr_score: 0.711250
va_loss: 0.618395, va_score: 0.690000
te_loss: 0.606383, te_score: 0.680000

time = 19
tr_loss: 0.611090, tr_score: 0.706250
va_loss: 0.606365, va_score: 0.720000
te_loss: 0.565933, te_score: 0.760000

time = 19
tr_loss: 0.602004, tr_score: 0.707500
va_loss: 0.644125, va_score: 0.670000
te_loss: 0.623229, te_score: 0.690000

time = 19
tr_loss: 0.586667, tr_score: 0.715000
va_loss: 0.577914, va_score: 0.700000
te_loss: 0.595823, te_score: 0.710000

time = 19
tr_loss: 0.586589, tr_score: 0.706250
va_loss: 0.600972, va_score: 0.700000
te_loss: 0.602023, te_score: 0.710000

time = 19
tr_loss: 0.546572, tr_score: 0.731250
va_loss: 0.597694, va_score: 0.730000
te_loss: 0.616098, te_score: 0.670000

time = 19
tr_loss: 0.508033, tr_score: 0.762500
va_loss: 0.517514, va_score: 0.770000
te_loss: 0.560843, te_score: 0.740000

time = 19
tr_loss: 0.584748, tr_score: 0.708750
va_loss: 0.566762, va_score: 0.710000
te_loss: 0.503687, te_score: 0.760000

time = 19
tr_loss: 0.583347, tr_score: 0.700000
va_loss: 0.521479, va_score: 0.770000
te_loss: 0.557176, te_score: 0.740000

time = 19
tr_loss: 0.581223, tr_score: 0.715000
va_loss: 0.598076, va_score: 0.700000
te_loss: 0.577710, te_score: 0.700000

time = 19
tr_loss: 0.683948, tr_score: 0.636250
va_loss: 0.717560, va_score: 0.630000
te_loss: 0.693868, te_score: 0.650000

time = 19
tr_loss: 0.605842, tr_score: 0.696250
va_loss: 0.555845, va_score: 0.750000
te_loss: 0.588908, te_score: 0.700000

time = 19
tr_loss: 0.605832, tr_score: 0.697500
va_loss: 0.667088, va_score: 0.630000
te_loss: 0.560604, te_score: 0.770000

======================================================
19  Seed:  [3709. 6253. 7969. 4492. 4878.  212. 2129. 7387.  610. 9877. 6936. 8416.
 1824. 6324. 9841. 5493. 7619. 7977.  518. 1963.]
tr_loss: 0.588015, tr_score: 0.709625
va_loss: 0.593662, va_score: 0.705500
te_loss: 0.599160, te_score: 0.700500
time = 20
tr_loss: 0.587821, tr_score: 0.713750
va_loss: 0.608817, va_score: 0.700000
te_loss: 0.582155, te_score: 0.700000

time = 20
tr_loss: 0.561853, tr_score: 0.693750
va_loss: 0.538300, va_score: 0.760000
te_loss: 0.545725, te_score: 0.710000

time = 20
tr_loss: 0.595935, tr_score: 0.701250
va_loss: 0.606341, va_score: 0.700000
te_loss: 0.624660, te_score: 0.690000

time = 20
tr_loss: 0.530985, tr_score: 0.722500
va_loss: 0.621228, va_score: 0.650000
te_loss: 0.515320, te_score: 0.770000

time = 20
tr_loss: 0.593037, tr_score: 0.705000
va_loss: 0.656877, va_score: 0.650000
te_loss: 0.608398, te_score: 0.690000

time = 20
tr_loss: 0.598631, tr_score: 0.712500
va_loss: 0.540265, va_score: 0.750000
te_loss: 0.582150, te_score: 0.710000

time = 20
tr_loss: 0.584795, tr_score: 0.725000
va_loss: 0.572298, va_score: 0.730000
te_loss: 0.568558, te_score: 0.750000

time = 20
tr_loss: 0.591183, tr_score: 0.720000
va_loss: 0.660145, va_score: 0.630000
te_loss: 0.599308, te_score: 0.720000

time = 20
tr_loss: 0.581744, tr_score: 0.713750
va_loss: 0.607824, va_score: 0.670000
te_loss: 0.535453, te_score: 0.780000

time = 20
tr_loss: 0.576250, tr_score: 0.710000
va_loss: 0.501810, va_score: 0.790000
te_loss: 0.570811, te_score: 0.710000

time = 20
tr_loss: 0.641115, tr_score: 0.697500
va_loss: 0.647870, va_score: 0.690000
te_loss: 0.583099, te_score: 0.730000

time = 20
tr_loss: 0.540388, tr_score: 0.720000
va_loss: 0.523919, va_score: 0.780000
te_loss: 0.536638, te_score: 0.750000

time = 20
tr_loss: 0.597333, tr_score: 0.713750
va_loss: 0.586590, va_score: 0.740000
te_loss: 0.615063, te_score: 0.710000

time = 20
tr_loss: 0.595191, tr_score: 0.678750
va_loss: 0.621580, va_score: 0.690000
te_loss: 0.602180, te_score: 0.630000

time = 20
tr_loss: 0.600109, tr_score: 0.701250
va_loss: 0.596707, va_score: 0.710000
te_loss: 0.616545, te_score: 0.680000

time = 20
tr_loss: 0.589270, tr_score: 0.721250
va_loss: 0.655977, va_score: 0.640000
te_loss: 0.615135, te_score: 0.690000

time = 20
tr_loss: 0.590099, tr_score: 0.700000
va_loss: 0.547708, va_score: 0.740000
te_loss: 0.524704, te_score: 0.740000

time = 20
tr_loss: 0.575303, tr_score: 0.710000
va_loss: 0.573341, va_score: 0.720000
te_loss: 0.583700, te_score: 0.740000

time = 20
tr_loss: 0.591084, tr_score: 0.697500
va_loss: 0.553523, va_score: 0.740000
te_loss: 0.594090, te_score: 0.700000

time = 20
tr_loss: 0.597732, tr_score: 0.727500
va_loss: 0.592645, va_score: 0.660000
te_loss: 0.593908, te_score: 0.720000

======================================================
20  Seed:  [8890. 5137. 6638. 5364. 3035. 4210. 5798. 9783. 7946.  146. 8127. 1556.
 1338. 7812. 5900. 6230. 6141. 6234. 5455. 7649.]
tr_loss: 0.585993, tr_score: 0.709250
va_loss: 0.590688, va_score: 0.707000
te_loss: 0.579880, te_score: 0.716000


mid seed:  [ 879. 4612.  287.  491. 3659. 8251. 7507. 1140. 3507. 4318. 9716. 8900.
 3870. 2555. 7340. 8792.  757. 6674. 3143.  691.]
mid test scores 0.704
