time = 0
tr_loss: 0.635945, tr_score: 0.708750
va_loss: 0.594801, va_score: 0.720000
te_loss: 0.625014, te_score: 0.700000

time = 0
tr_loss: 0.595219, tr_score: 0.716250
va_loss: 0.684461, va_score: 0.650000
te_loss: 0.686531, te_score: 0.620000

time = 0
tr_loss: 0.595616, tr_score: 0.717500
va_loss: 0.642272, va_score: 0.710000
te_loss: 0.657661, te_score: 0.660000

time = 0
tr_loss: 0.617646, tr_score: 0.691250
va_loss: 0.592550, va_score: 0.730000
te_loss: 0.645518, te_score: 0.670000

time = 0
tr_loss: 0.619498, tr_score: 0.683750
va_loss: 0.625584, va_score: 0.680000
te_loss: 0.549587, te_score: 0.780000

time = 0
tr_loss: 0.559965, tr_score: 0.727500
va_loss: 0.628249, va_score: 0.650000
te_loss: 0.652620, te_score: 0.630000

time = 0
tr_loss: 0.576330, tr_score: 0.716250
va_loss: 0.638184, va_score: 0.650000
te_loss: 0.499461, te_score: 0.770000

time = 0
tr_loss: 0.529733, tr_score: 0.752500
va_loss: 0.480648, va_score: 0.740000
te_loss: 0.573606, te_score: 0.740000

time = 0
tr_loss: 0.569552, tr_score: 0.706250
va_loss: 0.532222, va_score: 0.760000
te_loss: 0.566712, te_score: 0.730000

time = 0
tr_loss: 0.574930, tr_score: 0.693750
va_loss: 0.610800, va_score: 0.660000
te_loss: 0.489596, te_score: 0.800000

time = 0
tr_loss: 0.504866, tr_score: 0.753750
va_loss: 0.480890, va_score: 0.780000
te_loss: 0.568196, te_score: 0.690000

time = 0
tr_loss: 0.521225, tr_score: 0.750000
va_loss: 0.554509, va_score: 0.730000
te_loss: 0.719023, te_score: 0.580000

time = 0
tr_loss: 0.586856, tr_score: 0.722500
va_loss: 0.631829, va_score: 0.680000
te_loss: 0.636753, te_score: 0.640000

time = 0
tr_loss: 0.580626, tr_score: 0.720000
va_loss: 0.573637, va_score: 0.750000
te_loss: 0.686684, te_score: 0.620000

time = 0
tr_loss: 0.585402, tr_score: 0.710000
va_loss: 0.622205, va_score: 0.690000
te_loss: 0.601385, te_score: 0.710000

time = 0
tr_loss: 0.577788, tr_score: 0.705000
va_loss: 0.583139, va_score: 0.690000
te_loss: 0.611149, te_score: 0.690000

time = 0
tr_loss: 0.582070, tr_score: 0.715000
va_loss: 0.688789, va_score: 0.660000
te_loss: 0.588742, te_score: 0.720000

time = 0
tr_loss: 0.610426, tr_score: 0.711250
va_loss: 0.581865, va_score: 0.740000
te_loss: 0.619779, te_score: 0.710000

time = 0
tr_loss: 0.570890, tr_score: 0.717500
va_loss: 0.601402, va_score: 0.670000
te_loss: 0.696923, te_score: 0.610000

time = 0
tr_loss: 0.589761, tr_score: 0.713750
va_loss: 0.537358, va_score: 0.750000
te_loss: 0.643047, te_score: 0.680000

======================================================
0  Seed:  [ 140. 2411. 2238. 5068. 2300. 9812. 6334. 4380. 4021. 8554. 2226. 8534.
 4715. 7921. 4457. 6212.  255.  495. 8301.  932.]
tr_loss: 0.579217, tr_score: 0.716625
va_loss: 0.594270, va_score: 0.704500
te_loss: 0.615899, te_score: 0.687500
time = 1
tr_loss: 0.594183, tr_score: 0.721250
va_loss: 0.687594, va_score: 0.630000
te_loss: 0.613267, te_score: 0.690000

time = 1
tr_loss: 0.586075, tr_score: 0.725000
va_loss: 0.627355, va_score: 0.690000
te_loss: 0.584658, te_score: 0.740000

time = 1
tr_loss: 0.572729, tr_score: 0.692500
va_loss: 0.560878, va_score: 0.710000
te_loss: 0.528663, te_score: 0.760000

time = 1
tr_loss: 0.530096, tr_score: 0.722500
va_loss: 0.525794, va_score: 0.780000
te_loss: 0.576080, te_score: 0.680000

time = 1
tr_loss: 0.574487, tr_score: 0.738750
va_loss: 0.683662, va_score: 0.620000
te_loss: 0.618966, te_score: 0.700000

time = 1
tr_loss: 0.596228, tr_score: 0.701250
va_loss: 0.614549, va_score: 0.650000
te_loss: 0.570759, te_score: 0.730000

time = 1
tr_loss: 0.575915, tr_score: 0.713750
va_loss: 0.571842, va_score: 0.730000
te_loss: 0.601255, te_score: 0.720000

time = 1
tr_loss: 0.595142, tr_score: 0.698750
va_loss: 0.561679, va_score: 0.730000
te_loss: 0.529409, te_score: 0.740000

time = 1
tr_loss: 0.598603, tr_score: 0.707500
va_loss: 0.633889, va_score: 0.680000
te_loss: 0.539807, te_score: 0.770000

time = 1
tr_loss: 0.576257, tr_score: 0.730000
va_loss: 0.574285, va_score: 0.710000
te_loss: 0.645856, te_score: 0.650000

time = 1
tr_loss: 0.581042, tr_score: 0.718750
va_loss: 0.631644, va_score: 0.670000
te_loss: 0.536705, te_score: 0.760000

time = 1
tr_loss: 0.603146, tr_score: 0.695000
va_loss: 0.616892, va_score: 0.690000
te_loss: 0.590708, te_score: 0.720000

time = 1
tr_loss: 0.557811, tr_score: 0.712500
va_loss: 0.494107, va_score: 0.800000
te_loss: 0.572173, te_score: 0.650000

time = 1
tr_loss: 0.572991, tr_score: 0.702500
va_loss: 0.583600, va_score: 0.700000
te_loss: 0.581624, te_score: 0.730000

time = 1
tr_loss: 0.583062, tr_score: 0.715000
va_loss: 0.668244, va_score: 0.640000
te_loss: 0.564672, te_score: 0.720000

time = 1
tr_loss: 0.515492, tr_score: 0.753750
va_loss: 0.566112, va_score: 0.740000
te_loss: 0.550021, te_score: 0.740000

time = 1
tr_loss: 0.599017, tr_score: 0.708750
va_loss: 0.554089, va_score: 0.760000
te_loss: 0.628633, te_score: 0.660000

time = 1
tr_loss: 0.581380, tr_score: 0.715000
va_loss: 0.628917, va_score: 0.690000
te_loss: 0.573013, te_score: 0.690000

time = 1
tr_loss: 0.601338, tr_score: 0.698750
va_loss: 0.551992, va_score: 0.770000
te_loss: 0.626352, te_score: 0.670000

time = 1
tr_loss: 0.591851, tr_score: 0.702500
va_loss: 0.550390, va_score: 0.750000
te_loss: 0.520246, te_score: 0.780000

======================================================
1  Seed:  [8640.  888. 4066.  552. 1437. 6591. 8969.  824. 8811.  938.  550. 9822.
 6241. 3057. 1352. 8361. 5326. 3377. 2314. 8889.]
tr_loss: 0.579342, tr_score: 0.713688
va_loss: 0.594376, va_score: 0.707000
te_loss: 0.577643, te_score: 0.715000
time = 2
tr_loss: 0.539512, tr_score: 0.736250
va_loss: 0.531078, va_score: 0.750000
te_loss: 0.608423, te_score: 0.690000

time = 2
tr_loss: 0.583855, tr_score: 0.710000
va_loss: 0.521997, va_score: 0.790000
te_loss: 0.629504, te_score: 0.650000

time = 2
tr_loss: 0.587167, tr_score: 0.695000
va_loss: 0.553116, va_score: 0.740000
te_loss: 0.598738, te_score: 0.670000

time = 2
tr_loss: 0.606325, tr_score: 0.696250
va_loss: 0.608838, va_score: 0.690000
te_loss: 0.561188, te_score: 0.740000

time = 2
tr_loss: 0.573836, tr_score: 0.726250
va_loss: 0.570730, va_score: 0.720000
te_loss: 0.546671, te_score: 0.750000

time = 2
tr_loss: 0.523654, tr_score: 0.736250
va_loss: 0.548971, va_score: 0.690000
te_loss: 0.645240, te_score: 0.640000

time = 2
tr_loss: 0.580386, tr_score: 0.715000
va_loss: 0.678750, va_score: 0.620000
te_loss: 0.597841, te_score: 0.690000

time = 2
tr_loss: 0.647602, tr_score: 0.678750
va_loss: 0.556803, va_score: 0.730000
te_loss: 0.602586, te_score: 0.710000

time = 2
tr_loss: 0.585835, tr_score: 0.721250
va_loss: 0.553564, va_score: 0.740000
te_loss: 0.626682, te_score: 0.670000

time = 2
tr_loss: 0.607605, tr_score: 0.701250
va_loss: 0.570634, va_score: 0.740000
te_loss: 0.606263, te_score: 0.700000

time = 2
tr_loss: 0.524072, tr_score: 0.757500
va_loss: 0.514535, va_score: 0.720000
te_loss: 0.593006, te_score: 0.670000

time = 2
tr_loss: 0.607695, tr_score: 0.702500
va_loss: 0.609829, va_score: 0.720000
te_loss: 0.513238, te_score: 0.780000

time = 2
tr_loss: 0.588010, tr_score: 0.703750
va_loss: 0.581148, va_score: 0.730000
te_loss: 0.587447, te_score: 0.690000

time = 2
tr_loss: 0.586111, tr_score: 0.693750
va_loss: 0.541422, va_score: 0.760000
te_loss: 0.566287, te_score: 0.710000

time = 2
tr_loss: 0.572500, tr_score: 0.707500
va_loss: 0.578724, va_score: 0.690000
te_loss: 0.576298, te_score: 0.720000

time = 2
tr_loss: 0.605207, tr_score: 0.672500
va_loss: 0.550159, va_score: 0.670000
te_loss: 0.597417, te_score: 0.750000

time = 2
tr_loss: 0.565648, tr_score: 0.717500
va_loss: 0.590562, va_score: 0.680000
te_loss: 0.631011, te_score: 0.640000

time = 2
tr_loss: 0.543036, tr_score: 0.733750
va_loss: 0.603783, va_score: 0.690000
te_loss: 0.515923, te_score: 0.770000

time = 2
tr_loss: 0.664966, tr_score: 0.661250
va_loss: 0.699501, va_score: 0.670000
te_loss: 0.671375, te_score: 0.620000

time = 2
tr_loss: 0.572496, tr_score: 0.698750
va_loss: 0.567783, va_score: 0.720000
te_loss: 0.599110, te_score: 0.690000

======================================================
2  Seed:  [5478. 7027. 2150. 7559. 3662. 2043. 8598. 4158. 6442. 4398. 3939. 9768.
 5143. 2231.  162. 6860. 3496. 7749. 2530. 2730.]
tr_loss: 0.583276, tr_score: 0.708250
va_loss: 0.576596, va_score: 0.713000
te_loss: 0.593712, te_score: 0.697500
time = 3
tr_loss: 0.595548, tr_score: 0.711250
va_loss: 0.638724, va_score: 0.680000
te_loss: 0.602765, te_score: 0.680000

time = 3
tr_loss: 0.578442, tr_score: 0.721250
va_loss: 0.619197, va_score: 0.670000
te_loss: 0.582637, te_score: 0.710000

time = 3
tr_loss: 0.577878, tr_score: 0.715000
va_loss: 0.669986, va_score: 0.650000
te_loss: 0.626043, te_score: 0.680000

time = 3
tr_loss: 0.591848, tr_score: 0.706250
va_loss: 0.559724, va_score: 0.760000
te_loss: 0.569675, te_score: 0.740000

time = 3
tr_loss: 0.543963, tr_score: 0.731250
va_loss: 0.533707, va_score: 0.740000
te_loss: 0.585404, te_score: 0.700000

time = 3
tr_loss: 0.573049, tr_score: 0.705000
va_loss: 0.520385, va_score: 0.770000
te_loss: 0.599013, te_score: 0.670000

time = 3
tr_loss: 0.603882, tr_score: 0.715000
va_loss: 0.648097, va_score: 0.620000
te_loss: 0.630530, te_score: 0.690000

time = 3
tr_loss: 0.602761, tr_score: 0.720000
va_loss: 0.659956, va_score: 0.640000
te_loss: 0.673069, te_score: 0.640000

time = 3
tr_loss: 0.562820, tr_score: 0.717500
va_loss: 0.658531, va_score: 0.640000
te_loss: 0.573131, te_score: 0.700000

time = 3
tr_loss: 0.603557, tr_score: 0.708750
va_loss: 0.581890, va_score: 0.710000
te_loss: 0.598216, te_score: 0.730000

time = 3
tr_loss: 0.618041, tr_score: 0.700000
va_loss: 0.641758, va_score: 0.680000
te_loss: 0.612639, te_score: 0.720000

time = 3
tr_loss: 0.583485, tr_score: 0.708750
va_loss: 0.581387, va_score: 0.710000
te_loss: 0.628680, te_score: 0.740000

time = 3
tr_loss: 0.598104, tr_score: 0.708750
va_loss: 0.560280, va_score: 0.750000
te_loss: 0.611742, te_score: 0.670000

time = 3
tr_loss: 0.531625, tr_score: 0.745000
va_loss: 0.600172, va_score: 0.700000
te_loss: 0.469726, te_score: 0.810000

time = 3
tr_loss: 0.607814, tr_score: 0.708750
va_loss: 0.675379, va_score: 0.610000
te_loss: 0.616718, te_score: 0.690000

time = 3
tr_loss: 0.512517, tr_score: 0.751250
va_loss: 0.560635, va_score: 0.690000
te_loss: 0.529340, te_score: 0.730000

time = 3
tr_loss: 0.578469, tr_score: 0.711250
va_loss: 0.592105, va_score: 0.700000
te_loss: 0.618561, te_score: 0.630000

time = 3
tr_loss: 0.607178, tr_score: 0.703750
va_loss: 0.711345, va_score: 0.540000
te_loss: 0.602282, te_score: 0.720000

time = 3
tr_loss: 0.590422, tr_score: 0.708750
va_loss: 0.607029, va_score: 0.670000
te_loss: 0.598557, te_score: 0.660000

time = 3
tr_loss: 0.598869, tr_score: 0.708750
va_loss: 0.618212, va_score: 0.670000
te_loss: 0.546666, te_score: 0.740000

======================================================
3  Seed:  [6469. 3301. 7178. 4323. 9525.  454. 7215. 4562. 5178. 3971. 9338. 3960.
 2970. 9630. 2254.  396. 4264. 8949. 7913. 1289.]
tr_loss: 0.583014, tr_score: 0.715312
va_loss: 0.611925, va_score: 0.680000
te_loss: 0.593770, te_score: 0.702500
time = 4
tr_loss: 0.613510, tr_score: 0.692500
va_loss: 0.579405, va_score: 0.750000
te_loss: 0.567162, te_score: 0.740000

time = 4
tr_loss: 0.602501, tr_score: 0.707500
va_loss: 0.542881, va_score: 0.780000
te_loss: 0.617463, te_score: 0.670000

time = 4
tr_loss: 0.598141, tr_score: 0.703750
va_loss: 0.598651, va_score: 0.730000
te_loss: 0.608506, te_score: 0.700000

time = 4
tr_loss: 0.596010, tr_score: 0.715000
va_loss: 0.570470, va_score: 0.750000
te_loss: 0.598136, te_score: 0.730000

time = 4
tr_loss: 0.536701, tr_score: 0.738750
va_loss: 0.588805, va_score: 0.690000
te_loss: 0.568218, te_score: 0.710000

time = 4
tr_loss: 0.573994, tr_score: 0.723750
va_loss: 0.595187, va_score: 0.690000
te_loss: 0.591454, te_score: 0.700000

time = 4
tr_loss: 0.583465, tr_score: 0.693750
va_loss: 0.588771, va_score: 0.700000
te_loss: 0.591932, te_score: 0.680000

time = 4
tr_loss: 0.577111, tr_score: 0.721250
va_loss: 0.642650, va_score: 0.590000
te_loss: 0.526312, te_score: 0.750000

time = 4
tr_loss: 0.575355, tr_score: 0.715000
va_loss: 0.629626, va_score: 0.660000
te_loss: 0.537304, te_score: 0.750000

time = 4
tr_loss: 0.514316, tr_score: 0.742500
va_loss: 0.512340, va_score: 0.800000
te_loss: 0.513307, te_score: 0.720000

time = 4
tr_loss: 0.558465, tr_score: 0.733750
va_loss: 0.649934, va_score: 0.640000
te_loss: 0.652154, te_score: 0.620000

time = 4
tr_loss: 0.551908, tr_score: 0.737500
va_loss: 0.478161, va_score: 0.760000
te_loss: 0.590874, te_score: 0.720000

time = 4
tr_loss: 0.600336, tr_score: 0.695000
va_loss: 0.540997, va_score: 0.760000
te_loss: 0.646316, te_score: 0.650000

time = 4
tr_loss: 0.585098, tr_score: 0.690000
va_loss: 0.529467, va_score: 0.770000
te_loss: 0.536293, te_score: 0.750000

time = 4
tr_loss: 0.579532, tr_score: 0.728750
va_loss: 0.613850, va_score: 0.680000
te_loss: 0.670580, te_score: 0.670000

time = 4
tr_loss: 0.605401, tr_score: 0.690000
va_loss: 0.545893, va_score: 0.780000
te_loss: 0.604227, te_score: 0.720000

time = 4
tr_loss: 0.569732, tr_score: 0.713750
va_loss: 0.504919, va_score: 0.770000
te_loss: 0.552424, te_score: 0.680000

time = 4
tr_loss: 0.579489, tr_score: 0.706250
va_loss: 0.572868, va_score: 0.740000
te_loss: 0.591463, te_score: 0.720000

time = 4
tr_loss: 0.629875, tr_score: 0.712500
va_loss: 0.702154, va_score: 0.640000
te_loss: 0.596960, te_score: 0.710000

time = 4
tr_loss: 0.621173, tr_score: 0.693750
va_loss: 0.584721, va_score: 0.710000
te_loss: 0.567731, te_score: 0.740000

======================================================
4  Seed:  [8744.  130. 2730. 2289. 3436.   91. 5431.  214. 1996. 7906. 4318. 5189.
 9458. 5884. 7590. 9032. 7937. 3024. 1021. 9551.]
tr_loss: 0.582606, tr_score: 0.712750
va_loss: 0.578588, va_score: 0.719500
te_loss: 0.586441, te_score: 0.706500
time = 5
tr_loss: 0.583943, tr_score: 0.713750
va_loss: 0.634807, va_score: 0.650000
te_loss: 0.616739, te_score: 0.650000

time = 5
tr_loss: 0.605421, tr_score: 0.696250
va_loss: 0.613277, va_score: 0.710000
te_loss: 0.518065, te_score: 0.760000

time = 5
tr_loss: 0.537576, tr_score: 0.730000
va_loss: 0.555322, va_score: 0.710000
te_loss: 0.606368, te_score: 0.670000

time = 5
tr_loss: 0.603609, tr_score: 0.707500
va_loss: 0.636334, va_score: 0.680000
te_loss: 0.616136, te_score: 0.670000

time = 5
tr_loss: 0.573964, tr_score: 0.705000
va_loss: 0.610884, va_score: 0.700000
te_loss: 0.507388, te_score: 0.750000

time = 5
tr_loss: 0.590257, tr_score: 0.691250
va_loss: 0.557854, va_score: 0.730000
te_loss: 0.526388, te_score: 0.760000

time = 5
tr_loss: 0.583977, tr_score: 0.715000
va_loss: 0.553534, va_score: 0.730000
te_loss: 0.584126, te_score: 0.660000

time = 5
tr_loss: 0.621759, tr_score: 0.702500
va_loss: 0.586080, va_score: 0.720000
te_loss: 0.614335, te_score: 0.690000

time = 5
tr_loss: 0.545545, tr_score: 0.726250
va_loss: 0.519376, va_score: 0.780000
te_loss: 0.541013, te_score: 0.750000

time = 5
tr_loss: 0.569703, tr_score: 0.701250
va_loss: 0.588953, va_score: 0.670000
te_loss: 0.576440, te_score: 0.740000

time = 5
tr_loss: 0.605661, tr_score: 0.716250
va_loss: 0.632048, va_score: 0.680000
te_loss: 0.595671, te_score: 0.720000

time = 5
tr_loss: 0.567871, tr_score: 0.703750
va_loss: 0.496308, va_score: 0.800000
te_loss: 0.567213, te_score: 0.730000

time = 5
tr_loss: 0.587826, tr_score: 0.701250
va_loss: 0.577804, va_score: 0.730000
te_loss: 0.576697, te_score: 0.680000

time = 5
tr_loss: 0.540091, tr_score: 0.728750
va_loss: 0.520273, va_score: 0.750000
te_loss: 0.628929, te_score: 0.680000

time = 5
tr_loss: 0.586076, tr_score: 0.707500
va_loss: 0.585493, va_score: 0.730000
te_loss: 0.603872, te_score: 0.680000

time = 5
tr_loss: 0.576836, tr_score: 0.715000
va_loss: 0.533378, va_score: 0.770000
te_loss: 0.627346, te_score: 0.640000

time = 5
tr_loss: 0.549022, tr_score: 0.746250
va_loss: 0.613120, va_score: 0.690000
te_loss: 0.558629, te_score: 0.720000

time = 5
tr_loss: 0.572819, tr_score: 0.702500
va_loss: 0.515273, va_score: 0.750000
te_loss: 0.603287, te_score: 0.700000

time = 5
tr_loss: 0.545885, tr_score: 0.725000
va_loss: 0.477705, va_score: 0.850000
te_loss: 0.630714, te_score: 0.620000

time = 5
tr_loss: 0.591497, tr_score: 0.717500
va_loss: 0.657179, va_score: 0.690000
te_loss: 0.599834, te_score: 0.690000

======================================================
5  Seed:  [1237. 6412. 2121. 6405. 4525. 1302. 1340. 7513. 9914. 1173. 2339. 2687.
 5417. 1769. 4522. 4161. 3470. 2003. 6862. 6659.]
tr_loss: 0.576967, tr_score: 0.712625
va_loss: 0.573250, va_score: 0.726000
te_loss: 0.584960, te_score: 0.698000
time = 6
tr_loss: 0.590737, tr_score: 0.708750
va_loss: 0.534908, va_score: 0.760000
te_loss: 0.630095, te_score: 0.680000

time = 6
tr_loss: 0.586530, tr_score: 0.715000
va_loss: 0.639041, va_score: 0.670000
te_loss: 0.595794, te_score: 0.650000

time = 6
tr_loss: 0.540558, tr_score: 0.722500
va_loss: 0.521191, va_score: 0.720000
te_loss: 0.607166, te_score: 0.680000

time = 6
tr_loss: 0.564724, tr_score: 0.718750
va_loss: 0.568942, va_score: 0.710000
te_loss: 0.624377, te_score: 0.640000

time = 6
tr_loss: 0.604741, tr_score: 0.702500
va_loss: 0.644505, va_score: 0.660000
te_loss: 0.535769, te_score: 0.760000

time = 6
tr_loss: 0.559639, tr_score: 0.718750
va_loss: 0.627334, va_score: 0.670000
te_loss: 0.661730, te_score: 0.590000

time = 6
tr_loss: 0.553724, tr_score: 0.731250
va_loss: 0.615754, va_score: 0.660000
te_loss: 0.533753, te_score: 0.730000

time = 6
tr_loss: 0.598428, tr_score: 0.715000
va_loss: 0.646075, va_score: 0.640000
te_loss: 0.589106, te_score: 0.720000

time = 6
tr_loss: 0.584166, tr_score: 0.713750
va_loss: 0.553142, va_score: 0.770000
te_loss: 0.528746, te_score: 0.720000

time = 6
tr_loss: 0.591143, tr_score: 0.702500
va_loss: 0.591382, va_score: 0.730000
te_loss: 0.626181, te_score: 0.670000

time = 6
tr_loss: 0.515698, tr_score: 0.736250
va_loss: 0.547283, va_score: 0.720000
te_loss: 0.616370, te_score: 0.600000

time = 6
tr_loss: 0.498486, tr_score: 0.773750
va_loss: 0.523229, va_score: 0.750000
te_loss: 0.554325, te_score: 0.740000

time = 6
tr_loss: 0.585919, tr_score: 0.705000
va_loss: 0.551562, va_score: 0.730000
te_loss: 0.603647, te_score: 0.670000

time = 6
tr_loss: 0.573094, tr_score: 0.702500
va_loss: 0.528631, va_score: 0.760000
te_loss: 0.542788, te_score: 0.750000

time = 6
tr_loss: 0.596144, tr_score: 0.700000
va_loss: 0.598366, va_score: 0.700000
te_loss: 0.638383, te_score: 0.630000

time = 6
tr_loss: 0.578017, tr_score: 0.706250
va_loss: 0.599431, va_score: 0.690000
te_loss: 0.595168, te_score: 0.680000

time = 6
tr_loss: 0.594499, tr_score: 0.700000
va_loss: 0.573249, va_score: 0.720000
te_loss: 0.610094, te_score: 0.690000

time = 6
tr_loss: 0.618402, tr_score: 0.693750
va_loss: 0.580671, va_score: 0.740000
te_loss: 0.611600, te_score: 0.700000

time = 6
tr_loss: 0.573199, tr_score: 0.716250
va_loss: 0.587241, va_score: 0.680000
te_loss: 0.588443, te_score: 0.700000

time = 6
tr_loss: 0.588746, tr_score: 0.700000
va_loss: 0.644751, va_score: 0.700000
te_loss: 0.581020, te_score: 0.720000

======================================================
6  Seed:  [7694. 6294. 7622. 3529.   96. 7204. 5217. 3436.  887. 8110. 7803. 3805.
 1114. 2222. 9584. 2008. 1959. 4210.  576. 6097.]
tr_loss: 0.574830, tr_score: 0.714125
va_loss: 0.583834, va_score: 0.709000
te_loss: 0.593728, te_score: 0.686000
time = 7
tr_loss: 0.579005, tr_score: 0.698750
va_loss: 0.592737, va_score: 0.690000
te_loss: 0.542460, te_score: 0.740000

time = 7
tr_loss: 0.596581, tr_score: 0.703750
va_loss: 0.538493, va_score: 0.770000
te_loss: 0.573655, te_score: 0.700000

time = 7
tr_loss: 0.575124, tr_score: 0.720000
va_loss: 0.501896, va_score: 0.770000
te_loss: 0.535232, te_score: 0.790000

time = 7
tr_loss: 0.548148, tr_score: 0.730000
va_loss: 0.546833, va_score: 0.700000
te_loss: 0.553995, te_score: 0.750000

time = 7
tr_loss: 0.588745, tr_score: 0.697500
va_loss: 0.576874, va_score: 0.700000
te_loss: 0.590723, te_score: 0.740000

time = 7
tr_loss: 0.538628, tr_score: 0.732500
va_loss: 0.620394, va_score: 0.660000
te_loss: 0.550815, te_score: 0.740000

time = 7
tr_loss: 0.612451, tr_score: 0.696250
va_loss: 0.602978, va_score: 0.670000
te_loss: 0.502710, te_score: 0.780000

time = 7
tr_loss: 0.555534, tr_score: 0.730000
va_loss: 0.586968, va_score: 0.700000
te_loss: 0.634718, te_score: 0.650000

time = 7
tr_loss: 0.611126, tr_score: 0.692500
va_loss: 0.630985, va_score: 0.690000
te_loss: 0.626967, te_score: 0.670000

time = 7
tr_loss: 0.554655, tr_score: 0.698750
va_loss: 0.544737, va_score: 0.710000
te_loss: 0.563781, te_score: 0.710000

time = 7
tr_loss: 0.619900, tr_score: 0.701250
va_loss: 0.616779, va_score: 0.710000
te_loss: 0.666909, te_score: 0.620000

time = 7
tr_loss: 0.590726, tr_score: 0.698750
va_loss: 0.669707, va_score: 0.630000
te_loss: 0.503914, te_score: 0.780000

time = 7
tr_loss: 0.571819, tr_score: 0.733750
va_loss: 0.697838, va_score: 0.560000
te_loss: 0.654659, te_score: 0.670000

time = 7
tr_loss: 0.630012, tr_score: 0.698750
va_loss: 0.570603, va_score: 0.750000
te_loss: 0.662193, te_score: 0.660000

time = 7
tr_loss: 0.537170, tr_score: 0.731250
va_loss: 0.568727, va_score: 0.660000
te_loss: 0.550562, te_score: 0.670000

time = 7
tr_loss: 0.597046, tr_score: 0.721250
va_loss: 0.668642, va_score: 0.670000
te_loss: 0.603160, te_score: 0.720000

time = 7
tr_loss: 0.593579, tr_score: 0.712500
va_loss: 0.595807, va_score: 0.720000
te_loss: 0.656515, te_score: 0.660000

time = 7
tr_loss: 0.550342, tr_score: 0.725000
va_loss: 0.537941, va_score: 0.750000
te_loss: 0.635836, te_score: 0.660000

time = 7
tr_loss: 0.509317, tr_score: 0.762500
va_loss: 0.504483, va_score: 0.750000
te_loss: 0.476550, te_score: 0.760000

time = 7
tr_loss: 0.587488, tr_score: 0.697500
va_loss: 0.613980, va_score: 0.700000
te_loss: 0.614921, te_score: 0.700000

======================================================
7  Seed:  [ 667. 3641. 1333. 4721. 6871. 9519. 4778.  927. 8338.   13. 3683. 6570.
 1422. 3821. 5722.  599. 3527. 1784. 1921. 2070.]
tr_loss: 0.577370, tr_score: 0.714125
va_loss: 0.589370, va_score: 0.698000
te_loss: 0.585014, te_score: 0.708500
time = 8
tr_loss: 0.600051, tr_score: 0.713750
va_loss: 0.638833, va_score: 0.690000
te_loss: 0.550157, te_score: 0.750000

time = 8
tr_loss: 0.556733, tr_score: 0.722500
va_loss: 0.726228, va_score: 0.600000
te_loss: 0.517246, te_score: 0.770000

time = 8
tr_loss: 0.643796, tr_score: 0.652500
va_loss: 0.636757, va_score: 0.640000
te_loss: 0.637457, te_score: 0.650000

time = 8
tr_loss: 0.549313, tr_score: 0.715000
va_loss: 0.539625, va_score: 0.750000
te_loss: 0.575781, te_score: 0.690000

time = 8
tr_loss: 0.625004, tr_score: 0.695000
va_loss: 0.592597, va_score: 0.700000
te_loss: 0.595178, te_score: 0.740000

time = 8
tr_loss: 0.542983, tr_score: 0.723750
va_loss: 0.548140, va_score: 0.700000
te_loss: 0.554408, te_score: 0.730000

time = 8
tr_loss: 0.566882, tr_score: 0.705000
va_loss: 0.556910, va_score: 0.710000
te_loss: 0.660659, te_score: 0.650000

time = 8
tr_loss: 0.613882, tr_score: 0.691250
va_loss: 0.551009, va_score: 0.770000
te_loss: 0.617871, te_score: 0.710000

time = 8
tr_loss: 0.531644, tr_score: 0.738750
va_loss: 0.562998, va_score: 0.730000
te_loss: 0.496576, te_score: 0.730000

time = 8
tr_loss: 0.569481, tr_score: 0.717500
va_loss: 0.611266, va_score: 0.640000
te_loss: 0.584149, te_score: 0.710000

time = 8
tr_loss: 0.574278, tr_score: 0.698750
va_loss: 0.498905, va_score: 0.780000
te_loss: 0.494967, te_score: 0.800000

time = 8
tr_loss: 0.661847, tr_score: 0.662500
va_loss: 0.643686, va_score: 0.670000
te_loss: 0.713348, te_score: 0.630000

time = 8
tr_loss: 0.543503, tr_score: 0.710000
va_loss: 0.580696, va_score: 0.680000
te_loss: 0.554086, te_score: 0.680000

time = 8
tr_loss: 0.603504, tr_score: 0.711250
va_loss: 0.534956, va_score: 0.810000
te_loss: 0.585682, te_score: 0.690000

time = 8
tr_loss: 0.530565, tr_score: 0.743750
va_loss: 0.518958, va_score: 0.760000
te_loss: 0.493255, te_score: 0.790000

time = 8
tr_loss: 0.572252, tr_score: 0.708750
va_loss: 0.533903, va_score: 0.750000
te_loss: 0.697468, te_score: 0.580000

time = 8
tr_loss: 0.580198, tr_score: 0.717500
va_loss: 0.604860, va_score: 0.690000
te_loss: 0.609154, te_score: 0.690000

time = 8
tr_loss: 0.590480, tr_score: 0.697500
va_loss: 0.568055, va_score: 0.730000
te_loss: 0.588076, te_score: 0.700000

time = 8
tr_loss: 0.591090, tr_score: 0.713750
va_loss: 0.594717, va_score: 0.710000
te_loss: 0.581181, te_score: 0.720000

time = 8
tr_loss: 0.578428, tr_score: 0.730000
va_loss: 0.602374, va_score: 0.720000
te_loss: 0.683072, te_score: 0.640000

======================================================
8  Seed:  [4860. 8426. 6918. 8393. 2977. 1581. 7001.  814. 5947. 4477. 3311. 7270.
 5082. 4712. 7103. 6080. 5821. 8708. 4579. 2324.]
tr_loss: 0.581296, tr_score: 0.708437
va_loss: 0.582274, va_score: 0.711500
te_loss: 0.589489, te_score: 0.702500
time = 9
tr_loss: 0.587865, tr_score: 0.712500
va_loss: 0.564485, va_score: 0.740000
te_loss: 0.590580, te_score: 0.690000

time = 9
tr_loss: 0.601887, tr_score: 0.720000
va_loss: 0.674099, va_score: 0.600000
te_loss: 0.618658, te_score: 0.720000

time = 9
tr_loss: 0.553400, tr_score: 0.730000
va_loss: 0.563446, va_score: 0.700000
te_loss: 0.631816, te_score: 0.680000

time = 9
tr_loss: 0.583866, tr_score: 0.703750
va_loss: 0.547616, va_score: 0.740000
te_loss: 0.601767, te_score: 0.680000

time = 9
tr_loss: 0.516133, tr_score: 0.756250
va_loss: 0.493431, va_score: 0.800000
te_loss: 0.621185, te_score: 0.670000

time = 9
tr_loss: 0.568787, tr_score: 0.718750
va_loss: 0.532640, va_score: 0.750000
te_loss: 0.610223, te_score: 0.670000

time = 9
tr_loss: 0.620585, tr_score: 0.706250
va_loss: 0.585259, va_score: 0.730000
te_loss: 0.600590, te_score: 0.720000

time = 9
tr_loss: 0.505090, tr_score: 0.755000
va_loss: 0.499751, va_score: 0.750000
te_loss: 0.555452, te_score: 0.720000

time = 9
tr_loss: 0.615007, tr_score: 0.693750
va_loss: 0.578161, va_score: 0.750000
te_loss: 0.579013, te_score: 0.670000

time = 9
tr_loss: 0.590985, tr_score: 0.713750
va_loss: 0.636265, va_score: 0.640000
te_loss: 0.542723, te_score: 0.740000

time = 9
tr_loss: 0.563769, tr_score: 0.701250
va_loss: 0.587670, va_score: 0.730000
te_loss: 0.538126, te_score: 0.710000

time = 9
tr_loss: 0.589036, tr_score: 0.691250
va_loss: 0.538154, va_score: 0.760000
te_loss: 0.568896, te_score: 0.740000

time = 9
tr_loss: 0.595816, tr_score: 0.705000
va_loss: 0.607023, va_score: 0.660000
te_loss: 0.515697, te_score: 0.750000

time = 9
tr_loss: 0.591772, tr_score: 0.705000
va_loss: 0.617750, va_score: 0.710000
te_loss: 0.531705, te_score: 0.760000

time = 9
tr_loss: 0.616031, tr_score: 0.662500
va_loss: 0.727227, va_score: 0.540000
te_loss: 0.621081, te_score: 0.690000

time = 9
tr_loss: 0.583369, tr_score: 0.703750
va_loss: 0.573891, va_score: 0.710000
te_loss: 0.562889, te_score: 0.730000

time = 9
tr_loss: 0.550279, tr_score: 0.718750
va_loss: 0.568218, va_score: 0.740000
te_loss: 0.589553, te_score: 0.670000

time = 9
tr_loss: 0.578125, tr_score: 0.713750
va_loss: 0.556199, va_score: 0.720000
te_loss: 0.604339, te_score: 0.660000

time = 9
tr_loss: 0.574924, tr_score: 0.713750
va_loss: 0.579969, va_score: 0.700000
te_loss: 0.599552, te_score: 0.700000

time = 9
tr_loss: 0.624763, tr_score: 0.690000
va_loss: 0.582336, va_score: 0.760000
te_loss: 0.628063, te_score: 0.720000

======================================================
9  Seed:  [9948.  542.  232.  666. 5686. 1955. 6679. 1732. 8003. 9621. 2645. 4622.
 2831. 7236. 6932. 8781. 1798. 9886. 2715. 5559.]
tr_loss: 0.580575, tr_score: 0.710750
va_loss: 0.580680, va_score: 0.711500
te_loss: 0.585595, te_score: 0.704500
time = 10
tr_loss: 0.550584, tr_score: 0.727500
va_loss: 0.526956, va_score: 0.770000
te_loss: 0.527499, te_score: 0.730000

time = 10
tr_loss: 0.591671, tr_score: 0.710000
va_loss: 0.609596, va_score: 0.710000
te_loss: 0.569255, te_score: 0.740000

time = 10
tr_loss: 0.562806, tr_score: 0.716250
va_loss: 0.536985, va_score: 0.760000
te_loss: 0.664551, te_score: 0.660000

time = 10
tr_loss: 0.605467, tr_score: 0.703750
va_loss: 0.534174, va_score: 0.780000
te_loss: 0.576825, te_score: 0.750000

time = 10
tr_loss: 0.598858, tr_score: 0.700000
va_loss: 0.618475, va_score: 0.660000
te_loss: 0.560562, te_score: 0.740000

time = 10
tr_loss: 0.585574, tr_score: 0.712500
va_loss: 0.587606, va_score: 0.730000
te_loss: 0.549844, te_score: 0.720000

time = 10
tr_loss: 0.611857, tr_score: 0.693750
va_loss: 0.539238, va_score: 0.770000
te_loss: 0.576433, te_score: 0.730000

time = 10
tr_loss: 0.648403, tr_score: 0.682500
va_loss: 0.494234, va_score: 0.820000
te_loss: 0.595840, te_score: 0.720000

time = 10
tr_loss: 0.599387, tr_score: 0.715000
va_loss: 0.589821, va_score: 0.710000
te_loss: 0.646066, te_score: 0.670000

time = 10
tr_loss: 0.573404, tr_score: 0.717500
va_loss: 0.582246, va_score: 0.720000
te_loss: 0.579679, te_score: 0.740000

time = 10
tr_loss: 0.586919, tr_score: 0.703750
va_loss: 0.604818, va_score: 0.660000
te_loss: 0.597017, te_score: 0.720000

time = 10
tr_loss: 0.579813, tr_score: 0.711250
va_loss: 0.695907, va_score: 0.620000
te_loss: 0.615140, te_score: 0.690000

time = 10
tr_loss: 0.613166, tr_score: 0.696250
va_loss: 0.613463, va_score: 0.710000
te_loss: 0.604631, te_score: 0.720000

time = 10
tr_loss: 0.611476, tr_score: 0.682500
va_loss: 0.521437, va_score: 0.780000
te_loss: 0.517134, te_score: 0.810000

time = 10
tr_loss: 0.591578, tr_score: 0.727500
va_loss: 0.662631, va_score: 0.610000
te_loss: 0.611177, te_score: 0.700000

time = 10
tr_loss: 0.587472, tr_score: 0.702500
va_loss: 0.566190, va_score: 0.750000
te_loss: 0.560018, te_score: 0.720000

time = 10
tr_loss: 0.524578, tr_score: 0.747500
va_loss: 0.452190, va_score: 0.820000
te_loss: 0.550950, te_score: 0.710000

time = 10
tr_loss: 0.588357, tr_score: 0.701250
va_loss: 0.598400, va_score: 0.670000
te_loss: 0.630120, te_score: 0.690000

time = 10
tr_loss: 0.613090, tr_score: 0.701250
va_loss: 0.581068, va_score: 0.730000
te_loss: 0.623302, te_score: 0.680000

time = 10
tr_loss: 0.614649, tr_score: 0.700000
va_loss: 0.739437, va_score: 0.600000
te_loss: 0.594167, te_score: 0.750000

======================================================
10  Seed:  [9217. 8758. 9318. 9902. 9257. 5433. 4194. 5342. 6064. 1182. 7632. 9724.
 4507. 4141. 7028. 4431.  710. 9505. 6403. 3797.]
tr_loss: 0.591956, tr_score: 0.707625
va_loss: 0.582744, va_score: 0.719000
te_loss: 0.587511, te_score: 0.719500
time = 11
tr_loss: 0.607980, tr_score: 0.692500
va_loss: 0.512798, va_score: 0.820000
te_loss: 0.664750, te_score: 0.650000

time = 11
tr_loss: 0.583581, tr_score: 0.728750
va_loss: 0.628059, va_score: 0.680000
te_loss: 0.641680, te_score: 0.670000

time = 11
tr_loss: 0.576174, tr_score: 0.712500
va_loss: 0.584349, va_score: 0.720000
te_loss: 0.539018, te_score: 0.760000

time = 11
tr_loss: 0.623073, tr_score: 0.700000
va_loss: 0.582725, va_score: 0.680000
te_loss: 0.586009, te_score: 0.730000

time = 11
tr_loss: 0.558373, tr_score: 0.740000
va_loss: 0.626944, va_score: 0.700000
te_loss: 0.626375, te_score: 0.680000

time = 11
tr_loss: 0.575381, tr_score: 0.692500
va_loss: 0.600713, va_score: 0.660000
te_loss: 0.531733, te_score: 0.740000

time = 11
tr_loss: 0.581649, tr_score: 0.713750
va_loss: 0.663535, va_score: 0.630000
te_loss: 0.641091, te_score: 0.650000

time = 11
tr_loss: 0.602070, tr_score: 0.712500
va_loss: 0.508424, va_score: 0.820000
te_loss: 0.640033, te_score: 0.670000

time = 11
tr_loss: 0.594955, tr_score: 0.710000
va_loss: 0.617222, va_score: 0.680000
te_loss: 0.608217, te_score: 0.680000

time = 11
tr_loss: 0.578690, tr_score: 0.705000
va_loss: 0.632801, va_score: 0.640000
te_loss: 0.642765, te_score: 0.640000

time = 11
tr_loss: 0.568290, tr_score: 0.717500
va_loss: 0.572263, va_score: 0.690000
te_loss: 0.493975, te_score: 0.780000

time = 11
tr_loss: 0.566282, tr_score: 0.731250
va_loss: 0.621243, va_score: 0.650000
te_loss: 0.648930, te_score: 0.630000

time = 11
tr_loss: 0.567298, tr_score: 0.718750
va_loss: 0.595532, va_score: 0.670000
te_loss: 0.628221, te_score: 0.640000

time = 11
tr_loss: 0.517823, tr_score: 0.737500
va_loss: 0.473861, va_score: 0.770000
te_loss: 0.615813, te_score: 0.670000

time = 11
tr_loss: 0.577382, tr_score: 0.715000
va_loss: 0.552888, va_score: 0.750000
te_loss: 0.621057, te_score: 0.680000

time = 11
tr_loss: 0.572369, tr_score: 0.716250
va_loss: 0.643914, va_score: 0.630000
te_loss: 0.549804, te_score: 0.740000

time = 11
tr_loss: 0.601726, tr_score: 0.692500
va_loss: 0.541009, va_score: 0.770000
te_loss: 0.654439, te_score: 0.650000

time = 11
tr_loss: 0.594478, tr_score: 0.712500
va_loss: 0.557281, va_score: 0.720000
te_loss: 0.662548, te_score: 0.690000

time = 11
tr_loss: 0.582862, tr_score: 0.712500
va_loss: 0.567017, va_score: 0.800000
te_loss: 0.624861, te_score: 0.660000

time = 11
tr_loss: 0.554688, tr_score: 0.688750
va_loss: 0.561901, va_score: 0.690000
te_loss: 0.623181, te_score: 0.650000

======================================================
11  Seed:  [ 276. 7096. 7576. 7225. 8005. 7496. 1258. 6191. 8489. 5152. 4572. 4247.
 5941. 8136.  978. 3169. 6643. 4121. 8439. 9382.]
tr_loss: 0.579256, tr_score: 0.712500
va_loss: 0.582224, va_score: 0.708500
te_loss: 0.612225, te_score: 0.683000
time = 12
tr_loss: 0.600989, tr_score: 0.703750
va_loss: 0.617408, va_score: 0.700000
te_loss: 0.576646, te_score: 0.740000

time = 12
tr_loss: 0.601095, tr_score: 0.677500
va_loss: 0.658957, va_score: 0.640000
te_loss: 0.551373, te_score: 0.750000

time = 12
tr_loss: 0.589117, tr_score: 0.723750
va_loss: 0.643585, va_score: 0.670000
te_loss: 0.677883, te_score: 0.600000

time = 12
tr_loss: 0.550052, tr_score: 0.720000
va_loss: 0.583018, va_score: 0.700000
te_loss: 0.736263, te_score: 0.610000

time = 12
tr_loss: 0.605818, tr_score: 0.697500
va_loss: 0.624044, va_score: 0.680000
te_loss: 0.649563, te_score: 0.640000

time = 12
tr_loss: 0.586085, tr_score: 0.701250
va_loss: 0.591968, va_score: 0.700000
te_loss: 0.601836, te_score: 0.700000

time = 12
tr_loss: 0.616755, tr_score: 0.716250
va_loss: 0.712143, va_score: 0.590000
te_loss: 0.672543, te_score: 0.630000

time = 12
tr_loss: 0.564782, tr_score: 0.707500
va_loss: 0.589970, va_score: 0.670000
te_loss: 0.594897, te_score: 0.680000

time = 12
tr_loss: 0.597531, tr_score: 0.701250
va_loss: 0.566377, va_score: 0.710000
te_loss: 0.618495, te_score: 0.680000

time = 12
tr_loss: 0.538011, tr_score: 0.735000
va_loss: 0.597385, va_score: 0.670000
te_loss: 0.589529, te_score: 0.680000

time = 12
tr_loss: 0.565241, tr_score: 0.712500
va_loss: 0.579769, va_score: 0.750000
te_loss: 0.623600, te_score: 0.670000

time = 12
tr_loss: 0.575896, tr_score: 0.710000
va_loss: 0.543714, va_score: 0.760000
te_loss: 0.576672, te_score: 0.710000

time = 12
tr_loss: 0.594139, tr_score: 0.705000
va_loss: 0.620758, va_score: 0.700000
te_loss: 0.641828, te_score: 0.660000

time = 12
tr_loss: 0.574277, tr_score: 0.705000
va_loss: 0.538789, va_score: 0.740000
te_loss: 0.551762, te_score: 0.720000

time = 12
tr_loss: 0.598464, tr_score: 0.711250
va_loss: 0.529353, va_score: 0.790000
te_loss: 0.665303, te_score: 0.650000

time = 12
tr_loss: 0.575282, tr_score: 0.721250
va_loss: 0.613975, va_score: 0.670000
te_loss: 0.599138, te_score: 0.690000

time = 12
tr_loss: 0.532683, tr_score: 0.742500
va_loss: 0.639396, va_score: 0.660000
te_loss: 0.518146, te_score: 0.790000

time = 12
tr_loss: 0.540957, tr_score: 0.732500
va_loss: 0.538025, va_score: 0.710000
te_loss: 0.513571, te_score: 0.740000

time = 12
tr_loss: 0.570930, tr_score: 0.710000
va_loss: 0.565448, va_score: 0.720000
te_loss: 0.589615, te_score: 0.710000

time = 12
tr_loss: 0.596556, tr_score: 0.707500
va_loss: 0.681475, va_score: 0.630000
te_loss: 0.614549, te_score: 0.690000

======================================================
12  Seed:  [5995. 5359. 4959. 8841. 2084. 6283. 5803. 5547. 5856. 6466. 1029. 9406.
 1119. 6504. 6270.   89. 4601. 8528. 5236. 3309.]
tr_loss: 0.578733, tr_score: 0.712062
va_loss: 0.601778, va_score: 0.693000
te_loss: 0.608161, te_score: 0.687000
time = 13
tr_loss: 0.547681, tr_score: 0.728750
va_loss: 0.559118, va_score: 0.700000
te_loss: 0.568647, te_score: 0.730000

time = 13
tr_loss: 0.589055, tr_score: 0.705000
va_loss: 0.523062, va_score: 0.790000
te_loss: 0.545935, te_score: 0.710000

time = 13
tr_loss: 0.562987, tr_score: 0.706250
va_loss: 0.518363, va_score: 0.770000
te_loss: 0.739145, te_score: 0.560000

time = 13
tr_loss: 0.592550, tr_score: 0.723750
va_loss: 0.664410, va_score: 0.620000
te_loss: 0.578414, te_score: 0.740000

time = 13
tr_loss: 0.588676, tr_score: 0.706250
va_loss: 0.600229, va_score: 0.710000
te_loss: 0.575592, te_score: 0.710000

time = 13
tr_loss: 0.580212, tr_score: 0.696250
va_loss: 0.644656, va_score: 0.650000
te_loss: 0.673538, te_score: 0.660000

time = 13
tr_loss: 0.572425, tr_score: 0.721250
va_loss: 0.593756, va_score: 0.700000
te_loss: 0.576392, te_score: 0.720000

time = 13
tr_loss: 0.579614, tr_score: 0.713750
va_loss: 0.572846, va_score: 0.710000
te_loss: 0.562581, te_score: 0.700000

time = 13
tr_loss: 0.609490, tr_score: 0.701250
va_loss: 0.597588, va_score: 0.720000
te_loss: 0.536555, te_score: 0.770000

time = 13
tr_loss: 0.588995, tr_score: 0.712500
va_loss: 0.663634, va_score: 0.650000
te_loss: 0.558505, te_score: 0.770000

time = 13
tr_loss: 0.552229, tr_score: 0.716250
va_loss: 0.631881, va_score: 0.720000
te_loss: 0.703506, te_score: 0.590000

time = 13
tr_loss: 0.613997, tr_score: 0.695000
va_loss: 0.619400, va_score: 0.690000
te_loss: 0.635021, te_score: 0.670000

time = 13
tr_loss: 0.534606, tr_score: 0.730000
va_loss: 0.572622, va_score: 0.680000
te_loss: 0.532164, te_score: 0.710000

time = 13
tr_loss: 0.584148, tr_score: 0.718750
va_loss: 0.519900, va_score: 0.780000
te_loss: 0.605434, te_score: 0.720000

time = 13
tr_loss: 0.552930, tr_score: 0.713750
va_loss: 0.505918, va_score: 0.780000
te_loss: 0.504477, te_score: 0.750000

time = 13
tr_loss: 0.572843, tr_score: 0.725000
va_loss: 0.613421, va_score: 0.670000
te_loss: 0.632275, te_score: 0.670000

time = 13
tr_loss: 0.580800, tr_score: 0.721250
va_loss: 0.602952, va_score: 0.700000
te_loss: 0.667511, te_score: 0.630000

time = 13
tr_loss: 0.585240, tr_score: 0.701250
va_loss: 0.564206, va_score: 0.740000
te_loss: 0.555588, te_score: 0.730000

time = 13
tr_loss: 0.590918, tr_score: 0.707500
va_loss: 0.513623, va_score: 0.790000
te_loss: 0.593311, te_score: 0.670000

time = 13
tr_loss: 0.607563, tr_score: 0.687500
va_loss: 0.542152, va_score: 0.750000
te_loss: 0.481035, te_score: 0.820000

======================================================
13  Seed:  [3706. 3756. 2533. 6590. 1761. 5957. 4965. 8699. 1302.  214. 1426. 3422.
 9979.   35. 8073. 6183. 7853. 8174. 4923.  725.]
tr_loss: 0.579348, tr_score: 0.711562
va_loss: 0.581187, va_score: 0.716000
te_loss: 0.591281, te_score: 0.701500
time = 14
tr_loss: 0.492821, tr_score: 0.763750
va_loss: 0.549510, va_score: 0.710000
te_loss: 0.534243, te_score: 0.740000

time = 14
tr_loss: 0.602108, tr_score: 0.702500
va_loss: 0.644189, va_score: 0.680000
te_loss: 0.603863, te_score: 0.690000

time = 14
tr_loss: 0.583073, tr_score: 0.696250
va_loss: 0.555930, va_score: 0.730000
te_loss: 0.586434, te_score: 0.730000

time = 14
tr_loss: 0.629576, tr_score: 0.696250
va_loss: 0.640027, va_score: 0.680000
te_loss: 0.573697, te_score: 0.750000

time = 14
tr_loss: 0.550749, tr_score: 0.728750
va_loss: 0.592958, va_score: 0.700000
te_loss: 0.555561, te_score: 0.720000

time = 14
tr_loss: 0.517541, tr_score: 0.746250
va_loss: 0.480169, va_score: 0.770000
te_loss: 0.616163, te_score: 0.730000

time = 14
tr_loss: 0.596696, tr_score: 0.706250
va_loss: 0.525292, va_score: 0.820000
te_loss: 0.659211, te_score: 0.660000

time = 14
tr_loss: 0.597026, tr_score: 0.706250
va_loss: 0.593973, va_score: 0.710000
te_loss: 0.585753, te_score: 0.740000

time = 14
tr_loss: 0.569689, tr_score: 0.718750
va_loss: 0.557544, va_score: 0.710000
te_loss: 0.567999, te_score: 0.740000

time = 14
tr_loss: 0.510201, tr_score: 0.756250
va_loss: 0.425734, va_score: 0.840000
te_loss: 0.600337, te_score: 0.710000

time = 14
tr_loss: 0.610931, tr_score: 0.690000
va_loss: 0.565101, va_score: 0.770000
te_loss: 0.587858, te_score: 0.730000

time = 14
tr_loss: 0.614555, tr_score: 0.695000
va_loss: 0.597475, va_score: 0.710000
te_loss: 0.588238, te_score: 0.730000

time = 14
tr_loss: 0.573620, tr_score: 0.708750
va_loss: 0.525709, va_score: 0.770000
te_loss: 0.565577, te_score: 0.720000

time = 14
tr_loss: 0.582976, tr_score: 0.708750
va_loss: 0.575120, va_score: 0.720000
te_loss: 0.588886, te_score: 0.710000

time = 14
tr_loss: 0.545967, tr_score: 0.722500
va_loss: 0.591021, va_score: 0.690000
te_loss: 0.582772, te_score: 0.750000

time = 14
tr_loss: 0.588674, tr_score: 0.696250
va_loss: 0.556404, va_score: 0.720000
te_loss: 0.536760, te_score: 0.750000

time = 14
tr_loss: 0.544117, tr_score: 0.730000
va_loss: 0.481386, va_score: 0.790000
te_loss: 0.609680, te_score: 0.670000

time = 14
tr_loss: 0.554887, tr_score: 0.745000
va_loss: 0.629556, va_score: 0.620000
te_loss: 0.549800, te_score: 0.740000

time = 14
tr_loss: 0.580211, tr_score: 0.703750
va_loss: 0.596127, va_score: 0.710000
te_loss: 0.637544, te_score: 0.680000

time = 14
tr_loss: 0.574507, tr_score: 0.707500
va_loss: 0.585896, va_score: 0.690000
te_loss: 0.523935, te_score: 0.750000

======================================================
14  Seed:  [6736. 9332. 4026. 8791. 2185. 8095. 4925. 3877. 8332. 6847. 5871. 5004.
 2796. 4961. 1467. 7787. 3868. 5255. 9307. 9073.]
tr_loss: 0.570996, tr_score: 0.716437
va_loss: 0.563456, va_score: 0.727000
te_loss: 0.582716, te_score: 0.722000
time = 15
tr_loss: 0.571580, tr_score: 0.726250
va_loss: 0.553135, va_score: 0.710000
te_loss: 0.561250, te_score: 0.680000

time = 15
tr_loss: 0.589088, tr_score: 0.707500
va_loss: 0.581536, va_score: 0.720000
te_loss: 0.502180, te_score: 0.780000

time = 15
tr_loss: 0.575780, tr_score: 0.711250
va_loss: 0.605776, va_score: 0.690000
te_loss: 0.618789, te_score: 0.670000

time = 15
tr_loss: 0.512998, tr_score: 0.751250
va_loss: 0.412057, va_score: 0.830000
te_loss: 0.527922, te_score: 0.730000

time = 15
tr_loss: 0.610166, tr_score: 0.702500
va_loss: 0.610195, va_score: 0.700000
te_loss: 0.619665, te_score: 0.690000

time = 15
tr_loss: 0.542241, tr_score: 0.726250
va_loss: 0.585013, va_score: 0.690000
te_loss: 0.585042, te_score: 0.690000

time = 15
tr_loss: 0.581819, tr_score: 0.705000
va_loss: 0.567406, va_score: 0.710000
te_loss: 0.537560, te_score: 0.740000

time = 15
tr_loss: 0.546026, tr_score: 0.730000
va_loss: 0.537561, va_score: 0.730000
te_loss: 0.546345, te_score: 0.740000

time = 15
tr_loss: 0.598721, tr_score: 0.685000
va_loss: 0.600271, va_score: 0.730000
te_loss: 0.633214, te_score: 0.690000

time = 15
tr_loss: 0.561093, tr_score: 0.718750
va_loss: 0.620937, va_score: 0.680000
te_loss: 0.592749, te_score: 0.730000

time = 15
tr_loss: 0.581922, tr_score: 0.701250
va_loss: 0.550906, va_score: 0.720000
te_loss: 0.595374, te_score: 0.700000

time = 15
tr_loss: 0.623749, tr_score: 0.627500
va_loss: 0.626740, va_score: 0.670000
te_loss: 0.607099, te_score: 0.650000

time = 15
tr_loss: 0.538068, tr_score: 0.735000
va_loss: 0.514380, va_score: 0.760000
te_loss: 0.589857, te_score: 0.690000

time = 15
tr_loss: 0.621814, tr_score: 0.688750
va_loss: 0.623196, va_score: 0.680000
te_loss: 0.564514, te_score: 0.730000

time = 15
tr_loss: 0.559430, tr_score: 0.715000
va_loss: 0.557725, va_score: 0.710000
te_loss: 0.582932, te_score: 0.700000

time = 15
tr_loss: 0.539259, tr_score: 0.742500
va_loss: 0.614319, va_score: 0.680000
te_loss: 0.557945, te_score: 0.740000

time = 15
tr_loss: 0.633302, tr_score: 0.696250
va_loss: 0.558724, va_score: 0.760000
te_loss: 0.682742, te_score: 0.670000

time = 15
tr_loss: 0.606365, tr_score: 0.710000
va_loss: 0.655279, va_score: 0.660000
te_loss: 0.694739, te_score: 0.650000

time = 15
tr_loss: 0.534084, tr_score: 0.732500
va_loss: 0.516603, va_score: 0.750000
te_loss: 0.598518, te_score: 0.690000

time = 15
tr_loss: 0.555544, tr_score: 0.728750
va_loss: 0.562991, va_score: 0.740000
te_loss: 0.568153, te_score: 0.770000

======================================================
15  Seed:  [ 879. 4612.  287.  491. 3659. 8251. 7507. 1140. 3507. 4318. 9716. 8900.
 3870. 2555. 7340. 8792.  757. 6674. 3143.  691.]
tr_loss: 0.574152, tr_score: 0.712063
va_loss: 0.572738, va_score: 0.716000
te_loss: 0.588329, te_score: 0.706500
time = 16
tr_loss: 0.569669, tr_score: 0.717500
va_loss: 0.567628, va_score: 0.720000
te_loss: 0.588730, te_score: 0.690000

time = 16
tr_loss: 0.554236, tr_score: 0.730000
va_loss: 0.578801, va_score: 0.740000
te_loss: 0.658799, te_score: 0.620000

time = 16
tr_loss: 0.609047, tr_score: 0.710000
va_loss: 0.572668, va_score: 0.760000
te_loss: 0.615966, te_score: 0.710000

time = 16
tr_loss: 0.584201, tr_score: 0.697500
va_loss: 0.586077, va_score: 0.680000
te_loss: 0.563785, te_score: 0.730000

time = 16
tr_loss: 0.593073, tr_score: 0.671250
va_loss: 0.545236, va_score: 0.700000
te_loss: 0.563305, te_score: 0.670000

time = 16
tr_loss: 0.578180, tr_score: 0.710000
va_loss: 0.565827, va_score: 0.710000
te_loss: 0.653409, te_score: 0.650000

time = 16
tr_loss: 0.602894, tr_score: 0.700000
va_loss: 0.591956, va_score: 0.690000
te_loss: 0.565320, te_score: 0.710000

time = 16
tr_loss: 0.572653, tr_score: 0.718750
va_loss: 0.634094, va_score: 0.650000
te_loss: 0.606471, te_score: 0.670000

time = 16
tr_loss: 0.557514, tr_score: 0.692500
va_loss: 0.528628, va_score: 0.720000
te_loss: 0.529102, te_score: 0.750000

time = 16
tr_loss: 0.605128, tr_score: 0.708750
va_loss: 0.617383, va_score: 0.660000
te_loss: 0.672251, te_score: 0.670000

time = 16
tr_loss: 0.577976, tr_score: 0.702500
va_loss: 0.594012, va_score: 0.700000
te_loss: 0.577439, te_score: 0.670000

time = 16
tr_loss: 0.577565, tr_score: 0.721250
va_loss: 0.643379, va_score: 0.660000
te_loss: 0.615031, te_score: 0.660000

time = 16
tr_loss: 0.626056, tr_score: 0.685000
va_loss: 0.658963, va_score: 0.660000
te_loss: 0.604647, te_score: 0.700000

time = 16
tr_loss: 0.609303, tr_score: 0.662500
va_loss: 0.540709, va_score: 0.770000
te_loss: 0.519733, te_score: 0.760000

time = 16
tr_loss: 0.591095, tr_score: 0.706250
va_loss: 0.540596, va_score: 0.790000
te_loss: 0.535354, te_score: 0.740000

time = 16
tr_loss: 0.624121, tr_score: 0.716250
va_loss: 0.684284, va_score: 0.630000
te_loss: 0.624734, te_score: 0.700000

time = 16
tr_loss: 0.541315, tr_score: 0.715000
va_loss: 0.526342, va_score: 0.740000
te_loss: 0.571270, te_score: 0.700000

time = 16
tr_loss: 0.570485, tr_score: 0.718750
va_loss: 0.609097, va_score: 0.710000
te_loss: 0.614679, te_score: 0.700000

time = 16
tr_loss: 0.553487, tr_score: 0.718750
va_loss: 0.488831, va_score: 0.770000
te_loss: 0.594494, te_score: 0.710000

time = 16
tr_loss: 0.593083, tr_score: 0.690000
va_loss: 0.623504, va_score: 0.680000
te_loss: 0.602325, te_score: 0.720000

======================================================
16  Seed:  [9082. 6878.  978. 6918.   35. 3547.  812. 1562. 5243. 8191. 5330. 4602.
 2929. 4830.  303. 9956. 3156. 7475. 4637.  734.]
tr_loss: 0.584554, tr_score: 0.704625
va_loss: 0.584901, va_score: 0.707000
te_loss: 0.593842, te_score: 0.696500
time = 17
tr_loss: 0.581356, tr_score: 0.717500
va_loss: 0.603690, va_score: 0.700000
te_loss: 0.575005, te_score: 0.690000

time = 17
tr_loss: 0.564839, tr_score: 0.715000
va_loss: 0.607598, va_score: 0.680000
te_loss: 0.571176, te_score: 0.730000

time = 17
tr_loss: 0.559070, tr_score: 0.735000
va_loss: 0.618078, va_score: 0.670000
te_loss: 0.567467, te_score: 0.680000

time = 17
tr_loss: 0.556817, tr_score: 0.727500
va_loss: 0.620035, va_score: 0.670000
te_loss: 0.567710, te_score: 0.700000

time = 17
tr_loss: 0.563710, tr_score: 0.708750
va_loss: 0.530665, va_score: 0.730000
te_loss: 0.518064, te_score: 0.790000

time = 17
tr_loss: 0.593193, tr_score: 0.718750
va_loss: 0.609841, va_score: 0.700000
te_loss: 0.610465, te_score: 0.690000

time = 17
tr_loss: 0.581399, tr_score: 0.715000
va_loss: 0.662035, va_score: 0.640000
te_loss: 0.610221, te_score: 0.670000

time = 17
tr_loss: 0.609472, tr_score: 0.667500
va_loss: 0.634365, va_score: 0.640000
te_loss: 0.675819, te_score: 0.610000

time = 17
tr_loss: 0.587970, tr_score: 0.718750
va_loss: 0.557822, va_score: 0.750000
te_loss: 0.578742, te_score: 0.720000

time = 17
tr_loss: 0.580218, tr_score: 0.715000
va_loss: 0.610797, va_score: 0.700000
te_loss: 0.662603, te_score: 0.630000

time = 17
tr_loss: 0.594043, tr_score: 0.718750
va_loss: 0.617808, va_score: 0.690000
te_loss: 0.630834, te_score: 0.660000

time = 17
tr_loss: 0.583529, tr_score: 0.707500
va_loss: 0.606467, va_score: 0.680000
te_loss: 0.596852, te_score: 0.680000

time = 17
tr_loss: 0.634132, tr_score: 0.691250
va_loss: 0.641523, va_score: 0.680000
te_loss: 0.585295, te_score: 0.720000

time = 17
tr_loss: 0.582821, tr_score: 0.695000
va_loss: 0.529980, va_score: 0.750000
te_loss: 0.534915, te_score: 0.760000

time = 17
tr_loss: 0.576820, tr_score: 0.717500
va_loss: 0.659100, va_score: 0.640000
te_loss: 0.634636, te_score: 0.690000

time = 17
tr_loss: 0.536330, tr_score: 0.702500
va_loss: 0.521148, va_score: 0.750000
te_loss: 0.548978, te_score: 0.670000

time = 17
tr_loss: 0.608194, tr_score: 0.708750
va_loss: 0.689825, va_score: 0.620000
te_loss: 0.632119, te_score: 0.690000

time = 17
tr_loss: 0.613279, tr_score: 0.701250
va_loss: 0.573944, va_score: 0.720000
te_loss: 0.599725, te_score: 0.720000

time = 17
tr_loss: 0.567860, tr_score: 0.716250
va_loss: 0.557362, va_score: 0.730000
te_loss: 0.604043, te_score: 0.710000

time = 17
tr_loss: 0.546090, tr_score: 0.731250
va_loss: 0.566617, va_score: 0.710000
te_loss: 0.544700, te_score: 0.730000

======================================================
17  Seed:  [9997. 6891. 7283.  296. 4194.  627. 9187. 9699.  412. 3964. 5059. 1882.
 6859. 7098. 9012. 6459. 3018. 8410. 9321. 1260.]
tr_loss: 0.581057, tr_score: 0.711437
va_loss: 0.600935, va_score: 0.692500
te_loss: 0.592469, te_score: 0.697000
time = 18
tr_loss: 0.590085, tr_score: 0.700000
va_loss: 0.614465, va_score: 0.690000
te_loss: 0.572871, te_score: 0.730000

time = 18
tr_loss: 0.567204, tr_score: 0.713750
va_loss: 0.578646, va_score: 0.700000
te_loss: 0.547803, te_score: 0.730000

time = 18
tr_loss: 0.581354, tr_score: 0.698750
va_loss: 0.545474, va_score: 0.740000
te_loss: 0.600318, te_score: 0.670000

time = 18
tr_loss: 0.580048, tr_score: 0.723750
va_loss: 0.570560, va_score: 0.750000
te_loss: 0.574778, te_score: 0.710000

time = 18
tr_loss: 0.611715, tr_score: 0.686250
va_loss: 0.610333, va_score: 0.660000
te_loss: 0.523480, te_score: 0.750000

time = 18
tr_loss: 0.594770, tr_score: 0.698750
va_loss: 0.584949, va_score: 0.720000
te_loss: 0.536810, te_score: 0.740000

time = 18
tr_loss: 0.578533, tr_score: 0.711250
va_loss: 0.623267, va_score: 0.640000
te_loss: 0.526194, te_score: 0.750000

time = 18
tr_loss: 0.563867, tr_score: 0.746250
va_loss: 0.594212, va_score: 0.710000
te_loss: 0.678970, te_score: 0.640000

time = 18
tr_loss: 0.612725, tr_score: 0.688750
va_loss: 0.581938, va_score: 0.730000
te_loss: 0.648596, te_score: 0.640000

time = 18
tr_loss: 0.599333, tr_score: 0.692500
va_loss: 0.612518, va_score: 0.680000
te_loss: 0.629904, te_score: 0.660000

time = 18
tr_loss: 0.626131, tr_score: 0.711250
va_loss: 0.639716, va_score: 0.650000
te_loss: 0.637809, te_score: 0.720000

time = 18
tr_loss: 0.605721, tr_score: 0.697500
va_loss: 0.604206, va_score: 0.710000
te_loss: 0.588474, te_score: 0.710000

time = 18
tr_loss: 0.602104, tr_score: 0.695000
va_loss: 0.618741, va_score: 0.670000
te_loss: 0.613148, te_score: 0.680000

time = 18
tr_loss: 0.575813, tr_score: 0.697500
va_loss: 0.580573, va_score: 0.720000
te_loss: 0.571976, te_score: 0.730000

time = 18
tr_loss: 0.577727, tr_score: 0.712500
va_loss: 0.556502, va_score: 0.770000
te_loss: 0.533519, te_score: 0.760000

time = 18
tr_loss: 0.579639, tr_score: 0.695000
va_loss: 0.539624, va_score: 0.740000
te_loss: 0.522575, te_score: 0.760000

time = 18
tr_loss: 0.551008, tr_score: 0.712500
va_loss: 0.619627, va_score: 0.650000
te_loss: 0.537151, te_score: 0.730000

time = 18
tr_loss: 0.579587, tr_score: 0.697500
va_loss: 0.563805, va_score: 0.710000
te_loss: 0.608913, te_score: 0.630000

time = 18
tr_loss: 0.582945, tr_score: 0.700000
va_loss: 0.552694, va_score: 0.750000
te_loss: 0.613864, te_score: 0.660000

time = 18
tr_loss: 0.577981, tr_score: 0.712500
va_loss: 0.543714, va_score: 0.760000
te_loss: 0.633056, te_score: 0.680000

======================================================
18  Seed:  [ 873. 4207. 9606. 9170. 6333. 9407. 8590.  438. 6112. 2282. 5826. 4132.
 5788. 3773.  899. 1544. 7119. 3120. 1138. 3253.]
tr_loss: 0.586914, tr_score: 0.704562
va_loss: 0.586778, va_score: 0.707500
te_loss: 0.585011, te_score: 0.704000
time = 19
tr_loss: 0.602120, tr_score: 0.722500
va_loss: 0.650561, va_score: 0.670000
te_loss: 0.633449, te_score: 0.680000

time = 19
tr_loss: 0.559296, tr_score: 0.705000
va_loss: 0.594318, va_score: 0.670000
te_loss: 0.634903, te_score: 0.660000

time = 19
tr_loss: 0.574466, tr_score: 0.722500
va_loss: 0.530837, va_score: 0.770000
te_loss: 0.585624, te_score: 0.710000

time = 19
tr_loss: 0.588652, tr_score: 0.703750
va_loss: 0.627648, va_score: 0.660000
te_loss: 0.598885, te_score: 0.710000

time = 19
tr_loss: 0.551184, tr_score: 0.721250
va_loss: 0.573136, va_score: 0.700000
te_loss: 0.505744, te_score: 0.780000

time = 19
tr_loss: 0.578373, tr_score: 0.717500
va_loss: 0.562203, va_score: 0.750000
te_loss: 0.639617, te_score: 0.680000

time = 19
tr_loss: 0.578706, tr_score: 0.705000
va_loss: 0.577925, va_score: 0.700000
te_loss: 0.649210, te_score: 0.650000

time = 19
tr_loss: 0.582580, tr_score: 0.715000
va_loss: 0.616143, va_score: 0.660000
te_loss: 0.619457, te_score: 0.670000

time = 19
tr_loss: 0.572635, tr_score: 0.735000
va_loss: 0.557258, va_score: 0.690000
te_loss: 0.542951, te_score: 0.770000

time = 19
tr_loss: 0.574114, tr_score: 0.707500
va_loss: 0.605345, va_score: 0.670000
te_loss: 0.627637, te_score: 0.690000

time = 19
tr_loss: 0.597764, tr_score: 0.715000
va_loss: 0.611199, va_score: 0.700000
te_loss: 0.628441, te_score: 0.670000

time = 19
tr_loss: 0.590074, tr_score: 0.685000
va_loss: 0.588593, va_score: 0.690000
te_loss: 0.607471, te_score: 0.680000

time = 19
tr_loss: 0.589340, tr_score: 0.711250
va_loss: 0.619567, va_score: 0.680000
te_loss: 0.631710, te_score: 0.670000

time = 19
tr_loss: 0.559011, tr_score: 0.705000
va_loss: 0.570058, va_score: 0.720000
te_loss: 0.608432, te_score: 0.690000

time = 19
tr_loss: 0.593653, tr_score: 0.700000
va_loss: 0.615131, va_score: 0.680000
te_loss: 0.559761, te_score: 0.720000

time = 19
tr_loss: 0.582700, tr_score: 0.702500
va_loss: 0.543902, va_score: 0.740000
te_loss: 0.545559, te_score: 0.740000

time = 19
tr_loss: 0.583955, tr_score: 0.720000
va_loss: 0.584199, va_score: 0.700000
te_loss: 0.563471, te_score: 0.680000

time = 19
tr_loss: 0.505591, tr_score: 0.756250
va_loss: 0.528040, va_score: 0.730000
te_loss: 0.462681, te_score: 0.780000

time = 19
tr_loss: 0.588961, tr_score: 0.711250
va_loss: 0.546730, va_score: 0.760000
te_loss: 0.564395, te_score: 0.720000

time = 19
tr_loss: 0.599727, tr_score: 0.710000
va_loss: 0.654235, va_score: 0.650000
te_loss: 0.532276, te_score: 0.760000

======================================================
19  Seed:  [3709. 6253. 7969. 4492. 4878.  212. 2129. 7387.  610. 9877. 6936. 8416.
 1824. 6324. 9841. 5493. 7619. 7977.  518. 1963.]
tr_loss: 0.577645, tr_score: 0.713563
va_loss: 0.587851, va_score: 0.699500
te_loss: 0.587084, te_score: 0.705500
time = 20
tr_loss: 0.592115, tr_score: 0.702500
va_loss: 0.609181, va_score: 0.680000
te_loss: 0.574681, te_score: 0.700000

time = 20
tr_loss: 0.567644, tr_score: 0.718750
va_loss: 0.539991, va_score: 0.760000
te_loss: 0.561623, te_score: 0.750000

time = 20
tr_loss: 0.579957, tr_score: 0.713750
va_loss: 0.575938, va_score: 0.680000
te_loss: 0.632786, te_score: 0.650000

time = 20
tr_loss: 0.599718, tr_score: 0.697500
va_loss: 0.686372, va_score: 0.660000
te_loss: 0.519908, te_score: 0.800000

time = 20
tr_loss: 0.573500, tr_score: 0.708750
va_loss: 0.619066, va_score: 0.670000
te_loss: 0.545191, te_score: 0.740000

time = 20
tr_loss: 0.597298, tr_score: 0.700000
va_loss: 0.541490, va_score: 0.760000
te_loss: 0.607172, te_score: 0.730000

time = 20
tr_loss: 0.610356, tr_score: 0.692500
va_loss: 0.558480, va_score: 0.760000
te_loss: 0.596414, te_score: 0.700000

time = 20
tr_loss: 0.516636, tr_score: 0.745000
va_loss: 0.589678, va_score: 0.680000
te_loss: 0.516754, te_score: 0.770000

time = 20
tr_loss: 0.614912, tr_score: 0.688750
va_loss: 0.642711, va_score: 0.670000
te_loss: 0.573407, te_score: 0.740000

time = 20
tr_loss: 0.595762, tr_score: 0.683750
va_loss: 0.498902, va_score: 0.800000
te_loss: 0.561415, te_score: 0.740000

time = 20
tr_loss: 0.540705, tr_score: 0.725000
va_loss: 0.566908, va_score: 0.690000
te_loss: 0.564043, te_score: 0.700000

time = 20
tr_loss: 0.582061, tr_score: 0.701250
va_loss: 0.590907, va_score: 0.700000
te_loss: 0.555206, te_score: 0.720000

time = 20
tr_loss: 0.510238, tr_score: 0.758750
va_loss: 0.523894, va_score: 0.710000
te_loss: 0.573728, te_score: 0.760000

time = 20
tr_loss: 0.613008, tr_score: 0.702500
va_loss: 0.623974, va_score: 0.690000
te_loss: 0.604802, te_score: 0.710000

time = 20
tr_loss: 0.571267, tr_score: 0.722500
va_loss: 0.566125, va_score: 0.710000
te_loss: 0.613074, te_score: 0.690000

time = 20
tr_loss: 0.611020, tr_score: 0.713750
va_loss: 0.670056, va_score: 0.620000
te_loss: 0.641336, te_score: 0.680000

time = 20
tr_loss: 0.600965, tr_score: 0.701250
va_loss: 0.568542, va_score: 0.730000
te_loss: 0.573804, te_score: 0.750000

time = 20
tr_loss: 0.552485, tr_score: 0.722500
va_loss: 0.588105, va_score: 0.700000
te_loss: 0.604566, te_score: 0.680000

time = 20
tr_loss: 0.566132, tr_score: 0.692500
va_loss: 0.523233, va_score: 0.740000
te_loss: 0.558661, te_score: 0.720000

time = 20
tr_loss: 0.596651, tr_score: 0.713750
va_loss: 0.635479, va_score: 0.650000
te_loss: 0.605857, te_score: 0.700000

======================================================
20  Seed:  [8890. 5137. 6638. 5364. 3035. 4210. 5798. 9783. 7946.  146. 8127. 1556.
 1338. 7812. 5900. 6230. 6141. 6234. 5455. 7649.]
tr_loss: 0.579621, tr_score: 0.710250
va_loss: 0.585952, va_score: 0.703000
te_loss: 0.579221, te_score: 0.721500


mid seed:  [4860. 8426. 6918. 8393. 2977. 1581. 7001.  814. 5947. 4477. 3311. 7270.
 5082. 4712. 7103. 6080. 5821. 8708. 4579. 2324.]
mid test scores 0.7025
