time = 0
tr_loss: 0.580332, tr_score: 0.703750
va_loss: 0.573054, va_score: 0.730000
te_loss: 0.575149, te_score: 0.730000

time = 0
tr_loss: 0.546267, tr_score: 0.736250
va_loss: 0.607013, va_score: 0.670000
te_loss: 0.651587, te_score: 0.580000

time = 0
tr_loss: 0.599037, tr_score: 0.712500
va_loss: 0.639887, va_score: 0.670000
te_loss: 0.665678, te_score: 0.620000

time = 0
tr_loss: 0.576860, tr_score: 0.698750
va_loss: 0.562386, va_score: 0.740000
te_loss: 0.582155, te_score: 0.670000

time = 0
tr_loss: 0.601765, tr_score: 0.695000
va_loss: 0.626485, va_score: 0.680000
te_loss: 0.538810, te_score: 0.770000

time = 0
tr_loss: 0.560129, tr_score: 0.720000
va_loss: 0.699261, va_score: 0.610000
te_loss: 0.674101, te_score: 0.630000

time = 0
tr_loss: 0.596532, tr_score: 0.698750
va_loss: 0.605319, va_score: 0.690000
te_loss: 0.523780, te_score: 0.810000

time = 0
tr_loss: 0.591130, tr_score: 0.691250
va_loss: 0.535914, va_score: 0.780000
te_loss: 0.603960, te_score: 0.690000

time = 0
tr_loss: 0.595084, tr_score: 0.707500
va_loss: 0.557742, va_score: 0.740000
te_loss: 0.590133, te_score: 0.710000

time = 0
tr_loss: 0.595878, tr_score: 0.695000
va_loss: 0.610549, va_score: 0.660000
te_loss: 0.499764, te_score: 0.800000

time = 0
tr_loss: 0.563184, tr_score: 0.715000
va_loss: 0.524205, va_score: 0.760000
te_loss: 0.615754, te_score: 0.600000

time = 0
tr_loss: 0.572206, tr_score: 0.732500
va_loss: 0.586381, va_score: 0.690000
te_loss: 0.731111, te_score: 0.560000

time = 0
tr_loss: 0.577318, tr_score: 0.722500
va_loss: 0.618217, va_score: 0.670000
te_loss: 0.667016, te_score: 0.650000

time = 0
tr_loss: 0.601051, tr_score: 0.682500
va_loss: 0.524293, va_score: 0.780000
te_loss: 0.734859, te_score: 0.600000

time = 0
tr_loss: 0.603246, tr_score: 0.697500
va_loss: 0.648107, va_score: 0.680000
te_loss: 0.606454, te_score: 0.750000

time = 0
tr_loss: 0.583457, tr_score: 0.707500
va_loss: 0.622736, va_score: 0.670000
te_loss: 0.606583, te_score: 0.710000

time = 0
tr_loss: 0.580704, tr_score: 0.715000
va_loss: 0.655768, va_score: 0.650000
te_loss: 0.588748, te_score: 0.720000

time = 0
tr_loss: 0.574757, tr_score: 0.716250
va_loss: 0.609601, va_score: 0.660000
te_loss: 0.631717, te_score: 0.670000

time = 0
tr_loss: 0.490862, tr_score: 0.757500
va_loss: 0.541022, va_score: 0.730000
te_loss: 0.617362, te_score: 0.700000

time = 0
tr_loss: 0.593167, tr_score: 0.711250
va_loss: 0.530347, va_score: 0.780000
te_loss: 0.638466, te_score: 0.650000

======================================================
0  Seed:  [ 140. 2411. 2238. 5068. 2300. 9812. 6334. 4380. 4021. 8554. 2226. 8534.
 4715. 7921. 4457. 6212.  255.  495. 8301.  932.]
tr_loss: 0.579148, tr_score: 0.710813
va_loss: 0.593914, va_score: 0.702000
te_loss: 0.617159, te_score: 0.681000
time = 1
tr_loss: 0.609703, tr_score: 0.710000
va_loss: 0.684604, va_score: 0.610000
te_loss: 0.647258, te_score: 0.700000

time = 1
tr_loss: 0.565412, tr_score: 0.712500
va_loss: 0.674405, va_score: 0.650000
te_loss: 0.563566, te_score: 0.710000

time = 1
tr_loss: 0.544993, tr_score: 0.721250
va_loss: 0.543734, va_score: 0.720000
te_loss: 0.491306, te_score: 0.770000

time = 1
tr_loss: 0.565936, tr_score: 0.720000
va_loss: 0.550151, va_score: 0.750000
te_loss: 0.632749, te_score: 0.650000

time = 1
tr_loss: 0.551823, tr_score: 0.735000
va_loss: 0.576985, va_score: 0.690000
te_loss: 0.547850, te_score: 0.740000

time = 1
tr_loss: 0.602827, tr_score: 0.700000
va_loss: 0.615986, va_score: 0.680000
te_loss: 0.564422, te_score: 0.760000

time = 1
tr_loss: 0.573006, tr_score: 0.703750
va_loss: 0.587130, va_score: 0.710000
te_loss: 0.572174, te_score: 0.670000

time = 1
tr_loss: 0.606109, tr_score: 0.708750
va_loss: 0.551034, va_score: 0.740000
te_loss: 0.563272, te_score: 0.770000

time = 1
tr_loss: 0.591656, tr_score: 0.715000
va_loss: 0.615684, va_score: 0.660000
te_loss: 0.538678, te_score: 0.760000

time = 1
tr_loss: 0.531101, tr_score: 0.747500
va_loss: 0.526134, va_score: 0.770000
te_loss: 0.564151, te_score: 0.690000

time = 1
tr_loss: 0.602643, tr_score: 0.695000
va_loss: 0.640092, va_score: 0.670000
te_loss: 0.547616, te_score: 0.780000

time = 1
tr_loss: 0.579742, tr_score: 0.698750
va_loss: 0.583301, va_score: 0.700000
te_loss: 0.598948, te_score: 0.720000

time = 1
tr_loss: 0.580729, tr_score: 0.712500
va_loss: 0.511126, va_score: 0.750000
te_loss: 0.635745, te_score: 0.660000

time = 1
tr_loss: 0.589417, tr_score: 0.706250
va_loss: 0.557609, va_score: 0.720000
te_loss: 0.589362, te_score: 0.700000

time = 1
tr_loss: 0.563255, tr_score: 0.726250
va_loss: 0.648462, va_score: 0.670000
te_loss: 0.601665, te_score: 0.710000

time = 1
tr_loss: 0.574429, tr_score: 0.721250
va_loss: 0.595252, va_score: 0.710000
te_loss: 0.565348, te_score: 0.750000

time = 1
tr_loss: 0.622081, tr_score: 0.698750
va_loss: 0.591633, va_score: 0.760000
te_loss: 0.722950, te_score: 0.650000

time = 1
tr_loss: 0.573124, tr_score: 0.736250
va_loss: 0.599639, va_score: 0.710000
te_loss: 0.599164, te_score: 0.710000

time = 1
tr_loss: 0.568678, tr_score: 0.717500
va_loss: 0.526566, va_score: 0.760000
te_loss: 0.620147, te_score: 0.700000

time = 1
tr_loss: 0.577860, tr_score: 0.696250
va_loss: 0.544828, va_score: 0.740000
te_loss: 0.497570, te_score: 0.790000

======================================================
1  Seed:  [8640.  888. 4066.  552. 1437. 6591. 8969.  824. 8811.  938.  550. 9822.
 6241. 3057. 1352. 8361. 5326. 3377. 2314. 8889.]
tr_loss: 0.578726, tr_score: 0.714125
va_loss: 0.586218, va_score: 0.708500
te_loss: 0.583197, te_score: 0.719500
time = 2
tr_loss: 0.601020, tr_score: 0.680000
va_loss: 0.613854, va_score: 0.690000
te_loss: 0.640535, te_score: 0.640000

time = 2
tr_loss: 0.580249, tr_score: 0.710000
va_loss: 0.528088, va_score: 0.800000
te_loss: 0.587835, te_score: 0.690000

time = 2
tr_loss: 0.574267, tr_score: 0.695000
va_loss: 0.561397, va_score: 0.670000
te_loss: 0.613217, te_score: 0.660000

time = 2
tr_loss: 0.607568, tr_score: 0.693750
va_loss: 0.624377, va_score: 0.690000
te_loss: 0.561268, te_score: 0.740000

time = 2
tr_loss: 0.586614, tr_score: 0.705000
va_loss: 0.571014, va_score: 0.710000
te_loss: 0.529141, te_score: 0.760000

time = 2
tr_loss: 0.558028, tr_score: 0.725000
va_loss: 0.569569, va_score: 0.720000
te_loss: 0.624969, te_score: 0.650000

time = 2
tr_loss: 0.554106, tr_score: 0.712500
va_loss: 0.616120, va_score: 0.650000
te_loss: 0.596467, te_score: 0.700000

time = 2
tr_loss: 0.589577, tr_score: 0.706250
va_loss: 0.554402, va_score: 0.760000
te_loss: 0.569732, te_score: 0.760000

time = 2
tr_loss: 0.507919, tr_score: 0.760000
va_loss: 0.464843, va_score: 0.760000
te_loss: 0.576017, te_score: 0.690000

time = 2
tr_loss: 0.601441, tr_score: 0.696250
va_loss: 0.563129, va_score: 0.730000
te_loss: 0.586724, te_score: 0.700000

time = 2
tr_loss: 0.576512, tr_score: 0.723750
va_loss: 0.555529, va_score: 0.710000
te_loss: 0.617312, te_score: 0.630000

time = 2
tr_loss: 0.609091, tr_score: 0.687500
va_loss: 0.582431, va_score: 0.690000
te_loss: 0.567115, te_score: 0.730000

time = 2
tr_loss: 0.535864, tr_score: 0.720000
va_loss: 0.519857, va_score: 0.750000
te_loss: 0.555964, te_score: 0.690000

time = 2
tr_loss: 0.585920, tr_score: 0.696250
va_loss: 0.575163, va_score: 0.760000
te_loss: 0.568100, te_score: 0.710000

time = 2
tr_loss: 0.578236, tr_score: 0.723750
va_loss: 0.552011, va_score: 0.750000
te_loss: 0.576033, te_score: 0.750000

time = 2
tr_loss: 0.609082, tr_score: 0.698750
va_loss: 0.539233, va_score: 0.780000
te_loss: 0.565544, te_score: 0.790000

time = 2
tr_loss: 0.534311, tr_score: 0.743750
va_loss: 0.556358, va_score: 0.750000
te_loss: 0.590501, te_score: 0.670000

time = 2
tr_loss: 0.612983, tr_score: 0.702500
va_loss: 0.615114, va_score: 0.680000
te_loss: 0.532036, te_score: 0.750000

time = 2
tr_loss: 0.585941, tr_score: 0.701250
va_loss: 0.599161, va_score: 0.680000
te_loss: 0.594296, te_score: 0.710000

time = 2
tr_loss: 0.554167, tr_score: 0.732500
va_loss: 0.575455, va_score: 0.710000
te_loss: 0.576655, te_score: 0.720000

======================================================
2  Seed:  [5478. 7027. 2150. 7559. 3662. 2043. 8598. 4158. 6442. 4398. 3939. 9768.
 5143. 2231.  162. 6860. 3496. 7749. 2530. 2730.]
tr_loss: 0.577145, tr_score: 0.710688
va_loss: 0.566855, va_score: 0.722000
te_loss: 0.581473, te_score: 0.707000
time = 3
tr_loss: 0.606750, tr_score: 0.696250
va_loss: 0.632955, va_score: 0.670000
te_loss: 0.589650, te_score: 0.690000

time = 3
tr_loss: 0.552241, tr_score: 0.736250
va_loss: 0.578999, va_score: 0.690000
te_loss: 0.571036, te_score: 0.720000

time = 3
tr_loss: 0.585828, tr_score: 0.705000
va_loss: 0.627389, va_score: 0.670000
te_loss: 0.589602, te_score: 0.690000

time = 3
tr_loss: 0.562790, tr_score: 0.706250
va_loss: 0.550116, va_score: 0.750000
te_loss: 0.565997, te_score: 0.740000

time = 3
tr_loss: 0.577809, tr_score: 0.710000
va_loss: 0.576057, va_score: 0.720000
te_loss: 0.607940, te_score: 0.670000

time = 3
tr_loss: 0.582453, tr_score: 0.700000
va_loss: 0.548445, va_score: 0.760000
te_loss: 0.628498, te_score: 0.640000

time = 3
tr_loss: 0.582022, tr_score: 0.718750
va_loss: 0.663093, va_score: 0.620000
te_loss: 0.608401, te_score: 0.690000

time = 3
tr_loss: 0.551165, tr_score: 0.725000
va_loss: 0.627254, va_score: 0.670000
te_loss: 0.663021, te_score: 0.650000

time = 3
tr_loss: 0.606856, tr_score: 0.711250
va_loss: 0.624826, va_score: 0.690000
te_loss: 0.602774, te_score: 0.720000

time = 3
tr_loss: 0.563468, tr_score: 0.715000
va_loss: 0.557797, va_score: 0.730000
te_loss: 0.564863, te_score: 0.710000

time = 3
tr_loss: 0.582689, tr_score: 0.700000
va_loss: 0.614428, va_score: 0.750000
te_loss: 0.596923, te_score: 0.690000

time = 3
tr_loss: 0.579903, tr_score: 0.706250
va_loss: 0.564316, va_score: 0.750000
te_loss: 0.610737, te_score: 0.660000

time = 3
tr_loss: 0.598875, tr_score: 0.708750
va_loss: 0.590603, va_score: 0.710000
te_loss: 0.585612, te_score: 0.730000

time = 3
tr_loss: 0.595971, tr_score: 0.698750
va_loss: 0.621046, va_score: 0.660000
te_loss: 0.555324, te_score: 0.760000

time = 3
tr_loss: 0.595173, tr_score: 0.718750
va_loss: 0.633805, va_score: 0.650000
te_loss: 0.591824, te_score: 0.730000

time = 3
tr_loss: 0.548656, tr_score: 0.722500
va_loss: 0.603677, va_score: 0.700000
te_loss: 0.543021, te_score: 0.720000

time = 3
tr_loss: 0.507016, tr_score: 0.746250
va_loss: 0.532598, va_score: 0.730000
te_loss: 0.540324, te_score: 0.750000

time = 3
tr_loss: 0.598766, tr_score: 0.722500
va_loss: 0.715331, va_score: 0.630000
te_loss: 0.589791, te_score: 0.700000

time = 3
tr_loss: 0.580093, tr_score: 0.711250
va_loss: 0.624791, va_score: 0.660000
te_loss: 0.601074, te_score: 0.680000

time = 3
tr_loss: 0.577138, tr_score: 0.731250
va_loss: 0.597543, va_score: 0.690000
te_loss: 0.558018, te_score: 0.730000

======================================================
3  Seed:  [6469. 3301. 7178. 4323. 9525.  454. 7215. 4562. 5178. 3971. 9338. 3960.
 2970. 9630. 2254.  396. 4264. 8949. 7913. 1289.]
tr_loss: 0.576783, tr_score: 0.714500
va_loss: 0.604253, va_score: 0.695000
te_loss: 0.588221, te_score: 0.703500
time = 4
tr_loss: 0.584349, tr_score: 0.705000
va_loss: 0.562543, va_score: 0.750000
te_loss: 0.540095, te_score: 0.760000

time = 4
tr_loss: 0.557815, tr_score: 0.712500
va_loss: 0.513567, va_score: 0.760000
te_loss: 0.545919, te_score: 0.720000

time = 4
tr_loss: 0.551084, tr_score: 0.737500
va_loss: 0.542884, va_score: 0.720000
te_loss: 0.584733, te_score: 0.700000

time = 4
tr_loss: 0.568802, tr_score: 0.723750
va_loss: 0.535106, va_score: 0.750000
te_loss: 0.610543, te_score: 0.680000

time = 4
tr_loss: 0.597104, tr_score: 0.713750
va_loss: 0.666195, va_score: 0.620000
te_loss: 0.584165, te_score: 0.720000

time = 4
tr_loss: 0.601990, tr_score: 0.702500
va_loss: 0.619995, va_score: 0.690000
te_loss: 0.600569, te_score: 0.720000

time = 4
tr_loss: 0.594525, tr_score: 0.700000
va_loss: 0.584890, va_score: 0.720000
te_loss: 0.556542, te_score: 0.730000

time = 4
tr_loss: 0.561989, tr_score: 0.702500
va_loss: 0.641382, va_score: 0.660000
te_loss: 0.526023, te_score: 0.750000

time = 4
tr_loss: 0.586249, tr_score: 0.716250
va_loss: 0.641836, va_score: 0.650000
te_loss: 0.545886, te_score: 0.750000

time = 4
tr_loss: 0.515200, tr_score: 0.753750
va_loss: 0.539482, va_score: 0.760000
te_loss: 0.514191, te_score: 0.780000

time = 4
tr_loss: 0.605976, tr_score: 0.702500
va_loss: 0.633556, va_score: 0.670000
te_loss: 0.586021, te_score: 0.720000

time = 4
tr_loss: 0.548612, tr_score: 0.711250
va_loss: 0.540575, va_score: 0.710000
te_loss: 0.574076, te_score: 0.700000

time = 4
tr_loss: 0.555983, tr_score: 0.722500
va_loss: 0.533409, va_score: 0.790000
te_loss: 0.566356, te_score: 0.690000

time = 4
tr_loss: 0.590786, tr_score: 0.700000
va_loss: 0.570140, va_score: 0.750000
te_loss: 0.539179, te_score: 0.750000

time = 4
tr_loss: 0.580729, tr_score: 0.728750
va_loss: 0.605793, va_score: 0.690000
te_loss: 0.680816, te_score: 0.640000

time = 4
tr_loss: 0.602704, tr_score: 0.683750
va_loss: 0.575484, va_score: 0.760000
te_loss: 0.593177, te_score: 0.690000

time = 4
tr_loss: 0.587920, tr_score: 0.710000
va_loss: 0.552614, va_score: 0.760000
te_loss: 0.606108, te_score: 0.690000

time = 4
tr_loss: 0.576632, tr_score: 0.713750
va_loss: 0.598573, va_score: 0.690000
te_loss: 0.590953, te_score: 0.700000

time = 4
tr_loss: 0.666292, tr_score: 0.641250
va_loss: 0.718473, va_score: 0.600000
te_loss: 0.653165, te_score: 0.630000

time = 4
tr_loss: 0.580304, tr_score: 0.706250
va_loss: 0.567934, va_score: 0.690000
te_loss: 0.564975, te_score: 0.750000

======================================================
4  Seed:  [8744.  130. 2730. 2289. 3436.   91. 5431.  214. 1996. 7906. 4318. 5189.
 9458. 5884. 7590. 9032. 7937. 3024. 1021. 9551.]
tr_loss: 0.580752, tr_score: 0.709375
va_loss: 0.587222, va_score: 0.709500
te_loss: 0.578175, te_score: 0.713500
time = 5
tr_loss: 0.556726, tr_score: 0.715000
va_loss: 0.604869, va_score: 0.660000
te_loss: 0.589786, te_score: 0.660000

time = 5
tr_loss: 0.542553, tr_score: 0.742500
va_loss: 0.642777, va_score: 0.650000
te_loss: 0.545015, te_score: 0.770000

time = 5
tr_loss: 0.579024, tr_score: 0.707500
va_loss: 0.599004, va_score: 0.680000
te_loss: 0.607619, te_score: 0.660000

time = 5
tr_loss: 0.579598, tr_score: 0.710000
va_loss: 0.603699, va_score: 0.680000
te_loss: 0.571307, te_score: 0.720000

time = 5
tr_loss: 0.589763, tr_score: 0.698750
va_loss: 0.648836, va_score: 0.670000
te_loss: 0.514605, te_score: 0.770000

time = 5
tr_loss: 0.583242, tr_score: 0.702500
va_loss: 0.577462, va_score: 0.690000
te_loss: 0.480162, te_score: 0.750000

time = 5
tr_loss: 0.548065, tr_score: 0.726250
va_loss: 0.442344, va_score: 0.820000
te_loss: 0.605485, te_score: 0.700000

time = 5
tr_loss: 0.602058, tr_score: 0.698750
va_loss: 0.600233, va_score: 0.690000
te_loss: 0.572033, te_score: 0.720000

time = 5
tr_loss: 0.578734, tr_score: 0.695000
va_loss: 0.594439, va_score: 0.680000
te_loss: 0.587821, te_score: 0.690000

time = 5
tr_loss: 0.588408, tr_score: 0.701250
va_loss: 0.616479, va_score: 0.720000
te_loss: 0.614447, te_score: 0.690000

time = 5
tr_loss: 0.537573, tr_score: 0.713750
va_loss: 0.621398, va_score: 0.630000
te_loss: 0.566123, te_score: 0.750000

time = 5
tr_loss: 0.603456, tr_score: 0.687500
va_loss: 0.496176, va_score: 0.790000
te_loss: 0.557309, te_score: 0.730000

time = 5
tr_loss: 0.574704, tr_score: 0.723750
va_loss: 0.525607, va_score: 0.790000
te_loss: 0.591933, te_score: 0.710000

time = 5
tr_loss: 0.617709, tr_score: 0.692500
va_loss: 0.571227, va_score: 0.760000
te_loss: 0.686532, te_score: 0.610000

time = 5
tr_loss: 0.560740, tr_score: 0.720000
va_loss: 0.588412, va_score: 0.700000
te_loss: 0.560292, te_score: 0.660000

time = 5
tr_loss: 0.572350, tr_score: 0.711250
va_loss: 0.471916, va_score: 0.790000
te_loss: 0.638131, te_score: 0.650000

time = 5
tr_loss: 0.581888, tr_score: 0.718750
va_loss: 0.622316, va_score: 0.670000
te_loss: 0.576544, te_score: 0.720000

time = 5
tr_loss: 0.593015, tr_score: 0.691250
va_loss: 0.527157, va_score: 0.780000
te_loss: 0.619049, te_score: 0.680000

time = 5
tr_loss: 0.598481, tr_score: 0.708750
va_loss: 0.524702, va_score: 0.790000
te_loss: 0.699403, te_score: 0.600000

time = 5
tr_loss: 0.584209, tr_score: 0.711250
va_loss: 0.619411, va_score: 0.700000
te_loss: 0.625954, te_score: 0.690000

======================================================
5  Seed:  [1237. 6412. 2121. 6405. 4525. 1302. 1340. 7513. 9914. 1173. 2339. 2687.
 5417. 1769. 4522. 4161. 3470. 2003. 6862. 6659.]
tr_loss: 0.578615, tr_score: 0.708812
va_loss: 0.574923, va_score: 0.717000
te_loss: 0.590477, te_score: 0.696500
time = 6
tr_loss: 0.595631, tr_score: 0.697500
va_loss: 0.582425, va_score: 0.690000
te_loss: 0.622788, te_score: 0.720000

time = 6
tr_loss: 0.575116, tr_score: 0.726250
va_loss: 0.625056, va_score: 0.650000
te_loss: 0.617946, te_score: 0.670000

time = 6
tr_loss: 0.536171, tr_score: 0.736250
va_loss: 0.545116, va_score: 0.690000
te_loss: 0.624428, te_score: 0.680000

time = 6
tr_loss: 0.604924, tr_score: 0.700000
va_loss: 0.626931, va_score: 0.720000
te_loss: 0.647443, te_score: 0.650000

time = 6
tr_loss: 0.592925, tr_score: 0.703750
va_loss: 0.612963, va_score: 0.680000
te_loss: 0.533012, te_score: 0.780000

time = 6
tr_loss: 0.547471, tr_score: 0.733750
va_loss: 0.609975, va_score: 0.710000
te_loss: 0.679528, te_score: 0.620000

time = 6
tr_loss: 0.570634, tr_score: 0.713750
va_loss: 0.646005, va_score: 0.650000
te_loss: 0.551701, te_score: 0.730000

time = 6
tr_loss: 0.602192, tr_score: 0.701250
va_loss: 0.614124, va_score: 0.670000
te_loss: 0.602551, te_score: 0.700000

time = 6
tr_loss: 0.612623, tr_score: 0.685000
va_loss: 0.540214, va_score: 0.740000
te_loss: 0.552128, te_score: 0.740000

time = 6
tr_loss: 0.609973, tr_score: 0.701250
va_loss: 0.593876, va_score: 0.720000
te_loss: 0.636343, te_score: 0.670000

time = 6
tr_loss: 0.590581, tr_score: 0.717500
va_loss: 0.625767, va_score: 0.680000
te_loss: 0.669391, te_score: 0.620000

time = 6
tr_loss: 0.567159, tr_score: 0.688750
va_loss: 0.570295, va_score: 0.660000
te_loss: 0.602833, te_score: 0.650000

time = 6
tr_loss: 0.574880, tr_score: 0.701250
va_loss: 0.547105, va_score: 0.760000
te_loss: 0.599791, te_score: 0.670000

time = 6
tr_loss: 0.563585, tr_score: 0.733750
va_loss: 0.554121, va_score: 0.750000
te_loss: 0.515756, te_score: 0.780000

time = 6
tr_loss: 0.605540, tr_score: 0.702500
va_loss: 0.583782, va_score: 0.710000
te_loss: 0.681916, te_score: 0.630000

time = 6
tr_loss: 0.572778, tr_score: 0.708750
va_loss: 0.587493, va_score: 0.700000
te_loss: 0.562239, te_score: 0.720000

time = 6
tr_loss: 0.597568, tr_score: 0.705000
va_loss: 0.582251, va_score: 0.710000
te_loss: 0.647486, te_score: 0.700000

time = 6
tr_loss: 0.581527, tr_score: 0.702500
va_loss: 0.519550, va_score: 0.740000
te_loss: 0.560293, te_score: 0.730000

time = 6
tr_loss: 0.563299, tr_score: 0.725000
va_loss: 0.567112, va_score: 0.720000
te_loss: 0.578527, te_score: 0.700000

time = 6
tr_loss: 0.584751, tr_score: 0.700000
va_loss: 0.623292, va_score: 0.690000
te_loss: 0.581813, te_score: 0.720000

======================================================
6  Seed:  [7694. 6294. 7622. 3529.   96. 7204. 5217. 3436.  887. 8110. 7803. 3805.
 1114. 2222. 9584. 2008. 1959. 4210.  576. 6097.]
tr_loss: 0.582466, tr_score: 0.709187
va_loss: 0.587873, va_score: 0.702000
te_loss: 0.603396, te_score: 0.694000
time = 7
tr_loss: 0.571423, tr_score: 0.703750
va_loss: 0.586101, va_score: 0.710000
te_loss: 0.543137, te_score: 0.740000

time = 7
tr_loss: 0.545752, tr_score: 0.691250
va_loss: 0.527064, va_score: 0.760000
te_loss: 0.553750, te_score: 0.690000

time = 7
tr_loss: 0.614210, tr_score: 0.670000
va_loss: 0.541909, va_score: 0.760000
te_loss: 0.579071, te_score: 0.730000

time = 7
tr_loss: 0.576642, tr_score: 0.708750
va_loss: 0.530059, va_score: 0.730000
te_loss: 0.580311, te_score: 0.690000

time = 7
tr_loss: 0.560725, tr_score: 0.695000
va_loss: 0.548528, va_score: 0.730000
te_loss: 0.564182, te_score: 0.730000

time = 7
tr_loss: 0.562454, tr_score: 0.722500
va_loss: 0.608752, va_score: 0.610000
te_loss: 0.581653, te_score: 0.710000

time = 7
tr_loss: 0.600955, tr_score: 0.678750
va_loss: 0.590925, va_score: 0.670000
te_loss: 0.493263, te_score: 0.790000

time = 7
tr_loss: 0.581304, tr_score: 0.691250
va_loss: 0.630024, va_score: 0.660000
te_loss: 0.604278, te_score: 0.690000

time = 7
tr_loss: 0.610493, tr_score: 0.705000
va_loss: 0.641066, va_score: 0.690000
te_loss: 0.659769, te_score: 0.670000

time = 7
tr_loss: 0.589143, tr_score: 0.706250
va_loss: 0.583130, va_score: 0.740000
te_loss: 0.573117, te_score: 0.730000

time = 7
tr_loss: 0.581302, tr_score: 0.712500
va_loss: 0.598781, va_score: 0.700000
te_loss: 0.697396, te_score: 0.660000

time = 7
tr_loss: 0.594376, tr_score: 0.710000
va_loss: 0.633309, va_score: 0.650000
te_loss: 0.518840, te_score: 0.750000

time = 7
tr_loss: 0.614886, tr_score: 0.660000
va_loss: 0.660238, va_score: 0.610000
te_loss: 0.653944, te_score: 0.630000

time = 7
tr_loss: 0.589723, tr_score: 0.701250
va_loss: 0.587096, va_score: 0.750000
te_loss: 0.624839, te_score: 0.660000

time = 7
tr_loss: 0.573403, tr_score: 0.711250
va_loss: 0.582815, va_score: 0.680000
te_loss: 0.622957, te_score: 0.650000

time = 7
tr_loss: 0.594170, tr_score: 0.703750
va_loss: 0.641796, va_score: 0.640000
te_loss: 0.569164, te_score: 0.730000

time = 7
tr_loss: 0.590215, tr_score: 0.711250
va_loss: 0.584347, va_score: 0.730000
te_loss: 0.666245, te_score: 0.630000

time = 7
tr_loss: 0.572656, tr_score: 0.711250
va_loss: 0.527532, va_score: 0.790000
te_loss: 0.664757, te_score: 0.630000

time = 7
tr_loss: 0.576796, tr_score: 0.727500
va_loss: 0.603987, va_score: 0.700000
te_loss: 0.539027, te_score: 0.760000

time = 7
tr_loss: 0.581372, tr_score: 0.721250
va_loss: 0.579967, va_score: 0.700000
te_loss: 0.584512, te_score: 0.710000

======================================================
7  Seed:  [ 667. 3641. 1333. 4721. 6871. 9519. 4778.  927. 8338.   13. 3683. 6570.
 1422. 3821. 5722.  599. 3527. 1784. 1921. 2070.]
tr_loss: 0.584100, tr_score: 0.702125
va_loss: 0.589371, va_score: 0.700500
te_loss: 0.593711, te_score: 0.699000
time = 8
tr_loss: 0.618041, tr_score: 0.702500
va_loss: 0.652689, va_score: 0.700000
te_loss: 0.603845, te_score: 0.730000

time = 8
tr_loss: 0.615625, tr_score: 0.705000
va_loss: 0.673551, va_score: 0.600000
te_loss: 0.583656, te_score: 0.760000

time = 8
tr_loss: 0.567202, tr_score: 0.723750
va_loss: 0.581437, va_score: 0.690000
te_loss: 0.526747, te_score: 0.770000

time = 8
tr_loss: 0.615327, tr_score: 0.695000
va_loss: 0.615394, va_score: 0.700000
te_loss: 0.588281, te_score: 0.740000

time = 8
tr_loss: 0.583834, tr_score: 0.727500
va_loss: 0.543188, va_score: 0.770000
te_loss: 0.531857, te_score: 0.740000

time = 8
tr_loss: 0.562576, tr_score: 0.715000
va_loss: 0.542477, va_score: 0.720000
te_loss: 0.606954, te_score: 0.670000

time = 8
tr_loss: 0.564468, tr_score: 0.712500
va_loss: 0.555272, va_score: 0.700000
te_loss: 0.625508, te_score: 0.690000

time = 8
tr_loss: 0.591569, tr_score: 0.703750
va_loss: 0.526553, va_score: 0.780000
te_loss: 0.610848, te_score: 0.690000

time = 8
tr_loss: 0.618385, tr_score: 0.706250
va_loss: 0.642054, va_score: 0.700000
te_loss: 0.552706, te_score: 0.770000

time = 8
tr_loss: 0.564375, tr_score: 0.728750
va_loss: 0.667524, va_score: 0.660000
te_loss: 0.562716, te_score: 0.720000

time = 8
tr_loss: 0.610459, tr_score: 0.686250
va_loss: 0.495179, va_score: 0.790000
te_loss: 0.550973, te_score: 0.740000

time = 8
tr_loss: 0.597189, tr_score: 0.712500
va_loss: 0.545355, va_score: 0.750000
te_loss: 0.634432, te_score: 0.690000

time = 8
tr_loss: 0.590316, tr_score: 0.705000
va_loss: 0.605735, va_score: 0.680000
te_loss: 0.605744, te_score: 0.680000

time = 8
tr_loss: 0.610574, tr_score: 0.701250
va_loss: 0.525141, va_score: 0.820000
te_loss: 0.604499, te_score: 0.700000

time = 8
tr_loss: 0.613592, tr_score: 0.667500
va_loss: 0.581702, va_score: 0.710000
te_loss: 0.575214, te_score: 0.710000

time = 8
tr_loss: 0.606750, tr_score: 0.707500
va_loss: 0.561137, va_score: 0.750000
te_loss: 0.719473, te_score: 0.580000

time = 8
tr_loss: 0.597739, tr_score: 0.710000
va_loss: 0.616723, va_score: 0.700000
te_loss: 0.630328, te_score: 0.650000

time = 8
tr_loss: 0.574033, tr_score: 0.723750
va_loss: 0.565843, va_score: 0.750000
te_loss: 0.589959, te_score: 0.700000

time = 8
tr_loss: 0.566518, tr_score: 0.720000
va_loss: 0.567056, va_score: 0.720000
te_loss: 0.598329, te_score: 0.730000

time = 8
tr_loss: 0.554920, tr_score: 0.733750
va_loss: 0.604221, va_score: 0.710000
te_loss: 0.648460, te_score: 0.610000

======================================================
8  Seed:  [4860. 8426. 6918. 8393. 2977. 1581. 7001.  814. 5947. 4477. 3311. 7270.
 5082. 4712. 7103. 6080. 5821. 8708. 4579. 2324.]
tr_loss: 0.591175, tr_score: 0.709375
va_loss: 0.583412, va_score: 0.720000
te_loss: 0.597526, te_score: 0.703500
time = 9
tr_loss: 0.547126, tr_score: 0.700000
va_loss: 0.525066, va_score: 0.710000
te_loss: 0.544313, te_score: 0.690000

time = 9
tr_loss: 0.570849, tr_score: 0.722500
va_loss: 0.638701, va_score: 0.650000
te_loss: 0.600882, te_score: 0.710000

time = 9
tr_loss: 0.556535, tr_score: 0.725000
va_loss: 0.573201, va_score: 0.710000
te_loss: 0.622797, te_score: 0.680000

time = 9
tr_loss: 0.595963, tr_score: 0.697500
va_loss: 0.561698, va_score: 0.740000
te_loss: 0.594555, te_score: 0.680000

time = 9
tr_loss: 0.578771, tr_score: 0.716250
va_loss: 0.552553, va_score: 0.760000
te_loss: 0.694952, te_score: 0.610000

time = 9
tr_loss: 0.529432, tr_score: 0.732500
va_loss: 0.526249, va_score: 0.730000
te_loss: 0.589762, te_score: 0.680000

time = 9
tr_loss: 0.593185, tr_score: 0.692500
va_loss: 0.559143, va_score: 0.730000
te_loss: 0.584178, te_score: 0.720000

time = 9
tr_loss: 0.558494, tr_score: 0.702500
va_loss: 0.559467, va_score: 0.730000
te_loss: 0.613956, te_score: 0.680000

time = 9
tr_loss: 0.597696, tr_score: 0.705000
va_loss: 0.530715, va_score: 0.770000
te_loss: 0.556072, te_score: 0.700000

time = 9
tr_loss: 0.573425, tr_score: 0.732500
va_loss: 0.636632, va_score: 0.660000
te_loss: 0.568714, te_score: 0.720000

time = 9
tr_loss: 0.568446, tr_score: 0.716250
va_loss: 0.581417, va_score: 0.690000
te_loss: 0.609922, te_score: 0.680000

time = 9
tr_loss: 0.596483, tr_score: 0.688750
va_loss: 0.547651, va_score: 0.750000
te_loss: 0.581745, te_score: 0.740000

time = 9
tr_loss: 0.518917, tr_score: 0.743750
va_loss: 0.501811, va_score: 0.750000
te_loss: 0.456457, te_score: 0.800000

time = 9
tr_loss: 0.590153, tr_score: 0.711250
va_loss: 0.588124, va_score: 0.720000
te_loss: 0.560781, te_score: 0.740000

time = 9
tr_loss: 0.602153, tr_score: 0.705000
va_loss: 0.698687, va_score: 0.600000
te_loss: 0.652736, te_score: 0.680000

time = 9
tr_loss: 0.580393, tr_score: 0.715000
va_loss: 0.530581, va_score: 0.750000
te_loss: 0.599077, te_score: 0.690000

time = 9
tr_loss: 0.529487, tr_score: 0.741250
va_loss: 0.558745, va_score: 0.760000
te_loss: 0.564755, te_score: 0.700000

time = 9
tr_loss: 0.590318, tr_score: 0.708750
va_loss: 0.628893, va_score: 0.690000
te_loss: 0.636932, te_score: 0.650000

time = 9
tr_loss: 0.584067, tr_score: 0.721250
va_loss: 0.544045, va_score: 0.720000
te_loss: 0.600044, te_score: 0.700000

time = 9
tr_loss: 0.565770, tr_score: 0.698750
va_loss: 0.528213, va_score: 0.760000
te_loss: 0.557632, te_score: 0.720000

======================================================
9  Seed:  [9948.  542.  232.  666. 5686. 1955. 6679. 1732. 8003. 9621. 2645. 4622.
 2831. 7236. 6932. 8781. 1798. 9886. 2715. 5559.]
tr_loss: 0.571383, tr_score: 0.713813
va_loss: 0.568580, va_score: 0.719000
te_loss: 0.589513, te_score: 0.698500
time = 10
tr_loss: 0.583050, tr_score: 0.707500
va_loss: 0.553042, va_score: 0.730000
te_loss: 0.550718, te_score: 0.700000

time = 10
tr_loss: 0.591285, tr_score: 0.716250
va_loss: 0.595462, va_score: 0.710000
te_loss: 0.551990, te_score: 0.760000

time = 10
tr_loss: 0.541110, tr_score: 0.747500
va_loss: 0.526014, va_score: 0.790000
te_loss: 0.644037, te_score: 0.670000

time = 10
tr_loss: 0.633246, tr_score: 0.701250
va_loss: 0.566960, va_score: 0.770000
te_loss: 0.574392, te_score: 0.730000

time = 10
tr_loss: 0.601847, tr_score: 0.701250
va_loss: 0.603041, va_score: 0.700000
te_loss: 0.563179, te_score: 0.740000

time = 10
tr_loss: 0.527105, tr_score: 0.750000
va_loss: 0.494846, va_score: 0.780000
te_loss: 0.519339, te_score: 0.730000

time = 10
tr_loss: 0.609337, tr_score: 0.678750
va_loss: 0.558120, va_score: 0.740000
te_loss: 0.573581, te_score: 0.700000

time = 10
tr_loss: 0.623028, tr_score: 0.666250
va_loss: 0.497456, va_score: 0.820000
te_loss: 0.609281, te_score: 0.680000

time = 10
tr_loss: 0.621531, tr_score: 0.703750
va_loss: 0.596813, va_score: 0.690000
te_loss: 0.684902, te_score: 0.680000

time = 10
tr_loss: 0.581362, tr_score: 0.706250
va_loss: 0.562476, va_score: 0.730000
te_loss: 0.537941, te_score: 0.740000

time = 10
tr_loss: 0.599876, tr_score: 0.712500
va_loss: 0.636898, va_score: 0.660000
te_loss: 0.585776, te_score: 0.730000

time = 10
tr_loss: 0.576680, tr_score: 0.715000
va_loss: 0.662601, va_score: 0.650000
te_loss: 0.607237, te_score: 0.710000

time = 10
tr_loss: 0.592416, tr_score: 0.693750
va_loss: 0.598422, va_score: 0.710000
te_loss: 0.605141, te_score: 0.720000

time = 10
tr_loss: 0.568023, tr_score: 0.713750
va_loss: 0.527841, va_score: 0.740000
te_loss: 0.490831, te_score: 0.810000

time = 10
tr_loss: 0.585704, tr_score: 0.721250
va_loss: 0.703648, va_score: 0.610000
te_loss: 0.607031, te_score: 0.680000

time = 10
tr_loss: 0.621612, tr_score: 0.665000
va_loss: 0.580301, va_score: 0.740000
te_loss: 0.559063, te_score: 0.760000

time = 10
tr_loss: 0.605594, tr_score: 0.705000
va_loss: 0.539432, va_score: 0.790000
te_loss: 0.610373, te_score: 0.700000

time = 10
tr_loss: 0.603529, tr_score: 0.711250
va_loss: 0.594870, va_score: 0.710000
te_loss: 0.541331, te_score: 0.750000

time = 10
tr_loss: 0.600178, tr_score: 0.711250
va_loss: 0.579765, va_score: 0.730000
te_loss: 0.612325, te_score: 0.700000

time = 10
tr_loss: 0.565052, tr_score: 0.721250
va_loss: 0.673665, va_score: 0.600000
te_loss: 0.571424, te_score: 0.740000

======================================================
10  Seed:  [9217. 8758. 9318. 9902. 9257. 5433. 4194. 5342. 6064. 1182. 7632. 9724.
 4507. 4141. 7028. 4431.  710. 9505. 6403. 3797.]
tr_loss: 0.591578, tr_score: 0.707437
va_loss: 0.582584, va_score: 0.720000
te_loss: 0.579995, te_score: 0.721500
time = 11
tr_loss: 0.567110, tr_score: 0.706250
va_loss: 0.476686, va_score: 0.810000
te_loss: 0.638932, te_score: 0.650000

time = 11
tr_loss: 0.570889, tr_score: 0.698750
va_loss: 0.606423, va_score: 0.720000
te_loss: 0.712175, te_score: 0.580000

time = 11
tr_loss: 0.586463, tr_score: 0.706250
va_loss: 0.596139, va_score: 0.690000
te_loss: 0.574703, te_score: 0.730000

time = 11
tr_loss: 0.593270, tr_score: 0.708750
va_loss: 0.583334, va_score: 0.690000
te_loss: 0.513504, te_score: 0.760000

time = 11
tr_loss: 0.570571, tr_score: 0.710000
va_loss: 0.674211, va_score: 0.660000
te_loss: 0.582540, te_score: 0.660000

time = 11
tr_loss: 0.609204, tr_score: 0.690000
va_loss: 0.660014, va_score: 0.660000
te_loss: 0.614070, te_score: 0.720000

time = 11
tr_loss: 0.584961, tr_score: 0.715000
va_loss: 0.690635, va_score: 0.630000
te_loss: 0.669919, te_score: 0.640000

time = 11
tr_loss: 0.595999, tr_score: 0.687500
va_loss: 0.502327, va_score: 0.800000
te_loss: 0.649697, te_score: 0.640000

time = 11
tr_loss: 0.583309, tr_score: 0.718750
va_loss: 0.634178, va_score: 0.680000
te_loss: 0.580803, te_score: 0.710000

time = 11
tr_loss: 0.526360, tr_score: 0.728750
va_loss: 0.572213, va_score: 0.640000
te_loss: 0.535875, te_score: 0.680000

time = 11
tr_loss: 0.585728, tr_score: 0.706250
va_loss: 0.621829, va_score: 0.670000
te_loss: 0.562837, te_score: 0.740000

time = 11
tr_loss: 0.563791, tr_score: 0.717500
va_loss: 0.631586, va_score: 0.690000
te_loss: 0.643678, te_score: 0.670000

time = 11
tr_loss: 0.601919, tr_score: 0.725000
va_loss: 0.607338, va_score: 0.670000
te_loss: 0.674188, te_score: 0.640000

time = 11
tr_loss: 0.513068, tr_score: 0.736250
va_loss: 0.490278, va_score: 0.760000
te_loss: 0.567281, te_score: 0.690000

time = 11
tr_loss: 0.558772, tr_score: 0.695000
va_loss: 0.540521, va_score: 0.750000
te_loss: 0.578878, te_score: 0.690000

time = 11
tr_loss: 0.534740, tr_score: 0.743750
va_loss: 0.608198, va_score: 0.640000
te_loss: 0.532419, te_score: 0.790000

time = 11
tr_loss: 0.586020, tr_score: 0.702500
va_loss: 0.565807, va_score: 0.760000
te_loss: 0.614783, te_score: 0.670000

time = 11
tr_loss: 0.594567, tr_score: 0.726250
va_loss: 0.574144, va_score: 0.750000
te_loss: 0.664565, te_score: 0.640000

time = 11
tr_loss: 0.598770, tr_score: 0.705000
va_loss: 0.574412, va_score: 0.730000
te_loss: 0.695658, te_score: 0.630000

time = 11
tr_loss: 0.556856, tr_score: 0.732500
va_loss: 0.489070, va_score: 0.780000
te_loss: 0.592271, te_score: 0.680000

======================================================
11  Seed:  [ 276. 7096. 7576. 7225. 8005. 7496. 1258. 6191. 8489. 5152. 4572. 4247.
 5941. 8136.  978. 3169. 6643. 4121. 8439. 9382.]
tr_loss: 0.574118, tr_score: 0.713000
va_loss: 0.584967, va_score: 0.709000
te_loss: 0.609939, te_score: 0.680500
time = 12
tr_loss: 0.562209, tr_score: 0.722500
va_loss: 0.584206, va_score: 0.740000
te_loss: 0.549235, te_score: 0.740000

time = 12
tr_loss: 0.594826, tr_score: 0.708750
va_loss: 0.678530, va_score: 0.660000
te_loss: 0.566877, te_score: 0.750000

time = 12
tr_loss: 0.576605, tr_score: 0.736250
va_loss: 0.613426, va_score: 0.680000
te_loss: 0.654208, te_score: 0.640000

time = 12
tr_loss: 0.500520, tr_score: 0.740000
va_loss: 0.537381, va_score: 0.730000
te_loss: 0.659128, te_score: 0.610000

time = 12
tr_loss: 0.465712, tr_score: 0.782500
va_loss: 0.509016, va_score: 0.750000
te_loss: 0.529859, te_score: 0.740000

time = 12
tr_loss: 0.599370, tr_score: 0.700000
va_loss: 0.613979, va_score: 0.700000
te_loss: 0.599460, te_score: 0.700000

time = 12
tr_loss: 0.572129, tr_score: 0.732500
va_loss: 0.658483, va_score: 0.660000
te_loss: 0.688463, te_score: 0.650000

time = 12
tr_loss: 0.581400, tr_score: 0.722500
va_loss: 0.598647, va_score: 0.710000
te_loss: 0.628943, te_score: 0.650000

time = 12
tr_loss: 0.574678, tr_score: 0.722500
va_loss: 0.595855, va_score: 0.700000
te_loss: 0.633427, te_score: 0.650000

time = 12
tr_loss: 0.530416, tr_score: 0.746250
va_loss: 0.571278, va_score: 0.680000
te_loss: 0.567675, te_score: 0.700000

time = 12
tr_loss: 0.581008, tr_score: 0.730000
va_loss: 0.586453, va_score: 0.750000
te_loss: 0.609157, te_score: 0.680000

time = 12
tr_loss: 0.545280, tr_score: 0.731250
va_loss: 0.545620, va_score: 0.730000
te_loss: 0.590253, te_score: 0.640000

time = 12
tr_loss: 0.583643, tr_score: 0.705000
va_loss: 0.575745, va_score: 0.700000
te_loss: 0.627990, te_score: 0.660000

time = 12
tr_loss: 0.605567, tr_score: 0.698750
va_loss: 0.562094, va_score: 0.740000
te_loss: 0.557276, te_score: 0.730000

time = 12
tr_loss: 0.596088, tr_score: 0.708750
va_loss: 0.570326, va_score: 0.750000
te_loss: 0.629544, te_score: 0.670000

time = 12
tr_loss: 0.548793, tr_score: 0.735000
va_loss: 0.572815, va_score: 0.690000
te_loss: 0.572295, te_score: 0.720000

time = 12
tr_loss: 0.581671, tr_score: 0.723750
va_loss: 0.638583, va_score: 0.660000
te_loss: 0.531757, te_score: 0.760000

time = 12
tr_loss: 0.569056, tr_score: 0.727500
va_loss: 0.573732, va_score: 0.720000
te_loss: 0.539417, te_score: 0.770000

time = 12
tr_loss: 0.562473, tr_score: 0.715000
va_loss: 0.603151, va_score: 0.660000
te_loss: 0.578648, te_score: 0.690000

time = 12
tr_loss: 0.636233, tr_score: 0.645000
va_loss: 0.738613, va_score: 0.550000
te_loss: 0.710639, te_score: 0.580000

======================================================
12  Seed:  [5995. 5359. 4959. 8841. 2084. 6283. 5803. 5547. 5856. 6466. 1029. 9406.
 1119. 6504. 6270.   89. 4601. 8528. 5236. 3309.]
tr_loss: 0.568384, tr_score: 0.721688
va_loss: 0.596397, va_score: 0.698000
te_loss: 0.601213, te_score: 0.686500
time = 13
tr_loss: 0.555825, tr_score: 0.731250
va_loss: 0.563331, va_score: 0.710000
te_loss: 0.557944, te_score: 0.750000

time = 13
tr_loss: 0.582404, tr_score: 0.710000
va_loss: 0.540062, va_score: 0.720000
te_loss: 0.571501, te_score: 0.720000

time = 13
tr_loss: 0.553983, tr_score: 0.745000
va_loss: 0.538083, va_score: 0.760000
te_loss: 0.750967, te_score: 0.550000

time = 13
tr_loss: 0.486200, tr_score: 0.792500
va_loss: 0.543493, va_score: 0.710000
te_loss: 0.461301, te_score: 0.810000

time = 13
tr_loss: 0.576568, tr_score: 0.707500
va_loss: 0.560610, va_score: 0.710000
te_loss: 0.571518, te_score: 0.710000

time = 13
tr_loss: 0.569004, tr_score: 0.733750
va_loss: 0.624312, va_score: 0.680000
te_loss: 0.611324, te_score: 0.710000

time = 13
tr_loss: 0.599714, tr_score: 0.706250
va_loss: 0.630092, va_score: 0.660000
te_loss: 0.588144, te_score: 0.710000

time = 13
tr_loss: 0.586359, tr_score: 0.702500
va_loss: 0.580674, va_score: 0.700000
te_loss: 0.598770, te_score: 0.670000

time = 13
tr_loss: 0.572489, tr_score: 0.706250
va_loss: 0.566612, va_score: 0.720000
te_loss: 0.497090, te_score: 0.790000

time = 13
tr_loss: 0.607682, tr_score: 0.700000
va_loss: 0.660227, va_score: 0.620000
te_loss: 0.575112, te_score: 0.740000

time = 13
tr_loss: 0.572867, tr_score: 0.721250
va_loss: 0.598355, va_score: 0.700000
te_loss: 0.720267, te_score: 0.590000

time = 13
tr_loss: 0.576272, tr_score: 0.716250
va_loss: 0.630712, va_score: 0.650000
te_loss: 0.616499, te_score: 0.690000

time = 13
tr_loss: 0.575374, tr_score: 0.727500
va_loss: 0.637616, va_score: 0.690000
te_loss: 0.571715, te_score: 0.720000

time = 13
tr_loss: 0.567268, tr_score: 0.716250
va_loss: 0.526804, va_score: 0.750000
te_loss: 0.551389, te_score: 0.700000

time = 13
tr_loss: 0.579495, tr_score: 0.695000
va_loss: 0.559899, va_score: 0.720000
te_loss: 0.553593, te_score: 0.780000

time = 13
tr_loss: 0.563420, tr_score: 0.717500
va_loss: 0.596556, va_score: 0.720000
te_loss: 0.651421, te_score: 0.670000

time = 13
tr_loss: 0.519537, tr_score: 0.726250
va_loss: 0.502337, va_score: 0.730000
te_loss: 0.639569, te_score: 0.650000

time = 13
tr_loss: 0.581164, tr_score: 0.692500
va_loss: 0.551626, va_score: 0.740000
te_loss: 0.551958, te_score: 0.720000

time = 13
tr_loss: 0.609813, tr_score: 0.706250
va_loss: 0.548609, va_score: 0.780000
te_loss: 0.665334, te_score: 0.660000

time = 13
tr_loss: 0.583253, tr_score: 0.703750
va_loss: 0.574843, va_score: 0.720000
te_loss: 0.541850, te_score: 0.740000

======================================================
13  Seed:  [3706. 3756. 2533. 6590. 1761. 5957. 4965. 8699. 1302.  214. 1426. 3422.
 9979.   35. 8073. 6183. 7853. 8174. 4923.  725.]
tr_loss: 0.570934, tr_score: 0.717875
va_loss: 0.576743, va_score: 0.709500
te_loss: 0.592363, te_score: 0.704000
time = 14
tr_loss: 0.578788, tr_score: 0.711250
va_loss: 0.629454, va_score: 0.640000
te_loss: 0.591897, te_score: 0.670000

time = 14
tr_loss: 0.609610, tr_score: 0.703750
va_loss: 0.641962, va_score: 0.680000
te_loss: 0.628939, te_score: 0.690000

time = 14
tr_loss: 0.534210, tr_score: 0.735000
va_loss: 0.525738, va_score: 0.710000
te_loss: 0.531609, te_score: 0.720000

time = 14
tr_loss: 0.587874, tr_score: 0.697500
va_loss: 0.617105, va_score: 0.680000
te_loss: 0.538069, te_score: 0.770000

time = 14
tr_loss: 0.562807, tr_score: 0.720000
va_loss: 0.618354, va_score: 0.650000
te_loss: 0.573939, te_score: 0.720000

time = 14
tr_loss: 0.559053, tr_score: 0.711250
va_loss: 0.541996, va_score: 0.720000
te_loss: 0.606708, te_score: 0.690000

time = 14
tr_loss: 0.591219, tr_score: 0.706250
va_loss: 0.547837, va_score: 0.740000
te_loss: 0.642692, te_score: 0.680000

time = 14
tr_loss: 0.578508, tr_score: 0.700000
va_loss: 0.593444, va_score: 0.670000
te_loss: 0.578625, te_score: 0.740000

time = 14
tr_loss: 0.578191, tr_score: 0.686250
va_loss: 0.546795, va_score: 0.700000
te_loss: 0.568058, te_score: 0.690000

time = 14
tr_loss: 0.573151, tr_score: 0.726250
va_loss: 0.490741, va_score: 0.770000
te_loss: 0.636127, te_score: 0.660000

time = 14
tr_loss: 0.579936, tr_score: 0.702500
va_loss: 0.485330, va_score: 0.810000
te_loss: 0.550166, te_score: 0.700000

time = 14
tr_loss: 0.516685, tr_score: 0.758750
va_loss: 0.500388, va_score: 0.770000
te_loss: 0.561105, te_score: 0.740000

time = 14
tr_loss: 0.598750, tr_score: 0.700000
va_loss: 0.568996, va_score: 0.760000
te_loss: 0.645448, te_score: 0.640000

time = 14
tr_loss: 0.552260, tr_score: 0.717500
va_loss: 0.558757, va_score: 0.740000
te_loss: 0.578153, te_score: 0.700000

time = 14
tr_loss: 0.600659, tr_score: 0.712500
va_loss: 0.657599, va_score: 0.670000
te_loss: 0.614268, te_score: 0.730000

time = 14
tr_loss: 0.576264, tr_score: 0.721250
va_loss: 0.547065, va_score: 0.740000
te_loss: 0.540825, te_score: 0.740000

time = 14
tr_loss: 0.599937, tr_score: 0.702500
va_loss: 0.560657, va_score: 0.760000
te_loss: 0.680921, te_score: 0.620000

time = 14
tr_loss: 0.598907, tr_score: 0.705000
va_loss: 0.633773, va_score: 0.680000
te_loss: 0.617802, te_score: 0.700000

time = 14
tr_loss: 0.568123, tr_score: 0.717500
va_loss: 0.598317, va_score: 0.700000
te_loss: 0.604656, te_score: 0.700000

time = 14
tr_loss: 0.600814, tr_score: 0.692500
va_loss: 0.653184, va_score: 0.670000
te_loss: 0.543074, te_score: 0.760000

======================================================
14  Seed:  [6736. 9332. 4026. 8791. 2185. 8095. 4925. 3877. 8332. 6847. 5871. 5004.
 2796. 4961. 1467. 7787. 3868. 5255. 9307. 9073.]
tr_loss: 0.577287, tr_score: 0.711375
va_loss: 0.575875, va_score: 0.713000
te_loss: 0.591654, te_score: 0.703000
time = 15
tr_loss: 0.535993, tr_score: 0.740000
va_loss: 0.522556, va_score: 0.740000
te_loss: 0.569148, te_score: 0.670000

time = 15
tr_loss: 0.614373, tr_score: 0.685000
va_loss: 0.565815, va_score: 0.740000
te_loss: 0.555052, te_score: 0.770000

time = 15
tr_loss: 0.573349, tr_score: 0.721250
va_loss: 0.597107, va_score: 0.720000
te_loss: 0.609566, te_score: 0.680000

time = 15
tr_loss: 0.598521, tr_score: 0.701250
va_loss: 0.544786, va_score: 0.750000
te_loss: 0.644087, te_score: 0.650000

time = 15
tr_loss: 0.574955, tr_score: 0.712500
va_loss: 0.605815, va_score: 0.700000
te_loss: 0.574389, te_score: 0.690000

time = 15
tr_loss: 0.570082, tr_score: 0.726250
va_loss: 0.603139, va_score: 0.720000
te_loss: 0.625117, te_score: 0.650000

time = 15
tr_loss: 0.599534, tr_score: 0.710000
va_loss: 0.629258, va_score: 0.650000
te_loss: 0.571621, te_score: 0.740000

time = 15
tr_loss: 0.568648, tr_score: 0.705000
va_loss: 0.593081, va_score: 0.690000
te_loss: 0.560990, te_score: 0.700000

time = 15
tr_loss: 0.655057, tr_score: 0.691250
va_loss: 0.638737, va_score: 0.740000
te_loss: 0.612031, te_score: 0.730000

time = 15
tr_loss: 0.556685, tr_score: 0.715000
va_loss: 0.608413, va_score: 0.690000
te_loss: 0.586837, te_score: 0.640000

time = 15
tr_loss: 0.590691, tr_score: 0.696250
va_loss: 0.558992, va_score: 0.710000
te_loss: 0.539003, te_score: 0.730000

time = 15
tr_loss: 0.585807, tr_score: 0.710000
va_loss: 0.579159, va_score: 0.740000
te_loss: 0.595516, te_score: 0.690000

time = 15
tr_loss: 0.579590, tr_score: 0.715000
va_loss: 0.552529, va_score: 0.740000
te_loss: 0.626316, te_score: 0.670000

time = 15
tr_loss: 0.614487, tr_score: 0.695000
va_loss: 0.620336, va_score: 0.690000
te_loss: 0.569444, te_score: 0.750000

time = 15
tr_loss: 0.604178, tr_score: 0.702500
va_loss: 0.624034, va_score: 0.690000
te_loss: 0.615037, te_score: 0.670000

time = 15
tr_loss: 0.599177, tr_score: 0.711250
va_loss: 0.668968, va_score: 0.660000
te_loss: 0.673879, te_score: 0.660000

time = 15
tr_loss: 0.579157, tr_score: 0.712500
va_loss: 0.570066, va_score: 0.690000
te_loss: 0.621266, te_score: 0.700000

time = 15
tr_loss: 0.577273, tr_score: 0.725000
va_loss: 0.618371, va_score: 0.690000
te_loss: 0.628432, te_score: 0.640000

time = 15
tr_loss: 0.571805, tr_score: 0.697500
va_loss: 0.569143, va_score: 0.700000
te_loss: 0.618784, te_score: 0.630000

time = 15
tr_loss: 0.557779, tr_score: 0.713750
va_loss: 0.539743, va_score: 0.730000
te_loss: 0.545807, te_score: 0.720000

======================================================
15  Seed:  [ 879. 4612.  287.  491. 3659. 8251. 7507. 1140. 3507. 4318. 9716. 8900.
 3870. 2555. 7340. 8792.  757. 6674. 3143.  691.]
tr_loss: 0.585357, tr_score: 0.709313
va_loss: 0.590502, va_score: 0.709000
te_loss: 0.597116, te_score: 0.689000
time = 16
tr_loss: 0.599934, tr_score: 0.697500
va_loss: 0.585010, va_score: 0.720000
te_loss: 0.585639, te_score: 0.720000

time = 16
tr_loss: 0.560567, tr_score: 0.727500
va_loss: 0.548230, va_score: 0.700000
te_loss: 0.643463, te_score: 0.660000

time = 16
tr_loss: 0.561982, tr_score: 0.716250
va_loss: 0.555811, va_score: 0.770000
te_loss: 0.574122, te_score: 0.680000

time = 16
tr_loss: 0.597982, tr_score: 0.715000
va_loss: 0.619519, va_score: 0.690000
te_loss: 0.580730, te_score: 0.730000

time = 16
tr_loss: 0.597454, tr_score: 0.707500
va_loss: 0.539439, va_score: 0.760000
te_loss: 0.586804, te_score: 0.710000

time = 16
tr_loss: 0.563858, tr_score: 0.733750
va_loss: 0.573170, va_score: 0.730000
te_loss: 0.661189, te_score: 0.650000

time = 16
tr_loss: 0.588235, tr_score: 0.701250
va_loss: 0.624587, va_score: 0.680000
te_loss: 0.580543, te_score: 0.690000

time = 16
tr_loss: 0.602550, tr_score: 0.708750
va_loss: 0.637427, va_score: 0.650000
te_loss: 0.669226, te_score: 0.680000

time = 16
tr_loss: 0.574067, tr_score: 0.693750
va_loss: 0.578020, va_score: 0.720000
te_loss: 0.545287, te_score: 0.760000

time = 16
tr_loss: 0.571116, tr_score: 0.731250
va_loss: 0.626256, va_score: 0.670000
te_loss: 0.591801, te_score: 0.710000

time = 16
tr_loss: 0.547424, tr_score: 0.713750
va_loss: 0.565835, va_score: 0.730000
te_loss: 0.592534, te_score: 0.660000

time = 16
tr_loss: 0.558741, tr_score: 0.726250
va_loss: 0.605239, va_score: 0.690000
te_loss: 0.632314, te_score: 0.690000

time = 16
tr_loss: 0.586986, tr_score: 0.702500
va_loss: 0.682534, va_score: 0.660000
te_loss: 0.586909, te_score: 0.720000

time = 16
tr_loss: 0.591269, tr_score: 0.685000
va_loss: 0.527014, va_score: 0.770000
te_loss: 0.521606, te_score: 0.770000

time = 16
tr_loss: 0.565865, tr_score: 0.705000
va_loss: 0.509668, va_score: 0.770000
te_loss: 0.527065, te_score: 0.760000

time = 16
tr_loss: 0.598380, tr_score: 0.716250
va_loss: 0.629771, va_score: 0.680000
te_loss: 0.601333, te_score: 0.750000

time = 16
tr_loss: 0.565320, tr_score: 0.707500
va_loss: 0.536852, va_score: 0.730000
te_loss: 0.616839, te_score: 0.660000

time = 16
tr_loss: 0.602868, tr_score: 0.715000
va_loss: 0.622184, va_score: 0.670000
te_loss: 0.616958, te_score: 0.700000

time = 16
tr_loss: 0.610167, tr_score: 0.681250
va_loss: 0.512811, va_score: 0.780000
te_loss: 0.601568, te_score: 0.710000

time = 16
tr_loss: 0.528819, tr_score: 0.731250
va_loss: 0.550965, va_score: 0.710000
te_loss: 0.522512, te_score: 0.760000

======================================================
16  Seed:  [9082. 6878.  978. 6918.   35. 3547.  812. 1562. 5243. 8191. 5330. 4602.
 2929. 4830.  303. 9956. 3156. 7475. 4637.  734.]
tr_loss: 0.578679, tr_score: 0.710812
va_loss: 0.581517, va_score: 0.714000
te_loss: 0.591922, te_score: 0.708500
time = 17
tr_loss: 0.577808, tr_score: 0.713750
va_loss: 0.561958, va_score: 0.730000
te_loss: 0.585510, te_score: 0.690000

time = 17
tr_loss: 0.590824, tr_score: 0.716250
va_loss: 0.649402, va_score: 0.680000
te_loss: 0.639831, te_score: 0.660000

time = 17
tr_loss: 0.606916, tr_score: 0.712500
va_loss: 0.656564, va_score: 0.650000
te_loss: 0.632526, te_score: 0.680000

time = 17
tr_loss: 0.612903, tr_score: 0.718750
va_loss: 0.677098, va_score: 0.660000
te_loss: 0.554279, te_score: 0.740000

time = 17
tr_loss: 0.593292, tr_score: 0.696250
va_loss: 0.547182, va_score: 0.760000
te_loss: 0.579627, te_score: 0.720000

time = 17
tr_loss: 0.504674, tr_score: 0.770000
va_loss: 0.496592, va_score: 0.730000
te_loss: 0.559795, te_score: 0.710000

time = 17
tr_loss: 0.566496, tr_score: 0.750000
va_loss: 0.695062, va_score: 0.640000
te_loss: 0.615437, te_score: 0.700000

time = 17
tr_loss: 0.555388, tr_score: 0.720000
va_loss: 0.613677, va_score: 0.690000
te_loss: 0.684288, te_score: 0.610000

time = 17
tr_loss: 0.522954, tr_score: 0.735000
va_loss: 0.550845, va_score: 0.710000
te_loss: 0.516164, te_score: 0.750000

time = 17
tr_loss: 0.566881, tr_score: 0.725000
va_loss: 0.611207, va_score: 0.710000
te_loss: 0.648248, te_score: 0.640000

time = 17
tr_loss: 0.590356, tr_score: 0.701250
va_loss: 0.626442, va_score: 0.680000
te_loss: 0.636608, te_score: 0.650000

time = 17
tr_loss: 0.581331, tr_score: 0.711250
va_loss: 0.615089, va_score: 0.680000
te_loss: 0.540253, te_score: 0.720000

time = 17
tr_loss: 0.592705, tr_score: 0.730000
va_loss: 0.591235, va_score: 0.710000
te_loss: 0.525505, te_score: 0.770000

time = 17
tr_loss: 0.527846, tr_score: 0.740000
va_loss: 0.476292, va_score: 0.770000
te_loss: 0.503851, te_score: 0.780000

time = 17
tr_loss: 0.570687, tr_score: 0.721250
va_loss: 0.645456, va_score: 0.630000
te_loss: 0.653226, te_score: 0.690000

time = 17
tr_loss: 0.569676, tr_score: 0.717500
va_loss: 0.505549, va_score: 0.730000
te_loss: 0.569081, te_score: 0.700000

time = 17
tr_loss: 0.602698, tr_score: 0.715000
va_loss: 0.668874, va_score: 0.620000
te_loss: 0.590477, te_score: 0.740000

time = 17
tr_loss: 0.596461, tr_score: 0.710000
va_loss: 0.541866, va_score: 0.730000
te_loss: 0.582797, te_score: 0.720000

time = 17
tr_loss: 0.607423, tr_score: 0.715000
va_loss: 0.546452, va_score: 0.760000
te_loss: 0.646780, te_score: 0.660000

time = 17
tr_loss: 0.577396, tr_score: 0.700000
va_loss: 0.564733, va_score: 0.710000
te_loss: 0.591326, te_score: 0.660000

======================================================
17  Seed:  [9997. 6891. 7283.  296. 4194.  627. 9187. 9699.  412. 3964. 5059. 1882.
 6859. 7098. 9012. 6459. 3018. 8410. 9321. 1260.]
tr_loss: 0.575736, tr_score: 0.720938
va_loss: 0.592079, va_score: 0.699000
te_loss: 0.592780, te_score: 0.699500
time = 18
tr_loss: 0.557146, tr_score: 0.717500
va_loss: 0.568044, va_score: 0.730000
te_loss: 0.527739, te_score: 0.720000

time = 18
tr_loss: 0.571339, tr_score: 0.715000
va_loss: 0.555021, va_score: 0.730000
te_loss: 0.531381, te_score: 0.750000

time = 18
tr_loss: 0.504872, tr_score: 0.763750
va_loss: 0.484849, va_score: 0.780000
te_loss: 0.573208, te_score: 0.730000

time = 18
tr_loss: 0.550555, tr_score: 0.730000
va_loss: 0.576092, va_score: 0.720000
te_loss: 0.546542, te_score: 0.740000

time = 18
tr_loss: 0.628393, tr_score: 0.688750
va_loss: 0.597804, va_score: 0.720000
te_loss: 0.571215, te_score: 0.760000

time = 18
tr_loss: 0.594303, tr_score: 0.706250
va_loss: 0.576350, va_score: 0.690000
te_loss: 0.579510, te_score: 0.720000

time = 18
tr_loss: 0.589934, tr_score: 0.700000
va_loss: 0.671618, va_score: 0.640000
te_loss: 0.562841, te_score: 0.750000

time = 18
tr_loss: 0.613888, tr_score: 0.713750
va_loss: 0.632330, va_score: 0.690000
te_loss: 0.757290, te_score: 0.570000

time = 18
tr_loss: 0.549464, tr_score: 0.720000
va_loss: 0.527121, va_score: 0.760000
te_loss: 0.558882, te_score: 0.700000

time = 18
tr_loss: 0.571083, tr_score: 0.718750
va_loss: 0.563372, va_score: 0.680000
te_loss: 0.600124, te_score: 0.700000

time = 18
tr_loss: 0.587605, tr_score: 0.721250
va_loss: 0.691191, va_score: 0.600000
te_loss: 0.556218, te_score: 0.740000

time = 18
tr_loss: 0.565706, tr_score: 0.718750
va_loss: 0.562240, va_score: 0.710000
te_loss: 0.579453, te_score: 0.720000

time = 18
tr_loss: 0.566253, tr_score: 0.736250
va_loss: 0.611833, va_score: 0.690000
te_loss: 0.585014, te_score: 0.700000

time = 18
tr_loss: 0.576850, tr_score: 0.716250
va_loss: 0.549494, va_score: 0.720000
te_loss: 0.539062, te_score: 0.740000

time = 18
tr_loss: 0.590848, tr_score: 0.708750
va_loss: 0.543937, va_score: 0.780000
te_loss: 0.528951, te_score: 0.800000

time = 18
tr_loss: 0.598998, tr_score: 0.691250
va_loss: 0.547405, va_score: 0.770000
te_loss: 0.519010, te_score: 0.770000

time = 18
tr_loss: 0.595096, tr_score: 0.702500
va_loss: 0.637966, va_score: 0.670000
te_loss: 0.579480, te_score: 0.750000

time = 18
tr_loss: 0.542070, tr_score: 0.722500
va_loss: 0.505421, va_score: 0.720000
te_loss: 0.595353, te_score: 0.660000

time = 18
tr_loss: 0.593481, tr_score: 0.697500
va_loss: 0.571083, va_score: 0.750000
te_loss: 0.588304, te_score: 0.670000

time = 18
tr_loss: 0.586627, tr_score: 0.697500
va_loss: 0.567258, va_score: 0.710000
te_loss: 0.619556, te_score: 0.670000

======================================================
18  Seed:  [ 873. 4207. 9606. 9170. 6333. 9407. 8590.  438. 6112. 2282. 5826. 4132.
 5788. 3773.  899. 1544. 7119. 3120. 1138. 3253.]
tr_loss: 0.576726, tr_score: 0.714312
va_loss: 0.577021, va_score: 0.713000
te_loss: 0.574957, te_score: 0.718000
time = 19
tr_loss: 0.606216, tr_score: 0.703750
va_loss: 0.654396, va_score: 0.640000
te_loss: 0.683412, te_score: 0.630000

time = 19
tr_loss: 0.543372, tr_score: 0.726250
va_loss: 0.545246, va_score: 0.710000
te_loss: 0.597670, te_score: 0.640000

time = 19
tr_loss: 0.606772, tr_score: 0.717500
va_loss: 0.506048, va_score: 0.780000
te_loss: 0.666662, te_score: 0.650000

time = 19
tr_loss: 0.577037, tr_score: 0.726250
va_loss: 0.588983, va_score: 0.700000
te_loss: 0.618371, te_score: 0.730000

time = 19
tr_loss: 0.603530, tr_score: 0.690000
va_loss: 0.580626, va_score: 0.730000
te_loss: 0.536015, te_score: 0.750000

time = 19
tr_loss: 0.566945, tr_score: 0.727500
va_loss: 0.575028, va_score: 0.700000
te_loss: 0.608174, te_score: 0.700000

time = 19
tr_loss: 0.582036, tr_score: 0.698750
va_loss: 0.532669, va_score: 0.740000
te_loss: 0.616562, te_score: 0.660000

time = 19
tr_loss: 0.571400, tr_score: 0.713750
va_loss: 0.608217, va_score: 0.670000
te_loss: 0.619360, te_score: 0.660000

time = 19
tr_loss: 0.578117, tr_score: 0.696250
va_loss: 0.611395, va_score: 0.690000
te_loss: 0.543253, te_score: 0.740000

time = 19
tr_loss: 0.565047, tr_score: 0.727500
va_loss: 0.591594, va_score: 0.690000
te_loss: 0.609369, te_score: 0.700000

time = 19
tr_loss: 0.550735, tr_score: 0.707500
va_loss: 0.597010, va_score: 0.710000
te_loss: 0.598840, te_score: 0.680000

time = 19
tr_loss: 0.552439, tr_score: 0.725000
va_loss: 0.580588, va_score: 0.700000
te_loss: 0.592863, te_score: 0.700000

time = 19
tr_loss: 0.552309, tr_score: 0.722500
va_loss: 0.589103, va_score: 0.690000
te_loss: 0.623504, te_score: 0.670000

time = 19
tr_loss: 0.549910, tr_score: 0.748750
va_loss: 0.519449, va_score: 0.710000
te_loss: 0.594464, te_score: 0.740000

time = 19
tr_loss: 0.570209, tr_score: 0.731250
va_loss: 0.576276, va_score: 0.740000
te_loss: 0.532584, te_score: 0.760000

time = 19
tr_loss: 0.599622, tr_score: 0.687500
va_loss: 0.554756, va_score: 0.750000
te_loss: 0.557241, te_score: 0.750000

time = 19
tr_loss: 0.611080, tr_score: 0.705000
va_loss: 0.625971, va_score: 0.700000
te_loss: 0.678259, te_score: 0.670000

time = 19
tr_loss: 0.560850, tr_score: 0.722500
va_loss: 0.618577, va_score: 0.650000
te_loss: 0.523138, te_score: 0.730000

time = 19
tr_loss: 0.599062, tr_score: 0.705000
va_loss: 0.584176, va_score: 0.750000
te_loss: 0.574295, te_score: 0.710000

time = 19
tr_loss: 0.599692, tr_score: 0.718750
va_loss: 0.670835, va_score: 0.660000
te_loss: 0.551381, te_score: 0.770000

======================================================
19  Seed:  [3709. 6253. 7969. 4492. 4878.  212. 2129. 7387.  610. 9877. 6936. 8416.
 1824. 6324. 9841. 5493. 7619. 7977.  518. 1963.]
tr_loss: 0.577319, tr_score: 0.715062
va_loss: 0.585547, va_score: 0.705500
te_loss: 0.596271, te_score: 0.702000
time = 20
tr_loss: 0.549449, tr_score: 0.728750
va_loss: 0.550167, va_score: 0.700000
te_loss: 0.530934, te_score: 0.730000

time = 20
tr_loss: 0.571418, tr_score: 0.705000
va_loss: 0.595616, va_score: 0.700000
te_loss: 0.547318, te_score: 0.720000

time = 20
tr_loss: 0.595773, tr_score: 0.700000
va_loss: 0.610572, va_score: 0.660000
te_loss: 0.629974, te_score: 0.670000

time = 20
tr_loss: 0.577309, tr_score: 0.720000
va_loss: 0.631978, va_score: 0.670000
te_loss: 0.533546, te_score: 0.790000

time = 20
tr_loss: 0.567091, tr_score: 0.721250
va_loss: 0.694429, va_score: 0.630000
te_loss: 0.598448, te_score: 0.700000

time = 20
tr_loss: 0.577915, tr_score: 0.721250
va_loss: 0.551553, va_score: 0.740000
te_loss: 0.579183, te_score: 0.730000

time = 20
tr_loss: 0.498477, tr_score: 0.761250
va_loss: 0.502713, va_score: 0.750000
te_loss: 0.490152, te_score: 0.770000

time = 20
tr_loss: 0.559793, tr_score: 0.728750
va_loss: 0.606625, va_score: 0.690000
te_loss: 0.572905, te_score: 0.710000

time = 20
tr_loss: 0.600234, tr_score: 0.712500
va_loss: 0.602228, va_score: 0.690000
te_loss: 0.573136, te_score: 0.770000

time = 20
tr_loss: 0.598304, tr_score: 0.698750
va_loss: 0.498083, va_score: 0.790000
te_loss: 0.572151, te_score: 0.710000

time = 20
tr_loss: 0.556970, tr_score: 0.717500
va_loss: 0.568270, va_score: 0.690000
te_loss: 0.569610, te_score: 0.730000

time = 20
tr_loss: 0.478793, tr_score: 0.788750
va_loss: 0.503105, va_score: 0.780000
te_loss: 0.497735, te_score: 0.770000

time = 20
tr_loss: 0.606391, tr_score: 0.696250
va_loss: 0.587812, va_score: 0.740000
te_loss: 0.625747, te_score: 0.690000

time = 20
tr_loss: 0.580930, tr_score: 0.720000
va_loss: 0.593680, va_score: 0.700000
te_loss: 0.563522, te_score: 0.750000

time = 20
tr_loss: 0.559779, tr_score: 0.716250
va_loss: 0.548090, va_score: 0.720000
te_loss: 0.585469, te_score: 0.690000

time = 20
tr_loss: 0.617898, tr_score: 0.712500
va_loss: 0.674026, va_score: 0.620000
te_loss: 0.646231, te_score: 0.680000

time = 20
tr_loss: 0.536906, tr_score: 0.717500
va_loss: 0.513353, va_score: 0.740000
te_loss: 0.547596, te_score: 0.750000

time = 20
tr_loss: 0.579852, tr_score: 0.703750
va_loss: 0.553116, va_score: 0.740000
te_loss: 0.563382, te_score: 0.730000

time = 20
tr_loss: 0.561430, tr_score: 0.713750
va_loss: 0.541240, va_score: 0.760000
te_loss: 0.570050, te_score: 0.740000

time = 20
tr_loss: 0.535922, tr_score: 0.763750
va_loss: 0.612261, va_score: 0.660000
te_loss: 0.562267, te_score: 0.730000

======================================================
20  Seed:  [8890. 5137. 6638. 5364. 3035. 4210. 5798. 9783. 7946.  146. 8127. 1556.
 1338. 7812. 5900. 6230. 6141. 6234. 5455. 7649.]
tr_loss: 0.565532, tr_score: 0.722375
va_loss: 0.576946, va_score: 0.708500
te_loss: 0.567968, te_score: 0.728000


mid seed:  [6736. 9332. 4026. 8791. 2185. 8095. 4925. 3877. 8332. 6847. 5871. 5004.
 2796. 4961. 1467. 7787. 3868. 5255. 9307. 9073.]
mid test scores 0.703
