time = 0
tr_loss: 0.570335, tr_score: 0.720000
va_loss: 0.593203, va_score: 0.700000
te_loss: 0.576527, te_score: 0.700000

time = 0
tr_loss: 0.587875, tr_score: 0.723750
va_loss: 0.647530, va_score: 0.650000
te_loss: 0.684671, te_score: 0.610000

time = 0
tr_loss: 0.583115, tr_score: 0.718750
va_loss: 0.624949, va_score: 0.670000
te_loss: 0.660351, te_score: 0.670000

time = 0
tr_loss: 0.589505, tr_score: 0.708750
va_loss: 0.571853, va_score: 0.730000
te_loss: 0.576493, te_score: 0.710000

time = 0
tr_loss: 0.560747, tr_score: 0.720000
va_loss: 0.593198, va_score: 0.690000
te_loss: 0.531755, te_score: 0.740000

time = 0
tr_loss: 0.551097, tr_score: 0.740000
va_loss: 0.632389, va_score: 0.650000
te_loss: 0.644201, te_score: 0.630000

time = 0
tr_loss: 0.605150, tr_score: 0.682500
va_loss: 0.620688, va_score: 0.670000
te_loss: 0.519285, te_score: 0.730000

time = 0
tr_loss: 0.598103, tr_score: 0.692500
va_loss: 0.534331, va_score: 0.780000
te_loss: 0.612035, te_score: 0.690000

time = 0
tr_loss: 0.519631, tr_score: 0.731250
va_loss: 0.457377, va_score: 0.830000
te_loss: 0.521636, te_score: 0.770000

time = 0
tr_loss: 0.594541, tr_score: 0.693750
va_loss: 0.602601, va_score: 0.680000
te_loss: 0.512916, te_score: 0.810000

time = 0
tr_loss: 0.618617, tr_score: 0.698750
va_loss: 0.516285, va_score: 0.780000
te_loss: 0.721616, te_score: 0.630000

time = 0
tr_loss: 0.537584, tr_score: 0.746250
va_loss: 0.571451, va_score: 0.780000
te_loss: 0.686000, te_score: 0.590000

time = 0
tr_loss: 0.581554, tr_score: 0.721250
va_loss: 0.636277, va_score: 0.650000
te_loss: 0.656487, te_score: 0.630000

time = 0
tr_loss: 0.570902, tr_score: 0.727500
va_loss: 0.561401, va_score: 0.730000
te_loss: 0.674826, te_score: 0.620000

time = 0
tr_loss: 0.587432, tr_score: 0.701250
va_loss: 0.617835, va_score: 0.690000
te_loss: 0.629288, te_score: 0.670000

time = 0
tr_loss: 0.586636, tr_score: 0.712500
va_loss: 0.571025, va_score: 0.680000
te_loss: 0.599493, te_score: 0.710000

time = 0
tr_loss: 0.578734, tr_score: 0.697500
va_loss: 0.666581, va_score: 0.650000
te_loss: 0.589197, te_score: 0.690000

time = 0
tr_loss: 0.615534, tr_score: 0.713750
va_loss: 0.589782, va_score: 0.640000
te_loss: 0.636124, te_score: 0.680000

time = 0
tr_loss: 0.551507, tr_score: 0.736250
va_loss: 0.577845, va_score: 0.700000
te_loss: 0.705717, te_score: 0.640000

time = 0
tr_loss: 0.573214, tr_score: 0.703750
va_loss: 0.537147, va_score: 0.770000
te_loss: 0.628986, te_score: 0.650000

======================================================
0  Seed:  [ 140. 2411. 2238. 5068. 2300. 9812. 6334. 4380. 4021. 8554. 2226. 8534.
 4715. 7921. 4457. 6212.  255.  495. 8301.  932.]
tr_loss: 0.578091, tr_score: 0.714500
va_loss: 0.586187, va_score: 0.706000
te_loss: 0.618380, te_score: 0.678500
time = 1
tr_loss: 0.594788, tr_score: 0.712500
va_loss: 0.693738, va_score: 0.620000
te_loss: 0.602770, te_score: 0.700000

time = 1
tr_loss: 0.599229, tr_score: 0.710000
va_loss: 0.680462, va_score: 0.640000
te_loss: 0.589276, te_score: 0.730000

time = 1
tr_loss: 0.605851, tr_score: 0.693750
va_loss: 0.615630, va_score: 0.690000
te_loss: 0.573299, te_score: 0.740000

time = 1
tr_loss: 0.563254, tr_score: 0.730000
va_loss: 0.557328, va_score: 0.730000
te_loss: 0.610142, te_score: 0.670000

time = 1
tr_loss: 0.591837, tr_score: 0.705000
va_loss: 0.638468, va_score: 0.660000
te_loss: 0.584184, te_score: 0.720000

time = 1
tr_loss: 0.590873, tr_score: 0.696250
va_loss: 0.556300, va_score: 0.700000
te_loss: 0.562904, te_score: 0.730000

time = 1
tr_loss: 0.604737, tr_score: 0.702500
va_loss: 0.596312, va_score: 0.710000
te_loss: 0.641263, te_score: 0.670000

time = 1
tr_loss: 0.565245, tr_score: 0.713750
va_loss: 0.539323, va_score: 0.740000
te_loss: 0.502344, te_score: 0.750000

time = 1
tr_loss: 0.567993, tr_score: 0.707500
va_loss: 0.606624, va_score: 0.660000
te_loss: 0.531184, te_score: 0.750000

time = 1
tr_loss: 0.535873, tr_score: 0.726250
va_loss: 0.525913, va_score: 0.720000
te_loss: 0.589055, te_score: 0.670000

time = 1
tr_loss: 0.596484, tr_score: 0.693750
va_loss: 0.602155, va_score: 0.670000
te_loss: 0.547804, te_score: 0.780000

time = 1
tr_loss: 0.569494, tr_score: 0.707500
va_loss: 0.631519, va_score: 0.690000
te_loss: 0.585140, te_score: 0.710000

time = 1
tr_loss: 0.631607, tr_score: 0.696250
va_loss: 0.532917, va_score: 0.820000
te_loss: 0.676395, te_score: 0.650000

time = 1
tr_loss: 0.599289, tr_score: 0.702500
va_loss: 0.541579, va_score: 0.750000
te_loss: 0.582015, te_score: 0.730000

time = 1
tr_loss: 0.574318, tr_score: 0.697500
va_loss: 0.621189, va_score: 0.690000
te_loss: 0.578076, te_score: 0.750000

time = 1
tr_loss: 0.563329, tr_score: 0.725000
va_loss: 0.560319, va_score: 0.700000
te_loss: 0.538043, te_score: 0.750000

time = 1
tr_loss: 0.561568, tr_score: 0.713750
va_loss: 0.552116, va_score: 0.670000
te_loss: 0.606270, te_score: 0.660000

time = 1
tr_loss: 0.586561, tr_score: 0.710000
va_loss: 0.603057, va_score: 0.660000
te_loss: 0.569382, te_score: 0.740000

time = 1
tr_loss: 0.593500, tr_score: 0.713750
va_loss: 0.535884, va_score: 0.780000
te_loss: 0.639594, te_score: 0.670000

time = 1
tr_loss: 0.577847, tr_score: 0.703750
va_loss: 0.549263, va_score: 0.770000
te_loss: 0.537265, te_score: 0.750000

======================================================
1  Seed:  [8640.  888. 4066.  552. 1437. 6591. 8969.  824. 8811.  938.  550. 9822.
 6241. 3057. 1352. 8361. 5326. 3377. 2314. 8889.]
tr_loss: 0.583684, tr_score: 0.708062
va_loss: 0.587005, va_score: 0.703500
te_loss: 0.582320, te_score: 0.716000
time = 2
tr_loss: 0.597430, tr_score: 0.701250
va_loss: 0.588776, va_score: 0.700000
te_loss: 0.632263, te_score: 0.680000

time = 2
tr_loss: 0.590950, tr_score: 0.715000
va_loss: 0.545743, va_score: 0.760000
te_loss: 0.617507, te_score: 0.700000

time = 2
tr_loss: 0.600725, tr_score: 0.695000
va_loss: 0.549554, va_score: 0.740000
te_loss: 0.580878, te_score: 0.700000

time = 2
tr_loss: 0.602600, tr_score: 0.696250
va_loss: 0.600355, va_score: 0.690000
te_loss: 0.556625, te_score: 0.740000

time = 2
tr_loss: 0.594971, tr_score: 0.693750
va_loss: 0.570730, va_score: 0.700000
te_loss: 0.534350, te_score: 0.720000

time = 2
tr_loss: 0.579929, tr_score: 0.706250
va_loss: 0.598889, va_score: 0.680000
te_loss: 0.706328, te_score: 0.600000

time = 2
tr_loss: 0.570584, tr_score: 0.717500
va_loss: 0.655702, va_score: 0.630000
te_loss: 0.611787, te_score: 0.710000

time = 2
tr_loss: 0.683487, tr_score: 0.686250
va_loss: 0.561312, va_score: 0.780000
te_loss: 0.595913, te_score: 0.730000

time = 2
tr_loss: 0.557864, tr_score: 0.735000
va_loss: 0.548690, va_score: 0.720000
te_loss: 0.619982, te_score: 0.680000

time = 2
tr_loss: 0.581206, tr_score: 0.695000
va_loss: 0.549767, va_score: 0.750000
te_loss: 0.581360, te_score: 0.690000

time = 2
tr_loss: 0.583705, tr_score: 0.706250
va_loss: 0.595330, va_score: 0.690000
te_loss: 0.629075, te_score: 0.650000

time = 2
tr_loss: 0.591563, tr_score: 0.701250
va_loss: 0.586978, va_score: 0.730000
te_loss: 0.532928, te_score: 0.790000

time = 2
tr_loss: 0.602245, tr_score: 0.697500
va_loss: 0.594849, va_score: 0.730000
te_loss: 0.597688, te_score: 0.690000

time = 2
tr_loss: 0.564201, tr_score: 0.708750
va_loss: 0.546196, va_score: 0.720000
te_loss: 0.547892, te_score: 0.710000

time = 2
tr_loss: 0.551785, tr_score: 0.716250
va_loss: 0.590811, va_score: 0.660000
te_loss: 0.558489, te_score: 0.730000

time = 2
tr_loss: 0.598728, tr_score: 0.725000
va_loss: 0.533390, va_score: 0.780000
te_loss: 0.575271, te_score: 0.780000

time = 2
tr_loss: 0.606820, tr_score: 0.678750
va_loss: 0.606791, va_score: 0.660000
te_loss: 0.617676, te_score: 0.680000

time = 2
tr_loss: 0.603867, tr_score: 0.691250
va_loss: 0.600223, va_score: 0.670000
te_loss: 0.560262, te_score: 0.750000

time = 2
tr_loss: 0.467915, tr_score: 0.778750
va_loss: 0.444842, va_score: 0.810000
te_loss: 0.482376, te_score: 0.770000

time = 2
tr_loss: 0.583039, tr_score: 0.706250
va_loss: 0.586067, va_score: 0.690000
te_loss: 0.589184, te_score: 0.670000

======================================================
2  Seed:  [5478. 7027. 2150. 7559. 3662. 2043. 8598. 4158. 6442. 4398. 3939. 9768.
 5143. 2231.  162. 6860. 3496. 7749. 2530. 2730.]
tr_loss: 0.585681, tr_score: 0.707562
va_loss: 0.572750, va_score: 0.714500
te_loss: 0.586392, te_score: 0.708500
time = 3
tr_loss: 0.576547, tr_score: 0.705000
va_loss: 0.627323, va_score: 0.690000
te_loss: 0.591187, te_score: 0.700000

time = 3
tr_loss: 0.609573, tr_score: 0.715000
va_loss: 0.657246, va_score: 0.650000
te_loss: 0.592590, te_score: 0.730000

time = 3
tr_loss: 0.604257, tr_score: 0.692500
va_loss: 0.639670, va_score: 0.670000
te_loss: 0.657428, te_score: 0.650000

time = 3
tr_loss: 0.655871, tr_score: 0.685000
va_loss: 0.536495, va_score: 0.770000
te_loss: 0.644912, te_score: 0.710000

time = 3
tr_loss: 0.563706, tr_score: 0.717500
va_loss: 0.586882, va_score: 0.710000
te_loss: 0.604440, te_score: 0.720000

time = 3
tr_loss: 0.574259, tr_score: 0.700000
va_loss: 0.531227, va_score: 0.760000
te_loss: 0.592246, te_score: 0.640000

time = 3
tr_loss: 0.570451, tr_score: 0.721250
va_loss: 0.657031, va_score: 0.650000
te_loss: 0.592813, te_score: 0.700000

time = 3
tr_loss: 0.560479, tr_score: 0.725000
va_loss: 0.632848, va_score: 0.640000
te_loss: 0.622723, te_score: 0.640000

time = 3
tr_loss: 0.549859, tr_score: 0.727500
va_loss: 0.630890, va_score: 0.670000
te_loss: 0.564388, te_score: 0.730000

time = 3
tr_loss: 0.595685, tr_score: 0.697500
va_loss: 0.584689, va_score: 0.710000
te_loss: 0.595004, te_score: 0.710000

time = 3
tr_loss: 0.571094, tr_score: 0.717500
va_loss: 0.615113, va_score: 0.720000
te_loss: 0.544539, te_score: 0.700000

time = 3
tr_loss: 0.576636, tr_score: 0.716250
va_loss: 0.566569, va_score: 0.740000
te_loss: 0.606589, te_score: 0.710000

time = 3
tr_loss: 0.572290, tr_score: 0.715000
va_loss: 0.563575, va_score: 0.740000
te_loss: 0.591065, te_score: 0.700000

time = 3
tr_loss: 0.590050, tr_score: 0.712500
va_loss: 0.614044, va_score: 0.640000
te_loss: 0.518462, te_score: 0.760000

time = 3
tr_loss: 0.607585, tr_score: 0.712500
va_loss: 0.652132, va_score: 0.650000
te_loss: 0.618421, te_score: 0.710000

time = 3
tr_loss: 0.577505, tr_score: 0.707500
va_loss: 0.587864, va_score: 0.690000
te_loss: 0.570859, te_score: 0.730000

time = 3
tr_loss: 0.583289, tr_score: 0.717500
va_loss: 0.581178, va_score: 0.690000
te_loss: 0.630847, te_score: 0.670000

time = 3
tr_loss: 0.588024, tr_score: 0.698750
va_loss: 0.715268, va_score: 0.570000
te_loss: 0.608626, te_score: 0.690000

time = 3
tr_loss: 0.513377, tr_score: 0.753750
va_loss: 0.580499, va_score: 0.680000
te_loss: 0.488484, te_score: 0.770000

time = 3
tr_loss: 0.583289, tr_score: 0.715000
va_loss: 0.616734, va_score: 0.690000
te_loss: 0.602942, te_score: 0.730000

======================================================
3  Seed:  [6469. 3301. 7178. 4323. 9525.  454. 7215. 4562. 5178. 3971. 9338. 3960.
 2970. 9630. 2254.  396. 4264. 8949. 7913. 1289.]
tr_loss: 0.581191, tr_score: 0.712625
va_loss: 0.608864, va_score: 0.686500
te_loss: 0.591928, te_score: 0.705000
time = 4
tr_loss: 0.604654, tr_score: 0.700000
va_loss: 0.550908, va_score: 0.800000
te_loss: 0.567103, te_score: 0.750000

time = 4
tr_loss: 0.579181, tr_score: 0.706250
va_loss: 0.566032, va_score: 0.750000
te_loss: 0.545934, te_score: 0.720000

time = 4
tr_loss: 0.606056, tr_score: 0.715000
va_loss: 0.590313, va_score: 0.740000
te_loss: 0.623025, te_score: 0.690000

time = 4
tr_loss: 0.588594, tr_score: 0.698750
va_loss: 0.544611, va_score: 0.760000
te_loss: 0.615590, te_score: 0.660000

time = 4
tr_loss: 0.607552, tr_score: 0.703750
va_loss: 0.634270, va_score: 0.670000
te_loss: 0.600678, te_score: 0.700000

time = 4
tr_loss: 0.583944, tr_score: 0.702500
va_loss: 0.571372, va_score: 0.680000
te_loss: 0.548456, te_score: 0.750000

time = 4
tr_loss: 0.568367, tr_score: 0.733750
va_loss: 0.595781, va_score: 0.700000
te_loss: 0.577974, te_score: 0.700000

time = 4
tr_loss: 0.592818, tr_score: 0.716250
va_loss: 0.660757, va_score: 0.600000
te_loss: 0.558627, te_score: 0.770000

time = 4
tr_loss: 0.576418, tr_score: 0.720000
va_loss: 0.645713, va_score: 0.660000
te_loss: 0.549171, te_score: 0.760000

time = 4
tr_loss: 0.560860, tr_score: 0.720000
va_loss: 0.563836, va_score: 0.720000
te_loss: 0.564161, te_score: 0.740000

time = 4
tr_loss: 0.565197, tr_score: 0.713750
va_loss: 0.609254, va_score: 0.670000
te_loss: 0.572028, te_score: 0.740000

time = 4
tr_loss: 0.601852, tr_score: 0.715000
va_loss: 0.587265, va_score: 0.700000
te_loss: 0.594041, te_score: 0.730000

time = 4
tr_loss: 0.580522, tr_score: 0.706250
va_loss: 0.501525, va_score: 0.800000
te_loss: 0.643706, te_score: 0.690000

time = 4
tr_loss: 0.669957, tr_score: 0.686250
va_loss: 0.619101, va_score: 0.760000
te_loss: 0.626690, te_score: 0.740000

time = 4
tr_loss: 0.574854, tr_score: 0.710000
va_loss: 0.565980, va_score: 0.710000
te_loss: 0.687572, te_score: 0.610000

time = 4
tr_loss: 0.593379, tr_score: 0.710000
va_loss: 0.535361, va_score: 0.780000
te_loss: 0.601039, te_score: 0.720000

time = 4
tr_loss: 0.586390, tr_score: 0.705000
va_loss: 0.553025, va_score: 0.750000
te_loss: 0.585580, te_score: 0.680000

time = 4
tr_loss: 0.562575, tr_score: 0.726250
va_loss: 0.560190, va_score: 0.710000
te_loss: 0.577676, te_score: 0.710000

time = 4
tr_loss: 0.593180, tr_score: 0.707500
va_loss: 0.665464, va_score: 0.630000
te_loss: 0.604855, te_score: 0.710000

time = 4
tr_loss: 0.599159, tr_score: 0.686250
va_loss: 0.604576, va_score: 0.690000
te_loss: 0.555762, te_score: 0.740000

======================================================
4  Seed:  [8744.  130. 2730. 2289. 3436.   91. 5431.  214. 1996. 7906. 4318. 5189.
 9458. 5884. 7590. 9032. 7937. 3024. 1021. 9551.]
tr_loss: 0.589775, tr_score: 0.709125
va_loss: 0.586267, va_score: 0.714000
te_loss: 0.589983, te_score: 0.715500
time = 5
tr_loss: 0.562555, tr_score: 0.711250
va_loss: 0.580251, va_score: 0.670000
te_loss: 0.595158, te_score: 0.670000

time = 5
tr_loss: 0.570796, tr_score: 0.713750
va_loss: 0.598329, va_score: 0.700000
te_loss: 0.536129, te_score: 0.730000

time = 5
tr_loss: 0.573823, tr_score: 0.721250
va_loss: 0.592492, va_score: 0.650000
te_loss: 0.581427, te_score: 0.690000

time = 5
tr_loss: 0.586869, tr_score: 0.703750
va_loss: 0.605069, va_score: 0.680000
te_loss: 0.573821, te_score: 0.710000

time = 5
tr_loss: 0.522013, tr_score: 0.732500
va_loss: 0.583554, va_score: 0.710000
te_loss: 0.468004, te_score: 0.780000

time = 5
tr_loss: 0.558128, tr_score: 0.741250
va_loss: 0.522396, va_score: 0.750000
te_loss: 0.483896, te_score: 0.780000

time = 5
tr_loss: 0.579109, tr_score: 0.705000
va_loss: 0.513141, va_score: 0.760000
te_loss: 0.596170, te_score: 0.720000

time = 5
tr_loss: 0.567227, tr_score: 0.705000
va_loss: 0.563787, va_score: 0.700000
te_loss: 0.552014, te_score: 0.730000

time = 5
tr_loss: 0.591503, tr_score: 0.716250
va_loss: 0.606781, va_score: 0.700000
te_loss: 0.570789, te_score: 0.740000

time = 5
tr_loss: 0.594373, tr_score: 0.690000
va_loss: 0.569119, va_score: 0.720000
te_loss: 0.563000, te_score: 0.740000

time = 5
tr_loss: 0.665698, tr_score: 0.688750
va_loss: 0.722907, va_score: 0.580000
te_loss: 0.616628, te_score: 0.730000

time = 5
tr_loss: 0.582815, tr_score: 0.701250
va_loss: 0.506186, va_score: 0.780000
te_loss: 0.554369, te_score: 0.750000

time = 5
tr_loss: 0.586815, tr_score: 0.692500
va_loss: 0.566402, va_score: 0.740000
te_loss: 0.559410, te_score: 0.700000

time = 5
tr_loss: 0.581916, tr_score: 0.710000
va_loss: 0.576124, va_score: 0.740000
te_loss: 0.619523, te_score: 0.650000

time = 5
tr_loss: 0.578503, tr_score: 0.722500
va_loss: 0.615929, va_score: 0.700000
te_loss: 0.619489, te_score: 0.670000

time = 5
tr_loss: 0.609030, tr_score: 0.698750
va_loss: 0.519808, va_score: 0.770000
te_loss: 0.681503, te_score: 0.630000

time = 5
tr_loss: 0.561457, tr_score: 0.710000
va_loss: 0.637516, va_score: 0.670000
te_loss: 0.589900, te_score: 0.700000

time = 5
tr_loss: 0.618266, tr_score: 0.692500
va_loss: 0.566902, va_score: 0.780000
te_loss: 0.618211, te_score: 0.680000

time = 5
tr_loss: 0.595016, tr_score: 0.706250
va_loss: 0.534056, va_score: 0.810000
te_loss: 0.687196, te_score: 0.620000

time = 5
tr_loss: 0.570990, tr_score: 0.707500
va_loss: 0.601014, va_score: 0.680000
te_loss: 0.617770, te_score: 0.670000

======================================================
5  Seed:  [1237. 6412. 2121. 6405. 4525. 1302. 1340. 7513. 9914. 1173. 2339. 2687.
 5417. 1769. 4522. 4161. 3470. 2003. 6862. 6659.]
tr_loss: 0.582845, tr_score: 0.708500
va_loss: 0.579088, va_score: 0.714500
te_loss: 0.584220, te_score: 0.704500
time = 6
tr_loss: 0.589882, tr_score: 0.692500
va_loss: 0.535987, va_score: 0.740000
te_loss: 0.595029, te_score: 0.700000

time = 6
tr_loss: 0.570736, tr_score: 0.710000
va_loss: 0.614985, va_score: 0.690000
te_loss: 0.588094, te_score: 0.690000

time = 6
tr_loss: 0.569083, tr_score: 0.712500
va_loss: 0.561955, va_score: 0.700000
te_loss: 0.649037, te_score: 0.680000

time = 6
tr_loss: 0.583544, tr_score: 0.720000
va_loss: 0.565790, va_score: 0.740000
te_loss: 0.599926, te_score: 0.690000

time = 6
tr_loss: 0.559324, tr_score: 0.722500
va_loss: 0.608644, va_score: 0.700000
te_loss: 0.532784, te_score: 0.750000

time = 6
tr_loss: 0.569818, tr_score: 0.731250
va_loss: 0.645381, va_score: 0.670000
te_loss: 0.685270, te_score: 0.600000

time = 6
tr_loss: 0.604398, tr_score: 0.701250
va_loss: 0.624673, va_score: 0.670000
te_loss: 0.555877, te_score: 0.730000

time = 6
tr_loss: 0.549374, tr_score: 0.732500
va_loss: 0.609132, va_score: 0.660000
te_loss: 0.543590, te_score: 0.780000

time = 6
tr_loss: 0.623500, tr_score: 0.697500
va_loss: 0.559791, va_score: 0.770000
te_loss: 0.580982, te_score: 0.740000

time = 6
tr_loss: 0.574011, tr_score: 0.725000
va_loss: 0.552930, va_score: 0.750000
te_loss: 0.615070, te_score: 0.620000

time = 6
tr_loss: 0.533373, tr_score: 0.737500
va_loss: 0.550833, va_score: 0.700000
te_loss: 0.599435, te_score: 0.650000

time = 6
tr_loss: 0.597981, tr_score: 0.696250
va_loss: 0.619116, va_score: 0.700000
te_loss: 0.627931, te_score: 0.680000

time = 6
tr_loss: 0.574351, tr_score: 0.703750
va_loss: 0.553753, va_score: 0.730000
te_loss: 0.609008, te_score: 0.670000

time = 6
tr_loss: 0.547185, tr_score: 0.733750
va_loss: 0.557209, va_score: 0.750000
te_loss: 0.501069, te_score: 0.760000

time = 6
tr_loss: 0.568960, tr_score: 0.713750
va_loss: 0.584800, va_score: 0.700000
te_loss: 0.599251, te_score: 0.660000

time = 6
tr_loss: 0.555102, tr_score: 0.718750
va_loss: 0.591689, va_score: 0.700000
te_loss: 0.562118, te_score: 0.740000

time = 6
tr_loss: 0.541604, tr_score: 0.731250
va_loss: 0.558261, va_score: 0.740000
te_loss: 0.559243, te_score: 0.740000

time = 6
tr_loss: 0.599563, tr_score: 0.690000
va_loss: 0.524670, va_score: 0.760000
te_loss: 0.570915, te_score: 0.740000

time = 6
tr_loss: 0.496764, tr_score: 0.758750
va_loss: 0.505658, va_score: 0.780000
te_loss: 0.563546, te_score: 0.760000

time = 6
tr_loss: 0.538466, tr_score: 0.712500
va_loss: 0.586521, va_score: 0.690000
te_loss: 0.540874, te_score: 0.740000

======================================================
6  Seed:  [7694. 6294. 7622. 3529.   96. 7204. 5217. 3436.  887. 8110. 7803. 3805.
 1114. 2222. 9584. 2008. 1959. 4210.  576. 6097.]
tr_loss: 0.567351, tr_score: 0.717063
va_loss: 0.575589, va_score: 0.717000
te_loss: 0.583953, te_score: 0.706000
time = 7
tr_loss: 0.585338, tr_score: 0.715000
va_loss: 0.602211, va_score: 0.710000
te_loss: 0.505728, te_score: 0.800000

time = 7
tr_loss: 0.564799, tr_score: 0.728750
va_loss: 0.541502, va_score: 0.750000
te_loss: 0.556404, te_score: 0.730000

time = 7
tr_loss: 0.593404, tr_score: 0.691250
va_loss: 0.533118, va_score: 0.740000
te_loss: 0.560375, te_score: 0.750000

time = 7
tr_loss: 0.569754, tr_score: 0.720000
va_loss: 0.552977, va_score: 0.740000
te_loss: 0.575818, te_score: 0.710000

time = 7
tr_loss: 0.594746, tr_score: 0.698750
va_loss: 0.564096, va_score: 0.740000
te_loss: 0.558618, te_score: 0.740000

time = 7
tr_loss: 0.552719, tr_score: 0.715000
va_loss: 0.634127, va_score: 0.640000
te_loss: 0.556865, te_score: 0.700000

time = 7
tr_loss: 0.613052, tr_score: 0.702500
va_loss: 0.617221, va_score: 0.670000
te_loss: 0.557897, te_score: 0.780000

time = 7
tr_loss: 0.547327, tr_score: 0.732500
va_loss: 0.575892, va_score: 0.690000
te_loss: 0.635394, te_score: 0.650000

time = 7
tr_loss: 0.550930, tr_score: 0.732500
va_loss: 0.605784, va_score: 0.720000
te_loss: 0.553984, te_score: 0.720000

time = 7
tr_loss: 0.586879, tr_score: 0.711250
va_loss: 0.589274, va_score: 0.710000
te_loss: 0.566742, te_score: 0.740000

time = 7
tr_loss: 0.591775, tr_score: 0.700000
va_loss: 0.600651, va_score: 0.710000
te_loss: 0.610140, te_score: 0.690000

time = 7
tr_loss: 0.517431, tr_score: 0.745000
va_loss: 0.563512, va_score: 0.690000
te_loss: 0.421872, te_score: 0.840000

time = 7
tr_loss: 0.679934, tr_score: 0.668750
va_loss: 0.808833, va_score: 0.550000
te_loss: 0.737367, te_score: 0.610000

time = 7
tr_loss: 0.577003, tr_score: 0.708750
va_loss: 0.542772, va_score: 0.740000
te_loss: 0.606434, te_score: 0.710000

time = 7
tr_loss: 0.559574, tr_score: 0.717500
va_loss: 0.636959, va_score: 0.700000
te_loss: 0.642637, te_score: 0.640000

time = 7
tr_loss: 0.577011, tr_score: 0.696250
va_loss: 0.615073, va_score: 0.710000
te_loss: 0.571405, te_score: 0.710000

time = 7
tr_loss: 0.576640, tr_score: 0.725000
va_loss: 0.589461, va_score: 0.710000
te_loss: 0.627747, te_score: 0.660000

time = 7
tr_loss: 0.553037, tr_score: 0.718750
va_loss: 0.545608, va_score: 0.710000
te_loss: 0.642982, te_score: 0.640000

time = 7
tr_loss: 0.591221, tr_score: 0.708750
va_loss: 0.579567, va_score: 0.700000
te_loss: 0.619886, te_score: 0.740000

time = 7
tr_loss: 0.576701, tr_score: 0.690000
va_loss: 0.559809, va_score: 0.710000
te_loss: 0.557874, te_score: 0.750000

======================================================
7  Seed:  [ 667. 3641. 1333. 4721. 6871. 9519. 4778.  927. 8338.   13. 3683. 6570.
 1422. 3821. 5722.  599. 3527. 1784. 1921. 2070.]
tr_loss: 0.577964, tr_score: 0.711312
va_loss: 0.592922, va_score: 0.702000
te_loss: 0.583308, te_score: 0.715500
time = 8
tr_loss: 0.623881, tr_score: 0.692500
va_loss: 0.642456, va_score: 0.690000
te_loss: 0.548398, te_score: 0.790000

time = 8
tr_loss: 0.582096, tr_score: 0.718750
va_loss: 0.743998, va_score: 0.580000
te_loss: 0.546198, te_score: 0.750000

time = 8
tr_loss: 0.572573, tr_score: 0.710000
va_loss: 0.598338, va_score: 0.700000
te_loss: 0.566480, te_score: 0.720000

time = 8
tr_loss: 0.557824, tr_score: 0.710000
va_loss: 0.589022, va_score: 0.710000
te_loss: 0.514409, te_score: 0.750000

time = 8
tr_loss: 0.580983, tr_score: 0.700000
va_loss: 0.574300, va_score: 0.700000
te_loss: 0.532474, te_score: 0.740000

time = 8
tr_loss: 0.556793, tr_score: 0.736250
va_loss: 0.605338, va_score: 0.680000
te_loss: 0.558796, te_score: 0.690000

time = 8
tr_loss: 0.559587, tr_score: 0.720000
va_loss: 0.553801, va_score: 0.710000
te_loss: 0.564626, te_score: 0.730000

time = 8
tr_loss: 0.589150, tr_score: 0.701250
va_loss: 0.532160, va_score: 0.780000
te_loss: 0.587198, te_score: 0.730000

time = 8
tr_loss: 0.603668, tr_score: 0.701250
va_loss: 0.633958, va_score: 0.690000
te_loss: 0.546738, te_score: 0.770000

time = 8
tr_loss: 0.603538, tr_score: 0.700000
va_loss: 0.668326, va_score: 0.690000
te_loss: 0.599883, te_score: 0.730000

time = 8
tr_loss: 0.614143, tr_score: 0.681250
va_loss: 0.542964, va_score: 0.770000
te_loss: 0.528904, te_score: 0.780000

time = 8
tr_loss: 0.612317, tr_score: 0.698750
va_loss: 0.556928, va_score: 0.760000
te_loss: 0.646753, te_score: 0.650000

time = 8
tr_loss: 0.576604, tr_score: 0.720000
va_loss: 0.613876, va_score: 0.670000
te_loss: 0.566361, te_score: 0.700000

time = 8
tr_loss: 0.586064, tr_score: 0.686250
va_loss: 0.532412, va_score: 0.680000
te_loss: 0.556212, te_score: 0.660000

time = 8
tr_loss: 0.592024, tr_score: 0.703750
va_loss: 0.621382, va_score: 0.710000
te_loss: 0.599323, te_score: 0.720000

time = 8
tr_loss: 0.584667, tr_score: 0.730000
va_loss: 0.528090, va_score: 0.710000
te_loss: 0.705734, te_score: 0.590000

time = 8
tr_loss: 0.618328, tr_score: 0.703750
va_loss: 0.676015, va_score: 0.660000
te_loss: 0.651108, te_score: 0.670000

time = 8
tr_loss: 0.574412, tr_score: 0.718750
va_loss: 0.548634, va_score: 0.740000
te_loss: 0.587056, te_score: 0.720000

time = 8
tr_loss: 0.566404, tr_score: 0.703750
va_loss: 0.567898, va_score: 0.710000
te_loss: 0.577613, te_score: 0.740000

time = 8
tr_loss: 0.537941, tr_score: 0.727500
va_loss: 0.577172, va_score: 0.720000
te_loss: 0.662388, te_score: 0.620000

======================================================
8  Seed:  [4860. 8426. 6918. 8393. 2977. 1581. 7001.  814. 5947. 4477. 3311. 7270.
 5082. 4712. 7103. 6080. 5821. 8708. 4579. 2324.]
tr_loss: 0.584650, tr_score: 0.708187
va_loss: 0.595353, va_score: 0.703000
te_loss: 0.582333, te_score: 0.712500
time = 9
tr_loss: 0.578111, tr_score: 0.705000
va_loss: 0.554777, va_score: 0.710000
te_loss: 0.550614, te_score: 0.690000

time = 9
tr_loss: 0.567657, tr_score: 0.720000
va_loss: 0.651674, va_score: 0.620000
te_loss: 0.579209, te_score: 0.700000

time = 9
tr_loss: 0.590944, tr_score: 0.712500
va_loss: 0.582864, va_score: 0.720000
te_loss: 0.629147, te_score: 0.680000

time = 9
tr_loss: 0.577471, tr_score: 0.701250
va_loss: 0.566082, va_score: 0.740000
te_loss: 0.604180, te_score: 0.680000

time = 9
tr_loss: 0.573520, tr_score: 0.711250
va_loss: 0.565781, va_score: 0.740000
te_loss: 0.714915, te_score: 0.600000

time = 9
tr_loss: 0.556091, tr_score: 0.725000
va_loss: 0.519786, va_score: 0.740000
te_loss: 0.595351, te_score: 0.680000

time = 9
tr_loss: 0.600197, tr_score: 0.693750
va_loss: 0.563248, va_score: 0.730000
te_loss: 0.577704, te_score: 0.720000

time = 9
tr_loss: 0.546666, tr_score: 0.722500
va_loss: 0.554363, va_score: 0.730000
te_loss: 0.597945, te_score: 0.700000

time = 9
tr_loss: 0.595203, tr_score: 0.696250
va_loss: 0.566757, va_score: 0.710000
te_loss: 0.546629, te_score: 0.750000

time = 9
tr_loss: 0.564084, tr_score: 0.707500
va_loss: 0.607095, va_score: 0.650000
te_loss: 0.582528, te_score: 0.730000

time = 9
tr_loss: 0.577373, tr_score: 0.725000
va_loss: 0.563265, va_score: 0.740000
te_loss: 0.598185, te_score: 0.700000

time = 9
tr_loss: 0.639534, tr_score: 0.682500
va_loss: 0.573469, va_score: 0.730000
te_loss: 0.599790, te_score: 0.750000

time = 9
tr_loss: 0.560993, tr_score: 0.720000
va_loss: 0.565957, va_score: 0.700000
te_loss: 0.513728, te_score: 0.750000

time = 9
tr_loss: 0.570131, tr_score: 0.728750
va_loss: 0.558930, va_score: 0.740000
te_loss: 0.551639, te_score: 0.750000

time = 9
tr_loss: 0.590988, tr_score: 0.718750
va_loss: 0.679584, va_score: 0.620000
te_loss: 0.654329, te_score: 0.660000

time = 9
tr_loss: 0.559940, tr_score: 0.728750
va_loss: 0.533115, va_score: 0.750000
te_loss: 0.548342, te_score: 0.780000

time = 9
tr_loss: 0.592840, tr_score: 0.706250
va_loss: 0.599318, va_score: 0.720000
te_loss: 0.592589, te_score: 0.680000

time = 9
tr_loss: 0.577400, tr_score: 0.722500
va_loss: 0.597648, va_score: 0.690000
te_loss: 0.641315, te_score: 0.660000

time = 9
tr_loss: 0.566437, tr_score: 0.720000
va_loss: 0.556158, va_score: 0.720000
te_loss: 0.577812, te_score: 0.710000

time = 9
tr_loss: 0.615088, tr_score: 0.698750
va_loss: 0.581714, va_score: 0.730000
te_loss: 0.589433, te_score: 0.710000

======================================================
9  Seed:  [9948.  542.  232.  666. 5686. 1955. 6679. 1732. 8003. 9621. 2645. 4622.
 2831. 7236. 6932. 8781. 1798. 9886. 2715. 5559.]
tr_loss: 0.580033, tr_score: 0.712313
va_loss: 0.577079, va_score: 0.711500
te_loss: 0.592269, te_score: 0.704000
time = 10
tr_loss: 0.592486, tr_score: 0.716250
va_loss: 0.586219, va_score: 0.740000
te_loss: 0.559217, te_score: 0.750000

time = 10
tr_loss: 0.617515, tr_score: 0.702500
va_loss: 0.592447, va_score: 0.710000
te_loss: 0.622775, te_score: 0.740000

time = 10
tr_loss: 0.583141, tr_score: 0.702500
va_loss: 0.567706, va_score: 0.750000
te_loss: 0.673365, te_score: 0.640000

time = 10
tr_loss: 0.591395, tr_score: 0.687500
va_loss: 0.541411, va_score: 0.770000
te_loss: 0.537992, te_score: 0.730000

time = 10
tr_loss: 0.590620, tr_score: 0.695000
va_loss: 0.576945, va_score: 0.690000
te_loss: 0.534625, te_score: 0.760000

time = 10
tr_loss: 0.576168, tr_score: 0.687500
va_loss: 0.557084, va_score: 0.710000
te_loss: 0.560784, te_score: 0.700000

time = 10
tr_loss: 0.592198, tr_score: 0.700000
va_loss: 0.541312, va_score: 0.780000
te_loss: 0.567081, te_score: 0.720000

time = 10
tr_loss: 0.588779, tr_score: 0.665000
va_loss: 0.461134, va_score: 0.810000
te_loss: 0.585838, te_score: 0.670000

time = 10
tr_loss: 0.579028, tr_score: 0.713750
va_loss: 0.610910, va_score: 0.710000
te_loss: 0.606014, te_score: 0.700000

time = 10
tr_loss: 0.575788, tr_score: 0.707500
va_loss: 0.596105, va_score: 0.720000
te_loss: 0.561110, te_score: 0.740000

time = 10
tr_loss: 0.572376, tr_score: 0.708750
va_loss: 0.577280, va_score: 0.660000
te_loss: 0.543695, te_score: 0.740000

time = 10
tr_loss: 0.636794, tr_score: 0.667500
va_loss: 0.717846, va_score: 0.560000
te_loss: 0.639560, te_score: 0.650000

time = 10
tr_loss: 0.606517, tr_score: 0.696250
va_loss: 0.602733, va_score: 0.710000
te_loss: 0.604183, te_score: 0.720000

time = 10
tr_loss: 0.590559, tr_score: 0.693750
va_loss: 0.544485, va_score: 0.740000
te_loss: 0.527909, te_score: 0.790000

time = 10
tr_loss: 0.537263, tr_score: 0.740000
va_loss: 0.563059, va_score: 0.650000
te_loss: 0.622924, te_score: 0.660000

time = 10
tr_loss: 0.581427, tr_score: 0.685000
va_loss: 0.575786, va_score: 0.740000
te_loss: 0.558158, te_score: 0.750000

time = 10
tr_loss: 0.606043, tr_score: 0.690000
va_loss: 0.513918, va_score: 0.750000
te_loss: 0.575258, te_score: 0.720000

time = 10
tr_loss: 0.583971, tr_score: 0.718750
va_loss: 0.615224, va_score: 0.640000
te_loss: 0.585254, te_score: 0.700000

time = 10
tr_loss: 0.541205, tr_score: 0.737500
va_loss: 0.490210, va_score: 0.750000
te_loss: 0.568838, te_score: 0.710000

time = 10
tr_loss: 0.568871, tr_score: 0.726250
va_loss: 0.681582, va_score: 0.620000
te_loss: 0.588420, te_score: 0.690000

======================================================
10  Seed:  [9217. 8758. 9318. 9902. 9257. 5433. 4194. 5342. 6064. 1182. 7632. 9724.
 4507. 4141. 7028. 4431.  710. 9505. 6403. 3797.]
tr_loss: 0.585607, tr_score: 0.702063
va_loss: 0.575670, va_score: 0.710500
te_loss: 0.581150, te_score: 0.714000
time = 11
tr_loss: 0.602759, tr_score: 0.691250
va_loss: 0.492846, va_score: 0.820000
te_loss: 0.643880, te_score: 0.650000

time = 11
tr_loss: 0.627363, tr_score: 0.707500
va_loss: 0.652827, va_score: 0.670000
te_loss: 0.629640, te_score: 0.660000

time = 11
tr_loss: 0.583166, tr_score: 0.698750
va_loss: 0.596700, va_score: 0.670000
te_loss: 0.577607, te_score: 0.720000

time = 11
tr_loss: 0.561769, tr_score: 0.711250
va_loss: 0.586183, va_score: 0.680000
te_loss: 0.536875, te_score: 0.730000

time = 11
tr_loss: 0.503189, tr_score: 0.748750
va_loss: 0.566131, va_score: 0.740000
te_loss: 0.560347, te_score: 0.700000

time = 11
tr_loss: 0.585374, tr_score: 0.708750
va_loss: 0.584116, va_score: 0.700000
te_loss: 0.568545, te_score: 0.730000

time = 11
tr_loss: 0.624170, tr_score: 0.717500
va_loss: 0.741556, va_score: 0.630000
te_loss: 0.665878, te_score: 0.660000

time = 11
tr_loss: 0.581950, tr_score: 0.691250
va_loss: 0.479316, va_score: 0.790000
te_loss: 0.595765, te_score: 0.680000

time = 11
tr_loss: 0.524767, tr_score: 0.742500
va_loss: 0.588633, va_score: 0.720000
te_loss: 0.554310, te_score: 0.690000

time = 11
tr_loss: 0.545284, tr_score: 0.732500
va_loss: 0.585811, va_score: 0.690000
te_loss: 0.572247, te_score: 0.710000

time = 11
tr_loss: 0.540981, tr_score: 0.723750
va_loss: 0.587143, va_score: 0.670000
te_loss: 0.471494, te_score: 0.790000

time = 11
tr_loss: 0.553951, tr_score: 0.737500
va_loss: 0.626929, va_score: 0.640000
te_loss: 0.683203, te_score: 0.590000

time = 11
tr_loss: 0.566481, tr_score: 0.712500
va_loss: 0.576151, va_score: 0.680000
te_loss: 0.642347, te_score: 0.640000

time = 11
tr_loss: 0.569071, tr_score: 0.720000
va_loss: 0.506148, va_score: 0.740000
te_loss: 0.649525, te_score: 0.650000

time = 11
tr_loss: 0.578625, tr_score: 0.693750
va_loss: 0.568321, va_score: 0.750000
te_loss: 0.611961, te_score: 0.700000

time = 11
tr_loss: 0.572514, tr_score: 0.708750
va_loss: 0.639238, va_score: 0.610000
te_loss: 0.545401, te_score: 0.720000

time = 11
tr_loss: 0.573103, tr_score: 0.698750
va_loss: 0.548450, va_score: 0.750000
te_loss: 0.609718, te_score: 0.680000

time = 11
tr_loss: 0.598218, tr_score: 0.690000
va_loss: 0.585486, va_score: 0.730000
te_loss: 0.645194, te_score: 0.650000

time = 11
tr_loss: 0.542913, tr_score: 0.742500
va_loss: 0.530186, va_score: 0.740000
te_loss: 0.631426, te_score: 0.660000

time = 11
tr_loss: 0.581574, tr_score: 0.707500
va_loss: 0.545886, va_score: 0.770000
te_loss: 0.634622, te_score: 0.660000

======================================================
11  Seed:  [ 276. 7096. 7576. 7225. 8005. 7496. 1258. 6191. 8489. 5152. 4572. 4247.
 5941. 8136.  978. 3169. 6643. 4121. 8439. 9382.]
tr_loss: 0.570861, tr_score: 0.714250
va_loss: 0.579403, va_score: 0.709500
te_loss: 0.601499, te_score: 0.683500
time = 12
tr_loss: 0.566449, tr_score: 0.721250
va_loss: 0.604400, va_score: 0.690000
te_loss: 0.563918, te_score: 0.730000

time = 12
tr_loss: 0.587490, tr_score: 0.705000
va_loss: 0.656940, va_score: 0.670000
te_loss: 0.550142, te_score: 0.760000

time = 12
tr_loss: 0.558256, tr_score: 0.736250
va_loss: 0.572404, va_score: 0.700000
te_loss: 0.615022, te_score: 0.680000

time = 12
tr_loss: 0.579752, tr_score: 0.718750
va_loss: 0.627743, va_score: 0.670000
te_loss: 0.704904, te_score: 0.610000

time = 12
tr_loss: 0.610248, tr_score: 0.690000
va_loss: 0.573666, va_score: 0.680000
te_loss: 0.658198, te_score: 0.650000

time = 12
tr_loss: 0.583015, tr_score: 0.700000
va_loss: 0.608919, va_score: 0.710000
te_loss: 0.627140, te_score: 0.700000

time = 12
tr_loss: 0.561486, tr_score: 0.720000
va_loss: 0.667952, va_score: 0.590000
te_loss: 0.639945, te_score: 0.640000

time = 12
tr_loss: 0.543788, tr_score: 0.731250
va_loss: 0.572525, va_score: 0.700000
te_loss: 0.575222, te_score: 0.690000

time = 12
tr_loss: 0.558080, tr_score: 0.718750
va_loss: 0.568931, va_score: 0.720000
te_loss: 0.607866, te_score: 0.670000

time = 12
tr_loss: 0.599041, tr_score: 0.710000
va_loss: 0.631253, va_score: 0.670000
te_loss: 0.615904, te_score: 0.660000

time = 12
tr_loss: 0.584804, tr_score: 0.710000
va_loss: 0.601712, va_score: 0.700000
te_loss: 0.614114, te_score: 0.670000

time = 12
tr_loss: 0.562583, tr_score: 0.702500
va_loss: 0.498600, va_score: 0.740000
te_loss: 0.546693, te_score: 0.710000

time = 12
tr_loss: 0.576353, tr_score: 0.706250
va_loss: 0.597746, va_score: 0.690000
te_loss: 0.621728, te_score: 0.670000

time = 12
tr_loss: 0.621455, tr_score: 0.690000
va_loss: 0.594179, va_score: 0.730000
te_loss: 0.601731, te_score: 0.740000

time = 12
tr_loss: 0.568751, tr_score: 0.710000
va_loss: 0.583414, va_score: 0.730000
te_loss: 0.609104, te_score: 0.670000

time = 12
tr_loss: 0.578826, tr_score: 0.711250
va_loss: 0.599488, va_score: 0.670000
te_loss: 0.585925, te_score: 0.700000

time = 12
tr_loss: 0.589911, tr_score: 0.703750
va_loss: 0.664182, va_score: 0.650000
te_loss: 0.556059, te_score: 0.750000

time = 12
tr_loss: 0.574666, tr_score: 0.702500
va_loss: 0.630615, va_score: 0.680000
te_loss: 0.557877, te_score: 0.730000

time = 12
tr_loss: 0.592078, tr_score: 0.721250
va_loss: 0.614325, va_score: 0.710000
te_loss: 0.591271, te_score: 0.710000

time = 12
tr_loss: 0.522081, tr_score: 0.738750
va_loss: 0.573556, va_score: 0.670000
te_loss: 0.533189, te_score: 0.740000

======================================================
12  Seed:  [5995. 5359. 4959. 8841. 2084. 6283. 5803. 5547. 5856. 6466. 1029. 9406.
 1119. 6504. 6270.   89. 4601. 8528. 5236. 3309.]
tr_loss: 0.575956, tr_score: 0.712375
va_loss: 0.602127, va_score: 0.688500
te_loss: 0.598798, te_score: 0.694000
time = 13
tr_loss: 0.581491, tr_score: 0.698750
va_loss: 0.595769, va_score: 0.680000
te_loss: 0.582092, te_score: 0.740000

time = 13
tr_loss: 0.575660, tr_score: 0.722500
va_loss: 0.533012, va_score: 0.700000
te_loss: 0.594738, te_score: 0.720000

time = 13
tr_loss: 0.594854, tr_score: 0.701250
va_loss: 0.598157, va_score: 0.700000
te_loss: 0.734725, te_score: 0.590000

time = 13
tr_loss: 0.586633, tr_score: 0.716250
va_loss: 0.661288, va_score: 0.630000
te_loss: 0.558458, te_score: 0.730000

time = 13
tr_loss: 0.562539, tr_score: 0.715000
va_loss: 0.586412, va_score: 0.730000
te_loss: 0.573442, te_score: 0.730000

time = 13
tr_loss: 0.588502, tr_score: 0.708750
va_loss: 0.639288, va_score: 0.660000
te_loss: 0.606540, te_score: 0.680000

time = 13
tr_loss: 0.582265, tr_score: 0.716250
va_loss: 0.619207, va_score: 0.690000
te_loss: 0.588905, te_score: 0.710000

time = 13
tr_loss: 0.588342, tr_score: 0.702500
va_loss: 0.590101, va_score: 0.700000
te_loss: 0.614097, te_score: 0.690000

time = 13
tr_loss: 0.600081, tr_score: 0.692500
va_loss: 0.573921, va_score: 0.720000
te_loss: 0.549216, te_score: 0.760000

time = 13
tr_loss: 0.541635, tr_score: 0.720000
va_loss: 0.602441, va_score: 0.680000
te_loss: 0.489943, te_score: 0.760000

time = 13
tr_loss: 0.581016, tr_score: 0.730000
va_loss: 0.626772, va_score: 0.680000
te_loss: 0.734401, te_score: 0.620000

time = 13
tr_loss: 0.587468, tr_score: 0.697500
va_loss: 0.626205, va_score: 0.700000
te_loss: 0.599344, te_score: 0.670000

time = 13
tr_loss: 0.573439, tr_score: 0.725000
va_loss: 0.602370, va_score: 0.710000
te_loss: 0.565439, te_score: 0.710000

time = 13
tr_loss: 0.592743, tr_score: 0.717500
va_loss: 0.525092, va_score: 0.770000
te_loss: 0.589755, te_score: 0.710000

time = 13
tr_loss: 0.665999, tr_score: 0.665000
va_loss: 0.644189, va_score: 0.700000
te_loss: 0.610402, te_score: 0.750000

time = 13
tr_loss: 0.585223, tr_score: 0.712500
va_loss: 0.623769, va_score: 0.710000
te_loss: 0.636812, te_score: 0.690000

time = 13
tr_loss: 0.594943, tr_score: 0.707500
va_loss: 0.573415, va_score: 0.720000
te_loss: 0.712396, te_score: 0.620000

time = 13
tr_loss: 0.591052, tr_score: 0.695000
va_loss: 0.587201, va_score: 0.730000
te_loss: 0.564657, te_score: 0.730000

time = 13
tr_loss: 0.588052, tr_score: 0.710000
va_loss: 0.515190, va_score: 0.770000
te_loss: 0.585350, te_score: 0.690000

time = 13
tr_loss: 0.605683, tr_score: 0.673750
va_loss: 0.582130, va_score: 0.740000
te_loss: 0.531729, te_score: 0.740000

======================================================
13  Seed:  [3706. 3756. 2533. 6590. 1761. 5957. 4965. 8699. 1302.  214. 1426. 3422.
 9979.   35. 8073. 6183. 7853. 8174. 4923.  725.]
tr_loss: 0.588381, tr_score: 0.706375
va_loss: 0.595296, va_score: 0.706000
te_loss: 0.601122, te_score: 0.702000
time = 14
tr_loss: 0.575383, tr_score: 0.721250
va_loss: 0.609852, va_score: 0.670000
te_loss: 0.600390, te_score: 0.700000

time = 14
tr_loss: 0.582708, tr_score: 0.705000
va_loss: 0.577419, va_score: 0.740000
te_loss: 0.571880, te_score: 0.670000

time = 14
tr_loss: 0.575630, tr_score: 0.720000
va_loss: 0.541291, va_score: 0.760000
te_loss: 0.566302, te_score: 0.760000

time = 14
tr_loss: 0.545319, tr_score: 0.732500
va_loss: 0.550115, va_score: 0.690000
te_loss: 0.549203, te_score: 0.760000

time = 14
tr_loss: 0.581824, tr_score: 0.703750
va_loss: 0.602427, va_score: 0.670000
te_loss: 0.576648, te_score: 0.680000

time = 14
tr_loss: 0.584068, tr_score: 0.702500
va_loss: 0.588129, va_score: 0.730000
te_loss: 0.633091, te_score: 0.640000

time = 14
tr_loss: 0.609737, tr_score: 0.691250
va_loss: 0.516333, va_score: 0.800000
te_loss: 0.668386, te_score: 0.600000

time = 14
tr_loss: 0.558491, tr_score: 0.715000
va_loss: 0.593953, va_score: 0.660000
te_loss: 0.551292, te_score: 0.720000

time = 14
tr_loss: 0.576751, tr_score: 0.711250
va_loss: 0.564150, va_score: 0.730000
te_loss: 0.551765, te_score: 0.740000

time = 14
tr_loss: 0.620637, tr_score: 0.697500
va_loss: 0.554198, va_score: 0.780000
te_loss: 0.673308, te_score: 0.640000

time = 14
tr_loss: 0.585924, tr_score: 0.706250
va_loss: 0.537468, va_score: 0.760000
te_loss: 0.576404, te_score: 0.740000

time = 14
tr_loss: 0.584571, tr_score: 0.717500
va_loss: 0.586016, va_score: 0.720000
te_loss: 0.608668, te_score: 0.710000

time = 14
tr_loss: 0.579258, tr_score: 0.708750
va_loss: 0.527708, va_score: 0.770000
te_loss: 0.596308, te_score: 0.690000

time = 14
tr_loss: 0.551327, tr_score: 0.722500
va_loss: 0.545261, va_score: 0.730000
te_loss: 0.553743, te_score: 0.730000

time = 14
tr_loss: 0.602938, tr_score: 0.708750
va_loss: 0.646380, va_score: 0.670000
te_loss: 0.652378, te_score: 0.720000

time = 14
tr_loss: 0.564219, tr_score: 0.696250
va_loss: 0.548198, va_score: 0.730000
te_loss: 0.565867, te_score: 0.720000

time = 14
tr_loss: 0.599411, tr_score: 0.702500
va_loss: 0.535942, va_score: 0.760000
te_loss: 0.686767, te_score: 0.620000

time = 14
tr_loss: 0.583076, tr_score: 0.703750
va_loss: 0.638817, va_score: 0.680000
te_loss: 0.600297, te_score: 0.690000

time = 14
tr_loss: 0.594510, tr_score: 0.711250
va_loss: 0.615806, va_score: 0.710000
te_loss: 0.655081, te_score: 0.660000

time = 14
tr_loss: 0.604161, tr_score: 0.696250
va_loss: 0.612733, va_score: 0.680000
te_loss: 0.557748, te_score: 0.750000

======================================================
14  Seed:  [6736. 9332. 4026. 8791. 2185. 8095. 4925. 3877. 8332. 6847. 5871. 5004.
 2796. 4961. 1467. 7787. 3868. 5255. 9307. 9073.]
tr_loss: 0.582997, tr_score: 0.708687
va_loss: 0.574610, va_score: 0.722000
te_loss: 0.599776, te_score: 0.697000
time = 15
tr_loss: 0.574288, tr_score: 0.711250
va_loss: 0.569222, va_score: 0.720000
te_loss: 0.610808, te_score: 0.680000

time = 15
tr_loss: 0.589288, tr_score: 0.712500
va_loss: 0.596913, va_score: 0.710000
te_loss: 0.511961, te_score: 0.780000

time = 15
tr_loss: 0.597148, tr_score: 0.713750
va_loss: 0.583944, va_score: 0.730000
te_loss: 0.635562, te_score: 0.700000

time = 15
tr_loss: 0.584527, tr_score: 0.700000
va_loss: 0.524022, va_score: 0.750000
te_loss: 0.635776, te_score: 0.650000

time = 15
tr_loss: 0.595893, tr_score: 0.708750
va_loss: 0.580316, va_score: 0.730000
te_loss: 0.618032, te_score: 0.700000

time = 15
tr_loss: 0.594648, tr_score: 0.718750
va_loss: 0.625394, va_score: 0.690000
te_loss: 0.614068, te_score: 0.680000

time = 15
tr_loss: 0.585515, tr_score: 0.708750
va_loss: 0.609201, va_score: 0.710000
te_loss: 0.540022, te_score: 0.750000

time = 15
tr_loss: 0.551298, tr_score: 0.711250
va_loss: 0.525932, va_score: 0.710000
te_loss: 0.583142, te_score: 0.700000

time = 15
tr_loss: 0.602151, tr_score: 0.706250
va_loss: 0.624897, va_score: 0.720000
te_loss: 0.583551, te_score: 0.710000

time = 15
tr_loss: 0.620870, tr_score: 0.701250
va_loss: 0.693299, va_score: 0.640000
te_loss: 0.619560, te_score: 0.700000

time = 15
tr_loss: 0.545848, tr_score: 0.727500
va_loss: 0.528419, va_score: 0.730000
te_loss: 0.561726, te_score: 0.730000

time = 15
tr_loss: 0.554904, tr_score: 0.702500
va_loss: 0.563401, va_score: 0.700000
te_loss: 0.575475, te_score: 0.680000

time = 15
tr_loss: 0.565634, tr_score: 0.722500
va_loss: 0.553669, va_score: 0.720000
te_loss: 0.631017, te_score: 0.670000

time = 15
tr_loss: 0.577521, tr_score: 0.723750
va_loss: 0.619783, va_score: 0.690000
te_loss: 0.503151, te_score: 0.790000

time = 15
tr_loss: 0.594900, tr_score: 0.708750
va_loss: 0.604317, va_score: 0.700000
te_loss: 0.640391, te_score: 0.680000

time = 15
tr_loss: 0.567209, tr_score: 0.726250
va_loss: 0.627208, va_score: 0.630000
te_loss: 0.615812, te_score: 0.680000

time = 15
tr_loss: 0.585133, tr_score: 0.716250
va_loss: 0.527271, va_score: 0.770000
te_loss: 0.610037, te_score: 0.680000

time = 15
tr_loss: 0.563252, tr_score: 0.710000
va_loss: 0.604420, va_score: 0.680000
te_loss: 0.635406, te_score: 0.660000

time = 15
tr_loss: 0.493329, tr_score: 0.771250
va_loss: 0.455423, va_score: 0.780000
te_loss: 0.526194, te_score: 0.760000

time = 15
tr_loss: 0.603104, tr_score: 0.700000
va_loss: 0.608809, va_score: 0.700000
te_loss: 0.586490, te_score: 0.700000

======================================================
15  Seed:  [ 879. 4612.  287.  491. 3659. 8251. 7507. 1140. 3507. 4318. 9716. 8900.
 3870. 2555. 7340. 8792.  757. 6674. 3143.  691.]
tr_loss: 0.577323, tr_score: 0.715062
va_loss: 0.581293, va_score: 0.710500
te_loss: 0.591909, te_score: 0.704000
time = 16
tr_loss: 0.587952, tr_score: 0.702500
va_loss: 0.617750, va_score: 0.650000
te_loss: 0.627116, te_score: 0.660000

time = 16
tr_loss: 0.599319, tr_score: 0.717500
va_loss: 0.602112, va_score: 0.690000
te_loss: 0.663645, te_score: 0.680000

time = 16
tr_loss: 0.591268, tr_score: 0.706250
va_loss: 0.534867, va_score: 0.780000
te_loss: 0.611047, te_score: 0.690000

time = 16
tr_loss: 0.542647, tr_score: 0.732500
va_loss: 0.540354, va_score: 0.710000
te_loss: 0.565321, te_score: 0.760000

time = 16
tr_loss: 0.593029, tr_score: 0.695000
va_loss: 0.544055, va_score: 0.740000
te_loss: 0.594774, te_score: 0.700000

time = 16
tr_loss: 0.553355, tr_score: 0.710000
va_loss: 0.606907, va_score: 0.720000
te_loss: 0.671822, te_score: 0.660000

time = 16
tr_loss: 0.599119, tr_score: 0.711250
va_loss: 0.624695, va_score: 0.660000
te_loss: 0.617123, te_score: 0.700000

time = 16
tr_loss: 0.546125, tr_score: 0.715000
va_loss: 0.554849, va_score: 0.710000
te_loss: 0.571538, te_score: 0.680000

time = 16
tr_loss: 0.566900, tr_score: 0.715000
va_loss: 0.556894, va_score: 0.740000
te_loss: 0.547864, te_score: 0.740000

time = 16
tr_loss: 0.572719, tr_score: 0.712500
va_loss: 0.668356, va_score: 0.650000
te_loss: 0.655053, te_score: 0.640000

time = 16
tr_loss: 0.560596, tr_score: 0.712500
va_loss: 0.597095, va_score: 0.700000
te_loss: 0.574902, te_score: 0.700000

time = 16
tr_loss: 0.600027, tr_score: 0.716250
va_loss: 0.611866, va_score: 0.690000
te_loss: 0.610373, te_score: 0.690000

time = 16
tr_loss: 0.604425, tr_score: 0.677500
va_loss: 0.622797, va_score: 0.660000
te_loss: 0.623161, te_score: 0.640000

time = 16
tr_loss: 0.625266, tr_score: 0.685000
va_loss: 0.540246, va_score: 0.770000
te_loss: 0.520114, te_score: 0.790000

time = 16
tr_loss: 0.557334, tr_score: 0.710000
va_loss: 0.478963, va_score: 0.790000
te_loss: 0.506900, te_score: 0.740000

time = 16
tr_loss: 0.574759, tr_score: 0.735000
va_loss: 0.620304, va_score: 0.720000
te_loss: 0.567181, te_score: 0.740000

time = 16
tr_loss: 0.609840, tr_score: 0.698750
va_loss: 0.600724, va_score: 0.730000
te_loss: 0.632953, te_score: 0.680000

time = 16
tr_loss: 0.624286, tr_score: 0.705000
va_loss: 0.623532, va_score: 0.660000
te_loss: 0.645544, te_score: 0.710000

time = 16
tr_loss: 0.595795, tr_score: 0.701250
va_loss: 0.520952, va_score: 0.760000
te_loss: 0.610113, te_score: 0.650000

time = 16
tr_loss: 0.576346, tr_score: 0.706250
va_loss: 0.599939, va_score: 0.690000
te_loss: 0.566758, te_score: 0.720000

======================================================
16  Seed:  [9082. 6878.  978. 6918.   35. 3547.  812. 1562. 5243. 8191. 5330. 4602.
 2929. 4830.  303. 9956. 3156. 7475. 4637.  734.]
tr_loss: 0.584055, tr_score: 0.708250
va_loss: 0.583363, va_score: 0.711000
te_loss: 0.599165, te_score: 0.698500
time = 17
tr_loss: 0.600562, tr_score: 0.700000
va_loss: 0.605441, va_score: 0.720000
te_loss: 0.603290, te_score: 0.680000

time = 17
tr_loss: 0.569711, tr_score: 0.720000
va_loss: 0.641133, va_score: 0.700000
te_loss: 0.637305, te_score: 0.690000

time = 17
tr_loss: 0.604096, tr_score: 0.708750
va_loss: 0.631376, va_score: 0.670000
te_loss: 0.635681, te_score: 0.660000

time = 17
tr_loss: 0.626421, tr_score: 0.685000
va_loss: 0.692346, va_score: 0.600000
te_loss: 0.619889, te_score: 0.690000

time = 17
tr_loss: 0.614120, tr_score: 0.688750
va_loss: 0.541449, va_score: 0.760000
te_loss: 0.573934, te_score: 0.730000

time = 17
tr_loss: 0.558479, tr_score: 0.718750
va_loss: 0.572659, va_score: 0.720000
te_loss: 0.623672, te_score: 0.680000

time = 17
tr_loss: 0.557747, tr_score: 0.720000
va_loss: 0.638115, va_score: 0.650000
te_loss: 0.589351, te_score: 0.670000

time = 17
tr_loss: 0.498326, tr_score: 0.763750
va_loss: 0.518907, va_score: 0.780000
te_loss: 0.647493, te_score: 0.670000

time = 17
tr_loss: 0.567767, tr_score: 0.722500
va_loss: 0.541510, va_score: 0.740000
te_loss: 0.538782, te_score: 0.730000

time = 17
tr_loss: 0.552666, tr_score: 0.712500
va_loss: 0.595484, va_score: 0.700000
te_loss: 0.654713, te_score: 0.620000

time = 17
tr_loss: 0.610121, tr_score: 0.711250
va_loss: 0.621254, va_score: 0.700000
te_loss: 0.655977, te_score: 0.640000

time = 17
tr_loss: 0.583946, tr_score: 0.707500
va_loss: 0.617278, va_score: 0.690000
te_loss: 0.609143, te_score: 0.700000

time = 17
tr_loss: 0.602233, tr_score: 0.687500
va_loss: 0.623319, va_score: 0.670000
te_loss: 0.599240, te_score: 0.710000

time = 17
tr_loss: 0.602263, tr_score: 0.690000
va_loss: 0.510377, va_score: 0.750000
te_loss: 0.578372, te_score: 0.770000

time = 17
tr_loss: 0.575443, tr_score: 0.722500
va_loss: 0.665054, va_score: 0.620000
te_loss: 0.604951, te_score: 0.700000

time = 17
tr_loss: 0.574884, tr_score: 0.712500
va_loss: 0.521006, va_score: 0.740000
te_loss: 0.547883, te_score: 0.740000

time = 17
tr_loss: 0.583767, tr_score: 0.702500
va_loss: 0.667077, va_score: 0.660000
te_loss: 0.602580, te_score: 0.650000

time = 17
tr_loss: 0.589692, tr_score: 0.705000
va_loss: 0.581331, va_score: 0.710000
te_loss: 0.592516, te_score: 0.700000

time = 17
tr_loss: 0.578974, tr_score: 0.715000
va_loss: 0.559930, va_score: 0.730000
te_loss: 0.601236, te_score: 0.690000

time = 17
tr_loss: 0.639667, tr_score: 0.680000
va_loss: 0.587667, va_score: 0.700000
te_loss: 0.637141, te_score: 0.720000

======================================================
17  Seed:  [9997. 6891. 7283.  296. 4194.  627. 9187. 9699.  412. 3964. 5059. 1882.
 6859. 7098. 9012. 6459. 3018. 8410. 9321. 1260.]
tr_loss: 0.584544, tr_score: 0.708688
va_loss: 0.596636, va_score: 0.700500
te_loss: 0.607658, te_score: 0.692000
time = 18
tr_loss: 0.580877, tr_score: 0.711250
va_loss: 0.575775, va_score: 0.690000
te_loss: 0.533309, te_score: 0.740000

time = 18
tr_loss: 0.569874, tr_score: 0.722500
va_loss: 0.558350, va_score: 0.740000
te_loss: 0.535000, te_score: 0.730000

time = 18
tr_loss: 0.574731, tr_score: 0.705000
va_loss: 0.540549, va_score: 0.740000
te_loss: 0.590030, te_score: 0.670000

time = 18
tr_loss: 0.572882, tr_score: 0.706250
va_loss: 0.566695, va_score: 0.760000
te_loss: 0.543385, te_score: 0.740000

time = 18
tr_loss: 0.602926, tr_score: 0.701250
va_loss: 0.643422, va_score: 0.690000
te_loss: 0.533866, te_score: 0.790000

time = 18
tr_loss: 0.570797, tr_score: 0.697500
va_loss: 0.563081, va_score: 0.710000
te_loss: 0.539038, te_score: 0.740000

time = 18
tr_loss: 0.594478, tr_score: 0.686250
va_loss: 0.651269, va_score: 0.650000
te_loss: 0.554108, te_score: 0.720000

time = 18
tr_loss: 0.558810, tr_score: 0.730000
va_loss: 0.596425, va_score: 0.720000
te_loss: 0.661930, te_score: 0.590000

time = 18
tr_loss: 0.570682, tr_score: 0.705000
va_loss: 0.582257, va_score: 0.730000
te_loss: 0.616294, te_score: 0.660000

time = 18
tr_loss: 0.575057, tr_score: 0.722500
va_loss: 0.536790, va_score: 0.760000
te_loss: 0.638437, te_score: 0.700000

time = 18
tr_loss: 0.563583, tr_score: 0.725000
va_loss: 0.641678, va_score: 0.690000
te_loss: 0.551506, te_score: 0.720000

time = 18
tr_loss: 0.487977, tr_score: 0.771250
va_loss: 0.533797, va_score: 0.750000
te_loss: 0.520559, te_score: 0.740000

time = 18
tr_loss: 0.568015, tr_score: 0.723750
va_loss: 0.608995, va_score: 0.690000
te_loss: 0.608475, te_score: 0.690000

time = 18
tr_loss: 0.578326, tr_score: 0.707500
va_loss: 0.568894, va_score: 0.740000
te_loss: 0.562810, te_score: 0.740000

time = 18
tr_loss: 0.565860, tr_score: 0.706250
va_loss: 0.549875, va_score: 0.740000
te_loss: 0.516713, te_score: 0.750000

time = 18
tr_loss: 0.594571, tr_score: 0.686250
va_loss: 0.548069, va_score: 0.750000
te_loss: 0.518483, te_score: 0.760000

time = 18
tr_loss: 0.526990, tr_score: 0.743750
va_loss: 0.536852, va_score: 0.730000
te_loss: 0.480163, te_score: 0.800000

time = 18
tr_loss: 0.550321, tr_score: 0.731250
va_loss: 0.520936, va_score: 0.800000
te_loss: 0.610667, te_score: 0.660000

time = 18
tr_loss: 0.587858, tr_score: 0.718750
va_loss: 0.586057, va_score: 0.720000
te_loss: 0.620869, te_score: 0.690000

time = 18
tr_loss: 0.593057, tr_score: 0.685000
va_loss: 0.560800, va_score: 0.740000
te_loss: 0.617749, te_score: 0.700000

======================================================
18  Seed:  [ 873. 4207. 9606. 9170. 6333. 9407. 8590.  438. 6112. 2282. 5826. 4132.
 5788. 3773.  899. 1544. 7119. 3120. 1138. 3253.]
tr_loss: 0.569384, tr_score: 0.714312
va_loss: 0.573528, va_score: 0.727000
te_loss: 0.567669, te_score: 0.716500
time = 19
tr_loss: 0.583684, tr_score: 0.713750
va_loss: 0.653729, va_score: 0.660000
te_loss: 0.632986, te_score: 0.660000

time = 19
tr_loss: 0.573632, tr_score: 0.717500
va_loss: 0.576801, va_score: 0.730000
te_loss: 0.643802, te_score: 0.660000

time = 19
tr_loss: 0.607106, tr_score: 0.716250
va_loss: 0.546286, va_score: 0.740000
te_loss: 0.639080, te_score: 0.650000

time = 19
tr_loss: 0.582134, tr_score: 0.706250
va_loss: 0.587291, va_score: 0.680000
te_loss: 0.593486, te_score: 0.710000

time = 19
tr_loss: 0.570557, tr_score: 0.716250
va_loss: 0.563731, va_score: 0.760000
te_loss: 0.517424, te_score: 0.780000

time = 19
tr_loss: 0.581712, tr_score: 0.716250
va_loss: 0.636381, va_score: 0.680000
te_loss: 0.551457, te_score: 0.720000

time = 19
tr_loss: 0.587137, tr_score: 0.707500
va_loss: 0.548166, va_score: 0.740000
te_loss: 0.587465, te_score: 0.670000

time = 19
tr_loss: 0.644534, tr_score: 0.707500
va_loss: 0.700715, va_score: 0.670000
te_loss: 0.675153, te_score: 0.670000

time = 19
tr_loss: 0.612773, tr_score: 0.700000
va_loss: 0.623039, va_score: 0.690000
te_loss: 0.575606, te_score: 0.750000

time = 19
tr_loss: 0.555914, tr_score: 0.726250
va_loss: 0.594008, va_score: 0.670000
te_loss: 0.611552, te_score: 0.690000

time = 19
tr_loss: 0.495967, tr_score: 0.773750
va_loss: 0.544595, va_score: 0.740000
te_loss: 0.514936, te_score: 0.750000

time = 19
tr_loss: 0.594839, tr_score: 0.710000
va_loss: 0.588460, va_score: 0.700000
te_loss: 0.603071, te_score: 0.680000

time = 19
tr_loss: 0.568368, tr_score: 0.710000
va_loss: 0.643669, va_score: 0.670000
te_loss: 0.657141, te_score: 0.660000

time = 19
tr_loss: 0.558086, tr_score: 0.705000
va_loss: 0.540140, va_score: 0.730000
te_loss: 0.542695, te_score: 0.730000

time = 19
tr_loss: 0.609510, tr_score: 0.696250
va_loss: 0.604255, va_score: 0.680000
te_loss: 0.584938, te_score: 0.700000

time = 19
tr_loss: 0.615454, tr_score: 0.696250
va_loss: 0.536115, va_score: 0.780000
te_loss: 0.583613, te_score: 0.730000

time = 19
tr_loss: 0.584513, tr_score: 0.710000
va_loss: 0.607487, va_score: 0.700000
te_loss: 0.631067, te_score: 0.640000

time = 19
tr_loss: 0.543987, tr_score: 0.716250
va_loss: 0.568845, va_score: 0.680000
te_loss: 0.515320, te_score: 0.700000

time = 19
tr_loss: 0.611209, tr_score: 0.693750
va_loss: 0.575289, va_score: 0.750000
te_loss: 0.607953, te_score: 0.700000

time = 19
tr_loss: 0.560168, tr_score: 0.725000
va_loss: 0.626544, va_score: 0.670000
te_loss: 0.543764, te_score: 0.730000

======================================================
19  Seed:  [3709. 6253. 7969. 4492. 4878.  212. 2129. 7387.  610. 9877. 6936. 8416.
 1824. 6324. 9841. 5493. 7619. 7977.  518. 1963.]
tr_loss: 0.582064, tr_score: 0.713187
va_loss: 0.593277, va_score: 0.706000
te_loss: 0.590625, te_score: 0.699000
time = 20
tr_loss: 0.594718, tr_score: 0.718750
va_loss: 0.617219, va_score: 0.690000
te_loss: 0.612628, te_score: 0.710000

time = 20
tr_loss: 0.583604, tr_score: 0.715000
va_loss: 0.541488, va_score: 0.800000
te_loss: 0.561419, te_score: 0.750000

time = 20
tr_loss: 0.581400, tr_score: 0.725000
va_loss: 0.610917, va_score: 0.640000
te_loss: 0.644377, te_score: 0.700000

time = 20
tr_loss: 0.594231, tr_score: 0.703750
va_loss: 0.622823, va_score: 0.660000
te_loss: 0.536344, te_score: 0.790000

time = 20
tr_loss: 0.584584, tr_score: 0.713750
va_loss: 0.642079, va_score: 0.670000
te_loss: 0.566886, te_score: 0.700000

time = 20
tr_loss: 0.588562, tr_score: 0.700000
va_loss: 0.556046, va_score: 0.740000
te_loss: 0.593148, te_score: 0.710000

time = 20
tr_loss: 0.554041, tr_score: 0.726250
va_loss: 0.506435, va_score: 0.770000
te_loss: 0.537506, te_score: 0.770000

time = 20
tr_loss: 0.594192, tr_score: 0.722500
va_loss: 0.600383, va_score: 0.700000
te_loss: 0.565256, te_score: 0.750000

time = 20
tr_loss: 0.603093, tr_score: 0.703750
va_loss: 0.605195, va_score: 0.710000
te_loss: 0.563975, te_score: 0.750000

time = 20
tr_loss: 0.604329, tr_score: 0.687500
va_loss: 0.507126, va_score: 0.790000
te_loss: 0.564068, te_score: 0.730000

time = 20
tr_loss: 0.555236, tr_score: 0.720000
va_loss: 0.580302, va_score: 0.720000
te_loss: 0.553427, te_score: 0.740000

time = 20
tr_loss: 0.573378, tr_score: 0.708750
va_loss: 0.562054, va_score: 0.710000
te_loss: 0.590215, te_score: 0.700000

time = 20
tr_loss: 0.559181, tr_score: 0.717500
va_loss: 0.545256, va_score: 0.730000
te_loss: 0.622405, te_score: 0.680000

time = 20
tr_loss: 0.603872, tr_score: 0.711250
va_loss: 0.611298, va_score: 0.690000
te_loss: 0.601921, te_score: 0.700000

time = 20
tr_loss: 0.575729, tr_score: 0.717500
va_loss: 0.604880, va_score: 0.690000
te_loss: 0.603378, te_score: 0.690000

time = 20
tr_loss: 0.566091, tr_score: 0.727500
va_loss: 0.655754, va_score: 0.660000
te_loss: 0.564436, te_score: 0.730000

time = 20
tr_loss: 0.580063, tr_score: 0.711250
va_loss: 0.536193, va_score: 0.750000
te_loss: 0.533365, te_score: 0.760000

time = 20
tr_loss: 0.544429, tr_score: 0.713750
va_loss: 0.515988, va_score: 0.740000
te_loss: 0.585017, te_score: 0.720000

time = 20
tr_loss: 0.591270, tr_score: 0.691250
va_loss: 0.555627, va_score: 0.760000
te_loss: 0.566427, te_score: 0.720000

time = 20
tr_loss: 0.565572, tr_score: 0.726250
va_loss: 0.598805, va_score: 0.700000
te_loss: 0.577365, te_score: 0.700000

======================================================
20  Seed:  [8890. 5137. 6638. 5364. 3035. 4210. 5798. 9783. 7946.  146. 8127. 1556.
 1338. 7812. 5900. 6230. 6141. 6234. 5455. 7649.]
tr_loss: 0.579879, tr_score: 0.713062
va_loss: 0.578793, va_score: 0.716000
te_loss: 0.577178, te_score: 0.725000


mid seed:  [1237. 6412. 2121. 6405. 4525. 1302. 1340. 7513. 9914. 1173. 2339. 2687.
 5417. 1769. 4522. 4161. 3470. 2003. 6862. 6659.]
mid test scores 0.7044999999999999
