time = 0
tr_loss: 0.532445, tr_score: 0.731250
va_loss: 0.521817, va_score: 0.720000
te_loss: 0.572472, te_score: 0.700000

time = 0
tr_loss: 0.562754, tr_score: 0.731250
va_loss: 0.656877, va_score: 0.670000
te_loss: 0.671640, te_score: 0.620000

time = 0
tr_loss: 0.512214, tr_score: 0.740000
va_loss: 0.583617, va_score: 0.690000
te_loss: 0.585274, te_score: 0.690000

time = 0
tr_loss: 0.562778, tr_score: 0.716250
va_loss: 0.566910, va_score: 0.710000
te_loss: 0.581599, te_score: 0.710000

time = 0
tr_loss: 0.615552, tr_score: 0.697500
va_loss: 0.591174, va_score: 0.710000
te_loss: 0.564366, te_score: 0.780000

time = 0
tr_loss: 0.565562, tr_score: 0.730000
va_loss: 0.592824, va_score: 0.700000
te_loss: 0.697703, te_score: 0.660000

time = 0
tr_loss: 0.576989, tr_score: 0.720000
va_loss: 0.579744, va_score: 0.670000
te_loss: 0.504501, te_score: 0.810000

time = 0
tr_loss: 0.533656, tr_score: 0.736250
va_loss: 0.499708, va_score: 0.800000
te_loss: 0.574793, te_score: 0.690000

time = 0
tr_loss: 0.594838, tr_score: 0.696250
va_loss: 0.572610, va_score: 0.740000
te_loss: 0.622269, te_score: 0.710000

time = 0
tr_loss: 0.538814, tr_score: 0.730000
va_loss: 0.566903, va_score: 0.730000
te_loss: 0.437624, te_score: 0.860000

time = 0
tr_loss: 0.554502, tr_score: 0.723750
va_loss: 0.517348, va_score: 0.770000
te_loss: 0.660793, te_score: 0.630000

time = 0
tr_loss: 0.550628, tr_score: 0.743750
va_loss: 0.554268, va_score: 0.720000
te_loss: 0.768319, te_score: 0.560000

time = 0
tr_loss: 0.503373, tr_score: 0.761250
va_loss: 0.548270, va_score: 0.730000
te_loss: 0.573907, te_score: 0.730000

time = 0
tr_loss: 0.580238, tr_score: 0.711250
va_loss: 0.586551, va_score: 0.690000
te_loss: 0.673024, te_score: 0.620000

time = 0
tr_loss: 0.591323, tr_score: 0.710000
va_loss: 0.608724, va_score: 0.680000
te_loss: 0.591882, te_score: 0.740000

time = 0
tr_loss: 0.559033, tr_score: 0.732500
va_loss: 0.618471, va_score: 0.660000
te_loss: 0.544976, te_score: 0.740000

time = 0
tr_loss: 0.580990, tr_score: 0.718750
va_loss: 0.635530, va_score: 0.700000
te_loss: 0.598900, te_score: 0.700000

time = 0
tr_loss: 0.572989, tr_score: 0.721250
va_loss: 0.601055, va_score: 0.670000
te_loss: 0.609869, te_score: 0.670000

time = 0
tr_loss: 0.562844, tr_score: 0.710000
va_loss: 0.612380, va_score: 0.670000
te_loss: 0.653855, te_score: 0.620000

time = 0
tr_loss: 0.593499, tr_score: 0.697500
va_loss: 0.520887, va_score: 0.780000
te_loss: 0.666442, te_score: 0.640000

======================================================
0  Seed:  [ 140. 2411. 2238. 5068. 2300. 9812. 6334. 4380. 4021. 8554. 2226. 8534.
 4715. 7921. 4457. 6212.  255.  495. 8301.  932.]
tr_loss: 0.562251, tr_score: 0.722938
va_loss: 0.576783, va_score: 0.710500
te_loss: 0.607710, te_score: 0.694000
time = 1
tr_loss: 0.572704, tr_score: 0.716250
va_loss: 0.663002, va_score: 0.610000
te_loss: 0.595616, te_score: 0.700000

time = 1
tr_loss: 0.632622, tr_score: 0.698750
va_loss: 0.659055, va_score: 0.630000
te_loss: 0.598592, te_score: 0.730000

time = 1
tr_loss: 0.583773, tr_score: 0.702500
va_loss: 0.610199, va_score: 0.660000
te_loss: 0.528279, te_score: 0.760000

time = 1
tr_loss: 0.604284, tr_score: 0.705000
va_loss: 0.595920, va_score: 0.720000
te_loss: 0.634630, te_score: 0.670000

time = 1
tr_loss: 0.608489, tr_score: 0.687500
va_loss: 0.608267, va_score: 0.710000
te_loss: 0.562172, te_score: 0.800000

time = 1
tr_loss: 0.580003, tr_score: 0.712500
va_loss: 0.598761, va_score: 0.670000
te_loss: 0.552419, te_score: 0.760000

time = 1
tr_loss: 0.590062, tr_score: 0.713750
va_loss: 0.591065, va_score: 0.720000
te_loss: 0.597129, te_score: 0.700000

time = 1
tr_loss: 0.578467, tr_score: 0.711250
va_loss: 0.553812, va_score: 0.740000
te_loss: 0.547033, te_score: 0.770000

time = 1
tr_loss: 0.539263, tr_score: 0.731250
va_loss: 0.549465, va_score: 0.680000
te_loss: 0.479386, te_score: 0.780000

time = 1
tr_loss: 0.559738, tr_score: 0.713750
va_loss: 0.568016, va_score: 0.720000
te_loss: 0.628631, te_score: 0.700000

time = 1
tr_loss: 0.539210, tr_score: 0.746250
va_loss: 0.559024, va_score: 0.730000
te_loss: 0.482493, te_score: 0.770000

time = 1
tr_loss: 0.578774, tr_score: 0.705000
va_loss: 0.620279, va_score: 0.680000
te_loss: 0.585755, te_score: 0.700000

time = 1
tr_loss: 0.611844, tr_score: 0.695000
va_loss: 0.494128, va_score: 0.820000
te_loss: 0.639167, te_score: 0.630000

time = 1
tr_loss: 0.648052, tr_score: 0.670000
va_loss: 0.547052, va_score: 0.770000
te_loss: 0.606180, te_score: 0.680000

time = 1
tr_loss: 0.588323, tr_score: 0.717500
va_loss: 0.655264, va_score: 0.640000
te_loss: 0.635967, te_score: 0.660000

time = 1
tr_loss: 0.611128, tr_score: 0.697500
va_loss: 0.592764, va_score: 0.710000
te_loss: 0.596366, te_score: 0.710000

time = 1
tr_loss: 0.606473, tr_score: 0.706250
va_loss: 0.586886, va_score: 0.710000
te_loss: 0.645363, te_score: 0.650000

time = 1
tr_loss: 0.620636, tr_score: 0.703750
va_loss: 0.662241, va_score: 0.660000
te_loss: 0.622048, te_score: 0.710000

time = 1
tr_loss: 0.606542, tr_score: 0.698750
va_loss: 0.557910, va_score: 0.760000
te_loss: 0.682417, te_score: 0.650000

time = 1
tr_loss: 0.565649, tr_score: 0.712500
va_loss: 0.566796, va_score: 0.730000
te_loss: 0.507042, te_score: 0.810000

======================================================
1  Seed:  [8640.  888. 4066.  552. 1437. 6591. 8969.  824. 8811.  938.  550. 9822.
 6241. 3057. 1352. 8361. 5326. 3377. 2314. 8889.]
tr_loss: 0.591302, tr_score: 0.707250
va_loss: 0.591995, va_score: 0.703500
te_loss: 0.586334, te_score: 0.717000
time = 2
tr_loss: 0.524989, tr_score: 0.746250
va_loss: 0.537675, va_score: 0.780000
te_loss: 0.581587, te_score: 0.720000

time = 2
tr_loss: 0.579358, tr_score: 0.706250
va_loss: 0.498486, va_score: 0.770000
te_loss: 0.586556, te_score: 0.670000

time = 2
tr_loss: 0.571252, tr_score: 0.718750
va_loss: 0.538541, va_score: 0.730000
te_loss: 0.562961, te_score: 0.750000

time = 2
tr_loss: 0.568227, tr_score: 0.706250
va_loss: 0.577938, va_score: 0.720000
te_loss: 0.559944, te_score: 0.740000

time = 2
tr_loss: 0.555427, tr_score: 0.717500
va_loss: 0.521497, va_score: 0.740000
te_loss: 0.539405, te_score: 0.770000

time = 2
tr_loss: 0.531460, tr_score: 0.718750
va_loss: 0.531103, va_score: 0.730000
te_loss: 0.597795, te_score: 0.660000

time = 2
tr_loss: 0.581171, tr_score: 0.728750
va_loss: 0.641631, va_score: 0.670000
te_loss: 0.606947, te_score: 0.710000

time = 2
tr_loss: 0.584804, tr_score: 0.696250
va_loss: 0.547634, va_score: 0.770000
te_loss: 0.563866, te_score: 0.710000

time = 2
tr_loss: 0.560255, tr_score: 0.718750
va_loss: 0.546014, va_score: 0.710000
te_loss: 0.603111, te_score: 0.670000

time = 2
tr_loss: 0.582544, tr_score: 0.707500
va_loss: 0.548071, va_score: 0.770000
te_loss: 0.575585, te_score: 0.690000

time = 2
tr_loss: 0.516975, tr_score: 0.747500
va_loss: 0.521267, va_score: 0.740000
te_loss: 0.605695, te_score: 0.680000

time = 2
tr_loss: 0.594900, tr_score: 0.707500
va_loss: 0.567813, va_score: 0.730000
te_loss: 0.540576, te_score: 0.780000

time = 2
tr_loss: 0.545028, tr_score: 0.712500
va_loss: 0.540467, va_score: 0.730000
te_loss: 0.594191, te_score: 0.700000

time = 2
tr_loss: 0.621928, tr_score: 0.666250
va_loss: 0.575828, va_score: 0.710000
te_loss: 0.580244, te_score: 0.710000

time = 2
tr_loss: 0.558921, tr_score: 0.717500
va_loss: 0.567573, va_score: 0.700000
te_loss: 0.549785, te_score: 0.720000

time = 2
tr_loss: 0.594251, tr_score: 0.686250
va_loss: 0.557856, va_score: 0.710000
te_loss: 0.545350, te_score: 0.780000

time = 2
tr_loss: 0.590593, tr_score: 0.701250
va_loss: 0.580449, va_score: 0.710000
te_loss: 0.627553, te_score: 0.690000

time = 2
tr_loss: 0.584696, tr_score: 0.698750
va_loss: 0.559206, va_score: 0.680000
te_loss: 0.505171, te_score: 0.760000

time = 2
tr_loss: 0.559902, tr_score: 0.722500
va_loss: 0.600720, va_score: 0.710000
te_loss: 0.589623, te_score: 0.690000

time = 2
tr_loss: 0.588893, tr_score: 0.722500
va_loss: 0.606000, va_score: 0.700000
te_loss: 0.560059, te_score: 0.710000

======================================================
2  Seed:  [5478. 7027. 2150. 7559. 3662. 2043. 8598. 4158. 6442. 4398. 3939. 9768.
 5143. 2231.  162. 6860. 3496. 7749. 2530. 2730.]
tr_loss: 0.569779, tr_score: 0.712375
va_loss: 0.558288, va_score: 0.725500
te_loss: 0.573800, te_score: 0.715500
time = 3
tr_loss: 0.582478, tr_score: 0.703750
va_loss: 0.645439, va_score: 0.670000
te_loss: 0.600839, te_score: 0.700000

time = 3
tr_loss: 0.580345, tr_score: 0.706250
va_loss: 0.612252, va_score: 0.680000
te_loss: 0.587797, te_score: 0.700000

time = 3
tr_loss: 0.568397, tr_score: 0.717500
va_loss: 0.618724, va_score: 0.690000
te_loss: 0.580966, te_score: 0.700000

time = 3
tr_loss: 0.579829, tr_score: 0.703750
va_loss: 0.554436, va_score: 0.770000
te_loss: 0.549139, te_score: 0.740000

time = 3
tr_loss: 0.593184, tr_score: 0.702500
va_loss: 0.609166, va_score: 0.690000
te_loss: 0.562263, te_score: 0.720000

time = 3
tr_loss: 0.598585, tr_score: 0.692500
va_loss: 0.515453, va_score: 0.790000
te_loss: 0.658106, te_score: 0.660000

time = 3
tr_loss: 0.591652, tr_score: 0.718750
va_loss: 0.690191, va_score: 0.640000
te_loss: 0.601044, te_score: 0.680000

time = 3
tr_loss: 0.544071, tr_score: 0.746250
va_loss: 0.631211, va_score: 0.630000
te_loss: 0.632001, te_score: 0.620000

time = 3
tr_loss: 0.623512, tr_score: 0.707500
va_loss: 0.679664, va_score: 0.640000
te_loss: 0.632154, te_score: 0.700000

time = 3
tr_loss: 0.545943, tr_score: 0.726250
va_loss: 0.536564, va_score: 0.730000
te_loss: 0.535318, te_score: 0.770000

time = 3
tr_loss: 0.607626, tr_score: 0.703750
va_loss: 0.626382, va_score: 0.680000
te_loss: 0.591422, te_score: 0.720000

time = 3
tr_loss: 0.584051, tr_score: 0.708750
va_loss: 0.559851, va_score: 0.760000
te_loss: 0.600722, te_score: 0.690000

time = 3
tr_loss: 0.566797, tr_score: 0.707500
va_loss: 0.536160, va_score: 0.710000
te_loss: 0.572242, te_score: 0.720000

time = 3
tr_loss: 0.607392, tr_score: 0.697500
va_loss: 0.621615, va_score: 0.660000
te_loss: 0.549245, te_score: 0.760000

time = 3
tr_loss: 0.587626, tr_score: 0.716250
va_loss: 0.704783, va_score: 0.620000
te_loss: 0.600920, te_score: 0.700000

time = 3
tr_loss: 0.605008, tr_score: 0.711250
va_loss: 0.632530, va_score: 0.700000
te_loss: 0.619256, te_score: 0.700000

time = 3
tr_loss: 0.565112, tr_score: 0.726250
va_loss: 0.545994, va_score: 0.750000
te_loss: 0.610701, te_score: 0.680000

time = 3
tr_loss: 0.585875, tr_score: 0.726250
va_loss: 0.687715, va_score: 0.640000
te_loss: 0.582817, te_score: 0.700000

time = 3
tr_loss: 0.561974, tr_score: 0.722500
va_loss: 0.618428, va_score: 0.680000
te_loss: 0.565869, te_score: 0.690000

time = 3
tr_loss: 0.591642, tr_score: 0.697500
va_loss: 0.597710, va_score: 0.710000
te_loss: 0.567985, te_score: 0.740000

======================================================
3  Seed:  [6469. 3301. 7178. 4323. 9525.  454. 7215. 4562. 5178. 3971. 9338. 3960.
 2970. 9630. 2254.  396. 4264. 8949. 7913. 1289.]
tr_loss: 0.583555, tr_score: 0.712125
va_loss: 0.611213, va_score: 0.692000
te_loss: 0.590040, te_score: 0.704500
time = 4
tr_loss: 0.605682, tr_score: 0.691250
va_loss: 0.563418, va_score: 0.750000
te_loss: 0.553604, te_score: 0.730000

time = 4
tr_loss: 0.576132, tr_score: 0.707500
va_loss: 0.538361, va_score: 0.750000
te_loss: 0.585240, te_score: 0.710000

time = 4
tr_loss: 0.566851, tr_score: 0.727500
va_loss: 0.585746, va_score: 0.750000
te_loss: 0.591579, te_score: 0.710000

time = 4
tr_loss: 0.601222, tr_score: 0.713750
va_loss: 0.573267, va_score: 0.780000
te_loss: 0.649309, te_score: 0.670000

time = 4
tr_loss: 0.593890, tr_score: 0.710000
va_loss: 0.648720, va_score: 0.660000
te_loss: 0.589007, te_score: 0.710000

time = 4
tr_loss: 0.549370, tr_score: 0.741250
va_loss: 0.544228, va_score: 0.750000
te_loss: 0.502457, te_score: 0.790000

time = 4
tr_loss: 0.594038, tr_score: 0.715000
va_loss: 0.563680, va_score: 0.740000
te_loss: 0.581464, te_score: 0.710000

time = 4
tr_loss: 0.596258, tr_score: 0.700000
va_loss: 0.635013, va_score: 0.680000
te_loss: 0.543223, te_score: 0.770000

time = 4
tr_loss: 0.587948, tr_score: 0.731250
va_loss: 0.666155, va_score: 0.670000
te_loss: 0.576042, te_score: 0.770000

time = 4
tr_loss: 0.492605, tr_score: 0.781250
va_loss: 0.481164, va_score: 0.760000
te_loss: 0.490187, te_score: 0.800000

time = 4
tr_loss: 0.618378, tr_score: 0.703750
va_loss: 0.646594, va_score: 0.640000
te_loss: 0.575030, te_score: 0.710000

time = 4
tr_loss: 0.559064, tr_score: 0.717500
va_loss: 0.537395, va_score: 0.710000
te_loss: 0.593079, te_score: 0.710000

time = 4
tr_loss: 0.570503, tr_score: 0.723750
va_loss: 0.550551, va_score: 0.770000
te_loss: 0.576518, te_score: 0.670000

time = 4
tr_loss: 0.620856, tr_score: 0.687500
va_loss: 0.561491, va_score: 0.760000
te_loss: 0.579743, te_score: 0.740000

time = 4
tr_loss: 0.591670, tr_score: 0.710000
va_loss: 0.592783, va_score: 0.700000
te_loss: 0.663378, te_score: 0.610000

time = 4
tr_loss: 0.591176, tr_score: 0.692500
va_loss: 0.537847, va_score: 0.760000
te_loss: 0.602397, te_score: 0.690000

time = 4
tr_loss: 0.550867, tr_score: 0.723750
va_loss: 0.500075, va_score: 0.810000
te_loss: 0.535905, te_score: 0.740000

time = 4
tr_loss: 0.592503, tr_score: 0.706250
va_loss: 0.549922, va_score: 0.760000
te_loss: 0.614295, te_score: 0.670000

time = 4
tr_loss: 0.596423, tr_score: 0.702500
va_loss: 0.663075, va_score: 0.600000
te_loss: 0.608820, te_score: 0.690000

time = 4
tr_loss: 0.568883, tr_score: 0.717500
va_loss: 0.573366, va_score: 0.710000
te_loss: 0.561649, te_score: 0.760000

======================================================
4  Seed:  [8744.  130. 2730. 2289. 3436.   91. 5431.  214. 1996. 7906. 4318. 5189.
 9458. 5884. 7590. 9032. 7937. 3024. 1021. 9551.]
tr_loss: 0.581216, tr_score: 0.715188
va_loss: 0.575643, va_score: 0.725500
te_loss: 0.578646, te_score: 0.718000
time = 5
tr_loss: 0.557808, tr_score: 0.730000
va_loss: 0.592473, va_score: 0.680000
te_loss: 0.623321, te_score: 0.650000

time = 5
tr_loss: 0.593266, tr_score: 0.703750
va_loss: 0.597969, va_score: 0.700000
te_loss: 0.533665, te_score: 0.760000

time = 5
tr_loss: 0.538394, tr_score: 0.712500
va_loss: 0.553678, va_score: 0.680000
te_loss: 0.560056, te_score: 0.650000

time = 5
tr_loss: 0.611998, tr_score: 0.701250
va_loss: 0.640427, va_score: 0.680000
te_loss: 0.619481, te_score: 0.700000

time = 5
tr_loss: 0.595682, tr_score: 0.691250
va_loss: 0.626348, va_score: 0.650000
te_loss: 0.539223, te_score: 0.750000

time = 5
tr_loss: 0.596936, tr_score: 0.691250
va_loss: 0.584780, va_score: 0.720000
te_loss: 0.540655, te_score: 0.760000

time = 5
tr_loss: 0.579915, tr_score: 0.690000
va_loss: 0.533921, va_score: 0.750000
te_loss: 0.586331, te_score: 0.710000

time = 5
tr_loss: 0.573780, tr_score: 0.720000
va_loss: 0.531077, va_score: 0.730000
te_loss: 0.580730, te_score: 0.690000

time = 5
tr_loss: 0.594188, tr_score: 0.697500
va_loss: 0.609911, va_score: 0.720000
te_loss: 0.593433, te_score: 0.730000

time = 5
tr_loss: 0.653242, tr_score: 0.676250
va_loss: 0.598367, va_score: 0.750000
te_loss: 0.618247, te_score: 0.720000

time = 5
tr_loss: 0.632088, tr_score: 0.706250
va_loss: 0.704709, va_score: 0.610000
te_loss: 0.608516, te_score: 0.740000

time = 5
tr_loss: 0.621009, tr_score: 0.695000
va_loss: 0.481973, va_score: 0.800000
te_loss: 0.581688, te_score: 0.710000

time = 5
tr_loss: 0.567386, tr_score: 0.706250
va_loss: 0.551130, va_score: 0.730000
te_loss: 0.585316, te_score: 0.700000

time = 5
tr_loss: 0.583637, tr_score: 0.707500
va_loss: 0.551625, va_score: 0.750000
te_loss: 0.671175, te_score: 0.600000

time = 5
tr_loss: 0.561311, tr_score: 0.732500
va_loss: 0.588269, va_score: 0.710000
te_loss: 0.558894, te_score: 0.730000

time = 5
tr_loss: 0.549475, tr_score: 0.711250
va_loss: 0.468773, va_score: 0.800000
te_loss: 0.592259, te_score: 0.680000

time = 5
tr_loss: 0.594552, tr_score: 0.706250
va_loss: 0.645895, va_score: 0.690000
te_loss: 0.591176, te_score: 0.710000

time = 5
tr_loss: 0.628307, tr_score: 0.683750
va_loss: 0.552006, va_score: 0.770000
te_loss: 0.636609, te_score: 0.680000

time = 5
tr_loss: 0.638981, tr_score: 0.692500
va_loss: 0.495723, va_score: 0.820000
te_loss: 0.802355, te_score: 0.580000

time = 5
tr_loss: 0.590010, tr_score: 0.711250
va_loss: 0.641866, va_score: 0.660000
te_loss: 0.653347, te_score: 0.640000

======================================================
5  Seed:  [1237. 6412. 2121. 6405. 4525. 1302. 1340. 7513. 9914. 1173. 2339. 2687.
 5417. 1769. 4522. 4161. 3470. 2003. 6862. 6659.]
tr_loss: 0.593098, tr_score: 0.703313
va_loss: 0.577546, va_score: 0.720000
te_loss: 0.603824, te_score: 0.694500
time = 6
tr_loss: 0.607208, tr_score: 0.693750
va_loss: 0.561981, va_score: 0.740000
te_loss: 0.602393, te_score: 0.710000

time = 6
tr_loss: 0.558064, tr_score: 0.723750
va_loss: 0.634581, va_score: 0.650000
te_loss: 0.632502, te_score: 0.650000

time = 6
tr_loss: 0.571576, tr_score: 0.712500
va_loss: 0.592139, va_score: 0.690000
te_loss: 0.650364, te_score: 0.650000

time = 6
tr_loss: 0.588301, tr_score: 0.725000
va_loss: 0.575828, va_score: 0.760000
te_loss: 0.626047, te_score: 0.670000

time = 6
tr_loss: 0.594782, tr_score: 0.693750
va_loss: 0.619112, va_score: 0.700000
te_loss: 0.532023, te_score: 0.770000

time = 6
tr_loss: 0.530879, tr_score: 0.751250
va_loss: 0.573030, va_score: 0.720000
te_loss: 0.629329, te_score: 0.680000

time = 6
tr_loss: 0.575429, tr_score: 0.732500
va_loss: 0.669459, va_score: 0.630000
te_loss: 0.609895, te_score: 0.720000

time = 6
tr_loss: 0.598077, tr_score: 0.688750
va_loss: 0.638554, va_score: 0.660000
te_loss: 0.604894, te_score: 0.690000

time = 6
tr_loss: 0.593875, tr_score: 0.693750
va_loss: 0.556617, va_score: 0.760000
te_loss: 0.556291, te_score: 0.720000

time = 6
tr_loss: 0.576827, tr_score: 0.727500
va_loss: 0.578553, va_score: 0.730000
te_loss: 0.608384, te_score: 0.680000

time = 6
tr_loss: 0.580171, tr_score: 0.727500
va_loss: 0.622062, va_score: 0.710000
te_loss: 0.692290, te_score: 0.600000

time = 6
tr_loss: 0.547114, tr_score: 0.735000
va_loss: 0.535736, va_score: 0.770000
te_loss: 0.574629, te_score: 0.710000

time = 6
tr_loss: 0.546043, tr_score: 0.755000
va_loss: 0.532284, va_score: 0.730000
te_loss: 0.635645, te_score: 0.670000

time = 6
tr_loss: 0.594504, tr_score: 0.717500
va_loss: 0.551291, va_score: 0.750000
te_loss: 0.578335, te_score: 0.760000

time = 6
tr_loss: 0.540165, tr_score: 0.736250
va_loss: 0.569461, va_score: 0.720000
te_loss: 0.555090, te_score: 0.710000

time = 6
tr_loss: 0.583679, tr_score: 0.718750
va_loss: 0.616888, va_score: 0.710000
te_loss: 0.566859, te_score: 0.720000

time = 6
tr_loss: 0.557203, tr_score: 0.732500
va_loss: 0.547273, va_score: 0.720000
te_loss: 0.589233, te_score: 0.700000

time = 6
tr_loss: 0.565641, tr_score: 0.702500
va_loss: 0.534056, va_score: 0.740000
te_loss: 0.540377, te_score: 0.730000

time = 6
tr_loss: 0.601534, tr_score: 0.672500
va_loss: 0.628456, va_score: 0.660000
te_loss: 0.643038, te_score: 0.620000

time = 6
tr_loss: 0.598408, tr_score: 0.706250
va_loss: 0.616588, va_score: 0.700000
te_loss: 0.576982, te_score: 0.730000

======================================================
6  Seed:  [7694. 6294. 7622. 3529.   96. 7204. 5217. 3436.  887. 8110. 7803. 3805.
 1114. 2222. 9584. 2008. 1959. 4210.  576. 6097.]
tr_loss: 0.575474, tr_score: 0.717313
va_loss: 0.587698, va_score: 0.712500
te_loss: 0.600230, te_score: 0.694500
time = 7
tr_loss: 0.568654, tr_score: 0.701250
va_loss: 0.567894, va_score: 0.710000
te_loss: 0.561390, te_score: 0.740000

time = 7
tr_loss: 0.600874, tr_score: 0.691250
va_loss: 0.568290, va_score: 0.750000
te_loss: 0.595486, te_score: 0.710000

time = 7
tr_loss: 0.570482, tr_score: 0.690000
va_loss: 0.522261, va_score: 0.760000
te_loss: 0.565183, te_score: 0.660000

time = 7
tr_loss: 0.620835, tr_score: 0.686250
va_loss: 0.590777, va_score: 0.700000
te_loss: 0.569223, te_score: 0.740000

time = 7
tr_loss: 0.596891, tr_score: 0.690000
va_loss: 0.569467, va_score: 0.730000
te_loss: 0.585009, te_score: 0.730000

time = 7
tr_loss: 0.579049, tr_score: 0.720000
va_loss: 0.639054, va_score: 0.640000
te_loss: 0.558725, te_score: 0.740000

time = 7
tr_loss: 0.492067, tr_score: 0.762500
va_loss: 0.491565, va_score: 0.770000
te_loss: 0.445886, te_score: 0.800000

time = 7
tr_loss: 0.579117, tr_score: 0.710000
va_loss: 0.636792, va_score: 0.670000
te_loss: 0.595552, te_score: 0.670000

time = 7
tr_loss: 0.576382, tr_score: 0.711250
va_loss: 0.644566, va_score: 0.680000
te_loss: 0.607530, te_score: 0.670000

time = 7
tr_loss: 0.594242, tr_score: 0.715000
va_loss: 0.598192, va_score: 0.690000
te_loss: 0.584052, te_score: 0.700000

time = 7
tr_loss: 0.572755, tr_score: 0.713750
va_loss: 0.635872, va_score: 0.690000
te_loss: 0.615960, te_score: 0.720000

time = 7
tr_loss: 0.615124, tr_score: 0.700000
va_loss: 0.655335, va_score: 0.630000
te_loss: 0.587470, te_score: 0.780000

time = 7
tr_loss: 0.561980, tr_score: 0.740000
va_loss: 0.746639, va_score: 0.560000
te_loss: 0.630669, te_score: 0.670000

time = 7
tr_loss: 0.568660, tr_score: 0.716250
va_loss: 0.559695, va_score: 0.760000
te_loss: 0.606549, te_score: 0.680000

time = 7
tr_loss: 0.585630, tr_score: 0.708750
va_loss: 0.625126, va_score: 0.660000
te_loss: 0.640078, te_score: 0.620000

time = 7
tr_loss: 0.603854, tr_score: 0.702500
va_loss: 0.648563, va_score: 0.650000
te_loss: 0.583573, te_score: 0.710000

time = 7
tr_loss: 0.530175, tr_score: 0.738750
va_loss: 0.497513, va_score: 0.790000
te_loss: 0.628799, te_score: 0.670000

time = 7
tr_loss: 0.582818, tr_score: 0.701250
va_loss: 0.554141, va_score: 0.750000
te_loss: 0.684689, te_score: 0.630000

time = 7
tr_loss: 0.562767, tr_score: 0.712500
va_loss: 0.562147, va_score: 0.710000
te_loss: 0.548262, te_score: 0.730000

time = 7
tr_loss: 0.566148, tr_score: 0.717500
va_loss: 0.547285, va_score: 0.770000
te_loss: 0.603463, te_score: 0.670000

======================================================
7  Seed:  [ 667. 3641. 1333. 4721. 6871. 9519. 4778.  927. 8338.   13. 3683. 6570.
 1422. 3821. 5722.  599. 3527. 1784. 1921. 2070.]
tr_loss: 0.576425, tr_score: 0.711437
va_loss: 0.593059, va_score: 0.703500
te_loss: 0.589877, te_score: 0.702000
time = 8
tr_loss: 0.617063, tr_score: 0.668750
va_loss: 0.609167, va_score: 0.710000
te_loss: 0.498929, te_score: 0.810000

time = 8
tr_loss: 0.613191, tr_score: 0.711250
va_loss: 0.655795, va_score: 0.600000
te_loss: 0.582361, te_score: 0.770000

time = 8
tr_loss: 0.608121, tr_score: 0.691250
va_loss: 0.609462, va_score: 0.670000
te_loss: 0.604419, te_score: 0.700000

time = 8
tr_loss: 0.584898, tr_score: 0.707500
va_loss: 0.601584, va_score: 0.700000
te_loss: 0.575520, te_score: 0.750000

time = 8
tr_loss: 0.527099, tr_score: 0.743750
va_loss: 0.506024, va_score: 0.750000
te_loss: 0.505605, te_score: 0.750000

time = 8
tr_loss: 0.608473, tr_score: 0.680000
va_loss: 0.688505, va_score: 0.640000
te_loss: 0.632059, te_score: 0.700000

time = 8
tr_loss: 0.535574, tr_score: 0.730000
va_loss: 0.509168, va_score: 0.810000
te_loss: 0.568284, te_score: 0.730000

time = 8
tr_loss: 0.556129, tr_score: 0.715000
va_loss: 0.477360, va_score: 0.760000
te_loss: 0.517570, te_score: 0.760000

time = 8
tr_loss: 0.608923, tr_score: 0.663750
va_loss: 0.643682, va_score: 0.620000
te_loss: 0.554521, te_score: 0.670000

time = 8
tr_loss: 0.611623, tr_score: 0.711250
va_loss: 0.710084, va_score: 0.620000
te_loss: 0.646319, te_score: 0.700000

time = 8
tr_loss: 0.546467, tr_score: 0.747500
va_loss: 0.492732, va_score: 0.760000
te_loss: 0.507078, te_score: 0.740000

time = 8
tr_loss: 0.585051, tr_score: 0.710000
va_loss: 0.523613, va_score: 0.770000
te_loss: 0.602050, te_score: 0.670000

time = 8
tr_loss: 0.594441, tr_score: 0.723750
va_loss: 0.607284, va_score: 0.680000
te_loss: 0.601053, te_score: 0.710000

time = 8
tr_loss: 0.651353, tr_score: 0.686250
va_loss: 0.578347, va_score: 0.800000
te_loss: 0.643405, te_score: 0.710000

time = 8
tr_loss: 0.594476, tr_score: 0.696250
va_loss: 0.567821, va_score: 0.750000
te_loss: 0.572039, te_score: 0.740000

time = 8
tr_loss: 0.567614, tr_score: 0.723750
va_loss: 0.551667, va_score: 0.740000
te_loss: 0.718602, te_score: 0.580000

time = 8
tr_loss: 0.573310, tr_score: 0.707500
va_loss: 0.590078, va_score: 0.710000
te_loss: 0.617874, te_score: 0.660000

time = 8
tr_loss: 0.605614, tr_score: 0.677500
va_loss: 0.603306, va_score: 0.700000
te_loss: 0.641698, te_score: 0.650000

time = 8
tr_loss: 0.547269, tr_score: 0.728750
va_loss: 0.553751, va_score: 0.740000
te_loss: 0.587447, te_score: 0.720000

time = 8
tr_loss: 0.540136, tr_score: 0.726250
va_loss: 0.568681, va_score: 0.720000
te_loss: 0.641259, te_score: 0.660000

======================================================
8  Seed:  [4860. 8426. 6918. 8393. 2977. 1581. 7001.  814. 5947. 4477. 3311. 7270.
 5082. 4712. 7103. 6080. 5821. 8708. 4579. 2324.]
tr_loss: 0.583841, tr_score: 0.707500
va_loss: 0.582406, va_score: 0.712500
te_loss: 0.590905, te_score: 0.709000
time = 9
tr_loss: 0.543781, tr_score: 0.728750
va_loss: 0.537830, va_score: 0.690000
te_loss: 0.539578, te_score: 0.730000

time = 9
tr_loss: 0.541565, tr_score: 0.747500
va_loss: 0.622960, va_score: 0.620000
te_loss: 0.535333, te_score: 0.740000

time = 9
tr_loss: 0.569353, tr_score: 0.711250
va_loss: 0.577992, va_score: 0.700000
te_loss: 0.602908, te_score: 0.690000

time = 9
tr_loss: 0.572530, tr_score: 0.715000
va_loss: 0.587734, va_score: 0.710000
te_loss: 0.606574, te_score: 0.670000

time = 9
tr_loss: 0.586128, tr_score: 0.707500
va_loss: 0.517506, va_score: 0.810000
te_loss: 0.643484, te_score: 0.640000

time = 9
tr_loss: 0.596692, tr_score: 0.713750
va_loss: 0.592537, va_score: 0.720000
te_loss: 0.641211, te_score: 0.680000

time = 9
tr_loss: 0.596928, tr_score: 0.712500
va_loss: 0.543801, va_score: 0.720000
te_loss: 0.564589, te_score: 0.730000

time = 9
tr_loss: 0.552359, tr_score: 0.721250
va_loss: 0.549747, va_score: 0.760000
te_loss: 0.615857, te_score: 0.660000

time = 9
tr_loss: 0.595182, tr_score: 0.641250
va_loss: 0.541102, va_score: 0.700000
te_loss: 0.532188, te_score: 0.640000

time = 9
tr_loss: 0.539157, tr_score: 0.712500
va_loss: 0.621395, va_score: 0.650000
te_loss: 0.549987, te_score: 0.740000

time = 9
tr_loss: 0.576720, tr_score: 0.707500
va_loss: 0.589309, va_score: 0.730000
te_loss: 0.595744, te_score: 0.690000

time = 9
tr_loss: 0.602765, tr_score: 0.690000
va_loss: 0.586645, va_score: 0.750000
te_loss: 0.593825, te_score: 0.740000

time = 9
tr_loss: 0.598352, tr_score: 0.708750
va_loss: 0.609743, va_score: 0.710000
te_loss: 0.528742, te_score: 0.780000

time = 9
tr_loss: 0.572994, tr_score: 0.708750
va_loss: 0.588080, va_score: 0.690000
te_loss: 0.540777, te_score: 0.750000

time = 9
tr_loss: 0.572370, tr_score: 0.717500
va_loss: 0.683605, va_score: 0.610000
te_loss: 0.591875, te_score: 0.680000

time = 9
tr_loss: 0.584454, tr_score: 0.695000
va_loss: 0.583713, va_score: 0.720000
te_loss: 0.564810, te_score: 0.720000

time = 9
tr_loss: 0.549266, tr_score: 0.718750
va_loss: 0.553928, va_score: 0.730000
te_loss: 0.568160, te_score: 0.700000

time = 9
tr_loss: 0.582360, tr_score: 0.696250
va_loss: 0.576253, va_score: 0.710000
te_loss: 0.635931, te_score: 0.670000

time = 9
tr_loss: 0.531062, tr_score: 0.715000
va_loss: 0.509247, va_score: 0.690000
te_loss: 0.548836, te_score: 0.700000

time = 9
tr_loss: 0.620706, tr_score: 0.690000
va_loss: 0.602805, va_score: 0.760000
te_loss: 0.614557, te_score: 0.720000

======================================================
9  Seed:  [9948.  542.  232.  666. 5686. 1955. 6679. 1732. 8003. 9621. 2645. 4622.
 2831. 7236. 6932. 8781. 1798. 9886. 2715. 5559.]
tr_loss: 0.574236, tr_score: 0.707937
va_loss: 0.578797, va_score: 0.709000
te_loss: 0.580748, te_score: 0.703500
time = 10
tr_loss: 0.534055, tr_score: 0.723750
va_loss: 0.514904, va_score: 0.760000
te_loss: 0.486123, te_score: 0.770000

time = 10
tr_loss: 0.595746, tr_score: 0.730000
va_loss: 0.580945, va_score: 0.730000
te_loss: 0.580684, te_score: 0.710000

time = 10
tr_loss: 0.581148, tr_score: 0.701250
va_loss: 0.565095, va_score: 0.750000
te_loss: 0.663190, te_score: 0.640000

time = 10
tr_loss: 0.585924, tr_score: 0.693750
va_loss: 0.524848, va_score: 0.780000
te_loss: 0.532826, te_score: 0.750000

time = 10
tr_loss: 0.604395, tr_score: 0.701250
va_loss: 0.624573, va_score: 0.680000
te_loss: 0.571702, te_score: 0.730000

time = 10
tr_loss: 0.570347, tr_score: 0.707500
va_loss: 0.573621, va_score: 0.740000
te_loss: 0.565598, te_score: 0.730000

time = 10
tr_loss: 0.606573, tr_score: 0.701250
va_loss: 0.542454, va_score: 0.780000
te_loss: 0.566886, te_score: 0.740000

time = 10
tr_loss: 0.637943, tr_score: 0.690000
va_loss: 0.462984, va_score: 0.850000
te_loss: 0.590688, te_score: 0.720000

time = 10
tr_loss: 0.544184, tr_score: 0.736250
va_loss: 0.600541, va_score: 0.650000
te_loss: 0.590400, te_score: 0.670000

time = 10
tr_loss: 0.597416, tr_score: 0.693750
va_loss: 0.566563, va_score: 0.740000
te_loss: 0.588129, te_score: 0.720000

time = 10
tr_loss: 0.515398, tr_score: 0.740000
va_loss: 0.540217, va_score: 0.720000
te_loss: 0.519853, te_score: 0.770000

time = 10
tr_loss: 0.594648, tr_score: 0.712500
va_loss: 0.639450, va_score: 0.670000
te_loss: 0.597674, te_score: 0.690000

time = 10
tr_loss: 0.598827, tr_score: 0.697500
va_loss: 0.597473, va_score: 0.710000
te_loss: 0.604002, te_score: 0.720000

time = 10
tr_loss: 0.627579, tr_score: 0.668750
va_loss: 0.598288, va_score: 0.760000
te_loss: 0.536717, te_score: 0.790000

time = 10
tr_loss: 0.617833, tr_score: 0.696250
va_loss: 0.696521, va_score: 0.620000
te_loss: 0.648138, te_score: 0.680000

time = 10
tr_loss: 0.593757, tr_score: 0.706250
va_loss: 0.576911, va_score: 0.750000
te_loss: 0.546014, te_score: 0.740000

time = 10
tr_loss: 0.563720, tr_score: 0.728750
va_loss: 0.515830, va_score: 0.790000
te_loss: 0.603537, te_score: 0.710000

time = 10
tr_loss: 0.600812, tr_score: 0.705000
va_loss: 0.606758, va_score: 0.680000
te_loss: 0.599388, te_score: 0.720000

time = 10
tr_loss: 0.555711, tr_score: 0.706250
va_loss: 0.530345, va_score: 0.760000
te_loss: 0.584678, te_score: 0.680000

time = 10
tr_loss: 0.571494, tr_score: 0.708750
va_loss: 0.659159, va_score: 0.600000
te_loss: 0.545018, te_score: 0.750000

======================================================
10  Seed:  [9217. 8758. 9318. 9902. 9257. 5433. 4194. 5342. 6064. 1182. 7632. 9724.
 4507. 4141. 7028. 4431.  710. 9505. 6403. 3797.]
tr_loss: 0.584875, tr_score: 0.707438
va_loss: 0.575874, va_score: 0.726000
te_loss: 0.576062, te_score: 0.721500
time = 11
tr_loss: 0.601909, tr_score: 0.698750
va_loss: 0.515246, va_score: 0.810000
te_loss: 0.644897, te_score: 0.640000

time = 11
tr_loss: 0.576704, tr_score: 0.715000
va_loss: 0.598924, va_score: 0.730000
te_loss: 0.710977, te_score: 0.640000

time = 11
tr_loss: 0.580941, tr_score: 0.723750
va_loss: 0.590395, va_score: 0.710000
te_loss: 0.573441, te_score: 0.750000

time = 11
tr_loss: 0.605184, tr_score: 0.698750
va_loss: 0.654071, va_score: 0.660000
te_loss: 0.597961, te_score: 0.730000

time = 11
tr_loss: 0.571479, tr_score: 0.725000
va_loss: 0.671534, va_score: 0.650000
te_loss: 0.578719, te_score: 0.680000

time = 11
tr_loss: 0.560883, tr_score: 0.743750
va_loss: 0.582422, va_score: 0.680000
te_loss: 0.551229, te_score: 0.700000

time = 11
tr_loss: 0.604002, tr_score: 0.713750
va_loss: 0.682045, va_score: 0.630000
te_loss: 0.651364, te_score: 0.660000

time = 11
tr_loss: 0.586637, tr_score: 0.695000
va_loss: 0.491850, va_score: 0.820000
te_loss: 0.610702, te_score: 0.660000

time = 11
tr_loss: 0.590423, tr_score: 0.710000
va_loss: 0.623085, va_score: 0.680000
te_loss: 0.602661, te_score: 0.690000

time = 11
tr_loss: 0.589106, tr_score: 0.710000
va_loss: 0.660458, va_score: 0.670000
te_loss: 0.640369, te_score: 0.670000

time = 11
tr_loss: 0.572058, tr_score: 0.715000
va_loss: 0.573251, va_score: 0.680000
te_loss: 0.513104, te_score: 0.730000

time = 11
tr_loss: 0.609887, tr_score: 0.721250
va_loss: 0.651754, va_score: 0.650000
te_loss: 0.722830, te_score: 0.580000

time = 11
tr_loss: 0.569184, tr_score: 0.713750
va_loss: 0.557578, va_score: 0.710000
te_loss: 0.604891, te_score: 0.660000

time = 11
tr_loss: 0.559247, tr_score: 0.711250
va_loss: 0.540962, va_score: 0.720000
te_loss: 0.628869, te_score: 0.650000

time = 11
tr_loss: 0.562853, tr_score: 0.722500
va_loss: 0.562350, va_score: 0.770000
te_loss: 0.603715, te_score: 0.730000

time = 11
tr_loss: 0.575641, tr_score: 0.703750
va_loss: 0.652380, va_score: 0.620000
te_loss: 0.606000, te_score: 0.720000

time = 11
tr_loss: 0.579854, tr_score: 0.703750
va_loss: 0.575510, va_score: 0.720000
te_loss: 0.578400, te_score: 0.750000

time = 11
tr_loss: 0.581437, tr_score: 0.721250
va_loss: 0.535207, va_score: 0.770000
te_loss: 0.610462, te_score: 0.710000

time = 11
tr_loss: 0.585325, tr_score: 0.711250
va_loss: 0.599730, va_score: 0.720000
te_loss: 0.629405, te_score: 0.640000

time = 11
tr_loss: 0.593448, tr_score: 0.690000
va_loss: 0.527159, va_score: 0.790000
te_loss: 0.619268, te_score: 0.680000

======================================================
11  Seed:  [ 276. 7096. 7576. 7225. 8005. 7496. 1258. 6191. 8489. 5152. 4572. 4247.
 5941. 8136.  978. 3169. 6643. 4121. 8439. 9382.]
tr_loss: 0.582810, tr_score: 0.712375
va_loss: 0.592296, va_score: 0.709500
te_loss: 0.613963, te_score: 0.683500
time = 12
tr_loss: 0.523128, tr_score: 0.731250
va_loss: 0.578800, va_score: 0.750000
te_loss: 0.497232, te_score: 0.800000

time = 12
tr_loss: 0.575372, tr_score: 0.707500
va_loss: 0.632611, va_score: 0.630000
te_loss: 0.537698, te_score: 0.760000

time = 12
tr_loss: 0.586279, tr_score: 0.718750
va_loss: 0.619453, va_score: 0.670000
te_loss: 0.646902, te_score: 0.630000

time = 12
tr_loss: 0.589336, tr_score: 0.712500
va_loss: 0.627657, va_score: 0.670000
te_loss: 0.736378, te_score: 0.600000

time = 12
tr_loss: 0.572046, tr_score: 0.702500
va_loss: 0.583248, va_score: 0.740000
te_loss: 0.623253, te_score: 0.670000

time = 12
tr_loss: 0.572299, tr_score: 0.701250
va_loss: 0.597104, va_score: 0.700000
te_loss: 0.598746, te_score: 0.700000

time = 12
tr_loss: 0.546691, tr_score: 0.733750
va_loss: 0.617916, va_score: 0.650000
te_loss: 0.637714, te_score: 0.650000

time = 12
tr_loss: 0.551995, tr_score: 0.722500
va_loss: 0.636117, va_score: 0.610000
te_loss: 0.576914, te_score: 0.680000

time = 12
tr_loss: 0.569339, tr_score: 0.713750
va_loss: 0.573826, va_score: 0.710000
te_loss: 0.585909, te_score: 0.710000

time = 12
tr_loss: 0.562745, tr_score: 0.711250
va_loss: 0.624542, va_score: 0.680000
te_loss: 0.600404, te_score: 0.670000

time = 12
tr_loss: 0.592340, tr_score: 0.705000
va_loss: 0.595889, va_score: 0.720000
te_loss: 0.637796, te_score: 0.640000

time = 12
tr_loss: 0.583712, tr_score: 0.722500
va_loss: 0.585355, va_score: 0.740000
te_loss: 0.617847, te_score: 0.670000

time = 12
tr_loss: 0.536322, tr_score: 0.722500
va_loss: 0.581789, va_score: 0.700000
te_loss: 0.607998, te_score: 0.670000

time = 12
tr_loss: 0.592087, tr_score: 0.696250
va_loss: 0.553787, va_score: 0.750000
te_loss: 0.573098, te_score: 0.740000

time = 12
tr_loss: 0.609842, tr_score: 0.697500
va_loss: 0.564137, va_score: 0.750000
te_loss: 0.632419, te_score: 0.650000

time = 12
tr_loss: 0.576348, tr_score: 0.711250
va_loss: 0.581908, va_score: 0.710000
te_loss: 0.589702, te_score: 0.710000

time = 12
tr_loss: 0.578939, tr_score: 0.712500
va_loss: 0.644281, va_score: 0.650000
te_loss: 0.574681, te_score: 0.760000

time = 12
tr_loss: 0.578163, tr_score: 0.703750
va_loss: 0.572364, va_score: 0.720000
te_loss: 0.551857, te_score: 0.750000

time = 12
tr_loss: 0.581477, tr_score: 0.705000
va_loss: 0.570570, va_score: 0.720000
te_loss: 0.588384, te_score: 0.710000

time = 12
tr_loss: 0.594631, tr_score: 0.726250
va_loss: 0.626424, va_score: 0.670000
te_loss: 0.603563, te_score: 0.690000

======================================================
12  Seed:  [5995. 5359. 4959. 8841. 2084. 6283. 5803. 5547. 5856. 6466. 1029. 9406.
 1119. 6504. 6270.   89. 4601. 8528. 5236. 3309.]
tr_loss: 0.573655, tr_score: 0.712875
va_loss: 0.598389, va_score: 0.697000
te_loss: 0.600925, te_score: 0.693000
time = 13
tr_loss: 0.581520, tr_score: 0.706250
va_loss: 0.618208, va_score: 0.700000
te_loss: 0.577627, te_score: 0.750000

time = 13
tr_loss: 0.566823, tr_score: 0.712500
va_loss: 0.530084, va_score: 0.740000
te_loss: 0.554127, te_score: 0.730000

time = 13
tr_loss: 0.507382, tr_score: 0.767500
va_loss: 0.469397, va_score: 0.810000
te_loss: 0.694970, te_score: 0.600000

time = 13
tr_loss: 0.617910, tr_score: 0.693750
va_loss: 0.642549, va_score: 0.640000
te_loss: 0.582108, te_score: 0.750000

time = 13
tr_loss: 0.573651, tr_score: 0.720000
va_loss: 0.598077, va_score: 0.710000
te_loss: 0.553699, te_score: 0.750000

time = 13
tr_loss: 0.569137, tr_score: 0.721250
va_loss: 0.655405, va_score: 0.610000
te_loss: 0.630417, te_score: 0.690000

time = 13
tr_loss: 0.531113, tr_score: 0.747500
va_loss: 0.545451, va_score: 0.710000
te_loss: 0.569016, te_score: 0.720000

time = 13
tr_loss: 0.583595, tr_score: 0.718750
va_loss: 0.569656, va_score: 0.730000
te_loss: 0.601221, te_score: 0.690000

time = 13
tr_loss: 0.616599, tr_score: 0.695000
va_loss: 0.585959, va_score: 0.730000
te_loss: 0.561884, te_score: 0.760000

time = 13
tr_loss: 0.557646, tr_score: 0.712500
va_loss: 0.628136, va_score: 0.640000
te_loss: 0.515936, te_score: 0.790000

time = 13
tr_loss: 0.528691, tr_score: 0.738750
va_loss: 0.611379, va_score: 0.660000
te_loss: 0.642530, te_score: 0.690000

time = 13
tr_loss: 0.560969, tr_score: 0.730000
va_loss: 0.580300, va_score: 0.720000
te_loss: 0.600229, te_score: 0.710000

time = 13
tr_loss: 0.597239, tr_score: 0.707500
va_loss: 0.610745, va_score: 0.700000
te_loss: 0.569310, te_score: 0.720000

time = 13
tr_loss: 0.585626, tr_score: 0.695000
va_loss: 0.558593, va_score: 0.740000
te_loss: 0.593830, te_score: 0.730000

time = 13
tr_loss: 0.574654, tr_score: 0.716250
va_loss: 0.555319, va_score: 0.710000
te_loss: 0.526558, te_score: 0.760000

time = 13
tr_loss: 0.545844, tr_score: 0.742500
va_loss: 0.612653, va_score: 0.670000
te_loss: 0.631586, te_score: 0.630000

time = 13
tr_loss: 0.580010, tr_score: 0.720000
va_loss: 0.587802, va_score: 0.720000
te_loss: 0.667358, te_score: 0.650000

time = 13
tr_loss: 0.598052, tr_score: 0.701250
va_loss: 0.518988, va_score: 0.770000
te_loss: 0.583458, te_score: 0.730000

time = 13
tr_loss: 0.559333, tr_score: 0.710000
va_loss: 0.513519, va_score: 0.770000
te_loss: 0.574168, te_score: 0.660000

time = 13
tr_loss: 0.578550, tr_score: 0.692500
va_loss: 0.549770, va_score: 0.760000
te_loss: 0.524012, te_score: 0.760000

======================================================
13  Seed:  [3706. 3756. 2533. 6590. 1761. 5957. 4965. 8699. 1302.  214. 1426. 3422.
 9979.   35. 8073. 6183. 7853. 8174. 4923.  725.]
tr_loss: 0.570717, tr_score: 0.717438
va_loss: 0.577099, va_score: 0.712000
te_loss: 0.587702, te_score: 0.713500
time = 14
tr_loss: 0.569806, tr_score: 0.715000
va_loss: 0.597256, va_score: 0.650000
te_loss: 0.589505, te_score: 0.670000

time = 14
tr_loss: 0.577328, tr_score: 0.706250
va_loss: 0.631740, va_score: 0.690000
te_loss: 0.529540, te_score: 0.730000

time = 14
tr_loss: 0.593175, tr_score: 0.703750
va_loss: 0.553646, va_score: 0.740000
te_loss: 0.597812, te_score: 0.730000

time = 14
tr_loss: 0.591626, tr_score: 0.685000
va_loss: 0.612282, va_score: 0.650000
te_loss: 0.559474, te_score: 0.690000

time = 14
tr_loss: 0.565447, tr_score: 0.722500
va_loss: 0.629748, va_score: 0.680000
te_loss: 0.623242, te_score: 0.700000

time = 14
tr_loss: 0.582962, tr_score: 0.703750
va_loss: 0.576007, va_score: 0.730000
te_loss: 0.643719, te_score: 0.640000

time = 14
tr_loss: 0.564520, tr_score: 0.721250
va_loss: 0.515474, va_score: 0.790000
te_loss: 0.622907, te_score: 0.650000

time = 14
tr_loss: 0.567642, tr_score: 0.707500
va_loss: 0.601786, va_score: 0.690000
te_loss: 0.600242, te_score: 0.680000

time = 14
tr_loss: 0.605461, tr_score: 0.706250
va_loss: 0.589419, va_score: 0.720000
te_loss: 0.581070, te_score: 0.740000

time = 14
tr_loss: 0.543391, tr_score: 0.725000
va_loss: 0.455607, va_score: 0.780000
te_loss: 0.618073, te_score: 0.670000

time = 14
tr_loss: 0.630920, tr_score: 0.688750
va_loss: 0.573590, va_score: 0.760000
te_loss: 0.604179, te_score: 0.730000

time = 14
tr_loss: 0.603160, tr_score: 0.676250
va_loss: 0.598050, va_score: 0.690000
te_loss: 0.593909, te_score: 0.680000

time = 14
tr_loss: 0.590852, tr_score: 0.705000
va_loss: 0.545317, va_score: 0.770000
te_loss: 0.664048, te_score: 0.640000

time = 14
tr_loss: 0.570704, tr_score: 0.707500
va_loss: 0.561629, va_score: 0.750000
te_loss: 0.577012, te_score: 0.700000

time = 14
tr_loss: 0.550432, tr_score: 0.711250
va_loss: 0.605940, va_score: 0.680000
te_loss: 0.558471, te_score: 0.720000

time = 14
tr_loss: 0.610536, tr_score: 0.693750
va_loss: 0.568646, va_score: 0.750000
te_loss: 0.555013, te_score: 0.750000

time = 14
tr_loss: 0.575005, tr_score: 0.705000
va_loss: 0.538383, va_score: 0.750000
te_loss: 0.614775, te_score: 0.640000

time = 14
tr_loss: 0.615877, tr_score: 0.705000
va_loss: 0.665510, va_score: 0.660000
te_loss: 0.646039, te_score: 0.700000

time = 14
tr_loss: 0.582346, tr_score: 0.717500
va_loss: 0.615686, va_score: 0.720000
te_loss: 0.651586, te_score: 0.660000

time = 14
tr_loss: 0.578235, tr_score: 0.720000
va_loss: 0.598122, va_score: 0.710000
te_loss: 0.530775, te_score: 0.760000

======================================================
14  Seed:  [6736. 9332. 4026. 8791. 2185. 8095. 4925. 3877. 8332. 6847. 5871. 5004.
 2796. 4961. 1467. 7787. 3868. 5255. 9307. 9073.]
tr_loss: 0.583471, tr_score: 0.706313
va_loss: 0.581692, va_score: 0.718000
te_loss: 0.598070, te_score: 0.694000
time = 15
tr_loss: 0.536815, tr_score: 0.730000
va_loss: 0.513099, va_score: 0.800000
te_loss: 0.585017, te_score: 0.700000

time = 15
tr_loss: 0.574239, tr_score: 0.682500
va_loss: 0.566467, va_score: 0.690000
te_loss: 0.515569, te_score: 0.720000

time = 15
tr_loss: 0.588718, tr_score: 0.665000
va_loss: 0.614276, va_score: 0.630000
te_loss: 0.650411, te_score: 0.620000

time = 15
tr_loss: 0.595171, tr_score: 0.702500
va_loss: 0.512569, va_score: 0.790000
te_loss: 0.639791, te_score: 0.650000

time = 15
tr_loss: 0.574937, tr_score: 0.718750
va_loss: 0.580923, va_score: 0.730000
te_loss: 0.580538, te_score: 0.720000

time = 15
tr_loss: 0.562287, tr_score: 0.731250
va_loss: 0.569216, va_score: 0.730000
te_loss: 0.609469, te_score: 0.690000

time = 15
tr_loss: 0.541675, tr_score: 0.716250
va_loss: 0.559355, va_score: 0.700000
te_loss: 0.550554, te_score: 0.690000

time = 15
tr_loss: 0.581547, tr_score: 0.715000
va_loss: 0.576572, va_score: 0.730000
te_loss: 0.596374, te_score: 0.700000

time = 15
tr_loss: 0.608031, tr_score: 0.705000
va_loss: 0.576388, va_score: 0.750000
te_loss: 0.573589, te_score: 0.750000

time = 15
tr_loss: 0.569632, tr_score: 0.730000
va_loss: 0.624914, va_score: 0.670000
te_loss: 0.616046, te_score: 0.630000

time = 15
tr_loss: 0.616664, tr_score: 0.693750
va_loss: 0.578705, va_score: 0.740000
te_loss: 0.602919, te_score: 0.710000

time = 15
tr_loss: 0.607917, tr_score: 0.707500
va_loss: 0.593366, va_score: 0.700000
te_loss: 0.621510, te_score: 0.670000

time = 15
tr_loss: 0.543452, tr_score: 0.740000
va_loss: 0.535146, va_score: 0.730000
te_loss: 0.593283, te_score: 0.680000

time = 15
tr_loss: 0.559916, tr_score: 0.715000
va_loss: 0.628806, va_score: 0.680000
te_loss: 0.534273, te_score: 0.720000

time = 15
tr_loss: 0.555097, tr_score: 0.706250
va_loss: 0.578316, va_score: 0.670000
te_loss: 0.578525, te_score: 0.710000

time = 15
tr_loss: 0.622411, tr_score: 0.707500
va_loss: 0.683068, va_score: 0.660000
te_loss: 0.754118, te_score: 0.660000

time = 15
tr_loss: 0.580711, tr_score: 0.703750
va_loss: 0.575781, va_score: 0.750000
te_loss: 0.622511, te_score: 0.680000

time = 15
tr_loss: 0.572230, tr_score: 0.728750
va_loss: 0.625642, va_score: 0.700000
te_loss: 0.685186, te_score: 0.630000

time = 15
tr_loss: 0.581589, tr_score: 0.705000
va_loss: 0.565709, va_score: 0.740000
te_loss: 0.580340, te_score: 0.740000

time = 15
tr_loss: 0.505207, tr_score: 0.760000
va_loss: 0.517437, va_score: 0.730000
te_loss: 0.485400, te_score: 0.760000

======================================================
15  Seed:  [ 879. 4612.  287.  491. 3659. 8251. 7507. 1140. 3507. 4318. 9716. 8900.
 3870. 2555. 7340. 8792.  757. 6674. 3143.  691.]
tr_loss: 0.573912, tr_score: 0.713187
va_loss: 0.578788, va_score: 0.716000
te_loss: 0.598771, te_score: 0.691500
time = 16
tr_loss: 0.541821, tr_score: 0.721250
va_loss: 0.533790, va_score: 0.730000
te_loss: 0.591559, te_score: 0.670000

time = 16
tr_loss: 0.572496, tr_score: 0.715000
va_loss: 0.554495, va_score: 0.710000
te_loss: 0.669576, te_score: 0.640000

time = 16
tr_loss: 0.600659, tr_score: 0.708750
va_loss: 0.579172, va_score: 0.750000
te_loss: 0.619868, te_score: 0.670000

time = 16
tr_loss: 0.587684, tr_score: 0.703750
va_loss: 0.612705, va_score: 0.690000
te_loss: 0.590489, te_score: 0.700000

time = 16
tr_loss: 0.594346, tr_score: 0.698750
va_loss: 0.562995, va_score: 0.740000
te_loss: 0.586117, te_score: 0.700000

time = 16
tr_loss: 0.549934, tr_score: 0.738750
va_loss: 0.591511, va_score: 0.700000
te_loss: 0.667785, te_score: 0.640000

time = 16
tr_loss: 0.618222, tr_score: 0.698750
va_loss: 0.579889, va_score: 0.730000
te_loss: 0.576084, te_score: 0.740000

time = 16
tr_loss: 0.572815, tr_score: 0.727500
va_loss: 0.639265, va_score: 0.690000
te_loss: 0.624265, te_score: 0.710000

time = 16
tr_loss: 0.568782, tr_score: 0.702500
va_loss: 0.569686, va_score: 0.750000
te_loss: 0.545161, te_score: 0.770000

time = 16
tr_loss: 0.601488, tr_score: 0.708750
va_loss: 0.666056, va_score: 0.660000
te_loss: 0.674886, te_score: 0.670000

time = 16
tr_loss: 0.575445, tr_score: 0.713750
va_loss: 0.578357, va_score: 0.730000
te_loss: 0.605530, te_score: 0.700000

time = 16
tr_loss: 0.557889, tr_score: 0.716250
va_loss: 0.602653, va_score: 0.680000
te_loss: 0.609988, te_score: 0.680000

time = 16
tr_loss: 0.511254, tr_score: 0.741250
va_loss: 0.558155, va_score: 0.720000
te_loss: 0.478622, te_score: 0.770000

time = 16
tr_loss: 0.603700, tr_score: 0.701250
va_loss: 0.541751, va_score: 0.760000
te_loss: 0.538573, te_score: 0.780000

time = 16
tr_loss: 0.588907, tr_score: 0.690000
va_loss: 0.542366, va_score: 0.770000
te_loss: 0.571374, te_score: 0.750000

time = 16
tr_loss: 0.568895, tr_score: 0.736250
va_loss: 0.660301, va_score: 0.640000
te_loss: 0.631056, te_score: 0.680000

time = 16
tr_loss: 0.541552, tr_score: 0.755000
va_loss: 0.532666, va_score: 0.760000
te_loss: 0.547088, te_score: 0.750000

time = 16
tr_loss: 0.605864, tr_score: 0.712500
va_loss: 0.638301, va_score: 0.670000
te_loss: 0.632275, te_score: 0.680000

time = 16
tr_loss: 0.619147, tr_score: 0.688750
va_loss: 0.529515, va_score: 0.780000
te_loss: 0.610384, te_score: 0.710000

time = 16
tr_loss: 0.603475, tr_score: 0.703750
va_loss: 0.557091, va_score: 0.680000
te_loss: 0.600331, te_score: 0.760000

======================================================
16  Seed:  [9082. 6878.  978. 6918.   35. 3547.  812. 1562. 5243. 8191. 5330. 4602.
 2929. 4830.  303. 9956. 3156. 7475. 4637.  734.]
tr_loss: 0.579219, tr_score: 0.714125
va_loss: 0.581536, va_score: 0.717000
te_loss: 0.598551, te_score: 0.708500
time = 17
tr_loss: 0.569680, tr_score: 0.721250
va_loss: 0.609243, va_score: 0.690000
te_loss: 0.594256, te_score: 0.670000

time = 17
tr_loss: 0.555974, tr_score: 0.718750
va_loss: 0.580006, va_score: 0.690000
te_loss: 0.601201, te_score: 0.680000

time = 17
tr_loss: 0.583114, tr_score: 0.708750
va_loss: 0.694394, va_score: 0.650000
te_loss: 0.585302, te_score: 0.700000

time = 17
tr_loss: 0.650128, tr_score: 0.707500
va_loss: 0.741638, va_score: 0.640000
te_loss: 0.669766, te_score: 0.680000

time = 17
tr_loss: 0.566683, tr_score: 0.698750
va_loss: 0.534645, va_score: 0.750000
te_loss: 0.551260, te_score: 0.730000

time = 17
tr_loss: 0.611451, tr_score: 0.707500
va_loss: 0.637721, va_score: 0.690000
te_loss: 0.640379, te_score: 0.670000

time = 17
tr_loss: 0.570248, tr_score: 0.738750
va_loss: 0.671279, va_score: 0.650000
te_loss: 0.604168, te_score: 0.690000

time = 17
tr_loss: 0.574647, tr_score: 0.723750
va_loss: 0.623889, va_score: 0.680000
te_loss: 0.673086, te_score: 0.670000

time = 17
tr_loss: 0.535115, tr_score: 0.728750
va_loss: 0.567396, va_score: 0.700000
te_loss: 0.491101, te_score: 0.760000

time = 17
tr_loss: 0.556857, tr_score: 0.727500
va_loss: 0.584020, va_score: 0.730000
te_loss: 0.642894, te_score: 0.620000

time = 17
tr_loss: 0.593366, tr_score: 0.718750
va_loss: 0.637976, va_score: 0.700000
te_loss: 0.643368, te_score: 0.650000

time = 17
tr_loss: 0.597048, tr_score: 0.707500
va_loss: 0.627813, va_score: 0.700000
te_loss: 0.647453, te_score: 0.690000

time = 17
tr_loss: 0.601826, tr_score: 0.691250
va_loss: 0.580130, va_score: 0.750000
te_loss: 0.545900, te_score: 0.730000

time = 17
tr_loss: 0.608244, tr_score: 0.697500
va_loss: 0.583826, va_score: 0.730000
te_loss: 0.558448, te_score: 0.750000

time = 17
tr_loss: 0.578885, tr_score: 0.695000
va_loss: 0.647076, va_score: 0.620000
te_loss: 0.618190, te_score: 0.670000

time = 17
tr_loss: 0.533006, tr_score: 0.733750
va_loss: 0.527800, va_score: 0.760000
te_loss: 0.566726, te_score: 0.700000

time = 17
tr_loss: 0.571775, tr_score: 0.735000
va_loss: 0.689570, va_score: 0.620000
te_loss: 0.564076, te_score: 0.790000

time = 17
tr_loss: 0.553365, tr_score: 0.707500
va_loss: 0.539507, va_score: 0.700000
te_loss: 0.550450, te_score: 0.720000

time = 17
tr_loss: 0.596912, tr_score: 0.715000
va_loss: 0.555571, va_score: 0.750000
te_loss: 0.640408, te_score: 0.680000

time = 17
tr_loss: 0.602016, tr_score: 0.713750
va_loss: 0.612533, va_score: 0.700000
te_loss: 0.627720, te_score: 0.680000

======================================================
17  Seed:  [9997. 6891. 7283.  296. 4194.  627. 9187. 9699.  412. 3964. 5059. 1882.
 6859. 7098. 9012. 6459. 3018. 8410. 9321. 1260.]
tr_loss: 0.580517, tr_score: 0.714812
va_loss: 0.612302, va_score: 0.695000
te_loss: 0.600808, te_score: 0.696500
time = 18
tr_loss: 0.603045, tr_score: 0.698750
va_loss: 0.586133, va_score: 0.690000
te_loss: 0.580385, te_score: 0.720000

time = 18
tr_loss: 0.534932, tr_score: 0.717500
va_loss: 0.528112, va_score: 0.690000
te_loss: 0.521184, te_score: 0.730000

time = 18
tr_loss: 0.577906, tr_score: 0.718750
va_loss: 0.539514, va_score: 0.740000
te_loss: 0.626163, te_score: 0.710000

time = 18
tr_loss: 0.593737, tr_score: 0.697500
va_loss: 0.620984, va_score: 0.710000
te_loss: 0.576826, te_score: 0.720000

time = 18
tr_loss: 0.569491, tr_score: 0.722500
va_loss: 0.662053, va_score: 0.670000
te_loss: 0.509105, te_score: 0.740000

time = 18
tr_loss: 0.570840, tr_score: 0.705000
va_loss: 0.562433, va_score: 0.720000
te_loss: 0.531618, te_score: 0.750000

time = 18
tr_loss: 0.583122, tr_score: 0.707500
va_loss: 0.647535, va_score: 0.600000
te_loss: 0.558709, te_score: 0.740000

time = 18
tr_loss: 0.602348, tr_score: 0.718750
va_loss: 0.597652, va_score: 0.710000
te_loss: 0.698925, te_score: 0.590000

time = 18
tr_loss: 0.597642, tr_score: 0.701250
va_loss: 0.531534, va_score: 0.750000
te_loss: 0.574024, te_score: 0.700000

time = 18
tr_loss: 0.598562, tr_score: 0.717500
va_loss: 0.643796, va_score: 0.690000
te_loss: 0.610096, te_score: 0.690000

time = 18
tr_loss: 0.598676, tr_score: 0.700000
va_loss: 0.630449, va_score: 0.660000
te_loss: 0.588419, te_score: 0.720000

time = 18
tr_loss: 0.633454, tr_score: 0.701250
va_loss: 0.620357, va_score: 0.650000
te_loss: 0.645922, te_score: 0.690000

time = 18
tr_loss: 0.580193, tr_score: 0.702500
va_loss: 0.615467, va_score: 0.690000
te_loss: 0.599668, te_score: 0.690000

time = 18
tr_loss: 0.540184, tr_score: 0.722500
va_loss: 0.530322, va_score: 0.730000
te_loss: 0.494846, te_score: 0.760000

time = 18
tr_loss: 0.571397, tr_score: 0.700000
va_loss: 0.565625, va_score: 0.720000
te_loss: 0.509184, te_score: 0.770000

time = 18
tr_loss: 0.619062, tr_score: 0.686250
va_loss: 0.569598, va_score: 0.750000
te_loss: 0.568950, te_score: 0.760000

time = 18
tr_loss: 0.596477, tr_score: 0.712500
va_loss: 0.616144, va_score: 0.690000
te_loss: 0.575099, te_score: 0.740000

time = 18
tr_loss: 0.575172, tr_score: 0.707500
va_loss: 0.554550, va_score: 0.730000
te_loss: 0.635877, te_score: 0.670000

time = 18
tr_loss: 0.565493, tr_score: 0.720000
va_loss: 0.563370, va_score: 0.740000
te_loss: 0.601077, te_score: 0.660000

time = 18
tr_loss: 0.591020, tr_score: 0.711250
va_loss: 0.538931, va_score: 0.760000
te_loss: 0.595860, te_score: 0.710000

======================================================
18  Seed:  [ 873. 4207. 9606. 9170. 6333. 9407. 8590.  438. 6112. 2282. 5826. 4132.
 5788. 3773.  899. 1544. 7119. 3120. 1138. 3253.]
tr_loss: 0.585138, tr_score: 0.708437
va_loss: 0.586228, va_score: 0.704500
te_loss: 0.580097, te_score: 0.713000
time = 19
tr_loss: 0.590211, tr_score: 0.711250
va_loss: 0.637106, va_score: 0.660000
te_loss: 0.643180, te_score: 0.650000

time = 19
tr_loss: 0.588220, tr_score: 0.720000
va_loss: 0.564864, va_score: 0.720000
te_loss: 0.645329, te_score: 0.640000

time = 19
tr_loss: 0.565695, tr_score: 0.720000
va_loss: 0.523811, va_score: 0.780000
te_loss: 0.606722, te_score: 0.760000

time = 19
tr_loss: 0.537819, tr_score: 0.722500
va_loss: 0.560369, va_score: 0.670000
te_loss: 0.564012, te_score: 0.730000

time = 19
tr_loss: 0.568437, tr_score: 0.735000
va_loss: 0.566792, va_score: 0.720000
te_loss: 0.521926, te_score: 0.750000

time = 19
tr_loss: 0.578652, tr_score: 0.725000
va_loss: 0.605617, va_score: 0.720000
te_loss: 0.626232, te_score: 0.690000

time = 19
tr_loss: 0.583637, tr_score: 0.715000
va_loss: 0.528702, va_score: 0.770000
te_loss: 0.594194, te_score: 0.730000

time = 19
tr_loss: 0.601278, tr_score: 0.712500
va_loss: 0.657189, va_score: 0.660000
te_loss: 0.634225, te_score: 0.670000

time = 19
tr_loss: 0.589844, tr_score: 0.702500
va_loss: 0.592897, va_score: 0.710000
te_loss: 0.543072, te_score: 0.740000

time = 19
tr_loss: 0.538892, tr_score: 0.732500
va_loss: 0.612187, va_score: 0.710000
te_loss: 0.626398, te_score: 0.670000

time = 19
tr_loss: 0.595457, tr_score: 0.711250
va_loss: 0.573068, va_score: 0.700000
te_loss: 0.597226, te_score: 0.730000

time = 19
tr_loss: 0.558983, tr_score: 0.723750
va_loss: 0.566945, va_score: 0.730000
te_loss: 0.576478, te_score: 0.710000

time = 19
tr_loss: 0.607320, tr_score: 0.721250
va_loss: 0.651274, va_score: 0.670000
te_loss: 0.674059, te_score: 0.630000

time = 19
tr_loss: 0.603251, tr_score: 0.695000
va_loss: 0.577819, va_score: 0.710000
te_loss: 0.550387, te_score: 0.730000

time = 19
tr_loss: 0.577781, tr_score: 0.702500
va_loss: 0.594975, va_score: 0.680000
te_loss: 0.506514, te_score: 0.770000

time = 19
tr_loss: 0.554263, tr_score: 0.718750
va_loss: 0.473567, va_score: 0.800000
te_loss: 0.521996, te_score: 0.750000

time = 19
tr_loss: 0.576243, tr_score: 0.726250
va_loss: 0.609159, va_score: 0.670000
te_loss: 0.592215, te_score: 0.710000

time = 19
tr_loss: 0.591923, tr_score: 0.701250
va_loss: 0.610488, va_score: 0.680000
te_loss: 0.549029, te_score: 0.710000

time = 19
tr_loss: 0.573824, tr_score: 0.712500
va_loss: 0.532279, va_score: 0.730000
te_loss: 0.576173, te_score: 0.700000

time = 19
tr_loss: 0.549670, tr_score: 0.720000
va_loss: 0.583168, va_score: 0.660000
te_loss: 0.553108, te_score: 0.790000

======================================================
19  Seed:  [3709. 6253. 7969. 4492. 4878.  212. 2129. 7387.  610. 9877. 6936. 8416.
 1824. 6324. 9841. 5493. 7619. 7977.  518. 1963.]
tr_loss: 0.576570, tr_score: 0.716438
va_loss: 0.581114, va_score: 0.707500
te_loss: 0.585124, te_score: 0.713000
time = 20
tr_loss: 0.510261, tr_score: 0.765000
va_loss: 0.525422, va_score: 0.790000
te_loss: 0.526174, te_score: 0.740000

time = 20
tr_loss: 0.578458, tr_score: 0.696250
va_loss: 0.565739, va_score: 0.730000
te_loss: 0.546336, te_score: 0.710000

time = 20
tr_loss: 0.525851, tr_score: 0.746250
va_loss: 0.522544, va_score: 0.750000
te_loss: 0.543721, te_score: 0.710000

time = 20
tr_loss: 0.611580, tr_score: 0.683750
va_loss: 0.619971, va_score: 0.680000
te_loss: 0.538509, te_score: 0.790000

time = 20
tr_loss: 0.595471, tr_score: 0.726250
va_loss: 0.677759, va_score: 0.640000
te_loss: 0.609846, te_score: 0.700000

time = 20
tr_loss: 0.616190, tr_score: 0.696250
va_loss: 0.573678, va_score: 0.740000
te_loss: 0.609996, te_score: 0.700000

time = 20
tr_loss: 0.580924, tr_score: 0.697500
va_loss: 0.544712, va_score: 0.770000
te_loss: 0.572685, te_score: 0.700000

time = 20
tr_loss: 0.563158, tr_score: 0.722500
va_loss: 0.638957, va_score: 0.660000
te_loss: 0.541020, te_score: 0.730000

time = 20
tr_loss: 0.593057, tr_score: 0.655000
va_loss: 0.582363, va_score: 0.640000
te_loss: 0.538635, te_score: 0.720000

time = 20
tr_loss: 0.595626, tr_score: 0.698750
va_loss: 0.503312, va_score: 0.800000
te_loss: 0.548651, te_score: 0.740000

time = 20
tr_loss: 0.566215, tr_score: 0.727500
va_loss: 0.586861, va_score: 0.710000
te_loss: 0.579868, te_score: 0.720000

time = 20
tr_loss: 0.587239, tr_score: 0.705000
va_loss: 0.590270, va_score: 0.700000
te_loss: 0.543791, te_score: 0.760000

time = 20
tr_loss: 0.524298, tr_score: 0.750000
va_loss: 0.524572, va_score: 0.750000
te_loss: 0.624751, te_score: 0.700000

time = 20
tr_loss: 0.551164, tr_score: 0.713750
va_loss: 0.561694, va_score: 0.690000
te_loss: 0.529303, te_score: 0.760000

time = 20
tr_loss: 0.604270, tr_score: 0.701250
va_loss: 0.600830, va_score: 0.710000
te_loss: 0.607601, te_score: 0.680000

time = 20
tr_loss: 0.597811, tr_score: 0.713750
va_loss: 0.644826, va_score: 0.660000
te_loss: 0.597832, te_score: 0.720000

time = 20
tr_loss: 0.572209, tr_score: 0.706250
va_loss: 0.543180, va_score: 0.750000
te_loss: 0.544953, te_score: 0.750000

time = 20
tr_loss: 0.541608, tr_score: 0.735000
va_loss: 0.525904, va_score: 0.770000
te_loss: 0.586693, te_score: 0.710000

time = 20
tr_loss: 0.594332, tr_score: 0.700000
va_loss: 0.559445, va_score: 0.750000
te_loss: 0.593070, te_score: 0.710000

time = 20
tr_loss: 0.549694, tr_score: 0.733750
va_loss: 0.605697, va_score: 0.670000
te_loss: 0.568893, te_score: 0.720000

======================================================
20  Seed:  [8890. 5137. 6638. 5364. 3035. 4210. 5798. 9783. 7946.  146. 8127. 1556.
 1338. 7812. 5900. 6230. 6141. 6234. 5455. 7649.]
tr_loss: 0.572971, tr_score: 0.713688
va_loss: 0.574887, va_score: 0.718000
te_loss: 0.567616, te_score: 0.723500


mid seed:  [6469. 3301. 7178. 4323. 9525.  454. 7215. 4562. 5178. 3971. 9338. 3960.
 2970. 9630. 2254.  396. 4264. 8949. 7913. 1289.]
mid test scores 0.7044999999999999
